[2024-05-03T12:01:19.047-0500] {processor.py:161} INFO - Started process (PID=42493) to work on /Users/paulamedina/airflow_env/lib/python3.12/site-packages/airflow/example_dags/example_branch_operator.py
[2024-05-03T12:01:19.048-0500] {processor.py:830} INFO - Processing file /Users/paulamedina/airflow_env/lib/python3.12/site-packages/airflow/example_dags/example_branch_operator.py for tasks to queue
[2024-05-03T12:01:19.049-0500] {logging_mixin.py:188} INFO - [2024-05-03T12:01:19.048-0500] {dagbag.py:540} INFO - Filling up the DagBag from /Users/paulamedina/airflow_env/lib/python3.12/site-packages/airflow/example_dags/example_branch_operator.py
[2024-05-03T12:01:19.066-0500] {processor.py:842} WARNING - No viable dags retrieved from /Users/paulamedina/airflow_env/lib/python3.12/site-packages/airflow/example_dags/example_branch_operator.py
[2024-05-03T12:01:19.127-0500] {processor.py:183} INFO - Processing /Users/paulamedina/airflow_env/lib/python3.12/site-packages/airflow/example_dags/example_branch_operator.py took 0.081 seconds
[2024-05-03T12:04:52.688-0500] {processor.py:161} INFO - Started process (PID=46238) to work on /Users/paulamedina/airflow_env/lib/python3.12/site-packages/airflow/example_dags/example_branch_operator.py
[2024-05-03T12:04:52.689-0500] {processor.py:830} INFO - Processing file /Users/paulamedina/airflow_env/lib/python3.12/site-packages/airflow/example_dags/example_branch_operator.py for tasks to queue
[2024-05-03T12:04:52.690-0500] {logging_mixin.py:188} INFO - [2024-05-03T12:04:52.690-0500] {dagbag.py:540} INFO - Filling up the DagBag from /Users/paulamedina/airflow_env/lib/python3.12/site-packages/airflow/example_dags/example_branch_operator.py
[2024-05-03T12:04:52.711-0500] {processor.py:842} WARNING - No viable dags retrieved from /Users/paulamedina/airflow_env/lib/python3.12/site-packages/airflow/example_dags/example_branch_operator.py
[2024-05-03T12:04:52.779-0500] {processor.py:183} INFO - Processing /Users/paulamedina/airflow_env/lib/python3.12/site-packages/airflow/example_dags/example_branch_operator.py took 0.094 seconds
[2024-05-03T12:08:20.031-0500] {processor.py:161} INFO - Started process (PID=49896) to work on /Users/paulamedina/airflow_env/lib/python3.12/site-packages/airflow/example_dags/example_branch_operator.py
[2024-05-03T12:08:20.032-0500] {processor.py:830} INFO - Processing file /Users/paulamedina/airflow_env/lib/python3.12/site-packages/airflow/example_dags/example_branch_operator.py for tasks to queue
[2024-05-03T12:08:20.033-0500] {logging_mixin.py:188} INFO - [2024-05-03T12:08:20.032-0500] {dagbag.py:540} INFO - Filling up the DagBag from /Users/paulamedina/airflow_env/lib/python3.12/site-packages/airflow/example_dags/example_branch_operator.py
[2024-05-03T12:08:20.052-0500] {processor.py:842} WARNING - No viable dags retrieved from /Users/paulamedina/airflow_env/lib/python3.12/site-packages/airflow/example_dags/example_branch_operator.py
[2024-05-03T12:08:20.121-0500] {processor.py:183} INFO - Processing /Users/paulamedina/airflow_env/lib/python3.12/site-packages/airflow/example_dags/example_branch_operator.py took 0.092 seconds
[2024-05-03T12:11:43.813-0500] {processor.py:161} INFO - Started process (PID=53276) to work on /Users/paulamedina/airflow_env/lib/python3.12/site-packages/airflow/example_dags/example_branch_operator.py
[2024-05-03T12:11:43.813-0500] {processor.py:830} INFO - Processing file /Users/paulamedina/airflow_env/lib/python3.12/site-packages/airflow/example_dags/example_branch_operator.py for tasks to queue
[2024-05-03T12:11:43.814-0500] {logging_mixin.py:188} INFO - [2024-05-03T12:11:43.814-0500] {dagbag.py:540} INFO - Filling up the DagBag from /Users/paulamedina/airflow_env/lib/python3.12/site-packages/airflow/example_dags/example_branch_operator.py
[2024-05-03T12:11:43.830-0500] {processor.py:842} WARNING - No viable dags retrieved from /Users/paulamedina/airflow_env/lib/python3.12/site-packages/airflow/example_dags/example_branch_operator.py
[2024-05-03T12:11:43.893-0500] {processor.py:183} INFO - Processing /Users/paulamedina/airflow_env/lib/python3.12/site-packages/airflow/example_dags/example_branch_operator.py took 0.083 seconds
[2024-05-03T12:15:09.628-0500] {processor.py:161} INFO - Started process (PID=56694) to work on /Users/paulamedina/airflow_env/lib/python3.12/site-packages/airflow/example_dags/example_branch_operator.py
[2024-05-03T12:15:09.629-0500] {processor.py:830} INFO - Processing file /Users/paulamedina/airflow_env/lib/python3.12/site-packages/airflow/example_dags/example_branch_operator.py for tasks to queue
[2024-05-03T12:15:09.630-0500] {logging_mixin.py:188} INFO - [2024-05-03T12:15:09.630-0500] {dagbag.py:540} INFO - Filling up the DagBag from /Users/paulamedina/airflow_env/lib/python3.12/site-packages/airflow/example_dags/example_branch_operator.py
[2024-05-03T12:15:09.646-0500] {processor.py:842} WARNING - No viable dags retrieved from /Users/paulamedina/airflow_env/lib/python3.12/site-packages/airflow/example_dags/example_branch_operator.py
[2024-05-03T12:15:09.708-0500] {processor.py:183} INFO - Processing /Users/paulamedina/airflow_env/lib/python3.12/site-packages/airflow/example_dags/example_branch_operator.py took 0.081 seconds
[2024-05-03T12:18:39.208-0500] {processor.py:161} INFO - Started process (PID=60276) to work on /Users/paulamedina/airflow_env/lib/python3.12/site-packages/airflow/example_dags/example_branch_operator.py
[2024-05-03T12:18:39.209-0500] {processor.py:830} INFO - Processing file /Users/paulamedina/airflow_env/lib/python3.12/site-packages/airflow/example_dags/example_branch_operator.py for tasks to queue
[2024-05-03T12:18:39.210-0500] {logging_mixin.py:188} INFO - [2024-05-03T12:18:39.209-0500] {dagbag.py:540} INFO - Filling up the DagBag from /Users/paulamedina/airflow_env/lib/python3.12/site-packages/airflow/example_dags/example_branch_operator.py
[2024-05-03T12:18:39.226-0500] {processor.py:842} WARNING - No viable dags retrieved from /Users/paulamedina/airflow_env/lib/python3.12/site-packages/airflow/example_dags/example_branch_operator.py
[2024-05-03T12:18:39.287-0500] {processor.py:183} INFO - Processing /Users/paulamedina/airflow_env/lib/python3.12/site-packages/airflow/example_dags/example_branch_operator.py took 0.080 seconds
[2024-05-03T12:22:06.623-0500] {processor.py:161} INFO - Started process (PID=63706) to work on /Users/paulamedina/airflow_env/lib/python3.12/site-packages/airflow/example_dags/example_branch_operator.py
[2024-05-03T12:22:06.624-0500] {processor.py:830} INFO - Processing file /Users/paulamedina/airflow_env/lib/python3.12/site-packages/airflow/example_dags/example_branch_operator.py for tasks to queue
[2024-05-03T12:22:06.624-0500] {logging_mixin.py:188} INFO - [2024-05-03T12:22:06.624-0500] {dagbag.py:540} INFO - Filling up the DagBag from /Users/paulamedina/airflow_env/lib/python3.12/site-packages/airflow/example_dags/example_branch_operator.py
[2024-05-03T12:22:06.642-0500] {processor.py:842} WARNING - No viable dags retrieved from /Users/paulamedina/airflow_env/lib/python3.12/site-packages/airflow/example_dags/example_branch_operator.py
[2024-05-03T12:22:06.707-0500] {processor.py:183} INFO - Processing /Users/paulamedina/airflow_env/lib/python3.12/site-packages/airflow/example_dags/example_branch_operator.py took 0.085 seconds
[2024-05-03T12:25:39.257-0500] {processor.py:161} INFO - Started process (PID=67231) to work on /Users/paulamedina/airflow_env/lib/python3.12/site-packages/airflow/example_dags/example_branch_operator.py
[2024-05-03T12:25:39.258-0500] {processor.py:830} INFO - Processing file /Users/paulamedina/airflow_env/lib/python3.12/site-packages/airflow/example_dags/example_branch_operator.py for tasks to queue
[2024-05-03T12:25:39.258-0500] {logging_mixin.py:188} INFO - [2024-05-03T12:25:39.258-0500] {dagbag.py:540} INFO - Filling up the DagBag from /Users/paulamedina/airflow_env/lib/python3.12/site-packages/airflow/example_dags/example_branch_operator.py
[2024-05-03T12:25:39.279-0500] {processor.py:842} WARNING - No viable dags retrieved from /Users/paulamedina/airflow_env/lib/python3.12/site-packages/airflow/example_dags/example_branch_operator.py
[2024-05-03T12:25:39.349-0500] {processor.py:183} INFO - Processing /Users/paulamedina/airflow_env/lib/python3.12/site-packages/airflow/example_dags/example_branch_operator.py took 0.095 seconds
[2024-05-03T12:29:12.518-0500] {processor.py:161} INFO - Started process (PID=70751) to work on /Users/paulamedina/airflow_env/lib/python3.12/site-packages/airflow/example_dags/example_branch_operator.py
[2024-05-03T12:29:12.519-0500] {processor.py:830} INFO - Processing file /Users/paulamedina/airflow_env/lib/python3.12/site-packages/airflow/example_dags/example_branch_operator.py for tasks to queue
[2024-05-03T12:29:12.520-0500] {logging_mixin.py:188} INFO - [2024-05-03T12:29:12.520-0500] {dagbag.py:540} INFO - Filling up the DagBag from /Users/paulamedina/airflow_env/lib/python3.12/site-packages/airflow/example_dags/example_branch_operator.py
[2024-05-03T12:29:12.537-0500] {processor.py:842} WARNING - No viable dags retrieved from /Users/paulamedina/airflow_env/lib/python3.12/site-packages/airflow/example_dags/example_branch_operator.py
[2024-05-03T12:29:12.598-0500] {processor.py:183} INFO - Processing /Users/paulamedina/airflow_env/lib/python3.12/site-packages/airflow/example_dags/example_branch_operator.py took 0.081 seconds
[2024-05-03T12:32:44.075-0500] {processor.py:161} INFO - Started process (PID=74296) to work on /Users/paulamedina/airflow_env/lib/python3.12/site-packages/airflow/example_dags/example_branch_operator.py
[2024-05-03T12:32:44.076-0500] {processor.py:830} INFO - Processing file /Users/paulamedina/airflow_env/lib/python3.12/site-packages/airflow/example_dags/example_branch_operator.py for tasks to queue
[2024-05-03T12:32:44.076-0500] {logging_mixin.py:188} INFO - [2024-05-03T12:32:44.076-0500] {dagbag.py:540} INFO - Filling up the DagBag from /Users/paulamedina/airflow_env/lib/python3.12/site-packages/airflow/example_dags/example_branch_operator.py
[2024-05-03T12:32:44.094-0500] {processor.py:842} WARNING - No viable dags retrieved from /Users/paulamedina/airflow_env/lib/python3.12/site-packages/airflow/example_dags/example_branch_operator.py
[2024-05-03T12:32:44.156-0500] {processor.py:183} INFO - Processing /Users/paulamedina/airflow_env/lib/python3.12/site-packages/airflow/example_dags/example_branch_operator.py took 0.083 seconds
[2024-05-03T12:36:15.479-0500] {processor.py:161} INFO - Started process (PID=77788) to work on /Users/paulamedina/airflow_env/lib/python3.12/site-packages/airflow/example_dags/example_branch_operator.py
[2024-05-03T12:36:15.480-0500] {processor.py:830} INFO - Processing file /Users/paulamedina/airflow_env/lib/python3.12/site-packages/airflow/example_dags/example_branch_operator.py for tasks to queue
[2024-05-03T12:36:15.480-0500] {logging_mixin.py:188} INFO - [2024-05-03T12:36:15.480-0500] {dagbag.py:540} INFO - Filling up the DagBag from /Users/paulamedina/airflow_env/lib/python3.12/site-packages/airflow/example_dags/example_branch_operator.py
[2024-05-03T12:36:15.500-0500] {processor.py:842} WARNING - No viable dags retrieved from /Users/paulamedina/airflow_env/lib/python3.12/site-packages/airflow/example_dags/example_branch_operator.py
[2024-05-03T12:36:15.569-0500] {processor.py:183} INFO - Processing /Users/paulamedina/airflow_env/lib/python3.12/site-packages/airflow/example_dags/example_branch_operator.py took 0.092 seconds
[2024-05-03T12:39:41.614-0500] {processor.py:161} INFO - Started process (PID=81308) to work on /Users/paulamedina/airflow_env/lib/python3.12/site-packages/airflow/example_dags/example_branch_operator.py
[2024-05-03T12:39:41.615-0500] {processor.py:830} INFO - Processing file /Users/paulamedina/airflow_env/lib/python3.12/site-packages/airflow/example_dags/example_branch_operator.py for tasks to queue
[2024-05-03T12:39:41.616-0500] {logging_mixin.py:188} INFO - [2024-05-03T12:39:41.616-0500] {dagbag.py:540} INFO - Filling up the DagBag from /Users/paulamedina/airflow_env/lib/python3.12/site-packages/airflow/example_dags/example_branch_operator.py
[2024-05-03T12:39:41.636-0500] {processor.py:842} WARNING - No viable dags retrieved from /Users/paulamedina/airflow_env/lib/python3.12/site-packages/airflow/example_dags/example_branch_operator.py
[2024-05-03T12:39:41.707-0500] {processor.py:183} INFO - Processing /Users/paulamedina/airflow_env/lib/python3.12/site-packages/airflow/example_dags/example_branch_operator.py took 0.095 seconds
[2024-05-03T12:43:19.095-0500] {processor.py:161} INFO - Started process (PID=84979) to work on /Users/paulamedina/airflow_env/lib/python3.12/site-packages/airflow/example_dags/example_branch_operator.py
[2024-05-03T12:43:19.096-0500] {processor.py:830} INFO - Processing file /Users/paulamedina/airflow_env/lib/python3.12/site-packages/airflow/example_dags/example_branch_operator.py for tasks to queue
[2024-05-03T12:43:19.097-0500] {logging_mixin.py:188} INFO - [2024-05-03T12:43:19.096-0500] {dagbag.py:540} INFO - Filling up the DagBag from /Users/paulamedina/airflow_env/lib/python3.12/site-packages/airflow/example_dags/example_branch_operator.py
[2024-05-03T12:43:19.124-0500] {processor.py:842} WARNING - No viable dags retrieved from /Users/paulamedina/airflow_env/lib/python3.12/site-packages/airflow/example_dags/example_branch_operator.py
[2024-05-03T12:43:19.218-0500] {processor.py:183} INFO - Processing /Users/paulamedina/airflow_env/lib/python3.12/site-packages/airflow/example_dags/example_branch_operator.py took 0.126 seconds
[2024-05-03T12:46:54.065-0500] {processor.py:161} INFO - Started process (PID=88575) to work on /Users/paulamedina/airflow_env/lib/python3.12/site-packages/airflow/example_dags/example_branch_operator.py
[2024-05-03T12:46:54.066-0500] {processor.py:830} INFO - Processing file /Users/paulamedina/airflow_env/lib/python3.12/site-packages/airflow/example_dags/example_branch_operator.py for tasks to queue
[2024-05-03T12:46:54.067-0500] {logging_mixin.py:188} INFO - [2024-05-03T12:46:54.067-0500] {dagbag.py:540} INFO - Filling up the DagBag from /Users/paulamedina/airflow_env/lib/python3.12/site-packages/airflow/example_dags/example_branch_operator.py
[2024-05-03T12:46:54.087-0500] {processor.py:842} WARNING - No viable dags retrieved from /Users/paulamedina/airflow_env/lib/python3.12/site-packages/airflow/example_dags/example_branch_operator.py
[2024-05-03T12:46:54.157-0500] {processor.py:183} INFO - Processing /Users/paulamedina/airflow_env/lib/python3.12/site-packages/airflow/example_dags/example_branch_operator.py took 0.094 seconds
[2024-05-03T12:50:23.006-0500] {processor.py:161} INFO - Started process (PID=92036) to work on /Users/paulamedina/airflow_env/lib/python3.12/site-packages/airflow/example_dags/example_branch_operator.py
[2024-05-03T12:50:23.007-0500] {processor.py:830} INFO - Processing file /Users/paulamedina/airflow_env/lib/python3.12/site-packages/airflow/example_dags/example_branch_operator.py for tasks to queue
[2024-05-03T12:50:23.008-0500] {logging_mixin.py:188} INFO - [2024-05-03T12:50:23.008-0500] {dagbag.py:540} INFO - Filling up the DagBag from /Users/paulamedina/airflow_env/lib/python3.12/site-packages/airflow/example_dags/example_branch_operator.py
[2024-05-03T12:50:23.027-0500] {processor.py:842} WARNING - No viable dags retrieved from /Users/paulamedina/airflow_env/lib/python3.12/site-packages/airflow/example_dags/example_branch_operator.py
[2024-05-03T12:50:23.097-0500] {processor.py:183} INFO - Processing /Users/paulamedina/airflow_env/lib/python3.12/site-packages/airflow/example_dags/example_branch_operator.py took 0.093 seconds
[2024-05-03T12:53:54.130-0500] {processor.py:161} INFO - Started process (PID=95528) to work on /Users/paulamedina/airflow_env/lib/python3.12/site-packages/airflow/example_dags/example_branch_operator.py
[2024-05-03T12:53:54.131-0500] {processor.py:830} INFO - Processing file /Users/paulamedina/airflow_env/lib/python3.12/site-packages/airflow/example_dags/example_branch_operator.py for tasks to queue
[2024-05-03T12:53:54.131-0500] {logging_mixin.py:188} INFO - [2024-05-03T12:53:54.131-0500] {dagbag.py:540} INFO - Filling up the DagBag from /Users/paulamedina/airflow_env/lib/python3.12/site-packages/airflow/example_dags/example_branch_operator.py
[2024-05-03T12:53:54.152-0500] {processor.py:842} WARNING - No viable dags retrieved from /Users/paulamedina/airflow_env/lib/python3.12/site-packages/airflow/example_dags/example_branch_operator.py
[2024-05-03T12:53:54.226-0500] {processor.py:183} INFO - Processing /Users/paulamedina/airflow_env/lib/python3.12/site-packages/airflow/example_dags/example_branch_operator.py took 0.098 seconds
[2024-05-03T12:57:28.867-0500] {processor.py:161} INFO - Started process (PID=99180) to work on /Users/paulamedina/airflow_env/lib/python3.12/site-packages/airflow/example_dags/example_branch_operator.py
[2024-05-03T12:57:28.868-0500] {processor.py:830} INFO - Processing file /Users/paulamedina/airflow_env/lib/python3.12/site-packages/airflow/example_dags/example_branch_operator.py for tasks to queue
[2024-05-03T12:57:28.869-0500] {logging_mixin.py:188} INFO - [2024-05-03T12:57:28.869-0500] {dagbag.py:540} INFO - Filling up the DagBag from /Users/paulamedina/airflow_env/lib/python3.12/site-packages/airflow/example_dags/example_branch_operator.py
[2024-05-03T12:57:28.888-0500] {processor.py:842} WARNING - No viable dags retrieved from /Users/paulamedina/airflow_env/lib/python3.12/site-packages/airflow/example_dags/example_branch_operator.py
[2024-05-03T12:57:28.959-0500] {processor.py:183} INFO - Processing /Users/paulamedina/airflow_env/lib/python3.12/site-packages/airflow/example_dags/example_branch_operator.py took 0.094 seconds
[2024-05-03T13:00:57.028-0500] {processor.py:161} INFO - Started process (PID=3210) to work on /Users/paulamedina/airflow_env/lib/python3.12/site-packages/airflow/example_dags/example_branch_operator.py
[2024-05-03T13:00:57.029-0500] {processor.py:830} INFO - Processing file /Users/paulamedina/airflow_env/lib/python3.12/site-packages/airflow/example_dags/example_branch_operator.py for tasks to queue
[2024-05-03T13:00:57.030-0500] {logging_mixin.py:188} INFO - [2024-05-03T13:00:57.029-0500] {dagbag.py:540} INFO - Filling up the DagBag from /Users/paulamedina/airflow_env/lib/python3.12/site-packages/airflow/example_dags/example_branch_operator.py
[2024-05-03T13:00:57.051-0500] {processor.py:842} WARNING - No viable dags retrieved from /Users/paulamedina/airflow_env/lib/python3.12/site-packages/airflow/example_dags/example_branch_operator.py
[2024-05-03T13:00:57.128-0500] {processor.py:183} INFO - Processing /Users/paulamedina/airflow_env/lib/python3.12/site-packages/airflow/example_dags/example_branch_operator.py took 0.102 seconds
[2024-05-03T13:04:25.830-0500] {processor.py:161} INFO - Started process (PID=6729) to work on /Users/paulamedina/airflow_env/lib/python3.12/site-packages/airflow/example_dags/example_branch_operator.py
[2024-05-03T13:04:25.831-0500] {processor.py:830} INFO - Processing file /Users/paulamedina/airflow_env/lib/python3.12/site-packages/airflow/example_dags/example_branch_operator.py for tasks to queue
[2024-05-03T13:04:25.831-0500] {logging_mixin.py:188} INFO - [2024-05-03T13:04:25.831-0500] {dagbag.py:540} INFO - Filling up the DagBag from /Users/paulamedina/airflow_env/lib/python3.12/site-packages/airflow/example_dags/example_branch_operator.py
[2024-05-03T13:04:25.851-0500] {processor.py:842} WARNING - No viable dags retrieved from /Users/paulamedina/airflow_env/lib/python3.12/site-packages/airflow/example_dags/example_branch_operator.py
[2024-05-03T13:04:25.920-0500] {processor.py:183} INFO - Processing /Users/paulamedina/airflow_env/lib/python3.12/site-packages/airflow/example_dags/example_branch_operator.py took 0.093 seconds
[2024-05-03T13:07:59.075-0500] {processor.py:161} INFO - Started process (PID=10274) to work on /Users/paulamedina/airflow_env/lib/python3.12/site-packages/airflow/example_dags/example_branch_operator.py
[2024-05-03T13:07:59.076-0500] {processor.py:830} INFO - Processing file /Users/paulamedina/airflow_env/lib/python3.12/site-packages/airflow/example_dags/example_branch_operator.py for tasks to queue
[2024-05-03T13:07:59.077-0500] {logging_mixin.py:188} INFO - [2024-05-03T13:07:59.076-0500] {dagbag.py:540} INFO - Filling up the DagBag from /Users/paulamedina/airflow_env/lib/python3.12/site-packages/airflow/example_dags/example_branch_operator.py
[2024-05-03T13:07:59.096-0500] {processor.py:842} WARNING - No viable dags retrieved from /Users/paulamedina/airflow_env/lib/python3.12/site-packages/airflow/example_dags/example_branch_operator.py
[2024-05-03T13:07:59.166-0500] {processor.py:183} INFO - Processing /Users/paulamedina/airflow_env/lib/python3.12/site-packages/airflow/example_dags/example_branch_operator.py took 0.093 seconds
[2024-05-03T13:11:53.230-0500] {processor.py:161} INFO - Started process (PID=14418) to work on /Users/paulamedina/airflow_env/lib/python3.12/site-packages/airflow/example_dags/example_branch_operator.py
[2024-05-03T13:11:53.231-0500] {processor.py:830} INFO - Processing file /Users/paulamedina/airflow_env/lib/python3.12/site-packages/airflow/example_dags/example_branch_operator.py for tasks to queue
[2024-05-03T13:11:53.232-0500] {logging_mixin.py:188} INFO - [2024-05-03T13:11:53.231-0500] {dagbag.py:540} INFO - Filling up the DagBag from /Users/paulamedina/airflow_env/lib/python3.12/site-packages/airflow/example_dags/example_branch_operator.py
[2024-05-03T13:11:53.252-0500] {processor.py:842} WARNING - No viable dags retrieved from /Users/paulamedina/airflow_env/lib/python3.12/site-packages/airflow/example_dags/example_branch_operator.py
[2024-05-03T13:11:53.324-0500] {processor.py:183} INFO - Processing /Users/paulamedina/airflow_env/lib/python3.12/site-packages/airflow/example_dags/example_branch_operator.py took 0.096 seconds
[2024-05-03T13:20:38.848-0500] {processor.py:161} INFO - Started process (PID=22630) to work on /Users/paulamedina/airflow_env/lib/python3.12/site-packages/airflow/example_dags/example_branch_operator.py
[2024-05-03T13:20:38.850-0500] {processor.py:830} INFO - Processing file /Users/paulamedina/airflow_env/lib/python3.12/site-packages/airflow/example_dags/example_branch_operator.py for tasks to queue
[2024-05-03T13:20:38.852-0500] {logging_mixin.py:188} INFO - [2024-05-03T13:20:38.852-0500] {dagbag.py:540} INFO - Filling up the DagBag from /Users/paulamedina/airflow_env/lib/python3.12/site-packages/airflow/example_dags/example_branch_operator.py
[2024-05-03T13:20:38.907-0500] {processor.py:842} WARNING - No viable dags retrieved from /Users/paulamedina/airflow_env/lib/python3.12/site-packages/airflow/example_dags/example_branch_operator.py
[2024-05-03T13:20:39.101-0500] {processor.py:183} INFO - Processing /Users/paulamedina/airflow_env/lib/python3.12/site-packages/airflow/example_dags/example_branch_operator.py took 0.260 seconds
[2024-05-03T13:26:28.808-0500] {processor.py:161} INFO - Started process (PID=28175) to work on /Users/paulamedina/airflow_env/lib/python3.12/site-packages/airflow/example_dags/example_branch_operator.py
[2024-05-03T13:26:28.811-0500] {processor.py:830} INFO - Processing file /Users/paulamedina/airflow_env/lib/python3.12/site-packages/airflow/example_dags/example_branch_operator.py for tasks to queue
[2024-05-03T13:26:28.813-0500] {logging_mixin.py:188} INFO - [2024-05-03T13:26:28.812-0500] {dagbag.py:540} INFO - Filling up the DagBag from /Users/paulamedina/airflow_env/lib/python3.12/site-packages/airflow/example_dags/example_branch_operator.py
[2024-05-03T13:26:28.873-0500] {processor.py:842} WARNING - No viable dags retrieved from /Users/paulamedina/airflow_env/lib/python3.12/site-packages/airflow/example_dags/example_branch_operator.py
[2024-05-03T13:26:29.125-0500] {processor.py:183} INFO - Processing /Users/paulamedina/airflow_env/lib/python3.12/site-packages/airflow/example_dags/example_branch_operator.py took 0.325 seconds
[2024-05-03T13:39:49.657-0500] {processor.py:161} INFO - Started process (PID=39608) to work on /Users/paulamedina/airflow_env/lib/python3.12/site-packages/airflow/example_dags/example_branch_operator.py
[2024-05-03T13:39:49.661-0500] {processor.py:830} INFO - Processing file /Users/paulamedina/airflow_env/lib/python3.12/site-packages/airflow/example_dags/example_branch_operator.py for tasks to queue
[2024-05-03T13:39:49.664-0500] {logging_mixin.py:188} INFO - [2024-05-03T13:39:49.663-0500] {dagbag.py:540} INFO - Filling up the DagBag from /Users/paulamedina/airflow_env/lib/python3.12/site-packages/airflow/example_dags/example_branch_operator.py
[2024-05-03T13:39:49.783-0500] {processor.py:842} WARNING - No viable dags retrieved from /Users/paulamedina/airflow_env/lib/python3.12/site-packages/airflow/example_dags/example_branch_operator.py
[2024-05-03T13:39:50.229-0500] {processor.py:183} INFO - Processing /Users/paulamedina/airflow_env/lib/python3.12/site-packages/airflow/example_dags/example_branch_operator.py took 0.584 seconds
[2024-05-03T13:49:29.111-0500] {processor.py:161} INFO - Started process (PID=48602) to work on /Users/paulamedina/airflow_env/lib/python3.12/site-packages/airflow/example_dags/example_branch_operator.py
[2024-05-03T13:49:29.113-0500] {processor.py:830} INFO - Processing file /Users/paulamedina/airflow_env/lib/python3.12/site-packages/airflow/example_dags/example_branch_operator.py for tasks to queue
[2024-05-03T13:49:29.114-0500] {logging_mixin.py:188} INFO - [2024-05-03T13:49:29.114-0500] {dagbag.py:540} INFO - Filling up the DagBag from /Users/paulamedina/airflow_env/lib/python3.12/site-packages/airflow/example_dags/example_branch_operator.py
[2024-05-03T13:49:29.135-0500] {processor.py:842} WARNING - No viable dags retrieved from /Users/paulamedina/airflow_env/lib/python3.12/site-packages/airflow/example_dags/example_branch_operator.py
[2024-05-03T13:49:29.206-0500] {processor.py:183} INFO - Processing /Users/paulamedina/airflow_env/lib/python3.12/site-packages/airflow/example_dags/example_branch_operator.py took 0.097 seconds
[2024-05-03T13:53:10.750-0500] {processor.py:161} INFO - Started process (PID=52581) to work on /Users/paulamedina/airflow_env/lib/python3.12/site-packages/airflow/example_dags/example_branch_operator.py
[2024-05-03T13:53:10.751-0500] {processor.py:830} INFO - Processing file /Users/paulamedina/airflow_env/lib/python3.12/site-packages/airflow/example_dags/example_branch_operator.py for tasks to queue
[2024-05-03T13:53:10.752-0500] {logging_mixin.py:188} INFO - [2024-05-03T13:53:10.751-0500] {dagbag.py:540} INFO - Filling up the DagBag from /Users/paulamedina/airflow_env/lib/python3.12/site-packages/airflow/example_dags/example_branch_operator.py
[2024-05-03T13:53:10.772-0500] {processor.py:842} WARNING - No viable dags retrieved from /Users/paulamedina/airflow_env/lib/python3.12/site-packages/airflow/example_dags/example_branch_operator.py
[2024-05-03T13:53:10.846-0500] {processor.py:183} INFO - Processing /Users/paulamedina/airflow_env/lib/python3.12/site-packages/airflow/example_dags/example_branch_operator.py took 0.098 seconds
[2024-05-03T13:56:53.807-0500] {processor.py:161} INFO - Started process (PID=56502) to work on /Users/paulamedina/airflow_env/lib/python3.12/site-packages/airflow/example_dags/example_branch_operator.py
[2024-05-03T13:56:53.807-0500] {processor.py:830} INFO - Processing file /Users/paulamedina/airflow_env/lib/python3.12/site-packages/airflow/example_dags/example_branch_operator.py for tasks to queue
[2024-05-03T13:56:53.808-0500] {logging_mixin.py:188} INFO - [2024-05-03T13:56:53.808-0500] {dagbag.py:540} INFO - Filling up the DagBag from /Users/paulamedina/airflow_env/lib/python3.12/site-packages/airflow/example_dags/example_branch_operator.py
[2024-05-03T13:56:53.828-0500] {processor.py:842} WARNING - No viable dags retrieved from /Users/paulamedina/airflow_env/lib/python3.12/site-packages/airflow/example_dags/example_branch_operator.py
[2024-05-03T13:56:53.903-0500] {processor.py:183} INFO - Processing /Users/paulamedina/airflow_env/lib/python3.12/site-packages/airflow/example_dags/example_branch_operator.py took 0.099 seconds
[2024-05-03T14:01:53.177-0500] {processor.py:161} INFO - Started process (PID=61254) to work on /Users/paulamedina/airflow_env/lib/python3.12/site-packages/airflow/example_dags/example_branch_operator.py
[2024-05-03T14:01:53.179-0500] {processor.py:830} INFO - Processing file /Users/paulamedina/airflow_env/lib/python3.12/site-packages/airflow/example_dags/example_branch_operator.py for tasks to queue
[2024-05-03T14:01:53.180-0500] {logging_mixin.py:188} INFO - [2024-05-03T14:01:53.180-0500] {dagbag.py:540} INFO - Filling up the DagBag from /Users/paulamedina/airflow_env/lib/python3.12/site-packages/airflow/example_dags/example_branch_operator.py
[2024-05-03T14:01:53.228-0500] {processor.py:842} WARNING - No viable dags retrieved from /Users/paulamedina/airflow_env/lib/python3.12/site-packages/airflow/example_dags/example_branch_operator.py
[2024-05-03T14:01:53.402-0500] {processor.py:183} INFO - Processing /Users/paulamedina/airflow_env/lib/python3.12/site-packages/airflow/example_dags/example_branch_operator.py took 0.231 seconds
[2024-05-03T14:07:07.210-0500] {processor.py:161} INFO - Started process (PID=66800) to work on /Users/paulamedina/airflow_env/lib/python3.12/site-packages/airflow/example_dags/example_branch_operator.py
[2024-05-03T14:07:07.211-0500] {processor.py:830} INFO - Processing file /Users/paulamedina/airflow_env/lib/python3.12/site-packages/airflow/example_dags/example_branch_operator.py for tasks to queue
[2024-05-03T14:07:07.212-0500] {logging_mixin.py:188} INFO - [2024-05-03T14:07:07.211-0500] {dagbag.py:540} INFO - Filling up the DagBag from /Users/paulamedina/airflow_env/lib/python3.12/site-packages/airflow/example_dags/example_branch_operator.py
[2024-05-03T14:07:07.238-0500] {processor.py:842} WARNING - No viable dags retrieved from /Users/paulamedina/airflow_env/lib/python3.12/site-packages/airflow/example_dags/example_branch_operator.py
[2024-05-03T14:07:07.335-0500] {processor.py:183} INFO - Processing /Users/paulamedina/airflow_env/lib/python3.12/site-packages/airflow/example_dags/example_branch_operator.py took 0.128 seconds
[2024-05-03T14:11:34.212-0500] {processor.py:161} INFO - Started process (PID=71434) to work on /Users/paulamedina/airflow_env/lib/python3.12/site-packages/airflow/example_dags/example_branch_operator.py
[2024-05-03T14:11:34.213-0500] {processor.py:830} INFO - Processing file /Users/paulamedina/airflow_env/lib/python3.12/site-packages/airflow/example_dags/example_branch_operator.py for tasks to queue
[2024-05-03T14:11:34.214-0500] {logging_mixin.py:188} INFO - [2024-05-03T14:11:34.214-0500] {dagbag.py:540} INFO - Filling up the DagBag from /Users/paulamedina/airflow_env/lib/python3.12/site-packages/airflow/example_dags/example_branch_operator.py
[2024-05-03T14:11:34.239-0500] {processor.py:842} WARNING - No viable dags retrieved from /Users/paulamedina/airflow_env/lib/python3.12/site-packages/airflow/example_dags/example_branch_operator.py
[2024-05-03T14:11:34.326-0500] {processor.py:183} INFO - Processing /Users/paulamedina/airflow_env/lib/python3.12/site-packages/airflow/example_dags/example_branch_operator.py took 0.117 seconds
[2024-05-03T14:15:47.908-0500] {processor.py:161} INFO - Started process (PID=75885) to work on /Users/paulamedina/airflow_env/lib/python3.12/site-packages/airflow/example_dags/example_branch_operator.py
[2024-05-03T14:15:47.910-0500] {processor.py:830} INFO - Processing file /Users/paulamedina/airflow_env/lib/python3.12/site-packages/airflow/example_dags/example_branch_operator.py for tasks to queue
[2024-05-03T14:15:47.911-0500] {logging_mixin.py:188} INFO - [2024-05-03T14:15:47.911-0500] {dagbag.py:540} INFO - Filling up the DagBag from /Users/paulamedina/airflow_env/lib/python3.12/site-packages/airflow/example_dags/example_branch_operator.py
[2024-05-03T14:15:47.942-0500] {processor.py:842} WARNING - No viable dags retrieved from /Users/paulamedina/airflow_env/lib/python3.12/site-packages/airflow/example_dags/example_branch_operator.py
[2024-05-03T14:15:48.054-0500] {processor.py:183} INFO - Processing /Users/paulamedina/airflow_env/lib/python3.12/site-packages/airflow/example_dags/example_branch_operator.py took 0.149 seconds
[2024-05-03T14:20:09.326-0500] {processor.py:161} INFO - Started process (PID=80452) to work on /Users/paulamedina/airflow_env/lib/python3.12/site-packages/airflow/example_dags/example_branch_operator.py
[2024-05-03T14:20:09.328-0500] {processor.py:830} INFO - Processing file /Users/paulamedina/airflow_env/lib/python3.12/site-packages/airflow/example_dags/example_branch_operator.py for tasks to queue
[2024-05-03T14:20:09.329-0500] {logging_mixin.py:188} INFO - [2024-05-03T14:20:09.329-0500] {dagbag.py:540} INFO - Filling up the DagBag from /Users/paulamedina/airflow_env/lib/python3.12/site-packages/airflow/example_dags/example_branch_operator.py
[2024-05-03T14:20:09.365-0500] {processor.py:842} WARNING - No viable dags retrieved from /Users/paulamedina/airflow_env/lib/python3.12/site-packages/airflow/example_dags/example_branch_operator.py
[2024-05-03T14:20:09.476-0500] {processor.py:183} INFO - Processing /Users/paulamedina/airflow_env/lib/python3.12/site-packages/airflow/example_dags/example_branch_operator.py took 0.153 seconds
[2024-05-03T14:23:54.211-0500] {processor.py:161} INFO - Started process (PID=84409) to work on /Users/paulamedina/airflow_env/lib/python3.12/site-packages/airflow/example_dags/example_branch_operator.py
[2024-05-03T14:23:54.212-0500] {processor.py:830} INFO - Processing file /Users/paulamedina/airflow_env/lib/python3.12/site-packages/airflow/example_dags/example_branch_operator.py for tasks to queue
[2024-05-03T14:23:54.212-0500] {logging_mixin.py:188} INFO - [2024-05-03T14:23:54.212-0500] {dagbag.py:540} INFO - Filling up the DagBag from /Users/paulamedina/airflow_env/lib/python3.12/site-packages/airflow/example_dags/example_branch_operator.py
[2024-05-03T14:23:54.229-0500] {processor.py:842} WARNING - No viable dags retrieved from /Users/paulamedina/airflow_env/lib/python3.12/site-packages/airflow/example_dags/example_branch_operator.py
[2024-05-03T14:23:54.289-0500] {processor.py:183} INFO - Processing /Users/paulamedina/airflow_env/lib/python3.12/site-packages/airflow/example_dags/example_branch_operator.py took 0.080 seconds
[2024-05-03T14:27:06.873-0500] {processor.py:161} INFO - Started process (PID=87854) to work on /Users/paulamedina/airflow_env/lib/python3.12/site-packages/airflow/example_dags/example_branch_operator.py
[2024-05-03T14:27:06.874-0500] {processor.py:830} INFO - Processing file /Users/paulamedina/airflow_env/lib/python3.12/site-packages/airflow/example_dags/example_branch_operator.py for tasks to queue
[2024-05-03T14:27:06.874-0500] {logging_mixin.py:188} INFO - [2024-05-03T14:27:06.874-0500] {dagbag.py:540} INFO - Filling up the DagBag from /Users/paulamedina/airflow_env/lib/python3.12/site-packages/airflow/example_dags/example_branch_operator.py
[2024-05-03T14:27:06.893-0500] {processor.py:842} WARNING - No viable dags retrieved from /Users/paulamedina/airflow_env/lib/python3.12/site-packages/airflow/example_dags/example_branch_operator.py
[2024-05-03T14:27:06.963-0500] {processor.py:183} INFO - Processing /Users/paulamedina/airflow_env/lib/python3.12/site-packages/airflow/example_dags/example_branch_operator.py took 0.092 seconds
[2024-05-03T14:30:26.656-0500] {processor.py:161} INFO - Started process (PID=91198) to work on /Users/paulamedina/airflow_env/lib/python3.12/site-packages/airflow/example_dags/example_branch_operator.py
[2024-05-03T14:30:26.657-0500] {processor.py:830} INFO - Processing file /Users/paulamedina/airflow_env/lib/python3.12/site-packages/airflow/example_dags/example_branch_operator.py for tasks to queue
[2024-05-03T14:30:26.657-0500] {logging_mixin.py:188} INFO - [2024-05-03T14:30:26.657-0500] {dagbag.py:540} INFO - Filling up the DagBag from /Users/paulamedina/airflow_env/lib/python3.12/site-packages/airflow/example_dags/example_branch_operator.py
[2024-05-03T14:30:26.681-0500] {processor.py:842} WARNING - No viable dags retrieved from /Users/paulamedina/airflow_env/lib/python3.12/site-packages/airflow/example_dags/example_branch_operator.py
[2024-05-03T14:30:26.769-0500] {processor.py:183} INFO - Processing /Users/paulamedina/airflow_env/lib/python3.12/site-packages/airflow/example_dags/example_branch_operator.py took 0.116 seconds
[2024-05-03T14:33:52.310-0500] {processor.py:161} INFO - Started process (PID=94601) to work on /Users/paulamedina/airflow_env/lib/python3.12/site-packages/airflow/example_dags/example_branch_operator.py
[2024-05-03T14:33:52.311-0500] {processor.py:830} INFO - Processing file /Users/paulamedina/airflow_env/lib/python3.12/site-packages/airflow/example_dags/example_branch_operator.py for tasks to queue
[2024-05-03T14:33:52.311-0500] {logging_mixin.py:188} INFO - [2024-05-03T14:33:52.311-0500] {dagbag.py:540} INFO - Filling up the DagBag from /Users/paulamedina/airflow_env/lib/python3.12/site-packages/airflow/example_dags/example_branch_operator.py
[2024-05-03T14:33:52.328-0500] {processor.py:842} WARNING - No viable dags retrieved from /Users/paulamedina/airflow_env/lib/python3.12/site-packages/airflow/example_dags/example_branch_operator.py
[2024-05-03T14:33:52.388-0500] {processor.py:183} INFO - Processing /Users/paulamedina/airflow_env/lib/python3.12/site-packages/airflow/example_dags/example_branch_operator.py took 0.080 seconds
[2024-05-03T14:37:09.064-0500] {processor.py:161} INFO - Started process (PID=97870) to work on /Users/paulamedina/airflow_env/lib/python3.12/site-packages/airflow/example_dags/example_branch_operator.py
[2024-05-03T14:37:09.065-0500] {processor.py:830} INFO - Processing file /Users/paulamedina/airflow_env/lib/python3.12/site-packages/airflow/example_dags/example_branch_operator.py for tasks to queue
[2024-05-03T14:37:09.066-0500] {logging_mixin.py:188} INFO - [2024-05-03T14:37:09.065-0500] {dagbag.py:540} INFO - Filling up the DagBag from /Users/paulamedina/airflow_env/lib/python3.12/site-packages/airflow/example_dags/example_branch_operator.py
[2024-05-03T14:37:09.086-0500] {processor.py:842} WARNING - No viable dags retrieved from /Users/paulamedina/airflow_env/lib/python3.12/site-packages/airflow/example_dags/example_branch_operator.py
[2024-05-03T14:37:09.156-0500] {processor.py:183} INFO - Processing /Users/paulamedina/airflow_env/lib/python3.12/site-packages/airflow/example_dags/example_branch_operator.py took 0.094 seconds
[2024-05-03T14:40:33.415-0500] {processor.py:161} INFO - Started process (PID=1818) to work on /Users/paulamedina/airflow_env/lib/python3.12/site-packages/airflow/example_dags/example_branch_operator.py
[2024-05-03T14:40:33.416-0500] {processor.py:830} INFO - Processing file /Users/paulamedina/airflow_env/lib/python3.12/site-packages/airflow/example_dags/example_branch_operator.py for tasks to queue
[2024-05-03T14:40:33.416-0500] {logging_mixin.py:188} INFO - [2024-05-03T14:40:33.416-0500] {dagbag.py:540} INFO - Filling up the DagBag from /Users/paulamedina/airflow_env/lib/python3.12/site-packages/airflow/example_dags/example_branch_operator.py
[2024-05-03T14:40:33.436-0500] {processor.py:842} WARNING - No viable dags retrieved from /Users/paulamedina/airflow_env/lib/python3.12/site-packages/airflow/example_dags/example_branch_operator.py
[2024-05-03T14:40:33.504-0500] {processor.py:183} INFO - Processing /Users/paulamedina/airflow_env/lib/python3.12/site-packages/airflow/example_dags/example_branch_operator.py took 0.091 seconds
[2024-05-03T14:44:04.594-0500] {processor.py:161} INFO - Started process (PID=5393) to work on /Users/paulamedina/airflow_env/lib/python3.12/site-packages/airflow/example_dags/example_branch_operator.py
[2024-05-03T14:44:04.596-0500] {processor.py:830} INFO - Processing file /Users/paulamedina/airflow_env/lib/python3.12/site-packages/airflow/example_dags/example_branch_operator.py for tasks to queue
[2024-05-03T14:44:04.597-0500] {logging_mixin.py:188} INFO - [2024-05-03T14:44:04.597-0500] {dagbag.py:540} INFO - Filling up the DagBag from /Users/paulamedina/airflow_env/lib/python3.12/site-packages/airflow/example_dags/example_branch_operator.py
[2024-05-03T14:44:04.618-0500] {processor.py:842} WARNING - No viable dags retrieved from /Users/paulamedina/airflow_env/lib/python3.12/site-packages/airflow/example_dags/example_branch_operator.py
[2024-05-03T14:44:04.694-0500] {processor.py:183} INFO - Processing /Users/paulamedina/airflow_env/lib/python3.12/site-packages/airflow/example_dags/example_branch_operator.py took 0.101 seconds
[2024-05-03T14:47:28.728-0500] {processor.py:161} INFO - Started process (PID=8891) to work on /Users/paulamedina/airflow_env/lib/python3.12/site-packages/airflow/example_dags/example_branch_operator.py
[2024-05-03T14:47:28.730-0500] {processor.py:830} INFO - Processing file /Users/paulamedina/airflow_env/lib/python3.12/site-packages/airflow/example_dags/example_branch_operator.py for tasks to queue
[2024-05-03T14:47:28.731-0500] {logging_mixin.py:188} INFO - [2024-05-03T14:47:28.730-0500] {dagbag.py:540} INFO - Filling up the DagBag from /Users/paulamedina/airflow_env/lib/python3.12/site-packages/airflow/example_dags/example_branch_operator.py
[2024-05-03T14:47:28.752-0500] {processor.py:842} WARNING - No viable dags retrieved from /Users/paulamedina/airflow_env/lib/python3.12/site-packages/airflow/example_dags/example_branch_operator.py
[2024-05-03T14:47:28.828-0500] {processor.py:183} INFO - Processing /Users/paulamedina/airflow_env/lib/python3.12/site-packages/airflow/example_dags/example_branch_operator.py took 0.102 seconds
[2024-05-03T14:50:42.393-0500] {processor.py:161} INFO - Started process (PID=12164) to work on /Users/paulamedina/airflow_env/lib/python3.12/site-packages/airflow/example_dags/example_branch_operator.py
[2024-05-03T14:50:42.394-0500] {processor.py:830} INFO - Processing file /Users/paulamedina/airflow_env/lib/python3.12/site-packages/airflow/example_dags/example_branch_operator.py for tasks to queue
[2024-05-03T14:50:42.395-0500] {logging_mixin.py:188} INFO - [2024-05-03T14:50:42.395-0500] {dagbag.py:540} INFO - Filling up the DagBag from /Users/paulamedina/airflow_env/lib/python3.12/site-packages/airflow/example_dags/example_branch_operator.py
[2024-05-03T14:50:42.415-0500] {processor.py:842} WARNING - No viable dags retrieved from /Users/paulamedina/airflow_env/lib/python3.12/site-packages/airflow/example_dags/example_branch_operator.py
[2024-05-03T14:50:42.487-0500] {processor.py:183} INFO - Processing /Users/paulamedina/airflow_env/lib/python3.12/site-packages/airflow/example_dags/example_branch_operator.py took 0.096 seconds
[2024-05-03T14:53:46.275-0500] {processor.py:161} INFO - Started process (PID=15223) to work on /Users/paulamedina/airflow_env/lib/python3.12/site-packages/airflow/example_dags/example_branch_operator.py
[2024-05-03T14:53:46.276-0500] {processor.py:830} INFO - Processing file /Users/paulamedina/airflow_env/lib/python3.12/site-packages/airflow/example_dags/example_branch_operator.py for tasks to queue
[2024-05-03T14:53:46.277-0500] {logging_mixin.py:188} INFO - [2024-05-03T14:53:46.277-0500] {dagbag.py:540} INFO - Filling up the DagBag from /Users/paulamedina/airflow_env/lib/python3.12/site-packages/airflow/example_dags/example_branch_operator.py
[2024-05-03T14:53:46.298-0500] {processor.py:842} WARNING - No viable dags retrieved from /Users/paulamedina/airflow_env/lib/python3.12/site-packages/airflow/example_dags/example_branch_operator.py
[2024-05-03T14:53:46.373-0500] {processor.py:183} INFO - Processing /Users/paulamedina/airflow_env/lib/python3.12/site-packages/airflow/example_dags/example_branch_operator.py took 0.100 seconds
[2024-05-03T14:57:09.004-0500] {processor.py:161} INFO - Started process (PID=18579) to work on /Users/paulamedina/airflow_env/lib/python3.12/site-packages/airflow/example_dags/example_branch_operator.py
[2024-05-03T14:57:09.005-0500] {processor.py:830} INFO - Processing file /Users/paulamedina/airflow_env/lib/python3.12/site-packages/airflow/example_dags/example_branch_operator.py for tasks to queue
[2024-05-03T14:57:09.006-0500] {logging_mixin.py:188} INFO - [2024-05-03T14:57:09.005-0500] {dagbag.py:540} INFO - Filling up the DagBag from /Users/paulamedina/airflow_env/lib/python3.12/site-packages/airflow/example_dags/example_branch_operator.py
[2024-05-03T14:57:09.026-0500] {processor.py:842} WARNING - No viable dags retrieved from /Users/paulamedina/airflow_env/lib/python3.12/site-packages/airflow/example_dags/example_branch_operator.py
[2024-05-03T14:57:09.102-0500] {processor.py:183} INFO - Processing /Users/paulamedina/airflow_env/lib/python3.12/site-packages/airflow/example_dags/example_branch_operator.py took 0.100 seconds
[2024-05-03T15:00:28.766-0500] {processor.py:161} INFO - Started process (PID=21916) to work on /Users/paulamedina/airflow_env/lib/python3.12/site-packages/airflow/example_dags/example_branch_operator.py
[2024-05-03T15:00:28.768-0500] {processor.py:830} INFO - Processing file /Users/paulamedina/airflow_env/lib/python3.12/site-packages/airflow/example_dags/example_branch_operator.py for tasks to queue
[2024-05-03T15:00:28.769-0500] {logging_mixin.py:188} INFO - [2024-05-03T15:00:28.769-0500] {dagbag.py:540} INFO - Filling up the DagBag from /Users/paulamedina/airflow_env/lib/python3.12/site-packages/airflow/example_dags/example_branch_operator.py
[2024-05-03T15:00:28.794-0500] {processor.py:842} WARNING - No viable dags retrieved from /Users/paulamedina/airflow_env/lib/python3.12/site-packages/airflow/example_dags/example_branch_operator.py
[2024-05-03T15:00:28.882-0500] {processor.py:183} INFO - Processing /Users/paulamedina/airflow_env/lib/python3.12/site-packages/airflow/example_dags/example_branch_operator.py took 0.118 seconds
[2024-05-03T15:03:52.614-0500] {processor.py:161} INFO - Started process (PID=25293) to work on /Users/paulamedina/airflow_env/lib/python3.12/site-packages/airflow/example_dags/example_branch_operator.py
[2024-05-03T15:03:52.615-0500] {processor.py:830} INFO - Processing file /Users/paulamedina/airflow_env/lib/python3.12/site-packages/airflow/example_dags/example_branch_operator.py for tasks to queue
[2024-05-03T15:03:52.615-0500] {logging_mixin.py:188} INFO - [2024-05-03T15:03:52.615-0500] {dagbag.py:540} INFO - Filling up the DagBag from /Users/paulamedina/airflow_env/lib/python3.12/site-packages/airflow/example_dags/example_branch_operator.py
[2024-05-03T15:03:52.633-0500] {processor.py:842} WARNING - No viable dags retrieved from /Users/paulamedina/airflow_env/lib/python3.12/site-packages/airflow/example_dags/example_branch_operator.py
[2024-05-03T15:03:52.694-0500] {processor.py:183} INFO - Processing /Users/paulamedina/airflow_env/lib/python3.12/site-packages/airflow/example_dags/example_branch_operator.py took 0.082 seconds
[2024-05-03T15:07:16.889-0500] {processor.py:161} INFO - Started process (PID=28774) to work on /Users/paulamedina/airflow_env/lib/python3.12/site-packages/airflow/example_dags/example_branch_operator.py
[2024-05-03T15:07:16.890-0500] {processor.py:830} INFO - Processing file /Users/paulamedina/airflow_env/lib/python3.12/site-packages/airflow/example_dags/example_branch_operator.py for tasks to queue
[2024-05-03T15:07:16.891-0500] {logging_mixin.py:188} INFO - [2024-05-03T15:07:16.891-0500] {dagbag.py:540} INFO - Filling up the DagBag from /Users/paulamedina/airflow_env/lib/python3.12/site-packages/airflow/example_dags/example_branch_operator.py
[2024-05-03T15:07:16.912-0500] {processor.py:842} WARNING - No viable dags retrieved from /Users/paulamedina/airflow_env/lib/python3.12/site-packages/airflow/example_dags/example_branch_operator.py
[2024-05-03T15:07:16.983-0500] {processor.py:183} INFO - Processing /Users/paulamedina/airflow_env/lib/python3.12/site-packages/airflow/example_dags/example_branch_operator.py took 0.096 seconds
[2024-05-03T15:10:33.738-0500] {processor.py:161} INFO - Started process (PID=32045) to work on /Users/paulamedina/airflow_env/lib/python3.12/site-packages/airflow/example_dags/example_branch_operator.py
[2024-05-03T15:10:33.738-0500] {processor.py:830} INFO - Processing file /Users/paulamedina/airflow_env/lib/python3.12/site-packages/airflow/example_dags/example_branch_operator.py for tasks to queue
[2024-05-03T15:10:33.739-0500] {logging_mixin.py:188} INFO - [2024-05-03T15:10:33.739-0500] {dagbag.py:540} INFO - Filling up the DagBag from /Users/paulamedina/airflow_env/lib/python3.12/site-packages/airflow/example_dags/example_branch_operator.py
[2024-05-03T15:10:33.759-0500] {processor.py:842} WARNING - No viable dags retrieved from /Users/paulamedina/airflow_env/lib/python3.12/site-packages/airflow/example_dags/example_branch_operator.py
[2024-05-03T15:10:33.827-0500] {processor.py:183} INFO - Processing /Users/paulamedina/airflow_env/lib/python3.12/site-packages/airflow/example_dags/example_branch_operator.py took 0.092 seconds
[2024-05-03T15:13:55.952-0500] {processor.py:161} INFO - Started process (PID=35395) to work on /Users/paulamedina/airflow_env/lib/python3.12/site-packages/airflow/example_dags/example_branch_operator.py
[2024-05-03T15:13:55.953-0500] {processor.py:830} INFO - Processing file /Users/paulamedina/airflow_env/lib/python3.12/site-packages/airflow/example_dags/example_branch_operator.py for tasks to queue
[2024-05-03T15:13:55.953-0500] {logging_mixin.py:188} INFO - [2024-05-03T15:13:55.953-0500] {dagbag.py:540} INFO - Filling up the DagBag from /Users/paulamedina/airflow_env/lib/python3.12/site-packages/airflow/example_dags/example_branch_operator.py
[2024-05-03T15:13:55.973-0500] {processor.py:842} WARNING - No viable dags retrieved from /Users/paulamedina/airflow_env/lib/python3.12/site-packages/airflow/example_dags/example_branch_operator.py
[2024-05-03T15:13:56.041-0500] {processor.py:183} INFO - Processing /Users/paulamedina/airflow_env/lib/python3.12/site-packages/airflow/example_dags/example_branch_operator.py took 0.091 seconds
[2024-05-03T15:17:15.701-0500] {processor.py:161} INFO - Started process (PID=38736) to work on /Users/paulamedina/airflow_env/lib/python3.12/site-packages/airflow/example_dags/example_branch_operator.py
[2024-05-03T15:17:15.702-0500] {processor.py:830} INFO - Processing file /Users/paulamedina/airflow_env/lib/python3.12/site-packages/airflow/example_dags/example_branch_operator.py for tasks to queue
[2024-05-03T15:17:15.702-0500] {logging_mixin.py:188} INFO - [2024-05-03T15:17:15.702-0500] {dagbag.py:540} INFO - Filling up the DagBag from /Users/paulamedina/airflow_env/lib/python3.12/site-packages/airflow/example_dags/example_branch_operator.py
[2024-05-03T15:17:15.719-0500] {processor.py:842} WARNING - No viable dags retrieved from /Users/paulamedina/airflow_env/lib/python3.12/site-packages/airflow/example_dags/example_branch_operator.py
[2024-05-03T15:17:15.780-0500] {processor.py:183} INFO - Processing /Users/paulamedina/airflow_env/lib/python3.12/site-packages/airflow/example_dags/example_branch_operator.py took 0.081 seconds
[2024-05-03T15:20:23.627-0500] {processor.py:161} INFO - Started process (PID=41874) to work on /Users/paulamedina/airflow_env/lib/python3.12/site-packages/airflow/example_dags/example_branch_operator.py
[2024-05-03T15:20:23.628-0500] {processor.py:830} INFO - Processing file /Users/paulamedina/airflow_env/lib/python3.12/site-packages/airflow/example_dags/example_branch_operator.py for tasks to queue
[2024-05-03T15:20:23.628-0500] {logging_mixin.py:188} INFO - [2024-05-03T15:20:23.628-0500] {dagbag.py:540} INFO - Filling up the DagBag from /Users/paulamedina/airflow_env/lib/python3.12/site-packages/airflow/example_dags/example_branch_operator.py
[2024-05-03T15:20:23.648-0500] {processor.py:842} WARNING - No viable dags retrieved from /Users/paulamedina/airflow_env/lib/python3.12/site-packages/airflow/example_dags/example_branch_operator.py
[2024-05-03T15:20:23.717-0500] {processor.py:183} INFO - Processing /Users/paulamedina/airflow_env/lib/python3.12/site-packages/airflow/example_dags/example_branch_operator.py took 0.092 seconds
[2024-05-03T15:23:35.306-0500] {processor.py:161} INFO - Started process (PID=45146) to work on /Users/paulamedina/airflow_env/lib/python3.12/site-packages/airflow/example_dags/example_branch_operator.py
[2024-05-03T15:23:35.307-0500] {processor.py:830} INFO - Processing file /Users/paulamedina/airflow_env/lib/python3.12/site-packages/airflow/example_dags/example_branch_operator.py for tasks to queue
[2024-05-03T15:23:35.307-0500] {logging_mixin.py:188} INFO - [2024-05-03T15:23:35.307-0500] {dagbag.py:540} INFO - Filling up the DagBag from /Users/paulamedina/airflow_env/lib/python3.12/site-packages/airflow/example_dags/example_branch_operator.py
[2024-05-03T15:23:35.326-0500] {processor.py:842} WARNING - No viable dags retrieved from /Users/paulamedina/airflow_env/lib/python3.12/site-packages/airflow/example_dags/example_branch_operator.py
[2024-05-03T15:23:35.394-0500] {processor.py:183} INFO - Processing /Users/paulamedina/airflow_env/lib/python3.12/site-packages/airflow/example_dags/example_branch_operator.py took 0.090 seconds
[2024-05-03T15:26:42.892-0500] {processor.py:161} INFO - Started process (PID=48265) to work on /Users/paulamedina/airflow_env/lib/python3.12/site-packages/airflow/example_dags/example_branch_operator.py
[2024-05-03T15:26:42.893-0500] {processor.py:830} INFO - Processing file /Users/paulamedina/airflow_env/lib/python3.12/site-packages/airflow/example_dags/example_branch_operator.py for tasks to queue
[2024-05-03T15:26:42.893-0500] {logging_mixin.py:188} INFO - [2024-05-03T15:26:42.893-0500] {dagbag.py:540} INFO - Filling up the DagBag from /Users/paulamedina/airflow_env/lib/python3.12/site-packages/airflow/example_dags/example_branch_operator.py
[2024-05-03T15:26:42.910-0500] {processor.py:842} WARNING - No viable dags retrieved from /Users/paulamedina/airflow_env/lib/python3.12/site-packages/airflow/example_dags/example_branch_operator.py
[2024-05-03T15:26:42.971-0500] {processor.py:183} INFO - Processing /Users/paulamedina/airflow_env/lib/python3.12/site-packages/airflow/example_dags/example_branch_operator.py took 0.081 seconds
[2024-05-03T15:29:56.992-0500] {processor.py:161} INFO - Started process (PID=51489) to work on /Users/paulamedina/airflow_env/lib/python3.12/site-packages/airflow/example_dags/example_branch_operator.py
[2024-05-03T15:29:56.993-0500] {processor.py:830} INFO - Processing file /Users/paulamedina/airflow_env/lib/python3.12/site-packages/airflow/example_dags/example_branch_operator.py for tasks to queue
[2024-05-03T15:29:56.994-0500] {logging_mixin.py:188} INFO - [2024-05-03T15:29:56.994-0500] {dagbag.py:540} INFO - Filling up the DagBag from /Users/paulamedina/airflow_env/lib/python3.12/site-packages/airflow/example_dags/example_branch_operator.py
[2024-05-03T15:29:57.011-0500] {processor.py:842} WARNING - No viable dags retrieved from /Users/paulamedina/airflow_env/lib/python3.12/site-packages/airflow/example_dags/example_branch_operator.py
[2024-05-03T15:29:57.071-0500] {processor.py:183} INFO - Processing /Users/paulamedina/airflow_env/lib/python3.12/site-packages/airflow/example_dags/example_branch_operator.py took 0.080 seconds
[2024-05-03T15:33:11.679-0500] {processor.py:161} INFO - Started process (PID=54738) to work on /Users/paulamedina/airflow_env/lib/python3.12/site-packages/airflow/example_dags/example_branch_operator.py
[2024-05-03T15:33:11.680-0500] {processor.py:830} INFO - Processing file /Users/paulamedina/airflow_env/lib/python3.12/site-packages/airflow/example_dags/example_branch_operator.py for tasks to queue
[2024-05-03T15:33:11.680-0500] {logging_mixin.py:188} INFO - [2024-05-03T15:33:11.680-0500] {dagbag.py:540} INFO - Filling up the DagBag from /Users/paulamedina/airflow_env/lib/python3.12/site-packages/airflow/example_dags/example_branch_operator.py
[2024-05-03T15:33:11.700-0500] {processor.py:842} WARNING - No viable dags retrieved from /Users/paulamedina/airflow_env/lib/python3.12/site-packages/airflow/example_dags/example_branch_operator.py
[2024-05-03T15:33:11.769-0500] {processor.py:183} INFO - Processing /Users/paulamedina/airflow_env/lib/python3.12/site-packages/airflow/example_dags/example_branch_operator.py took 0.093 seconds
[2024-05-03T15:36:34.387-0500] {processor.py:161} INFO - Started process (PID=58255) to work on /Users/paulamedina/airflow_env/lib/python3.12/site-packages/airflow/example_dags/example_branch_operator.py
[2024-05-03T15:36:34.388-0500] {processor.py:830} INFO - Processing file /Users/paulamedina/airflow_env/lib/python3.12/site-packages/airflow/example_dags/example_branch_operator.py for tasks to queue
[2024-05-03T15:36:34.389-0500] {logging_mixin.py:188} INFO - [2024-05-03T15:36:34.389-0500] {dagbag.py:540} INFO - Filling up the DagBag from /Users/paulamedina/airflow_env/lib/python3.12/site-packages/airflow/example_dags/example_branch_operator.py
[2024-05-03T15:36:34.411-0500] {processor.py:842} WARNING - No viable dags retrieved from /Users/paulamedina/airflow_env/lib/python3.12/site-packages/airflow/example_dags/example_branch_operator.py
[2024-05-03T15:36:34.491-0500] {processor.py:183} INFO - Processing /Users/paulamedina/airflow_env/lib/python3.12/site-packages/airflow/example_dags/example_branch_operator.py took 0.106 seconds
[2024-05-03T15:40:35.006-0500] {processor.py:161} INFO - Started process (PID=62557) to work on /Users/paulamedina/airflow_env/lib/python3.12/site-packages/airflow/example_dags/example_branch_operator.py
[2024-05-03T15:40:35.008-0500] {processor.py:830} INFO - Processing file /Users/paulamedina/airflow_env/lib/python3.12/site-packages/airflow/example_dags/example_branch_operator.py for tasks to queue
[2024-05-03T15:40:35.009-0500] {logging_mixin.py:188} INFO - [2024-05-03T15:40:35.008-0500] {dagbag.py:540} INFO - Filling up the DagBag from /Users/paulamedina/airflow_env/lib/python3.12/site-packages/airflow/example_dags/example_branch_operator.py
[2024-05-03T15:40:35.033-0500] {processor.py:842} WARNING - No viable dags retrieved from /Users/paulamedina/airflow_env/lib/python3.12/site-packages/airflow/example_dags/example_branch_operator.py
[2024-05-03T15:40:35.116-0500] {processor.py:183} INFO - Processing /Users/paulamedina/airflow_env/lib/python3.12/site-packages/airflow/example_dags/example_branch_operator.py took 0.112 seconds
[2024-05-03T15:44:54.686-0500] {processor.py:161} INFO - Started process (PID=67168) to work on /Users/paulamedina/airflow_env/lib/python3.12/site-packages/airflow/example_dags/example_branch_operator.py
[2024-05-03T15:44:54.687-0500] {processor.py:830} INFO - Processing file /Users/paulamedina/airflow_env/lib/python3.12/site-packages/airflow/example_dags/example_branch_operator.py for tasks to queue
[2024-05-03T15:44:54.688-0500] {logging_mixin.py:188} INFO - [2024-05-03T15:44:54.688-0500] {dagbag.py:540} INFO - Filling up the DagBag from /Users/paulamedina/airflow_env/lib/python3.12/site-packages/airflow/example_dags/example_branch_operator.py
[2024-05-03T15:44:54.712-0500] {processor.py:842} WARNING - No viable dags retrieved from /Users/paulamedina/airflow_env/lib/python3.12/site-packages/airflow/example_dags/example_branch_operator.py
[2024-05-03T15:44:54.796-0500] {processor.py:183} INFO - Processing /Users/paulamedina/airflow_env/lib/python3.12/site-packages/airflow/example_dags/example_branch_operator.py took 0.113 seconds
[2024-05-03T15:48:43.769-0500] {processor.py:161} INFO - Started process (PID=71200) to work on /Users/paulamedina/airflow_env/lib/python3.12/site-packages/airflow/example_dags/example_branch_operator.py
[2024-05-03T15:48:43.769-0500] {processor.py:830} INFO - Processing file /Users/paulamedina/airflow_env/lib/python3.12/site-packages/airflow/example_dags/example_branch_operator.py for tasks to queue
[2024-05-03T15:48:43.770-0500] {logging_mixin.py:188} INFO - [2024-05-03T15:48:43.770-0500] {dagbag.py:540} INFO - Filling up the DagBag from /Users/paulamedina/airflow_env/lib/python3.12/site-packages/airflow/example_dags/example_branch_operator.py
[2024-05-03T15:48:43.790-0500] {processor.py:842} WARNING - No viable dags retrieved from /Users/paulamedina/airflow_env/lib/python3.12/site-packages/airflow/example_dags/example_branch_operator.py
[2024-05-03T15:48:43.866-0500] {processor.py:183} INFO - Processing /Users/paulamedina/airflow_env/lib/python3.12/site-packages/airflow/example_dags/example_branch_operator.py took 0.100 seconds
[2024-05-03T15:52:35.381-0500] {processor.py:161} INFO - Started process (PID=75180) to work on /Users/paulamedina/airflow_env/lib/python3.12/site-packages/airflow/example_dags/example_branch_operator.py
[2024-05-03T15:52:35.382-0500] {processor.py:830} INFO - Processing file /Users/paulamedina/airflow_env/lib/python3.12/site-packages/airflow/example_dags/example_branch_operator.py for tasks to queue
[2024-05-03T15:52:35.383-0500] {logging_mixin.py:188} INFO - [2024-05-03T15:52:35.383-0500] {dagbag.py:540} INFO - Filling up the DagBag from /Users/paulamedina/airflow_env/lib/python3.12/site-packages/airflow/example_dags/example_branch_operator.py
[2024-05-03T15:52:35.407-0500] {processor.py:842} WARNING - No viable dags retrieved from /Users/paulamedina/airflow_env/lib/python3.12/site-packages/airflow/example_dags/example_branch_operator.py
[2024-05-03T15:52:35.488-0500] {processor.py:183} INFO - Processing /Users/paulamedina/airflow_env/lib/python3.12/site-packages/airflow/example_dags/example_branch_operator.py took 0.109 seconds
[2024-05-03T15:56:23.626-0500] {processor.py:161} INFO - Started process (PID=79033) to work on /Users/paulamedina/airflow_env/lib/python3.12/site-packages/airflow/example_dags/example_branch_operator.py
[2024-05-03T15:56:23.627-0500] {processor.py:830} INFO - Processing file /Users/paulamedina/airflow_env/lib/python3.12/site-packages/airflow/example_dags/example_branch_operator.py for tasks to queue
[2024-05-03T15:56:23.628-0500] {logging_mixin.py:188} INFO - [2024-05-03T15:56:23.628-0500] {dagbag.py:540} INFO - Filling up the DagBag from /Users/paulamedina/airflow_env/lib/python3.12/site-packages/airflow/example_dags/example_branch_operator.py
[2024-05-03T15:56:23.653-0500] {processor.py:842} WARNING - No viable dags retrieved from /Users/paulamedina/airflow_env/lib/python3.12/site-packages/airflow/example_dags/example_branch_operator.py
[2024-05-03T15:56:23.740-0500] {processor.py:183} INFO - Processing /Users/paulamedina/airflow_env/lib/python3.12/site-packages/airflow/example_dags/example_branch_operator.py took 0.117 seconds
[2024-05-03T16:00:11.957-0500] {processor.py:161} INFO - Started process (PID=82838) to work on /Users/paulamedina/airflow_env/lib/python3.12/site-packages/airflow/example_dags/example_branch_operator.py
[2024-05-03T16:00:11.958-0500] {processor.py:830} INFO - Processing file /Users/paulamedina/airflow_env/lib/python3.12/site-packages/airflow/example_dags/example_branch_operator.py for tasks to queue
[2024-05-03T16:00:11.959-0500] {logging_mixin.py:188} INFO - [2024-05-03T16:00:11.959-0500] {dagbag.py:540} INFO - Filling up the DagBag from /Users/paulamedina/airflow_env/lib/python3.12/site-packages/airflow/example_dags/example_branch_operator.py
[2024-05-03T16:00:11.984-0500] {processor.py:842} WARNING - No viable dags retrieved from /Users/paulamedina/airflow_env/lib/python3.12/site-packages/airflow/example_dags/example_branch_operator.py
[2024-05-03T16:00:12.070-0500] {processor.py:183} INFO - Processing /Users/paulamedina/airflow_env/lib/python3.12/site-packages/airflow/example_dags/example_branch_operator.py took 0.115 seconds
[2024-05-03T16:04:14.870-0500] {processor.py:161} INFO - Started process (PID=87091) to work on /Users/paulamedina/airflow_env/lib/python3.12/site-packages/airflow/example_dags/example_branch_operator.py
[2024-05-03T16:04:14.872-0500] {processor.py:830} INFO - Processing file /Users/paulamedina/airflow_env/lib/python3.12/site-packages/airflow/example_dags/example_branch_operator.py for tasks to queue
[2024-05-03T16:04:14.873-0500] {logging_mixin.py:188} INFO - [2024-05-03T16:04:14.873-0500] {dagbag.py:540} INFO - Filling up the DagBag from /Users/paulamedina/airflow_env/lib/python3.12/site-packages/airflow/example_dags/example_branch_operator.py
[2024-05-03T16:04:14.898-0500] {processor.py:842} WARNING - No viable dags retrieved from /Users/paulamedina/airflow_env/lib/python3.12/site-packages/airflow/example_dags/example_branch_operator.py
[2024-05-03T16:04:14.990-0500] {processor.py:183} INFO - Processing /Users/paulamedina/airflow_env/lib/python3.12/site-packages/airflow/example_dags/example_branch_operator.py took 0.123 seconds
[2024-05-03T16:08:15.985-0500] {processor.py:161} INFO - Started process (PID=91384) to work on /Users/paulamedina/airflow_env/lib/python3.12/site-packages/airflow/example_dags/example_branch_operator.py
[2024-05-03T16:08:15.987-0500] {processor.py:830} INFO - Processing file /Users/paulamedina/airflow_env/lib/python3.12/site-packages/airflow/example_dags/example_branch_operator.py for tasks to queue
[2024-05-03T16:08:15.988-0500] {logging_mixin.py:188} INFO - [2024-05-03T16:08:15.988-0500] {dagbag.py:540} INFO - Filling up the DagBag from /Users/paulamedina/airflow_env/lib/python3.12/site-packages/airflow/example_dags/example_branch_operator.py
[2024-05-03T16:08:16.011-0500] {processor.py:842} WARNING - No viable dags retrieved from /Users/paulamedina/airflow_env/lib/python3.12/site-packages/airflow/example_dags/example_branch_operator.py
[2024-05-03T16:08:16.091-0500] {processor.py:183} INFO - Processing /Users/paulamedina/airflow_env/lib/python3.12/site-packages/airflow/example_dags/example_branch_operator.py took 0.108 seconds
[2024-05-03T16:12:23.816-0500] {processor.py:161} INFO - Started process (PID=95729) to work on /Users/paulamedina/airflow_env/lib/python3.12/site-packages/airflow/example_dags/example_branch_operator.py
[2024-05-03T16:12:23.817-0500] {processor.py:830} INFO - Processing file /Users/paulamedina/airflow_env/lib/python3.12/site-packages/airflow/example_dags/example_branch_operator.py for tasks to queue
[2024-05-03T16:12:23.817-0500] {logging_mixin.py:188} INFO - [2024-05-03T16:12:23.817-0500] {dagbag.py:540} INFO - Filling up the DagBag from /Users/paulamedina/airflow_env/lib/python3.12/site-packages/airflow/example_dags/example_branch_operator.py
[2024-05-03T16:12:23.839-0500] {processor.py:842} WARNING - No viable dags retrieved from /Users/paulamedina/airflow_env/lib/python3.12/site-packages/airflow/example_dags/example_branch_operator.py
[2024-05-03T16:12:23.910-0500] {processor.py:183} INFO - Processing /Users/paulamedina/airflow_env/lib/python3.12/site-packages/airflow/example_dags/example_branch_operator.py took 0.097 seconds
[2024-05-03T16:16:17.283-0500] {processor.py:161} INFO - Started process (PID=99960) to work on /Users/paulamedina/airflow_env/lib/python3.12/site-packages/airflow/example_dags/example_branch_operator.py
[2024-05-03T16:16:17.286-0500] {processor.py:830} INFO - Processing file /Users/paulamedina/airflow_env/lib/python3.12/site-packages/airflow/example_dags/example_branch_operator.py for tasks to queue
[2024-05-03T16:16:17.287-0500] {logging_mixin.py:188} INFO - [2024-05-03T16:16:17.287-0500] {dagbag.py:540} INFO - Filling up the DagBag from /Users/paulamedina/airflow_env/lib/python3.12/site-packages/airflow/example_dags/example_branch_operator.py
[2024-05-03T16:16:17.333-0500] {processor.py:842} WARNING - No viable dags retrieved from /Users/paulamedina/airflow_env/lib/python3.12/site-packages/airflow/example_dags/example_branch_operator.py
[2024-05-03T16:16:17.509-0500] {processor.py:183} INFO - Processing /Users/paulamedina/airflow_env/lib/python3.12/site-packages/airflow/example_dags/example_branch_operator.py took 0.232 seconds
[2024-05-03T16:20:53.919-0500] {processor.py:161} INFO - Started process (PID=5471) to work on /Users/paulamedina/airflow_env/lib/python3.12/site-packages/airflow/example_dags/example_branch_operator.py
[2024-05-03T16:20:53.920-0500] {processor.py:830} INFO - Processing file /Users/paulamedina/airflow_env/lib/python3.12/site-packages/airflow/example_dags/example_branch_operator.py for tasks to queue
[2024-05-03T16:20:53.920-0500] {logging_mixin.py:188} INFO - [2024-05-03T16:20:53.920-0500] {dagbag.py:540} INFO - Filling up the DagBag from /Users/paulamedina/airflow_env/lib/python3.12/site-packages/airflow/example_dags/example_branch_operator.py
[2024-05-03T16:20:53.938-0500] {processor.py:842} WARNING - No viable dags retrieved from /Users/paulamedina/airflow_env/lib/python3.12/site-packages/airflow/example_dags/example_branch_operator.py
[2024-05-03T16:20:54.000-0500] {processor.py:183} INFO - Processing /Users/paulamedina/airflow_env/lib/python3.12/site-packages/airflow/example_dags/example_branch_operator.py took 0.083 seconds
[2024-05-03T16:31:34.176-0500] {processor.py:161} INFO - Started process (PID=16953) to work on /Users/paulamedina/airflow_env/lib/python3.12/site-packages/airflow/example_dags/example_branch_operator.py
[2024-05-03T16:31:34.178-0500] {processor.py:830} INFO - Processing file /Users/paulamedina/airflow_env/lib/python3.12/site-packages/airflow/example_dags/example_branch_operator.py for tasks to queue
[2024-05-03T16:31:34.179-0500] {logging_mixin.py:188} INFO - [2024-05-03T16:31:34.179-0500] {dagbag.py:540} INFO - Filling up the DagBag from /Users/paulamedina/airflow_env/lib/python3.12/site-packages/airflow/example_dags/example_branch_operator.py
[2024-05-03T16:31:34.202-0500] {processor.py:842} WARNING - No viable dags retrieved from /Users/paulamedina/airflow_env/lib/python3.12/site-packages/airflow/example_dags/example_branch_operator.py
[2024-05-03T16:31:34.271-0500] {processor.py:183} INFO - Processing /Users/paulamedina/airflow_env/lib/python3.12/site-packages/airflow/example_dags/example_branch_operator.py took 0.097 seconds
[2024-05-03T16:35:26.174-0500] {processor.py:161} INFO - Started process (PID=21093) to work on /Users/paulamedina/airflow_env/lib/python3.12/site-packages/airflow/example_dags/example_branch_operator.py
[2024-05-03T16:35:26.176-0500] {processor.py:830} INFO - Processing file /Users/paulamedina/airflow_env/lib/python3.12/site-packages/airflow/example_dags/example_branch_operator.py for tasks to queue
[2024-05-03T16:35:26.177-0500] {logging_mixin.py:188} INFO - [2024-05-03T16:35:26.177-0500] {dagbag.py:540} INFO - Filling up the DagBag from /Users/paulamedina/airflow_env/lib/python3.12/site-packages/airflow/example_dags/example_branch_operator.py
[2024-05-03T16:35:26.201-0500] {processor.py:842} WARNING - No viable dags retrieved from /Users/paulamedina/airflow_env/lib/python3.12/site-packages/airflow/example_dags/example_branch_operator.py
[2024-05-03T16:35:26.282-0500] {processor.py:183} INFO - Processing /Users/paulamedina/airflow_env/lib/python3.12/site-packages/airflow/example_dags/example_branch_operator.py took 0.110 seconds
[2024-05-03T16:39:50.034-0500] {processor.py:161} INFO - Started process (PID=25882) to work on /Users/paulamedina/airflow_env/lib/python3.12/site-packages/airflow/example_dags/example_branch_operator.py
[2024-05-03T16:39:50.036-0500] {processor.py:830} INFO - Processing file /Users/paulamedina/airflow_env/lib/python3.12/site-packages/airflow/example_dags/example_branch_operator.py for tasks to queue
[2024-05-03T16:39:50.037-0500] {logging_mixin.py:188} INFO - [2024-05-03T16:39:50.037-0500] {dagbag.py:540} INFO - Filling up the DagBag from /Users/paulamedina/airflow_env/lib/python3.12/site-packages/airflow/example_dags/example_branch_operator.py
[2024-05-03T16:39:50.066-0500] {processor.py:842} WARNING - No viable dags retrieved from /Users/paulamedina/airflow_env/lib/python3.12/site-packages/airflow/example_dags/example_branch_operator.py
[2024-05-03T16:39:50.172-0500] {processor.py:183} INFO - Processing /Users/paulamedina/airflow_env/lib/python3.12/site-packages/airflow/example_dags/example_branch_operator.py took 0.142 seconds
[2024-05-03T16:45:28.326-0500] {processor.py:161} INFO - Started process (PID=31816) to work on /Users/paulamedina/airflow_env/lib/python3.12/site-packages/airflow/example_dags/example_branch_operator.py
[2024-05-03T16:45:28.328-0500] {processor.py:830} INFO - Processing file /Users/paulamedina/airflow_env/lib/python3.12/site-packages/airflow/example_dags/example_branch_operator.py for tasks to queue
[2024-05-03T16:45:28.329-0500] {logging_mixin.py:188} INFO - [2024-05-03T16:45:28.329-0500] {dagbag.py:540} INFO - Filling up the DagBag from /Users/paulamedina/airflow_env/lib/python3.12/site-packages/airflow/example_dags/example_branch_operator.py
[2024-05-03T16:45:28.353-0500] {processor.py:842} WARNING - No viable dags retrieved from /Users/paulamedina/airflow_env/lib/python3.12/site-packages/airflow/example_dags/example_branch_operator.py
[2024-05-03T16:45:28.433-0500] {processor.py:183} INFO - Processing /Users/paulamedina/airflow_env/lib/python3.12/site-packages/airflow/example_dags/example_branch_operator.py took 0.110 seconds
[2024-05-03T16:49:25.946-0500] {processor.py:161} INFO - Started process (PID=36060) to work on /Users/paulamedina/airflow_env/lib/python3.12/site-packages/airflow/example_dags/example_branch_operator.py
[2024-05-03T16:49:25.948-0500] {processor.py:830} INFO - Processing file /Users/paulamedina/airflow_env/lib/python3.12/site-packages/airflow/example_dags/example_branch_operator.py for tasks to queue
[2024-05-03T16:49:25.948-0500] {logging_mixin.py:188} INFO - [2024-05-03T16:49:25.948-0500] {dagbag.py:540} INFO - Filling up the DagBag from /Users/paulamedina/airflow_env/lib/python3.12/site-packages/airflow/example_dags/example_branch_operator.py
[2024-05-03T16:49:25.974-0500] {processor.py:842} WARNING - No viable dags retrieved from /Users/paulamedina/airflow_env/lib/python3.12/site-packages/airflow/example_dags/example_branch_operator.py
[2024-05-03T16:49:26.061-0500] {processor.py:183} INFO - Processing /Users/paulamedina/airflow_env/lib/python3.12/site-packages/airflow/example_dags/example_branch_operator.py took 0.118 seconds
[2024-05-03T16:53:46.324-0500] {processor.py:161} INFO - Started process (PID=40684) to work on /Users/paulamedina/airflow_env/lib/python3.12/site-packages/airflow/example_dags/example_branch_operator.py
[2024-05-03T16:53:46.325-0500] {processor.py:830} INFO - Processing file /Users/paulamedina/airflow_env/lib/python3.12/site-packages/airflow/example_dags/example_branch_operator.py for tasks to queue
[2024-05-03T16:53:46.326-0500] {logging_mixin.py:188} INFO - [2024-05-03T16:53:46.326-0500] {dagbag.py:540} INFO - Filling up the DagBag from /Users/paulamedina/airflow_env/lib/python3.12/site-packages/airflow/example_dags/example_branch_operator.py
[2024-05-03T16:53:46.349-0500] {processor.py:842} WARNING - No viable dags retrieved from /Users/paulamedina/airflow_env/lib/python3.12/site-packages/airflow/example_dags/example_branch_operator.py
[2024-05-03T16:53:46.435-0500] {processor.py:183} INFO - Processing /Users/paulamedina/airflow_env/lib/python3.12/site-packages/airflow/example_dags/example_branch_operator.py took 0.113 seconds
[2024-05-03T16:57:49.793-0500] {processor.py:161} INFO - Started process (PID=45426) to work on /Users/paulamedina/airflow_env/lib/python3.12/site-packages/airflow/example_dags/example_branch_operator.py
[2024-05-03T16:57:49.795-0500] {processor.py:830} INFO - Processing file /Users/paulamedina/airflow_env/lib/python3.12/site-packages/airflow/example_dags/example_branch_operator.py for tasks to queue
[2024-05-03T16:57:49.796-0500] {logging_mixin.py:188} INFO - [2024-05-03T16:57:49.796-0500] {dagbag.py:540} INFO - Filling up the DagBag from /Users/paulamedina/airflow_env/lib/python3.12/site-packages/airflow/example_dags/example_branch_operator.py
[2024-05-03T16:57:49.828-0500] {processor.py:842} WARNING - No viable dags retrieved from /Users/paulamedina/airflow_env/lib/python3.12/site-packages/airflow/example_dags/example_branch_operator.py
[2024-05-03T16:57:49.941-0500] {processor.py:183} INFO - Processing /Users/paulamedina/airflow_env/lib/python3.12/site-packages/airflow/example_dags/example_branch_operator.py took 0.151 seconds
[2024-05-03T17:02:16.914-0500] {processor.py:161} INFO - Started process (PID=50321) to work on /Users/paulamedina/airflow_env/lib/python3.12/site-packages/airflow/example_dags/example_branch_operator.py
[2024-05-03T17:02:16.914-0500] {processor.py:830} INFO - Processing file /Users/paulamedina/airflow_env/lib/python3.12/site-packages/airflow/example_dags/example_branch_operator.py for tasks to queue
[2024-05-03T17:02:16.915-0500] {logging_mixin.py:188} INFO - [2024-05-03T17:02:16.915-0500] {dagbag.py:540} INFO - Filling up the DagBag from /Users/paulamedina/airflow_env/lib/python3.12/site-packages/airflow/example_dags/example_branch_operator.py
[2024-05-03T17:02:16.937-0500] {processor.py:842} WARNING - No viable dags retrieved from /Users/paulamedina/airflow_env/lib/python3.12/site-packages/airflow/example_dags/example_branch_operator.py
[2024-05-03T17:02:17.012-0500] {processor.py:183} INFO - Processing /Users/paulamedina/airflow_env/lib/python3.12/site-packages/airflow/example_dags/example_branch_operator.py took 0.101 seconds
[2024-05-03T17:07:04.502-0500] {processor.py:161} INFO - Started process (PID=55884) to work on /Users/paulamedina/airflow_env/lib/python3.12/site-packages/airflow/example_dags/example_branch_operator.py
[2024-05-03T17:07:04.504-0500] {processor.py:830} INFO - Processing file /Users/paulamedina/airflow_env/lib/python3.12/site-packages/airflow/example_dags/example_branch_operator.py for tasks to queue
[2024-05-03T17:07:04.504-0500] {logging_mixin.py:188} INFO - [2024-05-03T17:07:04.504-0500] {dagbag.py:540} INFO - Filling up the DagBag from /Users/paulamedina/airflow_env/lib/python3.12/site-packages/airflow/example_dags/example_branch_operator.py
[2024-05-03T17:07:04.534-0500] {processor.py:842} WARNING - No viable dags retrieved from /Users/paulamedina/airflow_env/lib/python3.12/site-packages/airflow/example_dags/example_branch_operator.py
[2024-05-03T17:07:04.645-0500] {processor.py:183} INFO - Processing /Users/paulamedina/airflow_env/lib/python3.12/site-packages/airflow/example_dags/example_branch_operator.py took 0.147 seconds
[2024-05-03T17:11:16.831-0500] {processor.py:161} INFO - Started process (PID=60687) to work on /Users/paulamedina/airflow_env/lib/python3.12/site-packages/airflow/example_dags/example_branch_operator.py
[2024-05-03T17:11:16.833-0500] {processor.py:830} INFO - Processing file /Users/paulamedina/airflow_env/lib/python3.12/site-packages/airflow/example_dags/example_branch_operator.py for tasks to queue
[2024-05-03T17:11:16.833-0500] {logging_mixin.py:188} INFO - [2024-05-03T17:11:16.833-0500] {dagbag.py:540} INFO - Filling up the DagBag from /Users/paulamedina/airflow_env/lib/python3.12/site-packages/airflow/example_dags/example_branch_operator.py
[2024-05-03T17:11:16.855-0500] {processor.py:842} WARNING - No viable dags retrieved from /Users/paulamedina/airflow_env/lib/python3.12/site-packages/airflow/example_dags/example_branch_operator.py
[2024-05-03T17:11:16.930-0500] {processor.py:183} INFO - Processing /Users/paulamedina/airflow_env/lib/python3.12/site-packages/airflow/example_dags/example_branch_operator.py took 0.102 seconds
[2024-05-03T17:15:22.306-0500] {processor.py:161} INFO - Started process (PID=65081) to work on /Users/paulamedina/airflow_env/lib/python3.12/site-packages/airflow/example_dags/example_branch_operator.py
[2024-05-03T17:15:22.308-0500] {processor.py:830} INFO - Processing file /Users/paulamedina/airflow_env/lib/python3.12/site-packages/airflow/example_dags/example_branch_operator.py for tasks to queue
[2024-05-03T17:15:22.310-0500] {logging_mixin.py:188} INFO - [2024-05-03T17:15:22.309-0500] {dagbag.py:540} INFO - Filling up the DagBag from /Users/paulamedina/airflow_env/lib/python3.12/site-packages/airflow/example_dags/example_branch_operator.py
[2024-05-03T17:15:22.354-0500] {processor.py:842} WARNING - No viable dags retrieved from /Users/paulamedina/airflow_env/lib/python3.12/site-packages/airflow/example_dags/example_branch_operator.py
[2024-05-03T17:15:22.488-0500] {processor.py:183} INFO - Processing /Users/paulamedina/airflow_env/lib/python3.12/site-packages/airflow/example_dags/example_branch_operator.py took 0.186 seconds
[2024-05-03T17:19:36.129-0500] {processor.py:161} INFO - Started process (PID=69688) to work on /Users/paulamedina/airflow_env/lib/python3.12/site-packages/airflow/example_dags/example_branch_operator.py
[2024-05-03T17:19:36.130-0500] {processor.py:830} INFO - Processing file /Users/paulamedina/airflow_env/lib/python3.12/site-packages/airflow/example_dags/example_branch_operator.py for tasks to queue
[2024-05-03T17:19:36.131-0500] {logging_mixin.py:188} INFO - [2024-05-03T17:19:36.131-0500] {dagbag.py:540} INFO - Filling up the DagBag from /Users/paulamedina/airflow_env/lib/python3.12/site-packages/airflow/example_dags/example_branch_operator.py
[2024-05-03T17:19:36.163-0500] {processor.py:842} WARNING - No viable dags retrieved from /Users/paulamedina/airflow_env/lib/python3.12/site-packages/airflow/example_dags/example_branch_operator.py
[2024-05-03T17:19:36.422-0500] {processor.py:183} INFO - Processing /Users/paulamedina/airflow_env/lib/python3.12/site-packages/airflow/example_dags/example_branch_operator.py took 0.296 seconds
[2024-05-03T17:23:34.680-0500] {processor.py:161} INFO - Started process (PID=73971) to work on /Users/paulamedina/airflow_env/lib/python3.12/site-packages/airflow/example_dags/example_branch_operator.py
[2024-05-03T17:23:34.682-0500] {processor.py:830} INFO - Processing file /Users/paulamedina/airflow_env/lib/python3.12/site-packages/airflow/example_dags/example_branch_operator.py for tasks to queue
[2024-05-03T17:23:34.683-0500] {logging_mixin.py:188} INFO - [2024-05-03T17:23:34.683-0500] {dagbag.py:540} INFO - Filling up the DagBag from /Users/paulamedina/airflow_env/lib/python3.12/site-packages/airflow/example_dags/example_branch_operator.py
[2024-05-03T17:23:34.708-0500] {processor.py:842} WARNING - No viable dags retrieved from /Users/paulamedina/airflow_env/lib/python3.12/site-packages/airflow/example_dags/example_branch_operator.py
[2024-05-03T17:23:34.798-0500] {processor.py:183} INFO - Processing /Users/paulamedina/airflow_env/lib/python3.12/site-packages/airflow/example_dags/example_branch_operator.py took 0.120 seconds
[2024-05-03T17:27:50.446-0500] {processor.py:161} INFO - Started process (PID=78624) to work on /Users/paulamedina/airflow_env/lib/python3.12/site-packages/airflow/example_dags/example_branch_operator.py
[2024-05-03T17:27:50.448-0500] {processor.py:830} INFO - Processing file /Users/paulamedina/airflow_env/lib/python3.12/site-packages/airflow/example_dags/example_branch_operator.py for tasks to queue
[2024-05-03T17:27:50.449-0500] {logging_mixin.py:188} INFO - [2024-05-03T17:27:50.449-0500] {dagbag.py:540} INFO - Filling up the DagBag from /Users/paulamedina/airflow_env/lib/python3.12/site-packages/airflow/example_dags/example_branch_operator.py
[2024-05-03T17:27:50.471-0500] {processor.py:842} WARNING - No viable dags retrieved from /Users/paulamedina/airflow_env/lib/python3.12/site-packages/airflow/example_dags/example_branch_operator.py
[2024-05-03T17:27:50.545-0500] {processor.py:183} INFO - Processing /Users/paulamedina/airflow_env/lib/python3.12/site-packages/airflow/example_dags/example_branch_operator.py took 0.102 seconds
[2024-05-03T17:32:01.796-0500] {processor.py:161} INFO - Started process (PID=83100) to work on /Users/paulamedina/airflow_env/lib/python3.12/site-packages/airflow/example_dags/example_branch_operator.py
[2024-05-03T17:32:01.798-0500] {processor.py:830} INFO - Processing file /Users/paulamedina/airflow_env/lib/python3.12/site-packages/airflow/example_dags/example_branch_operator.py for tasks to queue
[2024-05-03T17:32:01.798-0500] {logging_mixin.py:188} INFO - [2024-05-03T17:32:01.798-0500] {dagbag.py:540} INFO - Filling up the DagBag from /Users/paulamedina/airflow_env/lib/python3.12/site-packages/airflow/example_dags/example_branch_operator.py
[2024-05-03T17:32:01.821-0500] {processor.py:842} WARNING - No viable dags retrieved from /Users/paulamedina/airflow_env/lib/python3.12/site-packages/airflow/example_dags/example_branch_operator.py
[2024-05-03T17:32:01.898-0500] {processor.py:183} INFO - Processing /Users/paulamedina/airflow_env/lib/python3.12/site-packages/airflow/example_dags/example_branch_operator.py took 0.105 seconds
[2024-05-03T17:36:10.019-0500] {processor.py:161} INFO - Started process (PID=87684) to work on /Users/paulamedina/airflow_env/lib/python3.12/site-packages/airflow/example_dags/example_branch_operator.py
[2024-05-03T17:36:10.020-0500] {processor.py:830} INFO - Processing file /Users/paulamedina/airflow_env/lib/python3.12/site-packages/airflow/example_dags/example_branch_operator.py for tasks to queue
[2024-05-03T17:36:10.021-0500] {logging_mixin.py:188} INFO - [2024-05-03T17:36:10.021-0500] {dagbag.py:540} INFO - Filling up the DagBag from /Users/paulamedina/airflow_env/lib/python3.12/site-packages/airflow/example_dags/example_branch_operator.py
[2024-05-03T17:36:10.044-0500] {processor.py:842} WARNING - No viable dags retrieved from /Users/paulamedina/airflow_env/lib/python3.12/site-packages/airflow/example_dags/example_branch_operator.py
[2024-05-03T17:36:10.121-0500] {processor.py:183} INFO - Processing /Users/paulamedina/airflow_env/lib/python3.12/site-packages/airflow/example_dags/example_branch_operator.py took 0.104 seconds
[2024-05-03T17:42:58.678-0500] {processor.py:161} INFO - Started process (PID=95007) to work on /Users/paulamedina/airflow_env/lib/python3.12/site-packages/airflow/example_dags/example_branch_operator.py
[2024-05-03T17:42:58.681-0500] {processor.py:830} INFO - Processing file /Users/paulamedina/airflow_env/lib/python3.12/site-packages/airflow/example_dags/example_branch_operator.py for tasks to queue
[2024-05-03T17:42:58.682-0500] {logging_mixin.py:188} INFO - [2024-05-03T17:42:58.681-0500] {dagbag.py:540} INFO - Filling up the DagBag from /Users/paulamedina/airflow_env/lib/python3.12/site-packages/airflow/example_dags/example_branch_operator.py
[2024-05-03T17:42:58.721-0500] {processor.py:842} WARNING - No viable dags retrieved from /Users/paulamedina/airflow_env/lib/python3.12/site-packages/airflow/example_dags/example_branch_operator.py
[2024-05-03T17:42:58.850-0500] {processor.py:183} INFO - Processing /Users/paulamedina/airflow_env/lib/python3.12/site-packages/airflow/example_dags/example_branch_operator.py took 0.177 seconds
[2024-05-03T17:49:50.176-0500] {processor.py:161} INFO - Started process (PID=3081) to work on /Users/paulamedina/venv/lib/python3.12/site-packages/airflow/example_dags/example_branch_operator.py
[2024-05-03T17:49:50.178-0500] {processor.py:830} INFO - Processing file /Users/paulamedina/venv/lib/python3.12/site-packages/airflow/example_dags/example_branch_operator.py for tasks to queue
[2024-05-03T17:49:50.178-0500] {logging_mixin.py:188} INFO - [2024-05-03T17:49:50.178-0500] {dagbag.py:540} INFO - Filling up the DagBag from /Users/paulamedina/venv/lib/python3.12/site-packages/airflow/example_dags/example_branch_operator.py
[2024-05-03T17:49:50.205-0500] {processor.py:842} WARNING - No viable dags retrieved from /Users/paulamedina/venv/lib/python3.12/site-packages/airflow/example_dags/example_branch_operator.py
[2024-05-03T17:49:50.296-0500] {processor.py:183} INFO - Processing /Users/paulamedina/venv/lib/python3.12/site-packages/airflow/example_dags/example_branch_operator.py took 0.124 seconds
[2024-05-03T17:54:16.864-0500] {processor.py:161} INFO - Started process (PID=8012) to work on /Users/paulamedina/venv/lib/python3.12/site-packages/airflow/example_dags/example_branch_operator.py
[2024-05-03T17:54:16.866-0500] {processor.py:830} INFO - Processing file /Users/paulamedina/venv/lib/python3.12/site-packages/airflow/example_dags/example_branch_operator.py for tasks to queue
[2024-05-03T17:54:16.867-0500] {logging_mixin.py:188} INFO - [2024-05-03T17:54:16.866-0500] {dagbag.py:540} INFO - Filling up the DagBag from /Users/paulamedina/venv/lib/python3.12/site-packages/airflow/example_dags/example_branch_operator.py
[2024-05-03T17:54:16.894-0500] {processor.py:842} WARNING - No viable dags retrieved from /Users/paulamedina/venv/lib/python3.12/site-packages/airflow/example_dags/example_branch_operator.py
[2024-05-03T17:54:16.984-0500] {processor.py:183} INFO - Processing /Users/paulamedina/venv/lib/python3.12/site-packages/airflow/example_dags/example_branch_operator.py took 0.123 seconds
[2024-05-03T17:58:50.010-0500] {processor.py:161} INFO - Started process (PID=12951) to work on /Users/paulamedina/venv/lib/python3.12/site-packages/airflow/example_dags/example_branch_operator.py
[2024-05-03T17:58:50.013-0500] {processor.py:830} INFO - Processing file /Users/paulamedina/venv/lib/python3.12/site-packages/airflow/example_dags/example_branch_operator.py for tasks to queue
[2024-05-03T17:58:50.014-0500] {logging_mixin.py:188} INFO - [2024-05-03T17:58:50.014-0500] {dagbag.py:540} INFO - Filling up the DagBag from /Users/paulamedina/venv/lib/python3.12/site-packages/airflow/example_dags/example_branch_operator.py
[2024-05-03T17:58:50.039-0500] {processor.py:842} WARNING - No viable dags retrieved from /Users/paulamedina/venv/lib/python3.12/site-packages/airflow/example_dags/example_branch_operator.py
[2024-05-03T17:58:50.125-0500] {processor.py:183} INFO - Processing /Users/paulamedina/venv/lib/python3.12/site-packages/airflow/example_dags/example_branch_operator.py took 0.118 seconds
