[2024-05-03T12:01:17.252-0500] {processor.py:161} INFO - Started process (PID=42454) to work on /Users/paulamedina/airflow_env/lib/python3.12/site-packages/airflow/example_dags/example_branch_operator_decorator.py
[2024-05-03T12:01:17.253-0500] {processor.py:830} INFO - Processing file /Users/paulamedina/airflow_env/lib/python3.12/site-packages/airflow/example_dags/example_branch_operator_decorator.py for tasks to queue
[2024-05-03T12:01:17.253-0500] {logging_mixin.py:188} INFO - [2024-05-03T12:01:17.253-0500] {dagbag.py:540} INFO - Filling up the DagBag from /Users/paulamedina/airflow_env/lib/python3.12/site-packages/airflow/example_dags/example_branch_operator_decorator.py
[2024-05-03T12:01:17.270-0500] {processor.py:842} WARNING - No viable dags retrieved from /Users/paulamedina/airflow_env/lib/python3.12/site-packages/airflow/example_dags/example_branch_operator_decorator.py
[2024-05-03T12:01:17.330-0500] {processor.py:183} INFO - Processing /Users/paulamedina/airflow_env/lib/python3.12/site-packages/airflow/example_dags/example_branch_operator_decorator.py took 0.081 seconds
[2024-05-03T12:04:50.171-0500] {processor.py:161} INFO - Started process (PID=46194) to work on /Users/paulamedina/airflow_env/lib/python3.12/site-packages/airflow/example_dags/example_branch_operator_decorator.py
[2024-05-03T12:04:50.172-0500] {processor.py:830} INFO - Processing file /Users/paulamedina/airflow_env/lib/python3.12/site-packages/airflow/example_dags/example_branch_operator_decorator.py for tasks to queue
[2024-05-03T12:04:50.172-0500] {logging_mixin.py:188} INFO - [2024-05-03T12:04:50.172-0500] {dagbag.py:540} INFO - Filling up the DagBag from /Users/paulamedina/airflow_env/lib/python3.12/site-packages/airflow/example_dags/example_branch_operator_decorator.py
[2024-05-03T12:04:50.189-0500] {processor.py:842} WARNING - No viable dags retrieved from /Users/paulamedina/airflow_env/lib/python3.12/site-packages/airflow/example_dags/example_branch_operator_decorator.py
[2024-05-03T12:04:50.249-0500] {processor.py:183} INFO - Processing /Users/paulamedina/airflow_env/lib/python3.12/site-packages/airflow/example_dags/example_branch_operator_decorator.py took 0.080 seconds
[2024-05-03T12:08:17.369-0500] {processor.py:161} INFO - Started process (PID=49857) to work on /Users/paulamedina/airflow_env/lib/python3.12/site-packages/airflow/example_dags/example_branch_operator_decorator.py
[2024-05-03T12:08:17.370-0500] {processor.py:830} INFO - Processing file /Users/paulamedina/airflow_env/lib/python3.12/site-packages/airflow/example_dags/example_branch_operator_decorator.py for tasks to queue
[2024-05-03T12:08:17.370-0500] {logging_mixin.py:188} INFO - [2024-05-03T12:08:17.370-0500] {dagbag.py:540} INFO - Filling up the DagBag from /Users/paulamedina/airflow_env/lib/python3.12/site-packages/airflow/example_dags/example_branch_operator_decorator.py
[2024-05-03T12:08:17.390-0500] {processor.py:842} WARNING - No viable dags retrieved from /Users/paulamedina/airflow_env/lib/python3.12/site-packages/airflow/example_dags/example_branch_operator_decorator.py
[2024-05-03T12:08:17.459-0500] {processor.py:183} INFO - Processing /Users/paulamedina/airflow_env/lib/python3.12/site-packages/airflow/example_dags/example_branch_operator_decorator.py took 0.093 seconds
[2024-05-03T12:11:41.284-0500] {processor.py:161} INFO - Started process (PID=53237) to work on /Users/paulamedina/airflow_env/lib/python3.12/site-packages/airflow/example_dags/example_branch_operator_decorator.py
[2024-05-03T12:11:41.285-0500] {processor.py:830} INFO - Processing file /Users/paulamedina/airflow_env/lib/python3.12/site-packages/airflow/example_dags/example_branch_operator_decorator.py for tasks to queue
[2024-05-03T12:11:41.286-0500] {logging_mixin.py:188} INFO - [2024-05-03T12:11:41.286-0500] {dagbag.py:540} INFO - Filling up the DagBag from /Users/paulamedina/airflow_env/lib/python3.12/site-packages/airflow/example_dags/example_branch_operator_decorator.py
[2024-05-03T12:11:41.303-0500] {processor.py:842} WARNING - No viable dags retrieved from /Users/paulamedina/airflow_env/lib/python3.12/site-packages/airflow/example_dags/example_branch_operator_decorator.py
[2024-05-03T12:11:41.365-0500] {processor.py:183} INFO - Processing /Users/paulamedina/airflow_env/lib/python3.12/site-packages/airflow/example_dags/example_branch_operator_decorator.py took 0.083 seconds
[2024-05-03T12:15:07.114-0500] {processor.py:161} INFO - Started process (PID=56655) to work on /Users/paulamedina/airflow_env/lib/python3.12/site-packages/airflow/example_dags/example_branch_operator_decorator.py
[2024-05-03T12:15:07.114-0500] {processor.py:830} INFO - Processing file /Users/paulamedina/airflow_env/lib/python3.12/site-packages/airflow/example_dags/example_branch_operator_decorator.py for tasks to queue
[2024-05-03T12:15:07.115-0500] {logging_mixin.py:188} INFO - [2024-05-03T12:15:07.115-0500] {dagbag.py:540} INFO - Filling up the DagBag from /Users/paulamedina/airflow_env/lib/python3.12/site-packages/airflow/example_dags/example_branch_operator_decorator.py
[2024-05-03T12:15:07.131-0500] {processor.py:842} WARNING - No viable dags retrieved from /Users/paulamedina/airflow_env/lib/python3.12/site-packages/airflow/example_dags/example_branch_operator_decorator.py
[2024-05-03T12:15:07.192-0500] {processor.py:183} INFO - Processing /Users/paulamedina/airflow_env/lib/python3.12/site-packages/airflow/example_dags/example_branch_operator_decorator.py took 0.080 seconds
[2024-05-03T12:18:36.688-0500] {processor.py:161} INFO - Started process (PID=60237) to work on /Users/paulamedina/airflow_env/lib/python3.12/site-packages/airflow/example_dags/example_branch_operator_decorator.py
[2024-05-03T12:18:36.689-0500] {processor.py:830} INFO - Processing file /Users/paulamedina/airflow_env/lib/python3.12/site-packages/airflow/example_dags/example_branch_operator_decorator.py for tasks to queue
[2024-05-03T12:18:36.690-0500] {logging_mixin.py:188} INFO - [2024-05-03T12:18:36.689-0500] {dagbag.py:540} INFO - Filling up the DagBag from /Users/paulamedina/airflow_env/lib/python3.12/site-packages/airflow/example_dags/example_branch_operator_decorator.py
[2024-05-03T12:18:36.706-0500] {processor.py:842} WARNING - No viable dags retrieved from /Users/paulamedina/airflow_env/lib/python3.12/site-packages/airflow/example_dags/example_branch_operator_decorator.py
[2024-05-03T12:18:36.766-0500] {processor.py:183} INFO - Processing /Users/paulamedina/airflow_env/lib/python3.12/site-packages/airflow/example_dags/example_branch_operator_decorator.py took 0.080 seconds
[2024-05-03T12:22:04.090-0500] {processor.py:161} INFO - Started process (PID=63667) to work on /Users/paulamedina/airflow_env/lib/python3.12/site-packages/airflow/example_dags/example_branch_operator_decorator.py
[2024-05-03T12:22:04.091-0500] {processor.py:830} INFO - Processing file /Users/paulamedina/airflow_env/lib/python3.12/site-packages/airflow/example_dags/example_branch_operator_decorator.py for tasks to queue
[2024-05-03T12:22:04.092-0500] {logging_mixin.py:188} INFO - [2024-05-03T12:22:04.091-0500] {dagbag.py:540} INFO - Filling up the DagBag from /Users/paulamedina/airflow_env/lib/python3.12/site-packages/airflow/example_dags/example_branch_operator_decorator.py
[2024-05-03T12:22:04.111-0500] {processor.py:842} WARNING - No viable dags retrieved from /Users/paulamedina/airflow_env/lib/python3.12/site-packages/airflow/example_dags/example_branch_operator_decorator.py
[2024-05-03T12:22:04.181-0500] {processor.py:183} INFO - Processing /Users/paulamedina/airflow_env/lib/python3.12/site-packages/airflow/example_dags/example_branch_operator_decorator.py took 0.092 seconds
[2024-05-03T12:25:36.574-0500] {processor.py:161} INFO - Started process (PID=67187) to work on /Users/paulamedina/airflow_env/lib/python3.12/site-packages/airflow/example_dags/example_branch_operator_decorator.py
[2024-05-03T12:25:36.574-0500] {processor.py:830} INFO - Processing file /Users/paulamedina/airflow_env/lib/python3.12/site-packages/airflow/example_dags/example_branch_operator_decorator.py for tasks to queue
[2024-05-03T12:25:36.575-0500] {logging_mixin.py:188} INFO - [2024-05-03T12:25:36.575-0500] {dagbag.py:540} INFO - Filling up the DagBag from /Users/paulamedina/airflow_env/lib/python3.12/site-packages/airflow/example_dags/example_branch_operator_decorator.py
[2024-05-03T12:25:36.594-0500] {processor.py:842} WARNING - No viable dags retrieved from /Users/paulamedina/airflow_env/lib/python3.12/site-packages/airflow/example_dags/example_branch_operator_decorator.py
[2024-05-03T12:25:36.666-0500] {processor.py:183} INFO - Processing /Users/paulamedina/airflow_env/lib/python3.12/site-packages/airflow/example_dags/example_branch_operator_decorator.py took 0.095 seconds
[2024-05-03T12:29:10.003-0500] {processor.py:161} INFO - Started process (PID=70712) to work on /Users/paulamedina/airflow_env/lib/python3.12/site-packages/airflow/example_dags/example_branch_operator_decorator.py
[2024-05-03T12:29:10.004-0500] {processor.py:830} INFO - Processing file /Users/paulamedina/airflow_env/lib/python3.12/site-packages/airflow/example_dags/example_branch_operator_decorator.py for tasks to queue
[2024-05-03T12:29:10.004-0500] {logging_mixin.py:188} INFO - [2024-05-03T12:29:10.004-0500] {dagbag.py:540} INFO - Filling up the DagBag from /Users/paulamedina/airflow_env/lib/python3.12/site-packages/airflow/example_dags/example_branch_operator_decorator.py
[2024-05-03T12:29:10.021-0500] {processor.py:842} WARNING - No viable dags retrieved from /Users/paulamedina/airflow_env/lib/python3.12/site-packages/airflow/example_dags/example_branch_operator_decorator.py
[2024-05-03T12:29:10.082-0500] {processor.py:183} INFO - Processing /Users/paulamedina/airflow_env/lib/python3.12/site-packages/airflow/example_dags/example_branch_operator_decorator.py took 0.081 seconds
[2024-05-03T12:32:41.533-0500] {processor.py:161} INFO - Started process (PID=74239) to work on /Users/paulamedina/airflow_env/lib/python3.12/site-packages/airflow/example_dags/example_branch_operator_decorator.py
[2024-05-03T12:32:41.534-0500] {processor.py:830} INFO - Processing file /Users/paulamedina/airflow_env/lib/python3.12/site-packages/airflow/example_dags/example_branch_operator_decorator.py for tasks to queue
[2024-05-03T12:32:41.535-0500] {logging_mixin.py:188} INFO - [2024-05-03T12:32:41.535-0500] {dagbag.py:540} INFO - Filling up the DagBag from /Users/paulamedina/airflow_env/lib/python3.12/site-packages/airflow/example_dags/example_branch_operator_decorator.py
[2024-05-03T12:32:41.557-0500] {processor.py:842} WARNING - No viable dags retrieved from /Users/paulamedina/airflow_env/lib/python3.12/site-packages/airflow/example_dags/example_branch_operator_decorator.py
[2024-05-03T12:32:41.629-0500] {processor.py:183} INFO - Processing /Users/paulamedina/airflow_env/lib/python3.12/site-packages/airflow/example_dags/example_branch_operator_decorator.py took 0.098 seconds
[2024-05-03T12:36:12.782-0500] {processor.py:161} INFO - Started process (PID=77744) to work on /Users/paulamedina/airflow_env/lib/python3.12/site-packages/airflow/example_dags/example_branch_operator_decorator.py
[2024-05-03T12:36:12.783-0500] {processor.py:830} INFO - Processing file /Users/paulamedina/airflow_env/lib/python3.12/site-packages/airflow/example_dags/example_branch_operator_decorator.py for tasks to queue
[2024-05-03T12:36:12.783-0500] {logging_mixin.py:188} INFO - [2024-05-03T12:36:12.783-0500] {dagbag.py:540} INFO - Filling up the DagBag from /Users/paulamedina/airflow_env/lib/python3.12/site-packages/airflow/example_dags/example_branch_operator_decorator.py
[2024-05-03T12:36:12.802-0500] {processor.py:842} WARNING - No viable dags retrieved from /Users/paulamedina/airflow_env/lib/python3.12/site-packages/airflow/example_dags/example_branch_operator_decorator.py
[2024-05-03T12:36:12.871-0500] {processor.py:183} INFO - Processing /Users/paulamedina/airflow_env/lib/python3.12/site-packages/airflow/example_dags/example_branch_operator_decorator.py took 0.092 seconds
[2024-05-03T12:39:38.958-0500] {processor.py:161} INFO - Started process (PID=81242) to work on /Users/paulamedina/airflow_env/lib/python3.12/site-packages/airflow/example_dags/example_branch_operator_decorator.py
[2024-05-03T12:39:38.959-0500] {processor.py:830} INFO - Processing file /Users/paulamedina/airflow_env/lib/python3.12/site-packages/airflow/example_dags/example_branch_operator_decorator.py for tasks to queue
[2024-05-03T12:39:38.960-0500] {logging_mixin.py:188} INFO - [2024-05-03T12:39:38.959-0500] {dagbag.py:540} INFO - Filling up the DagBag from /Users/paulamedina/airflow_env/lib/python3.12/site-packages/airflow/example_dags/example_branch_operator_decorator.py
[2024-05-03T12:39:38.982-0500] {processor.py:842} WARNING - No viable dags retrieved from /Users/paulamedina/airflow_env/lib/python3.12/site-packages/airflow/example_dags/example_branch_operator_decorator.py
[2024-05-03T12:39:39.054-0500] {processor.py:183} INFO - Processing /Users/paulamedina/airflow_env/lib/python3.12/site-packages/airflow/example_dags/example_branch_operator_decorator.py took 0.098 seconds
[2024-05-03T12:43:15.989-0500] {processor.py:161} INFO - Started process (PID=84920) to work on /Users/paulamedina/airflow_env/lib/python3.12/site-packages/airflow/example_dags/example_branch_operator_decorator.py
[2024-05-03T12:43:15.991-0500] {processor.py:830} INFO - Processing file /Users/paulamedina/airflow_env/lib/python3.12/site-packages/airflow/example_dags/example_branch_operator_decorator.py for tasks to queue
[2024-05-03T12:43:15.991-0500] {logging_mixin.py:188} INFO - [2024-05-03T12:43:15.991-0500] {dagbag.py:540} INFO - Filling up the DagBag from /Users/paulamedina/airflow_env/lib/python3.12/site-packages/airflow/example_dags/example_branch_operator_decorator.py
[2024-05-03T12:43:16.018-0500] {processor.py:842} WARNING - No viable dags retrieved from /Users/paulamedina/airflow_env/lib/python3.12/site-packages/airflow/example_dags/example_branch_operator_decorator.py
[2024-05-03T12:43:16.112-0500] {processor.py:183} INFO - Processing /Users/paulamedina/airflow_env/lib/python3.12/site-packages/airflow/example_dags/example_branch_operator_decorator.py took 0.126 seconds
[2024-05-03T12:46:51.369-0500] {processor.py:161} INFO - Started process (PID=88528) to work on /Users/paulamedina/airflow_env/lib/python3.12/site-packages/airflow/example_dags/example_branch_operator_decorator.py
[2024-05-03T12:46:51.370-0500] {processor.py:830} INFO - Processing file /Users/paulamedina/airflow_env/lib/python3.12/site-packages/airflow/example_dags/example_branch_operator_decorator.py for tasks to queue
[2024-05-03T12:46:51.371-0500] {logging_mixin.py:188} INFO - [2024-05-03T12:46:51.370-0500] {dagbag.py:540} INFO - Filling up the DagBag from /Users/paulamedina/airflow_env/lib/python3.12/site-packages/airflow/example_dags/example_branch_operator_decorator.py
[2024-05-03T12:46:51.391-0500] {processor.py:842} WARNING - No viable dags retrieved from /Users/paulamedina/airflow_env/lib/python3.12/site-packages/airflow/example_dags/example_branch_operator_decorator.py
[2024-05-03T12:46:51.464-0500] {processor.py:183} INFO - Processing /Users/paulamedina/airflow_env/lib/python3.12/site-packages/airflow/example_dags/example_branch_operator_decorator.py took 0.097 seconds
[2024-05-03T12:50:20.333-0500] {processor.py:161} INFO - Started process (PID=91987) to work on /Users/paulamedina/airflow_env/lib/python3.12/site-packages/airflow/example_dags/example_branch_operator_decorator.py
[2024-05-03T12:50:20.334-0500] {processor.py:830} INFO - Processing file /Users/paulamedina/airflow_env/lib/python3.12/site-packages/airflow/example_dags/example_branch_operator_decorator.py for tasks to queue
[2024-05-03T12:50:20.335-0500] {logging_mixin.py:188} INFO - [2024-05-03T12:50:20.334-0500] {dagbag.py:540} INFO - Filling up the DagBag from /Users/paulamedina/airflow_env/lib/python3.12/site-packages/airflow/example_dags/example_branch_operator_decorator.py
[2024-05-03T12:50:20.354-0500] {processor.py:842} WARNING - No viable dags retrieved from /Users/paulamedina/airflow_env/lib/python3.12/site-packages/airflow/example_dags/example_branch_operator_decorator.py
[2024-05-03T12:50:20.424-0500] {processor.py:183} INFO - Processing /Users/paulamedina/airflow_env/lib/python3.12/site-packages/airflow/example_dags/example_branch_operator_decorator.py took 0.093 seconds
[2024-05-03T12:53:51.471-0500] {processor.py:161} INFO - Started process (PID=95477) to work on /Users/paulamedina/airflow_env/lib/python3.12/site-packages/airflow/example_dags/example_branch_operator_decorator.py
[2024-05-03T12:53:51.471-0500] {processor.py:830} INFO - Processing file /Users/paulamedina/airflow_env/lib/python3.12/site-packages/airflow/example_dags/example_branch_operator_decorator.py for tasks to queue
[2024-05-03T12:53:51.472-0500] {logging_mixin.py:188} INFO - [2024-05-03T12:53:51.472-0500] {dagbag.py:540} INFO - Filling up the DagBag from /Users/paulamedina/airflow_env/lib/python3.12/site-packages/airflow/example_dags/example_branch_operator_decorator.py
[2024-05-03T12:53:51.492-0500] {processor.py:842} WARNING - No viable dags retrieved from /Users/paulamedina/airflow_env/lib/python3.12/site-packages/airflow/example_dags/example_branch_operator_decorator.py
[2024-05-03T12:53:51.562-0500] {processor.py:183} INFO - Processing /Users/paulamedina/airflow_env/lib/python3.12/site-packages/airflow/example_dags/example_branch_operator_decorator.py took 0.094 seconds
[2024-05-03T12:57:26.640-0500] {processor.py:161} INFO - Started process (PID=99141) to work on /Users/paulamedina/airflow_env/lib/python3.12/site-packages/airflow/example_dags/example_branch_operator_decorator.py
[2024-05-03T12:57:26.641-0500] {processor.py:830} INFO - Processing file /Users/paulamedina/airflow_env/lib/python3.12/site-packages/airflow/example_dags/example_branch_operator_decorator.py for tasks to queue
[2024-05-03T12:57:26.642-0500] {logging_mixin.py:188} INFO - [2024-05-03T12:57:26.642-0500] {dagbag.py:540} INFO - Filling up the DagBag from /Users/paulamedina/airflow_env/lib/python3.12/site-packages/airflow/example_dags/example_branch_operator_decorator.py
[2024-05-03T12:57:26.664-0500] {processor.py:842} WARNING - No viable dags retrieved from /Users/paulamedina/airflow_env/lib/python3.12/site-packages/airflow/example_dags/example_branch_operator_decorator.py
[2024-05-03T12:57:26.738-0500] {processor.py:183} INFO - Processing /Users/paulamedina/airflow_env/lib/python3.12/site-packages/airflow/example_dags/example_branch_operator_decorator.py took 0.101 seconds
[2024-05-03T13:00:54.257-0500] {processor.py:161} INFO - Started process (PID=3153) to work on /Users/paulamedina/airflow_env/lib/python3.12/site-packages/airflow/example_dags/example_branch_operator_decorator.py
[2024-05-03T13:00:54.258-0500] {processor.py:830} INFO - Processing file /Users/paulamedina/airflow_env/lib/python3.12/site-packages/airflow/example_dags/example_branch_operator_decorator.py for tasks to queue
[2024-05-03T13:00:54.258-0500] {logging_mixin.py:188} INFO - [2024-05-03T13:00:54.258-0500] {dagbag.py:540} INFO - Filling up the DagBag from /Users/paulamedina/airflow_env/lib/python3.12/site-packages/airflow/example_dags/example_branch_operator_decorator.py
[2024-05-03T13:00:54.280-0500] {processor.py:842} WARNING - No viable dags retrieved from /Users/paulamedina/airflow_env/lib/python3.12/site-packages/airflow/example_dags/example_branch_operator_decorator.py
[2024-05-03T13:00:54.359-0500] {processor.py:183} INFO - Processing /Users/paulamedina/airflow_env/lib/python3.12/site-packages/airflow/example_dags/example_branch_operator_decorator.py took 0.104 seconds
[2024-05-03T13:04:23.164-0500] {processor.py:161} INFO - Started process (PID=6682) to work on /Users/paulamedina/airflow_env/lib/python3.12/site-packages/airflow/example_dags/example_branch_operator_decorator.py
[2024-05-03T13:04:23.165-0500] {processor.py:830} INFO - Processing file /Users/paulamedina/airflow_env/lib/python3.12/site-packages/airflow/example_dags/example_branch_operator_decorator.py for tasks to queue
[2024-05-03T13:04:23.165-0500] {logging_mixin.py:188} INFO - [2024-05-03T13:04:23.165-0500] {dagbag.py:540} INFO - Filling up the DagBag from /Users/paulamedina/airflow_env/lib/python3.12/site-packages/airflow/example_dags/example_branch_operator_decorator.py
[2024-05-03T13:04:23.184-0500] {processor.py:842} WARNING - No viable dags retrieved from /Users/paulamedina/airflow_env/lib/python3.12/site-packages/airflow/example_dags/example_branch_operator_decorator.py
[2024-05-03T13:04:23.254-0500] {processor.py:183} INFO - Processing /Users/paulamedina/airflow_env/lib/python3.12/site-packages/airflow/example_dags/example_branch_operator_decorator.py took 0.092 seconds
[2024-05-03T13:07:56.408-0500] {processor.py:161} INFO - Started process (PID=10218) to work on /Users/paulamedina/airflow_env/lib/python3.12/site-packages/airflow/example_dags/example_branch_operator_decorator.py
[2024-05-03T13:07:56.409-0500] {processor.py:830} INFO - Processing file /Users/paulamedina/airflow_env/lib/python3.12/site-packages/airflow/example_dags/example_branch_operator_decorator.py for tasks to queue
[2024-05-03T13:07:56.410-0500] {logging_mixin.py:188} INFO - [2024-05-03T13:07:56.410-0500] {dagbag.py:540} INFO - Filling up the DagBag from /Users/paulamedina/airflow_env/lib/python3.12/site-packages/airflow/example_dags/example_branch_operator_decorator.py
[2024-05-03T13:07:56.431-0500] {processor.py:842} WARNING - No viable dags retrieved from /Users/paulamedina/airflow_env/lib/python3.12/site-packages/airflow/example_dags/example_branch_operator_decorator.py
[2024-05-03T13:07:56.506-0500] {processor.py:183} INFO - Processing /Users/paulamedina/airflow_env/lib/python3.12/site-packages/airflow/example_dags/example_branch_operator_decorator.py took 0.100 seconds
[2024-05-03T13:11:51.241-0500] {processor.py:161} INFO - Started process (PID=14379) to work on /Users/paulamedina/airflow_env/lib/python3.12/site-packages/airflow/example_dags/example_branch_operator_decorator.py
[2024-05-03T13:11:51.242-0500] {processor.py:830} INFO - Processing file /Users/paulamedina/airflow_env/lib/python3.12/site-packages/airflow/example_dags/example_branch_operator_decorator.py for tasks to queue
[2024-05-03T13:11:51.242-0500] {logging_mixin.py:188} INFO - [2024-05-03T13:11:51.242-0500] {dagbag.py:540} INFO - Filling up the DagBag from /Users/paulamedina/airflow_env/lib/python3.12/site-packages/airflow/example_dags/example_branch_operator_decorator.py
[2024-05-03T13:11:51.263-0500] {processor.py:842} WARNING - No viable dags retrieved from /Users/paulamedina/airflow_env/lib/python3.12/site-packages/airflow/example_dags/example_branch_operator_decorator.py
[2024-05-03T13:11:51.336-0500] {processor.py:183} INFO - Processing /Users/paulamedina/airflow_env/lib/python3.12/site-packages/airflow/example_dags/example_branch_operator_decorator.py took 0.097 seconds
[2024-05-03T13:20:33.438-0500] {processor.py:161} INFO - Started process (PID=22552) to work on /Users/paulamedina/airflow_env/lib/python3.12/site-packages/airflow/example_dags/example_branch_operator_decorator.py
[2024-05-03T13:20:33.441-0500] {processor.py:830} INFO - Processing file /Users/paulamedina/airflow_env/lib/python3.12/site-packages/airflow/example_dags/example_branch_operator_decorator.py for tasks to queue
[2024-05-03T13:20:33.443-0500] {logging_mixin.py:188} INFO - [2024-05-03T13:20:33.442-0500] {dagbag.py:540} INFO - Filling up the DagBag from /Users/paulamedina/airflow_env/lib/python3.12/site-packages/airflow/example_dags/example_branch_operator_decorator.py
[2024-05-03T13:20:33.493-0500] {processor.py:842} WARNING - No viable dags retrieved from /Users/paulamedina/airflow_env/lib/python3.12/site-packages/airflow/example_dags/example_branch_operator_decorator.py
[2024-05-03T13:20:33.682-0500] {processor.py:183} INFO - Processing /Users/paulamedina/airflow_env/lib/python3.12/site-packages/airflow/example_dags/example_branch_operator_decorator.py took 0.250 seconds
[2024-05-03T13:26:22.726-0500] {processor.py:161} INFO - Started process (PID=28079) to work on /Users/paulamedina/airflow_env/lib/python3.12/site-packages/airflow/example_dags/example_branch_operator_decorator.py
[2024-05-03T13:26:22.728-0500] {processor.py:830} INFO - Processing file /Users/paulamedina/airflow_env/lib/python3.12/site-packages/airflow/example_dags/example_branch_operator_decorator.py for tasks to queue
[2024-05-03T13:26:22.730-0500] {logging_mixin.py:188} INFO - [2024-05-03T13:26:22.730-0500] {dagbag.py:540} INFO - Filling up the DagBag from /Users/paulamedina/airflow_env/lib/python3.12/site-packages/airflow/example_dags/example_branch_operator_decorator.py
[2024-05-03T13:26:22.795-0500] {processor.py:842} WARNING - No viable dags retrieved from /Users/paulamedina/airflow_env/lib/python3.12/site-packages/airflow/example_dags/example_branch_operator_decorator.py
[2024-05-03T13:26:23.029-0500] {processor.py:183} INFO - Processing /Users/paulamedina/airflow_env/lib/python3.12/site-packages/airflow/example_dags/example_branch_operator_decorator.py took 0.310 seconds
[2024-05-03T13:39:40.452-0500] {processor.py:161} INFO - Started process (PID=39474) to work on /Users/paulamedina/airflow_env/lib/python3.12/site-packages/airflow/example_dags/example_branch_operator_decorator.py
[2024-05-03T13:39:40.456-0500] {processor.py:830} INFO - Processing file /Users/paulamedina/airflow_env/lib/python3.12/site-packages/airflow/example_dags/example_branch_operator_decorator.py for tasks to queue
[2024-05-03T13:39:40.458-0500] {logging_mixin.py:188} INFO - [2024-05-03T13:39:40.458-0500] {dagbag.py:540} INFO - Filling up the DagBag from /Users/paulamedina/airflow_env/lib/python3.12/site-packages/airflow/example_dags/example_branch_operator_decorator.py
[2024-05-03T13:39:40.561-0500] {processor.py:842} WARNING - No viable dags retrieved from /Users/paulamedina/airflow_env/lib/python3.12/site-packages/airflow/example_dags/example_branch_operator_decorator.py
[2024-05-03T13:39:40.964-0500] {processor.py:183} INFO - Processing /Users/paulamedina/airflow_env/lib/python3.12/site-packages/airflow/example_dags/example_branch_operator_decorator.py took 0.525 seconds
[2024-05-03T13:49:26.792-0500] {processor.py:161} INFO - Started process (PID=48541) to work on /Users/paulamedina/airflow_env/lib/python3.12/site-packages/airflow/example_dags/example_branch_operator_decorator.py
[2024-05-03T13:49:26.793-0500] {processor.py:830} INFO - Processing file /Users/paulamedina/airflow_env/lib/python3.12/site-packages/airflow/example_dags/example_branch_operator_decorator.py for tasks to queue
[2024-05-03T13:49:26.794-0500] {logging_mixin.py:188} INFO - [2024-05-03T13:49:26.794-0500] {dagbag.py:540} INFO - Filling up the DagBag from /Users/paulamedina/airflow_env/lib/python3.12/site-packages/airflow/example_dags/example_branch_operator_decorator.py
[2024-05-03T13:49:26.816-0500] {processor.py:842} WARNING - No viable dags retrieved from /Users/paulamedina/airflow_env/lib/python3.12/site-packages/airflow/example_dags/example_branch_operator_decorator.py
[2024-05-03T13:49:26.888-0500] {processor.py:183} INFO - Processing /Users/paulamedina/airflow_env/lib/python3.12/site-packages/airflow/example_dags/example_branch_operator_decorator.py took 0.099 seconds
[2024-05-03T13:53:08.018-0500] {processor.py:161} INFO - Started process (PID=52534) to work on /Users/paulamedina/airflow_env/lib/python3.12/site-packages/airflow/example_dags/example_branch_operator_decorator.py
[2024-05-03T13:53:08.019-0500] {processor.py:830} INFO - Processing file /Users/paulamedina/airflow_env/lib/python3.12/site-packages/airflow/example_dags/example_branch_operator_decorator.py for tasks to queue
[2024-05-03T13:53:08.020-0500] {logging_mixin.py:188} INFO - [2024-05-03T13:53:08.020-0500] {dagbag.py:540} INFO - Filling up the DagBag from /Users/paulamedina/airflow_env/lib/python3.12/site-packages/airflow/example_dags/example_branch_operator_decorator.py
[2024-05-03T13:53:08.040-0500] {processor.py:842} WARNING - No viable dags retrieved from /Users/paulamedina/airflow_env/lib/python3.12/site-packages/airflow/example_dags/example_branch_operator_decorator.py
[2024-05-03T13:53:08.115-0500] {processor.py:183} INFO - Processing /Users/paulamedina/airflow_env/lib/python3.12/site-packages/airflow/example_dags/example_branch_operator_decorator.py took 0.099 seconds
[2024-05-03T13:56:51.101-0500] {processor.py:161} INFO - Started process (PID=56463) to work on /Users/paulamedina/airflow_env/lib/python3.12/site-packages/airflow/example_dags/example_branch_operator_decorator.py
[2024-05-03T13:56:51.101-0500] {processor.py:830} INFO - Processing file /Users/paulamedina/airflow_env/lib/python3.12/site-packages/airflow/example_dags/example_branch_operator_decorator.py for tasks to queue
[2024-05-03T13:56:51.102-0500] {logging_mixin.py:188} INFO - [2024-05-03T13:56:51.102-0500] {dagbag.py:540} INFO - Filling up the DagBag from /Users/paulamedina/airflow_env/lib/python3.12/site-packages/airflow/example_dags/example_branch_operator_decorator.py
[2024-05-03T13:56:51.122-0500] {processor.py:842} WARNING - No viable dags retrieved from /Users/paulamedina/airflow_env/lib/python3.12/site-packages/airflow/example_dags/example_branch_operator_decorator.py
[2024-05-03T13:56:51.194-0500] {processor.py:183} INFO - Processing /Users/paulamedina/airflow_env/lib/python3.12/site-packages/airflow/example_dags/example_branch_operator_decorator.py took 0.096 seconds
[2024-05-03T14:01:48.001-0500] {processor.py:161} INFO - Started process (PID=61154) to work on /Users/paulamedina/airflow_env/lib/python3.12/site-packages/airflow/example_dags/example_branch_operator_decorator.py
[2024-05-03T14:01:48.003-0500] {processor.py:830} INFO - Processing file /Users/paulamedina/airflow_env/lib/python3.12/site-packages/airflow/example_dags/example_branch_operator_decorator.py for tasks to queue
[2024-05-03T14:01:48.005-0500] {logging_mixin.py:188} INFO - [2024-05-03T14:01:48.005-0500] {dagbag.py:540} INFO - Filling up the DagBag from /Users/paulamedina/airflow_env/lib/python3.12/site-packages/airflow/example_dags/example_branch_operator_decorator.py
[2024-05-03T14:01:48.061-0500] {processor.py:842} WARNING - No viable dags retrieved from /Users/paulamedina/airflow_env/lib/python3.12/site-packages/airflow/example_dags/example_branch_operator_decorator.py
[2024-05-03T14:01:48.262-0500] {processor.py:183} INFO - Processing /Users/paulamedina/airflow_env/lib/python3.12/site-packages/airflow/example_dags/example_branch_operator_decorator.py took 0.266 seconds
[2024-05-03T14:07:04.012-0500] {processor.py:161} INFO - Started process (PID=66744) to work on /Users/paulamedina/airflow_env/lib/python3.12/site-packages/airflow/example_dags/example_branch_operator_decorator.py
[2024-05-03T14:07:04.013-0500] {processor.py:830} INFO - Processing file /Users/paulamedina/airflow_env/lib/python3.12/site-packages/airflow/example_dags/example_branch_operator_decorator.py for tasks to queue
[2024-05-03T14:07:04.013-0500] {logging_mixin.py:188} INFO - [2024-05-03T14:07:04.013-0500] {dagbag.py:540} INFO - Filling up the DagBag from /Users/paulamedina/airflow_env/lib/python3.12/site-packages/airflow/example_dags/example_branch_operator_decorator.py
[2024-05-03T14:07:04.040-0500] {processor.py:842} WARNING - No viable dags retrieved from /Users/paulamedina/airflow_env/lib/python3.12/site-packages/airflow/example_dags/example_branch_operator_decorator.py
[2024-05-03T14:07:04.139-0500] {processor.py:183} INFO - Processing /Users/paulamedina/airflow_env/lib/python3.12/site-packages/airflow/example_dags/example_branch_operator_decorator.py took 0.130 seconds
[2024-05-03T14:11:31.185-0500] {processor.py:161} INFO - Started process (PID=71395) to work on /Users/paulamedina/airflow_env/lib/python3.12/site-packages/airflow/example_dags/example_branch_operator_decorator.py
[2024-05-03T14:11:31.186-0500] {processor.py:830} INFO - Processing file /Users/paulamedina/airflow_env/lib/python3.12/site-packages/airflow/example_dags/example_branch_operator_decorator.py for tasks to queue
[2024-05-03T14:11:31.187-0500] {logging_mixin.py:188} INFO - [2024-05-03T14:11:31.187-0500] {dagbag.py:540} INFO - Filling up the DagBag from /Users/paulamedina/airflow_env/lib/python3.12/site-packages/airflow/example_dags/example_branch_operator_decorator.py
[2024-05-03T14:11:31.211-0500] {processor.py:842} WARNING - No viable dags retrieved from /Users/paulamedina/airflow_env/lib/python3.12/site-packages/airflow/example_dags/example_branch_operator_decorator.py
[2024-05-03T14:11:31.297-0500] {processor.py:183} INFO - Processing /Users/paulamedina/airflow_env/lib/python3.12/site-packages/airflow/example_dags/example_branch_operator_decorator.py took 0.115 seconds
[2024-05-03T14:15:44.558-0500] {processor.py:161} INFO - Started process (PID=75827) to work on /Users/paulamedina/airflow_env/lib/python3.12/site-packages/airflow/example_dags/example_branch_operator_decorator.py
[2024-05-03T14:15:44.560-0500] {processor.py:830} INFO - Processing file /Users/paulamedina/airflow_env/lib/python3.12/site-packages/airflow/example_dags/example_branch_operator_decorator.py for tasks to queue
[2024-05-03T14:15:44.561-0500] {logging_mixin.py:188} INFO - [2024-05-03T14:15:44.561-0500] {dagbag.py:540} INFO - Filling up the DagBag from /Users/paulamedina/airflow_env/lib/python3.12/site-packages/airflow/example_dags/example_branch_operator_decorator.py
[2024-05-03T14:15:44.592-0500] {processor.py:842} WARNING - No viable dags retrieved from /Users/paulamedina/airflow_env/lib/python3.12/site-packages/airflow/example_dags/example_branch_operator_decorator.py
[2024-05-03T14:15:44.703-0500] {processor.py:183} INFO - Processing /Users/paulamedina/airflow_env/lib/python3.12/site-packages/airflow/example_dags/example_branch_operator_decorator.py took 0.148 seconds
[2024-05-03T14:20:05.849-0500] {processor.py:161} INFO - Started process (PID=80371) to work on /Users/paulamedina/airflow_env/lib/python3.12/site-packages/airflow/example_dags/example_branch_operator_decorator.py
[2024-05-03T14:20:05.851-0500] {processor.py:830} INFO - Processing file /Users/paulamedina/airflow_env/lib/python3.12/site-packages/airflow/example_dags/example_branch_operator_decorator.py for tasks to queue
[2024-05-03T14:20:05.852-0500] {logging_mixin.py:188} INFO - [2024-05-03T14:20:05.852-0500] {dagbag.py:540} INFO - Filling up the DagBag from /Users/paulamedina/airflow_env/lib/python3.12/site-packages/airflow/example_dags/example_branch_operator_decorator.py
[2024-05-03T14:20:05.879-0500] {processor.py:842} WARNING - No viable dags retrieved from /Users/paulamedina/airflow_env/lib/python3.12/site-packages/airflow/example_dags/example_branch_operator_decorator.py
[2024-05-03T14:20:05.980-0500] {processor.py:183} INFO - Processing /Users/paulamedina/airflow_env/lib/python3.12/site-packages/airflow/example_dags/example_branch_operator_decorator.py took 0.134 seconds
[2024-05-03T14:23:51.689-0500] {processor.py:161} INFO - Started process (PID=84368) to work on /Users/paulamedina/airflow_env/lib/python3.12/site-packages/airflow/example_dags/example_branch_operator_decorator.py
[2024-05-03T14:23:51.690-0500] {processor.py:830} INFO - Processing file /Users/paulamedina/airflow_env/lib/python3.12/site-packages/airflow/example_dags/example_branch_operator_decorator.py for tasks to queue
[2024-05-03T14:23:51.691-0500] {logging_mixin.py:188} INFO - [2024-05-03T14:23:51.691-0500] {dagbag.py:540} INFO - Filling up the DagBag from /Users/paulamedina/airflow_env/lib/python3.12/site-packages/airflow/example_dags/example_branch_operator_decorator.py
[2024-05-03T14:23:51.707-0500] {processor.py:842} WARNING - No viable dags retrieved from /Users/paulamedina/airflow_env/lib/python3.12/site-packages/airflow/example_dags/example_branch_operator_decorator.py
[2024-05-03T14:23:51.769-0500] {processor.py:183} INFO - Processing /Users/paulamedina/airflow_env/lib/python3.12/site-packages/airflow/example_dags/example_branch_operator_decorator.py took 0.081 seconds
[2024-05-03T14:27:04.297-0500] {processor.py:161} INFO - Started process (PID=87815) to work on /Users/paulamedina/airflow_env/lib/python3.12/site-packages/airflow/example_dags/example_branch_operator_decorator.py
[2024-05-03T14:27:04.298-0500] {processor.py:830} INFO - Processing file /Users/paulamedina/airflow_env/lib/python3.12/site-packages/airflow/example_dags/example_branch_operator_decorator.py for tasks to queue
[2024-05-03T14:27:04.298-0500] {logging_mixin.py:188} INFO - [2024-05-03T14:27:04.298-0500] {dagbag.py:540} INFO - Filling up the DagBag from /Users/paulamedina/airflow_env/lib/python3.12/site-packages/airflow/example_dags/example_branch_operator_decorator.py
[2024-05-03T14:27:04.315-0500] {processor.py:842} WARNING - No viable dags retrieved from /Users/paulamedina/airflow_env/lib/python3.12/site-packages/airflow/example_dags/example_branch_operator_decorator.py
[2024-05-03T14:27:04.375-0500] {processor.py:183} INFO - Processing /Users/paulamedina/airflow_env/lib/python3.12/site-packages/airflow/example_dags/example_branch_operator_decorator.py took 0.080 seconds
[2024-05-03T14:30:23.693-0500] {processor.py:161} INFO - Started process (PID=91144) to work on /Users/paulamedina/airflow_env/lib/python3.12/site-packages/airflow/example_dags/example_branch_operator_decorator.py
[2024-05-03T14:30:23.694-0500] {processor.py:830} INFO - Processing file /Users/paulamedina/airflow_env/lib/python3.12/site-packages/airflow/example_dags/example_branch_operator_decorator.py for tasks to queue
[2024-05-03T14:30:23.694-0500] {logging_mixin.py:188} INFO - [2024-05-03T14:30:23.694-0500] {dagbag.py:540} INFO - Filling up the DagBag from /Users/paulamedina/airflow_env/lib/python3.12/site-packages/airflow/example_dags/example_branch_operator_decorator.py
[2024-05-03T14:30:23.720-0500] {processor.py:842} WARNING - No viable dags retrieved from /Users/paulamedina/airflow_env/lib/python3.12/site-packages/airflow/example_dags/example_branch_operator_decorator.py
[2024-05-03T14:30:23.810-0500] {processor.py:183} INFO - Processing /Users/paulamedina/airflow_env/lib/python3.12/site-packages/airflow/example_dags/example_branch_operator_decorator.py took 0.121 seconds
[2024-05-03T14:33:49.799-0500] {processor.py:161} INFO - Started process (PID=94562) to work on /Users/paulamedina/airflow_env/lib/python3.12/site-packages/airflow/example_dags/example_branch_operator_decorator.py
[2024-05-03T14:33:49.800-0500] {processor.py:830} INFO - Processing file /Users/paulamedina/airflow_env/lib/python3.12/site-packages/airflow/example_dags/example_branch_operator_decorator.py for tasks to queue
[2024-05-03T14:33:49.801-0500] {logging_mixin.py:188} INFO - [2024-05-03T14:33:49.801-0500] {dagbag.py:540} INFO - Filling up the DagBag from /Users/paulamedina/airflow_env/lib/python3.12/site-packages/airflow/example_dags/example_branch_operator_decorator.py
[2024-05-03T14:33:49.818-0500] {processor.py:842} WARNING - No viable dags retrieved from /Users/paulamedina/airflow_env/lib/python3.12/site-packages/airflow/example_dags/example_branch_operator_decorator.py
[2024-05-03T14:33:49.878-0500] {processor.py:183} INFO - Processing /Users/paulamedina/airflow_env/lib/python3.12/site-packages/airflow/example_dags/example_branch_operator_decorator.py took 0.081 seconds
[2024-05-03T14:37:06.354-0500] {processor.py:161} INFO - Started process (PID=97831) to work on /Users/paulamedina/airflow_env/lib/python3.12/site-packages/airflow/example_dags/example_branch_operator_decorator.py
[2024-05-03T14:37:06.355-0500] {processor.py:830} INFO - Processing file /Users/paulamedina/airflow_env/lib/python3.12/site-packages/airflow/example_dags/example_branch_operator_decorator.py for tasks to queue
[2024-05-03T14:37:06.356-0500] {logging_mixin.py:188} INFO - [2024-05-03T14:37:06.355-0500] {dagbag.py:540} INFO - Filling up the DagBag from /Users/paulamedina/airflow_env/lib/python3.12/site-packages/airflow/example_dags/example_branch_operator_decorator.py
[2024-05-03T14:37:06.376-0500] {processor.py:842} WARNING - No viable dags retrieved from /Users/paulamedina/airflow_env/lib/python3.12/site-packages/airflow/example_dags/example_branch_operator_decorator.py
[2024-05-03T14:37:06.445-0500] {processor.py:183} INFO - Processing /Users/paulamedina/airflow_env/lib/python3.12/site-packages/airflow/example_dags/example_branch_operator_decorator.py took 0.093 seconds
[2024-05-03T14:40:30.725-0500] {processor.py:161} INFO - Started process (PID=1748) to work on /Users/paulamedina/airflow_env/lib/python3.12/site-packages/airflow/example_dags/example_branch_operator_decorator.py
[2024-05-03T14:40:30.726-0500] {processor.py:830} INFO - Processing file /Users/paulamedina/airflow_env/lib/python3.12/site-packages/airflow/example_dags/example_branch_operator_decorator.py for tasks to queue
[2024-05-03T14:40:30.727-0500] {logging_mixin.py:188} INFO - [2024-05-03T14:40:30.726-0500] {dagbag.py:540} INFO - Filling up the DagBag from /Users/paulamedina/airflow_env/lib/python3.12/site-packages/airflow/example_dags/example_branch_operator_decorator.py
[2024-05-03T14:40:30.747-0500] {processor.py:842} WARNING - No viable dags retrieved from /Users/paulamedina/airflow_env/lib/python3.12/site-packages/airflow/example_dags/example_branch_operator_decorator.py
[2024-05-03T14:40:30.819-0500] {processor.py:183} INFO - Processing /Users/paulamedina/airflow_env/lib/python3.12/site-packages/airflow/example_dags/example_branch_operator_decorator.py took 0.096 seconds
[2024-05-03T14:44:01.803-0500] {processor.py:161} INFO - Started process (PID=5337) to work on /Users/paulamedina/airflow_env/lib/python3.12/site-packages/airflow/example_dags/example_branch_operator_decorator.py
[2024-05-03T14:44:01.805-0500] {processor.py:830} INFO - Processing file /Users/paulamedina/airflow_env/lib/python3.12/site-packages/airflow/example_dags/example_branch_operator_decorator.py for tasks to queue
[2024-05-03T14:44:01.805-0500] {logging_mixin.py:188} INFO - [2024-05-03T14:44:01.805-0500] {dagbag.py:540} INFO - Filling up the DagBag from /Users/paulamedina/airflow_env/lib/python3.12/site-packages/airflow/example_dags/example_branch_operator_decorator.py
[2024-05-03T14:44:01.826-0500] {processor.py:842} WARNING - No viable dags retrieved from /Users/paulamedina/airflow_env/lib/python3.12/site-packages/airflow/example_dags/example_branch_operator_decorator.py
[2024-05-03T14:44:01.887-0500] {processor.py:183} INFO - Processing /Users/paulamedina/airflow_env/lib/python3.12/site-packages/airflow/example_dags/example_branch_operator_decorator.py took 0.086 seconds
[2024-05-03T14:47:26.048-0500] {processor.py:161} INFO - Started process (PID=8852) to work on /Users/paulamedina/airflow_env/lib/python3.12/site-packages/airflow/example_dags/example_branch_operator_decorator.py
[2024-05-03T14:47:26.050-0500] {processor.py:830} INFO - Processing file /Users/paulamedina/airflow_env/lib/python3.12/site-packages/airflow/example_dags/example_branch_operator_decorator.py for tasks to queue
[2024-05-03T14:47:26.050-0500] {logging_mixin.py:188} INFO - [2024-05-03T14:47:26.050-0500] {dagbag.py:540} INFO - Filling up the DagBag from /Users/paulamedina/airflow_env/lib/python3.12/site-packages/airflow/example_dags/example_branch_operator_decorator.py
[2024-05-03T14:47:26.072-0500] {processor.py:842} WARNING - No viable dags retrieved from /Users/paulamedina/airflow_env/lib/python3.12/site-packages/airflow/example_dags/example_branch_operator_decorator.py
[2024-05-03T14:47:26.141-0500] {processor.py:183} INFO - Processing /Users/paulamedina/airflow_env/lib/python3.12/site-packages/airflow/example_dags/example_branch_operator_decorator.py took 0.096 seconds
[2024-05-03T14:50:39.869-0500] {processor.py:161} INFO - Started process (PID=12112) to work on /Users/paulamedina/airflow_env/lib/python3.12/site-packages/airflow/example_dags/example_branch_operator_decorator.py
[2024-05-03T14:50:39.870-0500] {processor.py:830} INFO - Processing file /Users/paulamedina/airflow_env/lib/python3.12/site-packages/airflow/example_dags/example_branch_operator_decorator.py for tasks to queue
[2024-05-03T14:50:39.871-0500] {logging_mixin.py:188} INFO - [2024-05-03T14:50:39.871-0500] {dagbag.py:540} INFO - Filling up the DagBag from /Users/paulamedina/airflow_env/lib/python3.12/site-packages/airflow/example_dags/example_branch_operator_decorator.py
[2024-05-03T14:50:39.892-0500] {processor.py:842} WARNING - No viable dags retrieved from /Users/paulamedina/airflow_env/lib/python3.12/site-packages/airflow/example_dags/example_branch_operator_decorator.py
[2024-05-03T14:50:39.954-0500] {processor.py:183} INFO - Processing /Users/paulamedina/airflow_env/lib/python3.12/site-packages/airflow/example_dags/example_branch_operator_decorator.py took 0.087 seconds
[2024-05-03T14:53:43.568-0500] {processor.py:161} INFO - Started process (PID=15171) to work on /Users/paulamedina/airflow_env/lib/python3.12/site-packages/airflow/example_dags/example_branch_operator_decorator.py
[2024-05-03T14:53:43.569-0500] {processor.py:830} INFO - Processing file /Users/paulamedina/airflow_env/lib/python3.12/site-packages/airflow/example_dags/example_branch_operator_decorator.py for tasks to queue
[2024-05-03T14:53:43.570-0500] {logging_mixin.py:188} INFO - [2024-05-03T14:53:43.570-0500] {dagbag.py:540} INFO - Filling up the DagBag from /Users/paulamedina/airflow_env/lib/python3.12/site-packages/airflow/example_dags/example_branch_operator_decorator.py
[2024-05-03T14:53:43.590-0500] {processor.py:842} WARNING - No viable dags retrieved from /Users/paulamedina/airflow_env/lib/python3.12/site-packages/airflow/example_dags/example_branch_operator_decorator.py
[2024-05-03T14:53:43.662-0500] {processor.py:183} INFO - Processing /Users/paulamedina/airflow_env/lib/python3.12/site-packages/airflow/example_dags/example_branch_operator_decorator.py took 0.097 seconds
[2024-05-03T14:57:06.330-0500] {processor.py:161} INFO - Started process (PID=18540) to work on /Users/paulamedina/airflow_env/lib/python3.12/site-packages/airflow/example_dags/example_branch_operator_decorator.py
[2024-05-03T14:57:06.330-0500] {processor.py:830} INFO - Processing file /Users/paulamedina/airflow_env/lib/python3.12/site-packages/airflow/example_dags/example_branch_operator_decorator.py for tasks to queue
[2024-05-03T14:57:06.331-0500] {logging_mixin.py:188} INFO - [2024-05-03T14:57:06.331-0500] {dagbag.py:540} INFO - Filling up the DagBag from /Users/paulamedina/airflow_env/lib/python3.12/site-packages/airflow/example_dags/example_branch_operator_decorator.py
[2024-05-03T14:57:06.351-0500] {processor.py:842} WARNING - No viable dags retrieved from /Users/paulamedina/airflow_env/lib/python3.12/site-packages/airflow/example_dags/example_branch_operator_decorator.py
[2024-05-03T14:57:06.421-0500] {processor.py:183} INFO - Processing /Users/paulamedina/airflow_env/lib/python3.12/site-packages/airflow/example_dags/example_branch_operator_decorator.py took 0.093 seconds
[2024-05-03T15:00:25.924-0500] {processor.py:161} INFO - Started process (PID=21858) to work on /Users/paulamedina/airflow_env/lib/python3.12/site-packages/airflow/example_dags/example_branch_operator_decorator.py
[2024-05-03T15:00:25.926-0500] {processor.py:830} INFO - Processing file /Users/paulamedina/airflow_env/lib/python3.12/site-packages/airflow/example_dags/example_branch_operator_decorator.py for tasks to queue
[2024-05-03T15:00:25.927-0500] {logging_mixin.py:188} INFO - [2024-05-03T15:00:25.927-0500] {dagbag.py:540} INFO - Filling up the DagBag from /Users/paulamedina/airflow_env/lib/python3.12/site-packages/airflow/example_dags/example_branch_operator_decorator.py
[2024-05-03T15:00:25.951-0500] {processor.py:842} WARNING - No viable dags retrieved from /Users/paulamedina/airflow_env/lib/python3.12/site-packages/airflow/example_dags/example_branch_operator_decorator.py
[2024-05-03T15:00:26.040-0500] {processor.py:183} INFO - Processing /Users/paulamedina/airflow_env/lib/python3.12/site-packages/airflow/example_dags/example_branch_operator_decorator.py took 0.118 seconds
[2024-05-03T15:03:50.105-0500] {processor.py:161} INFO - Started process (PID=25254) to work on /Users/paulamedina/airflow_env/lib/python3.12/site-packages/airflow/example_dags/example_branch_operator_decorator.py
[2024-05-03T15:03:50.106-0500] {processor.py:830} INFO - Processing file /Users/paulamedina/airflow_env/lib/python3.12/site-packages/airflow/example_dags/example_branch_operator_decorator.py for tasks to queue
[2024-05-03T15:03:50.106-0500] {logging_mixin.py:188} INFO - [2024-05-03T15:03:50.106-0500] {dagbag.py:540} INFO - Filling up the DagBag from /Users/paulamedina/airflow_env/lib/python3.12/site-packages/airflow/example_dags/example_branch_operator_decorator.py
[2024-05-03T15:03:50.123-0500] {processor.py:842} WARNING - No viable dags retrieved from /Users/paulamedina/airflow_env/lib/python3.12/site-packages/airflow/example_dags/example_branch_operator_decorator.py
[2024-05-03T15:03:50.183-0500] {processor.py:183} INFO - Processing /Users/paulamedina/airflow_env/lib/python3.12/site-packages/airflow/example_dags/example_branch_operator_decorator.py took 0.080 seconds
[2024-05-03T15:07:14.215-0500] {processor.py:161} INFO - Started process (PID=28734) to work on /Users/paulamedina/airflow_env/lib/python3.12/site-packages/airflow/example_dags/example_branch_operator_decorator.py
[2024-05-03T15:07:14.216-0500] {processor.py:830} INFO - Processing file /Users/paulamedina/airflow_env/lib/python3.12/site-packages/airflow/example_dags/example_branch_operator_decorator.py for tasks to queue
[2024-05-03T15:07:14.216-0500] {logging_mixin.py:188} INFO - [2024-05-03T15:07:14.216-0500] {dagbag.py:540} INFO - Filling up the DagBag from /Users/paulamedina/airflow_env/lib/python3.12/site-packages/airflow/example_dags/example_branch_operator_decorator.py
[2024-05-03T15:07:14.236-0500] {processor.py:842} WARNING - No viable dags retrieved from /Users/paulamedina/airflow_env/lib/python3.12/site-packages/airflow/example_dags/example_branch_operator_decorator.py
[2024-05-03T15:07:14.305-0500] {processor.py:183} INFO - Processing /Users/paulamedina/airflow_env/lib/python3.12/site-packages/airflow/example_dags/example_branch_operator_decorator.py took 0.092 seconds
[2024-05-03T15:10:31.172-0500] {processor.py:161} INFO - Started process (PID=31995) to work on /Users/paulamedina/airflow_env/lib/python3.12/site-packages/airflow/example_dags/example_branch_operator_decorator.py
[2024-05-03T15:10:31.173-0500] {processor.py:830} INFO - Processing file /Users/paulamedina/airflow_env/lib/python3.12/site-packages/airflow/example_dags/example_branch_operator_decorator.py for tasks to queue
[2024-05-03T15:10:31.174-0500] {logging_mixin.py:188} INFO - [2024-05-03T15:10:31.173-0500] {dagbag.py:540} INFO - Filling up the DagBag from /Users/paulamedina/airflow_env/lib/python3.12/site-packages/airflow/example_dags/example_branch_operator_decorator.py
[2024-05-03T15:10:31.195-0500] {processor.py:842} WARNING - No viable dags retrieved from /Users/paulamedina/airflow_env/lib/python3.12/site-packages/airflow/example_dags/example_branch_operator_decorator.py
[2024-05-03T15:10:31.269-0500] {processor.py:183} INFO - Processing /Users/paulamedina/airflow_env/lib/python3.12/site-packages/airflow/example_dags/example_branch_operator_decorator.py took 0.099 seconds
[2024-05-03T15:13:53.437-0500] {processor.py:161} INFO - Started process (PID=35351) to work on /Users/paulamedina/airflow_env/lib/python3.12/site-packages/airflow/example_dags/example_branch_operator_decorator.py
[2024-05-03T15:13:53.437-0500] {processor.py:830} INFO - Processing file /Users/paulamedina/airflow_env/lib/python3.12/site-packages/airflow/example_dags/example_branch_operator_decorator.py for tasks to queue
[2024-05-03T15:13:53.438-0500] {logging_mixin.py:188} INFO - [2024-05-03T15:13:53.438-0500] {dagbag.py:540} INFO - Filling up the DagBag from /Users/paulamedina/airflow_env/lib/python3.12/site-packages/airflow/example_dags/example_branch_operator_decorator.py
[2024-05-03T15:13:53.455-0500] {processor.py:842} WARNING - No viable dags retrieved from /Users/paulamedina/airflow_env/lib/python3.12/site-packages/airflow/example_dags/example_branch_operator_decorator.py
[2024-05-03T15:13:53.518-0500] {processor.py:183} INFO - Processing /Users/paulamedina/airflow_env/lib/python3.12/site-packages/airflow/example_dags/example_branch_operator_decorator.py took 0.083 seconds
[2024-05-03T15:17:13.176-0500] {processor.py:161} INFO - Started process (PID=38697) to work on /Users/paulamedina/airflow_env/lib/python3.12/site-packages/airflow/example_dags/example_branch_operator_decorator.py
[2024-05-03T15:17:13.176-0500] {processor.py:830} INFO - Processing file /Users/paulamedina/airflow_env/lib/python3.12/site-packages/airflow/example_dags/example_branch_operator_decorator.py for tasks to queue
[2024-05-03T15:17:13.177-0500] {logging_mixin.py:188} INFO - [2024-05-03T15:17:13.177-0500] {dagbag.py:540} INFO - Filling up the DagBag from /Users/paulamedina/airflow_env/lib/python3.12/site-packages/airflow/example_dags/example_branch_operator_decorator.py
[2024-05-03T15:17:13.194-0500] {processor.py:842} WARNING - No viable dags retrieved from /Users/paulamedina/airflow_env/lib/python3.12/site-packages/airflow/example_dags/example_branch_operator_decorator.py
[2024-05-03T15:17:13.253-0500] {processor.py:183} INFO - Processing /Users/paulamedina/airflow_env/lib/python3.12/site-packages/airflow/example_dags/example_branch_operator_decorator.py took 0.079 seconds
[2024-05-03T15:20:21.416-0500] {processor.py:161} INFO - Started process (PID=41835) to work on /Users/paulamedina/airflow_env/lib/python3.12/site-packages/airflow/example_dags/example_branch_operator_decorator.py
[2024-05-03T15:20:21.417-0500] {processor.py:830} INFO - Processing file /Users/paulamedina/airflow_env/lib/python3.12/site-packages/airflow/example_dags/example_branch_operator_decorator.py for tasks to queue
[2024-05-03T15:20:21.417-0500] {logging_mixin.py:188} INFO - [2024-05-03T15:20:21.417-0500] {dagbag.py:540} INFO - Filling up the DagBag from /Users/paulamedina/airflow_env/lib/python3.12/site-packages/airflow/example_dags/example_branch_operator_decorator.py
[2024-05-03T15:20:21.434-0500] {processor.py:842} WARNING - No viable dags retrieved from /Users/paulamedina/airflow_env/lib/python3.12/site-packages/airflow/example_dags/example_branch_operator_decorator.py
[2024-05-03T15:20:21.496-0500] {processor.py:183} INFO - Processing /Users/paulamedina/airflow_env/lib/python3.12/site-packages/airflow/example_dags/example_branch_operator_decorator.py took 0.081 seconds
[2024-05-03T15:23:32.650-0500] {processor.py:161} INFO - Started process (PID=45094) to work on /Users/paulamedina/airflow_env/lib/python3.12/site-packages/airflow/example_dags/example_branch_operator_decorator.py
[2024-05-03T15:23:32.651-0500] {processor.py:830} INFO - Processing file /Users/paulamedina/airflow_env/lib/python3.12/site-packages/airflow/example_dags/example_branch_operator_decorator.py for tasks to queue
[2024-05-03T15:23:32.651-0500] {logging_mixin.py:188} INFO - [2024-05-03T15:23:32.651-0500] {dagbag.py:540} INFO - Filling up the DagBag from /Users/paulamedina/airflow_env/lib/python3.12/site-packages/airflow/example_dags/example_branch_operator_decorator.py
[2024-05-03T15:23:32.670-0500] {processor.py:842} WARNING - No viable dags retrieved from /Users/paulamedina/airflow_env/lib/python3.12/site-packages/airflow/example_dags/example_branch_operator_decorator.py
[2024-05-03T15:23:32.744-0500] {processor.py:183} INFO - Processing /Users/paulamedina/airflow_env/lib/python3.12/site-packages/airflow/example_dags/example_branch_operator_decorator.py took 0.097 seconds
[2024-05-03T15:26:40.814-0500] {processor.py:161} INFO - Started process (PID=48235) to work on /Users/paulamedina/airflow_env/lib/python3.12/site-packages/airflow/example_dags/example_branch_operator_decorator.py
[2024-05-03T15:26:40.815-0500] {processor.py:830} INFO - Processing file /Users/paulamedina/airflow_env/lib/python3.12/site-packages/airflow/example_dags/example_branch_operator_decorator.py for tasks to queue
[2024-05-03T15:26:40.816-0500] {logging_mixin.py:188} INFO - [2024-05-03T15:26:40.816-0500] {dagbag.py:540} INFO - Filling up the DagBag from /Users/paulamedina/airflow_env/lib/python3.12/site-packages/airflow/example_dags/example_branch_operator_decorator.py
[2024-05-03T15:26:40.837-0500] {processor.py:842} WARNING - No viable dags retrieved from /Users/paulamedina/airflow_env/lib/python3.12/site-packages/airflow/example_dags/example_branch_operator_decorator.py
[2024-05-03T15:26:40.906-0500] {processor.py:183} INFO - Processing /Users/paulamedina/airflow_env/lib/python3.12/site-packages/airflow/example_dags/example_branch_operator_decorator.py took 0.093 seconds
[2024-05-03T15:29:54.478-0500] {processor.py:161} INFO - Started process (PID=51450) to work on /Users/paulamedina/airflow_env/lib/python3.12/site-packages/airflow/example_dags/example_branch_operator_decorator.py
[2024-05-03T15:29:54.479-0500] {processor.py:830} INFO - Processing file /Users/paulamedina/airflow_env/lib/python3.12/site-packages/airflow/example_dags/example_branch_operator_decorator.py for tasks to queue
[2024-05-03T15:29:54.479-0500] {logging_mixin.py:188} INFO - [2024-05-03T15:29:54.479-0500] {dagbag.py:540} INFO - Filling up the DagBag from /Users/paulamedina/airflow_env/lib/python3.12/site-packages/airflow/example_dags/example_branch_operator_decorator.py
[2024-05-03T15:29:54.496-0500] {processor.py:842} WARNING - No viable dags retrieved from /Users/paulamedina/airflow_env/lib/python3.12/site-packages/airflow/example_dags/example_branch_operator_decorator.py
[2024-05-03T15:29:54.556-0500] {processor.py:183} INFO - Processing /Users/paulamedina/airflow_env/lib/python3.12/site-packages/airflow/example_dags/example_branch_operator_decorator.py took 0.080 seconds
[2024-05-03T15:33:09.008-0500] {processor.py:161} INFO - Started process (PID=54689) to work on /Users/paulamedina/airflow_env/lib/python3.12/site-packages/airflow/example_dags/example_branch_operator_decorator.py
[2024-05-03T15:33:09.008-0500] {processor.py:830} INFO - Processing file /Users/paulamedina/airflow_env/lib/python3.12/site-packages/airflow/example_dags/example_branch_operator_decorator.py for tasks to queue
[2024-05-03T15:33:09.009-0500] {logging_mixin.py:188} INFO - [2024-05-03T15:33:09.009-0500] {dagbag.py:540} INFO - Filling up the DagBag from /Users/paulamedina/airflow_env/lib/python3.12/site-packages/airflow/example_dags/example_branch_operator_decorator.py
[2024-05-03T15:33:09.026-0500] {processor.py:842} WARNING - No viable dags retrieved from /Users/paulamedina/airflow_env/lib/python3.12/site-packages/airflow/example_dags/example_branch_operator_decorator.py
[2024-05-03T15:33:09.092-0500] {processor.py:183} INFO - Processing /Users/paulamedina/airflow_env/lib/python3.12/site-packages/airflow/example_dags/example_branch_operator_decorator.py took 0.086 seconds
[2024-05-03T15:36:31.693-0500] {processor.py:161} INFO - Started process (PID=58216) to work on /Users/paulamedina/airflow_env/lib/python3.12/site-packages/airflow/example_dags/example_branch_operator_decorator.py
[2024-05-03T15:36:31.693-0500] {processor.py:830} INFO - Processing file /Users/paulamedina/airflow_env/lib/python3.12/site-packages/airflow/example_dags/example_branch_operator_decorator.py for tasks to queue
[2024-05-03T15:36:31.694-0500] {logging_mixin.py:188} INFO - [2024-05-03T15:36:31.694-0500] {dagbag.py:540} INFO - Filling up the DagBag from /Users/paulamedina/airflow_env/lib/python3.12/site-packages/airflow/example_dags/example_branch_operator_decorator.py
[2024-05-03T15:36:31.713-0500] {processor.py:842} WARNING - No viable dags retrieved from /Users/paulamedina/airflow_env/lib/python3.12/site-packages/airflow/example_dags/example_branch_operator_decorator.py
[2024-05-03T15:36:31.784-0500] {processor.py:183} INFO - Processing /Users/paulamedina/airflow_env/lib/python3.12/site-packages/airflow/example_dags/example_branch_operator_decorator.py took 0.094 seconds
[2024-05-03T15:40:31.847-0500] {processor.py:161} INFO - Started process (PID=62498) to work on /Users/paulamedina/airflow_env/lib/python3.12/site-packages/airflow/example_dags/example_branch_operator_decorator.py
[2024-05-03T15:40:31.848-0500] {processor.py:830} INFO - Processing file /Users/paulamedina/airflow_env/lib/python3.12/site-packages/airflow/example_dags/example_branch_operator_decorator.py for tasks to queue
[2024-05-03T15:40:31.849-0500] {logging_mixin.py:188} INFO - [2024-05-03T15:40:31.849-0500] {dagbag.py:540} INFO - Filling up the DagBag from /Users/paulamedina/airflow_env/lib/python3.12/site-packages/airflow/example_dags/example_branch_operator_decorator.py
[2024-05-03T15:40:31.873-0500] {processor.py:842} WARNING - No viable dags retrieved from /Users/paulamedina/airflow_env/lib/python3.12/site-packages/airflow/example_dags/example_branch_operator_decorator.py
[2024-05-03T15:40:31.961-0500] {processor.py:183} INFO - Processing /Users/paulamedina/airflow_env/lib/python3.12/site-packages/airflow/example_dags/example_branch_operator_decorator.py took 0.117 seconds
[2024-05-03T15:44:51.701-0500] {processor.py:161} INFO - Started process (PID=67129) to work on /Users/paulamedina/airflow_env/lib/python3.12/site-packages/airflow/example_dags/example_branch_operator_decorator.py
[2024-05-03T15:44:51.702-0500] {processor.py:830} INFO - Processing file /Users/paulamedina/airflow_env/lib/python3.12/site-packages/airflow/example_dags/example_branch_operator_decorator.py for tasks to queue
[2024-05-03T15:44:51.703-0500] {logging_mixin.py:188} INFO - [2024-05-03T15:44:51.703-0500] {dagbag.py:540} INFO - Filling up the DagBag from /Users/paulamedina/airflow_env/lib/python3.12/site-packages/airflow/example_dags/example_branch_operator_decorator.py
[2024-05-03T15:44:51.726-0500] {processor.py:842} WARNING - No viable dags retrieved from /Users/paulamedina/airflow_env/lib/python3.12/site-packages/airflow/example_dags/example_branch_operator_decorator.py
[2024-05-03T15:44:51.803-0500] {processor.py:183} INFO - Processing /Users/paulamedina/airflow_env/lib/python3.12/site-packages/airflow/example_dags/example_branch_operator_decorator.py took 0.104 seconds
[2024-05-03T15:48:40.807-0500] {processor.py:161} INFO - Started process (PID=71154) to work on /Users/paulamedina/airflow_env/lib/python3.12/site-packages/airflow/example_dags/example_branch_operator_decorator.py
[2024-05-03T15:48:40.808-0500] {processor.py:830} INFO - Processing file /Users/paulamedina/airflow_env/lib/python3.12/site-packages/airflow/example_dags/example_branch_operator_decorator.py for tasks to queue
[2024-05-03T15:48:40.809-0500] {logging_mixin.py:188} INFO - [2024-05-03T15:48:40.809-0500] {dagbag.py:540} INFO - Filling up the DagBag from /Users/paulamedina/airflow_env/lib/python3.12/site-packages/airflow/example_dags/example_branch_operator_decorator.py
[2024-05-03T15:48:40.832-0500] {processor.py:842} WARNING - No viable dags retrieved from /Users/paulamedina/airflow_env/lib/python3.12/site-packages/airflow/example_dags/example_branch_operator_decorator.py
[2024-05-03T15:48:40.906-0500] {processor.py:183} INFO - Processing /Users/paulamedina/airflow_env/lib/python3.12/site-packages/airflow/example_dags/example_branch_operator_decorator.py took 0.102 seconds
[2024-05-03T15:52:32.510-0500] {processor.py:161} INFO - Started process (PID=75125) to work on /Users/paulamedina/airflow_env/lib/python3.12/site-packages/airflow/example_dags/example_branch_operator_decorator.py
[2024-05-03T15:52:32.511-0500] {processor.py:830} INFO - Processing file /Users/paulamedina/airflow_env/lib/python3.12/site-packages/airflow/example_dags/example_branch_operator_decorator.py for tasks to queue
[2024-05-03T15:52:32.512-0500] {logging_mixin.py:188} INFO - [2024-05-03T15:52:32.511-0500] {dagbag.py:540} INFO - Filling up the DagBag from /Users/paulamedina/airflow_env/lib/python3.12/site-packages/airflow/example_dags/example_branch_operator_decorator.py
[2024-05-03T15:52:32.536-0500] {processor.py:842} WARNING - No viable dags retrieved from /Users/paulamedina/airflow_env/lib/python3.12/site-packages/airflow/example_dags/example_branch_operator_decorator.py
[2024-05-03T15:52:32.619-0500] {processor.py:183} INFO - Processing /Users/paulamedina/airflow_env/lib/python3.12/site-packages/airflow/example_dags/example_branch_operator_decorator.py took 0.112 seconds
[2024-05-03T15:56:20.734-0500] {processor.py:161} INFO - Started process (PID=78994) to work on /Users/paulamedina/airflow_env/lib/python3.12/site-packages/airflow/example_dags/example_branch_operator_decorator.py
[2024-05-03T15:56:20.735-0500] {processor.py:830} INFO - Processing file /Users/paulamedina/airflow_env/lib/python3.12/site-packages/airflow/example_dags/example_branch_operator_decorator.py for tasks to queue
[2024-05-03T15:56:20.736-0500] {logging_mixin.py:188} INFO - [2024-05-03T15:56:20.736-0500] {dagbag.py:540} INFO - Filling up the DagBag from /Users/paulamedina/airflow_env/lib/python3.12/site-packages/airflow/example_dags/example_branch_operator_decorator.py
[2024-05-03T15:56:20.759-0500] {processor.py:842} WARNING - No viable dags retrieved from /Users/paulamedina/airflow_env/lib/python3.12/site-packages/airflow/example_dags/example_branch_operator_decorator.py
[2024-05-03T15:56:20.840-0500] {processor.py:183} INFO - Processing /Users/paulamedina/airflow_env/lib/python3.12/site-packages/airflow/example_dags/example_branch_operator_decorator.py took 0.108 seconds
[2024-05-03T16:00:09.030-0500] {processor.py:161} INFO - Started process (PID=82775) to work on /Users/paulamedina/airflow_env/lib/python3.12/site-packages/airflow/example_dags/example_branch_operator_decorator.py
[2024-05-03T16:00:09.031-0500] {processor.py:830} INFO - Processing file /Users/paulamedina/airflow_env/lib/python3.12/site-packages/airflow/example_dags/example_branch_operator_decorator.py for tasks to queue
[2024-05-03T16:00:09.032-0500] {logging_mixin.py:188} INFO - [2024-05-03T16:00:09.031-0500] {dagbag.py:540} INFO - Filling up the DagBag from /Users/paulamedina/airflow_env/lib/python3.12/site-packages/airflow/example_dags/example_branch_operator_decorator.py
[2024-05-03T16:00:09.056-0500] {processor.py:842} WARNING - No viable dags retrieved from /Users/paulamedina/airflow_env/lib/python3.12/site-packages/airflow/example_dags/example_branch_operator_decorator.py
[2024-05-03T16:00:09.148-0500] {processor.py:183} INFO - Processing /Users/paulamedina/airflow_env/lib/python3.12/site-packages/airflow/example_dags/example_branch_operator_decorator.py took 0.121 seconds
[2024-05-03T16:04:11.678-0500] {processor.py:161} INFO - Started process (PID=87050) to work on /Users/paulamedina/airflow_env/lib/python3.12/site-packages/airflow/example_dags/example_branch_operator_decorator.py
[2024-05-03T16:04:11.679-0500] {processor.py:830} INFO - Processing file /Users/paulamedina/airflow_env/lib/python3.12/site-packages/airflow/example_dags/example_branch_operator_decorator.py for tasks to queue
[2024-05-03T16:04:11.679-0500] {logging_mixin.py:188} INFO - [2024-05-03T16:04:11.679-0500] {dagbag.py:540} INFO - Filling up the DagBag from /Users/paulamedina/airflow_env/lib/python3.12/site-packages/airflow/example_dags/example_branch_operator_decorator.py
[2024-05-03T16:04:11.703-0500] {processor.py:842} WARNING - No viable dags retrieved from /Users/paulamedina/airflow_env/lib/python3.12/site-packages/airflow/example_dags/example_branch_operator_decorator.py
[2024-05-03T16:04:11.785-0500] {processor.py:183} INFO - Processing /Users/paulamedina/airflow_env/lib/python3.12/site-packages/airflow/example_dags/example_branch_operator_decorator.py took 0.110 seconds
[2024-05-03T16:08:13.215-0500] {processor.py:161} INFO - Started process (PID=91326) to work on /Users/paulamedina/airflow_env/lib/python3.12/site-packages/airflow/example_dags/example_branch_operator_decorator.py
[2024-05-03T16:08:13.217-0500] {processor.py:830} INFO - Processing file /Users/paulamedina/airflow_env/lib/python3.12/site-packages/airflow/example_dags/example_branch_operator_decorator.py for tasks to queue
[2024-05-03T16:08:13.218-0500] {logging_mixin.py:188} INFO - [2024-05-03T16:08:13.218-0500] {dagbag.py:540} INFO - Filling up the DagBag from /Users/paulamedina/airflow_env/lib/python3.12/site-packages/airflow/example_dags/example_branch_operator_decorator.py
[2024-05-03T16:08:13.239-0500] {processor.py:842} WARNING - No viable dags retrieved from /Users/paulamedina/airflow_env/lib/python3.12/site-packages/airflow/example_dags/example_branch_operator_decorator.py
[2024-05-03T16:08:13.316-0500] {processor.py:183} INFO - Processing /Users/paulamedina/airflow_env/lib/python3.12/site-packages/airflow/example_dags/example_branch_operator_decorator.py took 0.103 seconds
[2024-05-03T16:12:21.067-0500] {processor.py:161} INFO - Started process (PID=95680) to work on /Users/paulamedina/airflow_env/lib/python3.12/site-packages/airflow/example_dags/example_branch_operator_decorator.py
[2024-05-03T16:12:21.068-0500] {processor.py:830} INFO - Processing file /Users/paulamedina/airflow_env/lib/python3.12/site-packages/airflow/example_dags/example_branch_operator_decorator.py for tasks to queue
[2024-05-03T16:12:21.069-0500] {logging_mixin.py:188} INFO - [2024-05-03T16:12:21.069-0500] {dagbag.py:540} INFO - Filling up the DagBag from /Users/paulamedina/airflow_env/lib/python3.12/site-packages/airflow/example_dags/example_branch_operator_decorator.py
[2024-05-03T16:12:21.091-0500] {processor.py:842} WARNING - No viable dags retrieved from /Users/paulamedina/airflow_env/lib/python3.12/site-packages/airflow/example_dags/example_branch_operator_decorator.py
[2024-05-03T16:12:21.162-0500] {processor.py:183} INFO - Processing /Users/paulamedina/airflow_env/lib/python3.12/site-packages/airflow/example_dags/example_branch_operator_decorator.py took 0.097 seconds
[2024-05-03T16:16:11.550-0500] {processor.py:161} INFO - Started process (PID=99869) to work on /Users/paulamedina/airflow_env/lib/python3.12/site-packages/airflow/example_dags/example_branch_operator_decorator.py
[2024-05-03T16:16:11.553-0500] {processor.py:830} INFO - Processing file /Users/paulamedina/airflow_env/lib/python3.12/site-packages/airflow/example_dags/example_branch_operator_decorator.py for tasks to queue
[2024-05-03T16:16:11.554-0500] {logging_mixin.py:188} INFO - [2024-05-03T16:16:11.554-0500] {dagbag.py:540} INFO - Filling up the DagBag from /Users/paulamedina/airflow_env/lib/python3.12/site-packages/airflow/example_dags/example_branch_operator_decorator.py
[2024-05-03T16:16:11.608-0500] {processor.py:842} WARNING - No viable dags retrieved from /Users/paulamedina/airflow_env/lib/python3.12/site-packages/airflow/example_dags/example_branch_operator_decorator.py
[2024-05-03T16:16:11.918-0500] {processor.py:183} INFO - Processing /Users/paulamedina/airflow_env/lib/python3.12/site-packages/airflow/example_dags/example_branch_operator_decorator.py took 0.373 seconds
[2024-05-03T16:20:51.280-0500] {processor.py:161} INFO - Started process (PID=5410) to work on /Users/paulamedina/airflow_env/lib/python3.12/site-packages/airflow/example_dags/example_branch_operator_decorator.py
[2024-05-03T16:20:51.281-0500] {processor.py:830} INFO - Processing file /Users/paulamedina/airflow_env/lib/python3.12/site-packages/airflow/example_dags/example_branch_operator_decorator.py for tasks to queue
[2024-05-03T16:20:51.282-0500] {logging_mixin.py:188} INFO - [2024-05-03T16:20:51.282-0500] {dagbag.py:540} INFO - Filling up the DagBag from /Users/paulamedina/airflow_env/lib/python3.12/site-packages/airflow/example_dags/example_branch_operator_decorator.py
[2024-05-03T16:20:51.304-0500] {processor.py:842} WARNING - No viable dags retrieved from /Users/paulamedina/airflow_env/lib/python3.12/site-packages/airflow/example_dags/example_branch_operator_decorator.py
[2024-05-03T16:20:51.376-0500] {processor.py:183} INFO - Processing /Users/paulamedina/airflow_env/lib/python3.12/site-packages/airflow/example_dags/example_branch_operator_decorator.py took 0.099 seconds
[2024-05-03T16:31:31.328-0500] {processor.py:161} INFO - Started process (PID=16900) to work on /Users/paulamedina/airflow_env/lib/python3.12/site-packages/airflow/example_dags/example_branch_operator_decorator.py
[2024-05-03T16:31:31.330-0500] {processor.py:830} INFO - Processing file /Users/paulamedina/airflow_env/lib/python3.12/site-packages/airflow/example_dags/example_branch_operator_decorator.py for tasks to queue
[2024-05-03T16:31:31.331-0500] {logging_mixin.py:188} INFO - [2024-05-03T16:31:31.331-0500] {dagbag.py:540} INFO - Filling up the DagBag from /Users/paulamedina/airflow_env/lib/python3.12/site-packages/airflow/example_dags/example_branch_operator_decorator.py
[2024-05-03T16:31:31.351-0500] {processor.py:842} WARNING - No viable dags retrieved from /Users/paulamedina/airflow_env/lib/python3.12/site-packages/airflow/example_dags/example_branch_operator_decorator.py
[2024-05-03T16:31:31.417-0500] {processor.py:183} INFO - Processing /Users/paulamedina/airflow_env/lib/python3.12/site-packages/airflow/example_dags/example_branch_operator_decorator.py took 0.091 seconds
[2024-05-03T16:35:23.780-0500] {processor.py:161} INFO - Started process (PID=21048) to work on /Users/paulamedina/airflow_env/lib/python3.12/site-packages/airflow/example_dags/example_branch_operator_decorator.py
[2024-05-03T16:35:23.782-0500] {processor.py:830} INFO - Processing file /Users/paulamedina/airflow_env/lib/python3.12/site-packages/airflow/example_dags/example_branch_operator_decorator.py for tasks to queue
[2024-05-03T16:35:23.782-0500] {logging_mixin.py:188} INFO - [2024-05-03T16:35:23.782-0500] {dagbag.py:540} INFO - Filling up the DagBag from /Users/paulamedina/airflow_env/lib/python3.12/site-packages/airflow/example_dags/example_branch_operator_decorator.py
[2024-05-03T16:35:23.806-0500] {processor.py:842} WARNING - No viable dags retrieved from /Users/paulamedina/airflow_env/lib/python3.12/site-packages/airflow/example_dags/example_branch_operator_decorator.py
[2024-05-03T16:35:23.891-0500] {processor.py:183} INFO - Processing /Users/paulamedina/airflow_env/lib/python3.12/site-packages/airflow/example_dags/example_branch_operator_decorator.py took 0.115 seconds
[2024-05-03T16:39:46.458-0500] {processor.py:161} INFO - Started process (PID=25824) to work on /Users/paulamedina/airflow_env/lib/python3.12/site-packages/airflow/example_dags/example_branch_operator_decorator.py
[2024-05-03T16:39:46.459-0500] {processor.py:830} INFO - Processing file /Users/paulamedina/airflow_env/lib/python3.12/site-packages/airflow/example_dags/example_branch_operator_decorator.py for tasks to queue
[2024-05-03T16:39:46.460-0500] {logging_mixin.py:188} INFO - [2024-05-03T16:39:46.460-0500] {dagbag.py:540} INFO - Filling up the DagBag from /Users/paulamedina/airflow_env/lib/python3.12/site-packages/airflow/example_dags/example_branch_operator_decorator.py
[2024-05-03T16:39:46.493-0500] {processor.py:842} WARNING - No viable dags retrieved from /Users/paulamedina/airflow_env/lib/python3.12/site-packages/airflow/example_dags/example_branch_operator_decorator.py
[2024-05-03T16:39:46.607-0500] {processor.py:183} INFO - Processing /Users/paulamedina/airflow_env/lib/python3.12/site-packages/airflow/example_dags/example_branch_operator_decorator.py took 0.153 seconds
[2024-05-03T16:45:25.449-0500] {processor.py:161} INFO - Started process (PID=31758) to work on /Users/paulamedina/airflow_env/lib/python3.12/site-packages/airflow/example_dags/example_branch_operator_decorator.py
[2024-05-03T16:45:25.451-0500] {processor.py:830} INFO - Processing file /Users/paulamedina/airflow_env/lib/python3.12/site-packages/airflow/example_dags/example_branch_operator_decorator.py for tasks to queue
[2024-05-03T16:45:25.451-0500] {logging_mixin.py:188} INFO - [2024-05-03T16:45:25.451-0500] {dagbag.py:540} INFO - Filling up the DagBag from /Users/paulamedina/airflow_env/lib/python3.12/site-packages/airflow/example_dags/example_branch_operator_decorator.py
[2024-05-03T16:45:25.475-0500] {processor.py:842} WARNING - No viable dags retrieved from /Users/paulamedina/airflow_env/lib/python3.12/site-packages/airflow/example_dags/example_branch_operator_decorator.py
[2024-05-03T16:45:25.555-0500] {processor.py:183} INFO - Processing /Users/paulamedina/airflow_env/lib/python3.12/site-packages/airflow/example_dags/example_branch_operator_decorator.py took 0.109 seconds
[2024-05-03T16:49:23.530-0500] {processor.py:161} INFO - Started process (PID=36020) to work on /Users/paulamedina/airflow_env/lib/python3.12/site-packages/airflow/example_dags/example_branch_operator_decorator.py
[2024-05-03T16:49:23.532-0500] {processor.py:830} INFO - Processing file /Users/paulamedina/airflow_env/lib/python3.12/site-packages/airflow/example_dags/example_branch_operator_decorator.py for tasks to queue
[2024-05-03T16:49:23.533-0500] {logging_mixin.py:188} INFO - [2024-05-03T16:49:23.532-0500] {dagbag.py:540} INFO - Filling up the DagBag from /Users/paulamedina/airflow_env/lib/python3.12/site-packages/airflow/example_dags/example_branch_operator_decorator.py
[2024-05-03T16:49:23.559-0500] {processor.py:842} WARNING - No viable dags retrieved from /Users/paulamedina/airflow_env/lib/python3.12/site-packages/airflow/example_dags/example_branch_operator_decorator.py
[2024-05-03T16:49:23.638-0500] {processor.py:183} INFO - Processing /Users/paulamedina/airflow_env/lib/python3.12/site-packages/airflow/example_dags/example_branch_operator_decorator.py took 0.111 seconds
[2024-05-03T16:53:43.276-0500] {processor.py:161} INFO - Started process (PID=40645) to work on /Users/paulamedina/airflow_env/lib/python3.12/site-packages/airflow/example_dags/example_branch_operator_decorator.py
[2024-05-03T16:53:43.278-0500] {processor.py:830} INFO - Processing file /Users/paulamedina/airflow_env/lib/python3.12/site-packages/airflow/example_dags/example_branch_operator_decorator.py for tasks to queue
[2024-05-03T16:53:43.278-0500] {logging_mixin.py:188} INFO - [2024-05-03T16:53:43.278-0500] {dagbag.py:540} INFO - Filling up the DagBag from /Users/paulamedina/airflow_env/lib/python3.12/site-packages/airflow/example_dags/example_branch_operator_decorator.py
[2024-05-03T16:53:43.305-0500] {processor.py:842} WARNING - No viable dags retrieved from /Users/paulamedina/airflow_env/lib/python3.12/site-packages/airflow/example_dags/example_branch_operator_decorator.py
[2024-05-03T16:53:43.387-0500] {processor.py:183} INFO - Processing /Users/paulamedina/airflow_env/lib/python3.12/site-packages/airflow/example_dags/example_branch_operator_decorator.py took 0.113 seconds
[2024-05-03T16:57:46.105-0500] {processor.py:161} INFO - Started process (PID=45289) to work on /Users/paulamedina/airflow_env/lib/python3.12/site-packages/airflow/example_dags/example_branch_operator_decorator.py
[2024-05-03T16:57:46.109-0500] {processor.py:830} INFO - Processing file /Users/paulamedina/airflow_env/lib/python3.12/site-packages/airflow/example_dags/example_branch_operator_decorator.py for tasks to queue
[2024-05-03T16:57:46.110-0500] {logging_mixin.py:188} INFO - [2024-05-03T16:57:46.110-0500] {dagbag.py:540} INFO - Filling up the DagBag from /Users/paulamedina/airflow_env/lib/python3.12/site-packages/airflow/example_dags/example_branch_operator_decorator.py
[2024-05-03T16:57:46.150-0500] {processor.py:842} WARNING - No viable dags retrieved from /Users/paulamedina/airflow_env/lib/python3.12/site-packages/airflow/example_dags/example_branch_operator_decorator.py
[2024-05-03T16:57:46.297-0500] {processor.py:183} INFO - Processing /Users/paulamedina/airflow_env/lib/python3.12/site-packages/airflow/example_dags/example_branch_operator_decorator.py took 0.196 seconds
[2024-05-03T17:02:14.982-0500] {processor.py:161} INFO - Started process (PID=50284) to work on /Users/paulamedina/airflow_env/lib/python3.12/site-packages/airflow/example_dags/example_branch_operator_decorator.py
[2024-05-03T17:02:14.982-0500] {processor.py:830} INFO - Processing file /Users/paulamedina/airflow_env/lib/python3.12/site-packages/airflow/example_dags/example_branch_operator_decorator.py for tasks to queue
[2024-05-03T17:02:14.983-0500] {logging_mixin.py:188} INFO - [2024-05-03T17:02:14.983-0500] {dagbag.py:540} INFO - Filling up the DagBag from /Users/paulamedina/airflow_env/lib/python3.12/site-packages/airflow/example_dags/example_branch_operator_decorator.py
[2024-05-03T17:02:15.004-0500] {processor.py:842} WARNING - No viable dags retrieved from /Users/paulamedina/airflow_env/lib/python3.12/site-packages/airflow/example_dags/example_branch_operator_decorator.py
[2024-05-03T17:02:15.079-0500] {processor.py:183} INFO - Processing /Users/paulamedina/airflow_env/lib/python3.12/site-packages/airflow/example_dags/example_branch_operator_decorator.py took 0.100 seconds
[2024-05-03T17:07:00.933-0500] {processor.py:161} INFO - Started process (PID=55821) to work on /Users/paulamedina/airflow_env/lib/python3.12/site-packages/airflow/example_dags/example_branch_operator_decorator.py
[2024-05-03T17:07:00.935-0500] {processor.py:830} INFO - Processing file /Users/paulamedina/airflow_env/lib/python3.12/site-packages/airflow/example_dags/example_branch_operator_decorator.py for tasks to queue
[2024-05-03T17:07:00.937-0500] {logging_mixin.py:188} INFO - [2024-05-03T17:07:00.936-0500] {dagbag.py:540} INFO - Filling up the DagBag from /Users/paulamedina/airflow_env/lib/python3.12/site-packages/airflow/example_dags/example_branch_operator_decorator.py
[2024-05-03T17:07:00.972-0500] {processor.py:842} WARNING - No viable dags retrieved from /Users/paulamedina/airflow_env/lib/python3.12/site-packages/airflow/example_dags/example_branch_operator_decorator.py
[2024-05-03T17:07:01.091-0500] {processor.py:183} INFO - Processing /Users/paulamedina/airflow_env/lib/python3.12/site-packages/airflow/example_dags/example_branch_operator_decorator.py took 0.161 seconds
[2024-05-03T17:11:14.042-0500] {processor.py:161} INFO - Started process (PID=60630) to work on /Users/paulamedina/airflow_env/lib/python3.12/site-packages/airflow/example_dags/example_branch_operator_decorator.py
[2024-05-03T17:11:14.043-0500] {processor.py:830} INFO - Processing file /Users/paulamedina/airflow_env/lib/python3.12/site-packages/airflow/example_dags/example_branch_operator_decorator.py for tasks to queue
[2024-05-03T17:11:14.044-0500] {logging_mixin.py:188} INFO - [2024-05-03T17:11:14.044-0500] {dagbag.py:540} INFO - Filling up the DagBag from /Users/paulamedina/airflow_env/lib/python3.12/site-packages/airflow/example_dags/example_branch_operator_decorator.py
[2024-05-03T17:11:14.065-0500] {processor.py:842} WARNING - No viable dags retrieved from /Users/paulamedina/airflow_env/lib/python3.12/site-packages/airflow/example_dags/example_branch_operator_decorator.py
[2024-05-03T17:11:14.139-0500] {processor.py:183} INFO - Processing /Users/paulamedina/airflow_env/lib/python3.12/site-packages/airflow/example_dags/example_branch_operator_decorator.py took 0.100 seconds
[2024-05-03T17:15:18.729-0500] {processor.py:161} INFO - Started process (PID=65032) to work on /Users/paulamedina/airflow_env/lib/python3.12/site-packages/airflow/example_dags/example_branch_operator_decorator.py
[2024-05-03T17:15:18.731-0500] {processor.py:830} INFO - Processing file /Users/paulamedina/airflow_env/lib/python3.12/site-packages/airflow/example_dags/example_branch_operator_decorator.py for tasks to queue
[2024-05-03T17:15:18.731-0500] {logging_mixin.py:188} INFO - [2024-05-03T17:15:18.731-0500] {dagbag.py:540} INFO - Filling up the DagBag from /Users/paulamedina/airflow_env/lib/python3.12/site-packages/airflow/example_dags/example_branch_operator_decorator.py
[2024-05-03T17:15:18.758-0500] {processor.py:842} WARNING - No viable dags retrieved from /Users/paulamedina/airflow_env/lib/python3.12/site-packages/airflow/example_dags/example_branch_operator_decorator.py
[2024-05-03T17:15:18.844-0500] {processor.py:183} INFO - Processing /Users/paulamedina/airflow_env/lib/python3.12/site-packages/airflow/example_dags/example_branch_operator_decorator.py took 0.118 seconds
[2024-05-03T17:19:34.049-0500] {processor.py:161} INFO - Started process (PID=69661) to work on /Users/paulamedina/airflow_env/lib/python3.12/site-packages/airflow/example_dags/example_branch_operator_decorator.py
[2024-05-03T17:19:34.050-0500] {processor.py:830} INFO - Processing file /Users/paulamedina/airflow_env/lib/python3.12/site-packages/airflow/example_dags/example_branch_operator_decorator.py for tasks to queue
[2024-05-03T17:19:34.051-0500] {logging_mixin.py:188} INFO - [2024-05-03T17:19:34.051-0500] {dagbag.py:540} INFO - Filling up the DagBag from /Users/paulamedina/airflow_env/lib/python3.12/site-packages/airflow/example_dags/example_branch_operator_decorator.py
[2024-05-03T17:19:34.076-0500] {processor.py:842} WARNING - No viable dags retrieved from /Users/paulamedina/airflow_env/lib/python3.12/site-packages/airflow/example_dags/example_branch_operator_decorator.py
[2024-05-03T17:19:34.162-0500] {processor.py:183} INFO - Processing /Users/paulamedina/airflow_env/lib/python3.12/site-packages/airflow/example_dags/example_branch_operator_decorator.py took 0.116 seconds
[2024-05-03T17:23:31.645-0500] {processor.py:161} INFO - Started process (PID=73913) to work on /Users/paulamedina/airflow_env/lib/python3.12/site-packages/airflow/example_dags/example_branch_operator_decorator.py
[2024-05-03T17:23:31.646-0500] {processor.py:830} INFO - Processing file /Users/paulamedina/airflow_env/lib/python3.12/site-packages/airflow/example_dags/example_branch_operator_decorator.py for tasks to queue
[2024-05-03T17:23:31.647-0500] {logging_mixin.py:188} INFO - [2024-05-03T17:23:31.647-0500] {dagbag.py:540} INFO - Filling up the DagBag from /Users/paulamedina/airflow_env/lib/python3.12/site-packages/airflow/example_dags/example_branch_operator_decorator.py
[2024-05-03T17:23:31.670-0500] {processor.py:842} WARNING - No viable dags retrieved from /Users/paulamedina/airflow_env/lib/python3.12/site-packages/airflow/example_dags/example_branch_operator_decorator.py
[2024-05-03T17:23:31.746-0500] {processor.py:183} INFO - Processing /Users/paulamedina/airflow_env/lib/python3.12/site-packages/airflow/example_dags/example_branch_operator_decorator.py took 0.104 seconds
[2024-05-03T17:27:47.591-0500] {processor.py:161} INFO - Started process (PID=78566) to work on /Users/paulamedina/airflow_env/lib/python3.12/site-packages/airflow/example_dags/example_branch_operator_decorator.py
[2024-05-03T17:27:47.593-0500] {processor.py:830} INFO - Processing file /Users/paulamedina/airflow_env/lib/python3.12/site-packages/airflow/example_dags/example_branch_operator_decorator.py for tasks to queue
[2024-05-03T17:27:47.594-0500] {logging_mixin.py:188} INFO - [2024-05-03T17:27:47.593-0500] {dagbag.py:540} INFO - Filling up the DagBag from /Users/paulamedina/airflow_env/lib/python3.12/site-packages/airflow/example_dags/example_branch_operator_decorator.py
[2024-05-03T17:27:47.617-0500] {processor.py:842} WARNING - No viable dags retrieved from /Users/paulamedina/airflow_env/lib/python3.12/site-packages/airflow/example_dags/example_branch_operator_decorator.py
[2024-05-03T17:27:47.692-0500] {processor.py:183} INFO - Processing /Users/paulamedina/airflow_env/lib/python3.12/site-packages/airflow/example_dags/example_branch_operator_decorator.py took 0.103 seconds
[2024-05-03T17:31:58.884-0500] {processor.py:161} INFO - Started process (PID=83061) to work on /Users/paulamedina/airflow_env/lib/python3.12/site-packages/airflow/example_dags/example_branch_operator_decorator.py
[2024-05-03T17:31:58.886-0500] {processor.py:830} INFO - Processing file /Users/paulamedina/airflow_env/lib/python3.12/site-packages/airflow/example_dags/example_branch_operator_decorator.py for tasks to queue
[2024-05-03T17:31:58.887-0500] {logging_mixin.py:188} INFO - [2024-05-03T17:31:58.886-0500] {dagbag.py:540} INFO - Filling up the DagBag from /Users/paulamedina/airflow_env/lib/python3.12/site-packages/airflow/example_dags/example_branch_operator_decorator.py
[2024-05-03T17:31:58.910-0500] {processor.py:842} WARNING - No viable dags retrieved from /Users/paulamedina/airflow_env/lib/python3.12/site-packages/airflow/example_dags/example_branch_operator_decorator.py
[2024-05-03T17:31:58.990-0500] {processor.py:183} INFO - Processing /Users/paulamedina/airflow_env/lib/python3.12/site-packages/airflow/example_dags/example_branch_operator_decorator.py took 0.109 seconds
[2024-05-03T17:36:07.015-0500] {processor.py:161} INFO - Started process (PID=87634) to work on /Users/paulamedina/airflow_env/lib/python3.12/site-packages/airflow/example_dags/example_branch_operator_decorator.py
[2024-05-03T17:36:07.017-0500] {processor.py:830} INFO - Processing file /Users/paulamedina/airflow_env/lib/python3.12/site-packages/airflow/example_dags/example_branch_operator_decorator.py for tasks to queue
[2024-05-03T17:36:07.017-0500] {logging_mixin.py:188} INFO - [2024-05-03T17:36:07.017-0500] {dagbag.py:540} INFO - Filling up the DagBag from /Users/paulamedina/airflow_env/lib/python3.12/site-packages/airflow/example_dags/example_branch_operator_decorator.py
[2024-05-03T17:36:07.124-0500] {processor.py:842} WARNING - No viable dags retrieved from /Users/paulamedina/airflow_env/lib/python3.12/site-packages/airflow/example_dags/example_branch_operator_decorator.py
[2024-05-03T17:36:07.264-0500] {processor.py:183} INFO - Processing /Users/paulamedina/airflow_env/lib/python3.12/site-packages/airflow/example_dags/example_branch_operator_decorator.py took 0.251 seconds
[2024-05-03T17:42:54.581-0500] {processor.py:161} INFO - Started process (PID=94931) to work on /Users/paulamedina/airflow_env/lib/python3.12/site-packages/airflow/example_dags/example_branch_operator_decorator.py
[2024-05-03T17:42:54.583-0500] {processor.py:830} INFO - Processing file /Users/paulamedina/airflow_env/lib/python3.12/site-packages/airflow/example_dags/example_branch_operator_decorator.py for tasks to queue
[2024-05-03T17:42:54.585-0500] {logging_mixin.py:188} INFO - [2024-05-03T17:42:54.584-0500] {dagbag.py:540} INFO - Filling up the DagBag from /Users/paulamedina/airflow_env/lib/python3.12/site-packages/airflow/example_dags/example_branch_operator_decorator.py
[2024-05-03T17:42:54.621-0500] {processor.py:842} WARNING - No viable dags retrieved from /Users/paulamedina/airflow_env/lib/python3.12/site-packages/airflow/example_dags/example_branch_operator_decorator.py
[2024-05-03T17:42:54.755-0500] {processor.py:183} INFO - Processing /Users/paulamedina/airflow_env/lib/python3.12/site-packages/airflow/example_dags/example_branch_operator_decorator.py took 0.178 seconds
[2024-05-03T17:49:47.375-0500] {processor.py:161} INFO - Started process (PID=3040) to work on /Users/paulamedina/venv/lib/python3.12/site-packages/airflow/example_dags/example_branch_operator_decorator.py
[2024-05-03T17:49:47.391-0500] {processor.py:830} INFO - Processing file /Users/paulamedina/venv/lib/python3.12/site-packages/airflow/example_dags/example_branch_operator_decorator.py for tasks to queue
[2024-05-03T17:49:47.392-0500] {logging_mixin.py:188} INFO - [2024-05-03T17:49:47.391-0500] {dagbag.py:540} INFO - Filling up the DagBag from /Users/paulamedina/venv/lib/python3.12/site-packages/airflow/example_dags/example_branch_operator_decorator.py
[2024-05-03T17:49:47.419-0500] {processor.py:842} WARNING - No viable dags retrieved from /Users/paulamedina/venv/lib/python3.12/site-packages/airflow/example_dags/example_branch_operator_decorator.py
[2024-05-03T17:49:47.514-0500] {processor.py:183} INFO - Processing /Users/paulamedina/venv/lib/python3.12/site-packages/airflow/example_dags/example_branch_operator_decorator.py took 0.142 seconds
[2024-05-03T17:54:13.925-0500] {processor.py:161} INFO - Started process (PID=7954) to work on /Users/paulamedina/venv/lib/python3.12/site-packages/airflow/example_dags/example_branch_operator_decorator.py
[2024-05-03T17:54:13.927-0500] {processor.py:830} INFO - Processing file /Users/paulamedina/venv/lib/python3.12/site-packages/airflow/example_dags/example_branch_operator_decorator.py for tasks to queue
[2024-05-03T17:54:13.927-0500] {logging_mixin.py:188} INFO - [2024-05-03T17:54:13.927-0500] {dagbag.py:540} INFO - Filling up the DagBag from /Users/paulamedina/venv/lib/python3.12/site-packages/airflow/example_dags/example_branch_operator_decorator.py
[2024-05-03T17:54:13.951-0500] {processor.py:842} WARNING - No viable dags retrieved from /Users/paulamedina/venv/lib/python3.12/site-packages/airflow/example_dags/example_branch_operator_decorator.py
[2024-05-03T17:54:14.042-0500] {processor.py:183} INFO - Processing /Users/paulamedina/venv/lib/python3.12/site-packages/airflow/example_dags/example_branch_operator_decorator.py took 0.119 seconds
[2024-05-03T17:58:46.998-0500] {processor.py:161} INFO - Started process (PID=12892) to work on /Users/paulamedina/venv/lib/python3.12/site-packages/airflow/example_dags/example_branch_operator_decorator.py
[2024-05-03T17:58:47.000-0500] {processor.py:830} INFO - Processing file /Users/paulamedina/venv/lib/python3.12/site-packages/airflow/example_dags/example_branch_operator_decorator.py for tasks to queue
[2024-05-03T17:58:47.001-0500] {logging_mixin.py:188} INFO - [2024-05-03T17:58:47.000-0500] {dagbag.py:540} INFO - Filling up the DagBag from /Users/paulamedina/venv/lib/python3.12/site-packages/airflow/example_dags/example_branch_operator_decorator.py
[2024-05-03T17:58:47.025-0500] {processor.py:842} WARNING - No viable dags retrieved from /Users/paulamedina/venv/lib/python3.12/site-packages/airflow/example_dags/example_branch_operator_decorator.py
[2024-05-03T17:58:47.112-0500] {processor.py:183} INFO - Processing /Users/paulamedina/venv/lib/python3.12/site-packages/airflow/example_dags/example_branch_operator_decorator.py took 0.117 seconds
