[2024-05-06T18:10:04.244-0500] {processor.py:161} INFO - Started process (PID=6888) to work on /Users/paulamedina/venv/lib/python3.12/site-packages/airflow/example_dags/example_task_group_decorator.py
[2024-05-06T18:10:04.245-0500] {processor.py:830} INFO - Processing file /Users/paulamedina/venv/lib/python3.12/site-packages/airflow/example_dags/example_task_group_decorator.py for tasks to queue
[2024-05-06T18:10:04.246-0500] {logging_mixin.py:188} INFO - [2024-05-06T18:10:04.246-0500] {dagbag.py:540} INFO - Filling up the DagBag from /Users/paulamedina/venv/lib/python3.12/site-packages/airflow/example_dags/example_task_group_decorator.py
[2024-05-06T18:10:04.291-0500] {processor.py:840} INFO - DAG(s) 'example_task_group_decorator' retrieved from /Users/paulamedina/venv/lib/python3.12/site-packages/airflow/example_dags/example_task_group_decorator.py
[2024-05-06T18:10:04.493-0500] {logging_mixin.py:188} INFO - [2024-05-06T18:10:04.493-0500] {dag.py:3096} INFO - Sync 1 DAGs
[2024-05-06T18:10:04.509-0500] {logging_mixin.py:188} INFO - [2024-05-06T18:10:04.509-0500] {dag.py:3954} INFO - Setting next_dagrun for example_task_group_decorator to 2024-05-05 00:00:00+00:00, run_after=2024-05-06 00:00:00+00:00
[2024-05-06T18:10:04.527-0500] {processor.py:183} INFO - Processing /Users/paulamedina/venv/lib/python3.12/site-packages/airflow/example_dags/example_task_group_decorator.py took 0.285 seconds
[2024-05-06T18:12:32.194-0500] {processor.py:161} INFO - Started process (PID=8887) to work on /Users/paulamedina/venv/lib/python3.12/site-packages/airflow/example_dags/example_task_group_decorator.py
[2024-05-06T18:12:32.195-0500] {processor.py:830} INFO - Processing file /Users/paulamedina/venv/lib/python3.12/site-packages/airflow/example_dags/example_task_group_decorator.py for tasks to queue
[2024-05-06T18:12:32.196-0500] {logging_mixin.py:188} INFO - [2024-05-06T18:12:32.196-0500] {dagbag.py:540} INFO - Filling up the DagBag from /Users/paulamedina/venv/lib/python3.12/site-packages/airflow/example_dags/example_task_group_decorator.py
[2024-05-06T18:12:32.253-0500] {processor.py:840} INFO - DAG(s) 'example_task_group_decorator' retrieved from /Users/paulamedina/venv/lib/python3.12/site-packages/airflow/example_dags/example_task_group_decorator.py
[2024-05-06T18:12:32.381-0500] {logging_mixin.py:188} INFO - [2024-05-06T18:12:32.380-0500] {dag.py:3096} INFO - Sync 1 DAGs
[2024-05-06T18:12:32.399-0500] {logging_mixin.py:188} INFO - [2024-05-06T18:12:32.399-0500] {dag.py:3954} INFO - Setting next_dagrun for example_task_group_decorator to 2024-05-05 00:00:00+00:00, run_after=2024-05-06 00:00:00+00:00
[2024-05-06T18:12:32.421-0500] {processor.py:183} INFO - Processing /Users/paulamedina/venv/lib/python3.12/site-packages/airflow/example_dags/example_task_group_decorator.py took 0.230 seconds
[2024-05-06T18:14:29.212-0500] {processor.py:161} INFO - Started process (PID=10460) to work on /Users/paulamedina/venv/lib/python3.12/site-packages/airflow/example_dags/example_task_group_decorator.py
[2024-05-06T18:14:29.213-0500] {processor.py:830} INFO - Processing file /Users/paulamedina/venv/lib/python3.12/site-packages/airflow/example_dags/example_task_group_decorator.py for tasks to queue
[2024-05-06T18:14:29.213-0500] {logging_mixin.py:188} INFO - [2024-05-06T18:14:29.213-0500] {dagbag.py:540} INFO - Filling up the DagBag from /Users/paulamedina/venv/lib/python3.12/site-packages/airflow/example_dags/example_task_group_decorator.py
[2024-05-06T18:14:29.256-0500] {processor.py:840} INFO - DAG(s) 'example_task_group_decorator' retrieved from /Users/paulamedina/venv/lib/python3.12/site-packages/airflow/example_dags/example_task_group_decorator.py
[2024-05-06T18:14:29.352-0500] {logging_mixin.py:188} INFO - [2024-05-06T18:14:29.352-0500] {dag.py:3096} INFO - Sync 1 DAGs
[2024-05-06T18:14:29.366-0500] {logging_mixin.py:188} INFO - [2024-05-06T18:14:29.366-0500] {dag.py:3954} INFO - Setting next_dagrun for example_task_group_decorator to 2024-05-05 00:00:00+00:00, run_after=2024-05-06 00:00:00+00:00
[2024-05-06T18:14:29.383-0500] {processor.py:183} INFO - Processing /Users/paulamedina/venv/lib/python3.12/site-packages/airflow/example_dags/example_task_group_decorator.py took 0.174 seconds
[2024-05-06T18:16:27.094-0500] {processor.py:161} INFO - Started process (PID=12036) to work on /Users/paulamedina/venv/lib/python3.12/site-packages/airflow/example_dags/example_task_group_decorator.py
[2024-05-06T18:16:27.095-0500] {processor.py:830} INFO - Processing file /Users/paulamedina/venv/lib/python3.12/site-packages/airflow/example_dags/example_task_group_decorator.py for tasks to queue
[2024-05-06T18:16:27.096-0500] {logging_mixin.py:188} INFO - [2024-05-06T18:16:27.095-0500] {dagbag.py:540} INFO - Filling up the DagBag from /Users/paulamedina/venv/lib/python3.12/site-packages/airflow/example_dags/example_task_group_decorator.py
[2024-05-06T18:16:27.141-0500] {processor.py:840} INFO - DAG(s) 'example_task_group_decorator' retrieved from /Users/paulamedina/venv/lib/python3.12/site-packages/airflow/example_dags/example_task_group_decorator.py
[2024-05-06T18:16:27.244-0500] {logging_mixin.py:188} INFO - [2024-05-06T18:16:27.244-0500] {dag.py:3096} INFO - Sync 1 DAGs
[2024-05-06T18:16:27.260-0500] {logging_mixin.py:188} INFO - [2024-05-06T18:16:27.259-0500] {dag.py:3954} INFO - Setting next_dagrun for example_task_group_decorator to 2024-05-05 00:00:00+00:00, run_after=2024-05-06 00:00:00+00:00
[2024-05-06T18:16:27.281-0500] {processor.py:183} INFO - Processing /Users/paulamedina/venv/lib/python3.12/site-packages/airflow/example_dags/example_task_group_decorator.py took 0.189 seconds
[2024-05-06T18:18:20.144-0500] {processor.py:161} INFO - Started process (PID=13590) to work on /Users/paulamedina/venv/lib/python3.12/site-packages/airflow/example_dags/example_task_group_decorator.py
[2024-05-06T18:18:20.144-0500] {processor.py:830} INFO - Processing file /Users/paulamedina/venv/lib/python3.12/site-packages/airflow/example_dags/example_task_group_decorator.py for tasks to queue
[2024-05-06T18:18:20.145-0500] {logging_mixin.py:188} INFO - [2024-05-06T18:18:20.145-0500] {dagbag.py:540} INFO - Filling up the DagBag from /Users/paulamedina/venv/lib/python3.12/site-packages/airflow/example_dags/example_task_group_decorator.py
[2024-05-06T18:18:20.187-0500] {processor.py:840} INFO - DAG(s) 'example_task_group_decorator' retrieved from /Users/paulamedina/venv/lib/python3.12/site-packages/airflow/example_dags/example_task_group_decorator.py
[2024-05-06T18:18:20.283-0500] {logging_mixin.py:188} INFO - [2024-05-06T18:18:20.282-0500] {dag.py:3096} INFO - Sync 1 DAGs
[2024-05-06T18:18:20.299-0500] {logging_mixin.py:188} INFO - [2024-05-06T18:18:20.299-0500] {dag.py:3954} INFO - Setting next_dagrun for example_task_group_decorator to 2024-05-05 00:00:00+00:00, run_after=2024-05-06 00:00:00+00:00
[2024-05-06T18:18:20.317-0500] {processor.py:183} INFO - Processing /Users/paulamedina/venv/lib/python3.12/site-packages/airflow/example_dags/example_task_group_decorator.py took 0.176 seconds
[2024-05-06T18:20:20.085-0500] {processor.py:161} INFO - Started process (PID=15270) to work on /Users/paulamedina/venv/lib/python3.12/site-packages/airflow/example_dags/example_task_group_decorator.py
[2024-05-06T18:20:20.086-0500] {processor.py:830} INFO - Processing file /Users/paulamedina/venv/lib/python3.12/site-packages/airflow/example_dags/example_task_group_decorator.py for tasks to queue
[2024-05-06T18:20:20.086-0500] {logging_mixin.py:188} INFO - [2024-05-06T18:20:20.086-0500] {dagbag.py:540} INFO - Filling up the DagBag from /Users/paulamedina/venv/lib/python3.12/site-packages/airflow/example_dags/example_task_group_decorator.py
[2024-05-06T18:20:20.129-0500] {processor.py:840} INFO - DAG(s) 'example_task_group_decorator' retrieved from /Users/paulamedina/venv/lib/python3.12/site-packages/airflow/example_dags/example_task_group_decorator.py
[2024-05-06T18:20:20.223-0500] {logging_mixin.py:188} INFO - [2024-05-06T18:20:20.223-0500] {dag.py:3096} INFO - Sync 1 DAGs
[2024-05-06T18:20:20.241-0500] {logging_mixin.py:188} INFO - [2024-05-06T18:20:20.241-0500] {dag.py:3954} INFO - Setting next_dagrun for example_task_group_decorator to 2024-05-05 00:00:00+00:00, run_after=2024-05-06 00:00:00+00:00
[2024-05-06T18:20:20.259-0500] {processor.py:183} INFO - Processing /Users/paulamedina/venv/lib/python3.12/site-packages/airflow/example_dags/example_task_group_decorator.py took 0.176 seconds
[2024-05-06T18:22:33.407-0500] {processor.py:161} INFO - Started process (PID=17087) to work on /Users/paulamedina/venv/lib/python3.12/site-packages/airflow/example_dags/example_task_group_decorator.py
[2024-05-06T18:22:33.408-0500] {processor.py:830} INFO - Processing file /Users/paulamedina/venv/lib/python3.12/site-packages/airflow/example_dags/example_task_group_decorator.py for tasks to queue
[2024-05-06T18:22:33.408-0500] {logging_mixin.py:188} INFO - [2024-05-06T18:22:33.408-0500] {dagbag.py:540} INFO - Filling up the DagBag from /Users/paulamedina/venv/lib/python3.12/site-packages/airflow/example_dags/example_task_group_decorator.py
[2024-05-06T18:22:33.465-0500] {processor.py:840} INFO - DAG(s) 'example_task_group_decorator' retrieved from /Users/paulamedina/venv/lib/python3.12/site-packages/airflow/example_dags/example_task_group_decorator.py
[2024-05-06T18:22:33.602-0500] {logging_mixin.py:188} INFO - [2024-05-06T18:22:33.601-0500] {dag.py:3096} INFO - Sync 1 DAGs
[2024-05-06T18:22:33.622-0500] {logging_mixin.py:188} INFO - [2024-05-06T18:22:33.622-0500] {dag.py:3954} INFO - Setting next_dagrun for example_task_group_decorator to 2024-05-05 00:00:00+00:00, run_after=2024-05-06 00:00:00+00:00
[2024-05-06T18:22:33.647-0500] {processor.py:183} INFO - Processing /Users/paulamedina/venv/lib/python3.12/site-packages/airflow/example_dags/example_task_group_decorator.py took 0.244 seconds
[2024-05-06T18:24:35.277-0500] {processor.py:161} INFO - Started process (PID=18277) to work on /Users/paulamedina/venv/lib/python3.12/site-packages/airflow/example_dags/example_task_group_decorator.py
[2024-05-06T18:24:35.279-0500] {processor.py:830} INFO - Processing file /Users/paulamedina/venv/lib/python3.12/site-packages/airflow/example_dags/example_task_group_decorator.py for tasks to queue
[2024-05-06T18:24:35.280-0500] {logging_mixin.py:188} INFO - [2024-05-06T18:24:35.279-0500] {dagbag.py:540} INFO - Filling up the DagBag from /Users/paulamedina/venv/lib/python3.12/site-packages/airflow/example_dags/example_task_group_decorator.py
[2024-05-06T18:24:35.323-0500] {processor.py:840} INFO - DAG(s) 'example_task_group_decorator' retrieved from /Users/paulamedina/venv/lib/python3.12/site-packages/airflow/example_dags/example_task_group_decorator.py
[2024-05-06T18:24:35.408-0500] {logging_mixin.py:188} INFO - [2024-05-06T18:24:35.407-0500] {dag.py:3096} INFO - Sync 1 DAGs
[2024-05-06T18:24:35.420-0500] {logging_mixin.py:188} INFO - [2024-05-06T18:24:35.419-0500] {dag.py:3954} INFO - Setting next_dagrun for example_task_group_decorator to 2024-05-05 00:00:00+00:00, run_after=2024-05-06 00:00:00+00:00
[2024-05-06T18:24:35.435-0500] {processor.py:183} INFO - Processing /Users/paulamedina/venv/lib/python3.12/site-packages/airflow/example_dags/example_task_group_decorator.py took 0.160 seconds
[2024-05-06T18:26:31.245-0500] {processor.py:161} INFO - Started process (PID=18691) to work on /Users/paulamedina/venv/lib/python3.12/site-packages/airflow/example_dags/example_task_group_decorator.py
[2024-05-06T18:26:31.246-0500] {processor.py:830} INFO - Processing file /Users/paulamedina/venv/lib/python3.12/site-packages/airflow/example_dags/example_task_group_decorator.py for tasks to queue
[2024-05-06T18:26:31.246-0500] {logging_mixin.py:188} INFO - [2024-05-06T18:26:31.246-0500] {dagbag.py:540} INFO - Filling up the DagBag from /Users/paulamedina/venv/lib/python3.12/site-packages/airflow/example_dags/example_task_group_decorator.py
[2024-05-06T18:26:31.294-0500] {processor.py:840} INFO - DAG(s) 'example_task_group_decorator' retrieved from /Users/paulamedina/venv/lib/python3.12/site-packages/airflow/example_dags/example_task_group_decorator.py
[2024-05-06T18:26:31.406-0500] {logging_mixin.py:188} INFO - [2024-05-06T18:26:31.406-0500] {dag.py:3096} INFO - Sync 1 DAGs
[2024-05-06T18:26:31.424-0500] {logging_mixin.py:188} INFO - [2024-05-06T18:26:31.424-0500] {dag.py:3954} INFO - Setting next_dagrun for example_task_group_decorator to 2024-05-05 00:00:00+00:00, run_after=2024-05-06 00:00:00+00:00
[2024-05-06T18:26:31.444-0500] {processor.py:183} INFO - Processing /Users/paulamedina/venv/lib/python3.12/site-packages/airflow/example_dags/example_task_group_decorator.py took 0.202 seconds
[2024-05-06T18:28:30.840-0500] {processor.py:161} INFO - Started process (PID=19128) to work on /Users/paulamedina/venv/lib/python3.12/site-packages/airflow/example_dags/example_task_group_decorator.py
[2024-05-06T18:28:30.841-0500] {processor.py:830} INFO - Processing file /Users/paulamedina/venv/lib/python3.12/site-packages/airflow/example_dags/example_task_group_decorator.py for tasks to queue
[2024-05-06T18:28:30.842-0500] {logging_mixin.py:188} INFO - [2024-05-06T18:28:30.842-0500] {dagbag.py:540} INFO - Filling up the DagBag from /Users/paulamedina/venv/lib/python3.12/site-packages/airflow/example_dags/example_task_group_decorator.py
[2024-05-06T18:28:30.886-0500] {processor.py:840} INFO - DAG(s) 'example_task_group_decorator' retrieved from /Users/paulamedina/venv/lib/python3.12/site-packages/airflow/example_dags/example_task_group_decorator.py
[2024-05-06T18:28:30.968-0500] {logging_mixin.py:188} INFO - [2024-05-06T18:28:30.967-0500] {dag.py:3096} INFO - Sync 1 DAGs
[2024-05-06T18:28:30.979-0500] {logging_mixin.py:188} INFO - [2024-05-06T18:28:30.979-0500] {dag.py:3954} INFO - Setting next_dagrun for example_task_group_decorator to 2024-05-05 00:00:00+00:00, run_after=2024-05-06 00:00:00+00:00
[2024-05-06T18:28:30.995-0500] {processor.py:183} INFO - Processing /Users/paulamedina/venv/lib/python3.12/site-packages/airflow/example_dags/example_task_group_decorator.py took 0.157 seconds
[2024-05-06T18:30:39.324-0500] {processor.py:161} INFO - Started process (PID=19590) to work on /Users/paulamedina/venv/lib/python3.12/site-packages/airflow/example_dags/example_task_group_decorator.py
[2024-05-06T18:30:39.326-0500] {processor.py:830} INFO - Processing file /Users/paulamedina/venv/lib/python3.12/site-packages/airflow/example_dags/example_task_group_decorator.py for tasks to queue
[2024-05-06T18:30:39.328-0500] {logging_mixin.py:188} INFO - [2024-05-06T18:30:39.327-0500] {dagbag.py:540} INFO - Filling up the DagBag from /Users/paulamedina/venv/lib/python3.12/site-packages/airflow/example_dags/example_task_group_decorator.py
[2024-05-06T18:30:39.392-0500] {processor.py:840} INFO - DAG(s) 'example_task_group_decorator' retrieved from /Users/paulamedina/venv/lib/python3.12/site-packages/airflow/example_dags/example_task_group_decorator.py
[2024-05-06T18:30:39.536-0500] {logging_mixin.py:188} INFO - [2024-05-06T18:30:39.535-0500] {dag.py:3096} INFO - Sync 1 DAGs
[2024-05-06T18:30:39.556-0500] {logging_mixin.py:188} INFO - [2024-05-06T18:30:39.556-0500] {dag.py:3954} INFO - Setting next_dagrun for example_task_group_decorator to 2024-05-05 00:00:00+00:00, run_after=2024-05-06 00:00:00+00:00
[2024-05-06T18:30:39.584-0500] {processor.py:183} INFO - Processing /Users/paulamedina/venv/lib/python3.12/site-packages/airflow/example_dags/example_task_group_decorator.py took 0.263 seconds
[2024-05-06T18:32:45.627-0500] {processor.py:161} INFO - Started process (PID=20054) to work on /Users/paulamedina/venv/lib/python3.12/site-packages/airflow/example_dags/example_task_group_decorator.py
[2024-05-06T18:32:45.628-0500] {processor.py:830} INFO - Processing file /Users/paulamedina/venv/lib/python3.12/site-packages/airflow/example_dags/example_task_group_decorator.py for tasks to queue
[2024-05-06T18:32:45.630-0500] {logging_mixin.py:188} INFO - [2024-05-06T18:32:45.629-0500] {dagbag.py:540} INFO - Filling up the DagBag from /Users/paulamedina/venv/lib/python3.12/site-packages/airflow/example_dags/example_task_group_decorator.py
[2024-05-06T18:32:45.693-0500] {processor.py:840} INFO - DAG(s) 'example_task_group_decorator' retrieved from /Users/paulamedina/venv/lib/python3.12/site-packages/airflow/example_dags/example_task_group_decorator.py
[2024-05-06T18:32:45.862-0500] {logging_mixin.py:188} INFO - [2024-05-06T18:32:45.862-0500] {dag.py:3096} INFO - Sync 1 DAGs
[2024-05-06T18:32:45.881-0500] {logging_mixin.py:188} INFO - [2024-05-06T18:32:45.880-0500] {dag.py:3954} INFO - Setting next_dagrun for example_task_group_decorator to 2024-05-05 00:00:00+00:00, run_after=2024-05-06 00:00:00+00:00
[2024-05-06T18:32:45.906-0500] {processor.py:183} INFO - Processing /Users/paulamedina/venv/lib/python3.12/site-packages/airflow/example_dags/example_task_group_decorator.py took 0.285 seconds
[2024-05-06T18:34:42.516-0500] {processor.py:161} INFO - Started process (PID=20474) to work on /Users/paulamedina/venv/lib/python3.12/site-packages/airflow/example_dags/example_task_group_decorator.py
[2024-05-06T18:34:42.519-0500] {processor.py:830} INFO - Processing file /Users/paulamedina/venv/lib/python3.12/site-packages/airflow/example_dags/example_task_group_decorator.py for tasks to queue
[2024-05-06T18:34:42.521-0500] {logging_mixin.py:188} INFO - [2024-05-06T18:34:42.521-0500] {dagbag.py:540} INFO - Filling up the DagBag from /Users/paulamedina/venv/lib/python3.12/site-packages/airflow/example_dags/example_task_group_decorator.py
[2024-05-06T18:34:42.611-0500] {processor.py:840} INFO - DAG(s) 'example_task_group_decorator' retrieved from /Users/paulamedina/venv/lib/python3.12/site-packages/airflow/example_dags/example_task_group_decorator.py
[2024-05-06T18:34:42.793-0500] {logging_mixin.py:188} INFO - [2024-05-06T18:34:42.793-0500] {dag.py:3096} INFO - Sync 1 DAGs
[2024-05-06T18:34:42.815-0500] {logging_mixin.py:188} INFO - [2024-05-06T18:34:42.814-0500] {dag.py:3954} INFO - Setting next_dagrun for example_task_group_decorator to 2024-05-05 00:00:00+00:00, run_after=2024-05-06 00:00:00+00:00
[2024-05-06T18:34:42.841-0500] {processor.py:183} INFO - Processing /Users/paulamedina/venv/lib/python3.12/site-packages/airflow/example_dags/example_task_group_decorator.py took 0.332 seconds
[2024-05-06T18:36:39.933-0500] {processor.py:161} INFO - Started process (PID=20889) to work on /Users/paulamedina/venv/lib/python3.12/site-packages/airflow/example_dags/example_task_group_decorator.py
[2024-05-06T18:36:39.934-0500] {processor.py:830} INFO - Processing file /Users/paulamedina/venv/lib/python3.12/site-packages/airflow/example_dags/example_task_group_decorator.py for tasks to queue
[2024-05-06T18:36:39.935-0500] {logging_mixin.py:188} INFO - [2024-05-06T18:36:39.935-0500] {dagbag.py:540} INFO - Filling up the DagBag from /Users/paulamedina/venv/lib/python3.12/site-packages/airflow/example_dags/example_task_group_decorator.py
[2024-05-06T18:36:39.988-0500] {processor.py:840} INFO - DAG(s) 'example_task_group_decorator' retrieved from /Users/paulamedina/venv/lib/python3.12/site-packages/airflow/example_dags/example_task_group_decorator.py
[2024-05-06T18:36:40.128-0500] {logging_mixin.py:188} INFO - [2024-05-06T18:36:40.127-0500] {dag.py:3096} INFO - Sync 1 DAGs
[2024-05-06T18:36:40.144-0500] {logging_mixin.py:188} INFO - [2024-05-06T18:36:40.144-0500] {dag.py:3954} INFO - Setting next_dagrun for example_task_group_decorator to 2024-05-05 00:00:00+00:00, run_after=2024-05-06 00:00:00+00:00
[2024-05-06T18:36:40.163-0500] {processor.py:183} INFO - Processing /Users/paulamedina/venv/lib/python3.12/site-packages/airflow/example_dags/example_task_group_decorator.py took 0.233 seconds
[2024-05-06T18:38:39.212-0500] {processor.py:161} INFO - Started process (PID=21322) to work on /Users/paulamedina/venv/lib/python3.12/site-packages/airflow/example_dags/example_task_group_decorator.py
[2024-05-06T18:38:39.213-0500] {processor.py:830} INFO - Processing file /Users/paulamedina/venv/lib/python3.12/site-packages/airflow/example_dags/example_task_group_decorator.py for tasks to queue
[2024-05-06T18:38:39.214-0500] {logging_mixin.py:188} INFO - [2024-05-06T18:38:39.214-0500] {dagbag.py:540} INFO - Filling up the DagBag from /Users/paulamedina/venv/lib/python3.12/site-packages/airflow/example_dags/example_task_group_decorator.py
[2024-05-06T18:38:39.265-0500] {processor.py:840} INFO - DAG(s) 'example_task_group_decorator' retrieved from /Users/paulamedina/venv/lib/python3.12/site-packages/airflow/example_dags/example_task_group_decorator.py
[2024-05-06T18:38:39.372-0500] {logging_mixin.py:188} INFO - [2024-05-06T18:38:39.371-0500] {dag.py:3096} INFO - Sync 1 DAGs
[2024-05-06T18:38:39.404-0500] {logging_mixin.py:188} INFO - [2024-05-06T18:38:39.404-0500] {dag.py:3954} INFO - Setting next_dagrun for example_task_group_decorator to 2024-05-05 00:00:00+00:00, run_after=2024-05-06 00:00:00+00:00
[2024-05-06T18:38:39.436-0500] {processor.py:183} INFO - Processing /Users/paulamedina/venv/lib/python3.12/site-packages/airflow/example_dags/example_task_group_decorator.py took 0.227 seconds
[2024-05-06T18:40:34.981-0500] {processor.py:161} INFO - Started process (PID=21739) to work on /Users/paulamedina/venv/lib/python3.12/site-packages/airflow/example_dags/example_task_group_decorator.py
[2024-05-06T18:40:34.983-0500] {processor.py:830} INFO - Processing file /Users/paulamedina/venv/lib/python3.12/site-packages/airflow/example_dags/example_task_group_decorator.py for tasks to queue
[2024-05-06T18:40:34.984-0500] {logging_mixin.py:188} INFO - [2024-05-06T18:40:34.984-0500] {dagbag.py:540} INFO - Filling up the DagBag from /Users/paulamedina/venv/lib/python3.12/site-packages/airflow/example_dags/example_task_group_decorator.py
[2024-05-06T18:40:35.032-0500] {processor.py:840} INFO - DAG(s) 'example_task_group_decorator' retrieved from /Users/paulamedina/venv/lib/python3.12/site-packages/airflow/example_dags/example_task_group_decorator.py
[2024-05-06T18:40:35.125-0500] {logging_mixin.py:188} INFO - [2024-05-06T18:40:35.125-0500] {dag.py:3096} INFO - Sync 1 DAGs
[2024-05-06T18:40:35.140-0500] {logging_mixin.py:188} INFO - [2024-05-06T18:40:35.139-0500] {dag.py:3954} INFO - Setting next_dagrun for example_task_group_decorator to 2024-05-05 00:00:00+00:00, run_after=2024-05-06 00:00:00+00:00
[2024-05-06T18:40:35.156-0500] {processor.py:183} INFO - Processing /Users/paulamedina/venv/lib/python3.12/site-packages/airflow/example_dags/example_task_group_decorator.py took 0.178 seconds
[2024-05-06T18:42:30.647-0500] {processor.py:161} INFO - Started process (PID=22245) to work on /Users/paulamedina/venv/lib/python3.12/site-packages/airflow/example_dags/example_task_group_decorator.py
[2024-05-06T18:42:30.648-0500] {processor.py:830} INFO - Processing file /Users/paulamedina/venv/lib/python3.12/site-packages/airflow/example_dags/example_task_group_decorator.py for tasks to queue
[2024-05-06T18:42:30.649-0500] {logging_mixin.py:188} INFO - [2024-05-06T18:42:30.649-0500] {dagbag.py:540} INFO - Filling up the DagBag from /Users/paulamedina/venv/lib/python3.12/site-packages/airflow/example_dags/example_task_group_decorator.py
[2024-05-06T18:42:30.694-0500] {processor.py:840} INFO - DAG(s) 'example_task_group_decorator' retrieved from /Users/paulamedina/venv/lib/python3.12/site-packages/airflow/example_dags/example_task_group_decorator.py
[2024-05-06T18:42:30.790-0500] {logging_mixin.py:188} INFO - [2024-05-06T18:42:30.789-0500] {dag.py:3096} INFO - Sync 1 DAGs
[2024-05-06T18:42:30.804-0500] {logging_mixin.py:188} INFO - [2024-05-06T18:42:30.803-0500] {dag.py:3954} INFO - Setting next_dagrun for example_task_group_decorator to 2024-05-05 00:00:00+00:00, run_after=2024-05-06 00:00:00+00:00
[2024-05-06T18:42:30.821-0500] {processor.py:183} INFO - Processing /Users/paulamedina/venv/lib/python3.12/site-packages/airflow/example_dags/example_task_group_decorator.py took 0.177 seconds
[2024-05-06T18:44:29.169-0500] {processor.py:161} INFO - Started process (PID=22668) to work on /Users/paulamedina/venv/lib/python3.12/site-packages/airflow/example_dags/example_task_group_decorator.py
[2024-05-06T18:44:29.170-0500] {processor.py:830} INFO - Processing file /Users/paulamedina/venv/lib/python3.12/site-packages/airflow/example_dags/example_task_group_decorator.py for tasks to queue
[2024-05-06T18:44:29.171-0500] {logging_mixin.py:188} INFO - [2024-05-06T18:44:29.171-0500] {dagbag.py:540} INFO - Filling up the DagBag from /Users/paulamedina/venv/lib/python3.12/site-packages/airflow/example_dags/example_task_group_decorator.py
[2024-05-06T18:44:29.214-0500] {processor.py:840} INFO - DAG(s) 'example_task_group_decorator' retrieved from /Users/paulamedina/venv/lib/python3.12/site-packages/airflow/example_dags/example_task_group_decorator.py
[2024-05-06T18:44:29.303-0500] {logging_mixin.py:188} INFO - [2024-05-06T18:44:29.302-0500] {dag.py:3096} INFO - Sync 1 DAGs
[2024-05-06T18:44:29.317-0500] {logging_mixin.py:188} INFO - [2024-05-06T18:44:29.317-0500] {dag.py:3954} INFO - Setting next_dagrun for example_task_group_decorator to 2024-05-05 00:00:00+00:00, run_after=2024-05-06 00:00:00+00:00
[2024-05-06T18:44:29.334-0500] {processor.py:183} INFO - Processing /Users/paulamedina/venv/lib/python3.12/site-packages/airflow/example_dags/example_task_group_decorator.py took 0.167 seconds
[2024-05-06T18:46:32.298-0500] {processor.py:161} INFO - Started process (PID=23110) to work on /Users/paulamedina/venv/lib/python3.12/site-packages/airflow/example_dags/example_task_group_decorator.py
[2024-05-06T18:46:32.300-0500] {processor.py:830} INFO - Processing file /Users/paulamedina/venv/lib/python3.12/site-packages/airflow/example_dags/example_task_group_decorator.py for tasks to queue
[2024-05-06T18:46:32.301-0500] {logging_mixin.py:188} INFO - [2024-05-06T18:46:32.301-0500] {dagbag.py:540} INFO - Filling up the DagBag from /Users/paulamedina/venv/lib/python3.12/site-packages/airflow/example_dags/example_task_group_decorator.py
[2024-05-06T18:46:32.371-0500] {processor.py:840} INFO - DAG(s) 'example_task_group_decorator' retrieved from /Users/paulamedina/venv/lib/python3.12/site-packages/airflow/example_dags/example_task_group_decorator.py
[2024-05-06T18:46:32.492-0500] {logging_mixin.py:188} INFO - [2024-05-06T18:46:32.492-0500] {dag.py:3096} INFO - Sync 1 DAGs
[2024-05-06T18:46:32.511-0500] {logging_mixin.py:188} INFO - [2024-05-06T18:46:32.511-0500] {dag.py:3954} INFO - Setting next_dagrun for example_task_group_decorator to 2024-05-05 00:00:00+00:00, run_after=2024-05-06 00:00:00+00:00
[2024-05-06T18:46:32.533-0500] {processor.py:183} INFO - Processing /Users/paulamedina/venv/lib/python3.12/site-packages/airflow/example_dags/example_task_group_decorator.py took 0.238 seconds
[2024-05-06T18:48:35.457-0500] {processor.py:161} INFO - Started process (PID=23550) to work on /Users/paulamedina/venv/lib/python3.12/site-packages/airflow/example_dags/example_task_group_decorator.py
[2024-05-06T18:48:35.458-0500] {processor.py:830} INFO - Processing file /Users/paulamedina/venv/lib/python3.12/site-packages/airflow/example_dags/example_task_group_decorator.py for tasks to queue
[2024-05-06T18:48:35.459-0500] {logging_mixin.py:188} INFO - [2024-05-06T18:48:35.459-0500] {dagbag.py:540} INFO - Filling up the DagBag from /Users/paulamedina/venv/lib/python3.12/site-packages/airflow/example_dags/example_task_group_decorator.py
[2024-05-06T18:48:35.517-0500] {processor.py:840} INFO - DAG(s) 'example_task_group_decorator' retrieved from /Users/paulamedina/venv/lib/python3.12/site-packages/airflow/example_dags/example_task_group_decorator.py
[2024-05-06T18:48:35.642-0500] {logging_mixin.py:188} INFO - [2024-05-06T18:48:35.642-0500] {dag.py:3096} INFO - Sync 1 DAGs
[2024-05-06T18:48:35.661-0500] {logging_mixin.py:188} INFO - [2024-05-06T18:48:35.660-0500] {dag.py:3954} INFO - Setting next_dagrun for example_task_group_decorator to 2024-05-05 00:00:00+00:00, run_after=2024-05-06 00:00:00+00:00
[2024-05-06T18:48:35.686-0500] {processor.py:183} INFO - Processing /Users/paulamedina/venv/lib/python3.12/site-packages/airflow/example_dags/example_task_group_decorator.py took 0.232 seconds
[2024-05-06T18:50:40.810-0500] {processor.py:161} INFO - Started process (PID=23992) to work on /Users/paulamedina/venv/lib/python3.12/site-packages/airflow/example_dags/example_task_group_decorator.py
[2024-05-06T18:50:40.811-0500] {processor.py:830} INFO - Processing file /Users/paulamedina/venv/lib/python3.12/site-packages/airflow/example_dags/example_task_group_decorator.py for tasks to queue
[2024-05-06T18:50:40.811-0500] {logging_mixin.py:188} INFO - [2024-05-06T18:50:40.811-0500] {dagbag.py:540} INFO - Filling up the DagBag from /Users/paulamedina/venv/lib/python3.12/site-packages/airflow/example_dags/example_task_group_decorator.py
[2024-05-06T18:50:40.854-0500] {processor.py:840} INFO - DAG(s) 'example_task_group_decorator' retrieved from /Users/paulamedina/venv/lib/python3.12/site-packages/airflow/example_dags/example_task_group_decorator.py
[2024-05-06T18:50:40.951-0500] {logging_mixin.py:188} INFO - [2024-05-06T18:50:40.950-0500] {dag.py:3096} INFO - Sync 1 DAGs
[2024-05-06T18:50:40.964-0500] {logging_mixin.py:188} INFO - [2024-05-06T18:50:40.964-0500] {dag.py:3954} INFO - Setting next_dagrun for example_task_group_decorator to 2024-05-05 00:00:00+00:00, run_after=2024-05-06 00:00:00+00:00
[2024-05-06T18:50:40.981-0500] {processor.py:183} INFO - Processing /Users/paulamedina/venv/lib/python3.12/site-packages/airflow/example_dags/example_task_group_decorator.py took 0.173 seconds
[2024-05-06T18:52:39.688-0500] {processor.py:161} INFO - Started process (PID=24418) to work on /Users/paulamedina/venv/lib/python3.12/site-packages/airflow/example_dags/example_task_group_decorator.py
[2024-05-06T18:52:39.689-0500] {processor.py:830} INFO - Processing file /Users/paulamedina/venv/lib/python3.12/site-packages/airflow/example_dags/example_task_group_decorator.py for tasks to queue
[2024-05-06T18:52:39.690-0500] {logging_mixin.py:188} INFO - [2024-05-06T18:52:39.690-0500] {dagbag.py:540} INFO - Filling up the DagBag from /Users/paulamedina/venv/lib/python3.12/site-packages/airflow/example_dags/example_task_group_decorator.py
[2024-05-06T18:52:39.740-0500] {processor.py:840} INFO - DAG(s) 'example_task_group_decorator' retrieved from /Users/paulamedina/venv/lib/python3.12/site-packages/airflow/example_dags/example_task_group_decorator.py
[2024-05-06T18:52:39.857-0500] {logging_mixin.py:188} INFO - [2024-05-06T18:52:39.856-0500] {dag.py:3096} INFO - Sync 1 DAGs
[2024-05-06T18:52:39.873-0500] {logging_mixin.py:188} INFO - [2024-05-06T18:52:39.873-0500] {dag.py:3954} INFO - Setting next_dagrun for example_task_group_decorator to 2024-05-05 00:00:00+00:00, run_after=2024-05-06 00:00:00+00:00
[2024-05-06T18:52:39.892-0500] {processor.py:183} INFO - Processing /Users/paulamedina/venv/lib/python3.12/site-packages/airflow/example_dags/example_task_group_decorator.py took 0.207 seconds
[2024-05-06T18:54:34.862-0500] {processor.py:161} INFO - Started process (PID=24833) to work on /Users/paulamedina/venv/lib/python3.12/site-packages/airflow/example_dags/example_task_group_decorator.py
[2024-05-06T18:54:34.862-0500] {processor.py:830} INFO - Processing file /Users/paulamedina/venv/lib/python3.12/site-packages/airflow/example_dags/example_task_group_decorator.py for tasks to queue
[2024-05-06T18:54:34.863-0500] {logging_mixin.py:188} INFO - [2024-05-06T18:54:34.863-0500] {dagbag.py:540} INFO - Filling up the DagBag from /Users/paulamedina/venv/lib/python3.12/site-packages/airflow/example_dags/example_task_group_decorator.py
[2024-05-06T18:54:34.908-0500] {processor.py:840} INFO - DAG(s) 'example_task_group_decorator' retrieved from /Users/paulamedina/venv/lib/python3.12/site-packages/airflow/example_dags/example_task_group_decorator.py
[2024-05-06T18:54:34.996-0500] {logging_mixin.py:188} INFO - [2024-05-06T18:54:34.996-0500] {dag.py:3096} INFO - Sync 1 DAGs
[2024-05-06T18:54:35.011-0500] {logging_mixin.py:188} INFO - [2024-05-06T18:54:35.011-0500] {dag.py:3954} INFO - Setting next_dagrun for example_task_group_decorator to 2024-05-05 00:00:00+00:00, run_after=2024-05-06 00:00:00+00:00
[2024-05-06T18:54:35.029-0500] {processor.py:183} INFO - Processing /Users/paulamedina/venv/lib/python3.12/site-packages/airflow/example_dags/example_task_group_decorator.py took 0.170 seconds
[2024-05-06T18:56:59.976-0500] {processor.py:161} INFO - Started process (PID=25338) to work on /Users/paulamedina/venv/lib/python3.12/site-packages/airflow/example_dags/example_task_group_decorator.py
[2024-05-06T18:56:59.978-0500] {processor.py:830} INFO - Processing file /Users/paulamedina/venv/lib/python3.12/site-packages/airflow/example_dags/example_task_group_decorator.py for tasks to queue
[2024-05-06T18:56:59.979-0500] {logging_mixin.py:188} INFO - [2024-05-06T18:56:59.979-0500] {dagbag.py:540} INFO - Filling up the DagBag from /Users/paulamedina/venv/lib/python3.12/site-packages/airflow/example_dags/example_task_group_decorator.py
[2024-05-06T18:57:00.024-0500] {processor.py:840} INFO - DAG(s) 'example_task_group_decorator' retrieved from /Users/paulamedina/venv/lib/python3.12/site-packages/airflow/example_dags/example_task_group_decorator.py
[2024-05-06T18:57:00.119-0500] {logging_mixin.py:188} INFO - [2024-05-06T18:57:00.119-0500] {dag.py:3096} INFO - Sync 1 DAGs
[2024-05-06T18:57:00.132-0500] {logging_mixin.py:188} INFO - [2024-05-06T18:57:00.132-0500] {dag.py:3954} INFO - Setting next_dagrun for example_task_group_decorator to 2024-05-05 00:00:00+00:00, run_after=2024-05-06 00:00:00+00:00
[2024-05-06T18:57:00.150-0500] {processor.py:183} INFO - Processing /Users/paulamedina/venv/lib/python3.12/site-packages/airflow/example_dags/example_task_group_decorator.py took 0.176 seconds
[2024-05-06T18:59:05.764-0500] {processor.py:161} INFO - Started process (PID=25897) to work on /Users/paulamedina/venv/lib/python3.12/site-packages/airflow/example_dags/example_task_group_decorator.py
[2024-05-06T18:59:05.766-0500] {processor.py:830} INFO - Processing file /Users/paulamedina/venv/lib/python3.12/site-packages/airflow/example_dags/example_task_group_decorator.py for tasks to queue
[2024-05-06T18:59:05.767-0500] {logging_mixin.py:188} INFO - [2024-05-06T18:59:05.767-0500] {dagbag.py:540} INFO - Filling up the DagBag from /Users/paulamedina/venv/lib/python3.12/site-packages/airflow/example_dags/example_task_group_decorator.py
[2024-05-06T18:59:05.807-0500] {processor.py:840} INFO - DAG(s) 'example_task_group_decorator' retrieved from /Users/paulamedina/venv/lib/python3.12/site-packages/airflow/example_dags/example_task_group_decorator.py
[2024-05-06T18:59:05.888-0500] {logging_mixin.py:188} INFO - [2024-05-06T18:59:05.888-0500] {dag.py:3096} INFO - Sync 1 DAGs
[2024-05-06T18:59:05.900-0500] {logging_mixin.py:188} INFO - [2024-05-06T18:59:05.900-0500] {dag.py:3954} INFO - Setting next_dagrun for example_task_group_decorator to 2024-05-05 00:00:00+00:00, run_after=2024-05-06 00:00:00+00:00
[2024-05-06T18:59:05.916-0500] {processor.py:183} INFO - Processing /Users/paulamedina/venv/lib/python3.12/site-packages/airflow/example_dags/example_task_group_decorator.py took 0.153 seconds
