[2024-05-06T18:09:49.614-0500] {processor.py:161} INFO - Started process (PID=6725) to work on /Users/paulamedina/venv/lib/python3.12/site-packages/airflow/example_dags/example_xcomargs.py
[2024-05-06T18:09:49.615-0500] {processor.py:830} INFO - Processing file /Users/paulamedina/venv/lib/python3.12/site-packages/airflow/example_dags/example_xcomargs.py for tasks to queue
[2024-05-06T18:09:49.616-0500] {logging_mixin.py:188} INFO - [2024-05-06T18:09:49.616-0500] {dagbag.py:540} INFO - Filling up the DagBag from /Users/paulamedina/venv/lib/python3.12/site-packages/airflow/example_dags/example_xcomargs.py
[2024-05-06T18:09:49.655-0500] {processor.py:840} INFO - DAG(s) 'example_xcom_args_with_operators', 'example_xcom_args' retrieved from /Users/paulamedina/venv/lib/python3.12/site-packages/airflow/example_dags/example_xcomargs.py
[2024-05-06T18:09:49.844-0500] {logging_mixin.py:188} INFO - [2024-05-06T18:09:49.844-0500] {dag.py:3096} INFO - Sync 2 DAGs
[2024-05-06T18:09:49.852-0500] {logging_mixin.py:188} INFO - [2024-05-06T18:09:49.852-0500] {dag.py:3954} INFO - Setting next_dagrun for example_xcom_args to None, run_after=None
[2024-05-06T18:09:49.855-0500] {logging_mixin.py:188} INFO - [2024-05-06T18:09:49.854-0500] {dag.py:3954} INFO - Setting next_dagrun for example_xcom_args_with_operators to None, run_after=None
[2024-05-06T18:09:49.870-0500] {processor.py:183} INFO - Processing /Users/paulamedina/venv/lib/python3.12/site-packages/airflow/example_dags/example_xcomargs.py took 0.259 seconds
[2024-05-06T18:12:17.057-0500] {processor.py:161} INFO - Started process (PID=8721) to work on /Users/paulamedina/venv/lib/python3.12/site-packages/airflow/example_dags/example_xcomargs.py
[2024-05-06T18:12:17.058-0500] {processor.py:830} INFO - Processing file /Users/paulamedina/venv/lib/python3.12/site-packages/airflow/example_dags/example_xcomargs.py for tasks to queue
[2024-05-06T18:12:17.058-0500] {logging_mixin.py:188} INFO - [2024-05-06T18:12:17.058-0500] {dagbag.py:540} INFO - Filling up the DagBag from /Users/paulamedina/venv/lib/python3.12/site-packages/airflow/example_dags/example_xcomargs.py
[2024-05-06T18:12:17.102-0500] {processor.py:840} INFO - DAG(s) 'example_xcom_args_with_operators', 'example_xcom_args' retrieved from /Users/paulamedina/venv/lib/python3.12/site-packages/airflow/example_dags/example_xcomargs.py
[2024-05-06T18:12:17.202-0500] {logging_mixin.py:188} INFO - [2024-05-06T18:12:17.202-0500] {dag.py:3096} INFO - Sync 2 DAGs
[2024-05-06T18:12:17.212-0500] {logging_mixin.py:188} INFO - [2024-05-06T18:12:17.211-0500] {dag.py:3954} INFO - Setting next_dagrun for example_xcom_args to None, run_after=None
[2024-05-06T18:12:17.214-0500] {logging_mixin.py:188} INFO - [2024-05-06T18:12:17.214-0500] {dag.py:3954} INFO - Setting next_dagrun for example_xcom_args_with_operators to None, run_after=None
[2024-05-06T18:12:17.229-0500] {processor.py:183} INFO - Processing /Users/paulamedina/venv/lib/python3.12/site-packages/airflow/example_dags/example_xcomargs.py took 0.175 seconds
[2024-05-06T18:14:15.136-0500] {processor.py:161} INFO - Started process (PID=10288) to work on /Users/paulamedina/venv/lib/python3.12/site-packages/airflow/example_dags/example_xcomargs.py
[2024-05-06T18:14:15.137-0500] {processor.py:830} INFO - Processing file /Users/paulamedina/venv/lib/python3.12/site-packages/airflow/example_dags/example_xcomargs.py for tasks to queue
[2024-05-06T18:14:15.137-0500] {logging_mixin.py:188} INFO - [2024-05-06T18:14:15.137-0500] {dagbag.py:540} INFO - Filling up the DagBag from /Users/paulamedina/venv/lib/python3.12/site-packages/airflow/example_dags/example_xcomargs.py
[2024-05-06T18:14:15.179-0500] {processor.py:840} INFO - DAG(s) 'example_xcom_args', 'example_xcom_args_with_operators' retrieved from /Users/paulamedina/venv/lib/python3.12/site-packages/airflow/example_dags/example_xcomargs.py
[2024-05-06T18:14:15.276-0500] {logging_mixin.py:188} INFO - [2024-05-06T18:14:15.276-0500] {dag.py:3096} INFO - Sync 2 DAGs
[2024-05-06T18:14:15.285-0500] {logging_mixin.py:188} INFO - [2024-05-06T18:14:15.285-0500] {dag.py:3954} INFO - Setting next_dagrun for example_xcom_args to None, run_after=None
[2024-05-06T18:14:15.288-0500] {logging_mixin.py:188} INFO - [2024-05-06T18:14:15.288-0500] {dag.py:3954} INFO - Setting next_dagrun for example_xcom_args_with_operators to None, run_after=None
[2024-05-06T18:14:15.303-0500] {processor.py:183} INFO - Processing /Users/paulamedina/venv/lib/python3.12/site-packages/airflow/example_dags/example_xcomargs.py took 0.170 seconds
[2024-05-06T18:16:10.783-0500] {processor.py:161} INFO - Started process (PID=11869) to work on /Users/paulamedina/venv/lib/python3.12/site-packages/airflow/example_dags/example_xcomargs.py
[2024-05-06T18:16:10.784-0500] {processor.py:830} INFO - Processing file /Users/paulamedina/venv/lib/python3.12/site-packages/airflow/example_dags/example_xcomargs.py for tasks to queue
[2024-05-06T18:16:10.784-0500] {logging_mixin.py:188} INFO - [2024-05-06T18:16:10.784-0500] {dagbag.py:540} INFO - Filling up the DagBag from /Users/paulamedina/venv/lib/python3.12/site-packages/airflow/example_dags/example_xcomargs.py
[2024-05-06T18:16:10.833-0500] {processor.py:840} INFO - DAG(s) 'example_xcom_args', 'example_xcom_args_with_operators' retrieved from /Users/paulamedina/venv/lib/python3.12/site-packages/airflow/example_dags/example_xcomargs.py
[2024-05-06T18:16:10.962-0500] {logging_mixin.py:188} INFO - [2024-05-06T18:16:10.961-0500] {dag.py:3096} INFO - Sync 2 DAGs
[2024-05-06T18:16:10.973-0500] {logging_mixin.py:188} INFO - [2024-05-06T18:16:10.973-0500] {dag.py:3954} INFO - Setting next_dagrun for example_xcom_args to None, run_after=None
[2024-05-06T18:16:10.977-0500] {logging_mixin.py:188} INFO - [2024-05-06T18:16:10.976-0500] {dag.py:3954} INFO - Setting next_dagrun for example_xcom_args_with_operators to None, run_after=None
[2024-05-06T18:16:10.996-0500] {processor.py:183} INFO - Processing /Users/paulamedina/venv/lib/python3.12/site-packages/airflow/example_dags/example_xcomargs.py took 0.217 seconds
[2024-05-06T18:18:06.419-0500] {processor.py:161} INFO - Started process (PID=13438) to work on /Users/paulamedina/venv/lib/python3.12/site-packages/airflow/example_dags/example_xcomargs.py
[2024-05-06T18:18:06.420-0500] {processor.py:830} INFO - Processing file /Users/paulamedina/venv/lib/python3.12/site-packages/airflow/example_dags/example_xcomargs.py for tasks to queue
[2024-05-06T18:18:06.422-0500] {logging_mixin.py:188} INFO - [2024-05-06T18:18:06.422-0500] {dagbag.py:540} INFO - Filling up the DagBag from /Users/paulamedina/venv/lib/python3.12/site-packages/airflow/example_dags/example_xcomargs.py
[2024-05-06T18:18:06.462-0500] {processor.py:840} INFO - DAG(s) 'example_xcom_args_with_operators', 'example_xcom_args' retrieved from /Users/paulamedina/venv/lib/python3.12/site-packages/airflow/example_dags/example_xcomargs.py
[2024-05-06T18:18:06.561-0500] {logging_mixin.py:188} INFO - [2024-05-06T18:18:06.560-0500] {dag.py:3096} INFO - Sync 2 DAGs
[2024-05-06T18:18:06.570-0500] {logging_mixin.py:188} INFO - [2024-05-06T18:18:06.569-0500] {dag.py:3954} INFO - Setting next_dagrun for example_xcom_args to None, run_after=None
[2024-05-06T18:18:06.573-0500] {logging_mixin.py:188} INFO - [2024-05-06T18:18:06.573-0500] {dag.py:3954} INFO - Setting next_dagrun for example_xcom_args_with_operators to None, run_after=None
[2024-05-06T18:18:06.589-0500] {processor.py:183} INFO - Processing /Users/paulamedina/venv/lib/python3.12/site-packages/airflow/example_dags/example_xcomargs.py took 0.173 seconds
[2024-05-06T18:20:06.074-0500] {processor.py:161} INFO - Started process (PID=15018) to work on /Users/paulamedina/venv/lib/python3.12/site-packages/airflow/example_dags/example_xcomargs.py
[2024-05-06T18:20:06.075-0500] {processor.py:830} INFO - Processing file /Users/paulamedina/venv/lib/python3.12/site-packages/airflow/example_dags/example_xcomargs.py for tasks to queue
[2024-05-06T18:20:06.076-0500] {logging_mixin.py:188} INFO - [2024-05-06T18:20:06.076-0500] {dagbag.py:540} INFO - Filling up the DagBag from /Users/paulamedina/venv/lib/python3.12/site-packages/airflow/example_dags/example_xcomargs.py
[2024-05-06T18:20:06.119-0500] {processor.py:840} INFO - DAG(s) 'example_xcom_args_with_operators', 'example_xcom_args' retrieved from /Users/paulamedina/venv/lib/python3.12/site-packages/airflow/example_dags/example_xcomargs.py
[2024-05-06T18:20:06.223-0500] {logging_mixin.py:188} INFO - [2024-05-06T18:20:06.223-0500] {dag.py:3096} INFO - Sync 2 DAGs
[2024-05-06T18:20:06.233-0500] {logging_mixin.py:188} INFO - [2024-05-06T18:20:06.232-0500] {dag.py:3954} INFO - Setting next_dagrun for example_xcom_args to None, run_after=None
[2024-05-06T18:20:06.236-0500] {logging_mixin.py:188} INFO - [2024-05-06T18:20:06.235-0500] {dag.py:3954} INFO - Setting next_dagrun for example_xcom_args_with_operators to None, run_after=None
[2024-05-06T18:20:06.252-0500] {processor.py:183} INFO - Processing /Users/paulamedina/venv/lib/python3.12/site-packages/airflow/example_dags/example_xcomargs.py took 0.180 seconds
[2024-05-06T18:22:15.372-0500] {processor.py:161} INFO - Started process (PID=16923) to work on /Users/paulamedina/venv/lib/python3.12/site-packages/airflow/example_dags/example_xcomargs.py
[2024-05-06T18:22:15.374-0500] {processor.py:830} INFO - Processing file /Users/paulamedina/venv/lib/python3.12/site-packages/airflow/example_dags/example_xcomargs.py for tasks to queue
[2024-05-06T18:22:15.375-0500] {logging_mixin.py:188} INFO - [2024-05-06T18:22:15.375-0500] {dagbag.py:540} INFO - Filling up the DagBag from /Users/paulamedina/venv/lib/python3.12/site-packages/airflow/example_dags/example_xcomargs.py
[2024-05-06T18:22:15.434-0500] {processor.py:840} INFO - DAG(s) 'example_xcom_args_with_operators', 'example_xcom_args' retrieved from /Users/paulamedina/venv/lib/python3.12/site-packages/airflow/example_dags/example_xcomargs.py
[2024-05-06T18:22:15.591-0500] {logging_mixin.py:188} INFO - [2024-05-06T18:22:15.590-0500] {dag.py:3096} INFO - Sync 2 DAGs
[2024-05-06T18:22:15.604-0500] {logging_mixin.py:188} INFO - [2024-05-06T18:22:15.604-0500] {dag.py:3954} INFO - Setting next_dagrun for example_xcom_args to None, run_after=None
[2024-05-06T18:22:15.611-0500] {logging_mixin.py:188} INFO - [2024-05-06T18:22:15.611-0500] {dag.py:3954} INFO - Setting next_dagrun for example_xcom_args_with_operators to None, run_after=None
[2024-05-06T18:22:15.637-0500] {processor.py:183} INFO - Processing /Users/paulamedina/venv/lib/python3.12/site-packages/airflow/example_dags/example_xcomargs.py took 0.268 seconds
[2024-05-06T18:24:23.492-0500] {processor.py:161} INFO - Started process (PID=18239) to work on /Users/paulamedina/venv/lib/python3.12/site-packages/airflow/example_dags/example_xcomargs.py
[2024-05-06T18:24:23.494-0500] {processor.py:830} INFO - Processing file /Users/paulamedina/venv/lib/python3.12/site-packages/airflow/example_dags/example_xcomargs.py for tasks to queue
[2024-05-06T18:24:23.495-0500] {logging_mixin.py:188} INFO - [2024-05-06T18:24:23.495-0500] {dagbag.py:540} INFO - Filling up the DagBag from /Users/paulamedina/venv/lib/python3.12/site-packages/airflow/example_dags/example_xcomargs.py
[2024-05-06T18:24:23.535-0500] {processor.py:840} INFO - DAG(s) 'example_xcom_args_with_operators', 'example_xcom_args' retrieved from /Users/paulamedina/venv/lib/python3.12/site-packages/airflow/example_dags/example_xcomargs.py
[2024-05-06T18:24:23.623-0500] {logging_mixin.py:188} INFO - [2024-05-06T18:24:23.622-0500] {dag.py:3096} INFO - Sync 2 DAGs
[2024-05-06T18:24:23.630-0500] {logging_mixin.py:188} INFO - [2024-05-06T18:24:23.630-0500] {dag.py:3954} INFO - Setting next_dagrun for example_xcom_args to None, run_after=None
[2024-05-06T18:24:23.632-0500] {logging_mixin.py:188} INFO - [2024-05-06T18:24:23.632-0500] {dag.py:3954} INFO - Setting next_dagrun for example_xcom_args_with_operators to None, run_after=None
[2024-05-06T18:24:23.645-0500] {processor.py:183} INFO - Processing /Users/paulamedina/venv/lib/python3.12/site-packages/airflow/example_dags/example_xcomargs.py took 0.155 seconds
[2024-05-06T18:26:16.877-0500] {processor.py:161} INFO - Started process (PID=18644) to work on /Users/paulamedina/venv/lib/python3.12/site-packages/airflow/example_dags/example_xcomargs.py
[2024-05-06T18:26:16.878-0500] {processor.py:830} INFO - Processing file /Users/paulamedina/venv/lib/python3.12/site-packages/airflow/example_dags/example_xcomargs.py for tasks to queue
[2024-05-06T18:26:16.879-0500] {logging_mixin.py:188} INFO - [2024-05-06T18:26:16.879-0500] {dagbag.py:540} INFO - Filling up the DagBag from /Users/paulamedina/venv/lib/python3.12/site-packages/airflow/example_dags/example_xcomargs.py
[2024-05-06T18:26:16.924-0500] {processor.py:840} INFO - DAG(s) 'example_xcom_args', 'example_xcom_args_with_operators' retrieved from /Users/paulamedina/venv/lib/python3.12/site-packages/airflow/example_dags/example_xcomargs.py
[2024-05-06T18:26:17.038-0500] {logging_mixin.py:188} INFO - [2024-05-06T18:26:17.037-0500] {dag.py:3096} INFO - Sync 2 DAGs
[2024-05-06T18:26:17.048-0500] {logging_mixin.py:188} INFO - [2024-05-06T18:26:17.048-0500] {dag.py:3954} INFO - Setting next_dagrun for example_xcom_args to None, run_after=None
[2024-05-06T18:26:17.051-0500] {logging_mixin.py:188} INFO - [2024-05-06T18:26:17.051-0500] {dag.py:3954} INFO - Setting next_dagrun for example_xcom_args_with_operators to None, run_after=None
[2024-05-06T18:26:17.069-0500] {processor.py:183} INFO - Processing /Users/paulamedina/venv/lib/python3.12/site-packages/airflow/example_dags/example_xcomargs.py took 0.194 seconds
[2024-05-06T18:28:16.968-0500] {processor.py:161} INFO - Started process (PID=19081) to work on /Users/paulamedina/venv/lib/python3.12/site-packages/airflow/example_dags/example_xcomargs.py
[2024-05-06T18:28:16.969-0500] {processor.py:830} INFO - Processing file /Users/paulamedina/venv/lib/python3.12/site-packages/airflow/example_dags/example_xcomargs.py for tasks to queue
[2024-05-06T18:28:16.969-0500] {logging_mixin.py:188} INFO - [2024-05-06T18:28:16.969-0500] {dagbag.py:540} INFO - Filling up the DagBag from /Users/paulamedina/venv/lib/python3.12/site-packages/airflow/example_dags/example_xcomargs.py
[2024-05-06T18:28:17.009-0500] {processor.py:840} INFO - DAG(s) 'example_xcom_args_with_operators', 'example_xcom_args' retrieved from /Users/paulamedina/venv/lib/python3.12/site-packages/airflow/example_dags/example_xcomargs.py
[2024-05-06T18:28:17.100-0500] {logging_mixin.py:188} INFO - [2024-05-06T18:28:17.100-0500] {dag.py:3096} INFO - Sync 2 DAGs
[2024-05-06T18:28:17.108-0500] {logging_mixin.py:188} INFO - [2024-05-06T18:28:17.108-0500] {dag.py:3954} INFO - Setting next_dagrun for example_xcom_args to None, run_after=None
[2024-05-06T18:28:17.111-0500] {logging_mixin.py:188} INFO - [2024-05-06T18:28:17.111-0500] {dag.py:3954} INFO - Setting next_dagrun for example_xcom_args_with_operators to None, run_after=None
[2024-05-06T18:28:17.124-0500] {processor.py:183} INFO - Processing /Users/paulamedina/venv/lib/python3.12/site-packages/airflow/example_dags/example_xcomargs.py took 0.159 seconds
[2024-05-06T18:30:20.300-0500] {processor.py:161} INFO - Started process (PID=19531) to work on /Users/paulamedina/venv/lib/python3.12/site-packages/airflow/example_dags/example_xcomargs.py
[2024-05-06T18:30:20.301-0500] {processor.py:830} INFO - Processing file /Users/paulamedina/venv/lib/python3.12/site-packages/airflow/example_dags/example_xcomargs.py for tasks to queue
[2024-05-06T18:30:20.302-0500] {logging_mixin.py:188} INFO - [2024-05-06T18:30:20.301-0500] {dagbag.py:540} INFO - Filling up the DagBag from /Users/paulamedina/venv/lib/python3.12/site-packages/airflow/example_dags/example_xcomargs.py
[2024-05-06T18:30:20.357-0500] {processor.py:840} INFO - DAG(s) 'example_xcom_args', 'example_xcom_args_with_operators' retrieved from /Users/paulamedina/venv/lib/python3.12/site-packages/airflow/example_dags/example_xcomargs.py
[2024-05-06T18:30:20.497-0500] {logging_mixin.py:188} INFO - [2024-05-06T18:30:20.497-0500] {dag.py:3096} INFO - Sync 2 DAGs
[2024-05-06T18:30:20.510-0500] {logging_mixin.py:188} INFO - [2024-05-06T18:30:20.509-0500] {dag.py:3954} INFO - Setting next_dagrun for example_xcom_args to None, run_after=None
[2024-05-06T18:30:20.514-0500] {logging_mixin.py:188} INFO - [2024-05-06T18:30:20.514-0500] {dag.py:3954} INFO - Setting next_dagrun for example_xcom_args_with_operators to None, run_after=None
[2024-05-06T18:30:20.536-0500] {processor.py:183} INFO - Processing /Users/paulamedina/venv/lib/python3.12/site-packages/airflow/example_dags/example_xcomargs.py took 0.240 seconds
[2024-05-06T18:32:28.485-0500] {processor.py:161} INFO - Started process (PID=19995) to work on /Users/paulamedina/venv/lib/python3.12/site-packages/airflow/example_dags/example_xcomargs.py
[2024-05-06T18:32:28.487-0500] {processor.py:830} INFO - Processing file /Users/paulamedina/venv/lib/python3.12/site-packages/airflow/example_dags/example_xcomargs.py for tasks to queue
[2024-05-06T18:32:28.488-0500] {logging_mixin.py:188} INFO - [2024-05-06T18:32:28.488-0500] {dagbag.py:540} INFO - Filling up the DagBag from /Users/paulamedina/venv/lib/python3.12/site-packages/airflow/example_dags/example_xcomargs.py
[2024-05-06T18:32:28.545-0500] {processor.py:840} INFO - DAG(s) 'example_xcom_args', 'example_xcom_args_with_operators' retrieved from /Users/paulamedina/venv/lib/python3.12/site-packages/airflow/example_dags/example_xcomargs.py
[2024-05-06T18:32:28.684-0500] {logging_mixin.py:188} INFO - [2024-05-06T18:32:28.683-0500] {dag.py:3096} INFO - Sync 2 DAGs
[2024-05-06T18:32:28.697-0500] {logging_mixin.py:188} INFO - [2024-05-06T18:32:28.697-0500] {dag.py:3954} INFO - Setting next_dagrun for example_xcom_args to None, run_after=None
[2024-05-06T18:32:28.723-0500] {logging_mixin.py:188} INFO - [2024-05-06T18:32:28.722-0500] {dag.py:3954} INFO - Setting next_dagrun for example_xcom_args_with_operators to None, run_after=None
[2024-05-06T18:32:28.743-0500] {processor.py:183} INFO - Processing /Users/paulamedina/venv/lib/python3.12/site-packages/airflow/example_dags/example_xcomargs.py took 0.261 seconds
[2024-05-06T18:34:28.320-0500] {processor.py:161} INFO - Started process (PID=20426) to work on /Users/paulamedina/venv/lib/python3.12/site-packages/airflow/example_dags/example_xcomargs.py
[2024-05-06T18:34:28.321-0500] {processor.py:830} INFO - Processing file /Users/paulamedina/venv/lib/python3.12/site-packages/airflow/example_dags/example_xcomargs.py for tasks to queue
[2024-05-06T18:34:28.322-0500] {logging_mixin.py:188} INFO - [2024-05-06T18:34:28.322-0500] {dagbag.py:540} INFO - Filling up the DagBag from /Users/paulamedina/venv/lib/python3.12/site-packages/airflow/example_dags/example_xcomargs.py
[2024-05-06T18:34:28.367-0500] {processor.py:840} INFO - DAG(s) 'example_xcom_args', 'example_xcom_args_with_operators' retrieved from /Users/paulamedina/venv/lib/python3.12/site-packages/airflow/example_dags/example_xcomargs.py
[2024-05-06T18:34:28.476-0500] {logging_mixin.py:188} INFO - [2024-05-06T18:34:28.476-0500] {dag.py:3096} INFO - Sync 2 DAGs
[2024-05-06T18:34:28.486-0500] {logging_mixin.py:188} INFO - [2024-05-06T18:34:28.486-0500] {dag.py:3954} INFO - Setting next_dagrun for example_xcom_args to None, run_after=None
[2024-05-06T18:34:28.489-0500] {logging_mixin.py:188} INFO - [2024-05-06T18:34:28.489-0500] {dag.py:3954} INFO - Setting next_dagrun for example_xcom_args_with_operators to None, run_after=None
[2024-05-06T18:34:28.505-0500] {processor.py:183} INFO - Processing /Users/paulamedina/venv/lib/python3.12/site-packages/airflow/example_dags/example_xcomargs.py took 0.189 seconds
[2024-05-06T18:36:25.792-0500] {processor.py:161} INFO - Started process (PID=20847) to work on /Users/paulamedina/venv/lib/python3.12/site-packages/airflow/example_dags/example_xcomargs.py
[2024-05-06T18:36:25.794-0500] {processor.py:830} INFO - Processing file /Users/paulamedina/venv/lib/python3.12/site-packages/airflow/example_dags/example_xcomargs.py for tasks to queue
[2024-05-06T18:36:25.794-0500] {logging_mixin.py:188} INFO - [2024-05-06T18:36:25.794-0500] {dagbag.py:540} INFO - Filling up the DagBag from /Users/paulamedina/venv/lib/python3.12/site-packages/airflow/example_dags/example_xcomargs.py
[2024-05-06T18:36:25.840-0500] {processor.py:840} INFO - DAG(s) 'example_xcom_args_with_operators', 'example_xcom_args' retrieved from /Users/paulamedina/venv/lib/python3.12/site-packages/airflow/example_dags/example_xcomargs.py
[2024-05-06T18:36:25.946-0500] {logging_mixin.py:188} INFO - [2024-05-06T18:36:25.946-0500] {dag.py:3096} INFO - Sync 2 DAGs
[2024-05-06T18:36:25.955-0500] {logging_mixin.py:188} INFO - [2024-05-06T18:36:25.955-0500] {dag.py:3954} INFO - Setting next_dagrun for example_xcom_args to None, run_after=None
[2024-05-06T18:36:25.959-0500] {logging_mixin.py:188} INFO - [2024-05-06T18:36:25.959-0500] {dag.py:3954} INFO - Setting next_dagrun for example_xcom_args_with_operators to None, run_after=None
[2024-05-06T18:36:25.976-0500] {processor.py:183} INFO - Processing /Users/paulamedina/venv/lib/python3.12/site-packages/airflow/example_dags/example_xcomargs.py took 0.187 seconds
[2024-05-06T18:38:24.614-0500] {processor.py:161} INFO - Started process (PID=21271) to work on /Users/paulamedina/venv/lib/python3.12/site-packages/airflow/example_dags/example_xcomargs.py
[2024-05-06T18:38:24.616-0500] {processor.py:830} INFO - Processing file /Users/paulamedina/venv/lib/python3.12/site-packages/airflow/example_dags/example_xcomargs.py for tasks to queue
[2024-05-06T18:38:24.617-0500] {logging_mixin.py:188} INFO - [2024-05-06T18:38:24.617-0500] {dagbag.py:540} INFO - Filling up the DagBag from /Users/paulamedina/venv/lib/python3.12/site-packages/airflow/example_dags/example_xcomargs.py
[2024-05-06T18:38:24.655-0500] {processor.py:840} INFO - DAG(s) 'example_xcom_args', 'example_xcom_args_with_operators' retrieved from /Users/paulamedina/venv/lib/python3.12/site-packages/airflow/example_dags/example_xcomargs.py
[2024-05-06T18:38:24.759-0500] {logging_mixin.py:188} INFO - [2024-05-06T18:38:24.758-0500] {dag.py:3096} INFO - Sync 2 DAGs
[2024-05-06T18:38:24.767-0500] {logging_mixin.py:188} INFO - [2024-05-06T18:38:24.767-0500] {dag.py:3954} INFO - Setting next_dagrun for example_xcom_args to None, run_after=None
[2024-05-06T18:38:24.770-0500] {logging_mixin.py:188} INFO - [2024-05-06T18:38:24.770-0500] {dag.py:3954} INFO - Setting next_dagrun for example_xcom_args_with_operators to None, run_after=None
[2024-05-06T18:38:24.786-0500] {processor.py:183} INFO - Processing /Users/paulamedina/venv/lib/python3.12/site-packages/airflow/example_dags/example_xcomargs.py took 0.174 seconds
[2024-05-06T18:40:20.502-0500] {processor.py:161} INFO - Started process (PID=21692) to work on /Users/paulamedina/venv/lib/python3.12/site-packages/airflow/example_dags/example_xcomargs.py
[2024-05-06T18:40:20.504-0500] {processor.py:830} INFO - Processing file /Users/paulamedina/venv/lib/python3.12/site-packages/airflow/example_dags/example_xcomargs.py for tasks to queue
[2024-05-06T18:40:20.505-0500] {logging_mixin.py:188} INFO - [2024-05-06T18:40:20.504-0500] {dagbag.py:540} INFO - Filling up the DagBag from /Users/paulamedina/venv/lib/python3.12/site-packages/airflow/example_dags/example_xcomargs.py
[2024-05-06T18:40:20.547-0500] {processor.py:840} INFO - DAG(s) 'example_xcom_args', 'example_xcom_args_with_operators' retrieved from /Users/paulamedina/venv/lib/python3.12/site-packages/airflow/example_dags/example_xcomargs.py
[2024-05-06T18:40:20.649-0500] {logging_mixin.py:188} INFO - [2024-05-06T18:40:20.648-0500] {dag.py:3096} INFO - Sync 2 DAGs
[2024-05-06T18:40:20.657-0500] {logging_mixin.py:188} INFO - [2024-05-06T18:40:20.657-0500] {dag.py:3954} INFO - Setting next_dagrun for example_xcom_args to None, run_after=None
[2024-05-06T18:40:20.660-0500] {logging_mixin.py:188} INFO - [2024-05-06T18:40:20.660-0500] {dag.py:3954} INFO - Setting next_dagrun for example_xcom_args_with_operators to None, run_after=None
[2024-05-06T18:40:20.676-0500] {processor.py:183} INFO - Processing /Users/paulamedina/venv/lib/python3.12/site-packages/airflow/example_dags/example_xcomargs.py took 0.176 seconds
[2024-05-06T18:42:16.082-0500] {processor.py:161} INFO - Started process (PID=22195) to work on /Users/paulamedina/venv/lib/python3.12/site-packages/airflow/example_dags/example_xcomargs.py
[2024-05-06T18:42:16.084-0500] {processor.py:830} INFO - Processing file /Users/paulamedina/venv/lib/python3.12/site-packages/airflow/example_dags/example_xcomargs.py for tasks to queue
[2024-05-06T18:42:16.085-0500] {logging_mixin.py:188} INFO - [2024-05-06T18:42:16.084-0500] {dagbag.py:540} INFO - Filling up the DagBag from /Users/paulamedina/venv/lib/python3.12/site-packages/airflow/example_dags/example_xcomargs.py
[2024-05-06T18:42:16.127-0500] {processor.py:840} INFO - DAG(s) 'example_xcom_args_with_operators', 'example_xcom_args' retrieved from /Users/paulamedina/venv/lib/python3.12/site-packages/airflow/example_dags/example_xcomargs.py
[2024-05-06T18:42:16.231-0500] {logging_mixin.py:188} INFO - [2024-05-06T18:42:16.230-0500] {dag.py:3096} INFO - Sync 2 DAGs
[2024-05-06T18:42:16.245-0500] {logging_mixin.py:188} INFO - [2024-05-06T18:42:16.245-0500] {dag.py:3954} INFO - Setting next_dagrun for example_xcom_args to None, run_after=None
[2024-05-06T18:42:16.249-0500] {logging_mixin.py:188} INFO - [2024-05-06T18:42:16.249-0500] {dag.py:3954} INFO - Setting next_dagrun for example_xcom_args_with_operators to None, run_after=None
[2024-05-06T18:42:16.270-0500] {processor.py:183} INFO - Processing /Users/paulamedina/venv/lib/python3.12/site-packages/airflow/example_dags/example_xcomargs.py took 0.190 seconds
[2024-05-06T18:44:16.129-0500] {processor.py:161} INFO - Started process (PID=22625) to work on /Users/paulamedina/venv/lib/python3.12/site-packages/airflow/example_dags/example_xcomargs.py
[2024-05-06T18:44:16.130-0500] {processor.py:830} INFO - Processing file /Users/paulamedina/venv/lib/python3.12/site-packages/airflow/example_dags/example_xcomargs.py for tasks to queue
[2024-05-06T18:44:16.131-0500] {logging_mixin.py:188} INFO - [2024-05-06T18:44:16.130-0500] {dagbag.py:540} INFO - Filling up the DagBag from /Users/paulamedina/venv/lib/python3.12/site-packages/airflow/example_dags/example_xcomargs.py
[2024-05-06T18:44:16.168-0500] {processor.py:840} INFO - DAG(s) 'example_xcom_args_with_operators', 'example_xcom_args' retrieved from /Users/paulamedina/venv/lib/python3.12/site-packages/airflow/example_dags/example_xcomargs.py
[2024-05-06T18:44:16.262-0500] {logging_mixin.py:188} INFO - [2024-05-06T18:44:16.262-0500] {dag.py:3096} INFO - Sync 2 DAGs
[2024-05-06T18:44:16.271-0500] {logging_mixin.py:188} INFO - [2024-05-06T18:44:16.270-0500] {dag.py:3954} INFO - Setting next_dagrun for example_xcom_args to None, run_after=None
[2024-05-06T18:44:16.273-0500] {logging_mixin.py:188} INFO - [2024-05-06T18:44:16.273-0500] {dag.py:3954} INFO - Setting next_dagrun for example_xcom_args_with_operators to None, run_after=None
[2024-05-06T18:44:16.288-0500] {processor.py:183} INFO - Processing /Users/paulamedina/venv/lib/python3.12/site-packages/airflow/example_dags/example_xcomargs.py took 0.161 seconds
[2024-05-06T18:46:16.328-0500] {processor.py:161} INFO - Started process (PID=23057) to work on /Users/paulamedina/venv/lib/python3.12/site-packages/airflow/example_dags/example_xcomargs.py
[2024-05-06T18:46:16.330-0500] {processor.py:830} INFO - Processing file /Users/paulamedina/venv/lib/python3.12/site-packages/airflow/example_dags/example_xcomargs.py for tasks to queue
[2024-05-06T18:46:16.331-0500] {logging_mixin.py:188} INFO - [2024-05-06T18:46:16.331-0500] {dagbag.py:540} INFO - Filling up the DagBag from /Users/paulamedina/venv/lib/python3.12/site-packages/airflow/example_dags/example_xcomargs.py
[2024-05-06T18:46:16.376-0500] {processor.py:840} INFO - DAG(s) 'example_xcom_args_with_operators', 'example_xcom_args' retrieved from /Users/paulamedina/venv/lib/python3.12/site-packages/airflow/example_dags/example_xcomargs.py
[2024-05-06T18:46:16.486-0500] {logging_mixin.py:188} INFO - [2024-05-06T18:46:16.486-0500] {dag.py:3096} INFO - Sync 2 DAGs
[2024-05-06T18:46:16.496-0500] {logging_mixin.py:188} INFO - [2024-05-06T18:46:16.496-0500] {dag.py:3954} INFO - Setting next_dagrun for example_xcom_args to None, run_after=None
[2024-05-06T18:46:16.499-0500] {logging_mixin.py:188} INFO - [2024-05-06T18:46:16.499-0500] {dag.py:3954} INFO - Setting next_dagrun for example_xcom_args_with_operators to None, run_after=None
[2024-05-06T18:46:16.516-0500] {processor.py:183} INFO - Processing /Users/paulamedina/venv/lib/python3.12/site-packages/airflow/example_dags/example_xcomargs.py took 0.191 seconds
[2024-05-06T18:48:19.721-0500] {processor.py:161} INFO - Started process (PID=23496) to work on /Users/paulamedina/venv/lib/python3.12/site-packages/airflow/example_dags/example_xcomargs.py
[2024-05-06T18:48:19.722-0500] {processor.py:830} INFO - Processing file /Users/paulamedina/venv/lib/python3.12/site-packages/airflow/example_dags/example_xcomargs.py for tasks to queue
[2024-05-06T18:48:19.723-0500] {logging_mixin.py:188} INFO - [2024-05-06T18:48:19.723-0500] {dagbag.py:540} INFO - Filling up the DagBag from /Users/paulamedina/venv/lib/python3.12/site-packages/airflow/example_dags/example_xcomargs.py
[2024-05-06T18:48:19.776-0500] {processor.py:840} INFO - DAG(s) 'example_xcom_args_with_operators', 'example_xcom_args' retrieved from /Users/paulamedina/venv/lib/python3.12/site-packages/airflow/example_dags/example_xcomargs.py
[2024-05-06T18:48:19.902-0500] {logging_mixin.py:188} INFO - [2024-05-06T18:48:19.902-0500] {dag.py:3096} INFO - Sync 2 DAGs
[2024-05-06T18:48:19.912-0500] {logging_mixin.py:188} INFO - [2024-05-06T18:48:19.912-0500] {dag.py:3954} INFO - Setting next_dagrun for example_xcom_args to None, run_after=None
[2024-05-06T18:48:19.915-0500] {logging_mixin.py:188} INFO - [2024-05-06T18:48:19.915-0500] {dag.py:3954} INFO - Setting next_dagrun for example_xcom_args_with_operators to None, run_after=None
[2024-05-06T18:48:19.931-0500] {processor.py:183} INFO - Processing /Users/paulamedina/venv/lib/python3.12/site-packages/airflow/example_dags/example_xcomargs.py took 0.213 seconds
[2024-05-06T18:50:27.105-0500] {processor.py:161} INFO - Started process (PID=23951) to work on /Users/paulamedina/venv/lib/python3.12/site-packages/airflow/example_dags/example_xcomargs.py
[2024-05-06T18:50:27.112-0500] {processor.py:830} INFO - Processing file /Users/paulamedina/venv/lib/python3.12/site-packages/airflow/example_dags/example_xcomargs.py for tasks to queue
[2024-05-06T18:50:27.113-0500] {logging_mixin.py:188} INFO - [2024-05-06T18:50:27.113-0500] {dagbag.py:540} INFO - Filling up the DagBag from /Users/paulamedina/venv/lib/python3.12/site-packages/airflow/example_dags/example_xcomargs.py
[2024-05-06T18:50:27.156-0500] {processor.py:840} INFO - DAG(s) 'example_xcom_args_with_operators', 'example_xcom_args' retrieved from /Users/paulamedina/venv/lib/python3.12/site-packages/airflow/example_dags/example_xcomargs.py
[2024-05-06T18:50:27.258-0500] {logging_mixin.py:188} INFO - [2024-05-06T18:50:27.257-0500] {dag.py:3096} INFO - Sync 2 DAGs
[2024-05-06T18:50:27.268-0500] {logging_mixin.py:188} INFO - [2024-05-06T18:50:27.267-0500] {dag.py:3954} INFO - Setting next_dagrun for example_xcom_args to None, run_after=None
[2024-05-06T18:50:27.271-0500] {logging_mixin.py:188} INFO - [2024-05-06T18:50:27.271-0500] {dag.py:3954} INFO - Setting next_dagrun for example_xcom_args_with_operators to None, run_after=None
[2024-05-06T18:50:27.287-0500] {processor.py:183} INFO - Processing /Users/paulamedina/venv/lib/python3.12/site-packages/airflow/example_dags/example_xcomargs.py took 0.185 seconds
[2024-05-06T18:52:24.591-0500] {processor.py:161} INFO - Started process (PID=24371) to work on /Users/paulamedina/venv/lib/python3.12/site-packages/airflow/example_dags/example_xcomargs.py
[2024-05-06T18:52:24.592-0500] {processor.py:830} INFO - Processing file /Users/paulamedina/venv/lib/python3.12/site-packages/airflow/example_dags/example_xcomargs.py for tasks to queue
[2024-05-06T18:52:24.593-0500] {logging_mixin.py:188} INFO - [2024-05-06T18:52:24.593-0500] {dagbag.py:540} INFO - Filling up the DagBag from /Users/paulamedina/venv/lib/python3.12/site-packages/airflow/example_dags/example_xcomargs.py
[2024-05-06T18:52:24.640-0500] {processor.py:840} INFO - DAG(s) 'example_xcom_args_with_operators', 'example_xcom_args' retrieved from /Users/paulamedina/venv/lib/python3.12/site-packages/airflow/example_dags/example_xcomargs.py
[2024-05-06T18:52:24.770-0500] {logging_mixin.py:188} INFO - [2024-05-06T18:52:24.770-0500] {dag.py:3096} INFO - Sync 2 DAGs
[2024-05-06T18:52:24.781-0500] {logging_mixin.py:188} INFO - [2024-05-06T18:52:24.781-0500] {dag.py:3954} INFO - Setting next_dagrun for example_xcom_args to None, run_after=None
[2024-05-06T18:52:24.784-0500] {logging_mixin.py:188} INFO - [2024-05-06T18:52:24.784-0500] {dag.py:3954} INFO - Setting next_dagrun for example_xcom_args_with_operators to None, run_after=None
[2024-05-06T18:52:24.801-0500] {processor.py:183} INFO - Processing /Users/paulamedina/venv/lib/python3.12/site-packages/airflow/example_dags/example_xcomargs.py took 0.213 seconds
[2024-05-06T18:54:20.787-0500] {processor.py:161} INFO - Started process (PID=24784) to work on /Users/paulamedina/venv/lib/python3.12/site-packages/airflow/example_dags/example_xcomargs.py
[2024-05-06T18:54:20.788-0500] {processor.py:830} INFO - Processing file /Users/paulamedina/venv/lib/python3.12/site-packages/airflow/example_dags/example_xcomargs.py for tasks to queue
[2024-05-06T18:54:20.788-0500] {logging_mixin.py:188} INFO - [2024-05-06T18:54:20.788-0500] {dagbag.py:540} INFO - Filling up the DagBag from /Users/paulamedina/venv/lib/python3.12/site-packages/airflow/example_dags/example_xcomargs.py
[2024-05-06T18:54:20.828-0500] {processor.py:840} INFO - DAG(s) 'example_xcom_args', 'example_xcom_args_with_operators' retrieved from /Users/paulamedina/venv/lib/python3.12/site-packages/airflow/example_dags/example_xcomargs.py
[2024-05-06T18:54:20.918-0500] {logging_mixin.py:188} INFO - [2024-05-06T18:54:20.918-0500] {dag.py:3096} INFO - Sync 2 DAGs
[2024-05-06T18:54:20.925-0500] {logging_mixin.py:188} INFO - [2024-05-06T18:54:20.925-0500] {dag.py:3954} INFO - Setting next_dagrun for example_xcom_args to None, run_after=None
[2024-05-06T18:54:20.927-0500] {logging_mixin.py:188} INFO - [2024-05-06T18:54:20.927-0500] {dag.py:3954} INFO - Setting next_dagrun for example_xcom_args_with_operators to None, run_after=None
[2024-05-06T18:54:20.940-0500] {processor.py:183} INFO - Processing /Users/paulamedina/venv/lib/python3.12/site-packages/airflow/example_dags/example_xcomargs.py took 0.156 seconds
[2024-05-06T18:56:46.082-0500] {processor.py:161} INFO - Started process (PID=25281) to work on /Users/paulamedina/venv/lib/python3.12/site-packages/airflow/example_dags/example_xcomargs.py
[2024-05-06T18:56:46.084-0500] {processor.py:830} INFO - Processing file /Users/paulamedina/venv/lib/python3.12/site-packages/airflow/example_dags/example_xcomargs.py for tasks to queue
[2024-05-06T18:56:46.085-0500] {logging_mixin.py:188} INFO - [2024-05-06T18:56:46.085-0500] {dagbag.py:540} INFO - Filling up the DagBag from /Users/paulamedina/venv/lib/python3.12/site-packages/airflow/example_dags/example_xcomargs.py
[2024-05-06T18:56:46.134-0500] {processor.py:840} INFO - DAG(s) 'example_xcom_args', 'example_xcom_args_with_operators' retrieved from /Users/paulamedina/venv/lib/python3.12/site-packages/airflow/example_dags/example_xcomargs.py
[2024-05-06T18:56:46.252-0500] {logging_mixin.py:188} INFO - [2024-05-06T18:56:46.251-0500] {dag.py:3096} INFO - Sync 2 DAGs
[2024-05-06T18:56:46.262-0500] {logging_mixin.py:188} INFO - [2024-05-06T18:56:46.262-0500] {dag.py:3954} INFO - Setting next_dagrun for example_xcom_args to None, run_after=None
[2024-05-06T18:56:46.266-0500] {logging_mixin.py:188} INFO - [2024-05-06T18:56:46.266-0500] {dag.py:3954} INFO - Setting next_dagrun for example_xcom_args_with_operators to None, run_after=None
[2024-05-06T18:56:46.283-0500] {processor.py:183} INFO - Processing /Users/paulamedina/venv/lib/python3.12/site-packages/airflow/example_dags/example_xcomargs.py took 0.204 seconds
[2024-05-06T18:58:52.818-0500] {processor.py:161} INFO - Started process (PID=25856) to work on /Users/paulamedina/venv/lib/python3.12/site-packages/airflow/example_dags/example_xcomargs.py
[2024-05-06T18:58:52.820-0500] {processor.py:830} INFO - Processing file /Users/paulamedina/venv/lib/python3.12/site-packages/airflow/example_dags/example_xcomargs.py for tasks to queue
[2024-05-06T18:58:52.821-0500] {logging_mixin.py:188} INFO - [2024-05-06T18:58:52.821-0500] {dagbag.py:540} INFO - Filling up the DagBag from /Users/paulamedina/venv/lib/python3.12/site-packages/airflow/example_dags/example_xcomargs.py
[2024-05-06T18:58:52.859-0500] {processor.py:840} INFO - DAG(s) 'example_xcom_args', 'example_xcom_args_with_operators' retrieved from /Users/paulamedina/venv/lib/python3.12/site-packages/airflow/example_dags/example_xcomargs.py
[2024-05-06T18:58:52.936-0500] {logging_mixin.py:188} INFO - [2024-05-06T18:58:52.936-0500] {dag.py:3096} INFO - Sync 2 DAGs
[2024-05-06T18:58:52.943-0500] {logging_mixin.py:188} INFO - [2024-05-06T18:58:52.943-0500] {dag.py:3954} INFO - Setting next_dagrun for example_xcom_args to None, run_after=None
[2024-05-06T18:58:52.945-0500] {logging_mixin.py:188} INFO - [2024-05-06T18:58:52.945-0500] {dag.py:3954} INFO - Setting next_dagrun for example_xcom_args_with_operators to None, run_after=None
[2024-05-06T18:58:52.959-0500] {processor.py:183} INFO - Processing /Users/paulamedina/venv/lib/python3.12/site-packages/airflow/example_dags/example_xcomargs.py took 0.143 seconds
