[2024-05-06T18:09:52.227-0500] {processor.py:161} INFO - Started process (PID=6738) to work on /Users/paulamedina/venv/lib/python3.12/site-packages/airflow/example_dags/example_xcom.py
[2024-05-06T18:09:52.228-0500] {processor.py:830} INFO - Processing file /Users/paulamedina/venv/lib/python3.12/site-packages/airflow/example_dags/example_xcom.py for tasks to queue
[2024-05-06T18:09:52.229-0500] {logging_mixin.py:188} INFO - [2024-05-06T18:09:52.229-0500] {dagbag.py:540} INFO - Filling up the DagBag from /Users/paulamedina/venv/lib/python3.12/site-packages/airflow/example_dags/example_xcom.py
[2024-05-06T18:09:52.267-0500] {processor.py:840} INFO - DAG(s) 'example_xcom' retrieved from /Users/paulamedina/venv/lib/python3.12/site-packages/airflow/example_dags/example_xcom.py
[2024-05-06T18:09:52.450-0500] {logging_mixin.py:188} INFO - [2024-05-06T18:09:52.449-0500] {dag.py:3096} INFO - Sync 1 DAGs
[2024-05-06T18:09:52.467-0500] {logging_mixin.py:188} INFO - [2024-05-06T18:09:52.467-0500] {dag.py:3954} INFO - Setting next_dagrun for example_xcom to 2021-01-01 00:00:00+00:00, run_after=2021-01-01 00:00:00+00:00
[2024-05-06T18:09:52.487-0500] {processor.py:183} INFO - Processing /Users/paulamedina/venv/lib/python3.12/site-packages/airflow/example_dags/example_xcom.py took 0.262 seconds
[2024-05-06T18:12:19.717-0500] {processor.py:161} INFO - Started process (PID=8728) to work on /Users/paulamedina/venv/lib/python3.12/site-packages/airflow/example_dags/example_xcom.py
[2024-05-06T18:12:19.718-0500] {processor.py:830} INFO - Processing file /Users/paulamedina/venv/lib/python3.12/site-packages/airflow/example_dags/example_xcom.py for tasks to queue
[2024-05-06T18:12:19.719-0500] {logging_mixin.py:188} INFO - [2024-05-06T18:12:19.719-0500] {dagbag.py:540} INFO - Filling up the DagBag from /Users/paulamedina/venv/lib/python3.12/site-packages/airflow/example_dags/example_xcom.py
[2024-05-06T18:12:19.768-0500] {processor.py:840} INFO - DAG(s) 'example_xcom' retrieved from /Users/paulamedina/venv/lib/python3.12/site-packages/airflow/example_dags/example_xcom.py
[2024-05-06T18:12:19.879-0500] {logging_mixin.py:188} INFO - [2024-05-06T18:12:19.879-0500] {dag.py:3096} INFO - Sync 1 DAGs
[2024-05-06T18:12:19.898-0500] {logging_mixin.py:188} INFO - [2024-05-06T18:12:19.897-0500] {dag.py:3954} INFO - Setting next_dagrun for example_xcom to 2021-01-01 00:00:00+00:00, run_after=2021-01-01 00:00:00+00:00
[2024-05-06T18:12:19.920-0500] {processor.py:183} INFO - Processing /Users/paulamedina/venv/lib/python3.12/site-packages/airflow/example_dags/example_xcom.py took 0.206 seconds
[2024-05-06T18:14:18.035-0500] {processor.py:161} INFO - Started process (PID=10306) to work on /Users/paulamedina/venv/lib/python3.12/site-packages/airflow/example_dags/example_xcom.py
[2024-05-06T18:14:18.036-0500] {processor.py:830} INFO - Processing file /Users/paulamedina/venv/lib/python3.12/site-packages/airflow/example_dags/example_xcom.py for tasks to queue
[2024-05-06T18:14:18.037-0500] {logging_mixin.py:188} INFO - [2024-05-06T18:14:18.037-0500] {dagbag.py:540} INFO - Filling up the DagBag from /Users/paulamedina/venv/lib/python3.12/site-packages/airflow/example_dags/example_xcom.py
[2024-05-06T18:14:18.073-0500] {processor.py:840} INFO - DAG(s) 'example_xcom' retrieved from /Users/paulamedina/venv/lib/python3.12/site-packages/airflow/example_dags/example_xcom.py
[2024-05-06T18:14:18.161-0500] {logging_mixin.py:188} INFO - [2024-05-06T18:14:18.161-0500] {dag.py:3096} INFO - Sync 1 DAGs
[2024-05-06T18:14:18.174-0500] {logging_mixin.py:188} INFO - [2024-05-06T18:14:18.174-0500] {dag.py:3954} INFO - Setting next_dagrun for example_xcom to 2021-01-01 00:00:00+00:00, run_after=2021-01-01 00:00:00+00:00
[2024-05-06T18:14:18.192-0500] {processor.py:183} INFO - Processing /Users/paulamedina/venv/lib/python3.12/site-packages/airflow/example_dags/example_xcom.py took 0.159 seconds
[2024-05-06T18:16:14.297-0500] {processor.py:161} INFO - Started process (PID=11881) to work on /Users/paulamedina/venv/lib/python3.12/site-packages/airflow/example_dags/example_xcom.py
[2024-05-06T18:16:14.298-0500] {processor.py:830} INFO - Processing file /Users/paulamedina/venv/lib/python3.12/site-packages/airflow/example_dags/example_xcom.py for tasks to queue
[2024-05-06T18:16:14.299-0500] {logging_mixin.py:188} INFO - [2024-05-06T18:16:14.299-0500] {dagbag.py:540} INFO - Filling up the DagBag from /Users/paulamedina/venv/lib/python3.12/site-packages/airflow/example_dags/example_xcom.py
[2024-05-06T18:16:14.349-0500] {processor.py:840} INFO - DAG(s) 'example_xcom' retrieved from /Users/paulamedina/venv/lib/python3.12/site-packages/airflow/example_dags/example_xcom.py
[2024-05-06T18:16:14.480-0500] {logging_mixin.py:188} INFO - [2024-05-06T18:16:14.480-0500] {dag.py:3096} INFO - Sync 1 DAGs
[2024-05-06T18:16:14.499-0500] {logging_mixin.py:188} INFO - [2024-05-06T18:16:14.498-0500] {dag.py:3954} INFO - Setting next_dagrun for example_xcom to 2021-01-01 00:00:00+00:00, run_after=2021-01-01 00:00:00+00:00
[2024-05-06T18:16:14.523-0500] {processor.py:183} INFO - Processing /Users/paulamedina/venv/lib/python3.12/site-packages/airflow/example_dags/example_xcom.py took 0.229 seconds
[2024-05-06T18:18:08.784-0500] {processor.py:161} INFO - Started process (PID=13446) to work on /Users/paulamedina/venv/lib/python3.12/site-packages/airflow/example_dags/example_xcom.py
[2024-05-06T18:18:08.785-0500] {processor.py:830} INFO - Processing file /Users/paulamedina/venv/lib/python3.12/site-packages/airflow/example_dags/example_xcom.py for tasks to queue
[2024-05-06T18:18:08.786-0500] {logging_mixin.py:188} INFO - [2024-05-06T18:18:08.786-0500] {dagbag.py:540} INFO - Filling up the DagBag from /Users/paulamedina/venv/lib/python3.12/site-packages/airflow/example_dags/example_xcom.py
[2024-05-06T18:18:08.826-0500] {processor.py:840} INFO - DAG(s) 'example_xcom' retrieved from /Users/paulamedina/venv/lib/python3.12/site-packages/airflow/example_dags/example_xcom.py
[2024-05-06T18:18:08.924-0500] {logging_mixin.py:188} INFO - [2024-05-06T18:18:08.924-0500] {dag.py:3096} INFO - Sync 1 DAGs
[2024-05-06T18:18:08.943-0500] {logging_mixin.py:188} INFO - [2024-05-06T18:18:08.943-0500] {dag.py:3954} INFO - Setting next_dagrun for example_xcom to 2021-01-01 00:00:00+00:00, run_after=2021-01-01 00:00:00+00:00
[2024-05-06T18:18:08.961-0500] {processor.py:183} INFO - Processing /Users/paulamedina/venv/lib/python3.12/site-packages/airflow/example_dags/example_xcom.py took 0.179 seconds
[2024-05-06T18:20:08.720-0500] {processor.py:161} INFO - Started process (PID=15036) to work on /Users/paulamedina/venv/lib/python3.12/site-packages/airflow/example_dags/example_xcom.py
[2024-05-06T18:20:08.721-0500] {processor.py:830} INFO - Processing file /Users/paulamedina/venv/lib/python3.12/site-packages/airflow/example_dags/example_xcom.py for tasks to queue
[2024-05-06T18:20:08.722-0500] {logging_mixin.py:188} INFO - [2024-05-06T18:20:08.721-0500] {dagbag.py:540} INFO - Filling up the DagBag from /Users/paulamedina/venv/lib/python3.12/site-packages/airflow/example_dags/example_xcom.py
[2024-05-06T18:20:08.761-0500] {processor.py:840} INFO - DAG(s) 'example_xcom' retrieved from /Users/paulamedina/venv/lib/python3.12/site-packages/airflow/example_dags/example_xcom.py
[2024-05-06T18:20:08.859-0500] {logging_mixin.py:188} INFO - [2024-05-06T18:20:08.859-0500] {dag.py:3096} INFO - Sync 1 DAGs
[2024-05-06T18:20:08.876-0500] {logging_mixin.py:188} INFO - [2024-05-06T18:20:08.876-0500] {dag.py:3954} INFO - Setting next_dagrun for example_xcom to 2021-01-01 00:00:00+00:00, run_after=2021-01-01 00:00:00+00:00
[2024-05-06T18:20:08.894-0500] {processor.py:183} INFO - Processing /Users/paulamedina/venv/lib/python3.12/site-packages/airflow/example_dags/example_xcom.py took 0.176 seconds
[2024-05-06T18:22:19.668-0500] {processor.py:161} INFO - Started process (PID=16930) to work on /Users/paulamedina/venv/lib/python3.12/site-packages/airflow/example_dags/example_xcom.py
[2024-05-06T18:22:19.669-0500] {processor.py:830} INFO - Processing file /Users/paulamedina/venv/lib/python3.12/site-packages/airflow/example_dags/example_xcom.py for tasks to queue
[2024-05-06T18:22:19.670-0500] {logging_mixin.py:188} INFO - [2024-05-06T18:22:19.670-0500] {dagbag.py:540} INFO - Filling up the DagBag from /Users/paulamedina/venv/lib/python3.12/site-packages/airflow/example_dags/example_xcom.py
[2024-05-06T18:22:19.741-0500] {processor.py:840} INFO - DAG(s) 'example_xcom' retrieved from /Users/paulamedina/venv/lib/python3.12/site-packages/airflow/example_dags/example_xcom.py
[2024-05-06T18:22:19.877-0500] {logging_mixin.py:188} INFO - [2024-05-06T18:22:19.876-0500] {dag.py:3096} INFO - Sync 1 DAGs
[2024-05-06T18:22:19.897-0500] {logging_mixin.py:188} INFO - [2024-05-06T18:22:19.896-0500] {dag.py:3954} INFO - Setting next_dagrun for example_xcom to 2021-01-01 00:00:00+00:00, run_after=2021-01-01 00:00:00+00:00
[2024-05-06T18:22:19.925-0500] {processor.py:183} INFO - Processing /Users/paulamedina/venv/lib/python3.12/site-packages/airflow/example_dags/example_xcom.py took 0.262 seconds
[2024-05-06T18:24:26.198-0500] {processor.py:161} INFO - Started process (PID=18249) to work on /Users/paulamedina/venv/lib/python3.12/site-packages/airflow/example_dags/example_xcom.py
[2024-05-06T18:24:26.200-0500] {processor.py:830} INFO - Processing file /Users/paulamedina/venv/lib/python3.12/site-packages/airflow/example_dags/example_xcom.py for tasks to queue
[2024-05-06T18:24:26.200-0500] {logging_mixin.py:188} INFO - [2024-05-06T18:24:26.200-0500] {dagbag.py:540} INFO - Filling up the DagBag from /Users/paulamedina/venv/lib/python3.12/site-packages/airflow/example_dags/example_xcom.py
[2024-05-06T18:24:26.238-0500] {processor.py:840} INFO - DAG(s) 'example_xcom' retrieved from /Users/paulamedina/venv/lib/python3.12/site-packages/airflow/example_dags/example_xcom.py
[2024-05-06T18:24:26.331-0500] {logging_mixin.py:188} INFO - [2024-05-06T18:24:26.330-0500] {dag.py:3096} INFO - Sync 1 DAGs
[2024-05-06T18:24:26.347-0500] {logging_mixin.py:188} INFO - [2024-05-06T18:24:26.347-0500] {dag.py:3954} INFO - Setting next_dagrun for example_xcom to 2021-01-01 00:00:00+00:00, run_after=2021-01-01 00:00:00+00:00
[2024-05-06T18:24:26.366-0500] {processor.py:183} INFO - Processing /Users/paulamedina/venv/lib/python3.12/site-packages/airflow/example_dags/example_xcom.py took 0.170 seconds
[2024-05-06T18:26:19.839-0500] {processor.py:161} INFO - Started process (PID=18657) to work on /Users/paulamedina/venv/lib/python3.12/site-packages/airflow/example_dags/example_xcom.py
[2024-05-06T18:26:19.840-0500] {processor.py:830} INFO - Processing file /Users/paulamedina/venv/lib/python3.12/site-packages/airflow/example_dags/example_xcom.py for tasks to queue
[2024-05-06T18:26:19.841-0500] {logging_mixin.py:188} INFO - [2024-05-06T18:26:19.841-0500] {dagbag.py:540} INFO - Filling up the DagBag from /Users/paulamedina/venv/lib/python3.12/site-packages/airflow/example_dags/example_xcom.py
[2024-05-06T18:26:19.877-0500] {processor.py:840} INFO - DAG(s) 'example_xcom' retrieved from /Users/paulamedina/venv/lib/python3.12/site-packages/airflow/example_dags/example_xcom.py
[2024-05-06T18:26:19.955-0500] {logging_mixin.py:188} INFO - [2024-05-06T18:26:19.955-0500] {dag.py:3096} INFO - Sync 1 DAGs
[2024-05-06T18:26:19.967-0500] {logging_mixin.py:188} INFO - [2024-05-06T18:26:19.966-0500] {dag.py:3954} INFO - Setting next_dagrun for example_xcom to 2021-01-01 00:00:00+00:00, run_after=2021-01-01 00:00:00+00:00
[2024-05-06T18:26:19.982-0500] {processor.py:183} INFO - Processing /Users/paulamedina/venv/lib/python3.12/site-packages/airflow/example_dags/example_xcom.py took 0.145 seconds
[2024-05-06T18:28:19.805-0500] {processor.py:161} INFO - Started process (PID=19088) to work on /Users/paulamedina/venv/lib/python3.12/site-packages/airflow/example_dags/example_xcom.py
[2024-05-06T18:28:19.806-0500] {processor.py:830} INFO - Processing file /Users/paulamedina/venv/lib/python3.12/site-packages/airflow/example_dags/example_xcom.py for tasks to queue
[2024-05-06T18:28:19.807-0500] {logging_mixin.py:188} INFO - [2024-05-06T18:28:19.807-0500] {dagbag.py:540} INFO - Filling up the DagBag from /Users/paulamedina/venv/lib/python3.12/site-packages/airflow/example_dags/example_xcom.py
[2024-05-06T18:28:19.843-0500] {processor.py:840} INFO - DAG(s) 'example_xcom' retrieved from /Users/paulamedina/venv/lib/python3.12/site-packages/airflow/example_dags/example_xcom.py
[2024-05-06T18:28:19.931-0500] {logging_mixin.py:188} INFO - [2024-05-06T18:28:19.931-0500] {dag.py:3096} INFO - Sync 1 DAGs
[2024-05-06T18:28:19.944-0500] {logging_mixin.py:188} INFO - [2024-05-06T18:28:19.944-0500] {dag.py:3954} INFO - Setting next_dagrun for example_xcom to 2021-01-01 00:00:00+00:00, run_after=2021-01-01 00:00:00+00:00
[2024-05-06T18:28:19.961-0500] {processor.py:183} INFO - Processing /Users/paulamedina/venv/lib/python3.12/site-packages/airflow/example_dags/example_xcom.py took 0.158 seconds
[2024-05-06T18:30:24.063-0500] {processor.py:161} INFO - Started process (PID=19544) to work on /Users/paulamedina/venv/lib/python3.12/site-packages/airflow/example_dags/example_xcom.py
[2024-05-06T18:30:24.064-0500] {processor.py:830} INFO - Processing file /Users/paulamedina/venv/lib/python3.12/site-packages/airflow/example_dags/example_xcom.py for tasks to queue
[2024-05-06T18:30:24.065-0500] {logging_mixin.py:188} INFO - [2024-05-06T18:30:24.065-0500] {dagbag.py:540} INFO - Filling up the DagBag from /Users/paulamedina/venv/lib/python3.12/site-packages/airflow/example_dags/example_xcom.py
[2024-05-06T18:30:24.121-0500] {processor.py:840} INFO - DAG(s) 'example_xcom' retrieved from /Users/paulamedina/venv/lib/python3.12/site-packages/airflow/example_dags/example_xcom.py
[2024-05-06T18:30:24.268-0500] {logging_mixin.py:188} INFO - [2024-05-06T18:30:24.268-0500] {dag.py:3096} INFO - Sync 1 DAGs
[2024-05-06T18:30:24.289-0500] {logging_mixin.py:188} INFO - [2024-05-06T18:30:24.289-0500] {dag.py:3954} INFO - Setting next_dagrun for example_xcom to 2021-01-01 00:00:00+00:00, run_after=2021-01-01 00:00:00+00:00
[2024-05-06T18:30:24.316-0500] {processor.py:183} INFO - Processing /Users/paulamedina/venv/lib/python3.12/site-packages/airflow/example_dags/example_xcom.py took 0.257 seconds
[2024-05-06T18:32:32.191-0500] {processor.py:161} INFO - Started process (PID=20008) to work on /Users/paulamedina/venv/lib/python3.12/site-packages/airflow/example_dags/example_xcom.py
[2024-05-06T18:32:32.193-0500] {processor.py:830} INFO - Processing file /Users/paulamedina/venv/lib/python3.12/site-packages/airflow/example_dags/example_xcom.py for tasks to queue
[2024-05-06T18:32:32.194-0500] {logging_mixin.py:188} INFO - [2024-05-06T18:32:32.194-0500] {dagbag.py:540} INFO - Filling up the DagBag from /Users/paulamedina/venv/lib/python3.12/site-packages/airflow/example_dags/example_xcom.py
[2024-05-06T18:32:32.253-0500] {processor.py:840} INFO - DAG(s) 'example_xcom' retrieved from /Users/paulamedina/venv/lib/python3.12/site-packages/airflow/example_dags/example_xcom.py
[2024-05-06T18:32:32.389-0500] {logging_mixin.py:188} INFO - [2024-05-06T18:32:32.389-0500] {dag.py:3096} INFO - Sync 1 DAGs
[2024-05-06T18:32:32.410-0500] {logging_mixin.py:188} INFO - [2024-05-06T18:32:32.409-0500] {dag.py:3954} INFO - Setting next_dagrun for example_xcom to 2021-01-01 00:00:00+00:00, run_after=2021-01-01 00:00:00+00:00
[2024-05-06T18:32:32.437-0500] {processor.py:183} INFO - Processing /Users/paulamedina/venv/lib/python3.12/site-packages/airflow/example_dags/example_xcom.py took 0.249 seconds
[2024-05-06T18:34:30.867-0500] {processor.py:161} INFO - Started process (PID=20433) to work on /Users/paulamedina/venv/lib/python3.12/site-packages/airflow/example_dags/example_xcom.py
[2024-05-06T18:34:30.870-0500] {processor.py:830} INFO - Processing file /Users/paulamedina/venv/lib/python3.12/site-packages/airflow/example_dags/example_xcom.py for tasks to queue
[2024-05-06T18:34:30.871-0500] {logging_mixin.py:188} INFO - [2024-05-06T18:34:30.871-0500] {dagbag.py:540} INFO - Filling up the DagBag from /Users/paulamedina/venv/lib/python3.12/site-packages/airflow/example_dags/example_xcom.py
[2024-05-06T18:34:30.914-0500] {processor.py:840} INFO - DAG(s) 'example_xcom' retrieved from /Users/paulamedina/venv/lib/python3.12/site-packages/airflow/example_dags/example_xcom.py
[2024-05-06T18:34:31.010-0500] {logging_mixin.py:188} INFO - [2024-05-06T18:34:31.010-0500] {dag.py:3096} INFO - Sync 1 DAGs
[2024-05-06T18:34:31.023-0500] {logging_mixin.py:188} INFO - [2024-05-06T18:34:31.023-0500] {dag.py:3954} INFO - Setting next_dagrun for example_xcom to 2021-01-01 00:00:00+00:00, run_after=2021-01-01 00:00:00+00:00
[2024-05-06T18:34:31.041-0500] {processor.py:183} INFO - Processing /Users/paulamedina/venv/lib/python3.12/site-packages/airflow/example_dags/example_xcom.py took 0.177 seconds
[2024-05-06T18:36:27.965-0500] {processor.py:161} INFO - Started process (PID=20854) to work on /Users/paulamedina/venv/lib/python3.12/site-packages/airflow/example_dags/example_xcom.py
[2024-05-06T18:36:27.967-0500] {processor.py:830} INFO - Processing file /Users/paulamedina/venv/lib/python3.12/site-packages/airflow/example_dags/example_xcom.py for tasks to queue
[2024-05-06T18:36:27.968-0500] {logging_mixin.py:188} INFO - [2024-05-06T18:36:27.968-0500] {dagbag.py:540} INFO - Filling up the DagBag from /Users/paulamedina/venv/lib/python3.12/site-packages/airflow/example_dags/example_xcom.py
[2024-05-06T18:36:28.013-0500] {processor.py:840} INFO - DAG(s) 'example_xcom' retrieved from /Users/paulamedina/venv/lib/python3.12/site-packages/airflow/example_dags/example_xcom.py
[2024-05-06T18:36:28.109-0500] {logging_mixin.py:188} INFO - [2024-05-06T18:36:28.109-0500] {dag.py:3096} INFO - Sync 1 DAGs
[2024-05-06T18:36:28.122-0500] {logging_mixin.py:188} INFO - [2024-05-06T18:36:28.122-0500] {dag.py:3954} INFO - Setting next_dagrun for example_xcom to 2021-01-01 00:00:00+00:00, run_after=2021-01-01 00:00:00+00:00
[2024-05-06T18:36:28.140-0500] {processor.py:183} INFO - Processing /Users/paulamedina/venv/lib/python3.12/site-packages/airflow/example_dags/example_xcom.py took 0.177 seconds
[2024-05-06T18:38:27.643-0500] {processor.py:161} INFO - Started process (PID=21280) to work on /Users/paulamedina/venv/lib/python3.12/site-packages/airflow/example_dags/example_xcom.py
[2024-05-06T18:38:27.645-0500] {processor.py:830} INFO - Processing file /Users/paulamedina/venv/lib/python3.12/site-packages/airflow/example_dags/example_xcom.py for tasks to queue
[2024-05-06T18:38:27.646-0500] {logging_mixin.py:188} INFO - [2024-05-06T18:38:27.646-0500] {dagbag.py:540} INFO - Filling up the DagBag from /Users/paulamedina/venv/lib/python3.12/site-packages/airflow/example_dags/example_xcom.py
[2024-05-06T18:38:27.688-0500] {processor.py:840} INFO - DAG(s) 'example_xcom' retrieved from /Users/paulamedina/venv/lib/python3.12/site-packages/airflow/example_dags/example_xcom.py
[2024-05-06T18:38:27.784-0500] {logging_mixin.py:188} INFO - [2024-05-06T18:38:27.784-0500] {dag.py:3096} INFO - Sync 1 DAGs
[2024-05-06T18:38:27.800-0500] {logging_mixin.py:188} INFO - [2024-05-06T18:38:27.799-0500] {dag.py:3954} INFO - Setting next_dagrun for example_xcom to 2021-01-01 00:00:00+00:00, run_after=2021-01-01 00:00:00+00:00
[2024-05-06T18:38:27.817-0500] {processor.py:183} INFO - Processing /Users/paulamedina/venv/lib/python3.12/site-packages/airflow/example_dags/example_xcom.py took 0.177 seconds
[2024-05-06T18:40:23.443-0500] {processor.py:161} INFO - Started process (PID=21699) to work on /Users/paulamedina/venv/lib/python3.12/site-packages/airflow/example_dags/example_xcom.py
[2024-05-06T18:40:23.445-0500] {processor.py:830} INFO - Processing file /Users/paulamedina/venv/lib/python3.12/site-packages/airflow/example_dags/example_xcom.py for tasks to queue
[2024-05-06T18:40:23.446-0500] {logging_mixin.py:188} INFO - [2024-05-06T18:40:23.445-0500] {dagbag.py:540} INFO - Filling up the DagBag from /Users/paulamedina/venv/lib/python3.12/site-packages/airflow/example_dags/example_xcom.py
[2024-05-06T18:40:23.491-0500] {processor.py:840} INFO - DAG(s) 'example_xcom' retrieved from /Users/paulamedina/venv/lib/python3.12/site-packages/airflow/example_dags/example_xcom.py
[2024-05-06T18:40:23.599-0500] {logging_mixin.py:188} INFO - [2024-05-06T18:40:23.598-0500] {dag.py:3096} INFO - Sync 1 DAGs
[2024-05-06T18:40:23.614-0500] {logging_mixin.py:188} INFO - [2024-05-06T18:40:23.613-0500] {dag.py:3954} INFO - Setting next_dagrun for example_xcom to 2021-01-01 00:00:00+00:00, run_after=2021-01-01 00:00:00+00:00
[2024-05-06T18:40:23.632-0500] {processor.py:183} INFO - Processing /Users/paulamedina/venv/lib/python3.12/site-packages/airflow/example_dags/example_xcom.py took 0.192 seconds
[2024-05-06T18:42:19.048-0500] {processor.py:161} INFO - Started process (PID=22209) to work on /Users/paulamedina/venv/lib/python3.12/site-packages/airflow/example_dags/example_xcom.py
[2024-05-06T18:42:19.050-0500] {processor.py:830} INFO - Processing file /Users/paulamedina/venv/lib/python3.12/site-packages/airflow/example_dags/example_xcom.py for tasks to queue
[2024-05-06T18:42:19.051-0500] {logging_mixin.py:188} INFO - [2024-05-06T18:42:19.051-0500] {dagbag.py:540} INFO - Filling up the DagBag from /Users/paulamedina/venv/lib/python3.12/site-packages/airflow/example_dags/example_xcom.py
[2024-05-06T18:42:19.111-0500] {processor.py:840} INFO - DAG(s) 'example_xcom' retrieved from /Users/paulamedina/venv/lib/python3.12/site-packages/airflow/example_dags/example_xcom.py
[2024-05-06T18:42:19.277-0500] {logging_mixin.py:188} INFO - [2024-05-06T18:42:19.277-0500] {dag.py:3096} INFO - Sync 1 DAGs
[2024-05-06T18:42:19.300-0500] {logging_mixin.py:188} INFO - [2024-05-06T18:42:19.300-0500] {dag.py:3954} INFO - Setting next_dagrun for example_xcom to 2021-01-01 00:00:00+00:00, run_after=2021-01-01 00:00:00+00:00
[2024-05-06T18:42:19.323-0500] {processor.py:183} INFO - Processing /Users/paulamedina/venv/lib/python3.12/site-packages/airflow/example_dags/example_xcom.py took 0.280 seconds
[2024-05-06T18:44:18.952-0500] {processor.py:161} INFO - Started process (PID=22637) to work on /Users/paulamedina/venv/lib/python3.12/site-packages/airflow/example_dags/example_xcom.py
[2024-05-06T18:44:18.954-0500] {processor.py:830} INFO - Processing file /Users/paulamedina/venv/lib/python3.12/site-packages/airflow/example_dags/example_xcom.py for tasks to queue
[2024-05-06T18:44:18.955-0500] {logging_mixin.py:188} INFO - [2024-05-06T18:44:18.955-0500] {dagbag.py:540} INFO - Filling up the DagBag from /Users/paulamedina/venv/lib/python3.12/site-packages/airflow/example_dags/example_xcom.py
[2024-05-06T18:44:18.994-0500] {processor.py:840} INFO - DAG(s) 'example_xcom' retrieved from /Users/paulamedina/venv/lib/python3.12/site-packages/airflow/example_dags/example_xcom.py
[2024-05-06T18:44:19.083-0500] {logging_mixin.py:188} INFO - [2024-05-06T18:44:19.082-0500] {dag.py:3096} INFO - Sync 1 DAGs
[2024-05-06T18:44:19.096-0500] {logging_mixin.py:188} INFO - [2024-05-06T18:44:19.096-0500] {dag.py:3954} INFO - Setting next_dagrun for example_xcom to 2021-01-01 00:00:00+00:00, run_after=2021-01-01 00:00:00+00:00
[2024-05-06T18:44:19.113-0500] {processor.py:183} INFO - Processing /Users/paulamedina/venv/lib/python3.12/site-packages/airflow/example_dags/example_xcom.py took 0.165 seconds
[2024-05-06T18:46:19.757-0500] {processor.py:161} INFO - Started process (PID=23064) to work on /Users/paulamedina/venv/lib/python3.12/site-packages/airflow/example_dags/example_xcom.py
[2024-05-06T18:46:19.758-0500] {processor.py:830} INFO - Processing file /Users/paulamedina/venv/lib/python3.12/site-packages/airflow/example_dags/example_xcom.py for tasks to queue
[2024-05-06T18:46:19.759-0500] {logging_mixin.py:188} INFO - [2024-05-06T18:46:19.759-0500] {dagbag.py:540} INFO - Filling up the DagBag from /Users/paulamedina/venv/lib/python3.12/site-packages/airflow/example_dags/example_xcom.py
[2024-05-06T18:46:19.808-0500] {processor.py:840} INFO - DAG(s) 'example_xcom' retrieved from /Users/paulamedina/venv/lib/python3.12/site-packages/airflow/example_dags/example_xcom.py
[2024-05-06T18:46:19.932-0500] {logging_mixin.py:188} INFO - [2024-05-06T18:46:19.932-0500] {dag.py:3096} INFO - Sync 1 DAGs
[2024-05-06T18:46:19.949-0500] {logging_mixin.py:188} INFO - [2024-05-06T18:46:19.949-0500] {dag.py:3954} INFO - Setting next_dagrun for example_xcom to 2021-01-01 00:00:00+00:00, run_after=2021-01-01 00:00:00+00:00
[2024-05-06T18:46:19.969-0500] {processor.py:183} INFO - Processing /Users/paulamedina/venv/lib/python3.12/site-packages/airflow/example_dags/example_xcom.py took 0.215 seconds
[2024-05-06T18:48:22.850-0500] {processor.py:161} INFO - Started process (PID=23509) to work on /Users/paulamedina/venv/lib/python3.12/site-packages/airflow/example_dags/example_xcom.py
[2024-05-06T18:48:22.852-0500] {processor.py:830} INFO - Processing file /Users/paulamedina/venv/lib/python3.12/site-packages/airflow/example_dags/example_xcom.py for tasks to queue
[2024-05-06T18:48:22.853-0500] {logging_mixin.py:188} INFO - [2024-05-06T18:48:22.852-0500] {dagbag.py:540} INFO - Filling up the DagBag from /Users/paulamedina/venv/lib/python3.12/site-packages/airflow/example_dags/example_xcom.py
[2024-05-06T18:48:22.896-0500] {processor.py:840} INFO - DAG(s) 'example_xcom' retrieved from /Users/paulamedina/venv/lib/python3.12/site-packages/airflow/example_dags/example_xcom.py
[2024-05-06T18:48:23.005-0500] {logging_mixin.py:188} INFO - [2024-05-06T18:48:23.005-0500] {dag.py:3096} INFO - Sync 1 DAGs
[2024-05-06T18:48:23.022-0500] {logging_mixin.py:188} INFO - [2024-05-06T18:48:23.021-0500] {dag.py:3954} INFO - Setting next_dagrun for example_xcom to 2021-01-01 00:00:00+00:00, run_after=2021-01-01 00:00:00+00:00
[2024-05-06T18:48:23.041-0500] {processor.py:183} INFO - Processing /Users/paulamedina/venv/lib/python3.12/site-packages/airflow/example_dags/example_xcom.py took 0.193 seconds
[2024-05-06T18:50:30.039-0500] {processor.py:161} INFO - Started process (PID=23958) to work on /Users/paulamedina/venv/lib/python3.12/site-packages/airflow/example_dags/example_xcom.py
[2024-05-06T18:50:30.040-0500] {processor.py:830} INFO - Processing file /Users/paulamedina/venv/lib/python3.12/site-packages/airflow/example_dags/example_xcom.py for tasks to queue
[2024-05-06T18:50:30.041-0500] {logging_mixin.py:188} INFO - [2024-05-06T18:50:30.041-0500] {dagbag.py:540} INFO - Filling up the DagBag from /Users/paulamedina/venv/lib/python3.12/site-packages/airflow/example_dags/example_xcom.py
[2024-05-06T18:50:30.085-0500] {processor.py:840} INFO - DAG(s) 'example_xcom' retrieved from /Users/paulamedina/venv/lib/python3.12/site-packages/airflow/example_dags/example_xcom.py
[2024-05-06T18:50:30.177-0500] {logging_mixin.py:188} INFO - [2024-05-06T18:50:30.177-0500] {dag.py:3096} INFO - Sync 1 DAGs
[2024-05-06T18:50:30.189-0500] {logging_mixin.py:188} INFO - [2024-05-06T18:50:30.188-0500] {dag.py:3954} INFO - Setting next_dagrun for example_xcom to 2021-01-01 00:00:00+00:00, run_after=2021-01-01 00:00:00+00:00
[2024-05-06T18:50:30.205-0500] {processor.py:183} INFO - Processing /Users/paulamedina/venv/lib/python3.12/site-packages/airflow/example_dags/example_xcom.py took 0.168 seconds
[2024-05-06T18:52:27.810-0500] {processor.py:161} INFO - Started process (PID=24378) to work on /Users/paulamedina/venv/lib/python3.12/site-packages/airflow/example_dags/example_xcom.py
[2024-05-06T18:52:27.811-0500] {processor.py:830} INFO - Processing file /Users/paulamedina/venv/lib/python3.12/site-packages/airflow/example_dags/example_xcom.py for tasks to queue
[2024-05-06T18:52:27.811-0500] {logging_mixin.py:188} INFO - [2024-05-06T18:52:27.811-0500] {dagbag.py:540} INFO - Filling up the DagBag from /Users/paulamedina/venv/lib/python3.12/site-packages/airflow/example_dags/example_xcom.py
[2024-05-06T18:52:27.856-0500] {processor.py:840} INFO - DAG(s) 'example_xcom' retrieved from /Users/paulamedina/venv/lib/python3.12/site-packages/airflow/example_dags/example_xcom.py
[2024-05-06T18:52:27.973-0500] {logging_mixin.py:188} INFO - [2024-05-06T18:52:27.972-0500] {dag.py:3096} INFO - Sync 1 DAGs
[2024-05-06T18:52:28.003-0500] {logging_mixin.py:188} INFO - [2024-05-06T18:52:28.003-0500] {dag.py:3954} INFO - Setting next_dagrun for example_xcom to 2021-01-01 00:00:00+00:00, run_after=2021-01-01 00:00:00+00:00
[2024-05-06T18:52:28.078-0500] {processor.py:183} INFO - Processing /Users/paulamedina/venv/lib/python3.12/site-packages/airflow/example_dags/example_xcom.py took 0.272 seconds
[2024-05-06T18:54:23.532-0500] {processor.py:161} INFO - Started process (PID=24791) to work on /Users/paulamedina/venv/lib/python3.12/site-packages/airflow/example_dags/example_xcom.py
[2024-05-06T18:54:23.533-0500] {processor.py:830} INFO - Processing file /Users/paulamedina/venv/lib/python3.12/site-packages/airflow/example_dags/example_xcom.py for tasks to queue
[2024-05-06T18:54:23.533-0500] {logging_mixin.py:188} INFO - [2024-05-06T18:54:23.533-0500] {dagbag.py:540} INFO - Filling up the DagBag from /Users/paulamedina/venv/lib/python3.12/site-packages/airflow/example_dags/example_xcom.py
[2024-05-06T18:54:23.570-0500] {processor.py:840} INFO - DAG(s) 'example_xcom' retrieved from /Users/paulamedina/venv/lib/python3.12/site-packages/airflow/example_dags/example_xcom.py
[2024-05-06T18:54:23.657-0500] {logging_mixin.py:188} INFO - [2024-05-06T18:54:23.657-0500] {dag.py:3096} INFO - Sync 1 DAGs
[2024-05-06T18:54:23.668-0500] {logging_mixin.py:188} INFO - [2024-05-06T18:54:23.668-0500] {dag.py:3954} INFO - Setting next_dagrun for example_xcom to 2021-01-01 00:00:00+00:00, run_after=2021-01-01 00:00:00+00:00
[2024-05-06T18:54:23.684-0500] {processor.py:183} INFO - Processing /Users/paulamedina/venv/lib/python3.12/site-packages/airflow/example_dags/example_xcom.py took 0.155 seconds
[2024-05-06T18:56:48.343-0500] {processor.py:161} INFO - Started process (PID=25289) to work on /Users/paulamedina/venv/lib/python3.12/site-packages/airflow/example_dags/example_xcom.py
[2024-05-06T18:56:48.345-0500] {processor.py:830} INFO - Processing file /Users/paulamedina/venv/lib/python3.12/site-packages/airflow/example_dags/example_xcom.py for tasks to queue
[2024-05-06T18:56:48.345-0500] {logging_mixin.py:188} INFO - [2024-05-06T18:56:48.345-0500] {dagbag.py:540} INFO - Filling up the DagBag from /Users/paulamedina/venv/lib/python3.12/site-packages/airflow/example_dags/example_xcom.py
[2024-05-06T18:56:48.387-0500] {processor.py:840} INFO - DAG(s) 'example_xcom' retrieved from /Users/paulamedina/venv/lib/python3.12/site-packages/airflow/example_dags/example_xcom.py
[2024-05-06T18:56:48.489-0500] {logging_mixin.py:188} INFO - [2024-05-06T18:56:48.489-0500] {dag.py:3096} INFO - Sync 1 DAGs
[2024-05-06T18:56:48.509-0500] {logging_mixin.py:188} INFO - [2024-05-06T18:56:48.508-0500] {dag.py:3954} INFO - Setting next_dagrun for example_xcom to 2021-01-01 00:00:00+00:00, run_after=2021-01-01 00:00:00+00:00
[2024-05-06T18:56:48.530-0500] {processor.py:183} INFO - Processing /Users/paulamedina/venv/lib/python3.12/site-packages/airflow/example_dags/example_xcom.py took 0.189 seconds
[2024-05-06T18:58:55.437-0500] {processor.py:161} INFO - Started process (PID=25863) to work on /Users/paulamedina/venv/lib/python3.12/site-packages/airflow/example_dags/example_xcom.py
[2024-05-06T18:58:55.439-0500] {processor.py:830} INFO - Processing file /Users/paulamedina/venv/lib/python3.12/site-packages/airflow/example_dags/example_xcom.py for tasks to queue
[2024-05-06T18:58:55.439-0500] {logging_mixin.py:188} INFO - [2024-05-06T18:58:55.439-0500] {dagbag.py:540} INFO - Filling up the DagBag from /Users/paulamedina/venv/lib/python3.12/site-packages/airflow/example_dags/example_xcom.py
[2024-05-06T18:58:55.474-0500] {processor.py:840} INFO - DAG(s) 'example_xcom' retrieved from /Users/paulamedina/venv/lib/python3.12/site-packages/airflow/example_dags/example_xcom.py
[2024-05-06T18:58:55.548-0500] {logging_mixin.py:188} INFO - [2024-05-06T18:58:55.548-0500] {dag.py:3096} INFO - Sync 1 DAGs
[2024-05-06T18:58:55.559-0500] {logging_mixin.py:188} INFO - [2024-05-06T18:58:55.559-0500] {dag.py:3954} INFO - Setting next_dagrun for example_xcom to 2021-01-01 00:00:00+00:00, run_after=2021-01-01 00:00:00+00:00
[2024-05-06T18:58:55.574-0500] {processor.py:183} INFO - Processing /Users/paulamedina/venv/lib/python3.12/site-packages/airflow/example_dags/example_xcom.py took 0.139 seconds
