[2024-05-06T18:10:21.419-0500] {processor.py:161} INFO - Started process (PID=7152) to work on /Users/paulamedina/venv/lib/python3.12/site-packages/airflow/example_dags/example_short_circuit_decorator.py
[2024-05-06T18:10:21.420-0500] {processor.py:830} INFO - Processing file /Users/paulamedina/venv/lib/python3.12/site-packages/airflow/example_dags/example_short_circuit_decorator.py for tasks to queue
[2024-05-06T18:10:21.420-0500] {logging_mixin.py:188} INFO - [2024-05-06T18:10:21.420-0500] {dagbag.py:540} INFO - Filling up the DagBag from /Users/paulamedina/venv/lib/python3.12/site-packages/airflow/example_dags/example_short_circuit_decorator.py
[2024-05-06T18:10:21.462-0500] {processor.py:840} INFO - DAG(s) 'example_short_circuit_decorator' retrieved from /Users/paulamedina/venv/lib/python3.12/site-packages/airflow/example_dags/example_short_circuit_decorator.py
[2024-05-06T18:10:21.655-0500] {logging_mixin.py:188} INFO - [2024-05-06T18:10:21.654-0500] {dag.py:3096} INFO - Sync 1 DAGs
[2024-05-06T18:10:21.672-0500] {logging_mixin.py:188} INFO - [2024-05-06T18:10:21.672-0500] {dag.py:3954} INFO - Setting next_dagrun for example_short_circuit_decorator to 2024-05-05 00:00:00+00:00, run_after=2024-05-06 00:00:00+00:00
[2024-05-06T18:10:21.690-0500] {processor.py:183} INFO - Processing /Users/paulamedina/venv/lib/python3.12/site-packages/airflow/example_dags/example_short_circuit_decorator.py took 0.274 seconds
[2024-05-06T18:12:52.328-0500] {processor.py:161} INFO - Started process (PID=9159) to work on /Users/paulamedina/venv/lib/python3.12/site-packages/airflow/example_dags/example_short_circuit_decorator.py
[2024-05-06T18:12:52.329-0500] {processor.py:830} INFO - Processing file /Users/paulamedina/venv/lib/python3.12/site-packages/airflow/example_dags/example_short_circuit_decorator.py for tasks to queue
[2024-05-06T18:12:52.330-0500] {logging_mixin.py:188} INFO - [2024-05-06T18:12:52.329-0500] {dagbag.py:540} INFO - Filling up the DagBag from /Users/paulamedina/venv/lib/python3.12/site-packages/airflow/example_dags/example_short_circuit_decorator.py
[2024-05-06T18:12:52.381-0500] {processor.py:840} INFO - DAG(s) 'example_short_circuit_decorator' retrieved from /Users/paulamedina/venv/lib/python3.12/site-packages/airflow/example_dags/example_short_circuit_decorator.py
[2024-05-06T18:12:52.519-0500] {logging_mixin.py:188} INFO - [2024-05-06T18:12:52.519-0500] {dag.py:3096} INFO - Sync 1 DAGs
[2024-05-06T18:12:52.539-0500] {logging_mixin.py:188} INFO - [2024-05-06T18:12:52.538-0500] {dag.py:3954} INFO - Setting next_dagrun for example_short_circuit_decorator to 2024-05-05 00:00:00+00:00, run_after=2024-05-06 00:00:00+00:00
[2024-05-06T18:12:52.561-0500] {processor.py:183} INFO - Processing /Users/paulamedina/venv/lib/python3.12/site-packages/airflow/example_dags/example_short_circuit_decorator.py took 0.237 seconds
[2024-05-06T18:14:46.349-0500] {processor.py:161} INFO - Started process (PID=10719) to work on /Users/paulamedina/venv/lib/python3.12/site-packages/airflow/example_dags/example_short_circuit_decorator.py
[2024-05-06T18:14:46.350-0500] {processor.py:830} INFO - Processing file /Users/paulamedina/venv/lib/python3.12/site-packages/airflow/example_dags/example_short_circuit_decorator.py for tasks to queue
[2024-05-06T18:14:46.350-0500] {logging_mixin.py:188} INFO - [2024-05-06T18:14:46.350-0500] {dagbag.py:540} INFO - Filling up the DagBag from /Users/paulamedina/venv/lib/python3.12/site-packages/airflow/example_dags/example_short_circuit_decorator.py
[2024-05-06T18:14:46.391-0500] {processor.py:840} INFO - DAG(s) 'example_short_circuit_decorator' retrieved from /Users/paulamedina/venv/lib/python3.12/site-packages/airflow/example_dags/example_short_circuit_decorator.py
[2024-05-06T18:14:46.487-0500] {logging_mixin.py:188} INFO - [2024-05-06T18:14:46.487-0500] {dag.py:3096} INFO - Sync 1 DAGs
[2024-05-06T18:14:46.504-0500] {logging_mixin.py:188} INFO - [2024-05-06T18:14:46.504-0500] {dag.py:3954} INFO - Setting next_dagrun for example_short_circuit_decorator to 2024-05-05 00:00:00+00:00, run_after=2024-05-06 00:00:00+00:00
[2024-05-06T18:14:46.524-0500] {processor.py:183} INFO - Processing /Users/paulamedina/venv/lib/python3.12/site-packages/airflow/example_dags/example_short_circuit_decorator.py took 0.178 seconds
[2024-05-06T18:16:44.044-0500] {processor.py:161} INFO - Started process (PID=12308) to work on /Users/paulamedina/venv/lib/python3.12/site-packages/airflow/example_dags/example_short_circuit_decorator.py
[2024-05-06T18:16:44.045-0500] {processor.py:830} INFO - Processing file /Users/paulamedina/venv/lib/python3.12/site-packages/airflow/example_dags/example_short_circuit_decorator.py for tasks to queue
[2024-05-06T18:16:44.045-0500] {logging_mixin.py:188} INFO - [2024-05-06T18:16:44.045-0500] {dagbag.py:540} INFO - Filling up the DagBag from /Users/paulamedina/venv/lib/python3.12/site-packages/airflow/example_dags/example_short_circuit_decorator.py
[2024-05-06T18:16:44.086-0500] {processor.py:840} INFO - DAG(s) 'example_short_circuit_decorator' retrieved from /Users/paulamedina/venv/lib/python3.12/site-packages/airflow/example_dags/example_short_circuit_decorator.py
[2024-05-06T18:16:44.186-0500] {logging_mixin.py:188} INFO - [2024-05-06T18:16:44.186-0500] {dag.py:3096} INFO - Sync 1 DAGs
[2024-05-06T18:16:44.201-0500] {logging_mixin.py:188} INFO - [2024-05-06T18:16:44.201-0500] {dag.py:3954} INFO - Setting next_dagrun for example_short_circuit_decorator to 2024-05-05 00:00:00+00:00, run_after=2024-05-06 00:00:00+00:00
[2024-05-06T18:16:44.218-0500] {processor.py:183} INFO - Processing /Users/paulamedina/venv/lib/python3.12/site-packages/airflow/example_dags/example_short_circuit_decorator.py took 0.177 seconds
[2024-05-06T18:18:36.733-0500] {processor.py:161} INFO - Started process (PID=13866) to work on /Users/paulamedina/venv/lib/python3.12/site-packages/airflow/example_dags/example_short_circuit_decorator.py
[2024-05-06T18:18:36.734-0500] {processor.py:830} INFO - Processing file /Users/paulamedina/venv/lib/python3.12/site-packages/airflow/example_dags/example_short_circuit_decorator.py for tasks to queue
[2024-05-06T18:18:36.735-0500] {logging_mixin.py:188} INFO - [2024-05-06T18:18:36.735-0500] {dagbag.py:540} INFO - Filling up the DagBag from /Users/paulamedina/venv/lib/python3.12/site-packages/airflow/example_dags/example_short_circuit_decorator.py
[2024-05-06T18:18:36.781-0500] {processor.py:840} INFO - DAG(s) 'example_short_circuit_decorator' retrieved from /Users/paulamedina/venv/lib/python3.12/site-packages/airflow/example_dags/example_short_circuit_decorator.py
[2024-05-06T18:18:36.896-0500] {logging_mixin.py:188} INFO - [2024-05-06T18:18:36.896-0500] {dag.py:3096} INFO - Sync 1 DAGs
[2024-05-06T18:18:36.914-0500] {logging_mixin.py:188} INFO - [2024-05-06T18:18:36.914-0500] {dag.py:3954} INFO - Setting next_dagrun for example_short_circuit_decorator to 2024-05-05 00:00:00+00:00, run_after=2024-05-06 00:00:00+00:00
[2024-05-06T18:18:36.935-0500] {processor.py:183} INFO - Processing /Users/paulamedina/venv/lib/python3.12/site-packages/airflow/example_dags/example_short_circuit_decorator.py took 0.204 seconds
[2024-05-06T18:20:37.228-0500] {processor.py:161} INFO - Started process (PID=15448) to work on /Users/paulamedina/venv/lib/python3.12/site-packages/airflow/example_dags/example_short_circuit_decorator.py
[2024-05-06T18:20:37.229-0500] {processor.py:830} INFO - Processing file /Users/paulamedina/venv/lib/python3.12/site-packages/airflow/example_dags/example_short_circuit_decorator.py for tasks to queue
[2024-05-06T18:20:37.229-0500] {logging_mixin.py:188} INFO - [2024-05-06T18:20:37.229-0500] {dagbag.py:540} INFO - Filling up the DagBag from /Users/paulamedina/venv/lib/python3.12/site-packages/airflow/example_dags/example_short_circuit_decorator.py
[2024-05-06T18:20:37.272-0500] {processor.py:840} INFO - DAG(s) 'example_short_circuit_decorator' retrieved from /Users/paulamedina/venv/lib/python3.12/site-packages/airflow/example_dags/example_short_circuit_decorator.py
[2024-05-06T18:20:37.367-0500] {logging_mixin.py:188} INFO - [2024-05-06T18:20:37.367-0500] {dag.py:3096} INFO - Sync 1 DAGs
[2024-05-06T18:20:37.381-0500] {logging_mixin.py:188} INFO - [2024-05-06T18:20:37.381-0500] {dag.py:3954} INFO - Setting next_dagrun for example_short_circuit_decorator to 2024-05-05 00:00:00+00:00, run_after=2024-05-06 00:00:00+00:00
[2024-05-06T18:20:37.399-0500] {processor.py:183} INFO - Processing /Users/paulamedina/venv/lib/python3.12/site-packages/airflow/example_dags/example_short_circuit_decorator.py took 0.174 seconds
[2024-05-06T18:22:51.864-0500] {processor.py:161} INFO - Started process (PID=17371) to work on /Users/paulamedina/venv/lib/python3.12/site-packages/airflow/example_dags/example_short_circuit_decorator.py
[2024-05-06T18:22:51.865-0500] {processor.py:830} INFO - Processing file /Users/paulamedina/venv/lib/python3.12/site-packages/airflow/example_dags/example_short_circuit_decorator.py for tasks to queue
[2024-05-06T18:22:51.866-0500] {logging_mixin.py:188} INFO - [2024-05-06T18:22:51.865-0500] {dagbag.py:540} INFO - Filling up the DagBag from /Users/paulamedina/venv/lib/python3.12/site-packages/airflow/example_dags/example_short_circuit_decorator.py
[2024-05-06T18:22:51.907-0500] {processor.py:840} INFO - DAG(s) 'example_short_circuit_decorator' retrieved from /Users/paulamedina/venv/lib/python3.12/site-packages/airflow/example_dags/example_short_circuit_decorator.py
[2024-05-06T18:22:52.010-0500] {logging_mixin.py:188} INFO - [2024-05-06T18:22:52.010-0500] {dag.py:3096} INFO - Sync 1 DAGs
[2024-05-06T18:22:52.025-0500] {logging_mixin.py:188} INFO - [2024-05-06T18:22:52.025-0500] {dag.py:3954} INFO - Setting next_dagrun for example_short_circuit_decorator to 2024-05-05 00:00:00+00:00, run_after=2024-05-06 00:00:00+00:00
[2024-05-06T18:22:52.045-0500] {processor.py:183} INFO - Processing /Users/paulamedina/venv/lib/python3.12/site-packages/airflow/example_dags/example_short_circuit_decorator.py took 0.183 seconds
[2024-05-06T18:24:50.117-0500] {processor.py:161} INFO - Started process (PID=18338) to work on /Users/paulamedina/venv/lib/python3.12/site-packages/airflow/example_dags/example_short_circuit_decorator.py
[2024-05-06T18:24:50.119-0500] {processor.py:830} INFO - Processing file /Users/paulamedina/venv/lib/python3.12/site-packages/airflow/example_dags/example_short_circuit_decorator.py for tasks to queue
[2024-05-06T18:24:50.120-0500] {logging_mixin.py:188} INFO - [2024-05-06T18:24:50.120-0500] {dagbag.py:540} INFO - Filling up the DagBag from /Users/paulamedina/venv/lib/python3.12/site-packages/airflow/example_dags/example_short_circuit_decorator.py
[2024-05-06T18:24:50.161-0500] {processor.py:840} INFO - DAG(s) 'example_short_circuit_decorator' retrieved from /Users/paulamedina/venv/lib/python3.12/site-packages/airflow/example_dags/example_short_circuit_decorator.py
[2024-05-06T18:24:50.246-0500] {logging_mixin.py:188} INFO - [2024-05-06T18:24:50.245-0500] {dag.py:3096} INFO - Sync 1 DAGs
[2024-05-06T18:24:50.257-0500] {logging_mixin.py:188} INFO - [2024-05-06T18:24:50.257-0500] {dag.py:3954} INFO - Setting next_dagrun for example_short_circuit_decorator to 2024-05-05 00:00:00+00:00, run_after=2024-05-06 00:00:00+00:00
[2024-05-06T18:24:50.274-0500] {processor.py:183} INFO - Processing /Users/paulamedina/venv/lib/python3.12/site-packages/airflow/example_dags/example_short_circuit_decorator.py took 0.159 seconds
[2024-05-06T18:26:49.218-0500] {processor.py:161} INFO - Started process (PID=18764) to work on /Users/paulamedina/venv/lib/python3.12/site-packages/airflow/example_dags/example_short_circuit_decorator.py
[2024-05-06T18:26:49.219-0500] {processor.py:830} INFO - Processing file /Users/paulamedina/venv/lib/python3.12/site-packages/airflow/example_dags/example_short_circuit_decorator.py for tasks to queue
[2024-05-06T18:26:49.220-0500] {logging_mixin.py:188} INFO - [2024-05-06T18:26:49.220-0500] {dagbag.py:540} INFO - Filling up the DagBag from /Users/paulamedina/venv/lib/python3.12/site-packages/airflow/example_dags/example_short_circuit_decorator.py
[2024-05-06T18:26:49.264-0500] {processor.py:840} INFO - DAG(s) 'example_short_circuit_decorator' retrieved from /Users/paulamedina/venv/lib/python3.12/site-packages/airflow/example_dags/example_short_circuit_decorator.py
[2024-05-06T18:26:49.371-0500] {logging_mixin.py:188} INFO - [2024-05-06T18:26:49.370-0500] {dag.py:3096} INFO - Sync 1 DAGs
[2024-05-06T18:26:49.386-0500] {logging_mixin.py:188} INFO - [2024-05-06T18:26:49.386-0500] {dag.py:3954} INFO - Setting next_dagrun for example_short_circuit_decorator to 2024-05-05 00:00:00+00:00, run_after=2024-05-06 00:00:00+00:00
[2024-05-06T18:26:49.406-0500] {processor.py:183} INFO - Processing /Users/paulamedina/venv/lib/python3.12/site-packages/airflow/example_dags/example_short_circuit_decorator.py took 0.191 seconds
[2024-05-06T18:28:47.660-0500] {processor.py:161} INFO - Started process (PID=19198) to work on /Users/paulamedina/venv/lib/python3.12/site-packages/airflow/example_dags/example_short_circuit_decorator.py
[2024-05-06T18:28:47.661-0500] {processor.py:830} INFO - Processing file /Users/paulamedina/venv/lib/python3.12/site-packages/airflow/example_dags/example_short_circuit_decorator.py for tasks to queue
[2024-05-06T18:28:47.662-0500] {logging_mixin.py:188} INFO - [2024-05-06T18:28:47.662-0500] {dagbag.py:540} INFO - Filling up the DagBag from /Users/paulamedina/venv/lib/python3.12/site-packages/airflow/example_dags/example_short_circuit_decorator.py
[2024-05-06T18:28:47.702-0500] {processor.py:840} INFO - DAG(s) 'example_short_circuit_decorator' retrieved from /Users/paulamedina/venv/lib/python3.12/site-packages/airflow/example_dags/example_short_circuit_decorator.py
[2024-05-06T18:28:47.791-0500] {logging_mixin.py:188} INFO - [2024-05-06T18:28:47.790-0500] {dag.py:3096} INFO - Sync 1 DAGs
[2024-05-06T18:28:47.802-0500] {logging_mixin.py:188} INFO - [2024-05-06T18:28:47.802-0500] {dag.py:3954} INFO - Setting next_dagrun for example_short_circuit_decorator to 2024-05-05 00:00:00+00:00, run_after=2024-05-06 00:00:00+00:00
[2024-05-06T18:28:47.818-0500] {processor.py:183} INFO - Processing /Users/paulamedina/venv/lib/python3.12/site-packages/airflow/example_dags/example_short_circuit_decorator.py took 0.160 seconds
[2024-05-06T18:30:58.183-0500] {processor.py:161} INFO - Started process (PID=19668) to work on /Users/paulamedina/venv/lib/python3.12/site-packages/airflow/example_dags/example_short_circuit_decorator.py
[2024-05-06T18:30:58.184-0500] {processor.py:830} INFO - Processing file /Users/paulamedina/venv/lib/python3.12/site-packages/airflow/example_dags/example_short_circuit_decorator.py for tasks to queue
[2024-05-06T18:30:58.184-0500] {logging_mixin.py:188} INFO - [2024-05-06T18:30:58.184-0500] {dagbag.py:540} INFO - Filling up the DagBag from /Users/paulamedina/venv/lib/python3.12/site-packages/airflow/example_dags/example_short_circuit_decorator.py
[2024-05-06T18:30:58.228-0500] {processor.py:840} INFO - DAG(s) 'example_short_circuit_decorator' retrieved from /Users/paulamedina/venv/lib/python3.12/site-packages/airflow/example_dags/example_short_circuit_decorator.py
[2024-05-06T18:30:58.336-0500] {logging_mixin.py:188} INFO - [2024-05-06T18:30:58.335-0500] {dag.py:3096} INFO - Sync 1 DAGs
[2024-05-06T18:30:58.352-0500] {logging_mixin.py:188} INFO - [2024-05-06T18:30:58.351-0500] {dag.py:3954} INFO - Setting next_dagrun for example_short_circuit_decorator to 2024-05-05 00:00:00+00:00, run_after=2024-05-06 00:00:00+00:00
[2024-05-06T18:30:58.372-0500] {processor.py:183} INFO - Processing /Users/paulamedina/venv/lib/python3.12/site-packages/airflow/example_dags/example_short_circuit_decorator.py took 0.192 seconds
[2024-05-06T18:33:03.032-0500] {processor.py:161} INFO - Started process (PID=20124) to work on /Users/paulamedina/venv/lib/python3.12/site-packages/airflow/example_dags/example_short_circuit_decorator.py
[2024-05-06T18:33:03.034-0500] {processor.py:830} INFO - Processing file /Users/paulamedina/venv/lib/python3.12/site-packages/airflow/example_dags/example_short_circuit_decorator.py for tasks to queue
[2024-05-06T18:33:03.034-0500] {logging_mixin.py:188} INFO - [2024-05-06T18:33:03.034-0500] {dagbag.py:540} INFO - Filling up the DagBag from /Users/paulamedina/venv/lib/python3.12/site-packages/airflow/example_dags/example_short_circuit_decorator.py
[2024-05-06T18:33:03.074-0500] {processor.py:840} INFO - DAG(s) 'example_short_circuit_decorator' retrieved from /Users/paulamedina/venv/lib/python3.12/site-packages/airflow/example_dags/example_short_circuit_decorator.py
[2024-05-06T18:33:03.167-0500] {logging_mixin.py:188} INFO - [2024-05-06T18:33:03.167-0500] {dag.py:3096} INFO - Sync 1 DAGs
[2024-05-06T18:33:03.182-0500] {logging_mixin.py:188} INFO - [2024-05-06T18:33:03.182-0500] {dag.py:3954} INFO - Setting next_dagrun for example_short_circuit_decorator to 2024-05-05 00:00:00+00:00, run_after=2024-05-06 00:00:00+00:00
[2024-05-06T18:33:03.202-0500] {processor.py:183} INFO - Processing /Users/paulamedina/venv/lib/python3.12/site-packages/airflow/example_dags/example_short_circuit_decorator.py took 0.173 seconds
[2024-05-06T18:34:57.720-0500] {processor.py:161} INFO - Started process (PID=20535) to work on /Users/paulamedina/venv/lib/python3.12/site-packages/airflow/example_dags/example_short_circuit_decorator.py
[2024-05-06T18:34:57.722-0500] {processor.py:830} INFO - Processing file /Users/paulamedina/venv/lib/python3.12/site-packages/airflow/example_dags/example_short_circuit_decorator.py for tasks to queue
[2024-05-06T18:34:57.723-0500] {logging_mixin.py:188} INFO - [2024-05-06T18:34:57.723-0500] {dagbag.py:540} INFO - Filling up the DagBag from /Users/paulamedina/venv/lib/python3.12/site-packages/airflow/example_dags/example_short_circuit_decorator.py
[2024-05-06T18:34:57.771-0500] {processor.py:840} INFO - DAG(s) 'example_short_circuit_decorator' retrieved from /Users/paulamedina/venv/lib/python3.12/site-packages/airflow/example_dags/example_short_circuit_decorator.py
[2024-05-06T18:34:57.883-0500] {logging_mixin.py:188} INFO - [2024-05-06T18:34:57.883-0500] {dag.py:3096} INFO - Sync 1 DAGs
[2024-05-06T18:34:57.900-0500] {logging_mixin.py:188} INFO - [2024-05-06T18:34:57.900-0500] {dag.py:3954} INFO - Setting next_dagrun for example_short_circuit_decorator to 2024-05-05 00:00:00+00:00, run_after=2024-05-06 00:00:00+00:00
[2024-05-06T18:34:57.921-0500] {processor.py:183} INFO - Processing /Users/paulamedina/venv/lib/python3.12/site-packages/airflow/example_dags/example_short_circuit_decorator.py took 0.203 seconds
[2024-05-06T18:36:57.633-0500] {processor.py:161} INFO - Started process (PID=20964) to work on /Users/paulamedina/venv/lib/python3.12/site-packages/airflow/example_dags/example_short_circuit_decorator.py
[2024-05-06T18:36:57.634-0500] {processor.py:830} INFO - Processing file /Users/paulamedina/venv/lib/python3.12/site-packages/airflow/example_dags/example_short_circuit_decorator.py for tasks to queue
[2024-05-06T18:36:57.635-0500] {logging_mixin.py:188} INFO - [2024-05-06T18:36:57.635-0500] {dagbag.py:540} INFO - Filling up the DagBag from /Users/paulamedina/venv/lib/python3.12/site-packages/airflow/example_dags/example_short_circuit_decorator.py
[2024-05-06T18:36:57.674-0500] {processor.py:840} INFO - DAG(s) 'example_short_circuit_decorator' retrieved from /Users/paulamedina/venv/lib/python3.12/site-packages/airflow/example_dags/example_short_circuit_decorator.py
[2024-05-06T18:36:57.770-0500] {logging_mixin.py:188} INFO - [2024-05-06T18:36:57.769-0500] {dag.py:3096} INFO - Sync 1 DAGs
[2024-05-06T18:36:57.785-0500] {logging_mixin.py:188} INFO - [2024-05-06T18:36:57.784-0500] {dag.py:3954} INFO - Setting next_dagrun for example_short_circuit_decorator to 2024-05-05 00:00:00+00:00, run_after=2024-05-06 00:00:00+00:00
[2024-05-06T18:36:57.806-0500] {processor.py:183} INFO - Processing /Users/paulamedina/venv/lib/python3.12/site-packages/airflow/example_dags/example_short_circuit_decorator.py took 0.176 seconds
[2024-05-06T18:38:56.426-0500] {processor.py:161} INFO - Started process (PID=21390) to work on /Users/paulamedina/venv/lib/python3.12/site-packages/airflow/example_dags/example_short_circuit_decorator.py
[2024-05-06T18:38:56.428-0500] {processor.py:830} INFO - Processing file /Users/paulamedina/venv/lib/python3.12/site-packages/airflow/example_dags/example_short_circuit_decorator.py for tasks to queue
[2024-05-06T18:38:56.429-0500] {logging_mixin.py:188} INFO - [2024-05-06T18:38:56.428-0500] {dagbag.py:540} INFO - Filling up the DagBag from /Users/paulamedina/venv/lib/python3.12/site-packages/airflow/example_dags/example_short_circuit_decorator.py
[2024-05-06T18:38:56.468-0500] {processor.py:840} INFO - DAG(s) 'example_short_circuit_decorator' retrieved from /Users/paulamedina/venv/lib/python3.12/site-packages/airflow/example_dags/example_short_circuit_decorator.py
[2024-05-06T18:38:56.558-0500] {logging_mixin.py:188} INFO - [2024-05-06T18:38:56.558-0500] {dag.py:3096} INFO - Sync 1 DAGs
[2024-05-06T18:38:56.575-0500] {logging_mixin.py:188} INFO - [2024-05-06T18:38:56.575-0500] {dag.py:3954} INFO - Setting next_dagrun for example_short_circuit_decorator to 2024-05-05 00:00:00+00:00, run_after=2024-05-06 00:00:00+00:00
[2024-05-06T18:38:56.592-0500] {processor.py:183} INFO - Processing /Users/paulamedina/venv/lib/python3.12/site-packages/airflow/example_dags/example_short_circuit_decorator.py took 0.168 seconds
[2024-05-06T18:40:51.956-0500] {processor.py:161} INFO - Started process (PID=21796) to work on /Users/paulamedina/venv/lib/python3.12/site-packages/airflow/example_dags/example_short_circuit_decorator.py
[2024-05-06T18:40:51.957-0500] {processor.py:830} INFO - Processing file /Users/paulamedina/venv/lib/python3.12/site-packages/airflow/example_dags/example_short_circuit_decorator.py for tasks to queue
[2024-05-06T18:40:51.958-0500] {logging_mixin.py:188} INFO - [2024-05-06T18:40:51.958-0500] {dagbag.py:540} INFO - Filling up the DagBag from /Users/paulamedina/venv/lib/python3.12/site-packages/airflow/example_dags/example_short_circuit_decorator.py
[2024-05-06T18:40:51.998-0500] {processor.py:840} INFO - DAG(s) 'example_short_circuit_decorator' retrieved from /Users/paulamedina/venv/lib/python3.12/site-packages/airflow/example_dags/example_short_circuit_decorator.py
[2024-05-06T18:40:52.088-0500] {logging_mixin.py:188} INFO - [2024-05-06T18:40:52.088-0500] {dag.py:3096} INFO - Sync 1 DAGs
[2024-05-06T18:40:52.102-0500] {logging_mixin.py:188} INFO - [2024-05-06T18:40:52.102-0500] {dag.py:3954} INFO - Setting next_dagrun for example_short_circuit_decorator to 2024-05-05 00:00:00+00:00, run_after=2024-05-06 00:00:00+00:00
[2024-05-06T18:40:52.118-0500] {processor.py:183} INFO - Processing /Users/paulamedina/venv/lib/python3.12/site-packages/airflow/example_dags/example_short_circuit_decorator.py took 0.165 seconds
[2024-05-06T18:42:50.807-0500] {processor.py:161} INFO - Started process (PID=22313) to work on /Users/paulamedina/venv/lib/python3.12/site-packages/airflow/example_dags/example_short_circuit_decorator.py
[2024-05-06T18:42:50.809-0500] {processor.py:830} INFO - Processing file /Users/paulamedina/venv/lib/python3.12/site-packages/airflow/example_dags/example_short_circuit_decorator.py for tasks to queue
[2024-05-06T18:42:50.809-0500] {logging_mixin.py:188} INFO - [2024-05-06T18:42:50.809-0500] {dagbag.py:540} INFO - Filling up the DagBag from /Users/paulamedina/venv/lib/python3.12/site-packages/airflow/example_dags/example_short_circuit_decorator.py
[2024-05-06T18:42:50.855-0500] {processor.py:840} INFO - DAG(s) 'example_short_circuit_decorator' retrieved from /Users/paulamedina/venv/lib/python3.12/site-packages/airflow/example_dags/example_short_circuit_decorator.py
[2024-05-06T18:42:50.951-0500] {logging_mixin.py:188} INFO - [2024-05-06T18:42:50.951-0500] {dag.py:3096} INFO - Sync 1 DAGs
[2024-05-06T18:42:50.965-0500] {logging_mixin.py:188} INFO - [2024-05-06T18:42:50.965-0500] {dag.py:3954} INFO - Setting next_dagrun for example_short_circuit_decorator to 2024-05-05 00:00:00+00:00, run_after=2024-05-06 00:00:00+00:00
[2024-05-06T18:42:50.983-0500] {processor.py:183} INFO - Processing /Users/paulamedina/venv/lib/python3.12/site-packages/airflow/example_dags/example_short_circuit_decorator.py took 0.179 seconds
[2024-05-06T18:44:46.028-0500] {processor.py:161} INFO - Started process (PID=22724) to work on /Users/paulamedina/venv/lib/python3.12/site-packages/airflow/example_dags/example_short_circuit_decorator.py
[2024-05-06T18:44:46.029-0500] {processor.py:830} INFO - Processing file /Users/paulamedina/venv/lib/python3.12/site-packages/airflow/example_dags/example_short_circuit_decorator.py for tasks to queue
[2024-05-06T18:44:46.030-0500] {logging_mixin.py:188} INFO - [2024-05-06T18:44:46.030-0500] {dagbag.py:540} INFO - Filling up the DagBag from /Users/paulamedina/venv/lib/python3.12/site-packages/airflow/example_dags/example_short_circuit_decorator.py
[2024-05-06T18:44:46.078-0500] {processor.py:840} INFO - DAG(s) 'example_short_circuit_decorator' retrieved from /Users/paulamedina/venv/lib/python3.12/site-packages/airflow/example_dags/example_short_circuit_decorator.py
[2024-05-06T18:44:46.187-0500] {logging_mixin.py:188} INFO - [2024-05-06T18:44:46.186-0500] {dag.py:3096} INFO - Sync 1 DAGs
[2024-05-06T18:44:46.204-0500] {logging_mixin.py:188} INFO - [2024-05-06T18:44:46.204-0500] {dag.py:3954} INFO - Setting next_dagrun for example_short_circuit_decorator to 2024-05-05 00:00:00+00:00, run_after=2024-05-06 00:00:00+00:00
[2024-05-06T18:44:46.226-0500] {processor.py:183} INFO - Processing /Users/paulamedina/venv/lib/python3.12/site-packages/airflow/example_dags/example_short_circuit_decorator.py took 0.202 seconds
[2024-05-06T18:46:50.000-0500] {processor.py:161} INFO - Started process (PID=23171) to work on /Users/paulamedina/venv/lib/python3.12/site-packages/airflow/example_dags/example_short_circuit_decorator.py
[2024-05-06T18:46:50.002-0500] {processor.py:830} INFO - Processing file /Users/paulamedina/venv/lib/python3.12/site-packages/airflow/example_dags/example_short_circuit_decorator.py for tasks to queue
[2024-05-06T18:46:50.002-0500] {logging_mixin.py:188} INFO - [2024-05-06T18:46:50.002-0500] {dagbag.py:540} INFO - Filling up the DagBag from /Users/paulamedina/venv/lib/python3.12/site-packages/airflow/example_dags/example_short_circuit_decorator.py
[2024-05-06T18:46:50.041-0500] {processor.py:840} INFO - DAG(s) 'example_short_circuit_decorator' retrieved from /Users/paulamedina/venv/lib/python3.12/site-packages/airflow/example_dags/example_short_circuit_decorator.py
[2024-05-06T18:46:50.134-0500] {logging_mixin.py:188} INFO - [2024-05-06T18:46:50.133-0500] {dag.py:3096} INFO - Sync 1 DAGs
[2024-05-06T18:46:50.148-0500] {logging_mixin.py:188} INFO - [2024-05-06T18:46:50.147-0500] {dag.py:3954} INFO - Setting next_dagrun for example_short_circuit_decorator to 2024-05-05 00:00:00+00:00, run_after=2024-05-06 00:00:00+00:00
[2024-05-06T18:46:50.168-0500] {processor.py:183} INFO - Processing /Users/paulamedina/venv/lib/python3.12/site-packages/airflow/example_dags/example_short_circuit_decorator.py took 0.170 seconds
[2024-05-06T18:48:57.056-0500] {processor.py:161} INFO - Started process (PID=23619) to work on /Users/paulamedina/venv/lib/python3.12/site-packages/airflow/example_dags/example_short_circuit_decorator.py
[2024-05-06T18:48:57.058-0500] {processor.py:830} INFO - Processing file /Users/paulamedina/venv/lib/python3.12/site-packages/airflow/example_dags/example_short_circuit_decorator.py for tasks to queue
[2024-05-06T18:48:57.059-0500] {logging_mixin.py:188} INFO - [2024-05-06T18:48:57.059-0500] {dagbag.py:540} INFO - Filling up the DagBag from /Users/paulamedina/venv/lib/python3.12/site-packages/airflow/example_dags/example_short_circuit_decorator.py
[2024-05-06T18:48:57.106-0500] {processor.py:840} INFO - DAG(s) 'example_short_circuit_decorator' retrieved from /Users/paulamedina/venv/lib/python3.12/site-packages/airflow/example_dags/example_short_circuit_decorator.py
[2024-05-06T18:48:57.219-0500] {logging_mixin.py:188} INFO - [2024-05-06T18:48:57.219-0500] {dag.py:3096} INFO - Sync 1 DAGs
[2024-05-06T18:48:57.236-0500] {logging_mixin.py:188} INFO - [2024-05-06T18:48:57.236-0500] {dag.py:3954} INFO - Setting next_dagrun for example_short_circuit_decorator to 2024-05-05 00:00:00+00:00, run_after=2024-05-06 00:00:00+00:00
[2024-05-06T18:48:57.256-0500] {processor.py:183} INFO - Processing /Users/paulamedina/venv/lib/python3.12/site-packages/airflow/example_dags/example_short_circuit_decorator.py took 0.203 seconds
[2024-05-06T18:50:57.291-0500] {processor.py:161} INFO - Started process (PID=24052) to work on /Users/paulamedina/venv/lib/python3.12/site-packages/airflow/example_dags/example_short_circuit_decorator.py
[2024-05-06T18:50:57.292-0500] {processor.py:830} INFO - Processing file /Users/paulamedina/venv/lib/python3.12/site-packages/airflow/example_dags/example_short_circuit_decorator.py for tasks to queue
[2024-05-06T18:50:57.293-0500] {logging_mixin.py:188} INFO - [2024-05-06T18:50:57.293-0500] {dagbag.py:540} INFO - Filling up the DagBag from /Users/paulamedina/venv/lib/python3.12/site-packages/airflow/example_dags/example_short_circuit_decorator.py
[2024-05-06T18:50:57.338-0500] {processor.py:840} INFO - DAG(s) 'example_short_circuit_decorator' retrieved from /Users/paulamedina/venv/lib/python3.12/site-packages/airflow/example_dags/example_short_circuit_decorator.py
[2024-05-06T18:50:57.423-0500] {logging_mixin.py:188} INFO - [2024-05-06T18:50:57.423-0500] {dag.py:3096} INFO - Sync 1 DAGs
[2024-05-06T18:50:57.435-0500] {logging_mixin.py:188} INFO - [2024-05-06T18:50:57.435-0500] {dag.py:3954} INFO - Setting next_dagrun for example_short_circuit_decorator to 2024-05-05 00:00:00+00:00, run_after=2024-05-06 00:00:00+00:00
[2024-05-06T18:50:57.451-0500] {processor.py:183} INFO - Processing /Users/paulamedina/venv/lib/python3.12/site-packages/airflow/example_dags/example_short_circuit_decorator.py took 0.162 seconds
[2024-05-06T18:52:55.275-0500] {processor.py:161} INFO - Started process (PID=24473) to work on /Users/paulamedina/venv/lib/python3.12/site-packages/airflow/example_dags/example_short_circuit_decorator.py
[2024-05-06T18:52:55.276-0500] {processor.py:830} INFO - Processing file /Users/paulamedina/venv/lib/python3.12/site-packages/airflow/example_dags/example_short_circuit_decorator.py for tasks to queue
[2024-05-06T18:52:55.277-0500] {logging_mixin.py:188} INFO - [2024-05-06T18:52:55.277-0500] {dagbag.py:540} INFO - Filling up the DagBag from /Users/paulamedina/venv/lib/python3.12/site-packages/airflow/example_dags/example_short_circuit_decorator.py
[2024-05-06T18:52:55.322-0500] {processor.py:840} INFO - DAG(s) 'example_short_circuit_decorator' retrieved from /Users/paulamedina/venv/lib/python3.12/site-packages/airflow/example_dags/example_short_circuit_decorator.py
[2024-05-06T18:52:55.431-0500] {logging_mixin.py:188} INFO - [2024-05-06T18:52:55.431-0500] {dag.py:3096} INFO - Sync 1 DAGs
[2024-05-06T18:52:55.448-0500] {logging_mixin.py:188} INFO - [2024-05-06T18:52:55.448-0500] {dag.py:3954} INFO - Setting next_dagrun for example_short_circuit_decorator to 2024-05-05 00:00:00+00:00, run_after=2024-05-06 00:00:00+00:00
[2024-05-06T18:52:55.472-0500] {processor.py:183} INFO - Processing /Users/paulamedina/venv/lib/python3.12/site-packages/airflow/example_dags/example_short_circuit_decorator.py took 0.199 seconds
[2024-05-06T18:54:52.324-0500] {processor.py:161} INFO - Started process (PID=24887) to work on /Users/paulamedina/venv/lib/python3.12/site-packages/airflow/example_dags/example_short_circuit_decorator.py
[2024-05-06T18:54:52.326-0500] {processor.py:830} INFO - Processing file /Users/paulamedina/venv/lib/python3.12/site-packages/airflow/example_dags/example_short_circuit_decorator.py for tasks to queue
[2024-05-06T18:54:52.326-0500] {logging_mixin.py:188} INFO - [2024-05-06T18:54:52.326-0500] {dagbag.py:540} INFO - Filling up the DagBag from /Users/paulamedina/venv/lib/python3.12/site-packages/airflow/example_dags/example_short_circuit_decorator.py
[2024-05-06T18:54:52.368-0500] {processor.py:840} INFO - DAG(s) 'example_short_circuit_decorator' retrieved from /Users/paulamedina/venv/lib/python3.12/site-packages/airflow/example_dags/example_short_circuit_decorator.py
[2024-05-06T18:54:52.470-0500] {logging_mixin.py:188} INFO - [2024-05-06T18:54:52.470-0500] {dag.py:3096} INFO - Sync 1 DAGs
[2024-05-06T18:54:52.486-0500] {logging_mixin.py:188} INFO - [2024-05-06T18:54:52.486-0500] {dag.py:3954} INFO - Setting next_dagrun for example_short_circuit_decorator to 2024-05-05 00:00:00+00:00, run_after=2024-05-06 00:00:00+00:00
[2024-05-06T18:54:52.507-0500] {processor.py:183} INFO - Processing /Users/paulamedina/venv/lib/python3.12/site-packages/airflow/example_dags/example_short_circuit_decorator.py took 0.185 seconds
[2024-05-06T18:57:18.830-0500] {processor.py:161} INFO - Started process (PID=25421) to work on /Users/paulamedina/venv/lib/python3.12/site-packages/airflow/example_dags/example_short_circuit_decorator.py
[2024-05-06T18:57:18.832-0500] {processor.py:830} INFO - Processing file /Users/paulamedina/venv/lib/python3.12/site-packages/airflow/example_dags/example_short_circuit_decorator.py for tasks to queue
[2024-05-06T18:57:18.833-0500] {logging_mixin.py:188} INFO - [2024-05-06T18:57:18.833-0500] {dagbag.py:540} INFO - Filling up the DagBag from /Users/paulamedina/venv/lib/python3.12/site-packages/airflow/example_dags/example_short_circuit_decorator.py
[2024-05-06T18:57:18.871-0500] {processor.py:840} INFO - DAG(s) 'example_short_circuit_decorator' retrieved from /Users/paulamedina/venv/lib/python3.12/site-packages/airflow/example_dags/example_short_circuit_decorator.py
[2024-05-06T18:57:18.960-0500] {logging_mixin.py:188} INFO - [2024-05-06T18:57:18.960-0500] {dag.py:3096} INFO - Sync 1 DAGs
[2024-05-06T18:57:18.974-0500] {logging_mixin.py:188} INFO - [2024-05-06T18:57:18.973-0500] {dag.py:3954} INFO - Setting next_dagrun for example_short_circuit_decorator to 2024-05-05 00:00:00+00:00, run_after=2024-05-06 00:00:00+00:00
[2024-05-06T18:57:18.991-0500] {processor.py:183} INFO - Processing /Users/paulamedina/venv/lib/python3.12/site-packages/airflow/example_dags/example_short_circuit_decorator.py took 0.163 seconds
[2024-05-06T18:59:21.898-0500] {processor.py:161} INFO - Started process (PID=25964) to work on /Users/paulamedina/venv/lib/python3.12/site-packages/airflow/example_dags/example_short_circuit_decorator.py
[2024-05-06T18:59:21.899-0500] {processor.py:830} INFO - Processing file /Users/paulamedina/venv/lib/python3.12/site-packages/airflow/example_dags/example_short_circuit_decorator.py for tasks to queue
[2024-05-06T18:59:21.900-0500] {logging_mixin.py:188} INFO - [2024-05-06T18:59:21.900-0500] {dagbag.py:540} INFO - Filling up the DagBag from /Users/paulamedina/venv/lib/python3.12/site-packages/airflow/example_dags/example_short_circuit_decorator.py
[2024-05-06T18:59:21.935-0500] {processor.py:840} INFO - DAG(s) 'example_short_circuit_decorator' retrieved from /Users/paulamedina/venv/lib/python3.12/site-packages/airflow/example_dags/example_short_circuit_decorator.py
[2024-05-06T18:59:22.012-0500] {logging_mixin.py:188} INFO - [2024-05-06T18:59:22.012-0500] {dag.py:3096} INFO - Sync 1 DAGs
[2024-05-06T18:59:22.023-0500] {logging_mixin.py:188} INFO - [2024-05-06T18:59:22.023-0500] {dag.py:3954} INFO - Setting next_dagrun for example_short_circuit_decorator to 2024-05-05 00:00:00+00:00, run_after=2024-05-06 00:00:00+00:00
[2024-05-06T18:59:22.037-0500] {processor.py:183} INFO - Processing /Users/paulamedina/venv/lib/python3.12/site-packages/airflow/example_dags/example_short_circuit_decorator.py took 0.141 seconds
