[2024-05-06T18:10:23.653-0500] {processor.py:161} INFO - Started process (PID=7172) to work on /Users/paulamedina/venv/lib/python3.12/site-packages/airflow/example_dags/example_setup_teardown_taskflow.py
[2024-05-06T18:10:23.654-0500] {processor.py:830} INFO - Processing file /Users/paulamedina/venv/lib/python3.12/site-packages/airflow/example_dags/example_setup_teardown_taskflow.py for tasks to queue
[2024-05-06T18:10:23.654-0500] {logging_mixin.py:188} INFO - [2024-05-06T18:10:23.654-0500] {dagbag.py:540} INFO - Filling up the DagBag from /Users/paulamedina/venv/lib/python3.12/site-packages/airflow/example_dags/example_setup_teardown_taskflow.py
[2024-05-06T18:10:23.695-0500] {processor.py:840} INFO - DAG(s) 'example_setup_teardown_taskflow' retrieved from /Users/paulamedina/venv/lib/python3.12/site-packages/airflow/example_dags/example_setup_teardown_taskflow.py
[2024-05-06T18:10:23.869-0500] {logging_mixin.py:188} INFO - [2024-05-06T18:10:23.868-0500] {dag.py:3096} INFO - Sync 1 DAGs
[2024-05-06T18:10:23.884-0500] {logging_mixin.py:188} INFO - [2024-05-06T18:10:23.884-0500] {dag.py:3954} INFO - Setting next_dagrun for example_setup_teardown_taskflow to 2024-05-05 00:00:00+00:00, run_after=2024-05-06 00:00:00+00:00
[2024-05-06T18:10:23.902-0500] {processor.py:183} INFO - Processing /Users/paulamedina/venv/lib/python3.12/site-packages/airflow/example_dags/example_setup_teardown_taskflow.py took 0.251 seconds
[2024-05-06T18:12:55.675-0500] {processor.py:161} INFO - Started process (PID=9180) to work on /Users/paulamedina/venv/lib/python3.12/site-packages/airflow/example_dags/example_setup_teardown_taskflow.py
[2024-05-06T18:12:55.677-0500] {processor.py:830} INFO - Processing file /Users/paulamedina/venv/lib/python3.12/site-packages/airflow/example_dags/example_setup_teardown_taskflow.py for tasks to queue
[2024-05-06T18:12:55.677-0500] {logging_mixin.py:188} INFO - [2024-05-06T18:12:55.677-0500] {dagbag.py:540} INFO - Filling up the DagBag from /Users/paulamedina/venv/lib/python3.12/site-packages/airflow/example_dags/example_setup_teardown_taskflow.py
[2024-05-06T18:12:55.727-0500] {processor.py:840} INFO - DAG(s) 'example_setup_teardown_taskflow' retrieved from /Users/paulamedina/venv/lib/python3.12/site-packages/airflow/example_dags/example_setup_teardown_taskflow.py
[2024-05-06T18:12:55.847-0500] {logging_mixin.py:188} INFO - [2024-05-06T18:12:55.846-0500] {dag.py:3096} INFO - Sync 1 DAGs
[2024-05-06T18:12:55.868-0500] {logging_mixin.py:188} INFO - [2024-05-06T18:12:55.867-0500] {dag.py:3954} INFO - Setting next_dagrun for example_setup_teardown_taskflow to 2024-05-05 00:00:00+00:00, run_after=2024-05-06 00:00:00+00:00
[2024-05-06T18:12:55.890-0500] {processor.py:183} INFO - Processing /Users/paulamedina/venv/lib/python3.12/site-packages/airflow/example_dags/example_setup_teardown_taskflow.py took 0.217 seconds
[2024-05-06T18:14:48.781-0500] {processor.py:161} INFO - Started process (PID=10726) to work on /Users/paulamedina/venv/lib/python3.12/site-packages/airflow/example_dags/example_setup_teardown_taskflow.py
[2024-05-06T18:14:48.782-0500] {processor.py:830} INFO - Processing file /Users/paulamedina/venv/lib/python3.12/site-packages/airflow/example_dags/example_setup_teardown_taskflow.py for tasks to queue
[2024-05-06T18:14:48.783-0500] {logging_mixin.py:188} INFO - [2024-05-06T18:14:48.783-0500] {dagbag.py:540} INFO - Filling up the DagBag from /Users/paulamedina/venv/lib/python3.12/site-packages/airflow/example_dags/example_setup_teardown_taskflow.py
[2024-05-06T18:14:48.822-0500] {processor.py:840} INFO - DAG(s) 'example_setup_teardown_taskflow' retrieved from /Users/paulamedina/venv/lib/python3.12/site-packages/airflow/example_dags/example_setup_teardown_taskflow.py
[2024-05-06T18:14:48.912-0500] {logging_mixin.py:188} INFO - [2024-05-06T18:14:48.911-0500] {dag.py:3096} INFO - Sync 1 DAGs
[2024-05-06T18:14:48.926-0500] {logging_mixin.py:188} INFO - [2024-05-06T18:14:48.926-0500] {dag.py:3954} INFO - Setting next_dagrun for example_setup_teardown_taskflow to 2024-05-05 00:00:00+00:00, run_after=2024-05-06 00:00:00+00:00
[2024-05-06T18:14:48.943-0500] {processor.py:183} INFO - Processing /Users/paulamedina/venv/lib/python3.12/site-packages/airflow/example_dags/example_setup_teardown_taskflow.py took 0.165 seconds
[2024-05-06T18:16:46.955-0500] {processor.py:161} INFO - Started process (PID=12320) to work on /Users/paulamedina/venv/lib/python3.12/site-packages/airflow/example_dags/example_setup_teardown_taskflow.py
[2024-05-06T18:16:46.956-0500] {processor.py:830} INFO - Processing file /Users/paulamedina/venv/lib/python3.12/site-packages/airflow/example_dags/example_setup_teardown_taskflow.py for tasks to queue
[2024-05-06T18:16:46.957-0500] {logging_mixin.py:188} INFO - [2024-05-06T18:16:46.957-0500] {dagbag.py:540} INFO - Filling up the DagBag from /Users/paulamedina/venv/lib/python3.12/site-packages/airflow/example_dags/example_setup_teardown_taskflow.py
[2024-05-06T18:16:46.995-0500] {processor.py:840} INFO - DAG(s) 'example_setup_teardown_taskflow' retrieved from /Users/paulamedina/venv/lib/python3.12/site-packages/airflow/example_dags/example_setup_teardown_taskflow.py
[2024-05-06T18:16:47.088-0500] {logging_mixin.py:188} INFO - [2024-05-06T18:16:47.088-0500] {dag.py:3096} INFO - Sync 1 DAGs
[2024-05-06T18:16:47.103-0500] {logging_mixin.py:188} INFO - [2024-05-06T18:16:47.102-0500] {dag.py:3954} INFO - Setting next_dagrun for example_setup_teardown_taskflow to 2024-05-05 00:00:00+00:00, run_after=2024-05-06 00:00:00+00:00
[2024-05-06T18:16:47.120-0500] {processor.py:183} INFO - Processing /Users/paulamedina/venv/lib/python3.12/site-packages/airflow/example_dags/example_setup_teardown_taskflow.py took 0.167 seconds
[2024-05-06T18:18:39.684-0500] {processor.py:161} INFO - Started process (PID=13880) to work on /Users/paulamedina/venv/lib/python3.12/site-packages/airflow/example_dags/example_setup_teardown_taskflow.py
[2024-05-06T18:18:39.685-0500] {processor.py:830} INFO - Processing file /Users/paulamedina/venv/lib/python3.12/site-packages/airflow/example_dags/example_setup_teardown_taskflow.py for tasks to queue
[2024-05-06T18:18:39.686-0500] {logging_mixin.py:188} INFO - [2024-05-06T18:18:39.686-0500] {dagbag.py:540} INFO - Filling up the DagBag from /Users/paulamedina/venv/lib/python3.12/site-packages/airflow/example_dags/example_setup_teardown_taskflow.py
[2024-05-06T18:18:39.724-0500] {processor.py:840} INFO - DAG(s) 'example_setup_teardown_taskflow' retrieved from /Users/paulamedina/venv/lib/python3.12/site-packages/airflow/example_dags/example_setup_teardown_taskflow.py
[2024-05-06T18:18:39.817-0500] {logging_mixin.py:188} INFO - [2024-05-06T18:18:39.817-0500] {dag.py:3096} INFO - Sync 1 DAGs
[2024-05-06T18:18:39.832-0500] {logging_mixin.py:188} INFO - [2024-05-06T18:18:39.831-0500] {dag.py:3954} INFO - Setting next_dagrun for example_setup_teardown_taskflow to 2024-05-05 00:00:00+00:00, run_after=2024-05-06 00:00:00+00:00
[2024-05-06T18:18:39.849-0500] {processor.py:183} INFO - Processing /Users/paulamedina/venv/lib/python3.12/site-packages/airflow/example_dags/example_setup_teardown_taskflow.py took 0.168 seconds
[2024-05-06T18:20:39.740-0500] {processor.py:161} INFO - Started process (PID=15485) to work on /Users/paulamedina/venv/lib/python3.12/site-packages/airflow/example_dags/example_setup_teardown_taskflow.py
[2024-05-06T18:20:39.741-0500] {processor.py:830} INFO - Processing file /Users/paulamedina/venv/lib/python3.12/site-packages/airflow/example_dags/example_setup_teardown_taskflow.py for tasks to queue
[2024-05-06T18:20:39.742-0500] {logging_mixin.py:188} INFO - [2024-05-06T18:20:39.742-0500] {dagbag.py:540} INFO - Filling up the DagBag from /Users/paulamedina/venv/lib/python3.12/site-packages/airflow/example_dags/example_setup_teardown_taskflow.py
[2024-05-06T18:20:39.781-0500] {processor.py:840} INFO - DAG(s) 'example_setup_teardown_taskflow' retrieved from /Users/paulamedina/venv/lib/python3.12/site-packages/airflow/example_dags/example_setup_teardown_taskflow.py
[2024-05-06T18:20:39.872-0500] {logging_mixin.py:188} INFO - [2024-05-06T18:20:39.872-0500] {dag.py:3096} INFO - Sync 1 DAGs
[2024-05-06T18:20:39.885-0500] {logging_mixin.py:188} INFO - [2024-05-06T18:20:39.885-0500] {dag.py:3954} INFO - Setting next_dagrun for example_setup_teardown_taskflow to 2024-05-05 00:00:00+00:00, run_after=2024-05-06 00:00:00+00:00
[2024-05-06T18:20:39.902-0500] {processor.py:183} INFO - Processing /Users/paulamedina/venv/lib/python3.12/site-packages/airflow/example_dags/example_setup_teardown_taskflow.py took 0.164 seconds
[2024-05-06T18:22:54.877-0500] {processor.py:161} INFO - Started process (PID=17484) to work on /Users/paulamedina/venv/lib/python3.12/site-packages/airflow/example_dags/example_setup_teardown_taskflow.py
[2024-05-06T18:22:54.878-0500] {processor.py:830} INFO - Processing file /Users/paulamedina/venv/lib/python3.12/site-packages/airflow/example_dags/example_setup_teardown_taskflow.py for tasks to queue
[2024-05-06T18:22:54.878-0500] {logging_mixin.py:188} INFO - [2024-05-06T18:22:54.878-0500] {dagbag.py:540} INFO - Filling up the DagBag from /Users/paulamedina/venv/lib/python3.12/site-packages/airflow/example_dags/example_setup_teardown_taskflow.py
[2024-05-06T18:22:54.920-0500] {processor.py:840} INFO - DAG(s) 'example_setup_teardown_taskflow' retrieved from /Users/paulamedina/venv/lib/python3.12/site-packages/airflow/example_dags/example_setup_teardown_taskflow.py
[2024-05-06T18:22:55.022-0500] {logging_mixin.py:188} INFO - [2024-05-06T18:22:55.021-0500] {dag.py:3096} INFO - Sync 1 DAGs
[2024-05-06T18:22:55.036-0500] {logging_mixin.py:188} INFO - [2024-05-06T18:22:55.036-0500] {dag.py:3954} INFO - Setting next_dagrun for example_setup_teardown_taskflow to 2024-05-05 00:00:00+00:00, run_after=2024-05-06 00:00:00+00:00
[2024-05-06T18:22:55.055-0500] {processor.py:183} INFO - Processing /Users/paulamedina/venv/lib/python3.12/site-packages/airflow/example_dags/example_setup_teardown_taskflow.py took 0.180 seconds
[2024-05-06T18:24:51.945-0500] {processor.py:161} INFO - Started process (PID=18345) to work on /Users/paulamedina/venv/lib/python3.12/site-packages/airflow/example_dags/example_setup_teardown_taskflow.py
[2024-05-06T18:24:51.946-0500] {processor.py:830} INFO - Processing file /Users/paulamedina/venv/lib/python3.12/site-packages/airflow/example_dags/example_setup_teardown_taskflow.py for tasks to queue
[2024-05-06T18:24:51.947-0500] {logging_mixin.py:188} INFO - [2024-05-06T18:24:51.947-0500] {dagbag.py:540} INFO - Filling up the DagBag from /Users/paulamedina/venv/lib/python3.12/site-packages/airflow/example_dags/example_setup_teardown_taskflow.py
[2024-05-06T18:24:51.984-0500] {processor.py:840} INFO - DAG(s) 'example_setup_teardown_taskflow' retrieved from /Users/paulamedina/venv/lib/python3.12/site-packages/airflow/example_dags/example_setup_teardown_taskflow.py
[2024-05-06T18:24:52.062-0500] {logging_mixin.py:188} INFO - [2024-05-06T18:24:52.061-0500] {dag.py:3096} INFO - Sync 1 DAGs
[2024-05-06T18:24:52.073-0500] {logging_mixin.py:188} INFO - [2024-05-06T18:24:52.073-0500] {dag.py:3954} INFO - Setting next_dagrun for example_setup_teardown_taskflow to 2024-05-05 00:00:00+00:00, run_after=2024-05-06 00:00:00+00:00
[2024-05-06T18:24:52.089-0500] {processor.py:183} INFO - Processing /Users/paulamedina/venv/lib/python3.12/site-packages/airflow/example_dags/example_setup_teardown_taskflow.py took 0.147 seconds
[2024-05-06T18:26:52.291-0500] {processor.py:161} INFO - Started process (PID=18772) to work on /Users/paulamedina/venv/lib/python3.12/site-packages/airflow/example_dags/example_setup_teardown_taskflow.py
[2024-05-06T18:26:52.293-0500] {processor.py:830} INFO - Processing file /Users/paulamedina/venv/lib/python3.12/site-packages/airflow/example_dags/example_setup_teardown_taskflow.py for tasks to queue
[2024-05-06T18:26:52.294-0500] {logging_mixin.py:188} INFO - [2024-05-06T18:26:52.293-0500] {dagbag.py:540} INFO - Filling up the DagBag from /Users/paulamedina/venv/lib/python3.12/site-packages/airflow/example_dags/example_setup_teardown_taskflow.py
[2024-05-06T18:26:52.335-0500] {processor.py:840} INFO - DAG(s) 'example_setup_teardown_taskflow' retrieved from /Users/paulamedina/venv/lib/python3.12/site-packages/airflow/example_dags/example_setup_teardown_taskflow.py
[2024-05-06T18:26:52.436-0500] {logging_mixin.py:188} INFO - [2024-05-06T18:26:52.436-0500] {dag.py:3096} INFO - Sync 1 DAGs
[2024-05-06T18:26:52.451-0500] {logging_mixin.py:188} INFO - [2024-05-06T18:26:52.450-0500] {dag.py:3954} INFO - Setting next_dagrun for example_setup_teardown_taskflow to 2024-05-05 00:00:00+00:00, run_after=2024-05-06 00:00:00+00:00
[2024-05-06T18:26:52.468-0500] {processor.py:183} INFO - Processing /Users/paulamedina/venv/lib/python3.12/site-packages/airflow/example_dags/example_setup_teardown_taskflow.py took 0.180 seconds
[2024-05-06T18:28:50.699-0500] {processor.py:161} INFO - Started process (PID=19205) to work on /Users/paulamedina/venv/lib/python3.12/site-packages/airflow/example_dags/example_setup_teardown_taskflow.py
[2024-05-06T18:28:50.700-0500] {processor.py:830} INFO - Processing file /Users/paulamedina/venv/lib/python3.12/site-packages/airflow/example_dags/example_setup_teardown_taskflow.py for tasks to queue
[2024-05-06T18:28:50.701-0500] {logging_mixin.py:188} INFO - [2024-05-06T18:28:50.701-0500] {dagbag.py:540} INFO - Filling up the DagBag from /Users/paulamedina/venv/lib/python3.12/site-packages/airflow/example_dags/example_setup_teardown_taskflow.py
[2024-05-06T18:28:50.743-0500] {processor.py:840} INFO - DAG(s) 'example_setup_teardown_taskflow' retrieved from /Users/paulamedina/venv/lib/python3.12/site-packages/airflow/example_dags/example_setup_teardown_taskflow.py
[2024-05-06T18:28:50.846-0500] {logging_mixin.py:188} INFO - [2024-05-06T18:28:50.846-0500] {dag.py:3096} INFO - Sync 1 DAGs
[2024-05-06T18:28:50.862-0500] {logging_mixin.py:188} INFO - [2024-05-06T18:28:50.862-0500] {dag.py:3954} INFO - Setting next_dagrun for example_setup_teardown_taskflow to 2024-05-05 00:00:00+00:00, run_after=2024-05-06 00:00:00+00:00
[2024-05-06T18:28:50.884-0500] {processor.py:183} INFO - Processing /Users/paulamedina/venv/lib/python3.12/site-packages/airflow/example_dags/example_setup_teardown_taskflow.py took 0.187 seconds
[2024-05-06T18:31:01.243-0500] {processor.py:161} INFO - Started process (PID=19681) to work on /Users/paulamedina/venv/lib/python3.12/site-packages/airflow/example_dags/example_setup_teardown_taskflow.py
[2024-05-06T18:31:01.244-0500] {processor.py:830} INFO - Processing file /Users/paulamedina/venv/lib/python3.12/site-packages/airflow/example_dags/example_setup_teardown_taskflow.py for tasks to queue
[2024-05-06T18:31:01.244-0500] {logging_mixin.py:188} INFO - [2024-05-06T18:31:01.244-0500] {dagbag.py:540} INFO - Filling up the DagBag from /Users/paulamedina/venv/lib/python3.12/site-packages/airflow/example_dags/example_setup_teardown_taskflow.py
[2024-05-06T18:31:01.291-0500] {processor.py:840} INFO - DAG(s) 'example_setup_teardown_taskflow' retrieved from /Users/paulamedina/venv/lib/python3.12/site-packages/airflow/example_dags/example_setup_teardown_taskflow.py
[2024-05-06T18:31:01.395-0500] {logging_mixin.py:188} INFO - [2024-05-06T18:31:01.395-0500] {dag.py:3096} INFO - Sync 1 DAGs
[2024-05-06T18:31:01.411-0500] {logging_mixin.py:188} INFO - [2024-05-06T18:31:01.411-0500] {dag.py:3954} INFO - Setting next_dagrun for example_setup_teardown_taskflow to 2024-05-05 00:00:00+00:00, run_after=2024-05-06 00:00:00+00:00
[2024-05-06T18:31:01.431-0500] {processor.py:183} INFO - Processing /Users/paulamedina/venv/lib/python3.12/site-packages/airflow/example_dags/example_setup_teardown_taskflow.py took 0.190 seconds
[2024-05-06T18:33:05.973-0500] {processor.py:161} INFO - Started process (PID=20137) to work on /Users/paulamedina/venv/lib/python3.12/site-packages/airflow/example_dags/example_setup_teardown_taskflow.py
[2024-05-06T18:33:05.975-0500] {processor.py:830} INFO - Processing file /Users/paulamedina/venv/lib/python3.12/site-packages/airflow/example_dags/example_setup_teardown_taskflow.py for tasks to queue
[2024-05-06T18:33:05.976-0500] {logging_mixin.py:188} INFO - [2024-05-06T18:33:05.975-0500] {dagbag.py:540} INFO - Filling up the DagBag from /Users/paulamedina/venv/lib/python3.12/site-packages/airflow/example_dags/example_setup_teardown_taskflow.py
[2024-05-06T18:33:06.024-0500] {processor.py:840} INFO - DAG(s) 'example_setup_teardown_taskflow' retrieved from /Users/paulamedina/venv/lib/python3.12/site-packages/airflow/example_dags/example_setup_teardown_taskflow.py
[2024-05-06T18:33:06.133-0500] {logging_mixin.py:188} INFO - [2024-05-06T18:33:06.133-0500] {dag.py:3096} INFO - Sync 1 DAGs
[2024-05-06T18:33:06.150-0500] {logging_mixin.py:188} INFO - [2024-05-06T18:33:06.150-0500] {dag.py:3954} INFO - Setting next_dagrun for example_setup_teardown_taskflow to 2024-05-05 00:00:00+00:00, run_after=2024-05-06 00:00:00+00:00
[2024-05-06T18:33:06.170-0500] {processor.py:183} INFO - Processing /Users/paulamedina/venv/lib/python3.12/site-packages/airflow/example_dags/example_setup_teardown_taskflow.py took 0.199 seconds
[2024-05-06T18:35:00.829-0500] {processor.py:161} INFO - Started process (PID=20548) to work on /Users/paulamedina/venv/lib/python3.12/site-packages/airflow/example_dags/example_setup_teardown_taskflow.py
[2024-05-06T18:35:00.831-0500] {processor.py:830} INFO - Processing file /Users/paulamedina/venv/lib/python3.12/site-packages/airflow/example_dags/example_setup_teardown_taskflow.py for tasks to queue
[2024-05-06T18:35:00.832-0500] {logging_mixin.py:188} INFO - [2024-05-06T18:35:00.832-0500] {dagbag.py:540} INFO - Filling up the DagBag from /Users/paulamedina/venv/lib/python3.12/site-packages/airflow/example_dags/example_setup_teardown_taskflow.py
[2024-05-06T18:35:00.879-0500] {processor.py:840} INFO - DAG(s) 'example_setup_teardown_taskflow' retrieved from /Users/paulamedina/venv/lib/python3.12/site-packages/airflow/example_dags/example_setup_teardown_taskflow.py
[2024-05-06T18:35:00.991-0500] {logging_mixin.py:188} INFO - [2024-05-06T18:35:00.991-0500] {dag.py:3096} INFO - Sync 1 DAGs
[2024-05-06T18:35:01.008-0500] {logging_mixin.py:188} INFO - [2024-05-06T18:35:01.008-0500] {dag.py:3954} INFO - Setting next_dagrun for example_setup_teardown_taskflow to 2024-05-05 00:00:00+00:00, run_after=2024-05-06 00:00:00+00:00
[2024-05-06T18:35:01.028-0500] {processor.py:183} INFO - Processing /Users/paulamedina/venv/lib/python3.12/site-packages/airflow/example_dags/example_setup_teardown_taskflow.py took 0.201 seconds
[2024-05-06T18:37:00.079-0500] {processor.py:161} INFO - Started process (PID=20971) to work on /Users/paulamedina/venv/lib/python3.12/site-packages/airflow/example_dags/example_setup_teardown_taskflow.py
[2024-05-06T18:37:00.081-0500] {processor.py:830} INFO - Processing file /Users/paulamedina/venv/lib/python3.12/site-packages/airflow/example_dags/example_setup_teardown_taskflow.py for tasks to queue
[2024-05-06T18:37:00.082-0500] {logging_mixin.py:188} INFO - [2024-05-06T18:37:00.081-0500] {dagbag.py:540} INFO - Filling up the DagBag from /Users/paulamedina/venv/lib/python3.12/site-packages/airflow/example_dags/example_setup_teardown_taskflow.py
[2024-05-06T18:37:00.123-0500] {processor.py:840} INFO - DAG(s) 'example_setup_teardown_taskflow' retrieved from /Users/paulamedina/venv/lib/python3.12/site-packages/airflow/example_dags/example_setup_teardown_taskflow.py
[2024-05-06T18:37:00.212-0500] {logging_mixin.py:188} INFO - [2024-05-06T18:37:00.212-0500] {dag.py:3096} INFO - Sync 1 DAGs
[2024-05-06T18:37:00.226-0500] {logging_mixin.py:188} INFO - [2024-05-06T18:37:00.226-0500] {dag.py:3954} INFO - Setting next_dagrun for example_setup_teardown_taskflow to 2024-05-05 00:00:00+00:00, run_after=2024-05-06 00:00:00+00:00
[2024-05-06T18:37:00.245-0500] {processor.py:183} INFO - Processing /Users/paulamedina/venv/lib/python3.12/site-packages/airflow/example_dags/example_setup_teardown_taskflow.py took 0.169 seconds
[2024-05-06T18:38:58.724-0500] {processor.py:161} INFO - Started process (PID=21398) to work on /Users/paulamedina/venv/lib/python3.12/site-packages/airflow/example_dags/example_setup_teardown_taskflow.py
[2024-05-06T18:38:58.726-0500] {processor.py:830} INFO - Processing file /Users/paulamedina/venv/lib/python3.12/site-packages/airflow/example_dags/example_setup_teardown_taskflow.py for tasks to queue
[2024-05-06T18:38:58.727-0500] {logging_mixin.py:188} INFO - [2024-05-06T18:38:58.726-0500] {dagbag.py:540} INFO - Filling up the DagBag from /Users/paulamedina/venv/lib/python3.12/site-packages/airflow/example_dags/example_setup_teardown_taskflow.py
[2024-05-06T18:38:58.771-0500] {processor.py:840} INFO - DAG(s) 'example_setup_teardown_taskflow' retrieved from /Users/paulamedina/venv/lib/python3.12/site-packages/airflow/example_dags/example_setup_teardown_taskflow.py
[2024-05-06T18:38:58.875-0500] {logging_mixin.py:188} INFO - [2024-05-06T18:38:58.875-0500] {dag.py:3096} INFO - Sync 1 DAGs
[2024-05-06T18:38:58.892-0500] {logging_mixin.py:188} INFO - [2024-05-06T18:38:58.892-0500] {dag.py:3954} INFO - Setting next_dagrun for example_setup_teardown_taskflow to 2024-05-05 00:00:00+00:00, run_after=2024-05-06 00:00:00+00:00
[2024-05-06T18:38:58.912-0500] {processor.py:183} INFO - Processing /Users/paulamedina/venv/lib/python3.12/site-packages/airflow/example_dags/example_setup_teardown_taskflow.py took 0.191 seconds
[2024-05-06T18:40:54.398-0500] {processor.py:161} INFO - Started process (PID=21805) to work on /Users/paulamedina/venv/lib/python3.12/site-packages/airflow/example_dags/example_setup_teardown_taskflow.py
[2024-05-06T18:40:54.400-0500] {processor.py:830} INFO - Processing file /Users/paulamedina/venv/lib/python3.12/site-packages/airflow/example_dags/example_setup_teardown_taskflow.py for tasks to queue
[2024-05-06T18:40:54.400-0500] {logging_mixin.py:188} INFO - [2024-05-06T18:40:54.400-0500] {dagbag.py:540} INFO - Filling up the DagBag from /Users/paulamedina/venv/lib/python3.12/site-packages/airflow/example_dags/example_setup_teardown_taskflow.py
[2024-05-06T18:40:54.449-0500] {processor.py:840} INFO - DAG(s) 'example_setup_teardown_taskflow' retrieved from /Users/paulamedina/venv/lib/python3.12/site-packages/airflow/example_dags/example_setup_teardown_taskflow.py
[2024-05-06T18:40:54.554-0500] {logging_mixin.py:188} INFO - [2024-05-06T18:40:54.553-0500] {dag.py:3096} INFO - Sync 1 DAGs
[2024-05-06T18:40:54.584-0500] {logging_mixin.py:188} INFO - [2024-05-06T18:40:54.583-0500] {dag.py:3954} INFO - Setting next_dagrun for example_setup_teardown_taskflow to 2024-05-05 00:00:00+00:00, run_after=2024-05-06 00:00:00+00:00
[2024-05-06T18:40:54.611-0500] {processor.py:183} INFO - Processing /Users/paulamedina/venv/lib/python3.12/site-packages/airflow/example_dags/example_setup_teardown_taskflow.py took 0.216 seconds
[2024-05-06T18:42:53.696-0500] {processor.py:161} INFO - Started process (PID=22320) to work on /Users/paulamedina/venv/lib/python3.12/site-packages/airflow/example_dags/example_setup_teardown_taskflow.py
[2024-05-06T18:42:53.698-0500] {processor.py:830} INFO - Processing file /Users/paulamedina/venv/lib/python3.12/site-packages/airflow/example_dags/example_setup_teardown_taskflow.py for tasks to queue
[2024-05-06T18:42:53.698-0500] {logging_mixin.py:188} INFO - [2024-05-06T18:42:53.698-0500] {dagbag.py:540} INFO - Filling up the DagBag from /Users/paulamedina/venv/lib/python3.12/site-packages/airflow/example_dags/example_setup_teardown_taskflow.py
[2024-05-06T18:42:53.739-0500] {processor.py:840} INFO - DAG(s) 'example_setup_teardown_taskflow' retrieved from /Users/paulamedina/venv/lib/python3.12/site-packages/airflow/example_dags/example_setup_teardown_taskflow.py
[2024-05-06T18:42:53.830-0500] {logging_mixin.py:188} INFO - [2024-05-06T18:42:53.830-0500] {dag.py:3096} INFO - Sync 1 DAGs
[2024-05-06T18:42:53.844-0500] {logging_mixin.py:188} INFO - [2024-05-06T18:42:53.844-0500] {dag.py:3954} INFO - Setting next_dagrun for example_setup_teardown_taskflow to 2024-05-05 00:00:00+00:00, run_after=2024-05-06 00:00:00+00:00
[2024-05-06T18:42:53.865-0500] {processor.py:183} INFO - Processing /Users/paulamedina/venv/lib/python3.12/site-packages/airflow/example_dags/example_setup_teardown_taskflow.py took 0.171 seconds
[2024-05-06T18:44:48.946-0500] {processor.py:161} INFO - Started process (PID=22738) to work on /Users/paulamedina/venv/lib/python3.12/site-packages/airflow/example_dags/example_setup_teardown_taskflow.py
[2024-05-06T18:44:48.948-0500] {processor.py:830} INFO - Processing file /Users/paulamedina/venv/lib/python3.12/site-packages/airflow/example_dags/example_setup_teardown_taskflow.py for tasks to queue
[2024-05-06T18:44:48.949-0500] {logging_mixin.py:188} INFO - [2024-05-06T18:44:48.948-0500] {dagbag.py:540} INFO - Filling up the DagBag from /Users/paulamedina/venv/lib/python3.12/site-packages/airflow/example_dags/example_setup_teardown_taskflow.py
[2024-05-06T18:44:48.991-0500] {processor.py:840} INFO - DAG(s) 'example_setup_teardown_taskflow' retrieved from /Users/paulamedina/venv/lib/python3.12/site-packages/airflow/example_dags/example_setup_teardown_taskflow.py
[2024-05-06T18:44:49.094-0500] {logging_mixin.py:188} INFO - [2024-05-06T18:44:49.094-0500] {dag.py:3096} INFO - Sync 1 DAGs
[2024-05-06T18:44:49.109-0500] {logging_mixin.py:188} INFO - [2024-05-06T18:44:49.108-0500] {dag.py:3954} INFO - Setting next_dagrun for example_setup_teardown_taskflow to 2024-05-05 00:00:00+00:00, run_after=2024-05-06 00:00:00+00:00
[2024-05-06T18:44:49.149-0500] {processor.py:183} INFO - Processing /Users/paulamedina/venv/lib/python3.12/site-packages/airflow/example_dags/example_setup_teardown_taskflow.py took 0.205 seconds
[2024-05-06T18:46:52.484-0500] {processor.py:161} INFO - Started process (PID=23178) to work on /Users/paulamedina/venv/lib/python3.12/site-packages/airflow/example_dags/example_setup_teardown_taskflow.py
[2024-05-06T18:46:52.497-0500] {processor.py:830} INFO - Processing file /Users/paulamedina/venv/lib/python3.12/site-packages/airflow/example_dags/example_setup_teardown_taskflow.py for tasks to queue
[2024-05-06T18:46:52.498-0500] {logging_mixin.py:188} INFO - [2024-05-06T18:46:52.498-0500] {dagbag.py:540} INFO - Filling up the DagBag from /Users/paulamedina/venv/lib/python3.12/site-packages/airflow/example_dags/example_setup_teardown_taskflow.py
[2024-05-06T18:46:52.540-0500] {processor.py:840} INFO - DAG(s) 'example_setup_teardown_taskflow' retrieved from /Users/paulamedina/venv/lib/python3.12/site-packages/airflow/example_dags/example_setup_teardown_taskflow.py
[2024-05-06T18:46:52.630-0500] {logging_mixin.py:188} INFO - [2024-05-06T18:46:52.629-0500] {dag.py:3096} INFO - Sync 1 DAGs
[2024-05-06T18:46:52.643-0500] {logging_mixin.py:188} INFO - [2024-05-06T18:46:52.643-0500] {dag.py:3954} INFO - Setting next_dagrun for example_setup_teardown_taskflow to 2024-05-05 00:00:00+00:00, run_after=2024-05-06 00:00:00+00:00
[2024-05-06T18:46:52.661-0500] {processor.py:183} INFO - Processing /Users/paulamedina/venv/lib/python3.12/site-packages/airflow/example_dags/example_setup_teardown_taskflow.py took 0.179 seconds
[2024-05-06T18:49:00.202-0500] {processor.py:161} INFO - Started process (PID=23632) to work on /Users/paulamedina/venv/lib/python3.12/site-packages/airflow/example_dags/example_setup_teardown_taskflow.py
[2024-05-06T18:49:00.204-0500] {processor.py:830} INFO - Processing file /Users/paulamedina/venv/lib/python3.12/site-packages/airflow/example_dags/example_setup_teardown_taskflow.py for tasks to queue
[2024-05-06T18:49:00.204-0500] {logging_mixin.py:188} INFO - [2024-05-06T18:49:00.204-0500] {dagbag.py:540} INFO - Filling up the DagBag from /Users/paulamedina/venv/lib/python3.12/site-packages/airflow/example_dags/example_setup_teardown_taskflow.py
[2024-05-06T18:49:00.249-0500] {processor.py:840} INFO - DAG(s) 'example_setup_teardown_taskflow' retrieved from /Users/paulamedina/venv/lib/python3.12/site-packages/airflow/example_dags/example_setup_teardown_taskflow.py
[2024-05-06T18:49:00.357-0500] {logging_mixin.py:188} INFO - [2024-05-06T18:49:00.357-0500] {dag.py:3096} INFO - Sync 1 DAGs
[2024-05-06T18:49:00.374-0500] {logging_mixin.py:188} INFO - [2024-05-06T18:49:00.373-0500] {dag.py:3954} INFO - Setting next_dagrun for example_setup_teardown_taskflow to 2024-05-05 00:00:00+00:00, run_after=2024-05-06 00:00:00+00:00
[2024-05-06T18:49:00.394-0500] {processor.py:183} INFO - Processing /Users/paulamedina/venv/lib/python3.12/site-packages/airflow/example_dags/example_setup_teardown_taskflow.py took 0.194 seconds
[2024-05-06T18:51:00.339-0500] {processor.py:161} INFO - Started process (PID=24059) to work on /Users/paulamedina/venv/lib/python3.12/site-packages/airflow/example_dags/example_setup_teardown_taskflow.py
[2024-05-06T18:51:00.340-0500] {processor.py:830} INFO - Processing file /Users/paulamedina/venv/lib/python3.12/site-packages/airflow/example_dags/example_setup_teardown_taskflow.py for tasks to queue
[2024-05-06T18:51:00.340-0500] {logging_mixin.py:188} INFO - [2024-05-06T18:51:00.340-0500] {dagbag.py:540} INFO - Filling up the DagBag from /Users/paulamedina/venv/lib/python3.12/site-packages/airflow/example_dags/example_setup_teardown_taskflow.py
[2024-05-06T18:51:00.382-0500] {processor.py:840} INFO - DAG(s) 'example_setup_teardown_taskflow' retrieved from /Users/paulamedina/venv/lib/python3.12/site-packages/airflow/example_dags/example_setup_teardown_taskflow.py
[2024-05-06T18:51:00.474-0500] {logging_mixin.py:188} INFO - [2024-05-06T18:51:00.474-0500] {dag.py:3096} INFO - Sync 1 DAGs
[2024-05-06T18:51:00.489-0500] {logging_mixin.py:188} INFO - [2024-05-06T18:51:00.489-0500] {dag.py:3954} INFO - Setting next_dagrun for example_setup_teardown_taskflow to 2024-05-05 00:00:00+00:00, run_after=2024-05-06 00:00:00+00:00
[2024-05-06T18:51:00.506-0500] {processor.py:183} INFO - Processing /Users/paulamedina/venv/lib/python3.12/site-packages/airflow/example_dags/example_setup_teardown_taskflow.py took 0.170 seconds
[2024-05-06T18:52:58.283-0500] {processor.py:161} INFO - Started process (PID=24480) to work on /Users/paulamedina/venv/lib/python3.12/site-packages/airflow/example_dags/example_setup_teardown_taskflow.py
[2024-05-06T18:52:58.284-0500] {processor.py:830} INFO - Processing file /Users/paulamedina/venv/lib/python3.12/site-packages/airflow/example_dags/example_setup_teardown_taskflow.py for tasks to queue
[2024-05-06T18:52:58.284-0500] {logging_mixin.py:188} INFO - [2024-05-06T18:52:58.284-0500] {dagbag.py:540} INFO - Filling up the DagBag from /Users/paulamedina/venv/lib/python3.12/site-packages/airflow/example_dags/example_setup_teardown_taskflow.py
[2024-05-06T18:52:58.326-0500] {processor.py:840} INFO - DAG(s) 'example_setup_teardown_taskflow' retrieved from /Users/paulamedina/venv/lib/python3.12/site-packages/airflow/example_dags/example_setup_teardown_taskflow.py
[2024-05-06T18:52:58.426-0500] {logging_mixin.py:188} INFO - [2024-05-06T18:52:58.425-0500] {dag.py:3096} INFO - Sync 1 DAGs
[2024-05-06T18:52:58.441-0500] {logging_mixin.py:188} INFO - [2024-05-06T18:52:58.441-0500] {dag.py:3954} INFO - Setting next_dagrun for example_setup_teardown_taskflow to 2024-05-05 00:00:00+00:00, run_after=2024-05-06 00:00:00+00:00
[2024-05-06T18:52:58.459-0500] {processor.py:183} INFO - Processing /Users/paulamedina/venv/lib/python3.12/site-packages/airflow/example_dags/example_setup_teardown_taskflow.py took 0.179 seconds
[2024-05-06T18:54:55.064-0500] {processor.py:161} INFO - Started process (PID=24902) to work on /Users/paulamedina/venv/lib/python3.12/site-packages/airflow/example_dags/example_setup_teardown_taskflow.py
[2024-05-06T18:54:55.065-0500] {processor.py:830} INFO - Processing file /Users/paulamedina/venv/lib/python3.12/site-packages/airflow/example_dags/example_setup_teardown_taskflow.py for tasks to queue
[2024-05-06T18:54:55.066-0500] {logging_mixin.py:188} INFO - [2024-05-06T18:54:55.066-0500] {dagbag.py:540} INFO - Filling up the DagBag from /Users/paulamedina/venv/lib/python3.12/site-packages/airflow/example_dags/example_setup_teardown_taskflow.py
[2024-05-06T18:54:55.099-0500] {processor.py:840} INFO - DAG(s) 'example_setup_teardown_taskflow' retrieved from /Users/paulamedina/venv/lib/python3.12/site-packages/airflow/example_dags/example_setup_teardown_taskflow.py
[2024-05-06T18:54:55.175-0500] {logging_mixin.py:188} INFO - [2024-05-06T18:54:55.175-0500] {dag.py:3096} INFO - Sync 1 DAGs
[2024-05-06T18:54:55.187-0500] {logging_mixin.py:188} INFO - [2024-05-06T18:54:55.186-0500] {dag.py:3954} INFO - Setting next_dagrun for example_setup_teardown_taskflow to 2024-05-05 00:00:00+00:00, run_after=2024-05-06 00:00:00+00:00
[2024-05-06T18:54:55.202-0500] {processor.py:183} INFO - Processing /Users/paulamedina/venv/lib/python3.12/site-packages/airflow/example_dags/example_setup_teardown_taskflow.py took 0.139 seconds
[2024-05-06T18:57:21.602-0500] {processor.py:161} INFO - Started process (PID=25428) to work on /Users/paulamedina/venv/lib/python3.12/site-packages/airflow/example_dags/example_setup_teardown_taskflow.py
[2024-05-06T18:57:21.604-0500] {processor.py:830} INFO - Processing file /Users/paulamedina/venv/lib/python3.12/site-packages/airflow/example_dags/example_setup_teardown_taskflow.py for tasks to queue
[2024-05-06T18:57:21.605-0500] {logging_mixin.py:188} INFO - [2024-05-06T18:57:21.605-0500] {dagbag.py:540} INFO - Filling up the DagBag from /Users/paulamedina/venv/lib/python3.12/site-packages/airflow/example_dags/example_setup_teardown_taskflow.py
[2024-05-06T18:57:21.643-0500] {processor.py:840} INFO - DAG(s) 'example_setup_teardown_taskflow' retrieved from /Users/paulamedina/venv/lib/python3.12/site-packages/airflow/example_dags/example_setup_teardown_taskflow.py
[2024-05-06T18:57:21.732-0500] {logging_mixin.py:188} INFO - [2024-05-06T18:57:21.732-0500] {dag.py:3096} INFO - Sync 1 DAGs
[2024-05-06T18:57:21.746-0500] {logging_mixin.py:188} INFO - [2024-05-06T18:57:21.746-0500] {dag.py:3954} INFO - Setting next_dagrun for example_setup_teardown_taskflow to 2024-05-05 00:00:00+00:00, run_after=2024-05-06 00:00:00+00:00
[2024-05-06T18:57:21.764-0500] {processor.py:183} INFO - Processing /Users/paulamedina/venv/lib/python3.12/site-packages/airflow/example_dags/example_setup_teardown_taskflow.py took 0.164 seconds
[2024-05-06T18:59:24.524-0500] {processor.py:161} INFO - Started process (PID=25973) to work on /Users/paulamedina/venv/lib/python3.12/site-packages/airflow/example_dags/example_setup_teardown_taskflow.py
[2024-05-06T18:59:24.526-0500] {processor.py:830} INFO - Processing file /Users/paulamedina/venv/lib/python3.12/site-packages/airflow/example_dags/example_setup_teardown_taskflow.py for tasks to queue
[2024-05-06T18:59:24.526-0500] {logging_mixin.py:188} INFO - [2024-05-06T18:59:24.526-0500] {dagbag.py:540} INFO - Filling up the DagBag from /Users/paulamedina/venv/lib/python3.12/site-packages/airflow/example_dags/example_setup_teardown_taskflow.py
[2024-05-06T18:59:24.564-0500] {processor.py:840} INFO - DAG(s) 'example_setup_teardown_taskflow' retrieved from /Users/paulamedina/venv/lib/python3.12/site-packages/airflow/example_dags/example_setup_teardown_taskflow.py
[2024-05-06T18:59:24.642-0500] {logging_mixin.py:188} INFO - [2024-05-06T18:59:24.641-0500] {dag.py:3096} INFO - Sync 1 DAGs
[2024-05-06T18:59:24.653-0500] {logging_mixin.py:188} INFO - [2024-05-06T18:59:24.653-0500] {dag.py:3954} INFO - Setting next_dagrun for example_setup_teardown_taskflow to 2024-05-05 00:00:00+00:00, run_after=2024-05-06 00:00:00+00:00
[2024-05-06T18:59:24.669-0500] {processor.py:183} INFO - Processing /Users/paulamedina/venv/lib/python3.12/site-packages/airflow/example_dags/example_setup_teardown_taskflow.py took 0.147 seconds
