[2024-05-06T18:11:28.642-0500] {processor.py:161} INFO - Started process (PID=8032) to work on /Users/paulamedina/venv/lib/python3.12/site-packages/airflow/example_dags/example_branch_operator.py
[2024-05-06T18:11:28.643-0500] {processor.py:830} INFO - Processing file /Users/paulamedina/venv/lib/python3.12/site-packages/airflow/example_dags/example_branch_operator.py for tasks to queue
[2024-05-06T18:11:28.644-0500] {logging_mixin.py:188} INFO - [2024-05-06T18:11:28.644-0500] {dagbag.py:540} INFO - Filling up the DagBag from /Users/paulamedina/venv/lib/python3.12/site-packages/airflow/example_dags/example_branch_operator.py
[2024-05-06T18:11:28.665-0500] {processor.py:842} WARNING - No viable dags retrieved from /Users/paulamedina/venv/lib/python3.12/site-packages/airflow/example_dags/example_branch_operator.py
[2024-05-06T18:11:28.749-0500] {processor.py:183} INFO - Processing /Users/paulamedina/venv/lib/python3.12/site-packages/airflow/example_dags/example_branch_operator.py took 0.108 seconds
[2024-05-06T18:15:20.689-0500] {processor.py:161} INFO - Started process (PID=11148) to work on /Users/paulamedina/venv/lib/python3.12/site-packages/airflow/example_dags/example_branch_operator.py
[2024-05-06T18:15:20.690-0500] {processor.py:830} INFO - Processing file /Users/paulamedina/venv/lib/python3.12/site-packages/airflow/example_dags/example_branch_operator.py for tasks to queue
[2024-05-06T18:15:20.691-0500] {logging_mixin.py:188} INFO - [2024-05-06T18:15:20.690-0500] {dagbag.py:540} INFO - Filling up the DagBag from /Users/paulamedina/venv/lib/python3.12/site-packages/airflow/example_dags/example_branch_operator.py
[2024-05-06T18:15:20.714-0500] {processor.py:842} WARNING - No viable dags retrieved from /Users/paulamedina/venv/lib/python3.12/site-packages/airflow/example_dags/example_branch_operator.py
[2024-05-06T18:15:20.806-0500] {processor.py:183} INFO - Processing /Users/paulamedina/venv/lib/python3.12/site-packages/airflow/example_dags/example_branch_operator.py took 0.120 seconds
[2024-05-06T18:19:11.464-0500] {processor.py:161} INFO - Started process (PID=14298) to work on /Users/paulamedina/venv/lib/python3.12/site-packages/airflow/example_dags/example_branch_operator.py
[2024-05-06T18:19:11.465-0500] {processor.py:830} INFO - Processing file /Users/paulamedina/venv/lib/python3.12/site-packages/airflow/example_dags/example_branch_operator.py for tasks to queue
[2024-05-06T18:19:11.466-0500] {logging_mixin.py:188} INFO - [2024-05-06T18:19:11.465-0500] {dagbag.py:540} INFO - Filling up the DagBag from /Users/paulamedina/venv/lib/python3.12/site-packages/airflow/example_dags/example_branch_operator.py
[2024-05-06T18:19:11.488-0500] {processor.py:842} WARNING - No viable dags retrieved from /Users/paulamedina/venv/lib/python3.12/site-packages/airflow/example_dags/example_branch_operator.py
[2024-05-06T18:19:11.565-0500] {processor.py:183} INFO - Processing /Users/paulamedina/venv/lib/python3.12/site-packages/airflow/example_dags/example_branch_operator.py took 0.104 seconds
[2024-05-06T18:23:33.999-0500] {processor.py:161} INFO - Started process (PID=17959) to work on /Users/paulamedina/venv/lib/python3.12/site-packages/airflow/example_dags/example_branch_operator.py
[2024-05-06T18:23:34.001-0500] {processor.py:830} INFO - Processing file /Users/paulamedina/venv/lib/python3.12/site-packages/airflow/example_dags/example_branch_operator.py for tasks to queue
[2024-05-06T18:23:34.002-0500] {logging_mixin.py:188} INFO - [2024-05-06T18:23:34.001-0500] {dagbag.py:540} INFO - Filling up the DagBag from /Users/paulamedina/venv/lib/python3.12/site-packages/airflow/example_dags/example_branch_operator.py
[2024-05-06T18:23:34.031-0500] {processor.py:842} WARNING - No viable dags retrieved from /Users/paulamedina/venv/lib/python3.12/site-packages/airflow/example_dags/example_branch_operator.py
[2024-05-06T18:23:34.139-0500] {processor.py:183} INFO - Processing /Users/paulamedina/venv/lib/python3.12/site-packages/airflow/example_dags/example_branch_operator.py took 0.144 seconds
[2024-05-06T18:27:24.856-0500] {processor.py:161} INFO - Started process (PID=18893) to work on /Users/paulamedina/venv/lib/python3.12/site-packages/airflow/example_dags/example_branch_operator.py
[2024-05-06T18:27:24.858-0500] {processor.py:830} INFO - Processing file /Users/paulamedina/venv/lib/python3.12/site-packages/airflow/example_dags/example_branch_operator.py for tasks to queue
[2024-05-06T18:27:24.859-0500] {logging_mixin.py:188} INFO - [2024-05-06T18:27:24.859-0500] {dagbag.py:540} INFO - Filling up the DagBag from /Users/paulamedina/venv/lib/python3.12/site-packages/airflow/example_dags/example_branch_operator.py
[2024-05-06T18:27:24.887-0500] {processor.py:842} WARNING - No viable dags retrieved from /Users/paulamedina/venv/lib/python3.12/site-packages/airflow/example_dags/example_branch_operator.py
[2024-05-06T18:27:24.985-0500] {processor.py:183} INFO - Processing /Users/paulamedina/venv/lib/python3.12/site-packages/airflow/example_dags/example_branch_operator.py took 0.132 seconds
[2024-05-06T18:31:35.370-0500] {processor.py:161} INFO - Started process (PID=19793) to work on /Users/paulamedina/venv/lib/python3.12/site-packages/airflow/example_dags/example_branch_operator.py
[2024-05-06T18:31:35.371-0500] {processor.py:830} INFO - Processing file /Users/paulamedina/venv/lib/python3.12/site-packages/airflow/example_dags/example_branch_operator.py for tasks to queue
[2024-05-06T18:31:35.371-0500] {logging_mixin.py:188} INFO - [2024-05-06T18:31:35.371-0500] {dagbag.py:540} INFO - Filling up the DagBag from /Users/paulamedina/venv/lib/python3.12/site-packages/airflow/example_dags/example_branch_operator.py
[2024-05-06T18:31:35.397-0500] {processor.py:842} WARNING - No viable dags retrieved from /Users/paulamedina/venv/lib/python3.12/site-packages/airflow/example_dags/example_branch_operator.py
[2024-05-06T18:31:35.486-0500] {processor.py:183} INFO - Processing /Users/paulamedina/venv/lib/python3.12/site-packages/airflow/example_dags/example_branch_operator.py took 0.118 seconds
[2024-05-06T18:35:35.466-0500] {processor.py:161} INFO - Started process (PID=20666) to work on /Users/paulamedina/venv/lib/python3.12/site-packages/airflow/example_dags/example_branch_operator.py
[2024-05-06T18:35:35.468-0500] {processor.py:830} INFO - Processing file /Users/paulamedina/venv/lib/python3.12/site-packages/airflow/example_dags/example_branch_operator.py for tasks to queue
[2024-05-06T18:35:35.469-0500] {logging_mixin.py:188} INFO - [2024-05-06T18:35:35.468-0500] {dagbag.py:540} INFO - Filling up the DagBag from /Users/paulamedina/venv/lib/python3.12/site-packages/airflow/example_dags/example_branch_operator.py
[2024-05-06T18:35:35.491-0500] {processor.py:842} WARNING - No viable dags retrieved from /Users/paulamedina/venv/lib/python3.12/site-packages/airflow/example_dags/example_branch_operator.py
[2024-05-06T18:35:35.564-0500] {processor.py:183} INFO - Processing /Users/paulamedina/venv/lib/python3.12/site-packages/airflow/example_dags/example_branch_operator.py took 0.101 seconds
[2024-05-06T18:39:30.648-0500] {processor.py:161} INFO - Started process (PID=21511) to work on /Users/paulamedina/venv/lib/python3.12/site-packages/airflow/example_dags/example_branch_operator.py
[2024-05-06T18:39:30.650-0500] {processor.py:830} INFO - Processing file /Users/paulamedina/venv/lib/python3.12/site-packages/airflow/example_dags/example_branch_operator.py for tasks to queue
[2024-05-06T18:39:30.651-0500] {logging_mixin.py:188} INFO - [2024-05-06T18:39:30.651-0500] {dagbag.py:540} INFO - Filling up the DagBag from /Users/paulamedina/venv/lib/python3.12/site-packages/airflow/example_dags/example_branch_operator.py
[2024-05-06T18:39:30.679-0500] {processor.py:842} WARNING - No viable dags retrieved from /Users/paulamedina/venv/lib/python3.12/site-packages/airflow/example_dags/example_branch_operator.py
[2024-05-06T18:39:30.763-0500] {processor.py:183} INFO - Processing /Users/paulamedina/venv/lib/python3.12/site-packages/airflow/example_dags/example_branch_operator.py took 0.118 seconds
[2024-05-06T18:43:32.050-0500] {processor.py:161} INFO - Started process (PID=22466) to work on /Users/paulamedina/venv/lib/python3.12/site-packages/airflow/example_dags/example_branch_operator.py
[2024-05-06T18:43:32.052-0500] {processor.py:830} INFO - Processing file /Users/paulamedina/venv/lib/python3.12/site-packages/airflow/example_dags/example_branch_operator.py for tasks to queue
[2024-05-06T18:43:32.053-0500] {logging_mixin.py:188} INFO - [2024-05-06T18:43:32.053-0500] {dagbag.py:540} INFO - Filling up the DagBag from /Users/paulamedina/venv/lib/python3.12/site-packages/airflow/example_dags/example_branch_operator.py
[2024-05-06T18:43:32.075-0500] {processor.py:842} WARNING - No viable dags retrieved from /Users/paulamedina/venv/lib/python3.12/site-packages/airflow/example_dags/example_branch_operator.py
[2024-05-06T18:43:32.151-0500] {processor.py:183} INFO - Processing /Users/paulamedina/venv/lib/python3.12/site-packages/airflow/example_dags/example_branch_operator.py took 0.103 seconds
[2024-05-06T18:47:28.957-0500] {processor.py:161} INFO - Started process (PID=23317) to work on /Users/paulamedina/venv/lib/python3.12/site-packages/airflow/example_dags/example_branch_operator.py
[2024-05-06T18:47:28.959-0500] {processor.py:830} INFO - Processing file /Users/paulamedina/venv/lib/python3.12/site-packages/airflow/example_dags/example_branch_operator.py for tasks to queue
[2024-05-06T18:47:28.960-0500] {logging_mixin.py:188} INFO - [2024-05-06T18:47:28.960-0500] {dagbag.py:540} INFO - Filling up the DagBag from /Users/paulamedina/venv/lib/python3.12/site-packages/airflow/example_dags/example_branch_operator.py
[2024-05-06T18:47:28.982-0500] {processor.py:842} WARNING - No viable dags retrieved from /Users/paulamedina/venv/lib/python3.12/site-packages/airflow/example_dags/example_branch_operator.py
[2024-05-06T18:47:29.064-0500] {processor.py:183} INFO - Processing /Users/paulamedina/venv/lib/python3.12/site-packages/airflow/example_dags/example_branch_operator.py took 0.109 seconds
[2024-05-06T18:51:34.090-0500] {processor.py:161} INFO - Started process (PID=24192) to work on /Users/paulamedina/venv/lib/python3.12/site-packages/airflow/example_dags/example_branch_operator.py
[2024-05-06T18:51:34.092-0500] {processor.py:830} INFO - Processing file /Users/paulamedina/venv/lib/python3.12/site-packages/airflow/example_dags/example_branch_operator.py for tasks to queue
[2024-05-06T18:51:34.092-0500] {logging_mixin.py:188} INFO - [2024-05-06T18:51:34.092-0500] {dagbag.py:540} INFO - Filling up the DagBag from /Users/paulamedina/venv/lib/python3.12/site-packages/airflow/example_dags/example_branch_operator.py
[2024-05-06T18:51:34.113-0500] {processor.py:842} WARNING - No viable dags retrieved from /Users/paulamedina/venv/lib/python3.12/site-packages/airflow/example_dags/example_branch_operator.py
[2024-05-06T18:51:34.184-0500] {processor.py:183} INFO - Processing /Users/paulamedina/venv/lib/python3.12/site-packages/airflow/example_dags/example_branch_operator.py took 0.096 seconds
[2024-05-06T18:55:31.122-0500] {processor.py:161} INFO - Started process (PID=25032) to work on /Users/paulamedina/venv/lib/python3.12/site-packages/airflow/example_dags/example_branch_operator.py
[2024-05-06T18:55:31.124-0500] {processor.py:830} INFO - Processing file /Users/paulamedina/venv/lib/python3.12/site-packages/airflow/example_dags/example_branch_operator.py for tasks to queue
[2024-05-06T18:55:31.125-0500] {logging_mixin.py:188} INFO - [2024-05-06T18:55:31.125-0500] {dagbag.py:540} INFO - Filling up the DagBag from /Users/paulamedina/venv/lib/python3.12/site-packages/airflow/example_dags/example_branch_operator.py
[2024-05-06T18:55:31.153-0500] {processor.py:842} WARNING - No viable dags retrieved from /Users/paulamedina/venv/lib/python3.12/site-packages/airflow/example_dags/example_branch_operator.py
[2024-05-06T18:55:31.254-0500] {processor.py:183} INFO - Processing /Users/paulamedina/venv/lib/python3.12/site-packages/airflow/example_dags/example_branch_operator.py took 0.136 seconds
[2024-05-06T18:59:55.639-0500] {processor.py:161} INFO - Started process (PID=26075) to work on /Users/paulamedina/venv/lib/python3.12/site-packages/airflow/example_dags/example_branch_operator.py
[2024-05-06T18:59:55.640-0500] {processor.py:830} INFO - Processing file /Users/paulamedina/venv/lib/python3.12/site-packages/airflow/example_dags/example_branch_operator.py for tasks to queue
[2024-05-06T18:59:55.641-0500] {logging_mixin.py:188} INFO - [2024-05-06T18:59:55.641-0500] {dagbag.py:540} INFO - Filling up the DagBag from /Users/paulamedina/venv/lib/python3.12/site-packages/airflow/example_dags/example_branch_operator.py
[2024-05-06T18:59:55.661-0500] {processor.py:842} WARNING - No viable dags retrieved from /Users/paulamedina/venv/lib/python3.12/site-packages/airflow/example_dags/example_branch_operator.py
[2024-05-06T18:59:55.724-0500] {processor.py:183} INFO - Processing /Users/paulamedina/venv/lib/python3.12/site-packages/airflow/example_dags/example_branch_operator.py took 0.088 seconds
