[2024-05-06T18:11:02.714-0500] {processor.py:161} INFO - Started process (PID=7625) to work on /Users/paulamedina/venv/lib/python3.12/site-packages/airflow/example_dags/example_external_task_marker_dag.py
[2024-05-06T18:11:02.716-0500] {processor.py:830} INFO - Processing file /Users/paulamedina/venv/lib/python3.12/site-packages/airflow/example_dags/example_external_task_marker_dag.py for tasks to queue
[2024-05-06T18:11:02.716-0500] {logging_mixin.py:188} INFO - [2024-05-06T18:11:02.716-0500] {dagbag.py:540} INFO - Filling up the DagBag from /Users/paulamedina/venv/lib/python3.12/site-packages/airflow/example_dags/example_external_task_marker_dag.py
[2024-05-06T18:11:02.736-0500] {processor.py:840} INFO - DAG(s) 'example_external_task_marker_parent', 'example_external_task_marker_child' retrieved from /Users/paulamedina/venv/lib/python3.12/site-packages/airflow/example_dags/example_external_task_marker_dag.py
[2024-05-06T18:11:02.959-0500] {logging_mixin.py:188} INFO - [2024-05-06T18:11:02.959-0500] {dag.py:3096} INFO - Sync 2 DAGs
[2024-05-06T18:11:02.970-0500] {logging_mixin.py:188} INFO - [2024-05-06T18:11:02.969-0500] {dag.py:3954} INFO - Setting next_dagrun for example_external_task_marker_child to None, run_after=None
[2024-05-06T18:11:02.972-0500] {logging_mixin.py:188} INFO - [2024-05-06T18:11:02.972-0500] {dag.py:3954} INFO - Setting next_dagrun for example_external_task_marker_parent to None, run_after=None
[2024-05-06T18:11:02.991-0500] {processor.py:183} INFO - Processing /Users/paulamedina/venv/lib/python3.12/site-packages/airflow/example_dags/example_external_task_marker_dag.py took 0.279 seconds
[2024-05-06T18:13:33.236-0500] {processor.py:161} INFO - Started process (PID=9732) to work on /Users/paulamedina/venv/lib/python3.12/site-packages/airflow/example_dags/example_external_task_marker_dag.py
[2024-05-06T18:13:33.237-0500] {processor.py:830} INFO - Processing file /Users/paulamedina/venv/lib/python3.12/site-packages/airflow/example_dags/example_external_task_marker_dag.py for tasks to queue
[2024-05-06T18:13:33.238-0500] {logging_mixin.py:188} INFO - [2024-05-06T18:13:33.238-0500] {dagbag.py:540} INFO - Filling up the DagBag from /Users/paulamedina/venv/lib/python3.12/site-packages/airflow/example_dags/example_external_task_marker_dag.py
[2024-05-06T18:13:33.256-0500] {processor.py:840} INFO - DAG(s) 'example_external_task_marker_child', 'example_external_task_marker_parent' retrieved from /Users/paulamedina/venv/lib/python3.12/site-packages/airflow/example_dags/example_external_task_marker_dag.py
[2024-05-06T18:13:33.372-0500] {logging_mixin.py:188} INFO - [2024-05-06T18:13:33.372-0500] {dag.py:3096} INFO - Sync 2 DAGs
[2024-05-06T18:13:33.382-0500] {logging_mixin.py:188} INFO - [2024-05-06T18:13:33.382-0500] {dag.py:3954} INFO - Setting next_dagrun for example_external_task_marker_child to None, run_after=None
[2024-05-06T18:13:33.385-0500] {logging_mixin.py:188} INFO - [2024-05-06T18:13:33.385-0500] {dag.py:3954} INFO - Setting next_dagrun for example_external_task_marker_parent to None, run_after=None
[2024-05-06T18:13:33.401-0500] {processor.py:183} INFO - Processing /Users/paulamedina/venv/lib/python3.12/site-packages/airflow/example_dags/example_external_task_marker_dag.py took 0.170 seconds
[2024-05-06T18:17:24.534-0500] {processor.py:161} INFO - Started process (PID=12858) to work on /Users/paulamedina/venv/lib/python3.12/site-packages/airflow/example_dags/example_external_task_marker_dag.py
[2024-05-06T18:17:24.535-0500] {processor.py:830} INFO - Processing file /Users/paulamedina/venv/lib/python3.12/site-packages/airflow/example_dags/example_external_task_marker_dag.py for tasks to queue
[2024-05-06T18:17:24.535-0500] {logging_mixin.py:188} INFO - [2024-05-06T18:17:24.535-0500] {dagbag.py:540} INFO - Filling up the DagBag from /Users/paulamedina/venv/lib/python3.12/site-packages/airflow/example_dags/example_external_task_marker_dag.py
[2024-05-06T18:17:24.552-0500] {processor.py:840} INFO - DAG(s) 'example_external_task_marker_child', 'example_external_task_marker_parent' retrieved from /Users/paulamedina/venv/lib/python3.12/site-packages/airflow/example_dags/example_external_task_marker_dag.py
[2024-05-06T18:17:24.650-0500] {logging_mixin.py:188} INFO - [2024-05-06T18:17:24.650-0500] {dag.py:3096} INFO - Sync 2 DAGs
[2024-05-06T18:17:24.659-0500] {logging_mixin.py:188} INFO - [2024-05-06T18:17:24.659-0500] {dag.py:3954} INFO - Setting next_dagrun for example_external_task_marker_child to None, run_after=None
[2024-05-06T18:17:24.661-0500] {logging_mixin.py:188} INFO - [2024-05-06T18:17:24.661-0500] {dag.py:3954} INFO - Setting next_dagrun for example_external_task_marker_parent to None, run_after=None
[2024-05-06T18:17:24.675-0500] {processor.py:183} INFO - Processing /Users/paulamedina/venv/lib/python3.12/site-packages/airflow/example_dags/example_external_task_marker_dag.py took 0.143 seconds
[2024-05-06T18:21:20.449-0500] {processor.py:161} INFO - Started process (PID=16013) to work on /Users/paulamedina/venv/lib/python3.12/site-packages/airflow/example_dags/example_external_task_marker_dag.py
[2024-05-06T18:21:20.451-0500] {processor.py:830} INFO - Processing file /Users/paulamedina/venv/lib/python3.12/site-packages/airflow/example_dags/example_external_task_marker_dag.py for tasks to queue
[2024-05-06T18:21:20.451-0500] {logging_mixin.py:188} INFO - [2024-05-06T18:21:20.451-0500] {dagbag.py:540} INFO - Filling up the DagBag from /Users/paulamedina/venv/lib/python3.12/site-packages/airflow/example_dags/example_external_task_marker_dag.py
[2024-05-06T18:21:20.467-0500] {processor.py:840} INFO - DAG(s) 'example_external_task_marker_child', 'example_external_task_marker_parent' retrieved from /Users/paulamedina/venv/lib/python3.12/site-packages/airflow/example_dags/example_external_task_marker_dag.py
[2024-05-06T18:21:20.571-0500] {logging_mixin.py:188} INFO - [2024-05-06T18:21:20.570-0500] {dag.py:3096} INFO - Sync 2 DAGs
[2024-05-06T18:21:20.580-0500] {logging_mixin.py:188} INFO - [2024-05-06T18:21:20.580-0500] {dag.py:3954} INFO - Setting next_dagrun for example_external_task_marker_child to None, run_after=None
[2024-05-06T18:21:20.583-0500] {logging_mixin.py:188} INFO - [2024-05-06T18:21:20.583-0500] {dag.py:3954} INFO - Setting next_dagrun for example_external_task_marker_parent to None, run_after=None
[2024-05-06T18:21:20.597-0500] {processor.py:183} INFO - Processing /Users/paulamedina/venv/lib/python3.12/site-packages/airflow/example_dags/example_external_task_marker_dag.py took 0.151 seconds
[2024-05-06T18:25:30.054-0500] {processor.py:161} INFO - Started process (PID=18477) to work on /Users/paulamedina/venv/lib/python3.12/site-packages/airflow/example_dags/example_external_task_marker_dag.py
[2024-05-06T18:25:30.056-0500] {processor.py:830} INFO - Processing file /Users/paulamedina/venv/lib/python3.12/site-packages/airflow/example_dags/example_external_task_marker_dag.py for tasks to queue
[2024-05-06T18:25:30.056-0500] {logging_mixin.py:188} INFO - [2024-05-06T18:25:30.056-0500] {dagbag.py:540} INFO - Filling up the DagBag from /Users/paulamedina/venv/lib/python3.12/site-packages/airflow/example_dags/example_external_task_marker_dag.py
[2024-05-06T18:25:30.073-0500] {processor.py:840} INFO - DAG(s) 'example_external_task_marker_parent', 'example_external_task_marker_child' retrieved from /Users/paulamedina/venv/lib/python3.12/site-packages/airflow/example_dags/example_external_task_marker_dag.py
[2024-05-06T18:25:30.177-0500] {logging_mixin.py:188} INFO - [2024-05-06T18:25:30.177-0500] {dag.py:3096} INFO - Sync 2 DAGs
[2024-05-06T18:25:30.186-0500] {logging_mixin.py:188} INFO - [2024-05-06T18:25:30.186-0500] {dag.py:3954} INFO - Setting next_dagrun for example_external_task_marker_child to None, run_after=None
[2024-05-06T18:25:30.189-0500] {logging_mixin.py:188} INFO - [2024-05-06T18:25:30.188-0500] {dag.py:3954} INFO - Setting next_dagrun for example_external_task_marker_parent to None, run_after=None
[2024-05-06T18:25:30.205-0500] {processor.py:183} INFO - Processing /Users/paulamedina/venv/lib/python3.12/site-packages/airflow/example_dags/example_external_task_marker_dag.py took 0.154 seconds
[2024-05-06T18:29:27.463-0500] {processor.py:161} INFO - Started process (PID=19331) to work on /Users/paulamedina/venv/lib/python3.12/site-packages/airflow/example_dags/example_external_task_marker_dag.py
[2024-05-06T18:29:27.464-0500] {processor.py:830} INFO - Processing file /Users/paulamedina/venv/lib/python3.12/site-packages/airflow/example_dags/example_external_task_marker_dag.py for tasks to queue
[2024-05-06T18:29:27.465-0500] {logging_mixin.py:188} INFO - [2024-05-06T18:29:27.465-0500] {dagbag.py:540} INFO - Filling up the DagBag from /Users/paulamedina/venv/lib/python3.12/site-packages/airflow/example_dags/example_external_task_marker_dag.py
[2024-05-06T18:29:27.481-0500] {processor.py:840} INFO - DAG(s) 'example_external_task_marker_child', 'example_external_task_marker_parent' retrieved from /Users/paulamedina/venv/lib/python3.12/site-packages/airflow/example_dags/example_external_task_marker_dag.py
[2024-05-06T18:29:27.595-0500] {logging_mixin.py:188} INFO - [2024-05-06T18:29:27.595-0500] {dag.py:3096} INFO - Sync 2 DAGs
[2024-05-06T18:29:27.605-0500] {logging_mixin.py:188} INFO - [2024-05-06T18:29:27.605-0500] {dag.py:3954} INFO - Setting next_dagrun for example_external_task_marker_child to None, run_after=None
[2024-05-06T18:29:27.608-0500] {logging_mixin.py:188} INFO - [2024-05-06T18:29:27.608-0500] {dag.py:3954} INFO - Setting next_dagrun for example_external_task_marker_parent to None, run_after=None
[2024-05-06T18:29:27.624-0500] {processor.py:183} INFO - Processing /Users/paulamedina/venv/lib/python3.12/site-packages/airflow/example_dags/example_external_task_marker_dag.py took 0.164 seconds
[2024-05-06T18:33:39.761-0500] {processor.py:161} INFO - Started process (PID=20252) to work on /Users/paulamedina/venv/lib/python3.12/site-packages/airflow/example_dags/example_external_task_marker_dag.py
[2024-05-06T18:33:39.762-0500] {processor.py:830} INFO - Processing file /Users/paulamedina/venv/lib/python3.12/site-packages/airflow/example_dags/example_external_task_marker_dag.py for tasks to queue
[2024-05-06T18:33:39.763-0500] {logging_mixin.py:188} INFO - [2024-05-06T18:33:39.763-0500] {dagbag.py:540} INFO - Filling up the DagBag from /Users/paulamedina/venv/lib/python3.12/site-packages/airflow/example_dags/example_external_task_marker_dag.py
[2024-05-06T18:33:39.779-0500] {processor.py:840} INFO - DAG(s) 'example_external_task_marker_child', 'example_external_task_marker_parent' retrieved from /Users/paulamedina/venv/lib/python3.12/site-packages/airflow/example_dags/example_external_task_marker_dag.py
[2024-05-06T18:33:39.884-0500] {logging_mixin.py:188} INFO - [2024-05-06T18:33:39.884-0500] {dag.py:3096} INFO - Sync 2 DAGs
[2024-05-06T18:33:39.894-0500] {logging_mixin.py:188} INFO - [2024-05-06T18:33:39.893-0500] {dag.py:3954} INFO - Setting next_dagrun for example_external_task_marker_child to None, run_after=None
[2024-05-06T18:33:39.896-0500] {logging_mixin.py:188} INFO - [2024-05-06T18:33:39.896-0500] {dag.py:3954} INFO - Setting next_dagrun for example_external_task_marker_parent to None, run_after=None
[2024-05-06T18:33:39.913-0500] {processor.py:183} INFO - Processing /Users/paulamedina/venv/lib/python3.12/site-packages/airflow/example_dags/example_external_task_marker_dag.py took 0.155 seconds
[2024-05-06T18:37:36.855-0500] {processor.py:161} INFO - Started process (PID=21095) to work on /Users/paulamedina/venv/lib/python3.12/site-packages/airflow/example_dags/example_external_task_marker_dag.py
[2024-05-06T18:37:36.857-0500] {processor.py:830} INFO - Processing file /Users/paulamedina/venv/lib/python3.12/site-packages/airflow/example_dags/example_external_task_marker_dag.py for tasks to queue
[2024-05-06T18:37:36.858-0500] {logging_mixin.py:188} INFO - [2024-05-06T18:37:36.857-0500] {dagbag.py:540} INFO - Filling up the DagBag from /Users/paulamedina/venv/lib/python3.12/site-packages/airflow/example_dags/example_external_task_marker_dag.py
[2024-05-06T18:37:36.873-0500] {processor.py:840} INFO - DAG(s) 'example_external_task_marker_parent', 'example_external_task_marker_child' retrieved from /Users/paulamedina/venv/lib/python3.12/site-packages/airflow/example_dags/example_external_task_marker_dag.py
[2024-05-06T18:37:36.976-0500] {logging_mixin.py:188} INFO - [2024-05-06T18:37:36.975-0500] {dag.py:3096} INFO - Sync 2 DAGs
[2024-05-06T18:37:36.985-0500] {logging_mixin.py:188} INFO - [2024-05-06T18:37:36.985-0500] {dag.py:3954} INFO - Setting next_dagrun for example_external_task_marker_child to None, run_after=None
[2024-05-06T18:37:36.988-0500] {logging_mixin.py:188} INFO - [2024-05-06T18:37:36.988-0500] {dag.py:3954} INFO - Setting next_dagrun for example_external_task_marker_parent to None, run_after=None
[2024-05-06T18:37:37.003-0500] {processor.py:183} INFO - Processing /Users/paulamedina/venv/lib/python3.12/site-packages/airflow/example_dags/example_external_task_marker_dag.py took 0.151 seconds
[2024-05-06T18:41:27.335-0500] {processor.py:161} INFO - Started process (PID=21932) to work on /Users/paulamedina/venv/lib/python3.12/site-packages/airflow/example_dags/example_external_task_marker_dag.py
[2024-05-06T18:41:27.337-0500] {processor.py:830} INFO - Processing file /Users/paulamedina/venv/lib/python3.12/site-packages/airflow/example_dags/example_external_task_marker_dag.py for tasks to queue
[2024-05-06T18:41:27.337-0500] {logging_mixin.py:188} INFO - [2024-05-06T18:41:27.337-0500] {dagbag.py:540} INFO - Filling up the DagBag from /Users/paulamedina/venv/lib/python3.12/site-packages/airflow/example_dags/example_external_task_marker_dag.py
[2024-05-06T18:41:27.356-0500] {processor.py:840} INFO - DAG(s) 'example_external_task_marker_parent', 'example_external_task_marker_child' retrieved from /Users/paulamedina/venv/lib/python3.12/site-packages/airflow/example_dags/example_external_task_marker_dag.py
[2024-05-06T18:41:27.471-0500] {logging_mixin.py:188} INFO - [2024-05-06T18:41:27.471-0500] {dag.py:3096} INFO - Sync 2 DAGs
[2024-05-06T18:41:27.481-0500] {logging_mixin.py:188} INFO - [2024-05-06T18:41:27.481-0500] {dag.py:3954} INFO - Setting next_dagrun for example_external_task_marker_child to None, run_after=None
[2024-05-06T18:41:27.484-0500] {logging_mixin.py:188} INFO - [2024-05-06T18:41:27.484-0500] {dag.py:3954} INFO - Setting next_dagrun for example_external_task_marker_parent to None, run_after=None
[2024-05-06T18:41:27.501-0500] {processor.py:183} INFO - Processing /Users/paulamedina/venv/lib/python3.12/site-packages/airflow/example_dags/example_external_task_marker_dag.py took 0.169 seconds
[2024-05-06T18:45:22.771-0500] {processor.py:161} INFO - Started process (PID=22859) to work on /Users/paulamedina/venv/lib/python3.12/site-packages/airflow/example_dags/example_external_task_marker_dag.py
[2024-05-06T18:45:22.773-0500] {processor.py:830} INFO - Processing file /Users/paulamedina/venv/lib/python3.12/site-packages/airflow/example_dags/example_external_task_marker_dag.py for tasks to queue
[2024-05-06T18:45:22.774-0500] {logging_mixin.py:188} INFO - [2024-05-06T18:45:22.774-0500] {dagbag.py:540} INFO - Filling up the DagBag from /Users/paulamedina/venv/lib/python3.12/site-packages/airflow/example_dags/example_external_task_marker_dag.py
[2024-05-06T18:45:22.789-0500] {processor.py:840} INFO - DAG(s) 'example_external_task_marker_parent', 'example_external_task_marker_child' retrieved from /Users/paulamedina/venv/lib/python3.12/site-packages/airflow/example_dags/example_external_task_marker_dag.py
[2024-05-06T18:45:22.897-0500] {logging_mixin.py:188} INFO - [2024-05-06T18:45:22.896-0500] {dag.py:3096} INFO - Sync 2 DAGs
[2024-05-06T18:45:22.906-0500] {logging_mixin.py:188} INFO - [2024-05-06T18:45:22.906-0500] {dag.py:3954} INFO - Setting next_dagrun for example_external_task_marker_child to None, run_after=None
[2024-05-06T18:45:22.913-0500] {logging_mixin.py:188} INFO - [2024-05-06T18:45:22.913-0500] {dag.py:3954} INFO - Setting next_dagrun for example_external_task_marker_parent to None, run_after=None
[2024-05-06T18:45:22.929-0500] {processor.py:183} INFO - Processing /Users/paulamedina/venv/lib/python3.12/site-packages/airflow/example_dags/example_external_task_marker_dag.py took 0.160 seconds
[2024-05-06T18:49:38.031-0500] {processor.py:161} INFO - Started process (PID=23776) to work on /Users/paulamedina/venv/lib/python3.12/site-packages/airflow/example_dags/example_external_task_marker_dag.py
[2024-05-06T18:49:38.033-0500] {processor.py:830} INFO - Processing file /Users/paulamedina/venv/lib/python3.12/site-packages/airflow/example_dags/example_external_task_marker_dag.py for tasks to queue
[2024-05-06T18:49:38.034-0500] {logging_mixin.py:188} INFO - [2024-05-06T18:49:38.033-0500] {dagbag.py:540} INFO - Filling up the DagBag from /Users/paulamedina/venv/lib/python3.12/site-packages/airflow/example_dags/example_external_task_marker_dag.py
[2024-05-06T18:49:38.049-0500] {processor.py:840} INFO - DAG(s) 'example_external_task_marker_parent', 'example_external_task_marker_child' retrieved from /Users/paulamedina/venv/lib/python3.12/site-packages/airflow/example_dags/example_external_task_marker_dag.py
[2024-05-06T18:49:38.153-0500] {logging_mixin.py:188} INFO - [2024-05-06T18:49:38.152-0500] {dag.py:3096} INFO - Sync 2 DAGs
[2024-05-06T18:49:38.163-0500] {logging_mixin.py:188} INFO - [2024-05-06T18:49:38.163-0500] {dag.py:3954} INFO - Setting next_dagrun for example_external_task_marker_child to None, run_after=None
[2024-05-06T18:49:38.165-0500] {logging_mixin.py:188} INFO - [2024-05-06T18:49:38.165-0500] {dag.py:3954} INFO - Setting next_dagrun for example_external_task_marker_parent to None, run_after=None
[2024-05-06T18:49:38.181-0500] {processor.py:183} INFO - Processing /Users/paulamedina/venv/lib/python3.12/site-packages/airflow/example_dags/example_external_task_marker_dag.py took 0.152 seconds
[2024-05-06T18:53:32.178-0500] {processor.py:161} INFO - Started process (PID=24610) to work on /Users/paulamedina/venv/lib/python3.12/site-packages/airflow/example_dags/example_external_task_marker_dag.py
[2024-05-06T18:53:32.179-0500] {processor.py:830} INFO - Processing file /Users/paulamedina/venv/lib/python3.12/site-packages/airflow/example_dags/example_external_task_marker_dag.py for tasks to queue
[2024-05-06T18:53:32.180-0500] {logging_mixin.py:188} INFO - [2024-05-06T18:53:32.179-0500] {dagbag.py:540} INFO - Filling up the DagBag from /Users/paulamedina/venv/lib/python3.12/site-packages/airflow/example_dags/example_external_task_marker_dag.py
[2024-05-06T18:53:32.193-0500] {processor.py:840} INFO - DAG(s) 'example_external_task_marker_child', 'example_external_task_marker_parent' retrieved from /Users/paulamedina/venv/lib/python3.12/site-packages/airflow/example_dags/example_external_task_marker_dag.py
[2024-05-06T18:53:32.280-0500] {logging_mixin.py:188} INFO - [2024-05-06T18:53:32.280-0500] {dag.py:3096} INFO - Sync 2 DAGs
[2024-05-06T18:53:32.288-0500] {logging_mixin.py:188} INFO - [2024-05-06T18:53:32.288-0500] {dag.py:3954} INFO - Setting next_dagrun for example_external_task_marker_child to None, run_after=None
[2024-05-06T18:53:32.290-0500] {logging_mixin.py:188} INFO - [2024-05-06T18:53:32.290-0500] {dag.py:3954} INFO - Setting next_dagrun for example_external_task_marker_parent to None, run_after=None
[2024-05-06T18:53:32.303-0500] {processor.py:183} INFO - Processing /Users/paulamedina/venv/lib/python3.12/site-packages/airflow/example_dags/example_external_task_marker_dag.py took 0.127 seconds
[2024-05-06T18:58:00.447-0500] {processor.py:161} INFO - Started process (PID=25649) to work on /Users/paulamedina/venv/lib/python3.12/site-packages/airflow/example_dags/example_external_task_marker_dag.py
[2024-05-06T18:58:00.449-0500] {processor.py:830} INFO - Processing file /Users/paulamedina/venv/lib/python3.12/site-packages/airflow/example_dags/example_external_task_marker_dag.py for tasks to queue
[2024-05-06T18:58:00.449-0500] {logging_mixin.py:188} INFO - [2024-05-06T18:58:00.449-0500] {dagbag.py:540} INFO - Filling up the DagBag from /Users/paulamedina/venv/lib/python3.12/site-packages/airflow/example_dags/example_external_task_marker_dag.py
[2024-05-06T18:58:00.461-0500] {processor.py:840} INFO - DAG(s) 'example_external_task_marker_child', 'example_external_task_marker_parent' retrieved from /Users/paulamedina/venv/lib/python3.12/site-packages/airflow/example_dags/example_external_task_marker_dag.py
[2024-05-06T18:58:00.546-0500] {logging_mixin.py:188} INFO - [2024-05-06T18:58:00.546-0500] {dag.py:3096} INFO - Sync 2 DAGs
[2024-05-06T18:58:00.553-0500] {logging_mixin.py:188} INFO - [2024-05-06T18:58:00.553-0500] {dag.py:3954} INFO - Setting next_dagrun for example_external_task_marker_child to None, run_after=None
[2024-05-06T18:58:00.556-0500] {logging_mixin.py:188} INFO - [2024-05-06T18:58:00.556-0500] {dag.py:3954} INFO - Setting next_dagrun for example_external_task_marker_parent to None, run_after=None
[2024-05-06T18:58:00.568-0500] {processor.py:183} INFO - Processing /Users/paulamedina/venv/lib/python3.12/site-packages/airflow/example_dags/example_external_task_marker_dag.py took 0.123 seconds
