[2024-05-06T18:11:00.649-0500] {processor.py:161} INFO - Started process (PID=7618) to work on /Users/paulamedina/venv/lib/python3.12/site-packages/airflow/example_dags/example_kubernetes_executor.py
[2024-05-06T18:11:00.650-0500] {processor.py:830} INFO - Processing file /Users/paulamedina/venv/lib/python3.12/site-packages/airflow/example_dags/example_kubernetes_executor.py for tasks to queue
[2024-05-06T18:11:00.651-0500] {logging_mixin.py:188} INFO - [2024-05-06T18:11:00.650-0500] {dagbag.py:540} INFO - Filling up the DagBag from /Users/paulamedina/venv/lib/python3.12/site-packages/airflow/example_dags/example_kubernetes_executor.py
[2024-05-06T18:11:00.692-0500] {logging_mixin.py:188} INFO - [2024-05-06T18:11:00.691-0500] {example_kubernetes_executor.py:39} WARNING - The example_kubernetes_executor example DAG requires the kubernetes provider. Please install it with: pip install apache-airflow[cncf.kubernetes]
[2024-05-06T18:11:00.692-0500] {processor.py:842} WARNING - No viable dags retrieved from /Users/paulamedina/venv/lib/python3.12/site-packages/airflow/example_dags/example_kubernetes_executor.py
[2024-05-06T18:11:00.763-0500] {processor.py:183} INFO - Processing /Users/paulamedina/venv/lib/python3.12/site-packages/airflow/example_dags/example_kubernetes_executor.py took 0.117 seconds
[2024-05-06T18:13:31.358-0500] {processor.py:161} INFO - Started process (PID=9725) to work on /Users/paulamedina/venv/lib/python3.12/site-packages/airflow/example_dags/example_kubernetes_executor.py
[2024-05-06T18:13:31.359-0500] {processor.py:830} INFO - Processing file /Users/paulamedina/venv/lib/python3.12/site-packages/airflow/example_dags/example_kubernetes_executor.py for tasks to queue
[2024-05-06T18:13:31.359-0500] {logging_mixin.py:188} INFO - [2024-05-06T18:13:31.359-0500] {dagbag.py:540} INFO - Filling up the DagBag from /Users/paulamedina/venv/lib/python3.12/site-packages/airflow/example_dags/example_kubernetes_executor.py
[2024-05-06T18:13:31.394-0500] {logging_mixin.py:188} INFO - [2024-05-06T18:13:31.394-0500] {example_kubernetes_executor.py:39} WARNING - The example_kubernetes_executor example DAG requires the kubernetes provider. Please install it with: pip install apache-airflow[cncf.kubernetes]
[2024-05-06T18:13:31.394-0500] {processor.py:842} WARNING - No viable dags retrieved from /Users/paulamedina/venv/lib/python3.12/site-packages/airflow/example_dags/example_kubernetes_executor.py
[2024-05-06T18:13:31.467-0500] {processor.py:183} INFO - Processing /Users/paulamedina/venv/lib/python3.12/site-packages/airflow/example_dags/example_kubernetes_executor.py took 0.112 seconds
[2024-05-06T18:17:22.547-0500] {processor.py:161} INFO - Started process (PID=12850) to work on /Users/paulamedina/venv/lib/python3.12/site-packages/airflow/example_dags/example_kubernetes_executor.py
[2024-05-06T18:17:22.548-0500] {processor.py:830} INFO - Processing file /Users/paulamedina/venv/lib/python3.12/site-packages/airflow/example_dags/example_kubernetes_executor.py for tasks to queue
[2024-05-06T18:17:22.549-0500] {logging_mixin.py:188} INFO - [2024-05-06T18:17:22.548-0500] {dagbag.py:540} INFO - Filling up the DagBag from /Users/paulamedina/venv/lib/python3.12/site-packages/airflow/example_dags/example_kubernetes_executor.py
[2024-05-06T18:17:22.585-0500] {logging_mixin.py:188} INFO - [2024-05-06T18:17:22.585-0500] {example_kubernetes_executor.py:39} WARNING - The example_kubernetes_executor example DAG requires the kubernetes provider. Please install it with: pip install apache-airflow[cncf.kubernetes]
[2024-05-06T18:17:22.585-0500] {processor.py:842} WARNING - No viable dags retrieved from /Users/paulamedina/venv/lib/python3.12/site-packages/airflow/example_dags/example_kubernetes_executor.py
[2024-05-06T18:17:22.661-0500] {processor.py:183} INFO - Processing /Users/paulamedina/venv/lib/python3.12/site-packages/airflow/example_dags/example_kubernetes_executor.py took 0.117 seconds
[2024-05-06T18:21:17.558-0500] {processor.py:161} INFO - Started process (PID=16000) to work on /Users/paulamedina/venv/lib/python3.12/site-packages/airflow/example_dags/example_kubernetes_executor.py
[2024-05-06T18:21:17.559-0500] {processor.py:830} INFO - Processing file /Users/paulamedina/venv/lib/python3.12/site-packages/airflow/example_dags/example_kubernetes_executor.py for tasks to queue
[2024-05-06T18:21:17.560-0500] {logging_mixin.py:188} INFO - [2024-05-06T18:21:17.560-0500] {dagbag.py:540} INFO - Filling up the DagBag from /Users/paulamedina/venv/lib/python3.12/site-packages/airflow/example_dags/example_kubernetes_executor.py
[2024-05-06T18:21:17.596-0500] {logging_mixin.py:188} INFO - [2024-05-06T18:21:17.596-0500] {example_kubernetes_executor.py:39} WARNING - The example_kubernetes_executor example DAG requires the kubernetes provider. Please install it with: pip install apache-airflow[cncf.kubernetes]
[2024-05-06T18:21:17.596-0500] {processor.py:842} WARNING - No viable dags retrieved from /Users/paulamedina/venv/lib/python3.12/site-packages/airflow/example_dags/example_kubernetes_executor.py
[2024-05-06T18:21:17.673-0500] {processor.py:183} INFO - Processing /Users/paulamedina/venv/lib/python3.12/site-packages/airflow/example_dags/example_kubernetes_executor.py took 0.117 seconds
[2024-05-06T18:25:27.280-0500] {processor.py:161} INFO - Started process (PID=18464) to work on /Users/paulamedina/venv/lib/python3.12/site-packages/airflow/example_dags/example_kubernetes_executor.py
[2024-05-06T18:25:27.282-0500] {processor.py:830} INFO - Processing file /Users/paulamedina/venv/lib/python3.12/site-packages/airflow/example_dags/example_kubernetes_executor.py for tasks to queue
[2024-05-06T18:25:27.283-0500] {logging_mixin.py:188} INFO - [2024-05-06T18:25:27.282-0500] {dagbag.py:540} INFO - Filling up the DagBag from /Users/paulamedina/venv/lib/python3.12/site-packages/airflow/example_dags/example_kubernetes_executor.py
[2024-05-06T18:25:27.323-0500] {logging_mixin.py:188} INFO - [2024-05-06T18:25:27.322-0500] {example_kubernetes_executor.py:39} WARNING - The example_kubernetes_executor example DAG requires the kubernetes provider. Please install it with: pip install apache-airflow[cncf.kubernetes]
[2024-05-06T18:25:27.323-0500] {processor.py:842} WARNING - No viable dags retrieved from /Users/paulamedina/venv/lib/python3.12/site-packages/airflow/example_dags/example_kubernetes_executor.py
[2024-05-06T18:25:27.409-0500] {processor.py:183} INFO - Processing /Users/paulamedina/venv/lib/python3.12/site-packages/airflow/example_dags/example_kubernetes_executor.py took 0.131 seconds
[2024-05-06T18:29:24.667-0500] {processor.py:161} INFO - Started process (PID=19318) to work on /Users/paulamedina/venv/lib/python3.12/site-packages/airflow/example_dags/example_kubernetes_executor.py
[2024-05-06T18:29:24.669-0500] {processor.py:830} INFO - Processing file /Users/paulamedina/venv/lib/python3.12/site-packages/airflow/example_dags/example_kubernetes_executor.py for tasks to queue
[2024-05-06T18:29:24.669-0500] {logging_mixin.py:188} INFO - [2024-05-06T18:29:24.669-0500] {dagbag.py:540} INFO - Filling up the DagBag from /Users/paulamedina/venv/lib/python3.12/site-packages/airflow/example_dags/example_kubernetes_executor.py
[2024-05-06T18:29:24.707-0500] {logging_mixin.py:188} INFO - [2024-05-06T18:29:24.707-0500] {example_kubernetes_executor.py:39} WARNING - The example_kubernetes_executor example DAG requires the kubernetes provider. Please install it with: pip install apache-airflow[cncf.kubernetes]
[2024-05-06T18:29:24.707-0500] {processor.py:842} WARNING - No viable dags retrieved from /Users/paulamedina/venv/lib/python3.12/site-packages/airflow/example_dags/example_kubernetes_executor.py
[2024-05-06T18:29:24.774-0500] {processor.py:183} INFO - Processing /Users/paulamedina/venv/lib/python3.12/site-packages/airflow/example_dags/example_kubernetes_executor.py took 0.110 seconds
[2024-05-06T18:33:37.119-0500] {processor.py:161} INFO - Started process (PID=20245) to work on /Users/paulamedina/venv/lib/python3.12/site-packages/airflow/example_dags/example_kubernetes_executor.py
[2024-05-06T18:33:37.121-0500] {processor.py:830} INFO - Processing file /Users/paulamedina/venv/lib/python3.12/site-packages/airflow/example_dags/example_kubernetes_executor.py for tasks to queue
[2024-05-06T18:33:37.122-0500] {logging_mixin.py:188} INFO - [2024-05-06T18:33:37.122-0500] {dagbag.py:540} INFO - Filling up the DagBag from /Users/paulamedina/venv/lib/python3.12/site-packages/airflow/example_dags/example_kubernetes_executor.py
[2024-05-06T18:33:37.161-0500] {logging_mixin.py:188} INFO - [2024-05-06T18:33:37.160-0500] {example_kubernetes_executor.py:39} WARNING - The example_kubernetes_executor example DAG requires the kubernetes provider. Please install it with: pip install apache-airflow[cncf.kubernetes]
[2024-05-06T18:33:37.161-0500] {processor.py:842} WARNING - No viable dags retrieved from /Users/paulamedina/venv/lib/python3.12/site-packages/airflow/example_dags/example_kubernetes_executor.py
[2024-05-06T18:33:37.229-0500] {processor.py:183} INFO - Processing /Users/paulamedina/venv/lib/python3.12/site-packages/airflow/example_dags/example_kubernetes_executor.py took 0.113 seconds
[2024-05-06T18:37:33.994-0500] {processor.py:161} INFO - Started process (PID=21087) to work on /Users/paulamedina/venv/lib/python3.12/site-packages/airflow/example_dags/example_kubernetes_executor.py
[2024-05-06T18:37:33.996-0500] {processor.py:830} INFO - Processing file /Users/paulamedina/venv/lib/python3.12/site-packages/airflow/example_dags/example_kubernetes_executor.py for tasks to queue
[2024-05-06T18:37:33.997-0500] {logging_mixin.py:188} INFO - [2024-05-06T18:37:33.997-0500] {dagbag.py:540} INFO - Filling up the DagBag from /Users/paulamedina/venv/lib/python3.12/site-packages/airflow/example_dags/example_kubernetes_executor.py
[2024-05-06T18:37:34.035-0500] {logging_mixin.py:188} INFO - [2024-05-06T18:37:34.034-0500] {example_kubernetes_executor.py:39} WARNING - The example_kubernetes_executor example DAG requires the kubernetes provider. Please install it with: pip install apache-airflow[cncf.kubernetes]
[2024-05-06T18:37:34.035-0500] {processor.py:842} WARNING - No viable dags retrieved from /Users/paulamedina/venv/lib/python3.12/site-packages/airflow/example_dags/example_kubernetes_executor.py
[2024-05-06T18:37:34.117-0500] {processor.py:183} INFO - Processing /Users/paulamedina/venv/lib/python3.12/site-packages/airflow/example_dags/example_kubernetes_executor.py took 0.125 seconds
[2024-05-06T18:41:24.642-0500] {processor.py:161} INFO - Started process (PID=21924) to work on /Users/paulamedina/venv/lib/python3.12/site-packages/airflow/example_dags/example_kubernetes_executor.py
[2024-05-06T18:41:24.654-0500] {processor.py:830} INFO - Processing file /Users/paulamedina/venv/lib/python3.12/site-packages/airflow/example_dags/example_kubernetes_executor.py for tasks to queue
[2024-05-06T18:41:24.655-0500] {logging_mixin.py:188} INFO - [2024-05-06T18:41:24.655-0500] {dagbag.py:540} INFO - Filling up the DagBag from /Users/paulamedina/venv/lib/python3.12/site-packages/airflow/example_dags/example_kubernetes_executor.py
[2024-05-06T18:41:24.696-0500] {logging_mixin.py:188} INFO - [2024-05-06T18:41:24.695-0500] {example_kubernetes_executor.py:39} WARNING - The example_kubernetes_executor example DAG requires the kubernetes provider. Please install it with: pip install apache-airflow[cncf.kubernetes]
[2024-05-06T18:41:24.696-0500] {processor.py:842} WARNING - No viable dags retrieved from /Users/paulamedina/venv/lib/python3.12/site-packages/airflow/example_dags/example_kubernetes_executor.py
[2024-05-06T18:41:24.781-0500] {processor.py:183} INFO - Processing /Users/paulamedina/venv/lib/python3.12/site-packages/airflow/example_dags/example_kubernetes_executor.py took 0.142 seconds
[2024-05-06T18:45:19.871-0500] {processor.py:161} INFO - Started process (PID=22852) to work on /Users/paulamedina/venv/lib/python3.12/site-packages/airflow/example_dags/example_kubernetes_executor.py
[2024-05-06T18:45:19.874-0500] {processor.py:830} INFO - Processing file /Users/paulamedina/venv/lib/python3.12/site-packages/airflow/example_dags/example_kubernetes_executor.py for tasks to queue
[2024-05-06T18:45:19.875-0500] {logging_mixin.py:188} INFO - [2024-05-06T18:45:19.874-0500] {dagbag.py:540} INFO - Filling up the DagBag from /Users/paulamedina/venv/lib/python3.12/site-packages/airflow/example_dags/example_kubernetes_executor.py
[2024-05-06T18:45:19.918-0500] {logging_mixin.py:188} INFO - [2024-05-06T18:45:19.917-0500] {example_kubernetes_executor.py:39} WARNING - The example_kubernetes_executor example DAG requires the kubernetes provider. Please install it with: pip install apache-airflow[cncf.kubernetes]
[2024-05-06T18:45:19.918-0500] {processor.py:842} WARNING - No viable dags retrieved from /Users/paulamedina/venv/lib/python3.12/site-packages/airflow/example_dags/example_kubernetes_executor.py
[2024-05-06T18:45:19.997-0500] {processor.py:183} INFO - Processing /Users/paulamedina/venv/lib/python3.12/site-packages/airflow/example_dags/example_kubernetes_executor.py took 0.129 seconds
[2024-05-06T18:49:35.237-0500] {processor.py:161} INFO - Started process (PID=23769) to work on /Users/paulamedina/venv/lib/python3.12/site-packages/airflow/example_dags/example_kubernetes_executor.py
[2024-05-06T18:49:35.239-0500] {processor.py:830} INFO - Processing file /Users/paulamedina/venv/lib/python3.12/site-packages/airflow/example_dags/example_kubernetes_executor.py for tasks to queue
[2024-05-06T18:49:35.239-0500] {logging_mixin.py:188} INFO - [2024-05-06T18:49:35.239-0500] {dagbag.py:540} INFO - Filling up the DagBag from /Users/paulamedina/venv/lib/python3.12/site-packages/airflow/example_dags/example_kubernetes_executor.py
[2024-05-06T18:49:35.275-0500] {logging_mixin.py:188} INFO - [2024-05-06T18:49:35.275-0500] {example_kubernetes_executor.py:39} WARNING - The example_kubernetes_executor example DAG requires the kubernetes provider. Please install it with: pip install apache-airflow[cncf.kubernetes]
[2024-05-06T18:49:35.275-0500] {processor.py:842} WARNING - No viable dags retrieved from /Users/paulamedina/venv/lib/python3.12/site-packages/airflow/example_dags/example_kubernetes_executor.py
[2024-05-06T18:49:35.353-0500] {processor.py:183} INFO - Processing /Users/paulamedina/venv/lib/python3.12/site-packages/airflow/example_dags/example_kubernetes_executor.py took 0.119 seconds
[2024-05-06T18:53:29.557-0500] {processor.py:161} INFO - Started process (PID=24597) to work on /Users/paulamedina/venv/lib/python3.12/site-packages/airflow/example_dags/example_kubernetes_executor.py
[2024-05-06T18:53:29.558-0500] {processor.py:830} INFO - Processing file /Users/paulamedina/venv/lib/python3.12/site-packages/airflow/example_dags/example_kubernetes_executor.py for tasks to queue
[2024-05-06T18:53:29.559-0500] {logging_mixin.py:188} INFO - [2024-05-06T18:53:29.559-0500] {dagbag.py:540} INFO - Filling up the DagBag from /Users/paulamedina/venv/lib/python3.12/site-packages/airflow/example_dags/example_kubernetes_executor.py
[2024-05-06T18:53:29.597-0500] {logging_mixin.py:188} INFO - [2024-05-06T18:53:29.596-0500] {example_kubernetes_executor.py:39} WARNING - The example_kubernetes_executor example DAG requires the kubernetes provider. Please install it with: pip install apache-airflow[cncf.kubernetes]
[2024-05-06T18:53:29.597-0500] {processor.py:842} WARNING - No viable dags retrieved from /Users/paulamedina/venv/lib/python3.12/site-packages/airflow/example_dags/example_kubernetes_executor.py
[2024-05-06T18:53:29.663-0500] {processor.py:183} INFO - Processing /Users/paulamedina/venv/lib/python3.12/site-packages/airflow/example_dags/example_kubernetes_executor.py took 0.108 seconds
[2024-05-06T18:57:57.534-0500] {processor.py:161} INFO - Started process (PID=25623) to work on /Users/paulamedina/venv/lib/python3.12/site-packages/airflow/example_dags/example_kubernetes_executor.py
[2024-05-06T18:57:57.536-0500] {processor.py:830} INFO - Processing file /Users/paulamedina/venv/lib/python3.12/site-packages/airflow/example_dags/example_kubernetes_executor.py for tasks to queue
[2024-05-06T18:57:57.537-0500] {logging_mixin.py:188} INFO - [2024-05-06T18:57:57.537-0500] {dagbag.py:540} INFO - Filling up the DagBag from /Users/paulamedina/venv/lib/python3.12/site-packages/airflow/example_dags/example_kubernetes_executor.py
[2024-05-06T18:57:57.579-0500] {logging_mixin.py:188} INFO - [2024-05-06T18:57:57.578-0500] {example_kubernetes_executor.py:39} WARNING - The example_kubernetes_executor example DAG requires the kubernetes provider. Please install it with: pip install apache-airflow[cncf.kubernetes]
[2024-05-06T18:57:57.579-0500] {processor.py:842} WARNING - No viable dags retrieved from /Users/paulamedina/venv/lib/python3.12/site-packages/airflow/example_dags/example_kubernetes_executor.py
[2024-05-06T18:57:57.676-0500] {processor.py:183} INFO - Processing /Users/paulamedina/venv/lib/python3.12/site-packages/airflow/example_dags/example_kubernetes_executor.py took 0.145 seconds
