[2024-05-06T18:09:55.525-0500] {processor.py:161} INFO - Started process (PID=6750) to work on /Users/paulamedina/venv/lib/python3.12/site-packages/airflow/example_dags/example_trigger_target_dag.py
[2024-05-06T18:09:55.526-0500] {processor.py:830} INFO - Processing file /Users/paulamedina/venv/lib/python3.12/site-packages/airflow/example_dags/example_trigger_target_dag.py for tasks to queue
[2024-05-06T18:09:55.527-0500] {logging_mixin.py:188} INFO - [2024-05-06T18:09:55.527-0500] {dagbag.py:540} INFO - Filling up the DagBag from /Users/paulamedina/venv/lib/python3.12/site-packages/airflow/example_dags/example_trigger_target_dag.py
[2024-05-06T18:09:55.562-0500] {processor.py:840} INFO - DAG(s) 'example_trigger_target_dag' retrieved from /Users/paulamedina/venv/lib/python3.12/site-packages/airflow/example_dags/example_trigger_target_dag.py
[2024-05-06T18:09:55.762-0500] {logging_mixin.py:188} INFO - [2024-05-06T18:09:55.762-0500] {dag.py:3096} INFO - Sync 1 DAGs
[2024-05-06T18:09:55.773-0500] {logging_mixin.py:188} INFO - [2024-05-06T18:09:55.773-0500] {dag.py:3954} INFO - Setting next_dagrun for example_trigger_target_dag to None, run_after=None
[2024-05-06T18:09:55.790-0500] {processor.py:183} INFO - Processing /Users/paulamedina/venv/lib/python3.12/site-packages/airflow/example_dags/example_trigger_target_dag.py took 0.268 seconds
[2024-05-06T18:12:22.617-0500] {processor.py:161} INFO - Started process (PID=8740) to work on /Users/paulamedina/venv/lib/python3.12/site-packages/airflow/example_dags/example_trigger_target_dag.py
[2024-05-06T18:12:22.618-0500] {processor.py:830} INFO - Processing file /Users/paulamedina/venv/lib/python3.12/site-packages/airflow/example_dags/example_trigger_target_dag.py for tasks to queue
[2024-05-06T18:12:22.619-0500] {logging_mixin.py:188} INFO - [2024-05-06T18:12:22.619-0500] {dagbag.py:540} INFO - Filling up the DagBag from /Users/paulamedina/venv/lib/python3.12/site-packages/airflow/example_dags/example_trigger_target_dag.py
[2024-05-06T18:12:22.659-0500] {processor.py:840} INFO - DAG(s) 'example_trigger_target_dag' retrieved from /Users/paulamedina/venv/lib/python3.12/site-packages/airflow/example_dags/example_trigger_target_dag.py
[2024-05-06T18:12:22.766-0500] {logging_mixin.py:188} INFO - [2024-05-06T18:12:22.766-0500] {dag.py:3096} INFO - Sync 1 DAGs
[2024-05-06T18:12:22.775-0500] {logging_mixin.py:188} INFO - [2024-05-06T18:12:22.775-0500] {dag.py:3954} INFO - Setting next_dagrun for example_trigger_target_dag to None, run_after=None
[2024-05-06T18:12:22.793-0500] {processor.py:183} INFO - Processing /Users/paulamedina/venv/lib/python3.12/site-packages/airflow/example_dags/example_trigger_target_dag.py took 0.179 seconds
[2024-05-06T18:14:20.914-0500] {processor.py:161} INFO - Started process (PID=10313) to work on /Users/paulamedina/venv/lib/python3.12/site-packages/airflow/example_dags/example_trigger_target_dag.py
[2024-05-06T18:14:20.915-0500] {processor.py:830} INFO - Processing file /Users/paulamedina/venv/lib/python3.12/site-packages/airflow/example_dags/example_trigger_target_dag.py for tasks to queue
[2024-05-06T18:14:20.916-0500] {logging_mixin.py:188} INFO - [2024-05-06T18:14:20.915-0500] {dagbag.py:540} INFO - Filling up the DagBag from /Users/paulamedina/venv/lib/python3.12/site-packages/airflow/example_dags/example_trigger_target_dag.py
[2024-05-06T18:14:20.954-0500] {processor.py:840} INFO - DAG(s) 'example_trigger_target_dag' retrieved from /Users/paulamedina/venv/lib/python3.12/site-packages/airflow/example_dags/example_trigger_target_dag.py
[2024-05-06T18:14:21.052-0500] {logging_mixin.py:188} INFO - [2024-05-06T18:14:21.052-0500] {dag.py:3096} INFO - Sync 1 DAGs
[2024-05-06T18:14:21.061-0500] {logging_mixin.py:188} INFO - [2024-05-06T18:14:21.060-0500] {dag.py:3954} INFO - Setting next_dagrun for example_trigger_target_dag to None, run_after=None
[2024-05-06T18:14:21.078-0500] {processor.py:183} INFO - Processing /Users/paulamedina/venv/lib/python3.12/site-packages/airflow/example_dags/example_trigger_target_dag.py took 0.166 seconds
[2024-05-06T18:16:17.737-0500] {processor.py:161} INFO - Started process (PID=11894) to work on /Users/paulamedina/venv/lib/python3.12/site-packages/airflow/example_dags/example_trigger_target_dag.py
[2024-05-06T18:16:17.738-0500] {processor.py:830} INFO - Processing file /Users/paulamedina/venv/lib/python3.12/site-packages/airflow/example_dags/example_trigger_target_dag.py for tasks to queue
[2024-05-06T18:16:17.739-0500] {logging_mixin.py:188} INFO - [2024-05-06T18:16:17.739-0500] {dagbag.py:540} INFO - Filling up the DagBag from /Users/paulamedina/venv/lib/python3.12/site-packages/airflow/example_dags/example_trigger_target_dag.py
[2024-05-06T18:16:17.785-0500] {processor.py:840} INFO - DAG(s) 'example_trigger_target_dag' retrieved from /Users/paulamedina/venv/lib/python3.12/site-packages/airflow/example_dags/example_trigger_target_dag.py
[2024-05-06T18:16:17.896-0500] {logging_mixin.py:188} INFO - [2024-05-06T18:16:17.895-0500] {dag.py:3096} INFO - Sync 1 DAGs
[2024-05-06T18:16:17.906-0500] {logging_mixin.py:188} INFO - [2024-05-06T18:16:17.905-0500] {dag.py:3954} INFO - Setting next_dagrun for example_trigger_target_dag to None, run_after=None
[2024-05-06T18:16:17.931-0500] {processor.py:183} INFO - Processing /Users/paulamedina/venv/lib/python3.12/site-packages/airflow/example_dags/example_trigger_target_dag.py took 0.197 seconds
[2024-05-06T18:18:11.698-0500] {processor.py:161} INFO - Started process (PID=13458) to work on /Users/paulamedina/venv/lib/python3.12/site-packages/airflow/example_dags/example_trigger_target_dag.py
[2024-05-06T18:18:11.699-0500] {processor.py:830} INFO - Processing file /Users/paulamedina/venv/lib/python3.12/site-packages/airflow/example_dags/example_trigger_target_dag.py for tasks to queue
[2024-05-06T18:18:11.699-0500] {logging_mixin.py:188} INFO - [2024-05-06T18:18:11.699-0500] {dagbag.py:540} INFO - Filling up the DagBag from /Users/paulamedina/venv/lib/python3.12/site-packages/airflow/example_dags/example_trigger_target_dag.py
[2024-05-06T18:18:11.740-0500] {processor.py:840} INFO - DAG(s) 'example_trigger_target_dag' retrieved from /Users/paulamedina/venv/lib/python3.12/site-packages/airflow/example_dags/example_trigger_target_dag.py
[2024-05-06T18:18:11.834-0500] {logging_mixin.py:188} INFO - [2024-05-06T18:18:11.834-0500] {dag.py:3096} INFO - Sync 1 DAGs
[2024-05-06T18:18:11.843-0500] {logging_mixin.py:188} INFO - [2024-05-06T18:18:11.843-0500] {dag.py:3954} INFO - Setting next_dagrun for example_trigger_target_dag to None, run_after=None
[2024-05-06T18:18:11.860-0500] {processor.py:183} INFO - Processing /Users/paulamedina/venv/lib/python3.12/site-packages/airflow/example_dags/example_trigger_target_dag.py took 0.165 seconds
[2024-05-06T18:20:11.609-0500] {processor.py:161} INFO - Started process (PID=15138) to work on /Users/paulamedina/venv/lib/python3.12/site-packages/airflow/example_dags/example_trigger_target_dag.py
[2024-05-06T18:20:11.610-0500] {processor.py:830} INFO - Processing file /Users/paulamedina/venv/lib/python3.12/site-packages/airflow/example_dags/example_trigger_target_dag.py for tasks to queue
[2024-05-06T18:20:11.611-0500] {logging_mixin.py:188} INFO - [2024-05-06T18:20:11.611-0500] {dagbag.py:540} INFO - Filling up the DagBag from /Users/paulamedina/venv/lib/python3.12/site-packages/airflow/example_dags/example_trigger_target_dag.py
[2024-05-06T18:20:11.650-0500] {processor.py:840} INFO - DAG(s) 'example_trigger_target_dag' retrieved from /Users/paulamedina/venv/lib/python3.12/site-packages/airflow/example_dags/example_trigger_target_dag.py
[2024-05-06T18:20:11.745-0500] {logging_mixin.py:188} INFO - [2024-05-06T18:20:11.745-0500] {dag.py:3096} INFO - Sync 1 DAGs
[2024-05-06T18:20:11.754-0500] {logging_mixin.py:188} INFO - [2024-05-06T18:20:11.754-0500] {dag.py:3954} INFO - Setting next_dagrun for example_trigger_target_dag to None, run_after=None
[2024-05-06T18:20:11.770-0500] {processor.py:183} INFO - Processing /Users/paulamedina/venv/lib/python3.12/site-packages/airflow/example_dags/example_trigger_target_dag.py took 0.163 seconds
[2024-05-06T18:22:23.009-0500] {processor.py:161} INFO - Started process (PID=16950) to work on /Users/paulamedina/venv/lib/python3.12/site-packages/airflow/example_dags/example_trigger_target_dag.py
[2024-05-06T18:22:23.010-0500] {processor.py:830} INFO - Processing file /Users/paulamedina/venv/lib/python3.12/site-packages/airflow/example_dags/example_trigger_target_dag.py for tasks to queue
[2024-05-06T18:22:23.011-0500] {logging_mixin.py:188} INFO - [2024-05-06T18:22:23.011-0500] {dagbag.py:540} INFO - Filling up the DagBag from /Users/paulamedina/venv/lib/python3.12/site-packages/airflow/example_dags/example_trigger_target_dag.py
[2024-05-06T18:22:23.063-0500] {processor.py:840} INFO - DAG(s) 'example_trigger_target_dag' retrieved from /Users/paulamedina/venv/lib/python3.12/site-packages/airflow/example_dags/example_trigger_target_dag.py
[2024-05-06T18:22:23.199-0500] {logging_mixin.py:188} INFO - [2024-05-06T18:22:23.198-0500] {dag.py:3096} INFO - Sync 1 DAGs
[2024-05-06T18:22:23.211-0500] {logging_mixin.py:188} INFO - [2024-05-06T18:22:23.211-0500] {dag.py:3954} INFO - Setting next_dagrun for example_trigger_target_dag to None, run_after=None
[2024-05-06T18:22:23.234-0500] {processor.py:183} INFO - Processing /Users/paulamedina/venv/lib/python3.12/site-packages/airflow/example_dags/example_trigger_target_dag.py took 0.228 seconds
[2024-05-06T18:24:28.572-0500] {processor.py:161} INFO - Started process (PID=18256) to work on /Users/paulamedina/venv/lib/python3.12/site-packages/airflow/example_dags/example_trigger_target_dag.py
[2024-05-06T18:24:28.574-0500] {processor.py:830} INFO - Processing file /Users/paulamedina/venv/lib/python3.12/site-packages/airflow/example_dags/example_trigger_target_dag.py for tasks to queue
[2024-05-06T18:24:28.575-0500] {logging_mixin.py:188} INFO - [2024-05-06T18:24:28.575-0500] {dagbag.py:540} INFO - Filling up the DagBag from /Users/paulamedina/venv/lib/python3.12/site-packages/airflow/example_dags/example_trigger_target_dag.py
[2024-05-06T18:24:28.611-0500] {processor.py:840} INFO - DAG(s) 'example_trigger_target_dag' retrieved from /Users/paulamedina/venv/lib/python3.12/site-packages/airflow/example_dags/example_trigger_target_dag.py
[2024-05-06T18:24:28.700-0500] {logging_mixin.py:188} INFO - [2024-05-06T18:24:28.699-0500] {dag.py:3096} INFO - Sync 1 DAGs
[2024-05-06T18:24:28.706-0500] {logging_mixin.py:188} INFO - [2024-05-06T18:24:28.706-0500] {dag.py:3954} INFO - Setting next_dagrun for example_trigger_target_dag to None, run_after=None
[2024-05-06T18:24:28.720-0500] {processor.py:183} INFO - Processing /Users/paulamedina/venv/lib/python3.12/site-packages/airflow/example_dags/example_trigger_target_dag.py took 0.150 seconds
[2024-05-06T18:26:22.721-0500] {processor.py:161} INFO - Started process (PID=18664) to work on /Users/paulamedina/venv/lib/python3.12/site-packages/airflow/example_dags/example_trigger_target_dag.py
[2024-05-06T18:26:22.722-0500] {processor.py:830} INFO - Processing file /Users/paulamedina/venv/lib/python3.12/site-packages/airflow/example_dags/example_trigger_target_dag.py for tasks to queue
[2024-05-06T18:26:22.722-0500] {logging_mixin.py:188} INFO - [2024-05-06T18:26:22.722-0500] {dagbag.py:540} INFO - Filling up the DagBag from /Users/paulamedina/venv/lib/python3.12/site-packages/airflow/example_dags/example_trigger_target_dag.py
[2024-05-06T18:26:22.766-0500] {processor.py:840} INFO - DAG(s) 'example_trigger_target_dag' retrieved from /Users/paulamedina/venv/lib/python3.12/site-packages/airflow/example_dags/example_trigger_target_dag.py
[2024-05-06T18:26:22.864-0500] {logging_mixin.py:188} INFO - [2024-05-06T18:26:22.863-0500] {dag.py:3096} INFO - Sync 1 DAGs
[2024-05-06T18:26:22.872-0500] {logging_mixin.py:188} INFO - [2024-05-06T18:26:22.871-0500] {dag.py:3954} INFO - Setting next_dagrun for example_trigger_target_dag to None, run_after=None
[2024-05-06T18:26:22.888-0500] {processor.py:183} INFO - Processing /Users/paulamedina/venv/lib/python3.12/site-packages/airflow/example_dags/example_trigger_target_dag.py took 0.171 seconds
[2024-05-06T18:28:22.268-0500] {processor.py:161} INFO - Started process (PID=19095) to work on /Users/paulamedina/venv/lib/python3.12/site-packages/airflow/example_dags/example_trigger_target_dag.py
[2024-05-06T18:28:22.269-0500] {processor.py:830} INFO - Processing file /Users/paulamedina/venv/lib/python3.12/site-packages/airflow/example_dags/example_trigger_target_dag.py for tasks to queue
[2024-05-06T18:28:22.269-0500] {logging_mixin.py:188} INFO - [2024-05-06T18:28:22.269-0500] {dagbag.py:540} INFO - Filling up the DagBag from /Users/paulamedina/venv/lib/python3.12/site-packages/airflow/example_dags/example_trigger_target_dag.py
[2024-05-06T18:28:22.314-0500] {processor.py:840} INFO - DAG(s) 'example_trigger_target_dag' retrieved from /Users/paulamedina/venv/lib/python3.12/site-packages/airflow/example_dags/example_trigger_target_dag.py
[2024-05-06T18:28:22.412-0500] {logging_mixin.py:188} INFO - [2024-05-06T18:28:22.411-0500] {dag.py:3096} INFO - Sync 1 DAGs
[2024-05-06T18:28:22.421-0500] {logging_mixin.py:188} INFO - [2024-05-06T18:28:22.421-0500] {dag.py:3954} INFO - Setting next_dagrun for example_trigger_target_dag to None, run_after=None
[2024-05-06T18:28:22.439-0500] {processor.py:183} INFO - Processing /Users/paulamedina/venv/lib/python3.12/site-packages/airflow/example_dags/example_trigger_target_dag.py took 0.174 seconds
[2024-05-06T18:30:27.973-0500] {processor.py:161} INFO - Started process (PID=19551) to work on /Users/paulamedina/venv/lib/python3.12/site-packages/airflow/example_dags/example_trigger_target_dag.py
[2024-05-06T18:30:27.974-0500] {processor.py:830} INFO - Processing file /Users/paulamedina/venv/lib/python3.12/site-packages/airflow/example_dags/example_trigger_target_dag.py for tasks to queue
[2024-05-06T18:30:27.975-0500] {logging_mixin.py:188} INFO - [2024-05-06T18:30:27.975-0500] {dagbag.py:540} INFO - Filling up the DagBag from /Users/paulamedina/venv/lib/python3.12/site-packages/airflow/example_dags/example_trigger_target_dag.py
[2024-05-06T18:30:28.054-0500] {processor.py:840} INFO - DAG(s) 'example_trigger_target_dag' retrieved from /Users/paulamedina/venv/lib/python3.12/site-packages/airflow/example_dags/example_trigger_target_dag.py
[2024-05-06T18:30:28.222-0500] {logging_mixin.py:188} INFO - [2024-05-06T18:30:28.221-0500] {dag.py:3096} INFO - Sync 1 DAGs
[2024-05-06T18:30:28.241-0500] {logging_mixin.py:188} INFO - [2024-05-06T18:30:28.241-0500] {dag.py:3954} INFO - Setting next_dagrun for example_trigger_target_dag to None, run_after=None
[2024-05-06T18:30:28.270-0500] {processor.py:183} INFO - Processing /Users/paulamedina/venv/lib/python3.12/site-packages/airflow/example_dags/example_trigger_target_dag.py took 0.302 seconds
[2024-05-06T18:32:35.789-0500] {processor.py:161} INFO - Started process (PID=20021) to work on /Users/paulamedina/venv/lib/python3.12/site-packages/airflow/example_dags/example_trigger_target_dag.py
[2024-05-06T18:32:35.791-0500] {processor.py:830} INFO - Processing file /Users/paulamedina/venv/lib/python3.12/site-packages/airflow/example_dags/example_trigger_target_dag.py for tasks to queue
[2024-05-06T18:32:35.792-0500] {logging_mixin.py:188} INFO - [2024-05-06T18:32:35.792-0500] {dagbag.py:540} INFO - Filling up the DagBag from /Users/paulamedina/venv/lib/python3.12/site-packages/airflow/example_dags/example_trigger_target_dag.py
[2024-05-06T18:32:35.845-0500] {processor.py:840} INFO - DAG(s) 'example_trigger_target_dag' retrieved from /Users/paulamedina/venv/lib/python3.12/site-packages/airflow/example_dags/example_trigger_target_dag.py
[2024-05-06T18:32:35.977-0500] {logging_mixin.py:188} INFO - [2024-05-06T18:32:35.977-0500] {dag.py:3096} INFO - Sync 1 DAGs
[2024-05-06T18:32:35.989-0500] {logging_mixin.py:188} INFO - [2024-05-06T18:32:35.989-0500] {dag.py:3954} INFO - Setting next_dagrun for example_trigger_target_dag to None, run_after=None
[2024-05-06T18:32:36.013-0500] {processor.py:183} INFO - Processing /Users/paulamedina/venv/lib/python3.12/site-packages/airflow/example_dags/example_trigger_target_dag.py took 0.227 seconds
[2024-05-06T18:34:33.781-0500] {processor.py:161} INFO - Started process (PID=20446) to work on /Users/paulamedina/venv/lib/python3.12/site-packages/airflow/example_dags/example_trigger_target_dag.py
[2024-05-06T18:34:33.782-0500] {processor.py:830} INFO - Processing file /Users/paulamedina/venv/lib/python3.12/site-packages/airflow/example_dags/example_trigger_target_dag.py for tasks to queue
[2024-05-06T18:34:33.783-0500] {logging_mixin.py:188} INFO - [2024-05-06T18:34:33.783-0500] {dagbag.py:540} INFO - Filling up the DagBag from /Users/paulamedina/venv/lib/python3.12/site-packages/airflow/example_dags/example_trigger_target_dag.py
[2024-05-06T18:34:33.823-0500] {processor.py:840} INFO - DAG(s) 'example_trigger_target_dag' retrieved from /Users/paulamedina/venv/lib/python3.12/site-packages/airflow/example_dags/example_trigger_target_dag.py
[2024-05-06T18:34:33.918-0500] {logging_mixin.py:188} INFO - [2024-05-06T18:34:33.918-0500] {dag.py:3096} INFO - Sync 1 DAGs
[2024-05-06T18:34:33.928-0500] {logging_mixin.py:188} INFO - [2024-05-06T18:34:33.927-0500] {dag.py:3954} INFO - Setting next_dagrun for example_trigger_target_dag to None, run_after=None
[2024-05-06T18:34:33.945-0500] {processor.py:183} INFO - Processing /Users/paulamedina/venv/lib/python3.12/site-packages/airflow/example_dags/example_trigger_target_dag.py took 0.167 seconds
[2024-05-06T18:36:30.885-0500] {processor.py:161} INFO - Started process (PID=20862) to work on /Users/paulamedina/venv/lib/python3.12/site-packages/airflow/example_dags/example_trigger_target_dag.py
[2024-05-06T18:36:30.887-0500] {processor.py:830} INFO - Processing file /Users/paulamedina/venv/lib/python3.12/site-packages/airflow/example_dags/example_trigger_target_dag.py for tasks to queue
[2024-05-06T18:36:30.888-0500] {logging_mixin.py:188} INFO - [2024-05-06T18:36:30.888-0500] {dagbag.py:540} INFO - Filling up the DagBag from /Users/paulamedina/venv/lib/python3.12/site-packages/airflow/example_dags/example_trigger_target_dag.py
[2024-05-06T18:36:30.935-0500] {processor.py:840} INFO - DAG(s) 'example_trigger_target_dag' retrieved from /Users/paulamedina/venv/lib/python3.12/site-packages/airflow/example_dags/example_trigger_target_dag.py
[2024-05-06T18:36:31.036-0500] {logging_mixin.py:188} INFO - [2024-05-06T18:36:31.035-0500] {dag.py:3096} INFO - Sync 1 DAGs
[2024-05-06T18:36:31.045-0500] {logging_mixin.py:188} INFO - [2024-05-06T18:36:31.045-0500] {dag.py:3954} INFO - Setting next_dagrun for example_trigger_target_dag to None, run_after=None
[2024-05-06T18:36:31.064-0500] {processor.py:183} INFO - Processing /Users/paulamedina/venv/lib/python3.12/site-packages/airflow/example_dags/example_trigger_target_dag.py took 0.182 seconds
[2024-05-06T18:38:30.544-0500] {processor.py:161} INFO - Started process (PID=21294) to work on /Users/paulamedina/venv/lib/python3.12/site-packages/airflow/example_dags/example_trigger_target_dag.py
[2024-05-06T18:38:30.545-0500] {processor.py:830} INFO - Processing file /Users/paulamedina/venv/lib/python3.12/site-packages/airflow/example_dags/example_trigger_target_dag.py for tasks to queue
[2024-05-06T18:38:30.546-0500] {logging_mixin.py:188} INFO - [2024-05-06T18:38:30.545-0500] {dagbag.py:540} INFO - Filling up the DagBag from /Users/paulamedina/venv/lib/python3.12/site-packages/airflow/example_dags/example_trigger_target_dag.py
[2024-05-06T18:38:30.590-0500] {processor.py:840} INFO - DAG(s) 'example_trigger_target_dag' retrieved from /Users/paulamedina/venv/lib/python3.12/site-packages/airflow/example_dags/example_trigger_target_dag.py
[2024-05-06T18:38:30.680-0500] {logging_mixin.py:188} INFO - [2024-05-06T18:38:30.680-0500] {dag.py:3096} INFO - Sync 1 DAGs
[2024-05-06T18:38:30.688-0500] {logging_mixin.py:188} INFO - [2024-05-06T18:38:30.688-0500] {dag.py:3954} INFO - Setting next_dagrun for example_trigger_target_dag to None, run_after=None
[2024-05-06T18:38:30.704-0500] {processor.py:183} INFO - Processing /Users/paulamedina/venv/lib/python3.12/site-packages/airflow/example_dags/example_trigger_target_dag.py took 0.163 seconds
[2024-05-06T18:40:26.376-0500] {processor.py:161} INFO - Started process (PID=21712) to work on /Users/paulamedina/venv/lib/python3.12/site-packages/airflow/example_dags/example_trigger_target_dag.py
[2024-05-06T18:40:26.378-0500] {processor.py:830} INFO - Processing file /Users/paulamedina/venv/lib/python3.12/site-packages/airflow/example_dags/example_trigger_target_dag.py for tasks to queue
[2024-05-06T18:40:26.379-0500] {logging_mixin.py:188} INFO - [2024-05-06T18:40:26.379-0500] {dagbag.py:540} INFO - Filling up the DagBag from /Users/paulamedina/venv/lib/python3.12/site-packages/airflow/example_dags/example_trigger_target_dag.py
[2024-05-06T18:40:26.416-0500] {processor.py:840} INFO - DAG(s) 'example_trigger_target_dag' retrieved from /Users/paulamedina/venv/lib/python3.12/site-packages/airflow/example_dags/example_trigger_target_dag.py
[2024-05-06T18:40:26.507-0500] {logging_mixin.py:188} INFO - [2024-05-06T18:40:26.507-0500] {dag.py:3096} INFO - Sync 1 DAGs
[2024-05-06T18:40:26.515-0500] {logging_mixin.py:188} INFO - [2024-05-06T18:40:26.515-0500] {dag.py:3954} INFO - Setting next_dagrun for example_trigger_target_dag to None, run_after=None
[2024-05-06T18:40:26.531-0500] {processor.py:183} INFO - Processing /Users/paulamedina/venv/lib/python3.12/site-packages/airflow/example_dags/example_trigger_target_dag.py took 0.157 seconds
[2024-05-06T18:42:22.097-0500] {processor.py:161} INFO - Started process (PID=22217) to work on /Users/paulamedina/venv/lib/python3.12/site-packages/airflow/example_dags/example_trigger_target_dag.py
[2024-05-06T18:42:22.099-0500] {processor.py:830} INFO - Processing file /Users/paulamedina/venv/lib/python3.12/site-packages/airflow/example_dags/example_trigger_target_dag.py for tasks to queue
[2024-05-06T18:42:22.099-0500] {logging_mixin.py:188} INFO - [2024-05-06T18:42:22.099-0500] {dagbag.py:540} INFO - Filling up the DagBag from /Users/paulamedina/venv/lib/python3.12/site-packages/airflow/example_dags/example_trigger_target_dag.py
[2024-05-06T18:42:22.137-0500] {processor.py:840} INFO - DAG(s) 'example_trigger_target_dag' retrieved from /Users/paulamedina/venv/lib/python3.12/site-packages/airflow/example_dags/example_trigger_target_dag.py
[2024-05-06T18:42:22.228-0500] {logging_mixin.py:188} INFO - [2024-05-06T18:42:22.228-0500] {dag.py:3096} INFO - Sync 1 DAGs
[2024-05-06T18:42:22.237-0500] {logging_mixin.py:188} INFO - [2024-05-06T18:42:22.237-0500] {dag.py:3954} INFO - Setting next_dagrun for example_trigger_target_dag to None, run_after=None
[2024-05-06T18:42:22.253-0500] {processor.py:183} INFO - Processing /Users/paulamedina/venv/lib/python3.12/site-packages/airflow/example_dags/example_trigger_target_dag.py took 0.158 seconds
[2024-05-06T18:44:21.696-0500] {processor.py:161} INFO - Started process (PID=22645) to work on /Users/paulamedina/venv/lib/python3.12/site-packages/airflow/example_dags/example_trigger_target_dag.py
[2024-05-06T18:44:21.698-0500] {processor.py:830} INFO - Processing file /Users/paulamedina/venv/lib/python3.12/site-packages/airflow/example_dags/example_trigger_target_dag.py for tasks to queue
[2024-05-06T18:44:21.698-0500] {logging_mixin.py:188} INFO - [2024-05-06T18:44:21.698-0500] {dagbag.py:540} INFO - Filling up the DagBag from /Users/paulamedina/venv/lib/python3.12/site-packages/airflow/example_dags/example_trigger_target_dag.py
[2024-05-06T18:44:21.736-0500] {processor.py:840} INFO - DAG(s) 'example_trigger_target_dag' retrieved from /Users/paulamedina/venv/lib/python3.12/site-packages/airflow/example_dags/example_trigger_target_dag.py
[2024-05-06T18:44:21.830-0500] {logging_mixin.py:188} INFO - [2024-05-06T18:44:21.830-0500] {dag.py:3096} INFO - Sync 1 DAGs
[2024-05-06T18:44:21.838-0500] {logging_mixin.py:188} INFO - [2024-05-06T18:44:21.838-0500] {dag.py:3954} INFO - Setting next_dagrun for example_trigger_target_dag to None, run_after=None
[2024-05-06T18:44:21.855-0500] {processor.py:183} INFO - Processing /Users/paulamedina/venv/lib/python3.12/site-packages/airflow/example_dags/example_trigger_target_dag.py took 0.161 seconds
[2024-05-06T18:46:22.227-0500] {processor.py:161} INFO - Started process (PID=23078) to work on /Users/paulamedina/venv/lib/python3.12/site-packages/airflow/example_dags/example_trigger_target_dag.py
[2024-05-06T18:46:22.229-0500] {processor.py:830} INFO - Processing file /Users/paulamedina/venv/lib/python3.12/site-packages/airflow/example_dags/example_trigger_target_dag.py for tasks to queue
[2024-05-06T18:46:22.230-0500] {logging_mixin.py:188} INFO - [2024-05-06T18:46:22.230-0500] {dagbag.py:540} INFO - Filling up the DagBag from /Users/paulamedina/venv/lib/python3.12/site-packages/airflow/example_dags/example_trigger_target_dag.py
[2024-05-06T18:46:22.273-0500] {processor.py:840} INFO - DAG(s) 'example_trigger_target_dag' retrieved from /Users/paulamedina/venv/lib/python3.12/site-packages/airflow/example_dags/example_trigger_target_dag.py
[2024-05-06T18:46:22.402-0500] {logging_mixin.py:188} INFO - [2024-05-06T18:46:22.402-0500] {dag.py:3096} INFO - Sync 1 DAGs
[2024-05-06T18:46:22.415-0500] {logging_mixin.py:188} INFO - [2024-05-06T18:46:22.415-0500] {dag.py:3954} INFO - Setting next_dagrun for example_trigger_target_dag to None, run_after=None
[2024-05-06T18:46:22.446-0500] {processor.py:183} INFO - Processing /Users/paulamedina/venv/lib/python3.12/site-packages/airflow/example_dags/example_trigger_target_dag.py took 0.222 seconds
[2024-05-06T18:48:26.054-0500] {processor.py:161} INFO - Started process (PID=23517) to work on /Users/paulamedina/venv/lib/python3.12/site-packages/airflow/example_dags/example_trigger_target_dag.py
[2024-05-06T18:48:26.056-0500] {processor.py:830} INFO - Processing file /Users/paulamedina/venv/lib/python3.12/site-packages/airflow/example_dags/example_trigger_target_dag.py for tasks to queue
[2024-05-06T18:48:26.057-0500] {logging_mixin.py:188} INFO - [2024-05-06T18:48:26.056-0500] {dagbag.py:540} INFO - Filling up the DagBag from /Users/paulamedina/venv/lib/python3.12/site-packages/airflow/example_dags/example_trigger_target_dag.py
[2024-05-06T18:48:26.105-0500] {processor.py:840} INFO - DAG(s) 'example_trigger_target_dag' retrieved from /Users/paulamedina/venv/lib/python3.12/site-packages/airflow/example_dags/example_trigger_target_dag.py
[2024-05-06T18:48:26.216-0500] {logging_mixin.py:188} INFO - [2024-05-06T18:48:26.216-0500] {dag.py:3096} INFO - Sync 1 DAGs
[2024-05-06T18:48:26.228-0500] {logging_mixin.py:188} INFO - [2024-05-06T18:48:26.228-0500] {dag.py:3954} INFO - Setting next_dagrun for example_trigger_target_dag to None, run_after=None
[2024-05-06T18:48:26.250-0500] {processor.py:183} INFO - Processing /Users/paulamedina/venv/lib/python3.12/site-packages/airflow/example_dags/example_trigger_target_dag.py took 0.199 seconds
[2024-05-06T18:50:32.999-0500] {processor.py:161} INFO - Started process (PID=23965) to work on /Users/paulamedina/venv/lib/python3.12/site-packages/airflow/example_dags/example_trigger_target_dag.py
[2024-05-06T18:50:33.000-0500] {processor.py:830} INFO - Processing file /Users/paulamedina/venv/lib/python3.12/site-packages/airflow/example_dags/example_trigger_target_dag.py for tasks to queue
[2024-05-06T18:50:33.000-0500] {logging_mixin.py:188} INFO - [2024-05-06T18:50:33.000-0500] {dagbag.py:540} INFO - Filling up the DagBag from /Users/paulamedina/venv/lib/python3.12/site-packages/airflow/example_dags/example_trigger_target_dag.py
[2024-05-06T18:50:33.042-0500] {processor.py:840} INFO - DAG(s) 'example_trigger_target_dag' retrieved from /Users/paulamedina/venv/lib/python3.12/site-packages/airflow/example_dags/example_trigger_target_dag.py
[2024-05-06T18:50:33.137-0500] {logging_mixin.py:188} INFO - [2024-05-06T18:50:33.137-0500] {dag.py:3096} INFO - Sync 1 DAGs
[2024-05-06T18:50:33.146-0500] {logging_mixin.py:188} INFO - [2024-05-06T18:50:33.146-0500] {dag.py:3954} INFO - Setting next_dagrun for example_trigger_target_dag to None, run_after=None
[2024-05-06T18:50:33.162-0500] {processor.py:183} INFO - Processing /Users/paulamedina/venv/lib/python3.12/site-packages/airflow/example_dags/example_trigger_target_dag.py took 0.167 seconds
[2024-05-06T18:52:30.347-0500] {processor.py:161} INFO - Started process (PID=24391) to work on /Users/paulamedina/venv/lib/python3.12/site-packages/airflow/example_dags/example_trigger_target_dag.py
[2024-05-06T18:52:30.348-0500] {processor.py:830} INFO - Processing file /Users/paulamedina/venv/lib/python3.12/site-packages/airflow/example_dags/example_trigger_target_dag.py for tasks to queue
[2024-05-06T18:52:30.350-0500] {logging_mixin.py:188} INFO - [2024-05-06T18:52:30.349-0500] {dagbag.py:540} INFO - Filling up the DagBag from /Users/paulamedina/venv/lib/python3.12/site-packages/airflow/example_dags/example_trigger_target_dag.py
[2024-05-06T18:52:30.391-0500] {processor.py:840} INFO - DAG(s) 'example_trigger_target_dag' retrieved from /Users/paulamedina/venv/lib/python3.12/site-packages/airflow/example_dags/example_trigger_target_dag.py
[2024-05-06T18:52:30.508-0500] {logging_mixin.py:188} INFO - [2024-05-06T18:52:30.508-0500] {dag.py:3096} INFO - Sync 1 DAGs
[2024-05-06T18:52:30.519-0500] {logging_mixin.py:188} INFO - [2024-05-06T18:52:30.519-0500] {dag.py:3954} INFO - Setting next_dagrun for example_trigger_target_dag to None, run_after=None
[2024-05-06T18:52:30.540-0500] {processor.py:183} INFO - Processing /Users/paulamedina/venv/lib/python3.12/site-packages/airflow/example_dags/example_trigger_target_dag.py took 0.195 seconds
[2024-05-06T18:54:26.421-0500] {processor.py:161} INFO - Started process (PID=24806) to work on /Users/paulamedina/venv/lib/python3.12/site-packages/airflow/example_dags/example_trigger_target_dag.py
[2024-05-06T18:54:26.422-0500] {processor.py:830} INFO - Processing file /Users/paulamedina/venv/lib/python3.12/site-packages/airflow/example_dags/example_trigger_target_dag.py for tasks to queue
[2024-05-06T18:54:26.422-0500] {logging_mixin.py:188} INFO - [2024-05-06T18:54:26.422-0500] {dagbag.py:540} INFO - Filling up the DagBag from /Users/paulamedina/venv/lib/python3.12/site-packages/airflow/example_dags/example_trigger_target_dag.py
[2024-05-06T18:54:26.460-0500] {processor.py:840} INFO - DAG(s) 'example_trigger_target_dag' retrieved from /Users/paulamedina/venv/lib/python3.12/site-packages/airflow/example_dags/example_trigger_target_dag.py
[2024-05-06T18:54:26.551-0500] {logging_mixin.py:188} INFO - [2024-05-06T18:54:26.551-0500] {dag.py:3096} INFO - Sync 1 DAGs
[2024-05-06T18:54:26.559-0500] {logging_mixin.py:188} INFO - [2024-05-06T18:54:26.559-0500] {dag.py:3954} INFO - Setting next_dagrun for example_trigger_target_dag to None, run_after=None
[2024-05-06T18:54:26.577-0500] {processor.py:183} INFO - Processing /Users/paulamedina/venv/lib/python3.12/site-packages/airflow/example_dags/example_trigger_target_dag.py took 0.159 seconds
[2024-05-06T18:56:51.291-0500] {processor.py:161} INFO - Started process (PID=25300) to work on /Users/paulamedina/venv/lib/python3.12/site-packages/airflow/example_dags/example_trigger_target_dag.py
[2024-05-06T18:56:51.293-0500] {processor.py:830} INFO - Processing file /Users/paulamedina/venv/lib/python3.12/site-packages/airflow/example_dags/example_trigger_target_dag.py for tasks to queue
[2024-05-06T18:56:51.294-0500] {logging_mixin.py:188} INFO - [2024-05-06T18:56:51.293-0500] {dagbag.py:540} INFO - Filling up the DagBag from /Users/paulamedina/venv/lib/python3.12/site-packages/airflow/example_dags/example_trigger_target_dag.py
[2024-05-06T18:56:51.333-0500] {processor.py:840} INFO - DAG(s) 'example_trigger_target_dag' retrieved from /Users/paulamedina/venv/lib/python3.12/site-packages/airflow/example_dags/example_trigger_target_dag.py
[2024-05-06T18:56:51.427-0500] {logging_mixin.py:188} INFO - [2024-05-06T18:56:51.427-0500] {dag.py:3096} INFO - Sync 1 DAGs
[2024-05-06T18:56:51.436-0500] {logging_mixin.py:188} INFO - [2024-05-06T18:56:51.436-0500] {dag.py:3954} INFO - Setting next_dagrun for example_trigger_target_dag to None, run_after=None
[2024-05-06T18:56:51.453-0500] {processor.py:183} INFO - Processing /Users/paulamedina/venv/lib/python3.12/site-packages/airflow/example_dags/example_trigger_target_dag.py took 0.164 seconds
[2024-05-06T18:58:58.028-0500] {processor.py:161} INFO - Started process (PID=25875) to work on /Users/paulamedina/venv/lib/python3.12/site-packages/airflow/example_dags/example_trigger_target_dag.py
[2024-05-06T18:58:58.029-0500] {processor.py:830} INFO - Processing file /Users/paulamedina/venv/lib/python3.12/site-packages/airflow/example_dags/example_trigger_target_dag.py for tasks to queue
[2024-05-06T18:58:58.030-0500] {logging_mixin.py:188} INFO - [2024-05-06T18:58:58.030-0500] {dagbag.py:540} INFO - Filling up the DagBag from /Users/paulamedina/venv/lib/python3.12/site-packages/airflow/example_dags/example_trigger_target_dag.py
[2024-05-06T18:58:58.060-0500] {processor.py:840} INFO - DAG(s) 'example_trigger_target_dag' retrieved from /Users/paulamedina/venv/lib/python3.12/site-packages/airflow/example_dags/example_trigger_target_dag.py
[2024-05-06T18:58:58.132-0500] {logging_mixin.py:188} INFO - [2024-05-06T18:58:58.132-0500] {dag.py:3096} INFO - Sync 1 DAGs
[2024-05-06T18:58:58.139-0500] {logging_mixin.py:188} INFO - [2024-05-06T18:58:58.139-0500] {dag.py:3954} INFO - Setting next_dagrun for example_trigger_target_dag to None, run_after=None
[2024-05-06T18:58:58.152-0500] {processor.py:183} INFO - Processing /Users/paulamedina/venv/lib/python3.12/site-packages/airflow/example_dags/example_trigger_target_dag.py took 0.127 seconds
