[2024-05-06T18:11:26.279-0500] {processor.py:161} INFO - Started process (PID=8025) to work on /Users/paulamedina/venv/lib/python3.12/site-packages/airflow/example_dags/example_branch_operator_decorator.py
[2024-05-06T18:11:26.280-0500] {processor.py:830} INFO - Processing file /Users/paulamedina/venv/lib/python3.12/site-packages/airflow/example_dags/example_branch_operator_decorator.py for tasks to queue
[2024-05-06T18:11:26.281-0500] {logging_mixin.py:188} INFO - [2024-05-06T18:11:26.281-0500] {dagbag.py:540} INFO - Filling up the DagBag from /Users/paulamedina/venv/lib/python3.12/site-packages/airflow/example_dags/example_branch_operator_decorator.py
[2024-05-06T18:11:26.301-0500] {processor.py:842} WARNING - No viable dags retrieved from /Users/paulamedina/venv/lib/python3.12/site-packages/airflow/example_dags/example_branch_operator_decorator.py
[2024-05-06T18:11:26.372-0500] {processor.py:183} INFO - Processing /Users/paulamedina/venv/lib/python3.12/site-packages/airflow/example_dags/example_branch_operator_decorator.py took 0.095 seconds
[2024-05-06T18:15:17.780-0500] {processor.py:161} INFO - Started process (PID=11135) to work on /Users/paulamedina/venv/lib/python3.12/site-packages/airflow/example_dags/example_branch_operator_decorator.py
[2024-05-06T18:15:17.781-0500] {processor.py:830} INFO - Processing file /Users/paulamedina/venv/lib/python3.12/site-packages/airflow/example_dags/example_branch_operator_decorator.py for tasks to queue
[2024-05-06T18:15:17.782-0500] {logging_mixin.py:188} INFO - [2024-05-06T18:15:17.782-0500] {dagbag.py:540} INFO - Filling up the DagBag from /Users/paulamedina/venv/lib/python3.12/site-packages/airflow/example_dags/example_branch_operator_decorator.py
[2024-05-06T18:15:17.805-0500] {processor.py:842} WARNING - No viable dags retrieved from /Users/paulamedina/venv/lib/python3.12/site-packages/airflow/example_dags/example_branch_operator_decorator.py
[2024-05-06T18:15:17.885-0500] {processor.py:183} INFO - Processing /Users/paulamedina/venv/lib/python3.12/site-packages/airflow/example_dags/example_branch_operator_decorator.py took 0.108 seconds
[2024-05-06T18:19:08.608-0500] {processor.py:161} INFO - Started process (PID=14285) to work on /Users/paulamedina/venv/lib/python3.12/site-packages/airflow/example_dags/example_branch_operator_decorator.py
[2024-05-06T18:19:08.609-0500] {processor.py:830} INFO - Processing file /Users/paulamedina/venv/lib/python3.12/site-packages/airflow/example_dags/example_branch_operator_decorator.py for tasks to queue
[2024-05-06T18:19:08.610-0500] {logging_mixin.py:188} INFO - [2024-05-06T18:19:08.609-0500] {dagbag.py:540} INFO - Filling up the DagBag from /Users/paulamedina/venv/lib/python3.12/site-packages/airflow/example_dags/example_branch_operator_decorator.py
[2024-05-06T18:19:08.630-0500] {processor.py:842} WARNING - No viable dags retrieved from /Users/paulamedina/venv/lib/python3.12/site-packages/airflow/example_dags/example_branch_operator_decorator.py
[2024-05-06T18:19:08.706-0500] {processor.py:183} INFO - Processing /Users/paulamedina/venv/lib/python3.12/site-packages/airflow/example_dags/example_branch_operator_decorator.py took 0.101 seconds
[2024-05-06T18:23:30.579-0500] {processor.py:161} INFO - Started process (PID=17944) to work on /Users/paulamedina/venv/lib/python3.12/site-packages/airflow/example_dags/example_branch_operator_decorator.py
[2024-05-06T18:23:30.581-0500] {processor.py:830} INFO - Processing file /Users/paulamedina/venv/lib/python3.12/site-packages/airflow/example_dags/example_branch_operator_decorator.py for tasks to queue
[2024-05-06T18:23:30.582-0500] {logging_mixin.py:188} INFO - [2024-05-06T18:23:30.582-0500] {dagbag.py:540} INFO - Filling up the DagBag from /Users/paulamedina/venv/lib/python3.12/site-packages/airflow/example_dags/example_branch_operator_decorator.py
[2024-05-06T18:23:30.611-0500] {processor.py:842} WARNING - No viable dags retrieved from /Users/paulamedina/venv/lib/python3.12/site-packages/airflow/example_dags/example_branch_operator_decorator.py
[2024-05-06T18:23:30.711-0500] {processor.py:183} INFO - Processing /Users/paulamedina/venv/lib/python3.12/site-packages/airflow/example_dags/example_branch_operator_decorator.py took 0.135 seconds
[2024-05-06T18:27:21.743-0500] {processor.py:161} INFO - Started process (PID=18876) to work on /Users/paulamedina/venv/lib/python3.12/site-packages/airflow/example_dags/example_branch_operator_decorator.py
[2024-05-06T18:27:21.745-0500] {processor.py:830} INFO - Processing file /Users/paulamedina/venv/lib/python3.12/site-packages/airflow/example_dags/example_branch_operator_decorator.py for tasks to queue
[2024-05-06T18:27:21.746-0500] {logging_mixin.py:188} INFO - [2024-05-06T18:27:21.745-0500] {dagbag.py:540} INFO - Filling up the DagBag from /Users/paulamedina/venv/lib/python3.12/site-packages/airflow/example_dags/example_branch_operator_decorator.py
[2024-05-06T18:27:21.768-0500] {processor.py:842} WARNING - No viable dags retrieved from /Users/paulamedina/venv/lib/python3.12/site-packages/airflow/example_dags/example_branch_operator_decorator.py
[2024-05-06T18:27:21.851-0500] {processor.py:183} INFO - Processing /Users/paulamedina/venv/lib/python3.12/site-packages/airflow/example_dags/example_branch_operator_decorator.py took 0.110 seconds
[2024-05-06T18:31:32.158-0500] {processor.py:161} INFO - Started process (PID=19780) to work on /Users/paulamedina/venv/lib/python3.12/site-packages/airflow/example_dags/example_branch_operator_decorator.py
[2024-05-06T18:31:32.159-0500] {processor.py:830} INFO - Processing file /Users/paulamedina/venv/lib/python3.12/site-packages/airflow/example_dags/example_branch_operator_decorator.py for tasks to queue
[2024-05-06T18:31:32.160-0500] {logging_mixin.py:188} INFO - [2024-05-06T18:31:32.160-0500] {dagbag.py:540} INFO - Filling up the DagBag from /Users/paulamedina/venv/lib/python3.12/site-packages/airflow/example_dags/example_branch_operator_decorator.py
[2024-05-06T18:31:32.186-0500] {processor.py:842} WARNING - No viable dags retrieved from /Users/paulamedina/venv/lib/python3.12/site-packages/airflow/example_dags/example_branch_operator_decorator.py
[2024-05-06T18:31:32.271-0500] {processor.py:183} INFO - Processing /Users/paulamedina/venv/lib/python3.12/site-packages/airflow/example_dags/example_branch_operator_decorator.py took 0.116 seconds
[2024-05-06T18:35:32.636-0500] {processor.py:161} INFO - Started process (PID=20652) to work on /Users/paulamedina/venv/lib/python3.12/site-packages/airflow/example_dags/example_branch_operator_decorator.py
[2024-05-06T18:35:32.638-0500] {processor.py:830} INFO - Processing file /Users/paulamedina/venv/lib/python3.12/site-packages/airflow/example_dags/example_branch_operator_decorator.py for tasks to queue
[2024-05-06T18:35:32.638-0500] {logging_mixin.py:188} INFO - [2024-05-06T18:35:32.638-0500] {dagbag.py:540} INFO - Filling up the DagBag from /Users/paulamedina/venv/lib/python3.12/site-packages/airflow/example_dags/example_branch_operator_decorator.py
[2024-05-06T18:35:32.659-0500] {processor.py:842} WARNING - No viable dags retrieved from /Users/paulamedina/venv/lib/python3.12/site-packages/airflow/example_dags/example_branch_operator_decorator.py
[2024-05-06T18:35:32.743-0500] {processor.py:183} INFO - Processing /Users/paulamedina/venv/lib/python3.12/site-packages/airflow/example_dags/example_branch_operator_decorator.py took 0.109 seconds
[2024-05-06T18:39:27.689-0500] {processor.py:161} INFO - Started process (PID=21496) to work on /Users/paulamedina/venv/lib/python3.12/site-packages/airflow/example_dags/example_branch_operator_decorator.py
[2024-05-06T18:39:27.690-0500] {processor.py:830} INFO - Processing file /Users/paulamedina/venv/lib/python3.12/site-packages/airflow/example_dags/example_branch_operator_decorator.py for tasks to queue
[2024-05-06T18:39:27.691-0500] {logging_mixin.py:188} INFO - [2024-05-06T18:39:27.691-0500] {dagbag.py:540} INFO - Filling up the DagBag from /Users/paulamedina/venv/lib/python3.12/site-packages/airflow/example_dags/example_branch_operator_decorator.py
[2024-05-06T18:39:27.736-0500] {processor.py:842} WARNING - No viable dags retrieved from /Users/paulamedina/venv/lib/python3.12/site-packages/airflow/example_dags/example_branch_operator_decorator.py
[2024-05-06T18:39:27.844-0500] {processor.py:183} INFO - Processing /Users/paulamedina/venv/lib/python3.12/site-packages/airflow/example_dags/example_branch_operator_decorator.py took 0.159 seconds
[2024-05-06T18:43:29.246-0500] {processor.py:161} INFO - Started process (PID=22453) to work on /Users/paulamedina/venv/lib/python3.12/site-packages/airflow/example_dags/example_branch_operator_decorator.py
[2024-05-06T18:43:29.247-0500] {processor.py:830} INFO - Processing file /Users/paulamedina/venv/lib/python3.12/site-packages/airflow/example_dags/example_branch_operator_decorator.py for tasks to queue
[2024-05-06T18:43:29.248-0500] {logging_mixin.py:188} INFO - [2024-05-06T18:43:29.248-0500] {dagbag.py:540} INFO - Filling up the DagBag from /Users/paulamedina/venv/lib/python3.12/site-packages/airflow/example_dags/example_branch_operator_decorator.py
[2024-05-06T18:43:29.271-0500] {processor.py:842} WARNING - No viable dags retrieved from /Users/paulamedina/venv/lib/python3.12/site-packages/airflow/example_dags/example_branch_operator_decorator.py
[2024-05-06T18:43:29.343-0500] {processor.py:183} INFO - Processing /Users/paulamedina/venv/lib/python3.12/site-packages/airflow/example_dags/example_branch_operator_decorator.py took 0.100 seconds
[2024-05-06T18:47:26.214-0500] {processor.py:161} INFO - Started process (PID=23310) to work on /Users/paulamedina/venv/lib/python3.12/site-packages/airflow/example_dags/example_branch_operator_decorator.py
[2024-05-06T18:47:26.215-0500] {processor.py:830} INFO - Processing file /Users/paulamedina/venv/lib/python3.12/site-packages/airflow/example_dags/example_branch_operator_decorator.py for tasks to queue
[2024-05-06T18:47:26.216-0500] {logging_mixin.py:188} INFO - [2024-05-06T18:47:26.216-0500] {dagbag.py:540} INFO - Filling up the DagBag from /Users/paulamedina/venv/lib/python3.12/site-packages/airflow/example_dags/example_branch_operator_decorator.py
[2024-05-06T18:47:26.240-0500] {processor.py:842} WARNING - No viable dags retrieved from /Users/paulamedina/venv/lib/python3.12/site-packages/airflow/example_dags/example_branch_operator_decorator.py
[2024-05-06T18:47:26.306-0500] {processor.py:183} INFO - Processing /Users/paulamedina/venv/lib/python3.12/site-packages/airflow/example_dags/example_branch_operator_decorator.py took 0.094 seconds
[2024-05-06T18:51:31.292-0500] {processor.py:161} INFO - Started process (PID=24179) to work on /Users/paulamedina/venv/lib/python3.12/site-packages/airflow/example_dags/example_branch_operator_decorator.py
[2024-05-06T18:51:31.294-0500] {processor.py:830} INFO - Processing file /Users/paulamedina/venv/lib/python3.12/site-packages/airflow/example_dags/example_branch_operator_decorator.py for tasks to queue
[2024-05-06T18:51:31.294-0500] {logging_mixin.py:188} INFO - [2024-05-06T18:51:31.294-0500] {dagbag.py:540} INFO - Filling up the DagBag from /Users/paulamedina/venv/lib/python3.12/site-packages/airflow/example_dags/example_branch_operator_decorator.py
[2024-05-06T18:51:31.315-0500] {processor.py:842} WARNING - No viable dags retrieved from /Users/paulamedina/venv/lib/python3.12/site-packages/airflow/example_dags/example_branch_operator_decorator.py
[2024-05-06T18:51:31.381-0500] {processor.py:183} INFO - Processing /Users/paulamedina/venv/lib/python3.12/site-packages/airflow/example_dags/example_branch_operator_decorator.py took 0.091 seconds
[2024-05-06T18:55:27.851-0500] {processor.py:161} INFO - Started process (PID=25019) to work on /Users/paulamedina/venv/lib/python3.12/site-packages/airflow/example_dags/example_branch_operator_decorator.py
[2024-05-06T18:55:27.854-0500] {processor.py:830} INFO - Processing file /Users/paulamedina/venv/lib/python3.12/site-packages/airflow/example_dags/example_branch_operator_decorator.py for tasks to queue
[2024-05-06T18:55:27.855-0500] {logging_mixin.py:188} INFO - [2024-05-06T18:55:27.854-0500] {dagbag.py:540} INFO - Filling up the DagBag from /Users/paulamedina/venv/lib/python3.12/site-packages/airflow/example_dags/example_branch_operator_decorator.py
[2024-05-06T18:55:27.884-0500] {processor.py:842} WARNING - No viable dags retrieved from /Users/paulamedina/venv/lib/python3.12/site-packages/airflow/example_dags/example_branch_operator_decorator.py
[2024-05-06T18:55:28.003-0500] {processor.py:183} INFO - Processing /Users/paulamedina/venv/lib/python3.12/site-packages/airflow/example_dags/example_branch_operator_decorator.py took 0.156 seconds
[2024-05-06T18:59:53.110-0500] {processor.py:161} INFO - Started process (PID=26068) to work on /Users/paulamedina/venv/lib/python3.12/site-packages/airflow/example_dags/example_branch_operator_decorator.py
[2024-05-06T18:59:53.112-0500] {processor.py:830} INFO - Processing file /Users/paulamedina/venv/lib/python3.12/site-packages/airflow/example_dags/example_branch_operator_decorator.py for tasks to queue
[2024-05-06T18:59:53.113-0500] {logging_mixin.py:188} INFO - [2024-05-06T18:59:53.113-0500] {dagbag.py:540} INFO - Filling up the DagBag from /Users/paulamedina/venv/lib/python3.12/site-packages/airflow/example_dags/example_branch_operator_decorator.py
[2024-05-06T18:59:53.133-0500] {processor.py:842} WARNING - No viable dags retrieved from /Users/paulamedina/venv/lib/python3.12/site-packages/airflow/example_dags/example_branch_operator_decorator.py
[2024-05-06T18:59:53.197-0500] {processor.py:183} INFO - Processing /Users/paulamedina/venv/lib/python3.12/site-packages/airflow/example_dags/example_branch_operator_decorator.py took 0.089 seconds
