[2024-05-06T18:09:58.900-0500] {processor.py:161} INFO - Started process (PID=6767) to work on /Users/paulamedina/venv/lib/python3.12/site-packages/airflow/example_dags/example_trigger_controller_dag.py
[2024-05-06T18:09:58.901-0500] {processor.py:830} INFO - Processing file /Users/paulamedina/venv/lib/python3.12/site-packages/airflow/example_dags/example_trigger_controller_dag.py for tasks to queue
[2024-05-06T18:09:58.902-0500] {logging_mixin.py:188} INFO - [2024-05-06T18:09:58.902-0500] {dagbag.py:540} INFO - Filling up the DagBag from /Users/paulamedina/venv/lib/python3.12/site-packages/airflow/example_dags/example_trigger_controller_dag.py
[2024-05-06T18:09:58.918-0500] {processor.py:840} INFO - DAG(s) 'example_trigger_controller_dag' retrieved from /Users/paulamedina/venv/lib/python3.12/site-packages/airflow/example_dags/example_trigger_controller_dag.py
[2024-05-06T18:09:59.197-0500] {logging_mixin.py:188} INFO - [2024-05-06T18:09:59.197-0500] {dag.py:3096} INFO - Sync 1 DAGs
[2024-05-06T18:09:59.220-0500] {logging_mixin.py:188} INFO - [2024-05-06T18:09:59.220-0500] {dag.py:3954} INFO - Setting next_dagrun for example_trigger_controller_dag to 2021-01-01 00:00:00+00:00, run_after=2021-01-01 00:00:00+00:00
[2024-05-06T18:09:59.244-0500] {processor.py:183} INFO - Processing /Users/paulamedina/venv/lib/python3.12/site-packages/airflow/example_dags/example_trigger_controller_dag.py took 0.346 seconds
[2024-05-06T18:12:25.831-0500] {processor.py:161} INFO - Started process (PID=8767) to work on /Users/paulamedina/venv/lib/python3.12/site-packages/airflow/example_dags/example_trigger_controller_dag.py
[2024-05-06T18:12:25.832-0500] {processor.py:830} INFO - Processing file /Users/paulamedina/venv/lib/python3.12/site-packages/airflow/example_dags/example_trigger_controller_dag.py for tasks to queue
[2024-05-06T18:12:25.833-0500] {logging_mixin.py:188} INFO - [2024-05-06T18:12:25.833-0500] {dagbag.py:540} INFO - Filling up the DagBag from /Users/paulamedina/venv/lib/python3.12/site-packages/airflow/example_dags/example_trigger_controller_dag.py
[2024-05-06T18:12:25.848-0500] {processor.py:840} INFO - DAG(s) 'example_trigger_controller_dag' retrieved from /Users/paulamedina/venv/lib/python3.12/site-packages/airflow/example_dags/example_trigger_controller_dag.py
[2024-05-06T18:12:25.957-0500] {logging_mixin.py:188} INFO - [2024-05-06T18:12:25.957-0500] {dag.py:3096} INFO - Sync 1 DAGs
[2024-05-06T18:12:25.976-0500] {logging_mixin.py:188} INFO - [2024-05-06T18:12:25.976-0500] {dag.py:3954} INFO - Setting next_dagrun for example_trigger_controller_dag to 2021-01-01 00:00:00+00:00, run_after=2021-01-01 00:00:00+00:00
[2024-05-06T18:12:25.997-0500] {processor.py:183} INFO - Processing /Users/paulamedina/venv/lib/python3.12/site-packages/airflow/example_dags/example_trigger_controller_dag.py took 0.169 seconds
[2024-05-06T18:14:23.778-0500] {processor.py:161} INFO - Started process (PID=10420) to work on /Users/paulamedina/venv/lib/python3.12/site-packages/airflow/example_dags/example_trigger_controller_dag.py
[2024-05-06T18:14:23.779-0500] {processor.py:830} INFO - Processing file /Users/paulamedina/venv/lib/python3.12/site-packages/airflow/example_dags/example_trigger_controller_dag.py for tasks to queue
[2024-05-06T18:14:23.780-0500] {logging_mixin.py:188} INFO - [2024-05-06T18:14:23.780-0500] {dagbag.py:540} INFO - Filling up the DagBag from /Users/paulamedina/venv/lib/python3.12/site-packages/airflow/example_dags/example_trigger_controller_dag.py
[2024-05-06T18:14:23.794-0500] {processor.py:840} INFO - DAG(s) 'example_trigger_controller_dag' retrieved from /Users/paulamedina/venv/lib/python3.12/site-packages/airflow/example_dags/example_trigger_controller_dag.py
[2024-05-06T18:14:23.878-0500] {logging_mixin.py:188} INFO - [2024-05-06T18:14:23.877-0500] {dag.py:3096} INFO - Sync 1 DAGs
[2024-05-06T18:14:23.892-0500] {logging_mixin.py:188} INFO - [2024-05-06T18:14:23.892-0500] {dag.py:3954} INFO - Setting next_dagrun for example_trigger_controller_dag to 2021-01-01 00:00:00+00:00, run_after=2021-01-01 00:00:00+00:00
[2024-05-06T18:14:23.912-0500] {processor.py:183} INFO - Processing /Users/paulamedina/venv/lib/python3.12/site-packages/airflow/example_dags/example_trigger_controller_dag.py took 0.136 seconds
[2024-05-06T18:16:21.038-0500] {processor.py:161} INFO - Started process (PID=12009) to work on /Users/paulamedina/venv/lib/python3.12/site-packages/airflow/example_dags/example_trigger_controller_dag.py
[2024-05-06T18:16:21.039-0500] {processor.py:830} INFO - Processing file /Users/paulamedina/venv/lib/python3.12/site-packages/airflow/example_dags/example_trigger_controller_dag.py for tasks to queue
[2024-05-06T18:16:21.040-0500] {logging_mixin.py:188} INFO - [2024-05-06T18:16:21.039-0500] {dagbag.py:540} INFO - Filling up the DagBag from /Users/paulamedina/venv/lib/python3.12/site-packages/airflow/example_dags/example_trigger_controller_dag.py
[2024-05-06T18:16:21.055-0500] {processor.py:840} INFO - DAG(s) 'example_trigger_controller_dag' retrieved from /Users/paulamedina/venv/lib/python3.12/site-packages/airflow/example_dags/example_trigger_controller_dag.py
[2024-05-06T18:16:21.178-0500] {logging_mixin.py:188} INFO - [2024-05-06T18:16:21.178-0500] {dag.py:3096} INFO - Sync 1 DAGs
[2024-05-06T18:16:21.201-0500] {logging_mixin.py:188} INFO - [2024-05-06T18:16:21.200-0500] {dag.py:3954} INFO - Setting next_dagrun for example_trigger_controller_dag to 2021-01-01 00:00:00+00:00, run_after=2021-01-01 00:00:00+00:00
[2024-05-06T18:16:21.229-0500] {processor.py:183} INFO - Processing /Users/paulamedina/venv/lib/python3.12/site-packages/airflow/example_dags/example_trigger_controller_dag.py took 0.195 seconds
[2024-05-06T18:18:14.558-0500] {processor.py:161} INFO - Started process (PID=13471) to work on /Users/paulamedina/venv/lib/python3.12/site-packages/airflow/example_dags/example_trigger_controller_dag.py
[2024-05-06T18:18:14.559-0500] {processor.py:830} INFO - Processing file /Users/paulamedina/venv/lib/python3.12/site-packages/airflow/example_dags/example_trigger_controller_dag.py for tasks to queue
[2024-05-06T18:18:14.559-0500] {logging_mixin.py:188} INFO - [2024-05-06T18:18:14.559-0500] {dagbag.py:540} INFO - Filling up the DagBag from /Users/paulamedina/venv/lib/python3.12/site-packages/airflow/example_dags/example_trigger_controller_dag.py
[2024-05-06T18:18:14.572-0500] {processor.py:840} INFO - DAG(s) 'example_trigger_controller_dag' retrieved from /Users/paulamedina/venv/lib/python3.12/site-packages/airflow/example_dags/example_trigger_controller_dag.py
[2024-05-06T18:18:14.656-0500] {logging_mixin.py:188} INFO - [2024-05-06T18:18:14.656-0500] {dag.py:3096} INFO - Sync 1 DAGs
[2024-05-06T18:18:14.670-0500] {logging_mixin.py:188} INFO - [2024-05-06T18:18:14.670-0500] {dag.py:3954} INFO - Setting next_dagrun for example_trigger_controller_dag to 2021-01-01 00:00:00+00:00, run_after=2021-01-01 00:00:00+00:00
[2024-05-06T18:18:14.687-0500] {processor.py:183} INFO - Processing /Users/paulamedina/venv/lib/python3.12/site-packages/airflow/example_dags/example_trigger_controller_dag.py took 0.132 seconds
[2024-05-06T18:20:14.506-0500] {processor.py:161} INFO - Started process (PID=15150) to work on /Users/paulamedina/venv/lib/python3.12/site-packages/airflow/example_dags/example_trigger_controller_dag.py
[2024-05-06T18:20:14.507-0500] {processor.py:830} INFO - Processing file /Users/paulamedina/venv/lib/python3.12/site-packages/airflow/example_dags/example_trigger_controller_dag.py for tasks to queue
[2024-05-06T18:20:14.508-0500] {logging_mixin.py:188} INFO - [2024-05-06T18:20:14.508-0500] {dagbag.py:540} INFO - Filling up the DagBag from /Users/paulamedina/venv/lib/python3.12/site-packages/airflow/example_dags/example_trigger_controller_dag.py
[2024-05-06T18:20:14.520-0500] {processor.py:840} INFO - DAG(s) 'example_trigger_controller_dag' retrieved from /Users/paulamedina/venv/lib/python3.12/site-packages/airflow/example_dags/example_trigger_controller_dag.py
[2024-05-06T18:20:14.607-0500] {logging_mixin.py:188} INFO - [2024-05-06T18:20:14.606-0500] {dag.py:3096} INFO - Sync 1 DAGs
[2024-05-06T18:20:14.621-0500] {logging_mixin.py:188} INFO - [2024-05-06T18:20:14.621-0500] {dag.py:3954} INFO - Setting next_dagrun for example_trigger_controller_dag to 2021-01-01 00:00:00+00:00, run_after=2021-01-01 00:00:00+00:00
[2024-05-06T18:20:14.638-0500] {processor.py:183} INFO - Processing /Users/paulamedina/venv/lib/python3.12/site-packages/airflow/example_dags/example_trigger_controller_dag.py took 0.134 seconds
[2024-05-06T18:22:26.582-0500] {processor.py:161} INFO - Started process (PID=17062) to work on /Users/paulamedina/venv/lib/python3.12/site-packages/airflow/example_dags/example_trigger_controller_dag.py
[2024-05-06T18:22:26.583-0500] {processor.py:830} INFO - Processing file /Users/paulamedina/venv/lib/python3.12/site-packages/airflow/example_dags/example_trigger_controller_dag.py for tasks to queue
[2024-05-06T18:22:26.584-0500] {logging_mixin.py:188} INFO - [2024-05-06T18:22:26.584-0500] {dagbag.py:540} INFO - Filling up the DagBag from /Users/paulamedina/venv/lib/python3.12/site-packages/airflow/example_dags/example_trigger_controller_dag.py
[2024-05-06T18:22:26.604-0500] {processor.py:840} INFO - DAG(s) 'example_trigger_controller_dag' retrieved from /Users/paulamedina/venv/lib/python3.12/site-packages/airflow/example_dags/example_trigger_controller_dag.py
[2024-05-06T18:22:26.731-0500] {logging_mixin.py:188} INFO - [2024-05-06T18:22:26.730-0500] {dag.py:3096} INFO - Sync 1 DAGs
[2024-05-06T18:22:26.752-0500] {logging_mixin.py:188} INFO - [2024-05-06T18:22:26.751-0500] {dag.py:3954} INFO - Setting next_dagrun for example_trigger_controller_dag to 2021-01-01 00:00:00+00:00, run_after=2021-01-01 00:00:00+00:00
[2024-05-06T18:22:26.774-0500] {processor.py:183} INFO - Processing /Users/paulamedina/venv/lib/python3.12/site-packages/airflow/example_dags/example_trigger_controller_dag.py took 0.196 seconds
[2024-05-06T18:24:30.762-0500] {processor.py:161} INFO - Started process (PID=18263) to work on /Users/paulamedina/venv/lib/python3.12/site-packages/airflow/example_dags/example_trigger_controller_dag.py
[2024-05-06T18:24:30.764-0500] {processor.py:830} INFO - Processing file /Users/paulamedina/venv/lib/python3.12/site-packages/airflow/example_dags/example_trigger_controller_dag.py for tasks to queue
[2024-05-06T18:24:30.764-0500] {logging_mixin.py:188} INFO - [2024-05-06T18:24:30.764-0500] {dagbag.py:540} INFO - Filling up the DagBag from /Users/paulamedina/venv/lib/python3.12/site-packages/airflow/example_dags/example_trigger_controller_dag.py
[2024-05-06T18:24:30.776-0500] {processor.py:840} INFO - DAG(s) 'example_trigger_controller_dag' retrieved from /Users/paulamedina/venv/lib/python3.12/site-packages/airflow/example_dags/example_trigger_controller_dag.py
[2024-05-06T18:24:30.853-0500] {logging_mixin.py:188} INFO - [2024-05-06T18:24:30.853-0500] {dag.py:3096} INFO - Sync 1 DAGs
[2024-05-06T18:24:30.865-0500] {logging_mixin.py:188} INFO - [2024-05-06T18:24:30.865-0500] {dag.py:3954} INFO - Setting next_dagrun for example_trigger_controller_dag to 2021-01-01 00:00:00+00:00, run_after=2021-01-01 00:00:00+00:00
[2024-05-06T18:24:30.880-0500] {processor.py:183} INFO - Processing /Users/paulamedina/venv/lib/python3.12/site-packages/airflow/example_dags/example_trigger_controller_dag.py took 0.119 seconds
[2024-05-06T18:26:25.853-0500] {processor.py:161} INFO - Started process (PID=18671) to work on /Users/paulamedina/venv/lib/python3.12/site-packages/airflow/example_dags/example_trigger_controller_dag.py
[2024-05-06T18:26:25.853-0500] {processor.py:830} INFO - Processing file /Users/paulamedina/venv/lib/python3.12/site-packages/airflow/example_dags/example_trigger_controller_dag.py for tasks to queue
[2024-05-06T18:26:25.854-0500] {logging_mixin.py:188} INFO - [2024-05-06T18:26:25.854-0500] {dagbag.py:540} INFO - Filling up the DagBag from /Users/paulamedina/venv/lib/python3.12/site-packages/airflow/example_dags/example_trigger_controller_dag.py
[2024-05-06T18:26:25.869-0500] {processor.py:840} INFO - DAG(s) 'example_trigger_controller_dag' retrieved from /Users/paulamedina/venv/lib/python3.12/site-packages/airflow/example_dags/example_trigger_controller_dag.py
[2024-05-06T18:26:25.995-0500] {logging_mixin.py:188} INFO - [2024-05-06T18:26:25.995-0500] {dag.py:3096} INFO - Sync 1 DAGs
[2024-05-06T18:26:26.013-0500] {logging_mixin.py:188} INFO - [2024-05-06T18:26:26.013-0500] {dag.py:3954} INFO - Setting next_dagrun for example_trigger_controller_dag to 2021-01-01 00:00:00+00:00, run_after=2021-01-01 00:00:00+00:00
[2024-05-06T18:26:26.033-0500] {processor.py:183} INFO - Processing /Users/paulamedina/venv/lib/python3.12/site-packages/airflow/example_dags/example_trigger_controller_dag.py took 0.183 seconds
[2024-05-06T18:28:25.174-0500] {processor.py:161} INFO - Started process (PID=19108) to work on /Users/paulamedina/venv/lib/python3.12/site-packages/airflow/example_dags/example_trigger_controller_dag.py
[2024-05-06T18:28:25.174-0500] {processor.py:830} INFO - Processing file /Users/paulamedina/venv/lib/python3.12/site-packages/airflow/example_dags/example_trigger_controller_dag.py for tasks to queue
[2024-05-06T18:28:25.175-0500] {logging_mixin.py:188} INFO - [2024-05-06T18:28:25.175-0500] {dagbag.py:540} INFO - Filling up the DagBag from /Users/paulamedina/venv/lib/python3.12/site-packages/airflow/example_dags/example_trigger_controller_dag.py
[2024-05-06T18:28:25.188-0500] {processor.py:840} INFO - DAG(s) 'example_trigger_controller_dag' retrieved from /Users/paulamedina/venv/lib/python3.12/site-packages/airflow/example_dags/example_trigger_controller_dag.py
[2024-05-06T18:28:25.278-0500] {logging_mixin.py:188} INFO - [2024-05-06T18:28:25.277-0500] {dag.py:3096} INFO - Sync 1 DAGs
[2024-05-06T18:28:25.294-0500] {logging_mixin.py:188} INFO - [2024-05-06T18:28:25.293-0500] {dag.py:3954} INFO - Setting next_dagrun for example_trigger_controller_dag to 2021-01-01 00:00:00+00:00, run_after=2021-01-01 00:00:00+00:00
[2024-05-06T18:28:25.310-0500] {processor.py:183} INFO - Processing /Users/paulamedina/venv/lib/python3.12/site-packages/airflow/example_dags/example_trigger_controller_dag.py took 0.139 seconds
[2024-05-06T18:30:31.844-0500] {processor.py:161} INFO - Started process (PID=19564) to work on /Users/paulamedina/venv/lib/python3.12/site-packages/airflow/example_dags/example_trigger_controller_dag.py
[2024-05-06T18:30:31.845-0500] {processor.py:830} INFO - Processing file /Users/paulamedina/venv/lib/python3.12/site-packages/airflow/example_dags/example_trigger_controller_dag.py for tasks to queue
[2024-05-06T18:30:31.847-0500] {logging_mixin.py:188} INFO - [2024-05-06T18:30:31.847-0500] {dagbag.py:540} INFO - Filling up the DagBag from /Users/paulamedina/venv/lib/python3.12/site-packages/airflow/example_dags/example_trigger_controller_dag.py
[2024-05-06T18:30:31.870-0500] {processor.py:840} INFO - DAG(s) 'example_trigger_controller_dag' retrieved from /Users/paulamedina/venv/lib/python3.12/site-packages/airflow/example_dags/example_trigger_controller_dag.py
[2024-05-06T18:30:32.043-0500] {logging_mixin.py:188} INFO - [2024-05-06T18:30:32.043-0500] {dag.py:3096} INFO - Sync 1 DAGs
[2024-05-06T18:30:32.067-0500] {logging_mixin.py:188} INFO - [2024-05-06T18:30:32.067-0500] {dag.py:3954} INFO - Setting next_dagrun for example_trigger_controller_dag to 2021-01-01 00:00:00+00:00, run_after=2021-01-01 00:00:00+00:00
[2024-05-06T18:30:32.092-0500] {processor.py:183} INFO - Processing /Users/paulamedina/venv/lib/python3.12/site-packages/airflow/example_dags/example_trigger_controller_dag.py took 0.252 seconds
[2024-05-06T18:32:39.204-0500] {processor.py:161} INFO - Started process (PID=20028) to work on /Users/paulamedina/venv/lib/python3.12/site-packages/airflow/example_dags/example_trigger_controller_dag.py
[2024-05-06T18:32:39.206-0500] {processor.py:830} INFO - Processing file /Users/paulamedina/venv/lib/python3.12/site-packages/airflow/example_dags/example_trigger_controller_dag.py for tasks to queue
[2024-05-06T18:32:39.207-0500] {logging_mixin.py:188} INFO - [2024-05-06T18:32:39.206-0500] {dagbag.py:540} INFO - Filling up the DagBag from /Users/paulamedina/venv/lib/python3.12/site-packages/airflow/example_dags/example_trigger_controller_dag.py
[2024-05-06T18:32:39.226-0500] {processor.py:840} INFO - DAG(s) 'example_trigger_controller_dag' retrieved from /Users/paulamedina/venv/lib/python3.12/site-packages/airflow/example_dags/example_trigger_controller_dag.py
[2024-05-06T18:32:39.340-0500] {logging_mixin.py:188} INFO - [2024-05-06T18:32:39.340-0500] {dag.py:3096} INFO - Sync 1 DAGs
[2024-05-06T18:32:39.359-0500] {logging_mixin.py:188} INFO - [2024-05-06T18:32:39.359-0500] {dag.py:3954} INFO - Setting next_dagrun for example_trigger_controller_dag to 2021-01-01 00:00:00+00:00, run_after=2021-01-01 00:00:00+00:00
[2024-05-06T18:32:39.381-0500] {processor.py:183} INFO - Processing /Users/paulamedina/venv/lib/python3.12/site-packages/airflow/example_dags/example_trigger_controller_dag.py took 0.180 seconds
[2024-05-06T18:34:36.669-0500] {processor.py:161} INFO - Started process (PID=20453) to work on /Users/paulamedina/venv/lib/python3.12/site-packages/airflow/example_dags/example_trigger_controller_dag.py
[2024-05-06T18:34:36.670-0500] {processor.py:830} INFO - Processing file /Users/paulamedina/venv/lib/python3.12/site-packages/airflow/example_dags/example_trigger_controller_dag.py for tasks to queue
[2024-05-06T18:34:36.671-0500] {logging_mixin.py:188} INFO - [2024-05-06T18:34:36.671-0500] {dagbag.py:540} INFO - Filling up the DagBag from /Users/paulamedina/venv/lib/python3.12/site-packages/airflow/example_dags/example_trigger_controller_dag.py
[2024-05-06T18:34:36.686-0500] {processor.py:840} INFO - DAG(s) 'example_trigger_controller_dag' retrieved from /Users/paulamedina/venv/lib/python3.12/site-packages/airflow/example_dags/example_trigger_controller_dag.py
[2024-05-06T18:34:36.772-0500] {logging_mixin.py:188} INFO - [2024-05-06T18:34:36.772-0500] {dag.py:3096} INFO - Sync 1 DAGs
[2024-05-06T18:34:36.787-0500] {logging_mixin.py:188} INFO - [2024-05-06T18:34:36.787-0500] {dag.py:3954} INFO - Setting next_dagrun for example_trigger_controller_dag to 2021-01-01 00:00:00+00:00, run_after=2021-01-01 00:00:00+00:00
[2024-05-06T18:34:36.805-0500] {processor.py:183} INFO - Processing /Users/paulamedina/venv/lib/python3.12/site-packages/airflow/example_dags/example_trigger_controller_dag.py took 0.139 seconds
[2024-05-06T18:36:33.855-0500] {processor.py:161} INFO - Started process (PID=20875) to work on /Users/paulamedina/venv/lib/python3.12/site-packages/airflow/example_dags/example_trigger_controller_dag.py
[2024-05-06T18:36:33.857-0500] {processor.py:830} INFO - Processing file /Users/paulamedina/venv/lib/python3.12/site-packages/airflow/example_dags/example_trigger_controller_dag.py for tasks to queue
[2024-05-06T18:36:33.858-0500] {logging_mixin.py:188} INFO - [2024-05-06T18:36:33.857-0500] {dagbag.py:540} INFO - Filling up the DagBag from /Users/paulamedina/venv/lib/python3.12/site-packages/airflow/example_dags/example_trigger_controller_dag.py
[2024-05-06T18:36:33.873-0500] {processor.py:840} INFO - DAG(s) 'example_trigger_controller_dag' retrieved from /Users/paulamedina/venv/lib/python3.12/site-packages/airflow/example_dags/example_trigger_controller_dag.py
[2024-05-06T18:36:33.961-0500] {logging_mixin.py:188} INFO - [2024-05-06T18:36:33.960-0500] {dag.py:3096} INFO - Sync 1 DAGs
[2024-05-06T18:36:33.976-0500] {logging_mixin.py:188} INFO - [2024-05-06T18:36:33.975-0500] {dag.py:3954} INFO - Setting next_dagrun for example_trigger_controller_dag to 2021-01-01 00:00:00+00:00, run_after=2021-01-01 00:00:00+00:00
[2024-05-06T18:36:33.993-0500] {processor.py:183} INFO - Processing /Users/paulamedina/venv/lib/python3.12/site-packages/airflow/example_dags/example_trigger_controller_dag.py took 0.141 seconds
[2024-05-06T18:38:33.459-0500] {processor.py:161} INFO - Started process (PID=21301) to work on /Users/paulamedina/venv/lib/python3.12/site-packages/airflow/example_dags/example_trigger_controller_dag.py
[2024-05-06T18:38:33.461-0500] {processor.py:830} INFO - Processing file /Users/paulamedina/venv/lib/python3.12/site-packages/airflow/example_dags/example_trigger_controller_dag.py for tasks to queue
[2024-05-06T18:38:33.462-0500] {logging_mixin.py:188} INFO - [2024-05-06T18:38:33.461-0500] {dagbag.py:540} INFO - Filling up the DagBag from /Users/paulamedina/venv/lib/python3.12/site-packages/airflow/example_dags/example_trigger_controller_dag.py
[2024-05-06T18:38:33.477-0500] {processor.py:840} INFO - DAG(s) 'example_trigger_controller_dag' retrieved from /Users/paulamedina/venv/lib/python3.12/site-packages/airflow/example_dags/example_trigger_controller_dag.py
[2024-05-06T18:38:33.572-0500] {logging_mixin.py:188} INFO - [2024-05-06T18:38:33.571-0500] {dag.py:3096} INFO - Sync 1 DAGs
[2024-05-06T18:38:33.587-0500] {logging_mixin.py:188} INFO - [2024-05-06T18:38:33.587-0500] {dag.py:3954} INFO - Setting next_dagrun for example_trigger_controller_dag to 2021-01-01 00:00:00+00:00, run_after=2021-01-01 00:00:00+00:00
[2024-05-06T18:38:33.608-0500] {processor.py:183} INFO - Processing /Users/paulamedina/venv/lib/python3.12/site-packages/airflow/example_dags/example_trigger_controller_dag.py took 0.151 seconds
[2024-05-06T18:40:29.200-0500] {processor.py:161} INFO - Started process (PID=21719) to work on /Users/paulamedina/venv/lib/python3.12/site-packages/airflow/example_dags/example_trigger_controller_dag.py
[2024-05-06T18:40:29.202-0500] {processor.py:830} INFO - Processing file /Users/paulamedina/venv/lib/python3.12/site-packages/airflow/example_dags/example_trigger_controller_dag.py for tasks to queue
[2024-05-06T18:40:29.203-0500] {logging_mixin.py:188} INFO - [2024-05-06T18:40:29.203-0500] {dagbag.py:540} INFO - Filling up the DagBag from /Users/paulamedina/venv/lib/python3.12/site-packages/airflow/example_dags/example_trigger_controller_dag.py
[2024-05-06T18:40:29.217-0500] {processor.py:840} INFO - DAG(s) 'example_trigger_controller_dag' retrieved from /Users/paulamedina/venv/lib/python3.12/site-packages/airflow/example_dags/example_trigger_controller_dag.py
[2024-05-06T18:40:29.303-0500] {logging_mixin.py:188} INFO - [2024-05-06T18:40:29.303-0500] {dag.py:3096} INFO - Sync 1 DAGs
[2024-05-06T18:40:29.317-0500] {logging_mixin.py:188} INFO - [2024-05-06T18:40:29.317-0500] {dag.py:3954} INFO - Setting next_dagrun for example_trigger_controller_dag to 2021-01-01 00:00:00+00:00, run_after=2021-01-01 00:00:00+00:00
[2024-05-06T18:40:29.333-0500] {processor.py:183} INFO - Processing /Users/paulamedina/venv/lib/python3.12/site-packages/airflow/example_dags/example_trigger_controller_dag.py took 0.136 seconds
[2024-05-06T18:42:24.930-0500] {processor.py:161} INFO - Started process (PID=22231) to work on /Users/paulamedina/venv/lib/python3.12/site-packages/airflow/example_dags/example_trigger_controller_dag.py
[2024-05-06T18:42:24.932-0500] {processor.py:830} INFO - Processing file /Users/paulamedina/venv/lib/python3.12/site-packages/airflow/example_dags/example_trigger_controller_dag.py for tasks to queue
[2024-05-06T18:42:24.932-0500] {logging_mixin.py:188} INFO - [2024-05-06T18:42:24.932-0500] {dagbag.py:540} INFO - Filling up the DagBag from /Users/paulamedina/venv/lib/python3.12/site-packages/airflow/example_dags/example_trigger_controller_dag.py
[2024-05-06T18:42:24.945-0500] {processor.py:840} INFO - DAG(s) 'example_trigger_controller_dag' retrieved from /Users/paulamedina/venv/lib/python3.12/site-packages/airflow/example_dags/example_trigger_controller_dag.py
[2024-05-06T18:42:25.032-0500] {logging_mixin.py:188} INFO - [2024-05-06T18:42:25.032-0500] {dag.py:3096} INFO - Sync 1 DAGs
[2024-05-06T18:42:25.048-0500] {logging_mixin.py:188} INFO - [2024-05-06T18:42:25.048-0500] {dag.py:3954} INFO - Setting next_dagrun for example_trigger_controller_dag to 2021-01-01 00:00:00+00:00, run_after=2021-01-01 00:00:00+00:00
[2024-05-06T18:42:25.065-0500] {processor.py:183} INFO - Processing /Users/paulamedina/venv/lib/python3.12/site-packages/airflow/example_dags/example_trigger_controller_dag.py took 0.138 seconds
[2024-05-06T18:44:24.411-0500] {processor.py:161} INFO - Started process (PID=22652) to work on /Users/paulamedina/venv/lib/python3.12/site-packages/airflow/example_dags/example_trigger_controller_dag.py
[2024-05-06T18:44:24.412-0500] {processor.py:830} INFO - Processing file /Users/paulamedina/venv/lib/python3.12/site-packages/airflow/example_dags/example_trigger_controller_dag.py for tasks to queue
[2024-05-06T18:44:24.413-0500] {logging_mixin.py:188} INFO - [2024-05-06T18:44:24.413-0500] {dagbag.py:540} INFO - Filling up the DagBag from /Users/paulamedina/venv/lib/python3.12/site-packages/airflow/example_dags/example_trigger_controller_dag.py
[2024-05-06T18:44:24.425-0500] {processor.py:840} INFO - DAG(s) 'example_trigger_controller_dag' retrieved from /Users/paulamedina/venv/lib/python3.12/site-packages/airflow/example_dags/example_trigger_controller_dag.py
[2024-05-06T18:44:24.501-0500] {logging_mixin.py:188} INFO - [2024-05-06T18:44:24.501-0500] {dag.py:3096} INFO - Sync 1 DAGs
[2024-05-06T18:44:24.517-0500] {logging_mixin.py:188} INFO - [2024-05-06T18:44:24.517-0500] {dag.py:3954} INFO - Setting next_dagrun for example_trigger_controller_dag to 2021-01-01 00:00:00+00:00, run_after=2021-01-01 00:00:00+00:00
[2024-05-06T18:44:24.533-0500] {processor.py:183} INFO - Processing /Users/paulamedina/venv/lib/python3.12/site-packages/airflow/example_dags/example_trigger_controller_dag.py took 0.124 seconds
[2024-05-06T18:46:25.788-0500] {processor.py:161} INFO - Started process (PID=23085) to work on /Users/paulamedina/venv/lib/python3.12/site-packages/airflow/example_dags/example_trigger_controller_dag.py
[2024-05-06T18:46:25.790-0500] {processor.py:830} INFO - Processing file /Users/paulamedina/venv/lib/python3.12/site-packages/airflow/example_dags/example_trigger_controller_dag.py for tasks to queue
[2024-05-06T18:46:25.791-0500] {logging_mixin.py:188} INFO - [2024-05-06T18:46:25.790-0500] {dagbag.py:540} INFO - Filling up the DagBag from /Users/paulamedina/venv/lib/python3.12/site-packages/airflow/example_dags/example_trigger_controller_dag.py
[2024-05-06T18:46:25.807-0500] {processor.py:840} INFO - DAG(s) 'example_trigger_controller_dag' retrieved from /Users/paulamedina/venv/lib/python3.12/site-packages/airflow/example_dags/example_trigger_controller_dag.py
[2024-05-06T18:46:25.921-0500] {logging_mixin.py:188} INFO - [2024-05-06T18:46:25.921-0500] {dag.py:3096} INFO - Sync 1 DAGs
[2024-05-06T18:46:25.940-0500] {logging_mixin.py:188} INFO - [2024-05-06T18:46:25.940-0500] {dag.py:3954} INFO - Setting next_dagrun for example_trigger_controller_dag to 2021-01-01 00:00:00+00:00, run_after=2021-01-01 00:00:00+00:00
[2024-05-06T18:46:25.964-0500] {processor.py:183} INFO - Processing /Users/paulamedina/venv/lib/python3.12/site-packages/airflow/example_dags/example_trigger_controller_dag.py took 0.179 seconds
[2024-05-06T18:48:28.893-0500] {processor.py:161} INFO - Started process (PID=23530) to work on /Users/paulamedina/venv/lib/python3.12/site-packages/airflow/example_dags/example_trigger_controller_dag.py
[2024-05-06T18:48:28.895-0500] {processor.py:830} INFO - Processing file /Users/paulamedina/venv/lib/python3.12/site-packages/airflow/example_dags/example_trigger_controller_dag.py for tasks to queue
[2024-05-06T18:48:28.896-0500] {logging_mixin.py:188} INFO - [2024-05-06T18:48:28.896-0500] {dagbag.py:540} INFO - Filling up the DagBag from /Users/paulamedina/venv/lib/python3.12/site-packages/airflow/example_dags/example_trigger_controller_dag.py
[2024-05-06T18:48:28.913-0500] {processor.py:840} INFO - DAG(s) 'example_trigger_controller_dag' retrieved from /Users/paulamedina/venv/lib/python3.12/site-packages/airflow/example_dags/example_trigger_controller_dag.py
[2024-05-06T18:48:29.025-0500] {logging_mixin.py:188} INFO - [2024-05-06T18:48:29.025-0500] {dag.py:3096} INFO - Sync 1 DAGs
[2024-05-06T18:48:29.044-0500] {logging_mixin.py:188} INFO - [2024-05-06T18:48:29.044-0500] {dag.py:3954} INFO - Setting next_dagrun for example_trigger_controller_dag to 2021-01-01 00:00:00+00:00, run_after=2021-01-01 00:00:00+00:00
[2024-05-06T18:48:29.065-0500] {processor.py:183} INFO - Processing /Users/paulamedina/venv/lib/python3.12/site-packages/airflow/example_dags/example_trigger_controller_dag.py took 0.174 seconds
[2024-05-06T18:50:35.828-0500] {processor.py:161} INFO - Started process (PID=23978) to work on /Users/paulamedina/venv/lib/python3.12/site-packages/airflow/example_dags/example_trigger_controller_dag.py
[2024-05-06T18:50:35.829-0500] {processor.py:830} INFO - Processing file /Users/paulamedina/venv/lib/python3.12/site-packages/airflow/example_dags/example_trigger_controller_dag.py for tasks to queue
[2024-05-06T18:50:35.830-0500] {logging_mixin.py:188} INFO - [2024-05-06T18:50:35.830-0500] {dagbag.py:540} INFO - Filling up the DagBag from /Users/paulamedina/venv/lib/python3.12/site-packages/airflow/example_dags/example_trigger_controller_dag.py
[2024-05-06T18:50:35.843-0500] {processor.py:840} INFO - DAG(s) 'example_trigger_controller_dag' retrieved from /Users/paulamedina/venv/lib/python3.12/site-packages/airflow/example_dags/example_trigger_controller_dag.py
[2024-05-06T18:50:35.930-0500] {logging_mixin.py:188} INFO - [2024-05-06T18:50:35.930-0500] {dag.py:3096} INFO - Sync 1 DAGs
[2024-05-06T18:50:35.944-0500] {logging_mixin.py:188} INFO - [2024-05-06T18:50:35.944-0500] {dag.py:3954} INFO - Setting next_dagrun for example_trigger_controller_dag to 2021-01-01 00:00:00+00:00, run_after=2021-01-01 00:00:00+00:00
[2024-05-06T18:50:35.961-0500] {processor.py:183} INFO - Processing /Users/paulamedina/venv/lib/python3.12/site-packages/airflow/example_dags/example_trigger_controller_dag.py took 0.135 seconds
[2024-05-06T18:52:33.510-0500] {processor.py:161} INFO - Started process (PID=24398) to work on /Users/paulamedina/venv/lib/python3.12/site-packages/airflow/example_dags/example_trigger_controller_dag.py
[2024-05-06T18:52:33.511-0500] {processor.py:830} INFO - Processing file /Users/paulamedina/venv/lib/python3.12/site-packages/airflow/example_dags/example_trigger_controller_dag.py for tasks to queue
[2024-05-06T18:52:33.512-0500] {logging_mixin.py:188} INFO - [2024-05-06T18:52:33.512-0500] {dagbag.py:540} INFO - Filling up the DagBag from /Users/paulamedina/venv/lib/python3.12/site-packages/airflow/example_dags/example_trigger_controller_dag.py
[2024-05-06T18:52:33.529-0500] {processor.py:840} INFO - DAG(s) 'example_trigger_controller_dag' retrieved from /Users/paulamedina/venv/lib/python3.12/site-packages/airflow/example_dags/example_trigger_controller_dag.py
[2024-05-06T18:52:33.628-0500] {logging_mixin.py:188} INFO - [2024-05-06T18:52:33.627-0500] {dag.py:3096} INFO - Sync 1 DAGs
[2024-05-06T18:52:33.645-0500] {logging_mixin.py:188} INFO - [2024-05-06T18:52:33.644-0500] {dag.py:3954} INFO - Setting next_dagrun for example_trigger_controller_dag to 2021-01-01 00:00:00+00:00, run_after=2021-01-01 00:00:00+00:00
[2024-05-06T18:52:33.664-0500] {processor.py:183} INFO - Processing /Users/paulamedina/venv/lib/python3.12/site-packages/airflow/example_dags/example_trigger_controller_dag.py took 0.157 seconds
[2024-05-06T18:54:29.262-0500] {processor.py:161} INFO - Started process (PID=24813) to work on /Users/paulamedina/venv/lib/python3.12/site-packages/airflow/example_dags/example_trigger_controller_dag.py
[2024-05-06T18:54:29.263-0500] {processor.py:830} INFO - Processing file /Users/paulamedina/venv/lib/python3.12/site-packages/airflow/example_dags/example_trigger_controller_dag.py for tasks to queue
[2024-05-06T18:54:29.263-0500] {logging_mixin.py:188} INFO - [2024-05-06T18:54:29.263-0500] {dagbag.py:540} INFO - Filling up the DagBag from /Users/paulamedina/venv/lib/python3.12/site-packages/airflow/example_dags/example_trigger_controller_dag.py
[2024-05-06T18:54:29.277-0500] {processor.py:840} INFO - DAG(s) 'example_trigger_controller_dag' retrieved from /Users/paulamedina/venv/lib/python3.12/site-packages/airflow/example_dags/example_trigger_controller_dag.py
[2024-05-06T18:54:29.363-0500] {logging_mixin.py:188} INFO - [2024-05-06T18:54:29.363-0500] {dag.py:3096} INFO - Sync 1 DAGs
[2024-05-06T18:54:29.378-0500] {logging_mixin.py:188} INFO - [2024-05-06T18:54:29.378-0500] {dag.py:3954} INFO - Setting next_dagrun for example_trigger_controller_dag to 2021-01-01 00:00:00+00:00, run_after=2021-01-01 00:00:00+00:00
[2024-05-06T18:54:29.396-0500] {processor.py:183} INFO - Processing /Users/paulamedina/venv/lib/python3.12/site-packages/airflow/example_dags/example_trigger_controller_dag.py took 0.136 seconds
[2024-05-06T18:56:54.174-0500] {processor.py:161} INFO - Started process (PID=25322) to work on /Users/paulamedina/venv/lib/python3.12/site-packages/airflow/example_dags/example_trigger_controller_dag.py
[2024-05-06T18:56:54.175-0500] {processor.py:830} INFO - Processing file /Users/paulamedina/venv/lib/python3.12/site-packages/airflow/example_dags/example_trigger_controller_dag.py for tasks to queue
[2024-05-06T18:56:54.176-0500] {logging_mixin.py:188} INFO - [2024-05-06T18:56:54.176-0500] {dagbag.py:540} INFO - Filling up the DagBag from /Users/paulamedina/venv/lib/python3.12/site-packages/airflow/example_dags/example_trigger_controller_dag.py
[2024-05-06T18:56:54.190-0500] {processor.py:840} INFO - DAG(s) 'example_trigger_controller_dag' retrieved from /Users/paulamedina/venv/lib/python3.12/site-packages/airflow/example_dags/example_trigger_controller_dag.py
[2024-05-06T18:56:54.282-0500] {logging_mixin.py:188} INFO - [2024-05-06T18:56:54.281-0500] {dag.py:3096} INFO - Sync 1 DAGs
[2024-05-06T18:56:54.297-0500] {logging_mixin.py:188} INFO - [2024-05-06T18:56:54.297-0500] {dag.py:3954} INFO - Setting next_dagrun for example_trigger_controller_dag to 2021-01-01 00:00:00+00:00, run_after=2021-01-01 00:00:00+00:00
[2024-05-06T18:56:54.314-0500] {processor.py:183} INFO - Processing /Users/paulamedina/venv/lib/python3.12/site-packages/airflow/example_dags/example_trigger_controller_dag.py took 0.143 seconds
[2024-05-06T18:59:00.591-0500] {processor.py:161} INFO - Started process (PID=25883) to work on /Users/paulamedina/venv/lib/python3.12/site-packages/airflow/example_dags/example_trigger_controller_dag.py
[2024-05-06T18:59:00.592-0500] {processor.py:830} INFO - Processing file /Users/paulamedina/venv/lib/python3.12/site-packages/airflow/example_dags/example_trigger_controller_dag.py for tasks to queue
[2024-05-06T18:59:00.593-0500] {logging_mixin.py:188} INFO - [2024-05-06T18:59:00.593-0500] {dagbag.py:540} INFO - Filling up the DagBag from /Users/paulamedina/venv/lib/python3.12/site-packages/airflow/example_dags/example_trigger_controller_dag.py
[2024-05-06T18:59:00.606-0500] {processor.py:840} INFO - DAG(s) 'example_trigger_controller_dag' retrieved from /Users/paulamedina/venv/lib/python3.12/site-packages/airflow/example_dags/example_trigger_controller_dag.py
[2024-05-06T18:59:00.679-0500] {logging_mixin.py:188} INFO - [2024-05-06T18:59:00.679-0500] {dag.py:3096} INFO - Sync 1 DAGs
[2024-05-06T18:59:00.691-0500] {logging_mixin.py:188} INFO - [2024-05-06T18:59:00.691-0500] {dag.py:3954} INFO - Setting next_dagrun for example_trigger_controller_dag to 2021-01-01 00:00:00+00:00, run_after=2021-01-01 00:00:00+00:00
[2024-05-06T18:59:00.704-0500] {processor.py:183} INFO - Processing /Users/paulamedina/venv/lib/python3.12/site-packages/airflow/example_dags/example_trigger_controller_dag.py took 0.115 seconds
