[2024-05-06T18:11:34.364-0500] {processor.py:161} INFO - Started process (PID=8057) to work on /Users/paulamedina/venv/lib/python3.12/site-packages/airflow/example_dags/example_branch_day_of_week_operator.py
[2024-05-06T18:11:34.365-0500] {processor.py:830} INFO - Processing file /Users/paulamedina/venv/lib/python3.12/site-packages/airflow/example_dags/example_branch_day_of_week_operator.py for tasks to queue
[2024-05-06T18:11:34.365-0500] {logging_mixin.py:188} INFO - [2024-05-06T18:11:34.365-0500] {dagbag.py:540} INFO - Filling up the DagBag from /Users/paulamedina/venv/lib/python3.12/site-packages/airflow/example_dags/example_branch_day_of_week_operator.py
[2024-05-06T18:11:34.376-0500] {processor.py:840} INFO - DAG(s) 'example_weekday_branch_operator' retrieved from /Users/paulamedina/venv/lib/python3.12/site-packages/airflow/example_dags/example_branch_day_of_week_operator.py
[2024-05-06T18:11:34.554-0500] {logging_mixin.py:188} INFO - [2024-05-06T18:11:34.554-0500] {dag.py:3096} INFO - Sync 1 DAGs
[2024-05-06T18:11:34.591-0500] {logging_mixin.py:188} INFO - [2024-05-06T18:11:34.591-0500] {dag.py:3954} INFO - Setting next_dagrun for example_weekday_branch_operator to 2024-05-05 00:00:00+00:00, run_after=2024-05-06 00:00:00+00:00
[2024-05-06T18:11:34.614-0500] {processor.py:183} INFO - Processing /Users/paulamedina/venv/lib/python3.12/site-packages/airflow/example_dags/example_branch_day_of_week_operator.py took 0.253 seconds
[2024-05-06T18:15:25.761-0500] {processor.py:161} INFO - Started process (PID=11168) to work on /Users/paulamedina/venv/lib/python3.12/site-packages/airflow/example_dags/example_branch_day_of_week_operator.py
[2024-05-06T18:15:25.762-0500] {processor.py:830} INFO - Processing file /Users/paulamedina/venv/lib/python3.12/site-packages/airflow/example_dags/example_branch_day_of_week_operator.py for tasks to queue
[2024-05-06T18:15:25.763-0500] {logging_mixin.py:188} INFO - [2024-05-06T18:15:25.762-0500] {dagbag.py:540} INFO - Filling up the DagBag from /Users/paulamedina/venv/lib/python3.12/site-packages/airflow/example_dags/example_branch_day_of_week_operator.py
[2024-05-06T18:15:25.776-0500] {processor.py:840} INFO - DAG(s) 'example_weekday_branch_operator' retrieved from /Users/paulamedina/venv/lib/python3.12/site-packages/airflow/example_dags/example_branch_day_of_week_operator.py
[2024-05-06T18:15:25.881-0500] {logging_mixin.py:188} INFO - [2024-05-06T18:15:25.881-0500] {dag.py:3096} INFO - Sync 1 DAGs
[2024-05-06T18:15:25.898-0500] {logging_mixin.py:188} INFO - [2024-05-06T18:15:25.898-0500] {dag.py:3954} INFO - Setting next_dagrun for example_weekday_branch_operator to 2024-05-05 00:00:00+00:00, run_after=2024-05-06 00:00:00+00:00
[2024-05-06T18:15:25.914-0500] {processor.py:183} INFO - Processing /Users/paulamedina/venv/lib/python3.12/site-packages/airflow/example_dags/example_branch_day_of_week_operator.py took 0.156 seconds
[2024-05-06T18:19:16.833-0500] {processor.py:161} INFO - Started process (PID=14317) to work on /Users/paulamedina/venv/lib/python3.12/site-packages/airflow/example_dags/example_branch_day_of_week_operator.py
[2024-05-06T18:19:16.834-0500] {processor.py:830} INFO - Processing file /Users/paulamedina/venv/lib/python3.12/site-packages/airflow/example_dags/example_branch_day_of_week_operator.py for tasks to queue
[2024-05-06T18:19:16.834-0500] {logging_mixin.py:188} INFO - [2024-05-06T18:19:16.834-0500] {dagbag.py:540} INFO - Filling up the DagBag from /Users/paulamedina/venv/lib/python3.12/site-packages/airflow/example_dags/example_branch_day_of_week_operator.py
[2024-05-06T18:19:16.848-0500] {processor.py:840} INFO - DAG(s) 'example_weekday_branch_operator' retrieved from /Users/paulamedina/venv/lib/python3.12/site-packages/airflow/example_dags/example_branch_day_of_week_operator.py
[2024-05-06T18:19:16.954-0500] {logging_mixin.py:188} INFO - [2024-05-06T18:19:16.954-0500] {dag.py:3096} INFO - Sync 1 DAGs
[2024-05-06T18:19:16.973-0500] {logging_mixin.py:188} INFO - [2024-05-06T18:19:16.973-0500] {dag.py:3954} INFO - Setting next_dagrun for example_weekday_branch_operator to 2024-05-05 00:00:00+00:00, run_after=2024-05-06 00:00:00+00:00
[2024-05-06T18:19:16.992-0500] {processor.py:183} INFO - Processing /Users/paulamedina/venv/lib/python3.12/site-packages/airflow/example_dags/example_branch_day_of_week_operator.py took 0.162 seconds
[2024-05-06T18:23:41.028-0500] {processor.py:161} INFO - Started process (PID=18098) to work on /Users/paulamedina/venv/lib/python3.12/site-packages/airflow/example_dags/example_branch_day_of_week_operator.py
[2024-05-06T18:23:41.030-0500] {processor.py:830} INFO - Processing file /Users/paulamedina/venv/lib/python3.12/site-packages/airflow/example_dags/example_branch_day_of_week_operator.py for tasks to queue
[2024-05-06T18:23:41.031-0500] {logging_mixin.py:188} INFO - [2024-05-06T18:23:41.030-0500] {dagbag.py:540} INFO - Filling up the DagBag from /Users/paulamedina/venv/lib/python3.12/site-packages/airflow/example_dags/example_branch_day_of_week_operator.py
[2024-05-06T18:23:41.048-0500] {processor.py:840} INFO - DAG(s) 'example_weekday_branch_operator' retrieved from /Users/paulamedina/venv/lib/python3.12/site-packages/airflow/example_dags/example_branch_day_of_week_operator.py
[2024-05-06T18:23:41.175-0500] {logging_mixin.py:188} INFO - [2024-05-06T18:23:41.175-0500] {dag.py:3096} INFO - Sync 1 DAGs
[2024-05-06T18:23:41.197-0500] {logging_mixin.py:188} INFO - [2024-05-06T18:23:41.196-0500] {dag.py:3954} INFO - Setting next_dagrun for example_weekday_branch_operator to 2024-05-05 00:00:00+00:00, run_after=2024-05-06 00:00:00+00:00
[2024-05-06T18:23:41.218-0500] {processor.py:183} INFO - Processing /Users/paulamedina/venv/lib/python3.12/site-packages/airflow/example_dags/example_branch_day_of_week_operator.py took 0.193 seconds
[2024-05-06T18:27:31.113-0500] {processor.py:161} INFO - Started process (PID=18914) to work on /Users/paulamedina/venv/lib/python3.12/site-packages/airflow/example_dags/example_branch_day_of_week_operator.py
[2024-05-06T18:27:31.114-0500] {processor.py:830} INFO - Processing file /Users/paulamedina/venv/lib/python3.12/site-packages/airflow/example_dags/example_branch_day_of_week_operator.py for tasks to queue
[2024-05-06T18:27:31.115-0500] {logging_mixin.py:188} INFO - [2024-05-06T18:27:31.115-0500] {dagbag.py:540} INFO - Filling up the DagBag from /Users/paulamedina/venv/lib/python3.12/site-packages/airflow/example_dags/example_branch_day_of_week_operator.py
[2024-05-06T18:27:31.132-0500] {processor.py:840} INFO - DAG(s) 'example_weekday_branch_operator' retrieved from /Users/paulamedina/venv/lib/python3.12/site-packages/airflow/example_dags/example_branch_day_of_week_operator.py
[2024-05-06T18:27:31.265-0500] {logging_mixin.py:188} INFO - [2024-05-06T18:27:31.264-0500] {dag.py:3096} INFO - Sync 1 DAGs
[2024-05-06T18:27:31.290-0500] {logging_mixin.py:188} INFO - [2024-05-06T18:27:31.290-0500] {dag.py:3954} INFO - Setting next_dagrun for example_weekday_branch_operator to 2024-05-05 00:00:00+00:00, run_after=2024-05-06 00:00:00+00:00
[2024-05-06T18:27:31.315-0500] {processor.py:183} INFO - Processing /Users/paulamedina/venv/lib/python3.12/site-packages/airflow/example_dags/example_branch_day_of_week_operator.py took 0.206 seconds
[2024-05-06T18:31:41.196-0500] {processor.py:161} INFO - Started process (PID=19813) to work on /Users/paulamedina/venv/lib/python3.12/site-packages/airflow/example_dags/example_branch_day_of_week_operator.py
[2024-05-06T18:31:41.197-0500] {processor.py:830} INFO - Processing file /Users/paulamedina/venv/lib/python3.12/site-packages/airflow/example_dags/example_branch_day_of_week_operator.py for tasks to queue
[2024-05-06T18:31:41.198-0500] {logging_mixin.py:188} INFO - [2024-05-06T18:31:41.198-0500] {dagbag.py:540} INFO - Filling up the DagBag from /Users/paulamedina/venv/lib/python3.12/site-packages/airflow/example_dags/example_branch_day_of_week_operator.py
[2024-05-06T18:31:41.211-0500] {processor.py:840} INFO - DAG(s) 'example_weekday_branch_operator' retrieved from /Users/paulamedina/venv/lib/python3.12/site-packages/airflow/example_dags/example_branch_day_of_week_operator.py
[2024-05-06T18:31:41.304-0500] {logging_mixin.py:188} INFO - [2024-05-06T18:31:41.304-0500] {dag.py:3096} INFO - Sync 1 DAGs
[2024-05-06T18:31:41.320-0500] {logging_mixin.py:188} INFO - [2024-05-06T18:31:41.320-0500] {dag.py:3954} INFO - Setting next_dagrun for example_weekday_branch_operator to 2024-05-05 00:00:00+00:00, run_after=2024-05-06 00:00:00+00:00
[2024-05-06T18:31:41.337-0500] {processor.py:183} INFO - Processing /Users/paulamedina/venv/lib/python3.12/site-packages/airflow/example_dags/example_branch_day_of_week_operator.py took 0.143 seconds
[2024-05-06T18:35:40.762-0500] {processor.py:161} INFO - Started process (PID=20680) to work on /Users/paulamedina/venv/lib/python3.12/site-packages/airflow/example_dags/example_branch_day_of_week_operator.py
[2024-05-06T18:35:40.764-0500] {processor.py:830} INFO - Processing file /Users/paulamedina/venv/lib/python3.12/site-packages/airflow/example_dags/example_branch_day_of_week_operator.py for tasks to queue
[2024-05-06T18:35:40.764-0500] {logging_mixin.py:188} INFO - [2024-05-06T18:35:40.764-0500] {dagbag.py:540} INFO - Filling up the DagBag from /Users/paulamedina/venv/lib/python3.12/site-packages/airflow/example_dags/example_branch_day_of_week_operator.py
[2024-05-06T18:35:40.782-0500] {processor.py:840} INFO - DAG(s) 'example_weekday_branch_operator' retrieved from /Users/paulamedina/venv/lib/python3.12/site-packages/airflow/example_dags/example_branch_day_of_week_operator.py
[2024-05-06T18:35:40.899-0500] {logging_mixin.py:188} INFO - [2024-05-06T18:35:40.898-0500] {dag.py:3096} INFO - Sync 1 DAGs
[2024-05-06T18:35:40.917-0500] {logging_mixin.py:188} INFO - [2024-05-06T18:35:40.917-0500] {dag.py:3954} INFO - Setting next_dagrun for example_weekday_branch_operator to 2024-05-05 00:00:00+00:00, run_after=2024-05-06 00:00:00+00:00
[2024-05-06T18:35:40.934-0500] {processor.py:183} INFO - Processing /Users/paulamedina/venv/lib/python3.12/site-packages/airflow/example_dags/example_branch_day_of_week_operator.py took 0.175 seconds
[2024-05-06T18:39:34.648-0500] {processor.py:161} INFO - Started process (PID=21527) to work on /Users/paulamedina/venv/lib/python3.12/site-packages/airflow/example_dags/example_branch_day_of_week_operator.py
[2024-05-06T18:39:34.650-0500] {processor.py:830} INFO - Processing file /Users/paulamedina/venv/lib/python3.12/site-packages/airflow/example_dags/example_branch_day_of_week_operator.py for tasks to queue
[2024-05-06T18:39:34.651-0500] {logging_mixin.py:188} INFO - [2024-05-06T18:39:34.650-0500] {dagbag.py:540} INFO - Filling up the DagBag from /Users/paulamedina/venv/lib/python3.12/site-packages/airflow/example_dags/example_branch_day_of_week_operator.py
[2024-05-06T18:39:34.665-0500] {processor.py:840} INFO - DAG(s) 'example_weekday_branch_operator' retrieved from /Users/paulamedina/venv/lib/python3.12/site-packages/airflow/example_dags/example_branch_day_of_week_operator.py
[2024-05-06T18:39:34.771-0500] {logging_mixin.py:188} INFO - [2024-05-06T18:39:34.771-0500] {dag.py:3096} INFO - Sync 1 DAGs
[2024-05-06T18:39:34.789-0500] {logging_mixin.py:188} INFO - [2024-05-06T18:39:34.789-0500] {dag.py:3954} INFO - Setting next_dagrun for example_weekday_branch_operator to 2024-05-05 00:00:00+00:00, run_after=2024-05-06 00:00:00+00:00
[2024-05-06T18:39:34.807-0500] {processor.py:183} INFO - Processing /Users/paulamedina/venv/lib/python3.12/site-packages/airflow/example_dags/example_branch_day_of_week_operator.py took 0.161 seconds
[2024-05-06T18:43:37.052-0500] {processor.py:161} INFO - Started process (PID=22480) to work on /Users/paulamedina/venv/lib/python3.12/site-packages/airflow/example_dags/example_branch_day_of_week_operator.py
[2024-05-06T18:43:37.053-0500] {processor.py:830} INFO - Processing file /Users/paulamedina/venv/lib/python3.12/site-packages/airflow/example_dags/example_branch_day_of_week_operator.py for tasks to queue
[2024-05-06T18:43:37.054-0500] {logging_mixin.py:188} INFO - [2024-05-06T18:43:37.054-0500] {dagbag.py:540} INFO - Filling up the DagBag from /Users/paulamedina/venv/lib/python3.12/site-packages/airflow/example_dags/example_branch_day_of_week_operator.py
[2024-05-06T18:43:37.068-0500] {processor.py:840} INFO - DAG(s) 'example_weekday_branch_operator' retrieved from /Users/paulamedina/venv/lib/python3.12/site-packages/airflow/example_dags/example_branch_day_of_week_operator.py
[2024-05-06T18:43:37.159-0500] {logging_mixin.py:188} INFO - [2024-05-06T18:43:37.159-0500] {dag.py:3096} INFO - Sync 1 DAGs
[2024-05-06T18:43:37.175-0500] {logging_mixin.py:188} INFO - [2024-05-06T18:43:37.174-0500] {dag.py:3954} INFO - Setting next_dagrun for example_weekday_branch_operator to 2024-05-05 00:00:00+00:00, run_after=2024-05-06 00:00:00+00:00
[2024-05-06T18:43:37.190-0500] {processor.py:183} INFO - Processing /Users/paulamedina/venv/lib/python3.12/site-packages/airflow/example_dags/example_branch_day_of_week_operator.py took 0.141 seconds
[2024-05-06T18:47:35.157-0500] {processor.py:161} INFO - Started process (PID=23338) to work on /Users/paulamedina/venv/lib/python3.12/site-packages/airflow/example_dags/example_branch_day_of_week_operator.py
[2024-05-06T18:47:35.159-0500] {processor.py:830} INFO - Processing file /Users/paulamedina/venv/lib/python3.12/site-packages/airflow/example_dags/example_branch_day_of_week_operator.py for tasks to queue
[2024-05-06T18:47:35.160-0500] {logging_mixin.py:188} INFO - [2024-05-06T18:47:35.159-0500] {dagbag.py:540} INFO - Filling up the DagBag from /Users/paulamedina/venv/lib/python3.12/site-packages/airflow/example_dags/example_branch_day_of_week_operator.py
[2024-05-06T18:47:35.173-0500] {processor.py:840} INFO - DAG(s) 'example_weekday_branch_operator' retrieved from /Users/paulamedina/venv/lib/python3.12/site-packages/airflow/example_dags/example_branch_day_of_week_operator.py
[2024-05-06T18:47:35.275-0500] {logging_mixin.py:188} INFO - [2024-05-06T18:47:35.275-0500] {dag.py:3096} INFO - Sync 1 DAGs
[2024-05-06T18:47:35.292-0500] {logging_mixin.py:188} INFO - [2024-05-06T18:47:35.292-0500] {dag.py:3954} INFO - Setting next_dagrun for example_weekday_branch_operator to 2024-05-05 00:00:00+00:00, run_after=2024-05-06 00:00:00+00:00
[2024-05-06T18:47:35.310-0500] {processor.py:183} INFO - Processing /Users/paulamedina/venv/lib/python3.12/site-packages/airflow/example_dags/example_branch_day_of_week_operator.py took 0.156 seconds
[2024-05-06T18:51:39.593-0500] {processor.py:161} INFO - Started process (PID=24206) to work on /Users/paulamedina/venv/lib/python3.12/site-packages/airflow/example_dags/example_branch_day_of_week_operator.py
[2024-05-06T18:51:39.594-0500] {processor.py:830} INFO - Processing file /Users/paulamedina/venv/lib/python3.12/site-packages/airflow/example_dags/example_branch_day_of_week_operator.py for tasks to queue
[2024-05-06T18:51:39.595-0500] {logging_mixin.py:188} INFO - [2024-05-06T18:51:39.595-0500] {dagbag.py:540} INFO - Filling up the DagBag from /Users/paulamedina/venv/lib/python3.12/site-packages/airflow/example_dags/example_branch_day_of_week_operator.py
[2024-05-06T18:51:39.607-0500] {processor.py:840} INFO - DAG(s) 'example_weekday_branch_operator' retrieved from /Users/paulamedina/venv/lib/python3.12/site-packages/airflow/example_dags/example_branch_day_of_week_operator.py
[2024-05-06T18:51:39.709-0500] {logging_mixin.py:188} INFO - [2024-05-06T18:51:39.709-0500] {dag.py:3096} INFO - Sync 1 DAGs
[2024-05-06T18:51:39.726-0500] {logging_mixin.py:188} INFO - [2024-05-06T18:51:39.726-0500] {dag.py:3954} INFO - Setting next_dagrun for example_weekday_branch_operator to 2024-05-05 00:00:00+00:00, run_after=2024-05-06 00:00:00+00:00
[2024-05-06T18:51:39.748-0500] {processor.py:183} INFO - Processing /Users/paulamedina/venv/lib/python3.12/site-packages/airflow/example_dags/example_branch_day_of_week_operator.py took 0.157 seconds
[2024-05-06T18:55:38.175-0500] {processor.py:161} INFO - Started process (PID=25046) to work on /Users/paulamedina/venv/lib/python3.12/site-packages/airflow/example_dags/example_branch_day_of_week_operator.py
[2024-05-06T18:55:38.177-0500] {processor.py:830} INFO - Processing file /Users/paulamedina/venv/lib/python3.12/site-packages/airflow/example_dags/example_branch_day_of_week_operator.py for tasks to queue
[2024-05-06T18:55:38.178-0500] {logging_mixin.py:188} INFO - [2024-05-06T18:55:38.178-0500] {dagbag.py:540} INFO - Filling up the DagBag from /Users/paulamedina/venv/lib/python3.12/site-packages/airflow/example_dags/example_branch_day_of_week_operator.py
[2024-05-06T18:55:38.203-0500] {processor.py:840} INFO - DAG(s) 'example_weekday_branch_operator' retrieved from /Users/paulamedina/venv/lib/python3.12/site-packages/airflow/example_dags/example_branch_day_of_week_operator.py
[2024-05-06T18:55:38.404-0500] {logging_mixin.py:188} INFO - [2024-05-06T18:55:38.403-0500] {dag.py:3096} INFO - Sync 1 DAGs
[2024-05-06T18:55:38.450-0500] {logging_mixin.py:188} INFO - [2024-05-06T18:55:38.449-0500] {dag.py:3954} INFO - Setting next_dagrun for example_weekday_branch_operator to 2024-05-05 00:00:00+00:00, run_after=2024-05-06 00:00:00+00:00
[2024-05-06T18:55:38.561-0500] {processor.py:183} INFO - Processing /Users/paulamedina/venv/lib/python3.12/site-packages/airflow/example_dags/example_branch_day_of_week_operator.py took 0.389 seconds
