[2024-05-06T18:11:14.724-0500] {processor.py:161} INFO - Started process (PID=7865) to work on /Users/paulamedina/venv/lib/python3.12/site-packages/airflow/example_dags/example_datasets.py
[2024-05-06T18:11:14.725-0500] {processor.py:830} INFO - Processing file /Users/paulamedina/venv/lib/python3.12/site-packages/airflow/example_dags/example_datasets.py for tasks to queue
[2024-05-06T18:11:14.726-0500] {logging_mixin.py:188} INFO - [2024-05-06T18:11:14.726-0500] {dagbag.py:540} INFO - Filling up the DagBag from /Users/paulamedina/venv/lib/python3.12/site-packages/airflow/example_dags/example_datasets.py
[2024-05-06T18:11:14.788-0500] {processor.py:840} INFO - DAG(s) 'dataset_consumes_1_never_scheduled', 'consume_1_and_2_with_dataset_expressions', 'dataset_consumes_1', 'dataset_produces_2', 'dataset_produces_1', 'consume_1_or_2_with_dataset_expressions', 'dataset_consumes_1_and_2', 'consume_1_or_both_2_and_3_with_dataset_expressions', 'conditional_dataset_and_time_based_timetable', 'dataset_consumes_unknown_never_scheduled' retrieved from /Users/paulamedina/venv/lib/python3.12/site-packages/airflow/example_dags/example_datasets.py
[2024-05-06T18:11:15.066-0500] {logging_mixin.py:188} INFO - [2024-05-06T18:11:15.066-0500] {dag.py:3096} INFO - Sync 10 DAGs
[2024-05-06T18:11:15.089-0500] {logging_mixin.py:188} INFO - [2024-05-06T18:11:15.089-0500] {dag.py:3954} INFO - Setting next_dagrun for conditional_dataset_and_time_based_timetable to 2024-05-01 01:00:00+00:00, run_after=2024-05-01 01:00:00+00:00
[2024-05-06T18:11:15.092-0500] {logging_mixin.py:188} INFO - [2024-05-06T18:11:15.091-0500] {dag.py:3954} INFO - Setting next_dagrun for consume_1_and_2_with_dataset_expressions to None, run_after=None
[2024-05-06T18:11:15.093-0500] {logging_mixin.py:188} INFO - [2024-05-06T18:11:15.092-0500] {dag.py:3954} INFO - Setting next_dagrun for consume_1_or_2_with_dataset_expressions to None, run_after=None
[2024-05-06T18:11:15.094-0500] {logging_mixin.py:188} INFO - [2024-05-06T18:11:15.093-0500] {dag.py:3954} INFO - Setting next_dagrun for consume_1_or_both_2_and_3_with_dataset_expressions to None, run_after=None
[2024-05-06T18:11:15.095-0500] {logging_mixin.py:188} INFO - [2024-05-06T18:11:15.094-0500] {dag.py:3954} INFO - Setting next_dagrun for dataset_consumes_1 to None, run_after=None
[2024-05-06T18:11:15.095-0500] {logging_mixin.py:188} INFO - [2024-05-06T18:11:15.095-0500] {dag.py:3954} INFO - Setting next_dagrun for dataset_consumes_1_and_2 to None, run_after=None
[2024-05-06T18:11:15.096-0500] {logging_mixin.py:188} INFO - [2024-05-06T18:11:15.096-0500] {dag.py:3954} INFO - Setting next_dagrun for dataset_consumes_1_never_scheduled to None, run_after=None
[2024-05-06T18:11:15.097-0500] {logging_mixin.py:188} INFO - [2024-05-06T18:11:15.097-0500] {dag.py:3954} INFO - Setting next_dagrun for dataset_consumes_unknown_never_scheduled to None, run_after=None
[2024-05-06T18:11:15.100-0500] {logging_mixin.py:188} INFO - [2024-05-06T18:11:15.100-0500] {dag.py:3954} INFO - Setting next_dagrun for dataset_produces_1 to 2024-05-05 00:00:00+00:00, run_after=2024-05-06 00:00:00+00:00
[2024-05-06T18:11:15.101-0500] {logging_mixin.py:188} INFO - [2024-05-06T18:11:15.101-0500] {dag.py:3954} INFO - Setting next_dagrun for dataset_produces_2 to None, run_after=None
[2024-05-06T18:11:15.129-0500] {processor.py:183} INFO - Processing /Users/paulamedina/venv/lib/python3.12/site-packages/airflow/example_dags/example_datasets.py took 0.408 seconds
[2024-05-06T18:15:05.725-0500] {processor.py:161} INFO - Started process (PID=10996) to work on /Users/paulamedina/venv/lib/python3.12/site-packages/airflow/example_dags/example_datasets.py
[2024-05-06T18:15:05.726-0500] {processor.py:830} INFO - Processing file /Users/paulamedina/venv/lib/python3.12/site-packages/airflow/example_dags/example_datasets.py for tasks to queue
[2024-05-06T18:15:05.727-0500] {logging_mixin.py:188} INFO - [2024-05-06T18:15:05.727-0500] {dagbag.py:540} INFO - Filling up the DagBag from /Users/paulamedina/venv/lib/python3.12/site-packages/airflow/example_dags/example_datasets.py
[2024-05-06T18:15:05.784-0500] {processor.py:840} INFO - DAG(s) 'consume_1_or_2_with_dataset_expressions', 'dataset_consumes_1_never_scheduled', 'dataset_consumes_unknown_never_scheduled', 'dataset_consumes_1', 'consume_1_and_2_with_dataset_expressions', 'conditional_dataset_and_time_based_timetable', 'dataset_produces_2', 'dataset_produces_1', 'dataset_consumes_1_and_2', 'consume_1_or_both_2_and_3_with_dataset_expressions' retrieved from /Users/paulamedina/venv/lib/python3.12/site-packages/airflow/example_dags/example_datasets.py
[2024-05-06T18:15:05.917-0500] {logging_mixin.py:188} INFO - [2024-05-06T18:15:05.917-0500] {dag.py:3096} INFO - Sync 10 DAGs
[2024-05-06T18:15:05.935-0500] {logging_mixin.py:188} INFO - [2024-05-06T18:15:05.935-0500] {dag.py:3954} INFO - Setting next_dagrun for conditional_dataset_and_time_based_timetable to 2024-05-01 01:00:00+00:00, run_after=2024-05-01 01:00:00+00:00
[2024-05-06T18:15:05.938-0500] {logging_mixin.py:188} INFO - [2024-05-06T18:15:05.938-0500] {dag.py:3954} INFO - Setting next_dagrun for consume_1_and_2_with_dataset_expressions to None, run_after=None
[2024-05-06T18:15:05.939-0500] {logging_mixin.py:188} INFO - [2024-05-06T18:15:05.939-0500] {dag.py:3954} INFO - Setting next_dagrun for consume_1_or_2_with_dataset_expressions to None, run_after=None
[2024-05-06T18:15:05.940-0500] {logging_mixin.py:188} INFO - [2024-05-06T18:15:05.940-0500] {dag.py:3954} INFO - Setting next_dagrun for consume_1_or_both_2_and_3_with_dataset_expressions to None, run_after=None
[2024-05-06T18:15:05.941-0500] {logging_mixin.py:188} INFO - [2024-05-06T18:15:05.940-0500] {dag.py:3954} INFO - Setting next_dagrun for dataset_consumes_1 to None, run_after=None
[2024-05-06T18:15:05.942-0500] {logging_mixin.py:188} INFO - [2024-05-06T18:15:05.941-0500] {dag.py:3954} INFO - Setting next_dagrun for dataset_consumes_1_and_2 to None, run_after=None
[2024-05-06T18:15:05.942-0500] {logging_mixin.py:188} INFO - [2024-05-06T18:15:05.942-0500] {dag.py:3954} INFO - Setting next_dagrun for dataset_consumes_1_never_scheduled to None, run_after=None
[2024-05-06T18:15:05.943-0500] {logging_mixin.py:188} INFO - [2024-05-06T18:15:05.943-0500] {dag.py:3954} INFO - Setting next_dagrun for dataset_consumes_unknown_never_scheduled to None, run_after=None
[2024-05-06T18:15:05.945-0500] {logging_mixin.py:188} INFO - [2024-05-06T18:15:05.945-0500] {dag.py:3954} INFO - Setting next_dagrun for dataset_produces_1 to 2024-05-05 00:00:00+00:00, run_after=2024-05-06 00:00:00+00:00
[2024-05-06T18:15:05.946-0500] {logging_mixin.py:188} INFO - [2024-05-06T18:15:05.946-0500] {dag.py:3954} INFO - Setting next_dagrun for dataset_produces_2 to None, run_after=None
[2024-05-06T18:15:05.976-0500] {processor.py:183} INFO - Processing /Users/paulamedina/venv/lib/python3.12/site-packages/airflow/example_dags/example_datasets.py took 0.253 seconds
[2024-05-06T18:18:57.358-0500] {processor.py:161} INFO - Started process (PID=14145) to work on /Users/paulamedina/venv/lib/python3.12/site-packages/airflow/example_dags/example_datasets.py
[2024-05-06T18:18:57.359-0500] {processor.py:830} INFO - Processing file /Users/paulamedina/venv/lib/python3.12/site-packages/airflow/example_dags/example_datasets.py for tasks to queue
[2024-05-06T18:18:57.359-0500] {logging_mixin.py:188} INFO - [2024-05-06T18:18:57.359-0500] {dagbag.py:540} INFO - Filling up the DagBag from /Users/paulamedina/venv/lib/python3.12/site-packages/airflow/example_dags/example_datasets.py
[2024-05-06T18:18:57.423-0500] {processor.py:840} INFO - DAG(s) 'consume_1_or_both_2_and_3_with_dataset_expressions', 'dataset_consumes_1_never_scheduled', 'dataset_produces_1', 'consume_1_or_2_with_dataset_expressions', 'dataset_consumes_1_and_2', 'dataset_consumes_1', 'conditional_dataset_and_time_based_timetable', 'dataset_produces_2', 'consume_1_and_2_with_dataset_expressions', 'dataset_consumes_unknown_never_scheduled' retrieved from /Users/paulamedina/venv/lib/python3.12/site-packages/airflow/example_dags/example_datasets.py
[2024-05-06T18:18:57.552-0500] {logging_mixin.py:188} INFO - [2024-05-06T18:18:57.551-0500] {dag.py:3096} INFO - Sync 10 DAGs
[2024-05-06T18:18:57.569-0500] {logging_mixin.py:188} INFO - [2024-05-06T18:18:57.569-0500] {dag.py:3954} INFO - Setting next_dagrun for conditional_dataset_and_time_based_timetable to 2024-05-01 01:00:00+00:00, run_after=2024-05-01 01:00:00+00:00
[2024-05-06T18:18:57.572-0500] {logging_mixin.py:188} INFO - [2024-05-06T18:18:57.572-0500] {dag.py:3954} INFO - Setting next_dagrun for consume_1_and_2_with_dataset_expressions to None, run_after=None
[2024-05-06T18:18:57.573-0500] {logging_mixin.py:188} INFO - [2024-05-06T18:18:57.573-0500] {dag.py:3954} INFO - Setting next_dagrun for consume_1_or_2_with_dataset_expressions to None, run_after=None
[2024-05-06T18:18:57.574-0500] {logging_mixin.py:188} INFO - [2024-05-06T18:18:57.574-0500] {dag.py:3954} INFO - Setting next_dagrun for consume_1_or_both_2_and_3_with_dataset_expressions to None, run_after=None
[2024-05-06T18:18:57.575-0500] {logging_mixin.py:188} INFO - [2024-05-06T18:18:57.575-0500] {dag.py:3954} INFO - Setting next_dagrun for dataset_consumes_1 to None, run_after=None
[2024-05-06T18:18:57.576-0500] {logging_mixin.py:188} INFO - [2024-05-06T18:18:57.576-0500] {dag.py:3954} INFO - Setting next_dagrun for dataset_consumes_1_and_2 to None, run_after=None
[2024-05-06T18:18:57.577-0500] {logging_mixin.py:188} INFO - [2024-05-06T18:18:57.577-0500] {dag.py:3954} INFO - Setting next_dagrun for dataset_consumes_1_never_scheduled to None, run_after=None
[2024-05-06T18:18:57.577-0500] {logging_mixin.py:188} INFO - [2024-05-06T18:18:57.577-0500] {dag.py:3954} INFO - Setting next_dagrun for dataset_consumes_unknown_never_scheduled to None, run_after=None
[2024-05-06T18:18:57.579-0500] {logging_mixin.py:188} INFO - [2024-05-06T18:18:57.579-0500] {dag.py:3954} INFO - Setting next_dagrun for dataset_produces_1 to 2024-05-05 00:00:00+00:00, run_after=2024-05-06 00:00:00+00:00
[2024-05-06T18:18:57.580-0500] {logging_mixin.py:188} INFO - [2024-05-06T18:18:57.580-0500] {dag.py:3954} INFO - Setting next_dagrun for dataset_produces_2 to None, run_after=None
[2024-05-06T18:18:57.605-0500] {processor.py:183} INFO - Processing /Users/paulamedina/venv/lib/python3.12/site-packages/airflow/example_dags/example_datasets.py took 0.249 seconds
[2024-05-06T18:21:30.298-0500] {processor.py:161} INFO - Started process (PID=16152) to work on /Users/paulamedina/venv/lib/python3.12/site-packages/airflow/example_dags/example_datasets.py
[2024-05-06T18:21:30.299-0500] {processor.py:830} INFO - Processing file /Users/paulamedina/venv/lib/python3.12/site-packages/airflow/example_dags/example_datasets.py for tasks to queue
[2024-05-06T18:21:30.300-0500] {logging_mixin.py:188} INFO - [2024-05-06T18:21:30.300-0500] {dagbag.py:540} INFO - Filling up the DagBag from /Users/paulamedina/venv/lib/python3.12/site-packages/airflow/example_dags/example_datasets.py
[2024-05-06T18:21:30.358-0500] {processor.py:840} INFO - DAG(s) 'dataset_consumes_1', 'consume_1_or_both_2_and_3_with_dataset_expressions', 'dataset_produces_1', 'dataset_consumes_1_and_2', 'dataset_consumes_unknown_never_scheduled', 'consume_1_and_2_with_dataset_expressions', 'dataset_produces_2', 'conditional_dataset_and_time_based_timetable', 'dataset_consumes_1_never_scheduled', 'consume_1_or_2_with_dataset_expressions' retrieved from /Users/paulamedina/venv/lib/python3.12/site-packages/airflow/example_dags/example_datasets.py
[2024-05-06T18:21:30.484-0500] {logging_mixin.py:188} INFO - [2024-05-06T18:21:30.483-0500] {dag.py:3096} INFO - Sync 10 DAGs
[2024-05-06T18:21:30.502-0500] {logging_mixin.py:188} INFO - [2024-05-06T18:21:30.502-0500] {dag.py:3954} INFO - Setting next_dagrun for conditional_dataset_and_time_based_timetable to 2024-05-01 01:00:00+00:00, run_after=2024-05-01 01:00:00+00:00
[2024-05-06T18:21:30.505-0500] {logging_mixin.py:188} INFO - [2024-05-06T18:21:30.505-0500] {dag.py:3954} INFO - Setting next_dagrun for consume_1_and_2_with_dataset_expressions to None, run_after=None
[2024-05-06T18:21:30.506-0500] {logging_mixin.py:188} INFO - [2024-05-06T18:21:30.506-0500] {dag.py:3954} INFO - Setting next_dagrun for consume_1_or_2_with_dataset_expressions to None, run_after=None
[2024-05-06T18:21:30.507-0500] {logging_mixin.py:188} INFO - [2024-05-06T18:21:30.507-0500] {dag.py:3954} INFO - Setting next_dagrun for consume_1_or_both_2_and_3_with_dataset_expressions to None, run_after=None
[2024-05-06T18:21:30.508-0500] {logging_mixin.py:188} INFO - [2024-05-06T18:21:30.508-0500] {dag.py:3954} INFO - Setting next_dagrun for dataset_consumes_1 to None, run_after=None
[2024-05-06T18:21:30.509-0500] {logging_mixin.py:188} INFO - [2024-05-06T18:21:30.509-0500] {dag.py:3954} INFO - Setting next_dagrun for dataset_consumes_1_and_2 to None, run_after=None
[2024-05-06T18:21:30.510-0500] {logging_mixin.py:188} INFO - [2024-05-06T18:21:30.510-0500] {dag.py:3954} INFO - Setting next_dagrun for dataset_consumes_1_never_scheduled to None, run_after=None
[2024-05-06T18:21:30.511-0500] {logging_mixin.py:188} INFO - [2024-05-06T18:21:30.511-0500] {dag.py:3954} INFO - Setting next_dagrun for dataset_consumes_unknown_never_scheduled to None, run_after=None
[2024-05-06T18:21:30.513-0500] {logging_mixin.py:188} INFO - [2024-05-06T18:21:30.513-0500] {dag.py:3954} INFO - Setting next_dagrun for dataset_produces_1 to 2024-05-05 00:00:00+00:00, run_after=2024-05-06 00:00:00+00:00
[2024-05-06T18:21:30.514-0500] {logging_mixin.py:188} INFO - [2024-05-06T18:21:30.514-0500] {dag.py:3954} INFO - Setting next_dagrun for dataset_produces_2 to None, run_after=None
[2024-05-06T18:21:30.542-0500] {processor.py:183} INFO - Processing /Users/paulamedina/venv/lib/python3.12/site-packages/airflow/example_dags/example_datasets.py took 0.246 seconds
[2024-05-06T18:25:39.786-0500] {processor.py:161} INFO - Started process (PID=18518) to work on /Users/paulamedina/venv/lib/python3.12/site-packages/airflow/example_dags/example_datasets.py
[2024-05-06T18:25:39.788-0500] {processor.py:830} INFO - Processing file /Users/paulamedina/venv/lib/python3.12/site-packages/airflow/example_dags/example_datasets.py for tasks to queue
[2024-05-06T18:25:39.789-0500] {logging_mixin.py:188} INFO - [2024-05-06T18:25:39.788-0500] {dagbag.py:540} INFO - Filling up the DagBag from /Users/paulamedina/venv/lib/python3.12/site-packages/airflow/example_dags/example_datasets.py
[2024-05-06T18:25:39.877-0500] {processor.py:840} INFO - DAG(s) 'dataset_consumes_1', 'dataset_produces_2', 'consume_1_and_2_with_dataset_expressions', 'dataset_consumes_unknown_never_scheduled', 'dataset_consumes_1_and_2', 'dataset_produces_1', 'dataset_consumes_1_never_scheduled', 'conditional_dataset_and_time_based_timetable', 'consume_1_or_both_2_and_3_with_dataset_expressions', 'consume_1_or_2_with_dataset_expressions' retrieved from /Users/paulamedina/venv/lib/python3.12/site-packages/airflow/example_dags/example_datasets.py
[2024-05-06T18:25:39.981-0500] {logging_mixin.py:188} INFO - [2024-05-06T18:25:39.981-0500] {dag.py:3096} INFO - Sync 10 DAGs
[2024-05-06T18:25:39.995-0500] {logging_mixin.py:188} INFO - [2024-05-06T18:25:39.995-0500] {dag.py:3954} INFO - Setting next_dagrun for conditional_dataset_and_time_based_timetable to 2024-05-01 01:00:00+00:00, run_after=2024-05-01 01:00:00+00:00
[2024-05-06T18:25:39.998-0500] {logging_mixin.py:188} INFO - [2024-05-06T18:25:39.998-0500] {dag.py:3954} INFO - Setting next_dagrun for consume_1_and_2_with_dataset_expressions to None, run_after=None
[2024-05-06T18:25:39.998-0500] {logging_mixin.py:188} INFO - [2024-05-06T18:25:39.998-0500] {dag.py:3954} INFO - Setting next_dagrun for consume_1_or_2_with_dataset_expressions to None, run_after=None
[2024-05-06T18:25:39.999-0500] {logging_mixin.py:188} INFO - [2024-05-06T18:25:39.999-0500] {dag.py:3954} INFO - Setting next_dagrun for consume_1_or_both_2_and_3_with_dataset_expressions to None, run_after=None
[2024-05-06T18:25:40.000-0500] {logging_mixin.py:188} INFO - [2024-05-06T18:25:40.000-0500] {dag.py:3954} INFO - Setting next_dagrun for dataset_consumes_1 to None, run_after=None
[2024-05-06T18:25:40.000-0500] {logging_mixin.py:188} INFO - [2024-05-06T18:25:40.000-0500] {dag.py:3954} INFO - Setting next_dagrun for dataset_consumes_1_and_2 to None, run_after=None
[2024-05-06T18:25:40.001-0500] {logging_mixin.py:188} INFO - [2024-05-06T18:25:40.001-0500] {dag.py:3954} INFO - Setting next_dagrun for dataset_consumes_1_never_scheduled to None, run_after=None
[2024-05-06T18:25:40.002-0500] {logging_mixin.py:188} INFO - [2024-05-06T18:25:40.002-0500] {dag.py:3954} INFO - Setting next_dagrun for dataset_consumes_unknown_never_scheduled to None, run_after=None
[2024-05-06T18:25:40.003-0500] {logging_mixin.py:188} INFO - [2024-05-06T18:25:40.003-0500] {dag.py:3954} INFO - Setting next_dagrun for dataset_produces_1 to 2024-05-05 00:00:00+00:00, run_after=2024-05-06 00:00:00+00:00
[2024-05-06T18:25:40.004-0500] {logging_mixin.py:188} INFO - [2024-05-06T18:25:40.004-0500] {dag.py:3954} INFO - Setting next_dagrun for dataset_produces_2 to None, run_after=None
[2024-05-06T18:25:40.026-0500] {processor.py:183} INFO - Processing /Users/paulamedina/venv/lib/python3.12/site-packages/airflow/example_dags/example_datasets.py took 0.242 seconds
[2024-05-06T18:29:38.745-0500] {processor.py:161} INFO - Started process (PID=19366) to work on /Users/paulamedina/venv/lib/python3.12/site-packages/airflow/example_dags/example_datasets.py
[2024-05-06T18:29:38.746-0500] {processor.py:830} INFO - Processing file /Users/paulamedina/venv/lib/python3.12/site-packages/airflow/example_dags/example_datasets.py for tasks to queue
[2024-05-06T18:29:38.747-0500] {logging_mixin.py:188} INFO - [2024-05-06T18:29:38.747-0500] {dagbag.py:540} INFO - Filling up the DagBag from /Users/paulamedina/venv/lib/python3.12/site-packages/airflow/example_dags/example_datasets.py
[2024-05-06T18:29:38.826-0500] {processor.py:840} INFO - DAG(s) 'dataset_consumes_1_never_scheduled', 'conditional_dataset_and_time_based_timetable', 'dataset_consumes_unknown_never_scheduled', 'dataset_consumes_1', 'consume_1_and_2_with_dataset_expressions', 'dataset_produces_2', 'dataset_produces_1', 'consume_1_or_2_with_dataset_expressions', 'consume_1_or_both_2_and_3_with_dataset_expressions', 'dataset_consumes_1_and_2' retrieved from /Users/paulamedina/venv/lib/python3.12/site-packages/airflow/example_dags/example_datasets.py
[2024-05-06T18:29:38.948-0500] {logging_mixin.py:188} INFO - [2024-05-06T18:29:38.948-0500] {dag.py:3096} INFO - Sync 10 DAGs
[2024-05-06T18:29:38.966-0500] {logging_mixin.py:188} INFO - [2024-05-06T18:29:38.966-0500] {dag.py:3954} INFO - Setting next_dagrun for conditional_dataset_and_time_based_timetable to 2024-05-01 01:00:00+00:00, run_after=2024-05-01 01:00:00+00:00
[2024-05-06T18:29:38.969-0500] {logging_mixin.py:188} INFO - [2024-05-06T18:29:38.969-0500] {dag.py:3954} INFO - Setting next_dagrun for consume_1_and_2_with_dataset_expressions to None, run_after=None
[2024-05-06T18:29:38.970-0500] {logging_mixin.py:188} INFO - [2024-05-06T18:29:38.970-0500] {dag.py:3954} INFO - Setting next_dagrun for consume_1_or_2_with_dataset_expressions to None, run_after=None
[2024-05-06T18:29:38.971-0500] {logging_mixin.py:188} INFO - [2024-05-06T18:29:38.971-0500] {dag.py:3954} INFO - Setting next_dagrun for consume_1_or_both_2_and_3_with_dataset_expressions to None, run_after=None
[2024-05-06T18:29:38.972-0500] {logging_mixin.py:188} INFO - [2024-05-06T18:29:38.972-0500] {dag.py:3954} INFO - Setting next_dagrun for dataset_consumes_1 to None, run_after=None
[2024-05-06T18:29:38.973-0500] {logging_mixin.py:188} INFO - [2024-05-06T18:29:38.972-0500] {dag.py:3954} INFO - Setting next_dagrun for dataset_consumes_1_and_2 to None, run_after=None
[2024-05-06T18:29:38.973-0500] {logging_mixin.py:188} INFO - [2024-05-06T18:29:38.973-0500] {dag.py:3954} INFO - Setting next_dagrun for dataset_consumes_1_never_scheduled to None, run_after=None
[2024-05-06T18:29:38.974-0500] {logging_mixin.py:188} INFO - [2024-05-06T18:29:38.974-0500] {dag.py:3954} INFO - Setting next_dagrun for dataset_consumes_unknown_never_scheduled to None, run_after=None
[2024-05-06T18:29:38.976-0500] {logging_mixin.py:188} INFO - [2024-05-06T18:29:38.976-0500] {dag.py:3954} INFO - Setting next_dagrun for dataset_produces_1 to 2024-05-05 00:00:00+00:00, run_after=2024-05-06 00:00:00+00:00
[2024-05-06T18:29:38.977-0500] {logging_mixin.py:188} INFO - [2024-05-06T18:29:38.977-0500] {dag.py:3954} INFO - Setting next_dagrun for dataset_produces_2 to None, run_after=None
[2024-05-06T18:29:39.005-0500] {processor.py:183} INFO - Processing /Users/paulamedina/venv/lib/python3.12/site-packages/airflow/example_dags/example_datasets.py took 0.262 seconds
[2024-05-06T18:33:50.606-0500] {processor.py:161} INFO - Started process (PID=20301) to work on /Users/paulamedina/venv/lib/python3.12/site-packages/airflow/example_dags/example_datasets.py
[2024-05-06T18:33:50.608-0500] {processor.py:830} INFO - Processing file /Users/paulamedina/venv/lib/python3.12/site-packages/airflow/example_dags/example_datasets.py for tasks to queue
[2024-05-06T18:33:50.609-0500] {logging_mixin.py:188} INFO - [2024-05-06T18:33:50.608-0500] {dagbag.py:540} INFO - Filling up the DagBag from /Users/paulamedina/venv/lib/python3.12/site-packages/airflow/example_dags/example_datasets.py
[2024-05-06T18:33:50.689-0500] {processor.py:840} INFO - DAG(s) 'consume_1_or_both_2_and_3_with_dataset_expressions', 'dataset_consumes_1_and_2', 'dataset_produces_1', 'dataset_consumes_1', 'consume_1_and_2_with_dataset_expressions', 'dataset_consumes_unknown_never_scheduled', 'conditional_dataset_and_time_based_timetable', 'consume_1_or_2_with_dataset_expressions', 'dataset_produces_2', 'dataset_consumes_1_never_scheduled' retrieved from /Users/paulamedina/venv/lib/python3.12/site-packages/airflow/example_dags/example_datasets.py
[2024-05-06T18:33:50.825-0500] {logging_mixin.py:188} INFO - [2024-05-06T18:33:50.824-0500] {dag.py:3096} INFO - Sync 10 DAGs
[2024-05-06T18:33:50.846-0500] {logging_mixin.py:188} INFO - [2024-05-06T18:33:50.846-0500] {dag.py:3954} INFO - Setting next_dagrun for conditional_dataset_and_time_based_timetable to 2024-05-01 01:00:00+00:00, run_after=2024-05-01 01:00:00+00:00
[2024-05-06T18:33:50.850-0500] {logging_mixin.py:188} INFO - [2024-05-06T18:33:50.850-0500] {dag.py:3954} INFO - Setting next_dagrun for consume_1_and_2_with_dataset_expressions to None, run_after=None
[2024-05-06T18:33:50.851-0500] {logging_mixin.py:188} INFO - [2024-05-06T18:33:50.851-0500] {dag.py:3954} INFO - Setting next_dagrun for consume_1_or_2_with_dataset_expressions to None, run_after=None
[2024-05-06T18:33:50.852-0500] {logging_mixin.py:188} INFO - [2024-05-06T18:33:50.852-0500] {dag.py:3954} INFO - Setting next_dagrun for consume_1_or_both_2_and_3_with_dataset_expressions to None, run_after=None
[2024-05-06T18:33:50.853-0500] {logging_mixin.py:188} INFO - [2024-05-06T18:33:50.853-0500] {dag.py:3954} INFO - Setting next_dagrun for dataset_consumes_1 to None, run_after=None
[2024-05-06T18:33:50.854-0500] {logging_mixin.py:188} INFO - [2024-05-06T18:33:50.854-0500] {dag.py:3954} INFO - Setting next_dagrun for dataset_consumes_1_and_2 to None, run_after=None
[2024-05-06T18:33:50.855-0500] {logging_mixin.py:188} INFO - [2024-05-06T18:33:50.855-0500] {dag.py:3954} INFO - Setting next_dagrun for dataset_consumes_1_never_scheduled to None, run_after=None
[2024-05-06T18:33:50.856-0500] {logging_mixin.py:188} INFO - [2024-05-06T18:33:50.856-0500] {dag.py:3954} INFO - Setting next_dagrun for dataset_consumes_unknown_never_scheduled to None, run_after=None
[2024-05-06T18:33:50.858-0500] {logging_mixin.py:188} INFO - [2024-05-06T18:33:50.858-0500] {dag.py:3954} INFO - Setting next_dagrun for dataset_produces_1 to 2024-05-05 00:00:00+00:00, run_after=2024-05-06 00:00:00+00:00
[2024-05-06T18:33:50.859-0500] {logging_mixin.py:188} INFO - [2024-05-06T18:33:50.859-0500] {dag.py:3954} INFO - Setting next_dagrun for dataset_produces_2 to None, run_after=None
[2024-05-06T18:33:50.889-0500] {processor.py:183} INFO - Processing /Users/paulamedina/venv/lib/python3.12/site-packages/airflow/example_dags/example_datasets.py took 0.285 seconds
[2024-05-06T18:37:48.705-0500] {processor.py:161} INFO - Started process (PID=21135) to work on /Users/paulamedina/venv/lib/python3.12/site-packages/airflow/example_dags/example_datasets.py
[2024-05-06T18:37:48.713-0500] {processor.py:830} INFO - Processing file /Users/paulamedina/venv/lib/python3.12/site-packages/airflow/example_dags/example_datasets.py for tasks to queue
[2024-05-06T18:37:48.714-0500] {logging_mixin.py:188} INFO - [2024-05-06T18:37:48.714-0500] {dagbag.py:540} INFO - Filling up the DagBag from /Users/paulamedina/venv/lib/python3.12/site-packages/airflow/example_dags/example_datasets.py
[2024-05-06T18:37:48.799-0500] {processor.py:840} INFO - DAG(s) 'consume_1_and_2_with_dataset_expressions', 'consume_1_or_both_2_and_3_with_dataset_expressions', 'dataset_produces_2', 'dataset_consumes_1_and_2', 'dataset_produces_1', 'dataset_consumes_1_never_scheduled', 'dataset_consumes_unknown_never_scheduled', 'conditional_dataset_and_time_based_timetable', 'dataset_consumes_1', 'consume_1_or_2_with_dataset_expressions' retrieved from /Users/paulamedina/venv/lib/python3.12/site-packages/airflow/example_dags/example_datasets.py
[2024-05-06T18:37:48.916-0500] {logging_mixin.py:188} INFO - [2024-05-06T18:37:48.916-0500] {dag.py:3096} INFO - Sync 10 DAGs
[2024-05-06T18:37:48.933-0500] {logging_mixin.py:188} INFO - [2024-05-06T18:37:48.933-0500] {dag.py:3954} INFO - Setting next_dagrun for conditional_dataset_and_time_based_timetable to 2024-05-01 01:00:00+00:00, run_after=2024-05-01 01:00:00+00:00
[2024-05-06T18:37:48.956-0500] {logging_mixin.py:188} INFO - [2024-05-06T18:37:48.955-0500] {dag.py:3954} INFO - Setting next_dagrun for consume_1_and_2_with_dataset_expressions to None, run_after=None
[2024-05-06T18:37:48.957-0500] {logging_mixin.py:188} INFO - [2024-05-06T18:37:48.956-0500] {dag.py:3954} INFO - Setting next_dagrun for consume_1_or_2_with_dataset_expressions to None, run_after=None
[2024-05-06T18:37:48.958-0500] {logging_mixin.py:188} INFO - [2024-05-06T18:37:48.957-0500] {dag.py:3954} INFO - Setting next_dagrun for consume_1_or_both_2_and_3_with_dataset_expressions to None, run_after=None
[2024-05-06T18:37:48.958-0500] {logging_mixin.py:188} INFO - [2024-05-06T18:37:48.958-0500] {dag.py:3954} INFO - Setting next_dagrun for dataset_consumes_1 to None, run_after=None
[2024-05-06T18:37:48.959-0500] {logging_mixin.py:188} INFO - [2024-05-06T18:37:48.959-0500] {dag.py:3954} INFO - Setting next_dagrun for dataset_consumes_1_and_2 to None, run_after=None
[2024-05-06T18:37:48.960-0500] {logging_mixin.py:188} INFO - [2024-05-06T18:37:48.960-0500] {dag.py:3954} INFO - Setting next_dagrun for dataset_consumes_1_never_scheduled to None, run_after=None
[2024-05-06T18:37:48.961-0500] {logging_mixin.py:188} INFO - [2024-05-06T18:37:48.961-0500] {dag.py:3954} INFO - Setting next_dagrun for dataset_consumes_unknown_never_scheduled to None, run_after=None
[2024-05-06T18:37:48.963-0500] {logging_mixin.py:188} INFO - [2024-05-06T18:37:48.963-0500] {dag.py:3954} INFO - Setting next_dagrun for dataset_produces_1 to 2024-05-05 00:00:00+00:00, run_after=2024-05-06 00:00:00+00:00
[2024-05-06T18:37:48.964-0500] {logging_mixin.py:188} INFO - [2024-05-06T18:37:48.964-0500] {dag.py:3954} INFO - Setting next_dagrun for dataset_produces_2 to None, run_after=None
[2024-05-06T18:37:48.992-0500] {processor.py:183} INFO - Processing /Users/paulamedina/venv/lib/python3.12/site-packages/airflow/example_dags/example_datasets.py took 0.290 seconds
[2024-05-06T18:41:39.193-0500] {processor.py:161} INFO - Started process (PID=21972) to work on /Users/paulamedina/venv/lib/python3.12/site-packages/airflow/example_dags/example_datasets.py
[2024-05-06T18:41:39.195-0500] {processor.py:830} INFO - Processing file /Users/paulamedina/venv/lib/python3.12/site-packages/airflow/example_dags/example_datasets.py for tasks to queue
[2024-05-06T18:41:39.196-0500] {logging_mixin.py:188} INFO - [2024-05-06T18:41:39.196-0500] {dagbag.py:540} INFO - Filling up the DagBag from /Users/paulamedina/venv/lib/python3.12/site-packages/airflow/example_dags/example_datasets.py
[2024-05-06T18:41:39.276-0500] {processor.py:840} INFO - DAG(s) 'dataset_consumes_unknown_never_scheduled', 'dataset_consumes_1_never_scheduled', 'conditional_dataset_and_time_based_timetable', 'consume_1_and_2_with_dataset_expressions', 'dataset_produces_2', 'consume_1_or_both_2_and_3_with_dataset_expressions', 'dataset_produces_1', 'dataset_consumes_1', 'dataset_consumes_1_and_2', 'consume_1_or_2_with_dataset_expressions' retrieved from /Users/paulamedina/venv/lib/python3.12/site-packages/airflow/example_dags/example_datasets.py
[2024-05-06T18:41:39.391-0500] {logging_mixin.py:188} INFO - [2024-05-06T18:41:39.391-0500] {dag.py:3096} INFO - Sync 10 DAGs
[2024-05-06T18:41:39.408-0500] {logging_mixin.py:188} INFO - [2024-05-06T18:41:39.408-0500] {dag.py:3954} INFO - Setting next_dagrun for conditional_dataset_and_time_based_timetable to 2024-05-01 01:00:00+00:00, run_after=2024-05-01 01:00:00+00:00
[2024-05-06T18:41:39.411-0500] {logging_mixin.py:188} INFO - [2024-05-06T18:41:39.411-0500] {dag.py:3954} INFO - Setting next_dagrun for consume_1_and_2_with_dataset_expressions to None, run_after=None
[2024-05-06T18:41:39.412-0500] {logging_mixin.py:188} INFO - [2024-05-06T18:41:39.412-0500] {dag.py:3954} INFO - Setting next_dagrun for consume_1_or_2_with_dataset_expressions to None, run_after=None
[2024-05-06T18:41:39.412-0500] {logging_mixin.py:188} INFO - [2024-05-06T18:41:39.412-0500] {dag.py:3954} INFO - Setting next_dagrun for consume_1_or_both_2_and_3_with_dataset_expressions to None, run_after=None
[2024-05-06T18:41:39.413-0500] {logging_mixin.py:188} INFO - [2024-05-06T18:41:39.413-0500] {dag.py:3954} INFO - Setting next_dagrun for dataset_consumes_1 to None, run_after=None
[2024-05-06T18:41:39.414-0500] {logging_mixin.py:188} INFO - [2024-05-06T18:41:39.414-0500] {dag.py:3954} INFO - Setting next_dagrun for dataset_consumes_1_and_2 to None, run_after=None
[2024-05-06T18:41:39.415-0500] {logging_mixin.py:188} INFO - [2024-05-06T18:41:39.415-0500] {dag.py:3954} INFO - Setting next_dagrun for dataset_consumes_1_never_scheduled to None, run_after=None
[2024-05-06T18:41:39.416-0500] {logging_mixin.py:188} INFO - [2024-05-06T18:41:39.415-0500] {dag.py:3954} INFO - Setting next_dagrun for dataset_consumes_unknown_never_scheduled to None, run_after=None
[2024-05-06T18:41:39.418-0500] {logging_mixin.py:188} INFO - [2024-05-06T18:41:39.417-0500] {dag.py:3954} INFO - Setting next_dagrun for dataset_produces_1 to 2024-05-05 00:00:00+00:00, run_after=2024-05-06 00:00:00+00:00
[2024-05-06T18:41:39.418-0500] {logging_mixin.py:188} INFO - [2024-05-06T18:41:39.418-0500] {dag.py:3954} INFO - Setting next_dagrun for dataset_produces_2 to None, run_after=None
[2024-05-06T18:41:39.443-0500] {processor.py:183} INFO - Processing /Users/paulamedina/venv/lib/python3.12/site-packages/airflow/example_dags/example_datasets.py took 0.252 seconds
[2024-05-06T18:45:34.901-0500] {processor.py:161} INFO - Started process (PID=22900) to work on /Users/paulamedina/venv/lib/python3.12/site-packages/airflow/example_dags/example_datasets.py
[2024-05-06T18:45:34.903-0500] {processor.py:830} INFO - Processing file /Users/paulamedina/venv/lib/python3.12/site-packages/airflow/example_dags/example_datasets.py for tasks to queue
[2024-05-06T18:45:34.904-0500] {logging_mixin.py:188} INFO - [2024-05-06T18:45:34.904-0500] {dagbag.py:540} INFO - Filling up the DagBag from /Users/paulamedina/venv/lib/python3.12/site-packages/airflow/example_dags/example_datasets.py
[2024-05-06T18:45:34.984-0500] {processor.py:840} INFO - DAG(s) 'consume_1_or_both_2_and_3_with_dataset_expressions', 'dataset_consumes_1', 'dataset_consumes_1_never_scheduled', 'conditional_dataset_and_time_based_timetable', 'consume_1_and_2_with_dataset_expressions', 'consume_1_or_2_with_dataset_expressions', 'dataset_produces_1', 'dataset_consumes_1_and_2', 'dataset_consumes_unknown_never_scheduled', 'dataset_produces_2' retrieved from /Users/paulamedina/venv/lib/python3.12/site-packages/airflow/example_dags/example_datasets.py
[2024-05-06T18:45:35.119-0500] {logging_mixin.py:188} INFO - [2024-05-06T18:45:35.119-0500] {dag.py:3096} INFO - Sync 10 DAGs
[2024-05-06T18:45:35.140-0500] {logging_mixin.py:188} INFO - [2024-05-06T18:45:35.139-0500] {dag.py:3954} INFO - Setting next_dagrun for conditional_dataset_and_time_based_timetable to 2024-05-01 01:00:00+00:00, run_after=2024-05-01 01:00:00+00:00
[2024-05-06T18:45:35.143-0500] {logging_mixin.py:188} INFO - [2024-05-06T18:45:35.143-0500] {dag.py:3954} INFO - Setting next_dagrun for consume_1_and_2_with_dataset_expressions to None, run_after=None
[2024-05-06T18:45:35.144-0500] {logging_mixin.py:188} INFO - [2024-05-06T18:45:35.144-0500] {dag.py:3954} INFO - Setting next_dagrun for consume_1_or_2_with_dataset_expressions to None, run_after=None
[2024-05-06T18:45:35.145-0500] {logging_mixin.py:188} INFO - [2024-05-06T18:45:35.145-0500] {dag.py:3954} INFO - Setting next_dagrun for consume_1_or_both_2_and_3_with_dataset_expressions to None, run_after=None
[2024-05-06T18:45:35.146-0500] {logging_mixin.py:188} INFO - [2024-05-06T18:45:35.146-0500] {dag.py:3954} INFO - Setting next_dagrun for dataset_consumes_1 to None, run_after=None
[2024-05-06T18:45:35.147-0500] {logging_mixin.py:188} INFO - [2024-05-06T18:45:35.147-0500] {dag.py:3954} INFO - Setting next_dagrun for dataset_consumes_1_and_2 to None, run_after=None
[2024-05-06T18:45:35.148-0500] {logging_mixin.py:188} INFO - [2024-05-06T18:45:35.148-0500] {dag.py:3954} INFO - Setting next_dagrun for dataset_consumes_1_never_scheduled to None, run_after=None
[2024-05-06T18:45:35.149-0500] {logging_mixin.py:188} INFO - [2024-05-06T18:45:35.149-0500] {dag.py:3954} INFO - Setting next_dagrun for dataset_consumes_unknown_never_scheduled to None, run_after=None
[2024-05-06T18:45:35.151-0500] {logging_mixin.py:188} INFO - [2024-05-06T18:45:35.151-0500] {dag.py:3954} INFO - Setting next_dagrun for dataset_produces_1 to 2024-05-05 00:00:00+00:00, run_after=2024-05-06 00:00:00+00:00
[2024-05-06T18:45:35.152-0500] {logging_mixin.py:188} INFO - [2024-05-06T18:45:35.152-0500] {dag.py:3954} INFO - Setting next_dagrun for dataset_produces_2 to None, run_after=None
[2024-05-06T18:45:35.180-0500] {processor.py:183} INFO - Processing /Users/paulamedina/venv/lib/python3.12/site-packages/airflow/example_dags/example_datasets.py took 0.281 seconds
[2024-05-06T18:49:48.996-0500] {processor.py:161} INFO - Started process (PID=23810) to work on /Users/paulamedina/venv/lib/python3.12/site-packages/airflow/example_dags/example_datasets.py
[2024-05-06T18:49:48.998-0500] {processor.py:830} INFO - Processing file /Users/paulamedina/venv/lib/python3.12/site-packages/airflow/example_dags/example_datasets.py for tasks to queue
[2024-05-06T18:49:48.999-0500] {logging_mixin.py:188} INFO - [2024-05-06T18:49:48.998-0500] {dagbag.py:540} INFO - Filling up the DagBag from /Users/paulamedina/venv/lib/python3.12/site-packages/airflow/example_dags/example_datasets.py
[2024-05-06T18:49:49.057-0500] {processor.py:840} INFO - DAG(s) 'dataset_consumes_unknown_never_scheduled', 'dataset_consumes_1_and_2', 'dataset_consumes_1', 'consume_1_or_2_with_dataset_expressions', 'dataset_produces_2', 'dataset_consumes_1_never_scheduled', 'dataset_produces_1', 'consume_1_and_2_with_dataset_expressions', 'conditional_dataset_and_time_based_timetable', 'consume_1_or_both_2_and_3_with_dataset_expressions' retrieved from /Users/paulamedina/venv/lib/python3.12/site-packages/airflow/example_dags/example_datasets.py
[2024-05-06T18:49:49.173-0500] {logging_mixin.py:188} INFO - [2024-05-06T18:49:49.173-0500] {dag.py:3096} INFO - Sync 10 DAGs
[2024-05-06T18:49:49.189-0500] {logging_mixin.py:188} INFO - [2024-05-06T18:49:49.189-0500] {dag.py:3954} INFO - Setting next_dagrun for conditional_dataset_and_time_based_timetable to 2024-05-01 01:00:00+00:00, run_after=2024-05-01 01:00:00+00:00
[2024-05-06T18:49:49.192-0500] {logging_mixin.py:188} INFO - [2024-05-06T18:49:49.192-0500] {dag.py:3954} INFO - Setting next_dagrun for consume_1_and_2_with_dataset_expressions to None, run_after=None
[2024-05-06T18:49:49.193-0500] {logging_mixin.py:188} INFO - [2024-05-06T18:49:49.192-0500] {dag.py:3954} INFO - Setting next_dagrun for consume_1_or_2_with_dataset_expressions to None, run_after=None
[2024-05-06T18:49:49.193-0500] {logging_mixin.py:188} INFO - [2024-05-06T18:49:49.193-0500] {dag.py:3954} INFO - Setting next_dagrun for consume_1_or_both_2_and_3_with_dataset_expressions to None, run_after=None
[2024-05-06T18:49:49.194-0500] {logging_mixin.py:188} INFO - [2024-05-06T18:49:49.194-0500] {dag.py:3954} INFO - Setting next_dagrun for dataset_consumes_1 to None, run_after=None
[2024-05-06T18:49:49.195-0500] {logging_mixin.py:188} INFO - [2024-05-06T18:49:49.195-0500] {dag.py:3954} INFO - Setting next_dagrun for dataset_consumes_1_and_2 to None, run_after=None
[2024-05-06T18:49:49.196-0500] {logging_mixin.py:188} INFO - [2024-05-06T18:49:49.196-0500] {dag.py:3954} INFO - Setting next_dagrun for dataset_consumes_1_never_scheduled to None, run_after=None
[2024-05-06T18:49:49.196-0500] {logging_mixin.py:188} INFO - [2024-05-06T18:49:49.196-0500] {dag.py:3954} INFO - Setting next_dagrun for dataset_consumes_unknown_never_scheduled to None, run_after=None
[2024-05-06T18:49:49.198-0500] {logging_mixin.py:188} INFO - [2024-05-06T18:49:49.198-0500] {dag.py:3954} INFO - Setting next_dagrun for dataset_produces_1 to 2024-05-05 00:00:00+00:00, run_after=2024-05-06 00:00:00+00:00
[2024-05-06T18:49:49.199-0500] {logging_mixin.py:188} INFO - [2024-05-06T18:49:49.199-0500] {dag.py:3954} INFO - Setting next_dagrun for dataset_produces_2 to None, run_after=None
[2024-05-06T18:49:49.224-0500] {processor.py:183} INFO - Processing /Users/paulamedina/venv/lib/python3.12/site-packages/airflow/example_dags/example_datasets.py took 0.230 seconds
[2024-05-06T18:53:43.272-0500] {processor.py:161} INFO - Started process (PID=24645) to work on /Users/paulamedina/venv/lib/python3.12/site-packages/airflow/example_dags/example_datasets.py
[2024-05-06T18:53:43.273-0500] {processor.py:830} INFO - Processing file /Users/paulamedina/venv/lib/python3.12/site-packages/airflow/example_dags/example_datasets.py for tasks to queue
[2024-05-06T18:53:43.274-0500] {logging_mixin.py:188} INFO - [2024-05-06T18:53:43.274-0500] {dagbag.py:540} INFO - Filling up the DagBag from /Users/paulamedina/venv/lib/python3.12/site-packages/airflow/example_dags/example_datasets.py
[2024-05-06T18:53:43.319-0500] {processor.py:840} INFO - DAG(s) 'consume_1_or_2_with_dataset_expressions', 'consume_1_or_both_2_and_3_with_dataset_expressions', 'conditional_dataset_and_time_based_timetable', 'consume_1_and_2_with_dataset_expressions', 'dataset_consumes_unknown_never_scheduled', 'dataset_consumes_1_never_scheduled', 'dataset_consumes_1_and_2', 'dataset_produces_2', 'dataset_produces_1', 'dataset_consumes_1' retrieved from /Users/paulamedina/venv/lib/python3.12/site-packages/airflow/example_dags/example_datasets.py
[2024-05-06T18:53:43.415-0500] {logging_mixin.py:188} INFO - [2024-05-06T18:53:43.414-0500] {dag.py:3096} INFO - Sync 10 DAGs
[2024-05-06T18:53:43.430-0500] {logging_mixin.py:188} INFO - [2024-05-06T18:53:43.430-0500] {dag.py:3954} INFO - Setting next_dagrun for conditional_dataset_and_time_based_timetable to 2024-05-01 01:00:00+00:00, run_after=2024-05-01 01:00:00+00:00
[2024-05-06T18:53:43.433-0500] {logging_mixin.py:188} INFO - [2024-05-06T18:53:43.433-0500] {dag.py:3954} INFO - Setting next_dagrun for consume_1_and_2_with_dataset_expressions to None, run_after=None
[2024-05-06T18:53:43.434-0500] {logging_mixin.py:188} INFO - [2024-05-06T18:53:43.433-0500] {dag.py:3954} INFO - Setting next_dagrun for consume_1_or_2_with_dataset_expressions to None, run_after=None
[2024-05-06T18:53:43.434-0500] {logging_mixin.py:188} INFO - [2024-05-06T18:53:43.434-0500] {dag.py:3954} INFO - Setting next_dagrun for consume_1_or_both_2_and_3_with_dataset_expressions to None, run_after=None
[2024-05-06T18:53:43.435-0500] {logging_mixin.py:188} INFO - [2024-05-06T18:53:43.435-0500] {dag.py:3954} INFO - Setting next_dagrun for dataset_consumes_1 to None, run_after=None
[2024-05-06T18:53:43.435-0500] {logging_mixin.py:188} INFO - [2024-05-06T18:53:43.435-0500] {dag.py:3954} INFO - Setting next_dagrun for dataset_consumes_1_and_2 to None, run_after=None
[2024-05-06T18:53:43.436-0500] {logging_mixin.py:188} INFO - [2024-05-06T18:53:43.436-0500] {dag.py:3954} INFO - Setting next_dagrun for dataset_consumes_1_never_scheduled to None, run_after=None
[2024-05-06T18:53:43.437-0500] {logging_mixin.py:188} INFO - [2024-05-06T18:53:43.437-0500] {dag.py:3954} INFO - Setting next_dagrun for dataset_consumes_unknown_never_scheduled to None, run_after=None
[2024-05-06T18:53:43.438-0500] {logging_mixin.py:188} INFO - [2024-05-06T18:53:43.438-0500] {dag.py:3954} INFO - Setting next_dagrun for dataset_produces_1 to 2024-05-05 00:00:00+00:00, run_after=2024-05-06 00:00:00+00:00
[2024-05-06T18:53:43.439-0500] {logging_mixin.py:188} INFO - [2024-05-06T18:53:43.439-0500] {dag.py:3954} INFO - Setting next_dagrun for dataset_produces_2 to None, run_after=None
[2024-05-06T18:53:43.461-0500] {processor.py:183} INFO - Processing /Users/paulamedina/venv/lib/python3.12/site-packages/airflow/example_dags/example_datasets.py took 0.191 seconds
[2024-05-06T18:58:10.705-0500] {processor.py:161} INFO - Started process (PID=25685) to work on /Users/paulamedina/venv/lib/python3.12/site-packages/airflow/example_dags/example_datasets.py
[2024-05-06T18:58:10.706-0500] {processor.py:830} INFO - Processing file /Users/paulamedina/venv/lib/python3.12/site-packages/airflow/example_dags/example_datasets.py for tasks to queue
[2024-05-06T18:58:10.707-0500] {logging_mixin.py:188} INFO - [2024-05-06T18:58:10.707-0500] {dagbag.py:540} INFO - Filling up the DagBag from /Users/paulamedina/venv/lib/python3.12/site-packages/airflow/example_dags/example_datasets.py
[2024-05-06T18:58:10.753-0500] {processor.py:840} INFO - DAG(s) 'consume_1_or_2_with_dataset_expressions', 'dataset_consumes_1_and_2', 'consume_1_or_both_2_and_3_with_dataset_expressions', 'dataset_consumes_unknown_never_scheduled', 'consume_1_and_2_with_dataset_expressions', 'dataset_produces_1', 'dataset_produces_2', 'dataset_consumes_1_never_scheduled', 'conditional_dataset_and_time_based_timetable', 'dataset_consumes_1' retrieved from /Users/paulamedina/venv/lib/python3.12/site-packages/airflow/example_dags/example_datasets.py
[2024-05-06T18:58:10.847-0500] {logging_mixin.py:188} INFO - [2024-05-06T18:58:10.846-0500] {dag.py:3096} INFO - Sync 10 DAGs
[2024-05-06T18:58:10.861-0500] {logging_mixin.py:188} INFO - [2024-05-06T18:58:10.860-0500] {dag.py:3954} INFO - Setting next_dagrun for conditional_dataset_and_time_based_timetable to 2024-05-01 01:00:00+00:00, run_after=2024-05-01 01:00:00+00:00
[2024-05-06T18:58:10.863-0500] {logging_mixin.py:188} INFO - [2024-05-06T18:58:10.863-0500] {dag.py:3954} INFO - Setting next_dagrun for consume_1_and_2_with_dataset_expressions to None, run_after=None
[2024-05-06T18:58:10.863-0500] {logging_mixin.py:188} INFO - [2024-05-06T18:58:10.863-0500] {dag.py:3954} INFO - Setting next_dagrun for consume_1_or_2_with_dataset_expressions to None, run_after=None
[2024-05-06T18:58:10.864-0500] {logging_mixin.py:188} INFO - [2024-05-06T18:58:10.864-0500] {dag.py:3954} INFO - Setting next_dagrun for consume_1_or_both_2_and_3_with_dataset_expressions to None, run_after=None
[2024-05-06T18:58:10.865-0500] {logging_mixin.py:188} INFO - [2024-05-06T18:58:10.865-0500] {dag.py:3954} INFO - Setting next_dagrun for dataset_consumes_1 to None, run_after=None
[2024-05-06T18:58:10.866-0500] {logging_mixin.py:188} INFO - [2024-05-06T18:58:10.865-0500] {dag.py:3954} INFO - Setting next_dagrun for dataset_consumes_1_and_2 to None, run_after=None
[2024-05-06T18:58:10.866-0500] {logging_mixin.py:188} INFO - [2024-05-06T18:58:10.866-0500] {dag.py:3954} INFO - Setting next_dagrun for dataset_consumes_1_never_scheduled to None, run_after=None
[2024-05-06T18:58:10.867-0500] {logging_mixin.py:188} INFO - [2024-05-06T18:58:10.867-0500] {dag.py:3954} INFO - Setting next_dagrun for dataset_consumes_unknown_never_scheduled to None, run_after=None
[2024-05-06T18:58:10.868-0500] {logging_mixin.py:188} INFO - [2024-05-06T18:58:10.868-0500] {dag.py:3954} INFO - Setting next_dagrun for dataset_produces_1 to 2024-05-05 00:00:00+00:00, run_after=2024-05-06 00:00:00+00:00
[2024-05-06T18:58:10.869-0500] {logging_mixin.py:188} INFO - [2024-05-06T18:58:10.869-0500] {dag.py:3954} INFO - Setting next_dagrun for dataset_produces_2 to None, run_after=None
[2024-05-06T18:58:10.890-0500] {processor.py:183} INFO - Processing /Users/paulamedina/venv/lib/python3.12/site-packages/airflow/example_dags/example_datasets.py took 0.187 seconds
