[2024-05-06T18:11:23.329-0500] {processor.py:161} INFO - Started process (PID=7903) to work on /Users/paulamedina/venv/lib/python3.12/site-packages/airflow/example_dags/example_branch_python_dop_operator_3.py
[2024-05-06T18:11:23.330-0500] {processor.py:830} INFO - Processing file /Users/paulamedina/venv/lib/python3.12/site-packages/airflow/example_dags/example_branch_python_dop_operator_3.py for tasks to queue
[2024-05-06T18:11:23.330-0500] {logging_mixin.py:188} INFO - [2024-05-06T18:11:23.330-0500] {dagbag.py:540} INFO - Filling up the DagBag from /Users/paulamedina/venv/lib/python3.12/site-packages/airflow/example_dags/example_branch_python_dop_operator_3.py
[2024-05-06T18:11:23.368-0500] {processor.py:840} INFO - DAG(s) 'example_branch_dop_operator_v3' retrieved from /Users/paulamedina/venv/lib/python3.12/site-packages/airflow/example_dags/example_branch_python_dop_operator_3.py
[2024-05-06T18:11:23.542-0500] {logging_mixin.py:188} INFO - [2024-05-06T18:11:23.542-0500] {dag.py:3096} INFO - Sync 1 DAGs
[2024-05-06T18:11:23.560-0500] {logging_mixin.py:188} INFO - [2024-05-06T18:11:23.560-0500] {dag.py:3954} INFO - Setting next_dagrun for example_branch_dop_operator_v3 to 2024-05-06 23:10:00+00:00, run_after=2024-05-06 23:11:00+00:00
[2024-05-06T18:11:23.576-0500] {processor.py:183} INFO - Processing /Users/paulamedina/venv/lib/python3.12/site-packages/airflow/example_dags/example_branch_python_dop_operator_3.py took 0.249 seconds
[2024-05-06T18:15:14.789-0500] {processor.py:161} INFO - Started process (PID=11028) to work on /Users/paulamedina/venv/lib/python3.12/site-packages/airflow/example_dags/example_branch_python_dop_operator_3.py
[2024-05-06T18:15:14.790-0500] {processor.py:830} INFO - Processing file /Users/paulamedina/venv/lib/python3.12/site-packages/airflow/example_dags/example_branch_python_dop_operator_3.py for tasks to queue
[2024-05-06T18:15:14.791-0500] {logging_mixin.py:188} INFO - [2024-05-06T18:15:14.790-0500] {dagbag.py:540} INFO - Filling up the DagBag from /Users/paulamedina/venv/lib/python3.12/site-packages/airflow/example_dags/example_branch_python_dop_operator_3.py
[2024-05-06T18:15:14.845-0500] {processor.py:840} INFO - DAG(s) 'example_branch_dop_operator_v3' retrieved from /Users/paulamedina/venv/lib/python3.12/site-packages/airflow/example_dags/example_branch_python_dop_operator_3.py
[2024-05-06T18:15:14.940-0500] {logging_mixin.py:188} INFO - [2024-05-06T18:15:14.940-0500] {dag.py:3096} INFO - Sync 1 DAGs
[2024-05-06T18:15:14.958-0500] {logging_mixin.py:188} INFO - [2024-05-06T18:15:14.957-0500] {dag.py:3954} INFO - Setting next_dagrun for example_branch_dop_operator_v3 to 2024-05-06 23:14:00+00:00, run_after=2024-05-06 23:15:00+00:00
[2024-05-06T18:15:14.975-0500] {processor.py:183} INFO - Processing /Users/paulamedina/venv/lib/python3.12/site-packages/airflow/example_dags/example_branch_python_dop_operator_3.py took 0.189 seconds
[2024-05-06T18:19:05.676-0500] {processor.py:161} INFO - Started process (PID=14178) to work on /Users/paulamedina/venv/lib/python3.12/site-packages/airflow/example_dags/example_branch_python_dop_operator_3.py
[2024-05-06T18:19:05.677-0500] {processor.py:830} INFO - Processing file /Users/paulamedina/venv/lib/python3.12/site-packages/airflow/example_dags/example_branch_python_dop_operator_3.py for tasks to queue
[2024-05-06T18:19:05.677-0500] {logging_mixin.py:188} INFO - [2024-05-06T18:19:05.677-0500] {dagbag.py:540} INFO - Filling up the DagBag from /Users/paulamedina/venv/lib/python3.12/site-packages/airflow/example_dags/example_branch_python_dop_operator_3.py
[2024-05-06T18:19:05.720-0500] {processor.py:840} INFO - DAG(s) 'example_branch_dop_operator_v3' retrieved from /Users/paulamedina/venv/lib/python3.12/site-packages/airflow/example_dags/example_branch_python_dop_operator_3.py
[2024-05-06T18:19:05.821-0500] {logging_mixin.py:188} INFO - [2024-05-06T18:19:05.821-0500] {dag.py:3096} INFO - Sync 1 DAGs
[2024-05-06T18:19:05.840-0500] {logging_mixin.py:188} INFO - [2024-05-06T18:19:05.840-0500] {dag.py:3954} INFO - Setting next_dagrun for example_branch_dop_operator_v3 to 2024-05-06 23:18:00+00:00, run_after=2024-05-06 23:19:00+00:00
[2024-05-06T18:19:05.859-0500] {processor.py:183} INFO - Processing /Users/paulamedina/venv/lib/python3.12/site-packages/airflow/example_dags/example_branch_python_dop_operator_3.py took 0.185 seconds
[2024-05-06T18:23:27.023-0500] {processor.py:161} INFO - Started process (PID=17926) to work on /Users/paulamedina/venv/lib/python3.12/site-packages/airflow/example_dags/example_branch_python_dop_operator_3.py
[2024-05-06T18:23:27.025-0500] {processor.py:830} INFO - Processing file /Users/paulamedina/venv/lib/python3.12/site-packages/airflow/example_dags/example_branch_python_dop_operator_3.py for tasks to queue
[2024-05-06T18:23:27.026-0500] {logging_mixin.py:188} INFO - [2024-05-06T18:23:27.026-0500] {dagbag.py:540} INFO - Filling up the DagBag from /Users/paulamedina/venv/lib/python3.12/site-packages/airflow/example_dags/example_branch_python_dop_operator_3.py
[2024-05-06T18:23:27.084-0500] {processor.py:840} INFO - DAG(s) 'example_branch_dop_operator_v3' retrieved from /Users/paulamedina/venv/lib/python3.12/site-packages/airflow/example_dags/example_branch_python_dop_operator_3.py
[2024-05-06T18:23:27.209-0500] {logging_mixin.py:188} INFO - [2024-05-06T18:23:27.209-0500] {dag.py:3096} INFO - Sync 1 DAGs
[2024-05-06T18:23:27.233-0500] {logging_mixin.py:188} INFO - [2024-05-06T18:23:27.233-0500] {dag.py:3954} INFO - Setting next_dagrun for example_branch_dop_operator_v3 to 2024-05-06 23:22:00+00:00, run_after=2024-05-06 23:23:00+00:00
[2024-05-06T18:23:27.255-0500] {processor.py:183} INFO - Processing /Users/paulamedina/venv/lib/python3.12/site-packages/airflow/example_dags/example_branch_python_dop_operator_3.py took 0.235 seconds
[2024-05-06T18:27:18.781-0500] {processor.py:161} INFO - Started process (PID=18867) to work on /Users/paulamedina/venv/lib/python3.12/site-packages/airflow/example_dags/example_branch_python_dop_operator_3.py
[2024-05-06T18:27:18.783-0500] {processor.py:830} INFO - Processing file /Users/paulamedina/venv/lib/python3.12/site-packages/airflow/example_dags/example_branch_python_dop_operator_3.py for tasks to queue
[2024-05-06T18:27:18.784-0500] {logging_mixin.py:188} INFO - [2024-05-06T18:27:18.784-0500] {dagbag.py:540} INFO - Filling up the DagBag from /Users/paulamedina/venv/lib/python3.12/site-packages/airflow/example_dags/example_branch_python_dop_operator_3.py
[2024-05-06T18:27:18.826-0500] {processor.py:840} INFO - DAG(s) 'example_branch_dop_operator_v3' retrieved from /Users/paulamedina/venv/lib/python3.12/site-packages/airflow/example_dags/example_branch_python_dop_operator_3.py
[2024-05-06T18:27:18.926-0500] {logging_mixin.py:188} INFO - [2024-05-06T18:27:18.926-0500] {dag.py:3096} INFO - Sync 1 DAGs
[2024-05-06T18:27:18.944-0500] {logging_mixin.py:188} INFO - [2024-05-06T18:27:18.944-0500] {dag.py:3954} INFO - Setting next_dagrun for example_branch_dop_operator_v3 to 2024-05-06 23:26:00+00:00, run_after=2024-05-06 23:27:00+00:00
[2024-05-06T18:27:18.964-0500] {processor.py:183} INFO - Processing /Users/paulamedina/venv/lib/python3.12/site-packages/airflow/example_dags/example_branch_python_dop_operator_3.py took 0.185 seconds
[2024-05-06T18:31:29.477-0500] {processor.py:161} INFO - Started process (PID=19773) to work on /Users/paulamedina/venv/lib/python3.12/site-packages/airflow/example_dags/example_branch_python_dop_operator_3.py
[2024-05-06T18:31:29.477-0500] {processor.py:830} INFO - Processing file /Users/paulamedina/venv/lib/python3.12/site-packages/airflow/example_dags/example_branch_python_dop_operator_3.py for tasks to queue
[2024-05-06T18:31:29.478-0500] {logging_mixin.py:188} INFO - [2024-05-06T18:31:29.478-0500] {dagbag.py:540} INFO - Filling up the DagBag from /Users/paulamedina/venv/lib/python3.12/site-packages/airflow/example_dags/example_branch_python_dop_operator_3.py
[2024-05-06T18:31:29.519-0500] {processor.py:840} INFO - DAG(s) 'example_branch_dop_operator_v3' retrieved from /Users/paulamedina/venv/lib/python3.12/site-packages/airflow/example_dags/example_branch_python_dop_operator_3.py
[2024-05-06T18:31:29.612-0500] {logging_mixin.py:188} INFO - [2024-05-06T18:31:29.612-0500] {dag.py:3096} INFO - Sync 1 DAGs
[2024-05-06T18:31:29.629-0500] {logging_mixin.py:188} INFO - [2024-05-06T18:31:29.629-0500] {dag.py:3954} INFO - Setting next_dagrun for example_branch_dop_operator_v3 to 2024-05-06 23:30:00+00:00, run_after=2024-05-06 23:31:00+00:00
[2024-05-06T18:31:29.646-0500] {processor.py:183} INFO - Processing /Users/paulamedina/venv/lib/python3.12/site-packages/airflow/example_dags/example_branch_python_dop_operator_3.py took 0.173 seconds
[2024-05-06T18:35:29.994-0500] {processor.py:161} INFO - Started process (PID=20645) to work on /Users/paulamedina/venv/lib/python3.12/site-packages/airflow/example_dags/example_branch_python_dop_operator_3.py
[2024-05-06T18:35:29.995-0500] {processor.py:830} INFO - Processing file /Users/paulamedina/venv/lib/python3.12/site-packages/airflow/example_dags/example_branch_python_dop_operator_3.py for tasks to queue
[2024-05-06T18:35:29.996-0500] {logging_mixin.py:188} INFO - [2024-05-06T18:35:29.996-0500] {dagbag.py:540} INFO - Filling up the DagBag from /Users/paulamedina/venv/lib/python3.12/site-packages/airflow/example_dags/example_branch_python_dop_operator_3.py
[2024-05-06T18:35:30.037-0500] {processor.py:840} INFO - DAG(s) 'example_branch_dop_operator_v3' retrieved from /Users/paulamedina/venv/lib/python3.12/site-packages/airflow/example_dags/example_branch_python_dop_operator_3.py
[2024-05-06T18:35:30.128-0500] {logging_mixin.py:188} INFO - [2024-05-06T18:35:30.128-0500] {dag.py:3096} INFO - Sync 1 DAGs
[2024-05-06T18:35:30.167-0500] {logging_mixin.py:188} INFO - [2024-05-06T18:35:30.167-0500] {dag.py:3954} INFO - Setting next_dagrun for example_branch_dop_operator_v3 to 2024-05-06 23:34:00+00:00, run_after=2024-05-06 23:35:00+00:00
[2024-05-06T18:35:30.186-0500] {processor.py:183} INFO - Processing /Users/paulamedina/venv/lib/python3.12/site-packages/airflow/example_dags/example_branch_python_dop_operator_3.py took 0.195 seconds
[2024-05-06T18:39:24.636-0500] {processor.py:161} INFO - Started process (PID=21488) to work on /Users/paulamedina/venv/lib/python3.12/site-packages/airflow/example_dags/example_branch_python_dop_operator_3.py
[2024-05-06T18:39:24.637-0500] {processor.py:830} INFO - Processing file /Users/paulamedina/venv/lib/python3.12/site-packages/airflow/example_dags/example_branch_python_dop_operator_3.py for tasks to queue
[2024-05-06T18:39:24.638-0500] {logging_mixin.py:188} INFO - [2024-05-06T18:39:24.638-0500] {dagbag.py:540} INFO - Filling up the DagBag from /Users/paulamedina/venv/lib/python3.12/site-packages/airflow/example_dags/example_branch_python_dop_operator_3.py
[2024-05-06T18:39:24.685-0500] {processor.py:840} INFO - DAG(s) 'example_branch_dop_operator_v3' retrieved from /Users/paulamedina/venv/lib/python3.12/site-packages/airflow/example_dags/example_branch_python_dop_operator_3.py
[2024-05-06T18:39:24.791-0500] {logging_mixin.py:188} INFO - [2024-05-06T18:39:24.790-0500] {dag.py:3096} INFO - Sync 1 DAGs
[2024-05-06T18:39:24.811-0500] {logging_mixin.py:188} INFO - [2024-05-06T18:39:24.810-0500] {dag.py:3954} INFO - Setting next_dagrun for example_branch_dop_operator_v3 to 2024-05-06 23:38:00+00:00, run_after=2024-05-06 23:39:00+00:00
[2024-05-06T18:39:24.831-0500] {processor.py:183} INFO - Processing /Users/paulamedina/venv/lib/python3.12/site-packages/airflow/example_dags/example_branch_python_dop_operator_3.py took 0.198 seconds
[2024-05-06T18:43:26.073-0500] {processor.py:161} INFO - Started process (PID=22446) to work on /Users/paulamedina/venv/lib/python3.12/site-packages/airflow/example_dags/example_branch_python_dop_operator_3.py
[2024-05-06T18:43:26.074-0500] {processor.py:830} INFO - Processing file /Users/paulamedina/venv/lib/python3.12/site-packages/airflow/example_dags/example_branch_python_dop_operator_3.py for tasks to queue
[2024-05-06T18:43:26.075-0500] {logging_mixin.py:188} INFO - [2024-05-06T18:43:26.075-0500] {dagbag.py:540} INFO - Filling up the DagBag from /Users/paulamedina/venv/lib/python3.12/site-packages/airflow/example_dags/example_branch_python_dop_operator_3.py
[2024-05-06T18:43:26.114-0500] {processor.py:840} INFO - DAG(s) 'example_branch_dop_operator_v3' retrieved from /Users/paulamedina/venv/lib/python3.12/site-packages/airflow/example_dags/example_branch_python_dop_operator_3.py
[2024-05-06T18:43:26.205-0500] {logging_mixin.py:188} INFO - [2024-05-06T18:43:26.205-0500] {dag.py:3096} INFO - Sync 1 DAGs
[2024-05-06T18:43:26.222-0500] {logging_mixin.py:188} INFO - [2024-05-06T18:43:26.221-0500] {dag.py:3954} INFO - Setting next_dagrun for example_branch_dop_operator_v3 to 2024-05-06 23:42:00+00:00, run_after=2024-05-06 23:43:00+00:00
[2024-05-06T18:43:26.240-0500] {processor.py:183} INFO - Processing /Users/paulamedina/venv/lib/python3.12/site-packages/airflow/example_dags/example_branch_python_dop_operator_3.py took 0.170 seconds
[2024-05-06T18:47:23.805-0500] {processor.py:161} INFO - Started process (PID=23296) to work on /Users/paulamedina/venv/lib/python3.12/site-packages/airflow/example_dags/example_branch_python_dop_operator_3.py
[2024-05-06T18:47:23.807-0500] {processor.py:830} INFO - Processing file /Users/paulamedina/venv/lib/python3.12/site-packages/airflow/example_dags/example_branch_python_dop_operator_3.py for tasks to queue
[2024-05-06T18:47:23.807-0500] {logging_mixin.py:188} INFO - [2024-05-06T18:47:23.807-0500] {dagbag.py:540} INFO - Filling up the DagBag from /Users/paulamedina/venv/lib/python3.12/site-packages/airflow/example_dags/example_branch_python_dop_operator_3.py
[2024-05-06T18:47:23.848-0500] {processor.py:840} INFO - DAG(s) 'example_branch_dop_operator_v3' retrieved from /Users/paulamedina/venv/lib/python3.12/site-packages/airflow/example_dags/example_branch_python_dop_operator_3.py
[2024-05-06T18:47:23.933-0500] {logging_mixin.py:188} INFO - [2024-05-06T18:47:23.932-0500] {dag.py:3096} INFO - Sync 1 DAGs
[2024-05-06T18:47:23.947-0500] {logging_mixin.py:188} INFO - [2024-05-06T18:47:23.947-0500] {dag.py:3954} INFO - Setting next_dagrun for example_branch_dop_operator_v3 to 2024-05-06 23:46:00+00:00, run_after=2024-05-06 23:47:00+00:00
[2024-05-06T18:47:23.966-0500] {processor.py:183} INFO - Processing /Users/paulamedina/venv/lib/python3.12/site-packages/airflow/example_dags/example_branch_python_dop_operator_3.py took 0.164 seconds
[2024-05-06T18:51:28.494-0500] {processor.py:161} INFO - Started process (PID=24172) to work on /Users/paulamedina/venv/lib/python3.12/site-packages/airflow/example_dags/example_branch_python_dop_operator_3.py
[2024-05-06T18:51:28.496-0500] {processor.py:830} INFO - Processing file /Users/paulamedina/venv/lib/python3.12/site-packages/airflow/example_dags/example_branch_python_dop_operator_3.py for tasks to queue
[2024-05-06T18:51:28.497-0500] {logging_mixin.py:188} INFO - [2024-05-06T18:51:28.496-0500] {dagbag.py:540} INFO - Filling up the DagBag from /Users/paulamedina/venv/lib/python3.12/site-packages/airflow/example_dags/example_branch_python_dop_operator_3.py
[2024-05-06T18:51:28.534-0500] {processor.py:840} INFO - DAG(s) 'example_branch_dop_operator_v3' retrieved from /Users/paulamedina/venv/lib/python3.12/site-packages/airflow/example_dags/example_branch_python_dop_operator_3.py
[2024-05-06T18:51:28.619-0500] {logging_mixin.py:188} INFO - [2024-05-06T18:51:28.618-0500] {dag.py:3096} INFO - Sync 1 DAGs
[2024-05-06T18:51:28.640-0500] {logging_mixin.py:188} INFO - [2024-05-06T18:51:28.639-0500] {dag.py:3954} INFO - Setting next_dagrun for example_branch_dop_operator_v3 to 2024-05-06 23:50:00+00:00, run_after=2024-05-06 23:51:00+00:00
[2024-05-06T18:51:28.659-0500] {processor.py:183} INFO - Processing /Users/paulamedina/venv/lib/python3.12/site-packages/airflow/example_dags/example_branch_python_dop_operator_3.py took 0.167 seconds
[2024-05-06T18:55:24.283-0500] {processor.py:161} INFO - Started process (PID=25005) to work on /Users/paulamedina/venv/lib/python3.12/site-packages/airflow/example_dags/example_branch_python_dop_operator_3.py
[2024-05-06T18:55:24.285-0500] {processor.py:830} INFO - Processing file /Users/paulamedina/venv/lib/python3.12/site-packages/airflow/example_dags/example_branch_python_dop_operator_3.py for tasks to queue
[2024-05-06T18:55:24.286-0500] {logging_mixin.py:188} INFO - [2024-05-06T18:55:24.286-0500] {dagbag.py:540} INFO - Filling up the DagBag from /Users/paulamedina/venv/lib/python3.12/site-packages/airflow/example_dags/example_branch_python_dop_operator_3.py
[2024-05-06T18:55:24.329-0500] {processor.py:840} INFO - DAG(s) 'example_branch_dop_operator_v3' retrieved from /Users/paulamedina/venv/lib/python3.12/site-packages/airflow/example_dags/example_branch_python_dop_operator_3.py
[2024-05-06T18:55:24.430-0500] {logging_mixin.py:188} INFO - [2024-05-06T18:55:24.429-0500] {dag.py:3096} INFO - Sync 1 DAGs
[2024-05-06T18:55:24.449-0500] {logging_mixin.py:188} INFO - [2024-05-06T18:55:24.448-0500] {dag.py:3954} INFO - Setting next_dagrun for example_branch_dop_operator_v3 to 2024-05-06 23:54:00+00:00, run_after=2024-05-06 23:55:00+00:00
[2024-05-06T18:55:24.469-0500] {processor.py:183} INFO - Processing /Users/paulamedina/venv/lib/python3.12/site-packages/airflow/example_dags/example_branch_python_dop_operator_3.py took 0.188 seconds
[2024-05-06T18:58:18.547-0500] {processor.py:161} INFO - Started process (PID=25719) to work on /Users/paulamedina/venv/lib/python3.12/site-packages/airflow/example_dags/example_branch_python_dop_operator_3.py
[2024-05-06T18:58:18.549-0500] {processor.py:830} INFO - Processing file /Users/paulamedina/venv/lib/python3.12/site-packages/airflow/example_dags/example_branch_python_dop_operator_3.py for tasks to queue
[2024-05-06T18:58:18.550-0500] {logging_mixin.py:188} INFO - [2024-05-06T18:58:18.550-0500] {dagbag.py:540} INFO - Filling up the DagBag from /Users/paulamedina/venv/lib/python3.12/site-packages/airflow/example_dags/example_branch_python_dop_operator_3.py
[2024-05-06T18:58:18.589-0500] {processor.py:840} INFO - DAG(s) 'example_branch_dop_operator_v3' retrieved from /Users/paulamedina/venv/lib/python3.12/site-packages/airflow/example_dags/example_branch_python_dop_operator_3.py
[2024-05-06T18:58:18.681-0500] {logging_mixin.py:188} INFO - [2024-05-06T18:58:18.681-0500] {dag.py:3096} INFO - Sync 1 DAGs
[2024-05-06T18:58:18.698-0500] {logging_mixin.py:188} INFO - [2024-05-06T18:58:18.698-0500] {dag.py:3954} INFO - Setting next_dagrun for example_branch_dop_operator_v3 to 2024-05-06 23:57:00+00:00, run_after=2024-05-06 23:58:00+00:00
[2024-05-06T18:58:18.717-0500] {processor.py:183} INFO - Processing /Users/paulamedina/venv/lib/python3.12/site-packages/airflow/example_dags/example_branch_python_dop_operator_3.py took 0.172 seconds
