[2024-05-06T18:11:17.894-0500] {processor.py:161} INFO - Started process (PID=7878) to work on /Users/paulamedina/venv/lib/python3.12/site-packages/airflow/example_dags/example_dag_decorator.py
[2024-05-06T18:11:17.895-0500] {processor.py:830} INFO - Processing file /Users/paulamedina/venv/lib/python3.12/site-packages/airflow/example_dags/example_dag_decorator.py for tasks to queue
[2024-05-06T18:11:17.896-0500] {logging_mixin.py:188} INFO - [2024-05-06T18:11:17.895-0500] {dagbag.py:540} INFO - Filling up the DagBag from /Users/paulamedina/venv/lib/python3.12/site-packages/airflow/example_dags/example_dag_decorator.py
[2024-05-06T18:11:18.044-0500] {processor.py:840} INFO - DAG(s) 'example_dag_decorator' retrieved from /Users/paulamedina/venv/lib/python3.12/site-packages/airflow/example_dags/example_dag_decorator.py
[2024-05-06T18:11:18.204-0500] {logging_mixin.py:188} INFO - [2024-05-06T18:11:18.203-0500] {dag.py:3096} INFO - Sync 1 DAGs
[2024-05-06T18:11:18.262-0500] {logging_mixin.py:188} INFO - [2024-05-06T18:11:18.261-0500] {dag.py:3954} INFO - Setting next_dagrun for example_dag_decorator to None, run_after=None
[2024-05-06T18:11:18.282-0500] {processor.py:183} INFO - Processing /Users/paulamedina/venv/lib/python3.12/site-packages/airflow/example_dags/example_dag_decorator.py took 0.390 seconds
[2024-05-06T18:15:08.669-0500] {processor.py:161} INFO - Started process (PID=11003) to work on /Users/paulamedina/venv/lib/python3.12/site-packages/airflow/example_dags/example_dag_decorator.py
[2024-05-06T18:15:08.670-0500] {processor.py:830} INFO - Processing file /Users/paulamedina/venv/lib/python3.12/site-packages/airflow/example_dags/example_dag_decorator.py for tasks to queue
[2024-05-06T18:15:08.671-0500] {logging_mixin.py:188} INFO - [2024-05-06T18:15:08.671-0500] {dagbag.py:540} INFO - Filling up the DagBag from /Users/paulamedina/venv/lib/python3.12/site-packages/airflow/example_dags/example_dag_decorator.py
[2024-05-06T18:15:08.835-0500] {processor.py:840} INFO - DAG(s) 'example_dag_decorator' retrieved from /Users/paulamedina/venv/lib/python3.12/site-packages/airflow/example_dags/example_dag_decorator.py
[2024-05-06T18:15:09.008-0500] {logging_mixin.py:188} INFO - [2024-05-06T18:15:09.008-0500] {dag.py:3096} INFO - Sync 1 DAGs
[2024-05-06T18:15:09.068-0500] {logging_mixin.py:188} INFO - [2024-05-06T18:15:09.067-0500] {dag.py:3954} INFO - Setting next_dagrun for example_dag_decorator to None, run_after=None
[2024-05-06T18:15:09.086-0500] {processor.py:183} INFO - Processing /Users/paulamedina/venv/lib/python3.12/site-packages/airflow/example_dags/example_dag_decorator.py took 0.419 seconds
[2024-05-06T18:18:59.467-0500] {processor.py:161} INFO - Started process (PID=14153) to work on /Users/paulamedina/venv/lib/python3.12/site-packages/airflow/example_dags/example_dag_decorator.py
[2024-05-06T18:18:59.468-0500] {processor.py:830} INFO - Processing file /Users/paulamedina/venv/lib/python3.12/site-packages/airflow/example_dags/example_dag_decorator.py for tasks to queue
[2024-05-06T18:18:59.468-0500] {logging_mixin.py:188} INFO - [2024-05-06T18:18:59.468-0500] {dagbag.py:540} INFO - Filling up the DagBag from /Users/paulamedina/venv/lib/python3.12/site-packages/airflow/example_dags/example_dag_decorator.py
[2024-05-06T18:18:59.690-0500] {processor.py:840} INFO - DAG(s) 'example_dag_decorator' retrieved from /Users/paulamedina/venv/lib/python3.12/site-packages/airflow/example_dags/example_dag_decorator.py
[2024-05-06T18:18:59.876-0500] {logging_mixin.py:188} INFO - [2024-05-06T18:18:59.876-0500] {dag.py:3096} INFO - Sync 1 DAGs
[2024-05-06T18:18:59.936-0500] {logging_mixin.py:188} INFO - [2024-05-06T18:18:59.936-0500] {dag.py:3954} INFO - Setting next_dagrun for example_dag_decorator to None, run_after=None
[2024-05-06T18:18:59.958-0500] {processor.py:183} INFO - Processing /Users/paulamedina/venv/lib/python3.12/site-packages/airflow/example_dags/example_dag_decorator.py took 0.494 seconds
[2024-05-06T18:23:19.866-0500] {processor.py:161} INFO - Started process (PID=17794) to work on /Users/paulamedina/venv/lib/python3.12/site-packages/airflow/example_dags/example_dag_decorator.py
[2024-05-06T18:23:19.868-0500] {processor.py:830} INFO - Processing file /Users/paulamedina/venv/lib/python3.12/site-packages/airflow/example_dags/example_dag_decorator.py for tasks to queue
[2024-05-06T18:23:19.868-0500] {logging_mixin.py:188} INFO - [2024-05-06T18:23:19.868-0500] {dagbag.py:540} INFO - Filling up the DagBag from /Users/paulamedina/venv/lib/python3.12/site-packages/airflow/example_dags/example_dag_decorator.py
[2024-05-06T18:23:20.088-0500] {processor.py:840} INFO - DAG(s) 'example_dag_decorator' retrieved from /Users/paulamedina/venv/lib/python3.12/site-packages/airflow/example_dags/example_dag_decorator.py
[2024-05-06T18:23:20.325-0500] {logging_mixin.py:188} INFO - [2024-05-06T18:23:20.325-0500] {dag.py:3096} INFO - Sync 1 DAGs
[2024-05-06T18:23:20.387-0500] {logging_mixin.py:188} INFO - [2024-05-06T18:23:20.387-0500] {dag.py:3954} INFO - Setting next_dagrun for example_dag_decorator to None, run_after=None
[2024-05-06T18:23:20.410-0500] {processor.py:183} INFO - Processing /Users/paulamedina/venv/lib/python3.12/site-packages/airflow/example_dags/example_dag_decorator.py took 0.547 seconds
[2024-05-06T18:25:42.189-0500] {processor.py:161} INFO - Started process (PID=18530) to work on /Users/paulamedina/venv/lib/python3.12/site-packages/airflow/example_dags/example_dag_decorator.py
[2024-05-06T18:25:42.190-0500] {processor.py:830} INFO - Processing file /Users/paulamedina/venv/lib/python3.12/site-packages/airflow/example_dags/example_dag_decorator.py for tasks to queue
[2024-05-06T18:25:42.191-0500] {logging_mixin.py:188} INFO - [2024-05-06T18:25:42.191-0500] {dagbag.py:540} INFO - Filling up the DagBag from /Users/paulamedina/venv/lib/python3.12/site-packages/airflow/example_dags/example_dag_decorator.py
[2024-05-06T18:25:42.462-0500] {processor.py:840} INFO - DAG(s) 'example_dag_decorator' retrieved from /Users/paulamedina/venv/lib/python3.12/site-packages/airflow/example_dags/example_dag_decorator.py
[2024-05-06T18:25:42.624-0500] {logging_mixin.py:188} INFO - [2024-05-06T18:25:42.624-0500] {dag.py:3096} INFO - Sync 1 DAGs
[2024-05-06T18:25:42.683-0500] {logging_mixin.py:188} INFO - [2024-05-06T18:25:42.683-0500] {dag.py:3954} INFO - Setting next_dagrun for example_dag_decorator to None, run_after=None
[2024-05-06T18:25:42.703-0500] {processor.py:183} INFO - Processing /Users/paulamedina/venv/lib/python3.12/site-packages/airflow/example_dags/example_dag_decorator.py took 0.516 seconds
[2024-05-06T18:29:41.788-0500] {processor.py:161} INFO - Started process (PID=19379) to work on /Users/paulamedina/venv/lib/python3.12/site-packages/airflow/example_dags/example_dag_decorator.py
[2024-05-06T18:29:41.789-0500] {processor.py:830} INFO - Processing file /Users/paulamedina/venv/lib/python3.12/site-packages/airflow/example_dags/example_dag_decorator.py for tasks to queue
[2024-05-06T18:29:41.790-0500] {logging_mixin.py:188} INFO - [2024-05-06T18:29:41.790-0500] {dagbag.py:540} INFO - Filling up the DagBag from /Users/paulamedina/venv/lib/python3.12/site-packages/airflow/example_dags/example_dag_decorator.py
[2024-05-06T18:29:42.037-0500] {processor.py:840} INFO - DAG(s) 'example_dag_decorator' retrieved from /Users/paulamedina/venv/lib/python3.12/site-packages/airflow/example_dags/example_dag_decorator.py
[2024-05-06T18:29:42.238-0500] {logging_mixin.py:188} INFO - [2024-05-06T18:29:42.237-0500] {dag.py:3096} INFO - Sync 1 DAGs
[2024-05-06T18:29:42.305-0500] {logging_mixin.py:188} INFO - [2024-05-06T18:29:42.304-0500] {dag.py:3954} INFO - Setting next_dagrun for example_dag_decorator to None, run_after=None
[2024-05-06T18:29:42.324-0500] {processor.py:183} INFO - Processing /Users/paulamedina/venv/lib/python3.12/site-packages/airflow/example_dags/example_dag_decorator.py took 0.538 seconds
[2024-05-06T18:33:53.555-0500] {processor.py:161} INFO - Started process (PID=20308) to work on /Users/paulamedina/venv/lib/python3.12/site-packages/airflow/example_dags/example_dag_decorator.py
[2024-05-06T18:33:53.557-0500] {processor.py:830} INFO - Processing file /Users/paulamedina/venv/lib/python3.12/site-packages/airflow/example_dags/example_dag_decorator.py for tasks to queue
[2024-05-06T18:33:53.557-0500] {logging_mixin.py:188} INFO - [2024-05-06T18:33:53.557-0500] {dagbag.py:540} INFO - Filling up the DagBag from /Users/paulamedina/venv/lib/python3.12/site-packages/airflow/example_dags/example_dag_decorator.py
[2024-05-06T18:33:53.813-0500] {processor.py:840} INFO - DAG(s) 'example_dag_decorator' retrieved from /Users/paulamedina/venv/lib/python3.12/site-packages/airflow/example_dags/example_dag_decorator.py
[2024-05-06T18:33:54.040-0500] {logging_mixin.py:188} INFO - [2024-05-06T18:33:54.039-0500] {dag.py:3096} INFO - Sync 1 DAGs
[2024-05-06T18:33:54.099-0500] {logging_mixin.py:188} INFO - [2024-05-06T18:33:54.098-0500] {dag.py:3954} INFO - Setting next_dagrun for example_dag_decorator to None, run_after=None
[2024-05-06T18:33:54.119-0500] {processor.py:183} INFO - Processing /Users/paulamedina/venv/lib/python3.12/site-packages/airflow/example_dags/example_dag_decorator.py took 0.566 seconds
[2024-05-06T18:37:50.924-0500] {processor.py:161} INFO - Started process (PID=21142) to work on /Users/paulamedina/venv/lib/python3.12/site-packages/airflow/example_dags/example_dag_decorator.py
[2024-05-06T18:37:50.925-0500] {processor.py:830} INFO - Processing file /Users/paulamedina/venv/lib/python3.12/site-packages/airflow/example_dags/example_dag_decorator.py for tasks to queue
[2024-05-06T18:37:50.926-0500] {logging_mixin.py:188} INFO - [2024-05-06T18:37:50.926-0500] {dagbag.py:540} INFO - Filling up the DagBag from /Users/paulamedina/venv/lib/python3.12/site-packages/airflow/example_dags/example_dag_decorator.py
[2024-05-06T18:37:51.174-0500] {processor.py:840} INFO - DAG(s) 'example_dag_decorator' retrieved from /Users/paulamedina/venv/lib/python3.12/site-packages/airflow/example_dags/example_dag_decorator.py
[2024-05-06T18:37:51.366-0500] {logging_mixin.py:188} INFO - [2024-05-06T18:37:51.366-0500] {dag.py:3096} INFO - Sync 1 DAGs
[2024-05-06T18:37:51.429-0500] {logging_mixin.py:188} INFO - [2024-05-06T18:37:51.429-0500] {dag.py:3954} INFO - Setting next_dagrun for example_dag_decorator to None, run_after=None
[2024-05-06T18:37:51.447-0500] {processor.py:183} INFO - Processing /Users/paulamedina/venv/lib/python3.12/site-packages/airflow/example_dags/example_dag_decorator.py took 0.526 seconds
[2024-05-06T18:41:42.113-0500] {processor.py:161} INFO - Started process (PID=21979) to work on /Users/paulamedina/venv/lib/python3.12/site-packages/airflow/example_dags/example_dag_decorator.py
[2024-05-06T18:41:42.115-0500] {processor.py:830} INFO - Processing file /Users/paulamedina/venv/lib/python3.12/site-packages/airflow/example_dags/example_dag_decorator.py for tasks to queue
[2024-05-06T18:41:42.115-0500] {logging_mixin.py:188} INFO - [2024-05-06T18:41:42.115-0500] {dagbag.py:540} INFO - Filling up the DagBag from /Users/paulamedina/venv/lib/python3.12/site-packages/airflow/example_dags/example_dag_decorator.py
[2024-05-06T18:41:42.370-0500] {processor.py:840} INFO - DAG(s) 'example_dag_decorator' retrieved from /Users/paulamedina/venv/lib/python3.12/site-packages/airflow/example_dags/example_dag_decorator.py
[2024-05-06T18:41:42.596-0500] {logging_mixin.py:188} INFO - [2024-05-06T18:41:42.595-0500] {dag.py:3096} INFO - Sync 1 DAGs
[2024-05-06T18:41:42.657-0500] {logging_mixin.py:188} INFO - [2024-05-06T18:41:42.657-0500] {dag.py:3954} INFO - Setting next_dagrun for example_dag_decorator to None, run_after=None
[2024-05-06T18:41:42.680-0500] {processor.py:183} INFO - Processing /Users/paulamedina/venv/lib/python3.12/site-packages/airflow/example_dags/example_dag_decorator.py took 0.569 seconds
[2024-05-06T18:45:38.037-0500] {processor.py:161} INFO - Started process (PID=22913) to work on /Users/paulamedina/venv/lib/python3.12/site-packages/airflow/example_dags/example_dag_decorator.py
[2024-05-06T18:45:38.039-0500] {processor.py:830} INFO - Processing file /Users/paulamedina/venv/lib/python3.12/site-packages/airflow/example_dags/example_dag_decorator.py for tasks to queue
[2024-05-06T18:45:38.040-0500] {logging_mixin.py:188} INFO - [2024-05-06T18:45:38.040-0500] {dagbag.py:540} INFO - Filling up the DagBag from /Users/paulamedina/venv/lib/python3.12/site-packages/airflow/example_dags/example_dag_decorator.py
[2024-05-06T18:45:38.292-0500] {processor.py:840} INFO - DAG(s) 'example_dag_decorator' retrieved from /Users/paulamedina/venv/lib/python3.12/site-packages/airflow/example_dags/example_dag_decorator.py
[2024-05-06T18:45:38.481-0500] {logging_mixin.py:188} INFO - [2024-05-06T18:45:38.480-0500] {dag.py:3096} INFO - Sync 1 DAGs
[2024-05-06T18:45:38.546-0500] {logging_mixin.py:188} INFO - [2024-05-06T18:45:38.545-0500] {dag.py:3954} INFO - Setting next_dagrun for example_dag_decorator to None, run_after=None
[2024-05-06T18:45:38.567-0500] {processor.py:183} INFO - Processing /Users/paulamedina/venv/lib/python3.12/site-packages/airflow/example_dags/example_dag_decorator.py took 0.532 seconds
[2024-05-06T18:49:51.894-0500] {processor.py:161} INFO - Started process (PID=23823) to work on /Users/paulamedina/venv/lib/python3.12/site-packages/airflow/example_dags/example_dag_decorator.py
[2024-05-06T18:49:51.896-0500] {processor.py:830} INFO - Processing file /Users/paulamedina/venv/lib/python3.12/site-packages/airflow/example_dags/example_dag_decorator.py for tasks to queue
[2024-05-06T18:49:51.897-0500] {logging_mixin.py:188} INFO - [2024-05-06T18:49:51.897-0500] {dagbag.py:540} INFO - Filling up the DagBag from /Users/paulamedina/venv/lib/python3.12/site-packages/airflow/example_dags/example_dag_decorator.py
[2024-05-06T18:49:52.055-0500] {processor.py:840} INFO - DAG(s) 'example_dag_decorator' retrieved from /Users/paulamedina/venv/lib/python3.12/site-packages/airflow/example_dags/example_dag_decorator.py
[2024-05-06T18:49:52.228-0500] {logging_mixin.py:188} INFO - [2024-05-06T18:49:52.227-0500] {dag.py:3096} INFO - Sync 1 DAGs
[2024-05-06T18:49:52.285-0500] {logging_mixin.py:188} INFO - [2024-05-06T18:49:52.284-0500] {dag.py:3954} INFO - Setting next_dagrun for example_dag_decorator to None, run_after=None
[2024-05-06T18:49:52.304-0500] {processor.py:183} INFO - Processing /Users/paulamedina/venv/lib/python3.12/site-packages/airflow/example_dags/example_dag_decorator.py took 0.412 seconds
[2024-05-06T18:53:46.085-0500] {processor.py:161} INFO - Started process (PID=24652) to work on /Users/paulamedina/venv/lib/python3.12/site-packages/airflow/example_dags/example_dag_decorator.py
[2024-05-06T18:53:46.086-0500] {processor.py:830} INFO - Processing file /Users/paulamedina/venv/lib/python3.12/site-packages/airflow/example_dags/example_dag_decorator.py for tasks to queue
[2024-05-06T18:53:46.086-0500] {logging_mixin.py:188} INFO - [2024-05-06T18:53:46.086-0500] {dagbag.py:540} INFO - Filling up the DagBag from /Users/paulamedina/venv/lib/python3.12/site-packages/airflow/example_dags/example_dag_decorator.py
[2024-05-06T18:53:46.241-0500] {processor.py:840} INFO - DAG(s) 'example_dag_decorator' retrieved from /Users/paulamedina/venv/lib/python3.12/site-packages/airflow/example_dags/example_dag_decorator.py
[2024-05-06T18:53:46.396-0500] {logging_mixin.py:188} INFO - [2024-05-06T18:53:46.396-0500] {dag.py:3096} INFO - Sync 1 DAGs
[2024-05-06T18:53:46.453-0500] {logging_mixin.py:188} INFO - [2024-05-06T18:53:46.452-0500] {dag.py:3954} INFO - Setting next_dagrun for example_dag_decorator to None, run_after=None
[2024-05-06T18:53:46.472-0500] {processor.py:183} INFO - Processing /Users/paulamedina/venv/lib/python3.12/site-packages/airflow/example_dags/example_dag_decorator.py took 0.391 seconds
[2024-05-06T18:58:13.477-0500] {processor.py:161} INFO - Started process (PID=25692) to work on /Users/paulamedina/venv/lib/python3.12/site-packages/airflow/example_dags/example_dag_decorator.py
[2024-05-06T18:58:13.479-0500] {processor.py:830} INFO - Processing file /Users/paulamedina/venv/lib/python3.12/site-packages/airflow/example_dags/example_dag_decorator.py for tasks to queue
[2024-05-06T18:58:13.479-0500] {logging_mixin.py:188} INFO - [2024-05-06T18:58:13.479-0500] {dagbag.py:540} INFO - Filling up the DagBag from /Users/paulamedina/venv/lib/python3.12/site-packages/airflow/example_dags/example_dag_decorator.py
[2024-05-06T18:58:13.627-0500] {processor.py:840} INFO - DAG(s) 'example_dag_decorator' retrieved from /Users/paulamedina/venv/lib/python3.12/site-packages/airflow/example_dags/example_dag_decorator.py
[2024-05-06T18:58:13.826-0500] {logging_mixin.py:188} INFO - [2024-05-06T18:58:13.825-0500] {dag.py:3096} INFO - Sync 1 DAGs
[2024-05-06T18:58:13.883-0500] {logging_mixin.py:188} INFO - [2024-05-06T18:58:13.883-0500] {dag.py:3954} INFO - Setting next_dagrun for example_dag_decorator to None, run_after=None
[2024-05-06T18:58:13.903-0500] {processor.py:183} INFO - Processing /Users/paulamedina/venv/lib/python3.12/site-packages/airflow/example_dags/example_dag_decorator.py took 0.429 seconds
