[2024-05-06T18:11:31.424-0500] {processor.py:161} INFO - Started process (PID=8050) to work on /Users/paulamedina/venv/lib/python3.12/site-packages/airflow/example_dags/example_branch_labels.py
[2024-05-06T18:11:31.425-0500] {processor.py:830} INFO - Processing file /Users/paulamedina/venv/lib/python3.12/site-packages/airflow/example_dags/example_branch_labels.py for tasks to queue
[2024-05-06T18:11:31.425-0500] {logging_mixin.py:188} INFO - [2024-05-06T18:11:31.425-0500] {dagbag.py:540} INFO - Filling up the DagBag from /Users/paulamedina/venv/lib/python3.12/site-packages/airflow/example_dags/example_branch_labels.py
[2024-05-06T18:11:31.434-0500] {processor.py:840} INFO - DAG(s) 'example_branch_labels' retrieved from /Users/paulamedina/venv/lib/python3.12/site-packages/airflow/example_dags/example_branch_labels.py
[2024-05-06T18:11:31.609-0500] {logging_mixin.py:188} INFO - [2024-05-06T18:11:31.609-0500] {dag.py:3096} INFO - Sync 1 DAGs
[2024-05-06T18:11:31.625-0500] {logging_mixin.py:188} INFO - [2024-05-06T18:11:31.625-0500] {dag.py:3954} INFO - Setting next_dagrun for example_branch_labels to 2024-05-05 00:00:00+00:00, run_after=2024-05-06 00:00:00+00:00
[2024-05-06T18:11:31.642-0500] {processor.py:183} INFO - Processing /Users/paulamedina/venv/lib/python3.12/site-packages/airflow/example_dags/example_branch_labels.py took 0.220 seconds
[2024-05-06T18:15:22.757-0500] {processor.py:161} INFO - Started process (PID=11160) to work on /Users/paulamedina/venv/lib/python3.12/site-packages/airflow/example_dags/example_branch_labels.py
[2024-05-06T18:15:22.758-0500] {processor.py:830} INFO - Processing file /Users/paulamedina/venv/lib/python3.12/site-packages/airflow/example_dags/example_branch_labels.py for tasks to queue
[2024-05-06T18:15:22.759-0500] {logging_mixin.py:188} INFO - [2024-05-06T18:15:22.758-0500] {dagbag.py:540} INFO - Filling up the DagBag from /Users/paulamedina/venv/lib/python3.12/site-packages/airflow/example_dags/example_branch_labels.py
[2024-05-06T18:15:22.769-0500] {processor.py:840} INFO - DAG(s) 'example_branch_labels' retrieved from /Users/paulamedina/venv/lib/python3.12/site-packages/airflow/example_dags/example_branch_labels.py
[2024-05-06T18:15:22.871-0500] {logging_mixin.py:188} INFO - [2024-05-06T18:15:22.870-0500] {dag.py:3096} INFO - Sync 1 DAGs
[2024-05-06T18:15:22.891-0500] {logging_mixin.py:188} INFO - [2024-05-06T18:15:22.890-0500] {dag.py:3954} INFO - Setting next_dagrun for example_branch_labels to 2024-05-05 00:00:00+00:00, run_after=2024-05-06 00:00:00+00:00
[2024-05-06T18:15:22.909-0500] {processor.py:183} INFO - Processing /Users/paulamedina/venv/lib/python3.12/site-packages/airflow/example_dags/example_branch_labels.py took 0.154 seconds
[2024-05-06T18:19:14.349-0500] {processor.py:161} INFO - Started process (PID=14310) to work on /Users/paulamedina/venv/lib/python3.12/site-packages/airflow/example_dags/example_branch_labels.py
[2024-05-06T18:19:14.350-0500] {processor.py:830} INFO - Processing file /Users/paulamedina/venv/lib/python3.12/site-packages/airflow/example_dags/example_branch_labels.py for tasks to queue
[2024-05-06T18:19:14.350-0500] {logging_mixin.py:188} INFO - [2024-05-06T18:19:14.350-0500] {dagbag.py:540} INFO - Filling up the DagBag from /Users/paulamedina/venv/lib/python3.12/site-packages/airflow/example_dags/example_branch_labels.py
[2024-05-06T18:19:14.362-0500] {processor.py:840} INFO - DAG(s) 'example_branch_labels' retrieved from /Users/paulamedina/venv/lib/python3.12/site-packages/airflow/example_dags/example_branch_labels.py
[2024-05-06T18:19:14.462-0500] {logging_mixin.py:188} INFO - [2024-05-06T18:19:14.461-0500] {dag.py:3096} INFO - Sync 1 DAGs
[2024-05-06T18:19:14.479-0500] {logging_mixin.py:188} INFO - [2024-05-06T18:19:14.478-0500] {dag.py:3954} INFO - Setting next_dagrun for example_branch_labels to 2024-05-05 00:00:00+00:00, run_after=2024-05-06 00:00:00+00:00
[2024-05-06T18:19:14.495-0500] {processor.py:183} INFO - Processing /Users/paulamedina/venv/lib/python3.12/site-packages/airflow/example_dags/example_branch_labels.py took 0.149 seconds
[2024-05-06T18:23:37.555-0500] {processor.py:161} INFO - Started process (PID=18074) to work on /Users/paulamedina/venv/lib/python3.12/site-packages/airflow/example_dags/example_branch_labels.py
[2024-05-06T18:23:37.557-0500] {processor.py:830} INFO - Processing file /Users/paulamedina/venv/lib/python3.12/site-packages/airflow/example_dags/example_branch_labels.py for tasks to queue
[2024-05-06T18:23:37.557-0500] {logging_mixin.py:188} INFO - [2024-05-06T18:23:37.557-0500] {dagbag.py:540} INFO - Filling up the DagBag from /Users/paulamedina/venv/lib/python3.12/site-packages/airflow/example_dags/example_branch_labels.py
[2024-05-06T18:23:37.577-0500] {processor.py:840} INFO - DAG(s) 'example_branch_labels' retrieved from /Users/paulamedina/venv/lib/python3.12/site-packages/airflow/example_dags/example_branch_labels.py
[2024-05-06T18:23:37.726-0500] {logging_mixin.py:188} INFO - [2024-05-06T18:23:37.725-0500] {dag.py:3096} INFO - Sync 1 DAGs
[2024-05-06T18:23:37.748-0500] {logging_mixin.py:188} INFO - [2024-05-06T18:23:37.748-0500] {dag.py:3954} INFO - Setting next_dagrun for example_branch_labels to 2024-05-05 00:00:00+00:00, run_after=2024-05-06 00:00:00+00:00
[2024-05-06T18:23:37.770-0500] {processor.py:183} INFO - Processing /Users/paulamedina/venv/lib/python3.12/site-packages/airflow/example_dags/example_branch_labels.py took 0.218 seconds
[2024-05-06T18:27:28.038-0500] {processor.py:161} INFO - Started process (PID=18901) to work on /Users/paulamedina/venv/lib/python3.12/site-packages/airflow/example_dags/example_branch_labels.py
[2024-05-06T18:27:28.040-0500] {processor.py:830} INFO - Processing file /Users/paulamedina/venv/lib/python3.12/site-packages/airflow/example_dags/example_branch_labels.py for tasks to queue
[2024-05-06T18:27:28.041-0500] {logging_mixin.py:188} INFO - [2024-05-06T18:27:28.040-0500] {dagbag.py:540} INFO - Filling up the DagBag from /Users/paulamedina/venv/lib/python3.12/site-packages/airflow/example_dags/example_branch_labels.py
[2024-05-06T18:27:28.053-0500] {processor.py:840} INFO - DAG(s) 'example_branch_labels' retrieved from /Users/paulamedina/venv/lib/python3.12/site-packages/airflow/example_dags/example_branch_labels.py
[2024-05-06T18:27:28.177-0500] {logging_mixin.py:188} INFO - [2024-05-06T18:27:28.176-0500] {dag.py:3096} INFO - Sync 1 DAGs
[2024-05-06T18:27:28.198-0500] {logging_mixin.py:188} INFO - [2024-05-06T18:27:28.198-0500] {dag.py:3954} INFO - Setting next_dagrun for example_branch_labels to 2024-05-05 00:00:00+00:00, run_after=2024-05-06 00:00:00+00:00
[2024-05-06T18:27:28.219-0500] {processor.py:183} INFO - Processing /Users/paulamedina/venv/lib/python3.12/site-packages/airflow/example_dags/example_branch_labels.py took 0.185 seconds
[2024-05-06T18:31:38.351-0500] {processor.py:161} INFO - Started process (PID=19800) to work on /Users/paulamedina/venv/lib/python3.12/site-packages/airflow/example_dags/example_branch_labels.py
[2024-05-06T18:31:38.352-0500] {processor.py:830} INFO - Processing file /Users/paulamedina/venv/lib/python3.12/site-packages/airflow/example_dags/example_branch_labels.py for tasks to queue
[2024-05-06T18:31:38.353-0500] {logging_mixin.py:188} INFO - [2024-05-06T18:31:38.352-0500] {dagbag.py:540} INFO - Filling up the DagBag from /Users/paulamedina/venv/lib/python3.12/site-packages/airflow/example_dags/example_branch_labels.py
[2024-05-06T18:31:38.361-0500] {processor.py:840} INFO - DAG(s) 'example_branch_labels' retrieved from /Users/paulamedina/venv/lib/python3.12/site-packages/airflow/example_dags/example_branch_labels.py
[2024-05-06T18:31:38.459-0500] {logging_mixin.py:188} INFO - [2024-05-06T18:31:38.459-0500] {dag.py:3096} INFO - Sync 1 DAGs
[2024-05-06T18:31:38.477-0500] {logging_mixin.py:188} INFO - [2024-05-06T18:31:38.477-0500] {dag.py:3954} INFO - Setting next_dagrun for example_branch_labels to 2024-05-05 00:00:00+00:00, run_after=2024-05-06 00:00:00+00:00
[2024-05-06T18:31:38.494-0500] {processor.py:183} INFO - Processing /Users/paulamedina/venv/lib/python3.12/site-packages/airflow/example_dags/example_branch_labels.py took 0.145 seconds
[2024-05-06T18:35:37.877-0500] {processor.py:161} INFO - Started process (PID=20673) to work on /Users/paulamedina/venv/lib/python3.12/site-packages/airflow/example_dags/example_branch_labels.py
[2024-05-06T18:35:37.878-0500] {processor.py:830} INFO - Processing file /Users/paulamedina/venv/lib/python3.12/site-packages/airflow/example_dags/example_branch_labels.py for tasks to queue
[2024-05-06T18:35:37.879-0500] {logging_mixin.py:188} INFO - [2024-05-06T18:35:37.879-0500] {dagbag.py:540} INFO - Filling up the DagBag from /Users/paulamedina/venv/lib/python3.12/site-packages/airflow/example_dags/example_branch_labels.py
[2024-05-06T18:35:37.889-0500] {processor.py:840} INFO - DAG(s) 'example_branch_labels' retrieved from /Users/paulamedina/venv/lib/python3.12/site-packages/airflow/example_dags/example_branch_labels.py
[2024-05-06T18:35:37.982-0500] {logging_mixin.py:188} INFO - [2024-05-06T18:35:37.982-0500] {dag.py:3096} INFO - Sync 1 DAGs
[2024-05-06T18:35:38.003-0500] {logging_mixin.py:188} INFO - [2024-05-06T18:35:38.003-0500] {dag.py:3954} INFO - Setting next_dagrun for example_branch_labels to 2024-05-05 00:00:00+00:00, run_after=2024-05-06 00:00:00+00:00
[2024-05-06T18:35:38.022-0500] {processor.py:183} INFO - Processing /Users/paulamedina/venv/lib/python3.12/site-packages/airflow/example_dags/example_branch_labels.py took 0.147 seconds
[2024-05-06T18:39:32.516-0500] {processor.py:161} INFO - Started process (PID=21518) to work on /Users/paulamedina/venv/lib/python3.12/site-packages/airflow/example_dags/example_branch_labels.py
[2024-05-06T18:39:32.518-0500] {processor.py:830} INFO - Processing file /Users/paulamedina/venv/lib/python3.12/site-packages/airflow/example_dags/example_branch_labels.py for tasks to queue
[2024-05-06T18:39:32.519-0500] {logging_mixin.py:188} INFO - [2024-05-06T18:39:32.519-0500] {dagbag.py:540} INFO - Filling up the DagBag from /Users/paulamedina/venv/lib/python3.12/site-packages/airflow/example_dags/example_branch_labels.py
[2024-05-06T18:39:32.528-0500] {processor.py:840} INFO - DAG(s) 'example_branch_labels' retrieved from /Users/paulamedina/venv/lib/python3.12/site-packages/airflow/example_dags/example_branch_labels.py
[2024-05-06T18:39:32.626-0500] {logging_mixin.py:188} INFO - [2024-05-06T18:39:32.626-0500] {dag.py:3096} INFO - Sync 1 DAGs
[2024-05-06T18:39:32.643-0500] {logging_mixin.py:188} INFO - [2024-05-06T18:39:32.643-0500] {dag.py:3954} INFO - Setting next_dagrun for example_branch_labels to 2024-05-05 00:00:00+00:00, run_after=2024-05-06 00:00:00+00:00
[2024-05-06T18:39:32.671-0500] {processor.py:183} INFO - Processing /Users/paulamedina/venv/lib/python3.12/site-packages/airflow/example_dags/example_branch_labels.py took 0.157 seconds
[2024-05-06T18:43:34.828-0500] {processor.py:161} INFO - Started process (PID=22473) to work on /Users/paulamedina/venv/lib/python3.12/site-packages/airflow/example_dags/example_branch_labels.py
[2024-05-06T18:43:34.830-0500] {processor.py:830} INFO - Processing file /Users/paulamedina/venv/lib/python3.12/site-packages/airflow/example_dags/example_branch_labels.py for tasks to queue
[2024-05-06T18:43:34.831-0500] {logging_mixin.py:188} INFO - [2024-05-06T18:43:34.830-0500] {dagbag.py:540} INFO - Filling up the DagBag from /Users/paulamedina/venv/lib/python3.12/site-packages/airflow/example_dags/example_branch_labels.py
[2024-05-06T18:43:34.841-0500] {processor.py:840} INFO - DAG(s) 'example_branch_labels' retrieved from /Users/paulamedina/venv/lib/python3.12/site-packages/airflow/example_dags/example_branch_labels.py
[2024-05-06T18:43:34.933-0500] {logging_mixin.py:188} INFO - [2024-05-06T18:43:34.932-0500] {dag.py:3096} INFO - Sync 1 DAGs
[2024-05-06T18:43:34.948-0500] {logging_mixin.py:188} INFO - [2024-05-06T18:43:34.948-0500] {dag.py:3954} INFO - Setting next_dagrun for example_branch_labels to 2024-05-05 00:00:00+00:00, run_after=2024-05-06 00:00:00+00:00
[2024-05-06T18:43:34.965-0500] {processor.py:183} INFO - Processing /Users/paulamedina/venv/lib/python3.12/site-packages/airflow/example_dags/example_branch_labels.py took 0.139 seconds
[2024-05-06T18:47:32.047-0500] {processor.py:161} INFO - Started process (PID=23324) to work on /Users/paulamedina/venv/lib/python3.12/site-packages/airflow/example_dags/example_branch_labels.py
[2024-05-06T18:47:32.049-0500] {processor.py:830} INFO - Processing file /Users/paulamedina/venv/lib/python3.12/site-packages/airflow/example_dags/example_branch_labels.py for tasks to queue
[2024-05-06T18:47:32.050-0500] {logging_mixin.py:188} INFO - [2024-05-06T18:47:32.050-0500] {dagbag.py:540} INFO - Filling up the DagBag from /Users/paulamedina/venv/lib/python3.12/site-packages/airflow/example_dags/example_branch_labels.py
[2024-05-06T18:47:32.060-0500] {processor.py:840} INFO - DAG(s) 'example_branch_labels' retrieved from /Users/paulamedina/venv/lib/python3.12/site-packages/airflow/example_dags/example_branch_labels.py
[2024-05-06T18:47:32.148-0500] {logging_mixin.py:188} INFO - [2024-05-06T18:47:32.148-0500] {dag.py:3096} INFO - Sync 1 DAGs
[2024-05-06T18:47:32.163-0500] {logging_mixin.py:188} INFO - [2024-05-06T18:47:32.163-0500] {dag.py:3954} INFO - Setting next_dagrun for example_branch_labels to 2024-05-05 00:00:00+00:00, run_after=2024-05-06 00:00:00+00:00
[2024-05-06T18:47:32.180-0500] {processor.py:183} INFO - Processing /Users/paulamedina/venv/lib/python3.12/site-packages/airflow/example_dags/example_branch_labels.py took 0.135 seconds
[2024-05-06T18:51:36.883-0500] {processor.py:161} INFO - Started process (PID=24199) to work on /Users/paulamedina/venv/lib/python3.12/site-packages/airflow/example_dags/example_branch_labels.py
[2024-05-06T18:51:36.885-0500] {processor.py:830} INFO - Processing file /Users/paulamedina/venv/lib/python3.12/site-packages/airflow/example_dags/example_branch_labels.py for tasks to queue
[2024-05-06T18:51:36.886-0500] {logging_mixin.py:188} INFO - [2024-05-06T18:51:36.886-0500] {dagbag.py:540} INFO - Filling up the DagBag from /Users/paulamedina/venv/lib/python3.12/site-packages/airflow/example_dags/example_branch_labels.py
[2024-05-06T18:51:36.895-0500] {processor.py:840} INFO - DAG(s) 'example_branch_labels' retrieved from /Users/paulamedina/venv/lib/python3.12/site-packages/airflow/example_dags/example_branch_labels.py
[2024-05-06T18:51:36.990-0500] {logging_mixin.py:188} INFO - [2024-05-06T18:51:36.990-0500] {dag.py:3096} INFO - Sync 1 DAGs
[2024-05-06T18:51:37.003-0500] {logging_mixin.py:188} INFO - [2024-05-06T18:51:37.003-0500] {dag.py:3954} INFO - Setting next_dagrun for example_branch_labels to 2024-05-05 00:00:00+00:00, run_after=2024-05-06 00:00:00+00:00
[2024-05-06T18:51:37.019-0500] {processor.py:183} INFO - Processing /Users/paulamedina/venv/lib/python3.12/site-packages/airflow/example_dags/example_branch_labels.py took 0.138 seconds
[2024-05-06T18:55:33.575-0500] {processor.py:161} INFO - Started process (PID=25039) to work on /Users/paulamedina/venv/lib/python3.12/site-packages/airflow/example_dags/example_branch_labels.py
[2024-05-06T18:55:33.577-0500] {processor.py:830} INFO - Processing file /Users/paulamedina/venv/lib/python3.12/site-packages/airflow/example_dags/example_branch_labels.py for tasks to queue
[2024-05-06T18:55:33.578-0500] {logging_mixin.py:188} INFO - [2024-05-06T18:55:33.578-0500] {dagbag.py:540} INFO - Filling up the DagBag from /Users/paulamedina/venv/lib/python3.12/site-packages/airflow/example_dags/example_branch_labels.py
[2024-05-06T18:55:33.591-0500] {processor.py:840} INFO - DAG(s) 'example_branch_labels' retrieved from /Users/paulamedina/venv/lib/python3.12/site-packages/airflow/example_dags/example_branch_labels.py
[2024-05-06T18:55:33.726-0500] {logging_mixin.py:188} INFO - [2024-05-06T18:55:33.725-0500] {dag.py:3096} INFO - Sync 1 DAGs
[2024-05-06T18:55:33.748-0500] {logging_mixin.py:188} INFO - [2024-05-06T18:55:33.748-0500] {dag.py:3954} INFO - Setting next_dagrun for example_branch_labels to 2024-05-05 00:00:00+00:00, run_after=2024-05-06 00:00:00+00:00
[2024-05-06T18:55:33.770-0500] {processor.py:183} INFO - Processing /Users/paulamedina/venv/lib/python3.12/site-packages/airflow/example_dags/example_branch_labels.py took 0.198 seconds
[2024-05-06T18:59:58.137-0500] {processor.py:161} INFO - Started process (PID=26088) to work on /Users/paulamedina/venv/lib/python3.12/site-packages/airflow/example_dags/example_branch_labels.py
[2024-05-06T18:59:58.139-0500] {processor.py:830} INFO - Processing file /Users/paulamedina/venv/lib/python3.12/site-packages/airflow/example_dags/example_branch_labels.py for tasks to queue
[2024-05-06T18:59:58.140-0500] {logging_mixin.py:188} INFO - [2024-05-06T18:59:58.139-0500] {dagbag.py:540} INFO - Filling up the DagBag from /Users/paulamedina/venv/lib/python3.12/site-packages/airflow/example_dags/example_branch_labels.py
[2024-05-06T18:59:58.148-0500] {processor.py:840} INFO - DAG(s) 'example_branch_labels' retrieved from /Users/paulamedina/venv/lib/python3.12/site-packages/airflow/example_dags/example_branch_labels.py
[2024-05-06T18:59:58.229-0500] {logging_mixin.py:188} INFO - [2024-05-06T18:59:58.229-0500] {dag.py:3096} INFO - Sync 1 DAGs
[2024-05-06T18:59:58.242-0500] {logging_mixin.py:188} INFO - [2024-05-06T18:59:58.242-0500] {dag.py:3954} INFO - Setting next_dagrun for example_branch_labels to 2024-05-05 00:00:00+00:00, run_after=2024-05-06 00:00:00+00:00
[2024-05-06T18:59:58.256-0500] {processor.py:183} INFO - Processing /Users/paulamedina/venv/lib/python3.12/site-packages/airflow/example_dags/example_branch_labels.py took 0.121 seconds
