[2024-05-06T18:10:18.460-0500] {processor.py:161} INFO - Started process (PID=7039) to work on /Users/paulamedina/venv/lib/python3.12/site-packages/airflow/example_dags/example_short_circuit_operator.py
[2024-05-06T18:10:18.461-0500] {processor.py:830} INFO - Processing file /Users/paulamedina/venv/lib/python3.12/site-packages/airflow/example_dags/example_short_circuit_operator.py for tasks to queue
[2024-05-06T18:10:18.461-0500] {logging_mixin.py:188} INFO - [2024-05-06T18:10:18.461-0500] {dagbag.py:540} INFO - Filling up the DagBag from /Users/paulamedina/venv/lib/python3.12/site-packages/airflow/example_dags/example_short_circuit_operator.py
[2024-05-06T18:10:18.494-0500] {processor.py:840} INFO - DAG(s) 'example_short_circuit_operator' retrieved from /Users/paulamedina/venv/lib/python3.12/site-packages/airflow/example_dags/example_short_circuit_operator.py
[2024-05-06T18:10:18.666-0500] {logging_mixin.py:188} INFO - [2024-05-06T18:10:18.666-0500] {dag.py:3096} INFO - Sync 1 DAGs
[2024-05-06T18:10:18.680-0500] {logging_mixin.py:188} INFO - [2024-05-06T18:10:18.680-0500] {dag.py:3954} INFO - Setting next_dagrun for example_short_circuit_operator to 2024-05-05 00:00:00+00:00, run_after=2024-05-06 00:00:00+00:00
[2024-05-06T18:10:18.696-0500] {processor.py:183} INFO - Processing /Users/paulamedina/venv/lib/python3.12/site-packages/airflow/example_dags/example_short_circuit_operator.py took 0.239 seconds
[2024-05-06T18:12:48.529-0500] {processor.py:161} INFO - Started process (PID=9045) to work on /Users/paulamedina/venv/lib/python3.12/site-packages/airflow/example_dags/example_short_circuit_operator.py
[2024-05-06T18:12:48.530-0500] {processor.py:830} INFO - Processing file /Users/paulamedina/venv/lib/python3.12/site-packages/airflow/example_dags/example_short_circuit_operator.py for tasks to queue
[2024-05-06T18:12:48.531-0500] {logging_mixin.py:188} INFO - [2024-05-06T18:12:48.530-0500] {dagbag.py:540} INFO - Filling up the DagBag from /Users/paulamedina/venv/lib/python3.12/site-packages/airflow/example_dags/example_short_circuit_operator.py
[2024-05-06T18:12:48.569-0500] {processor.py:840} INFO - DAG(s) 'example_short_circuit_operator' retrieved from /Users/paulamedina/venv/lib/python3.12/site-packages/airflow/example_dags/example_short_circuit_operator.py
[2024-05-06T18:12:48.695-0500] {logging_mixin.py:188} INFO - [2024-05-06T18:12:48.694-0500] {dag.py:3096} INFO - Sync 1 DAGs
[2024-05-06T18:12:48.713-0500] {logging_mixin.py:188} INFO - [2024-05-06T18:12:48.713-0500] {dag.py:3954} INFO - Setting next_dagrun for example_short_circuit_operator to 2024-05-05 00:00:00+00:00, run_after=2024-05-06 00:00:00+00:00
[2024-05-06T18:12:48.734-0500] {processor.py:183} INFO - Processing /Users/paulamedina/venv/lib/python3.12/site-packages/airflow/example_dags/example_short_circuit_operator.py took 0.208 seconds
[2024-05-06T18:14:43.438-0500] {processor.py:161} INFO - Started process (PID=10612) to work on /Users/paulamedina/venv/lib/python3.12/site-packages/airflow/example_dags/example_short_circuit_operator.py
[2024-05-06T18:14:43.439-0500] {processor.py:830} INFO - Processing file /Users/paulamedina/venv/lib/python3.12/site-packages/airflow/example_dags/example_short_circuit_operator.py for tasks to queue
[2024-05-06T18:14:43.439-0500] {logging_mixin.py:188} INFO - [2024-05-06T18:14:43.439-0500] {dagbag.py:540} INFO - Filling up the DagBag from /Users/paulamedina/venv/lib/python3.12/site-packages/airflow/example_dags/example_short_circuit_operator.py
[2024-05-06T18:14:43.465-0500] {processor.py:840} INFO - DAG(s) 'example_short_circuit_operator' retrieved from /Users/paulamedina/venv/lib/python3.12/site-packages/airflow/example_dags/example_short_circuit_operator.py
[2024-05-06T18:14:43.566-0500] {logging_mixin.py:188} INFO - [2024-05-06T18:14:43.565-0500] {dag.py:3096} INFO - Sync 1 DAGs
[2024-05-06T18:14:43.581-0500] {logging_mixin.py:188} INFO - [2024-05-06T18:14:43.581-0500] {dag.py:3954} INFO - Setting next_dagrun for example_short_circuit_operator to 2024-05-05 00:00:00+00:00, run_after=2024-05-06 00:00:00+00:00
[2024-05-06T18:14:43.599-0500] {processor.py:183} INFO - Processing /Users/paulamedina/venv/lib/python3.12/site-packages/airflow/example_dags/example_short_circuit_operator.py took 0.163 seconds
[2024-05-06T18:16:41.871-0500] {processor.py:161} INFO - Started process (PID=12301) to work on /Users/paulamedina/venv/lib/python3.12/site-packages/airflow/example_dags/example_short_circuit_operator.py
[2024-05-06T18:16:41.871-0500] {processor.py:830} INFO - Processing file /Users/paulamedina/venv/lib/python3.12/site-packages/airflow/example_dags/example_short_circuit_operator.py for tasks to queue
[2024-05-06T18:16:41.872-0500] {logging_mixin.py:188} INFO - [2024-05-06T18:16:41.872-0500] {dagbag.py:540} INFO - Filling up the DagBag from /Users/paulamedina/venv/lib/python3.12/site-packages/airflow/example_dags/example_short_circuit_operator.py
[2024-05-06T18:16:41.900-0500] {processor.py:840} INFO - DAG(s) 'example_short_circuit_operator' retrieved from /Users/paulamedina/venv/lib/python3.12/site-packages/airflow/example_dags/example_short_circuit_operator.py
[2024-05-06T18:16:41.999-0500] {logging_mixin.py:188} INFO - [2024-05-06T18:16:41.999-0500] {dag.py:3096} INFO - Sync 1 DAGs
[2024-05-06T18:16:42.014-0500] {logging_mixin.py:188} INFO - [2024-05-06T18:16:42.014-0500] {dag.py:3954} INFO - Setting next_dagrun for example_short_circuit_operator to 2024-05-05 00:00:00+00:00, run_after=2024-05-06 00:00:00+00:00
[2024-05-06T18:16:42.030-0500] {processor.py:183} INFO - Processing /Users/paulamedina/venv/lib/python3.12/site-packages/airflow/example_dags/example_short_circuit_operator.py took 0.162 seconds
[2024-05-06T18:18:33.751-0500] {processor.py:161} INFO - Started process (PID=13759) to work on /Users/paulamedina/venv/lib/python3.12/site-packages/airflow/example_dags/example_short_circuit_operator.py
[2024-05-06T18:18:33.752-0500] {processor.py:830} INFO - Processing file /Users/paulamedina/venv/lib/python3.12/site-packages/airflow/example_dags/example_short_circuit_operator.py for tasks to queue
[2024-05-06T18:18:33.753-0500] {logging_mixin.py:188} INFO - [2024-05-06T18:18:33.753-0500] {dagbag.py:540} INFO - Filling up the DagBag from /Users/paulamedina/venv/lib/python3.12/site-packages/airflow/example_dags/example_short_circuit_operator.py
[2024-05-06T18:18:33.779-0500] {processor.py:840} INFO - DAG(s) 'example_short_circuit_operator' retrieved from /Users/paulamedina/venv/lib/python3.12/site-packages/airflow/example_dags/example_short_circuit_operator.py
[2024-05-06T18:18:33.874-0500] {logging_mixin.py:188} INFO - [2024-05-06T18:18:33.874-0500] {dag.py:3096} INFO - Sync 1 DAGs
[2024-05-06T18:18:33.889-0500] {logging_mixin.py:188} INFO - [2024-05-06T18:18:33.889-0500] {dag.py:3954} INFO - Setting next_dagrun for example_short_circuit_operator to 2024-05-05 00:00:00+00:00, run_after=2024-05-06 00:00:00+00:00
[2024-05-06T18:18:33.906-0500] {processor.py:183} INFO - Processing /Users/paulamedina/venv/lib/python3.12/site-packages/airflow/example_dags/example_short_circuit_operator.py took 0.157 seconds
[2024-05-06T18:20:34.333-0500] {processor.py:161} INFO - Started process (PID=15441) to work on /Users/paulamedina/venv/lib/python3.12/site-packages/airflow/example_dags/example_short_circuit_operator.py
[2024-05-06T18:20:34.334-0500] {processor.py:830} INFO - Processing file /Users/paulamedina/venv/lib/python3.12/site-packages/airflow/example_dags/example_short_circuit_operator.py for tasks to queue
[2024-05-06T18:20:34.334-0500] {logging_mixin.py:188} INFO - [2024-05-06T18:20:34.334-0500] {dagbag.py:540} INFO - Filling up the DagBag from /Users/paulamedina/venv/lib/python3.12/site-packages/airflow/example_dags/example_short_circuit_operator.py
[2024-05-06T18:20:34.364-0500] {processor.py:840} INFO - DAG(s) 'example_short_circuit_operator' retrieved from /Users/paulamedina/venv/lib/python3.12/site-packages/airflow/example_dags/example_short_circuit_operator.py
[2024-05-06T18:20:34.468-0500] {logging_mixin.py:188} INFO - [2024-05-06T18:20:34.467-0500] {dag.py:3096} INFO - Sync 1 DAGs
[2024-05-06T18:20:34.484-0500] {logging_mixin.py:188} INFO - [2024-05-06T18:20:34.484-0500] {dag.py:3954} INFO - Setting next_dagrun for example_short_circuit_operator to 2024-05-05 00:00:00+00:00, run_after=2024-05-06 00:00:00+00:00
[2024-05-06T18:20:34.502-0500] {processor.py:183} INFO - Processing /Users/paulamedina/venv/lib/python3.12/site-packages/airflow/example_dags/example_short_circuit_operator.py took 0.172 seconds
[2024-05-06T18:22:48.872-0500] {processor.py:161} INFO - Started process (PID=17358) to work on /Users/paulamedina/venv/lib/python3.12/site-packages/airflow/example_dags/example_short_circuit_operator.py
[2024-05-06T18:22:48.873-0500] {processor.py:830} INFO - Processing file /Users/paulamedina/venv/lib/python3.12/site-packages/airflow/example_dags/example_short_circuit_operator.py for tasks to queue
[2024-05-06T18:22:48.873-0500] {logging_mixin.py:188} INFO - [2024-05-06T18:22:48.873-0500] {dagbag.py:540} INFO - Filling up the DagBag from /Users/paulamedina/venv/lib/python3.12/site-packages/airflow/example_dags/example_short_circuit_operator.py
[2024-05-06T18:22:48.904-0500] {processor.py:840} INFO - DAG(s) 'example_short_circuit_operator' retrieved from /Users/paulamedina/venv/lib/python3.12/site-packages/airflow/example_dags/example_short_circuit_operator.py
[2024-05-06T18:22:49.015-0500] {logging_mixin.py:188} INFO - [2024-05-06T18:22:49.014-0500] {dag.py:3096} INFO - Sync 1 DAGs
[2024-05-06T18:22:49.031-0500] {logging_mixin.py:188} INFO - [2024-05-06T18:22:49.031-0500] {dag.py:3954} INFO - Setting next_dagrun for example_short_circuit_operator to 2024-05-05 00:00:00+00:00, run_after=2024-05-06 00:00:00+00:00
[2024-05-06T18:22:49.053-0500] {processor.py:183} INFO - Processing /Users/paulamedina/venv/lib/python3.12/site-packages/airflow/example_dags/example_short_circuit_operator.py took 0.184 seconds
[2024-05-06T18:24:47.416-0500] {processor.py:161} INFO - Started process (PID=18331) to work on /Users/paulamedina/venv/lib/python3.12/site-packages/airflow/example_dags/example_short_circuit_operator.py
[2024-05-06T18:24:47.418-0500] {processor.py:830} INFO - Processing file /Users/paulamedina/venv/lib/python3.12/site-packages/airflow/example_dags/example_short_circuit_operator.py for tasks to queue
[2024-05-06T18:24:47.419-0500] {logging_mixin.py:188} INFO - [2024-05-06T18:24:47.419-0500] {dagbag.py:540} INFO - Filling up the DagBag from /Users/paulamedina/venv/lib/python3.12/site-packages/airflow/example_dags/example_short_circuit_operator.py
[2024-05-06T18:24:47.446-0500] {processor.py:840} INFO - DAG(s) 'example_short_circuit_operator' retrieved from /Users/paulamedina/venv/lib/python3.12/site-packages/airflow/example_dags/example_short_circuit_operator.py
[2024-05-06T18:24:47.535-0500] {logging_mixin.py:188} INFO - [2024-05-06T18:24:47.534-0500] {dag.py:3096} INFO - Sync 1 DAGs
[2024-05-06T18:24:47.546-0500] {logging_mixin.py:188} INFO - [2024-05-06T18:24:47.546-0500] {dag.py:3954} INFO - Setting next_dagrun for example_short_circuit_operator to 2024-05-05 00:00:00+00:00, run_after=2024-05-06 00:00:00+00:00
[2024-05-06T18:24:47.561-0500] {processor.py:183} INFO - Processing /Users/paulamedina/venv/lib/python3.12/site-packages/airflow/example_dags/example_short_circuit_operator.py took 0.148 seconds
[2024-05-06T18:26:46.242-0500] {processor.py:161} INFO - Started process (PID=18751) to work on /Users/paulamedina/venv/lib/python3.12/site-packages/airflow/example_dags/example_short_circuit_operator.py
[2024-05-06T18:26:46.244-0500] {processor.py:830} INFO - Processing file /Users/paulamedina/venv/lib/python3.12/site-packages/airflow/example_dags/example_short_circuit_operator.py for tasks to queue
[2024-05-06T18:26:46.245-0500] {logging_mixin.py:188} INFO - [2024-05-06T18:26:46.244-0500] {dagbag.py:540} INFO - Filling up the DagBag from /Users/paulamedina/venv/lib/python3.12/site-packages/airflow/example_dags/example_short_circuit_operator.py
[2024-05-06T18:26:46.274-0500] {processor.py:840} INFO - DAG(s) 'example_short_circuit_operator' retrieved from /Users/paulamedina/venv/lib/python3.12/site-packages/airflow/example_dags/example_short_circuit_operator.py
[2024-05-06T18:26:46.385-0500] {logging_mixin.py:188} INFO - [2024-05-06T18:26:46.385-0500] {dag.py:3096} INFO - Sync 1 DAGs
[2024-05-06T18:26:46.401-0500] {logging_mixin.py:188} INFO - [2024-05-06T18:26:46.401-0500] {dag.py:3954} INFO - Setting next_dagrun for example_short_circuit_operator to 2024-05-05 00:00:00+00:00, run_after=2024-05-06 00:00:00+00:00
[2024-05-06T18:26:46.421-0500] {processor.py:183} INFO - Processing /Users/paulamedina/venv/lib/python3.12/site-packages/airflow/example_dags/example_short_circuit_operator.py took 0.182 seconds
[2024-05-06T18:28:44.916-0500] {processor.py:161} INFO - Started process (PID=19185) to work on /Users/paulamedina/venv/lib/python3.12/site-packages/airflow/example_dags/example_short_circuit_operator.py
[2024-05-06T18:28:44.916-0500] {processor.py:830} INFO - Processing file /Users/paulamedina/venv/lib/python3.12/site-packages/airflow/example_dags/example_short_circuit_operator.py for tasks to queue
[2024-05-06T18:28:44.917-0500] {logging_mixin.py:188} INFO - [2024-05-06T18:28:44.917-0500] {dagbag.py:540} INFO - Filling up the DagBag from /Users/paulamedina/venv/lib/python3.12/site-packages/airflow/example_dags/example_short_circuit_operator.py
[2024-05-06T18:28:44.940-0500] {processor.py:840} INFO - DAG(s) 'example_short_circuit_operator' retrieved from /Users/paulamedina/venv/lib/python3.12/site-packages/airflow/example_dags/example_short_circuit_operator.py
[2024-05-06T18:28:45.026-0500] {logging_mixin.py:188} INFO - [2024-05-06T18:28:45.025-0500] {dag.py:3096} INFO - Sync 1 DAGs
[2024-05-06T18:28:45.039-0500] {logging_mixin.py:188} INFO - [2024-05-06T18:28:45.039-0500] {dag.py:3954} INFO - Setting next_dagrun for example_short_circuit_operator to 2024-05-05 00:00:00+00:00, run_after=2024-05-06 00:00:00+00:00
[2024-05-06T18:28:45.053-0500] {processor.py:183} INFO - Processing /Users/paulamedina/venv/lib/python3.12/site-packages/airflow/example_dags/example_short_circuit_operator.py took 0.139 seconds
[2024-05-06T18:30:55.071-0500] {processor.py:161} INFO - Started process (PID=19661) to work on /Users/paulamedina/venv/lib/python3.12/site-packages/airflow/example_dags/example_short_circuit_operator.py
[2024-05-06T18:30:55.072-0500] {processor.py:830} INFO - Processing file /Users/paulamedina/venv/lib/python3.12/site-packages/airflow/example_dags/example_short_circuit_operator.py for tasks to queue
[2024-05-06T18:30:55.073-0500] {logging_mixin.py:188} INFO - [2024-05-06T18:30:55.072-0500] {dagbag.py:540} INFO - Filling up the DagBag from /Users/paulamedina/venv/lib/python3.12/site-packages/airflow/example_dags/example_short_circuit_operator.py
[2024-05-06T18:30:55.104-0500] {processor.py:840} INFO - DAG(s) 'example_short_circuit_operator' retrieved from /Users/paulamedina/venv/lib/python3.12/site-packages/airflow/example_dags/example_short_circuit_operator.py
[2024-05-06T18:30:55.214-0500] {logging_mixin.py:188} INFO - [2024-05-06T18:30:55.214-0500] {dag.py:3096} INFO - Sync 1 DAGs
[2024-05-06T18:30:55.231-0500] {logging_mixin.py:188} INFO - [2024-05-06T18:30:55.231-0500] {dag.py:3954} INFO - Setting next_dagrun for example_short_circuit_operator to 2024-05-05 00:00:00+00:00, run_after=2024-05-06 00:00:00+00:00
[2024-05-06T18:30:55.250-0500] {processor.py:183} INFO - Processing /Users/paulamedina/venv/lib/python3.12/site-packages/airflow/example_dags/example_short_circuit_operator.py took 0.182 seconds
[2024-05-06T18:33:00.173-0500] {processor.py:161} INFO - Started process (PID=20117) to work on /Users/paulamedina/venv/lib/python3.12/site-packages/airflow/example_dags/example_short_circuit_operator.py
[2024-05-06T18:33:00.175-0500] {processor.py:830} INFO - Processing file /Users/paulamedina/venv/lib/python3.12/site-packages/airflow/example_dags/example_short_circuit_operator.py for tasks to queue
[2024-05-06T18:33:00.176-0500] {logging_mixin.py:188} INFO - [2024-05-06T18:33:00.175-0500] {dagbag.py:540} INFO - Filling up the DagBag from /Users/paulamedina/venv/lib/python3.12/site-packages/airflow/example_dags/example_short_circuit_operator.py
[2024-05-06T18:33:00.203-0500] {processor.py:840} INFO - DAG(s) 'example_short_circuit_operator' retrieved from /Users/paulamedina/venv/lib/python3.12/site-packages/airflow/example_dags/example_short_circuit_operator.py
[2024-05-06T18:33:00.297-0500] {logging_mixin.py:188} INFO - [2024-05-06T18:33:00.296-0500] {dag.py:3096} INFO - Sync 1 DAGs
[2024-05-06T18:33:00.311-0500] {logging_mixin.py:188} INFO - [2024-05-06T18:33:00.311-0500] {dag.py:3954} INFO - Setting next_dagrun for example_short_circuit_operator to 2024-05-05 00:00:00+00:00, run_after=2024-05-06 00:00:00+00:00
[2024-05-06T18:33:00.329-0500] {processor.py:183} INFO - Processing /Users/paulamedina/venv/lib/python3.12/site-packages/airflow/example_dags/example_short_circuit_operator.py took 0.158 seconds
[2024-05-06T18:34:55.492-0500] {processor.py:161} INFO - Started process (PID=20528) to work on /Users/paulamedina/venv/lib/python3.12/site-packages/airflow/example_dags/example_short_circuit_operator.py
[2024-05-06T18:34:55.494-0500] {processor.py:830} INFO - Processing file /Users/paulamedina/venv/lib/python3.12/site-packages/airflow/example_dags/example_short_circuit_operator.py for tasks to queue
[2024-05-06T18:34:55.494-0500] {logging_mixin.py:188} INFO - [2024-05-06T18:34:55.494-0500] {dagbag.py:540} INFO - Filling up the DagBag from /Users/paulamedina/venv/lib/python3.12/site-packages/airflow/example_dags/example_short_circuit_operator.py
[2024-05-06T18:34:55.522-0500] {processor.py:840} INFO - DAG(s) 'example_short_circuit_operator' retrieved from /Users/paulamedina/venv/lib/python3.12/site-packages/airflow/example_dags/example_short_circuit_operator.py
[2024-05-06T18:34:55.618-0500] {logging_mixin.py:188} INFO - [2024-05-06T18:34:55.618-0500] {dag.py:3096} INFO - Sync 1 DAGs
[2024-05-06T18:34:55.632-0500] {logging_mixin.py:188} INFO - [2024-05-06T18:34:55.632-0500] {dag.py:3954} INFO - Setting next_dagrun for example_short_circuit_operator to 2024-05-05 00:00:00+00:00, run_after=2024-05-06 00:00:00+00:00
[2024-05-06T18:34:55.649-0500] {processor.py:183} INFO - Processing /Users/paulamedina/venv/lib/python3.12/site-packages/airflow/example_dags/example_short_circuit_operator.py took 0.159 seconds
[2024-05-06T18:36:54.767-0500] {processor.py:161} INFO - Started process (PID=20957) to work on /Users/paulamedina/venv/lib/python3.12/site-packages/airflow/example_dags/example_short_circuit_operator.py
[2024-05-06T18:36:54.769-0500] {processor.py:830} INFO - Processing file /Users/paulamedina/venv/lib/python3.12/site-packages/airflow/example_dags/example_short_circuit_operator.py for tasks to queue
[2024-05-06T18:36:54.770-0500] {logging_mixin.py:188} INFO - [2024-05-06T18:36:54.769-0500] {dagbag.py:540} INFO - Filling up the DagBag from /Users/paulamedina/venv/lib/python3.12/site-packages/airflow/example_dags/example_short_circuit_operator.py
[2024-05-06T18:36:54.799-0500] {processor.py:840} INFO - DAG(s) 'example_short_circuit_operator' retrieved from /Users/paulamedina/venv/lib/python3.12/site-packages/airflow/example_dags/example_short_circuit_operator.py
[2024-05-06T18:36:54.895-0500] {logging_mixin.py:188} INFO - [2024-05-06T18:36:54.895-0500] {dag.py:3096} INFO - Sync 1 DAGs
[2024-05-06T18:36:54.909-0500] {logging_mixin.py:188} INFO - [2024-05-06T18:36:54.909-0500] {dag.py:3954} INFO - Setting next_dagrun for example_short_circuit_operator to 2024-05-05 00:00:00+00:00, run_after=2024-05-06 00:00:00+00:00
[2024-05-06T18:36:54.927-0500] {processor.py:183} INFO - Processing /Users/paulamedina/venv/lib/python3.12/site-packages/airflow/example_dags/example_short_circuit_operator.py took 0.163 seconds
[2024-05-06T18:38:53.297-0500] {processor.py:161} INFO - Started process (PID=21370) to work on /Users/paulamedina/venv/lib/python3.12/site-packages/airflow/example_dags/example_short_circuit_operator.py
[2024-05-06T18:38:53.298-0500] {processor.py:830} INFO - Processing file /Users/paulamedina/venv/lib/python3.12/site-packages/airflow/example_dags/example_short_circuit_operator.py for tasks to queue
[2024-05-06T18:38:53.299-0500] {logging_mixin.py:188} INFO - [2024-05-06T18:38:53.299-0500] {dagbag.py:540} INFO - Filling up the DagBag from /Users/paulamedina/venv/lib/python3.12/site-packages/airflow/example_dags/example_short_circuit_operator.py
[2024-05-06T18:38:53.333-0500] {processor.py:840} INFO - DAG(s) 'example_short_circuit_operator' retrieved from /Users/paulamedina/venv/lib/python3.12/site-packages/airflow/example_dags/example_short_circuit_operator.py
[2024-05-06T18:38:53.445-0500] {logging_mixin.py:188} INFO - [2024-05-06T18:38:53.445-0500] {dag.py:3096} INFO - Sync 1 DAGs
[2024-05-06T18:38:53.463-0500] {logging_mixin.py:188} INFO - [2024-05-06T18:38:53.463-0500] {dag.py:3954} INFO - Setting next_dagrun for example_short_circuit_operator to 2024-05-05 00:00:00+00:00, run_after=2024-05-06 00:00:00+00:00
[2024-05-06T18:38:53.482-0500] {processor.py:183} INFO - Processing /Users/paulamedina/venv/lib/python3.12/site-packages/airflow/example_dags/example_short_circuit_operator.py took 0.189 seconds
[2024-05-06T18:40:49.135-0500] {processor.py:161} INFO - Started process (PID=21789) to work on /Users/paulamedina/venv/lib/python3.12/site-packages/airflow/example_dags/example_short_circuit_operator.py
[2024-05-06T18:40:49.138-0500] {processor.py:830} INFO - Processing file /Users/paulamedina/venv/lib/python3.12/site-packages/airflow/example_dags/example_short_circuit_operator.py for tasks to queue
[2024-05-06T18:40:49.138-0500] {logging_mixin.py:188} INFO - [2024-05-06T18:40:49.138-0500] {dagbag.py:540} INFO - Filling up the DagBag from /Users/paulamedina/venv/lib/python3.12/site-packages/airflow/example_dags/example_short_circuit_operator.py
[2024-05-06T18:40:49.167-0500] {processor.py:840} INFO - DAG(s) 'example_short_circuit_operator' retrieved from /Users/paulamedina/venv/lib/python3.12/site-packages/airflow/example_dags/example_short_circuit_operator.py
[2024-05-06T18:40:49.259-0500] {logging_mixin.py:188} INFO - [2024-05-06T18:40:49.259-0500] {dag.py:3096} INFO - Sync 1 DAGs
[2024-05-06T18:40:49.273-0500] {logging_mixin.py:188} INFO - [2024-05-06T18:40:49.273-0500] {dag.py:3954} INFO - Setting next_dagrun for example_short_circuit_operator to 2024-05-05 00:00:00+00:00, run_after=2024-05-06 00:00:00+00:00
[2024-05-06T18:40:49.289-0500] {processor.py:183} INFO - Processing /Users/paulamedina/venv/lib/python3.12/site-packages/airflow/example_dags/example_short_circuit_operator.py took 0.157 seconds
[2024-05-06T18:42:47.883-0500] {processor.py:161} INFO - Started process (PID=22305) to work on /Users/paulamedina/venv/lib/python3.12/site-packages/airflow/example_dags/example_short_circuit_operator.py
[2024-05-06T18:42:47.884-0500] {processor.py:830} INFO - Processing file /Users/paulamedina/venv/lib/python3.12/site-packages/airflow/example_dags/example_short_circuit_operator.py for tasks to queue
[2024-05-06T18:42:47.885-0500] {logging_mixin.py:188} INFO - [2024-05-06T18:42:47.885-0500] {dagbag.py:540} INFO - Filling up the DagBag from /Users/paulamedina/venv/lib/python3.12/site-packages/airflow/example_dags/example_short_circuit_operator.py
[2024-05-06T18:42:47.914-0500] {processor.py:840} INFO - DAG(s) 'example_short_circuit_operator' retrieved from /Users/paulamedina/venv/lib/python3.12/site-packages/airflow/example_dags/example_short_circuit_operator.py
[2024-05-06T18:42:48.011-0500] {logging_mixin.py:188} INFO - [2024-05-06T18:42:48.011-0500] {dag.py:3096} INFO - Sync 1 DAGs
[2024-05-06T18:42:48.027-0500] {logging_mixin.py:188} INFO - [2024-05-06T18:42:48.026-0500] {dag.py:3954} INFO - Setting next_dagrun for example_short_circuit_operator to 2024-05-05 00:00:00+00:00, run_after=2024-05-06 00:00:00+00:00
[2024-05-06T18:42:48.044-0500] {processor.py:183} INFO - Processing /Users/paulamedina/venv/lib/python3.12/site-packages/airflow/example_dags/example_short_circuit_operator.py took 0.163 seconds
[2024-05-06T18:44:42.958-0500] {processor.py:161} INFO - Started process (PID=22717) to work on /Users/paulamedina/venv/lib/python3.12/site-packages/airflow/example_dags/example_short_circuit_operator.py
[2024-05-06T18:44:42.960-0500] {processor.py:830} INFO - Processing file /Users/paulamedina/venv/lib/python3.12/site-packages/airflow/example_dags/example_short_circuit_operator.py for tasks to queue
[2024-05-06T18:44:42.961-0500] {logging_mixin.py:188} INFO - [2024-05-06T18:44:42.961-0500] {dagbag.py:540} INFO - Filling up the DagBag from /Users/paulamedina/venv/lib/python3.12/site-packages/airflow/example_dags/example_short_circuit_operator.py
[2024-05-06T18:44:42.990-0500] {processor.py:840} INFO - DAG(s) 'example_short_circuit_operator' retrieved from /Users/paulamedina/venv/lib/python3.12/site-packages/airflow/example_dags/example_short_circuit_operator.py
[2024-05-06T18:44:43.084-0500] {logging_mixin.py:188} INFO - [2024-05-06T18:44:43.084-0500] {dag.py:3096} INFO - Sync 1 DAGs
[2024-05-06T18:44:43.098-0500] {logging_mixin.py:188} INFO - [2024-05-06T18:44:43.098-0500] {dag.py:3954} INFO - Setting next_dagrun for example_short_circuit_operator to 2024-05-05 00:00:00+00:00, run_after=2024-05-06 00:00:00+00:00
[2024-05-06T18:44:43.115-0500] {processor.py:183} INFO - Processing /Users/paulamedina/venv/lib/python3.12/site-packages/airflow/example_dags/example_short_circuit_operator.py took 0.159 seconds
[2024-05-06T18:46:47.172-0500] {processor.py:161} INFO - Started process (PID=23164) to work on /Users/paulamedina/venv/lib/python3.12/site-packages/airflow/example_dags/example_short_circuit_operator.py
[2024-05-06T18:46:47.174-0500] {processor.py:830} INFO - Processing file /Users/paulamedina/venv/lib/python3.12/site-packages/airflow/example_dags/example_short_circuit_operator.py for tasks to queue
[2024-05-06T18:46:47.175-0500] {logging_mixin.py:188} INFO - [2024-05-06T18:46:47.175-0500] {dagbag.py:540} INFO - Filling up the DagBag from /Users/paulamedina/venv/lib/python3.12/site-packages/airflow/example_dags/example_short_circuit_operator.py
[2024-05-06T18:46:47.202-0500] {processor.py:840} INFO - DAG(s) 'example_short_circuit_operator' retrieved from /Users/paulamedina/venv/lib/python3.12/site-packages/airflow/example_dags/example_short_circuit_operator.py
[2024-05-06T18:46:47.298-0500] {logging_mixin.py:188} INFO - [2024-05-06T18:46:47.297-0500] {dag.py:3096} INFO - Sync 1 DAGs
[2024-05-06T18:46:47.312-0500] {logging_mixin.py:188} INFO - [2024-05-06T18:46:47.312-0500] {dag.py:3954} INFO - Setting next_dagrun for example_short_circuit_operator to 2024-05-05 00:00:00+00:00, run_after=2024-05-06 00:00:00+00:00
[2024-05-06T18:46:47.329-0500] {processor.py:183} INFO - Processing /Users/paulamedina/venv/lib/python3.12/site-packages/airflow/example_dags/example_short_circuit_operator.py took 0.160 seconds
[2024-05-06T18:48:53.855-0500] {processor.py:161} INFO - Started process (PID=23606) to work on /Users/paulamedina/venv/lib/python3.12/site-packages/airflow/example_dags/example_short_circuit_operator.py
[2024-05-06T18:48:53.857-0500] {processor.py:830} INFO - Processing file /Users/paulamedina/venv/lib/python3.12/site-packages/airflow/example_dags/example_short_circuit_operator.py for tasks to queue
[2024-05-06T18:48:53.858-0500] {logging_mixin.py:188} INFO - [2024-05-06T18:48:53.857-0500] {dagbag.py:540} INFO - Filling up the DagBag from /Users/paulamedina/venv/lib/python3.12/site-packages/airflow/example_dags/example_short_circuit_operator.py
[2024-05-06T18:48:53.891-0500] {processor.py:840} INFO - DAG(s) 'example_short_circuit_operator' retrieved from /Users/paulamedina/venv/lib/python3.12/site-packages/airflow/example_dags/example_short_circuit_operator.py
[2024-05-06T18:48:54.007-0500] {logging_mixin.py:188} INFO - [2024-05-06T18:48:54.007-0500] {dag.py:3096} INFO - Sync 1 DAGs
[2024-05-06T18:48:54.025-0500] {logging_mixin.py:188} INFO - [2024-05-06T18:48:54.025-0500] {dag.py:3954} INFO - Setting next_dagrun for example_short_circuit_operator to 2024-05-05 00:00:00+00:00, run_after=2024-05-06 00:00:00+00:00
[2024-05-06T18:48:54.047-0500] {processor.py:183} INFO - Processing /Users/paulamedina/venv/lib/python3.12/site-packages/airflow/example_dags/example_short_circuit_operator.py took 0.194 seconds
[2024-05-06T18:50:54.611-0500] {processor.py:161} INFO - Started process (PID=24044) to work on /Users/paulamedina/venv/lib/python3.12/site-packages/airflow/example_dags/example_short_circuit_operator.py
[2024-05-06T18:50:54.611-0500] {processor.py:830} INFO - Processing file /Users/paulamedina/venv/lib/python3.12/site-packages/airflow/example_dags/example_short_circuit_operator.py for tasks to queue
[2024-05-06T18:50:54.612-0500] {logging_mixin.py:188} INFO - [2024-05-06T18:50:54.612-0500] {dagbag.py:540} INFO - Filling up the DagBag from /Users/paulamedina/venv/lib/python3.12/site-packages/airflow/example_dags/example_short_circuit_operator.py
[2024-05-06T18:50:54.637-0500] {processor.py:840} INFO - DAG(s) 'example_short_circuit_operator' retrieved from /Users/paulamedina/venv/lib/python3.12/site-packages/airflow/example_dags/example_short_circuit_operator.py
[2024-05-06T18:50:54.719-0500] {logging_mixin.py:188} INFO - [2024-05-06T18:50:54.719-0500] {dag.py:3096} INFO - Sync 1 DAGs
[2024-05-06T18:50:54.733-0500] {logging_mixin.py:188} INFO - [2024-05-06T18:50:54.732-0500] {dag.py:3954} INFO - Setting next_dagrun for example_short_circuit_operator to 2024-05-05 00:00:00+00:00, run_after=2024-05-06 00:00:00+00:00
[2024-05-06T18:50:54.748-0500] {processor.py:183} INFO - Processing /Users/paulamedina/venv/lib/python3.12/site-packages/airflow/example_dags/example_short_circuit_operator.py took 0.139 seconds
[2024-05-06T18:52:53.285-0500] {processor.py:161} INFO - Started process (PID=24466) to work on /Users/paulamedina/venv/lib/python3.12/site-packages/airflow/example_dags/example_short_circuit_operator.py
[2024-05-06T18:52:53.286-0500] {processor.py:830} INFO - Processing file /Users/paulamedina/venv/lib/python3.12/site-packages/airflow/example_dags/example_short_circuit_operator.py for tasks to queue
[2024-05-06T18:52:53.286-0500] {logging_mixin.py:188} INFO - [2024-05-06T18:52:53.286-0500] {dagbag.py:540} INFO - Filling up the DagBag from /Users/paulamedina/venv/lib/python3.12/site-packages/airflow/example_dags/example_short_circuit_operator.py
[2024-05-06T18:52:53.316-0500] {processor.py:840} INFO - DAG(s) 'example_short_circuit_operator' retrieved from /Users/paulamedina/venv/lib/python3.12/site-packages/airflow/example_dags/example_short_circuit_operator.py
[2024-05-06T18:52:53.417-0500] {logging_mixin.py:188} INFO - [2024-05-06T18:52:53.417-0500] {dag.py:3096} INFO - Sync 1 DAGs
[2024-05-06T18:52:53.431-0500] {logging_mixin.py:188} INFO - [2024-05-06T18:52:53.431-0500] {dag.py:3954} INFO - Setting next_dagrun for example_short_circuit_operator to 2024-05-05 00:00:00+00:00, run_after=2024-05-06 00:00:00+00:00
[2024-05-06T18:52:53.446-0500] {processor.py:183} INFO - Processing /Users/paulamedina/venv/lib/python3.12/site-packages/airflow/example_dags/example_short_circuit_operator.py took 0.164 seconds
[2024-05-06T18:54:49.237-0500] {processor.py:161} INFO - Started process (PID=24880) to work on /Users/paulamedina/venv/lib/python3.12/site-packages/airflow/example_dags/example_short_circuit_operator.py
[2024-05-06T18:54:49.238-0500] {processor.py:830} INFO - Processing file /Users/paulamedina/venv/lib/python3.12/site-packages/airflow/example_dags/example_short_circuit_operator.py for tasks to queue
[2024-05-06T18:54:49.239-0500] {logging_mixin.py:188} INFO - [2024-05-06T18:54:49.239-0500] {dagbag.py:540} INFO - Filling up the DagBag from /Users/paulamedina/venv/lib/python3.12/site-packages/airflow/example_dags/example_short_circuit_operator.py
[2024-05-06T18:54:49.265-0500] {processor.py:840} INFO - DAG(s) 'example_short_circuit_operator' retrieved from /Users/paulamedina/venv/lib/python3.12/site-packages/airflow/example_dags/example_short_circuit_operator.py
[2024-05-06T18:54:49.355-0500] {logging_mixin.py:188} INFO - [2024-05-06T18:54:49.354-0500] {dag.py:3096} INFO - Sync 1 DAGs
[2024-05-06T18:54:49.370-0500] {logging_mixin.py:188} INFO - [2024-05-06T18:54:49.370-0500] {dag.py:3954} INFO - Setting next_dagrun for example_short_circuit_operator to 2024-05-05 00:00:00+00:00, run_after=2024-05-06 00:00:00+00:00
[2024-05-06T18:54:49.387-0500] {processor.py:183} INFO - Processing /Users/paulamedina/venv/lib/python3.12/site-packages/airflow/example_dags/example_short_circuit_operator.py took 0.152 seconds
[2024-05-06T18:57:16.062-0500] {processor.py:161} INFO - Started process (PID=25408) to work on /Users/paulamedina/venv/lib/python3.12/site-packages/airflow/example_dags/example_short_circuit_operator.py
[2024-05-06T18:57:16.063-0500] {processor.py:830} INFO - Processing file /Users/paulamedina/venv/lib/python3.12/site-packages/airflow/example_dags/example_short_circuit_operator.py for tasks to queue
[2024-05-06T18:57:16.064-0500] {logging_mixin.py:188} INFO - [2024-05-06T18:57:16.064-0500] {dagbag.py:540} INFO - Filling up the DagBag from /Users/paulamedina/venv/lib/python3.12/site-packages/airflow/example_dags/example_short_circuit_operator.py
[2024-05-06T18:57:16.091-0500] {processor.py:840} INFO - DAG(s) 'example_short_circuit_operator' retrieved from /Users/paulamedina/venv/lib/python3.12/site-packages/airflow/example_dags/example_short_circuit_operator.py
[2024-05-06T18:57:16.180-0500] {logging_mixin.py:188} INFO - [2024-05-06T18:57:16.180-0500] {dag.py:3096} INFO - Sync 1 DAGs
[2024-05-06T18:57:16.194-0500] {logging_mixin.py:188} INFO - [2024-05-06T18:57:16.193-0500] {dag.py:3954} INFO - Setting next_dagrun for example_short_circuit_operator to 2024-05-05 00:00:00+00:00, run_after=2024-05-06 00:00:00+00:00
[2024-05-06T18:57:16.210-0500] {processor.py:183} INFO - Processing /Users/paulamedina/venv/lib/python3.12/site-packages/airflow/example_dags/example_short_circuit_operator.py took 0.150 seconds
[2024-05-06T18:59:19.297-0500] {processor.py:161} INFO - Started process (PID=25957) to work on /Users/paulamedina/venv/lib/python3.12/site-packages/airflow/example_dags/example_short_circuit_operator.py
[2024-05-06T18:59:19.299-0500] {processor.py:830} INFO - Processing file /Users/paulamedina/venv/lib/python3.12/site-packages/airflow/example_dags/example_short_circuit_operator.py for tasks to queue
[2024-05-06T18:59:19.299-0500] {logging_mixin.py:188} INFO - [2024-05-06T18:59:19.299-0500] {dagbag.py:540} INFO - Filling up the DagBag from /Users/paulamedina/venv/lib/python3.12/site-packages/airflow/example_dags/example_short_circuit_operator.py
[2024-05-06T18:59:19.326-0500] {processor.py:840} INFO - DAG(s) 'example_short_circuit_operator' retrieved from /Users/paulamedina/venv/lib/python3.12/site-packages/airflow/example_dags/example_short_circuit_operator.py
[2024-05-06T18:59:19.411-0500] {logging_mixin.py:188} INFO - [2024-05-06T18:59:19.411-0500] {dag.py:3096} INFO - Sync 1 DAGs
[2024-05-06T18:59:19.423-0500] {logging_mixin.py:188} INFO - [2024-05-06T18:59:19.423-0500] {dag.py:3954} INFO - Setting next_dagrun for example_short_circuit_operator to 2024-05-05 00:00:00+00:00, run_after=2024-05-06 00:00:00+00:00
[2024-05-06T18:59:19.438-0500] {processor.py:183} INFO - Processing /Users/paulamedina/venv/lib/python3.12/site-packages/airflow/example_dags/example_short_circuit_operator.py took 0.143 seconds
