[2024-05-06T18:11:05.794-0500] {processor.py:161} INFO - Started process (PID=7732) to work on /Users/paulamedina/venv/lib/python3.12/site-packages/airflow/example_dags/example_dynamic_task_mapping_with_no_taskflow_operators.py
[2024-05-06T18:11:05.794-0500] {processor.py:830} INFO - Processing file /Users/paulamedina/venv/lib/python3.12/site-packages/airflow/example_dags/example_dynamic_task_mapping_with_no_taskflow_operators.py for tasks to queue
[2024-05-06T18:11:05.795-0500] {logging_mixin.py:188} INFO - [2024-05-06T18:11:05.795-0500] {dagbag.py:540} INFO - Filling up the DagBag from /Users/paulamedina/venv/lib/python3.12/site-packages/airflow/example_dags/example_dynamic_task_mapping_with_no_taskflow_operators.py
[2024-05-06T18:11:05.804-0500] {processor.py:840} INFO - DAG(s) 'example_dynamic_task_mapping_with_no_taskflow_operators' retrieved from /Users/paulamedina/venv/lib/python3.12/site-packages/airflow/example_dags/example_dynamic_task_mapping_with_no_taskflow_operators.py
[2024-05-06T18:11:05.958-0500] {logging_mixin.py:188} INFO - [2024-05-06T18:11:05.958-0500] {dag.py:3096} INFO - Sync 1 DAGs
[2024-05-06T18:11:05.971-0500] {logging_mixin.py:188} INFO - [2024-05-06T18:11:05.971-0500] {dag.py:3954} INFO - Setting next_dagrun for example_dynamic_task_mapping_with_no_taskflow_operators to 2024-05-05 00:00:00+00:00, run_after=2024-05-06 00:00:00+00:00
[2024-05-06T18:11:05.989-0500] {processor.py:183} INFO - Processing /Users/paulamedina/venv/lib/python3.12/site-packages/airflow/example_dags/example_dynamic_task_mapping_with_no_taskflow_operators.py took 0.198 seconds
[2024-05-06T18:13:36.142-0500] {processor.py:161} INFO - Started process (PID=9744) to work on /Users/paulamedina/venv/lib/python3.12/site-packages/airflow/example_dags/example_dynamic_task_mapping_with_no_taskflow_operators.py
[2024-05-06T18:13:36.143-0500] {processor.py:830} INFO - Processing file /Users/paulamedina/venv/lib/python3.12/site-packages/airflow/example_dags/example_dynamic_task_mapping_with_no_taskflow_operators.py for tasks to queue
[2024-05-06T18:13:36.144-0500] {logging_mixin.py:188} INFO - [2024-05-06T18:13:36.144-0500] {dagbag.py:540} INFO - Filling up the DagBag from /Users/paulamedina/venv/lib/python3.12/site-packages/airflow/example_dags/example_dynamic_task_mapping_with_no_taskflow_operators.py
[2024-05-06T18:13:36.152-0500] {processor.py:840} INFO - DAG(s) 'example_dynamic_task_mapping_with_no_taskflow_operators' retrieved from /Users/paulamedina/venv/lib/python3.12/site-packages/airflow/example_dags/example_dynamic_task_mapping_with_no_taskflow_operators.py
[2024-05-06T18:13:36.246-0500] {logging_mixin.py:188} INFO - [2024-05-06T18:13:36.246-0500] {dag.py:3096} INFO - Sync 1 DAGs
[2024-05-06T18:13:36.262-0500] {logging_mixin.py:188} INFO - [2024-05-06T18:13:36.261-0500] {dag.py:3954} INFO - Setting next_dagrun for example_dynamic_task_mapping_with_no_taskflow_operators to 2024-05-05 00:00:00+00:00, run_after=2024-05-06 00:00:00+00:00
[2024-05-06T18:13:36.280-0500] {processor.py:183} INFO - Processing /Users/paulamedina/venv/lib/python3.12/site-packages/airflow/example_dags/example_dynamic_task_mapping_with_no_taskflow_operators.py took 0.140 seconds
[2024-05-06T18:17:27.292-0500] {processor.py:161} INFO - Started process (PID=12876) to work on /Users/paulamedina/venv/lib/python3.12/site-packages/airflow/example_dags/example_dynamic_task_mapping_with_no_taskflow_operators.py
[2024-05-06T18:17:27.292-0500] {processor.py:830} INFO - Processing file /Users/paulamedina/venv/lib/python3.12/site-packages/airflow/example_dags/example_dynamic_task_mapping_with_no_taskflow_operators.py for tasks to queue
[2024-05-06T18:17:27.293-0500] {logging_mixin.py:188} INFO - [2024-05-06T18:17:27.293-0500] {dagbag.py:540} INFO - Filling up the DagBag from /Users/paulamedina/venv/lib/python3.12/site-packages/airflow/example_dags/example_dynamic_task_mapping_with_no_taskflow_operators.py
[2024-05-06T18:17:27.301-0500] {processor.py:840} INFO - DAG(s) 'example_dynamic_task_mapping_with_no_taskflow_operators' retrieved from /Users/paulamedina/venv/lib/python3.12/site-packages/airflow/example_dags/example_dynamic_task_mapping_with_no_taskflow_operators.py
[2024-05-06T18:17:27.391-0500] {logging_mixin.py:188} INFO - [2024-05-06T18:17:27.391-0500] {dag.py:3096} INFO - Sync 1 DAGs
[2024-05-06T18:17:27.406-0500] {logging_mixin.py:188} INFO - [2024-05-06T18:17:27.406-0500] {dag.py:3954} INFO - Setting next_dagrun for example_dynamic_task_mapping_with_no_taskflow_operators to 2024-05-05 00:00:00+00:00, run_after=2024-05-06 00:00:00+00:00
[2024-05-06T18:17:27.422-0500] {processor.py:183} INFO - Processing /Users/paulamedina/venv/lib/python3.12/site-packages/airflow/example_dags/example_dynamic_task_mapping_with_no_taskflow_operators.py took 0.133 seconds
[2024-05-06T18:21:23.336-0500] {processor.py:161} INFO - Started process (PID=16120) to work on /Users/paulamedina/venv/lib/python3.12/site-packages/airflow/example_dags/example_dynamic_task_mapping_with_no_taskflow_operators.py
[2024-05-06T18:21:23.337-0500] {processor.py:830} INFO - Processing file /Users/paulamedina/venv/lib/python3.12/site-packages/airflow/example_dags/example_dynamic_task_mapping_with_no_taskflow_operators.py for tasks to queue
[2024-05-06T18:21:23.337-0500] {logging_mixin.py:188} INFO - [2024-05-06T18:21:23.337-0500] {dagbag.py:540} INFO - Filling up the DagBag from /Users/paulamedina/venv/lib/python3.12/site-packages/airflow/example_dags/example_dynamic_task_mapping_with_no_taskflow_operators.py
[2024-05-06T18:21:23.346-0500] {processor.py:840} INFO - DAG(s) 'example_dynamic_task_mapping_with_no_taskflow_operators' retrieved from /Users/paulamedina/venv/lib/python3.12/site-packages/airflow/example_dags/example_dynamic_task_mapping_with_no_taskflow_operators.py
[2024-05-06T18:21:23.443-0500] {logging_mixin.py:188} INFO - [2024-05-06T18:21:23.442-0500] {dag.py:3096} INFO - Sync 1 DAGs
[2024-05-06T18:21:23.458-0500] {logging_mixin.py:188} INFO - [2024-05-06T18:21:23.458-0500] {dag.py:3954} INFO - Setting next_dagrun for example_dynamic_task_mapping_with_no_taskflow_operators to 2024-05-05 00:00:00+00:00, run_after=2024-05-06 00:00:00+00:00
[2024-05-06T18:21:23.473-0500] {processor.py:183} INFO - Processing /Users/paulamedina/venv/lib/python3.12/site-packages/airflow/example_dags/example_dynamic_task_mapping_with_no_taskflow_operators.py took 0.140 seconds
[2024-05-06T18:25:32.800-0500] {processor.py:161} INFO - Started process (PID=18484) to work on /Users/paulamedina/venv/lib/python3.12/site-packages/airflow/example_dags/example_dynamic_task_mapping_with_no_taskflow_operators.py
[2024-05-06T18:25:32.801-0500] {processor.py:830} INFO - Processing file /Users/paulamedina/venv/lib/python3.12/site-packages/airflow/example_dags/example_dynamic_task_mapping_with_no_taskflow_operators.py for tasks to queue
[2024-05-06T18:25:32.802-0500] {logging_mixin.py:188} INFO - [2024-05-06T18:25:32.802-0500] {dagbag.py:540} INFO - Filling up the DagBag from /Users/paulamedina/venv/lib/python3.12/site-packages/airflow/example_dags/example_dynamic_task_mapping_with_no_taskflow_operators.py
[2024-05-06T18:25:32.814-0500] {processor.py:840} INFO - DAG(s) 'example_dynamic_task_mapping_with_no_taskflow_operators' retrieved from /Users/paulamedina/venv/lib/python3.12/site-packages/airflow/example_dags/example_dynamic_task_mapping_with_no_taskflow_operators.py
[2024-05-06T18:25:32.899-0500] {logging_mixin.py:188} INFO - [2024-05-06T18:25:32.899-0500] {dag.py:3096} INFO - Sync 1 DAGs
[2024-05-06T18:25:32.912-0500] {logging_mixin.py:188} INFO - [2024-05-06T18:25:32.912-0500] {dag.py:3954} INFO - Setting next_dagrun for example_dynamic_task_mapping_with_no_taskflow_operators to 2024-05-05 00:00:00+00:00, run_after=2024-05-06 00:00:00+00:00
[2024-05-06T18:25:32.928-0500] {processor.py:183} INFO - Processing /Users/paulamedina/venv/lib/python3.12/site-packages/airflow/example_dags/example_dynamic_task_mapping_with_no_taskflow_operators.py took 0.131 seconds
[2024-05-06T18:29:30.152-0500] {processor.py:161} INFO - Started process (PID=19338) to work on /Users/paulamedina/venv/lib/python3.12/site-packages/airflow/example_dags/example_dynamic_task_mapping_with_no_taskflow_operators.py
[2024-05-06T18:29:30.154-0500] {processor.py:830} INFO - Processing file /Users/paulamedina/venv/lib/python3.12/site-packages/airflow/example_dags/example_dynamic_task_mapping_with_no_taskflow_operators.py for tasks to queue
[2024-05-06T18:29:30.155-0500] {logging_mixin.py:188} INFO - [2024-05-06T18:29:30.154-0500] {dagbag.py:540} INFO - Filling up the DagBag from /Users/paulamedina/venv/lib/python3.12/site-packages/airflow/example_dags/example_dynamic_task_mapping_with_no_taskflow_operators.py
[2024-05-06T18:29:30.165-0500] {processor.py:840} INFO - DAG(s) 'example_dynamic_task_mapping_with_no_taskflow_operators' retrieved from /Users/paulamedina/venv/lib/python3.12/site-packages/airflow/example_dags/example_dynamic_task_mapping_with_no_taskflow_operators.py
[2024-05-06T18:29:30.250-0500] {logging_mixin.py:188} INFO - [2024-05-06T18:29:30.250-0500] {dag.py:3096} INFO - Sync 1 DAGs
[2024-05-06T18:29:30.263-0500] {logging_mixin.py:188} INFO - [2024-05-06T18:29:30.263-0500] {dag.py:3954} INFO - Setting next_dagrun for example_dynamic_task_mapping_with_no_taskflow_operators to 2024-05-05 00:00:00+00:00, run_after=2024-05-06 00:00:00+00:00
[2024-05-06T18:29:30.279-0500] {processor.py:183} INFO - Processing /Users/paulamedina/venv/lib/python3.12/site-packages/airflow/example_dags/example_dynamic_task_mapping_with_no_taskflow_operators.py took 0.128 seconds
[2024-05-06T18:33:42.530-0500] {processor.py:161} INFO - Started process (PID=20259) to work on /Users/paulamedina/venv/lib/python3.12/site-packages/airflow/example_dags/example_dynamic_task_mapping_with_no_taskflow_operators.py
[2024-05-06T18:33:42.531-0500] {processor.py:830} INFO - Processing file /Users/paulamedina/venv/lib/python3.12/site-packages/airflow/example_dags/example_dynamic_task_mapping_with_no_taskflow_operators.py for tasks to queue
[2024-05-06T18:33:42.532-0500] {logging_mixin.py:188} INFO - [2024-05-06T18:33:42.532-0500] {dagbag.py:540} INFO - Filling up the DagBag from /Users/paulamedina/venv/lib/python3.12/site-packages/airflow/example_dags/example_dynamic_task_mapping_with_no_taskflow_operators.py
[2024-05-06T18:33:42.542-0500] {processor.py:840} INFO - DAG(s) 'example_dynamic_task_mapping_with_no_taskflow_operators' retrieved from /Users/paulamedina/venv/lib/python3.12/site-packages/airflow/example_dags/example_dynamic_task_mapping_with_no_taskflow_operators.py
[2024-05-06T18:33:42.639-0500] {logging_mixin.py:188} INFO - [2024-05-06T18:33:42.638-0500] {dag.py:3096} INFO - Sync 1 DAGs
[2024-05-06T18:33:42.653-0500] {logging_mixin.py:188} INFO - [2024-05-06T18:33:42.653-0500] {dag.py:3954} INFO - Setting next_dagrun for example_dynamic_task_mapping_with_no_taskflow_operators to 2024-05-05 00:00:00+00:00, run_after=2024-05-06 00:00:00+00:00
[2024-05-06T18:33:42.669-0500] {processor.py:183} INFO - Processing /Users/paulamedina/venv/lib/python3.12/site-packages/airflow/example_dags/example_dynamic_task_mapping_with_no_taskflow_operators.py took 0.142 seconds
[2024-05-06T18:37:39.832-0500] {processor.py:161} INFO - Started process (PID=21102) to work on /Users/paulamedina/venv/lib/python3.12/site-packages/airflow/example_dags/example_dynamic_task_mapping_with_no_taskflow_operators.py
[2024-05-06T18:37:39.833-0500] {processor.py:830} INFO - Processing file /Users/paulamedina/venv/lib/python3.12/site-packages/airflow/example_dags/example_dynamic_task_mapping_with_no_taskflow_operators.py for tasks to queue
[2024-05-06T18:37:39.834-0500] {logging_mixin.py:188} INFO - [2024-05-06T18:37:39.834-0500] {dagbag.py:540} INFO - Filling up the DagBag from /Users/paulamedina/venv/lib/python3.12/site-packages/airflow/example_dags/example_dynamic_task_mapping_with_no_taskflow_operators.py
[2024-05-06T18:37:39.844-0500] {processor.py:840} INFO - DAG(s) 'example_dynamic_task_mapping_with_no_taskflow_operators' retrieved from /Users/paulamedina/venv/lib/python3.12/site-packages/airflow/example_dags/example_dynamic_task_mapping_with_no_taskflow_operators.py
[2024-05-06T18:37:39.937-0500] {logging_mixin.py:188} INFO - [2024-05-06T18:37:39.937-0500] {dag.py:3096} INFO - Sync 1 DAGs
[2024-05-06T18:37:39.952-0500] {logging_mixin.py:188} INFO - [2024-05-06T18:37:39.952-0500] {dag.py:3954} INFO - Setting next_dagrun for example_dynamic_task_mapping_with_no_taskflow_operators to 2024-05-05 00:00:00+00:00, run_after=2024-05-06 00:00:00+00:00
[2024-05-06T18:37:39.967-0500] {processor.py:183} INFO - Processing /Users/paulamedina/venv/lib/python3.12/site-packages/airflow/example_dags/example_dynamic_task_mapping_with_no_taskflow_operators.py took 0.138 seconds
[2024-05-06T18:41:30.440-0500] {processor.py:161} INFO - Started process (PID=21939) to work on /Users/paulamedina/venv/lib/python3.12/site-packages/airflow/example_dags/example_dynamic_task_mapping_with_no_taskflow_operators.py
[2024-05-06T18:41:30.442-0500] {processor.py:830} INFO - Processing file /Users/paulamedina/venv/lib/python3.12/site-packages/airflow/example_dags/example_dynamic_task_mapping_with_no_taskflow_operators.py for tasks to queue
[2024-05-06T18:41:30.443-0500] {logging_mixin.py:188} INFO - [2024-05-06T18:41:30.443-0500] {dagbag.py:540} INFO - Filling up the DagBag from /Users/paulamedina/venv/lib/python3.12/site-packages/airflow/example_dags/example_dynamic_task_mapping_with_no_taskflow_operators.py
[2024-05-06T18:41:30.453-0500] {processor.py:840} INFO - DAG(s) 'example_dynamic_task_mapping_with_no_taskflow_operators' retrieved from /Users/paulamedina/venv/lib/python3.12/site-packages/airflow/example_dags/example_dynamic_task_mapping_with_no_taskflow_operators.py
[2024-05-06T18:41:30.560-0500] {logging_mixin.py:188} INFO - [2024-05-06T18:41:30.559-0500] {dag.py:3096} INFO - Sync 1 DAGs
[2024-05-06T18:41:30.577-0500] {logging_mixin.py:188} INFO - [2024-05-06T18:41:30.577-0500] {dag.py:3954} INFO - Setting next_dagrun for example_dynamic_task_mapping_with_no_taskflow_operators to 2024-05-05 00:00:00+00:00, run_after=2024-05-06 00:00:00+00:00
[2024-05-06T18:41:30.596-0500] {processor.py:183} INFO - Processing /Users/paulamedina/venv/lib/python3.12/site-packages/airflow/example_dags/example_dynamic_task_mapping_with_no_taskflow_operators.py took 0.159 seconds
[2024-05-06T18:45:25.791-0500] {processor.py:161} INFO - Started process (PID=22872) to work on /Users/paulamedina/venv/lib/python3.12/site-packages/airflow/example_dags/example_dynamic_task_mapping_with_no_taskflow_operators.py
[2024-05-06T18:45:25.793-0500] {processor.py:830} INFO - Processing file /Users/paulamedina/venv/lib/python3.12/site-packages/airflow/example_dags/example_dynamic_task_mapping_with_no_taskflow_operators.py for tasks to queue
[2024-05-06T18:45:25.793-0500] {logging_mixin.py:188} INFO - [2024-05-06T18:45:25.793-0500] {dagbag.py:540} INFO - Filling up the DagBag from /Users/paulamedina/venv/lib/python3.12/site-packages/airflow/example_dags/example_dynamic_task_mapping_with_no_taskflow_operators.py
[2024-05-06T18:45:25.802-0500] {processor.py:840} INFO - DAG(s) 'example_dynamic_task_mapping_with_no_taskflow_operators' retrieved from /Users/paulamedina/venv/lib/python3.12/site-packages/airflow/example_dags/example_dynamic_task_mapping_with_no_taskflow_operators.py
[2024-05-06T18:45:25.904-0500] {logging_mixin.py:188} INFO - [2024-05-06T18:45:25.904-0500] {dag.py:3096} INFO - Sync 1 DAGs
[2024-05-06T18:45:25.921-0500] {logging_mixin.py:188} INFO - [2024-05-06T18:45:25.920-0500] {dag.py:3954} INFO - Setting next_dagrun for example_dynamic_task_mapping_with_no_taskflow_operators to 2024-05-05 00:00:00+00:00, run_after=2024-05-06 00:00:00+00:00
[2024-05-06T18:45:25.938-0500] {processor.py:183} INFO - Processing /Users/paulamedina/venv/lib/python3.12/site-packages/airflow/example_dags/example_dynamic_task_mapping_with_no_taskflow_operators.py took 0.150 seconds
[2024-05-06T18:49:40.973-0500] {processor.py:161} INFO - Started process (PID=23783) to work on /Users/paulamedina/venv/lib/python3.12/site-packages/airflow/example_dags/example_dynamic_task_mapping_with_no_taskflow_operators.py
[2024-05-06T18:49:40.975-0500] {processor.py:830} INFO - Processing file /Users/paulamedina/venv/lib/python3.12/site-packages/airflow/example_dags/example_dynamic_task_mapping_with_no_taskflow_operators.py for tasks to queue
[2024-05-06T18:49:40.975-0500] {logging_mixin.py:188} INFO - [2024-05-06T18:49:40.975-0500] {dagbag.py:540} INFO - Filling up the DagBag from /Users/paulamedina/venv/lib/python3.12/site-packages/airflow/example_dags/example_dynamic_task_mapping_with_no_taskflow_operators.py
[2024-05-06T18:49:40.984-0500] {processor.py:840} INFO - DAG(s) 'example_dynamic_task_mapping_with_no_taskflow_operators' retrieved from /Users/paulamedina/venv/lib/python3.12/site-packages/airflow/example_dags/example_dynamic_task_mapping_with_no_taskflow_operators.py
[2024-05-06T18:49:41.079-0500] {logging_mixin.py:188} INFO - [2024-05-06T18:49:41.078-0500] {dag.py:3096} INFO - Sync 1 DAGs
[2024-05-06T18:49:41.095-0500] {logging_mixin.py:188} INFO - [2024-05-06T18:49:41.094-0500] {dag.py:3954} INFO - Setting next_dagrun for example_dynamic_task_mapping_with_no_taskflow_operators to 2024-05-05 00:00:00+00:00, run_after=2024-05-06 00:00:00+00:00
[2024-05-06T18:49:41.112-0500] {processor.py:183} INFO - Processing /Users/paulamedina/venv/lib/python3.12/site-packages/airflow/example_dags/example_dynamic_task_mapping_with_no_taskflow_operators.py took 0.141 seconds
[2024-05-06T18:53:34.933-0500] {processor.py:161} INFO - Started process (PID=24618) to work on /Users/paulamedina/venv/lib/python3.12/site-packages/airflow/example_dags/example_dynamic_task_mapping_with_no_taskflow_operators.py
[2024-05-06T18:53:34.934-0500] {processor.py:830} INFO - Processing file /Users/paulamedina/venv/lib/python3.12/site-packages/airflow/example_dags/example_dynamic_task_mapping_with_no_taskflow_operators.py for tasks to queue
[2024-05-06T18:53:34.935-0500] {logging_mixin.py:188} INFO - [2024-05-06T18:53:34.934-0500] {dagbag.py:540} INFO - Filling up the DagBag from /Users/paulamedina/venv/lib/python3.12/site-packages/airflow/example_dags/example_dynamic_task_mapping_with_no_taskflow_operators.py
[2024-05-06T18:53:34.943-0500] {processor.py:840} INFO - DAG(s) 'example_dynamic_task_mapping_with_no_taskflow_operators' retrieved from /Users/paulamedina/venv/lib/python3.12/site-packages/airflow/example_dags/example_dynamic_task_mapping_with_no_taskflow_operators.py
[2024-05-06T18:53:35.039-0500] {logging_mixin.py:188} INFO - [2024-05-06T18:53:35.039-0500] {dag.py:3096} INFO - Sync 1 DAGs
[2024-05-06T18:53:35.054-0500] {logging_mixin.py:188} INFO - [2024-05-06T18:53:35.054-0500] {dag.py:3954} INFO - Setting next_dagrun for example_dynamic_task_mapping_with_no_taskflow_operators to 2024-05-05 00:00:00+00:00, run_after=2024-05-06 00:00:00+00:00
[2024-05-06T18:53:35.072-0500] {processor.py:183} INFO - Processing /Users/paulamedina/venv/lib/python3.12/site-packages/airflow/example_dags/example_dynamic_task_mapping_with_no_taskflow_operators.py took 0.141 seconds
[2024-05-06T18:58:03.050-0500] {processor.py:161} INFO - Started process (PID=25656) to work on /Users/paulamedina/venv/lib/python3.12/site-packages/airflow/example_dags/example_dynamic_task_mapping_with_no_taskflow_operators.py
[2024-05-06T18:58:03.052-0500] {processor.py:830} INFO - Processing file /Users/paulamedina/venv/lib/python3.12/site-packages/airflow/example_dags/example_dynamic_task_mapping_with_no_taskflow_operators.py for tasks to queue
[2024-05-06T18:58:03.053-0500] {logging_mixin.py:188} INFO - [2024-05-06T18:58:03.053-0500] {dagbag.py:540} INFO - Filling up the DagBag from /Users/paulamedina/venv/lib/python3.12/site-packages/airflow/example_dags/example_dynamic_task_mapping_with_no_taskflow_operators.py
[2024-05-06T18:58:03.060-0500] {processor.py:840} INFO - DAG(s) 'example_dynamic_task_mapping_with_no_taskflow_operators' retrieved from /Users/paulamedina/venv/lib/python3.12/site-packages/airflow/example_dags/example_dynamic_task_mapping_with_no_taskflow_operators.py
[2024-05-06T18:58:03.140-0500] {logging_mixin.py:188} INFO - [2024-05-06T18:58:03.140-0500] {dag.py:3096} INFO - Sync 1 DAGs
[2024-05-06T18:58:03.153-0500] {logging_mixin.py:188} INFO - [2024-05-06T18:58:03.153-0500] {dag.py:3954} INFO - Setting next_dagrun for example_dynamic_task_mapping_with_no_taskflow_operators to 2024-05-05 00:00:00+00:00, run_after=2024-05-06 00:00:00+00:00
[2024-05-06T18:58:03.168-0500] {processor.py:183} INFO - Processing /Users/paulamedina/venv/lib/python3.12/site-packages/airflow/example_dags/example_dynamic_task_mapping_with_no_taskflow_operators.py took 0.119 seconds
