[2024-05-06T18:10:50.637-0500] {processor.py:161} INFO - Started process (PID=7474) to work on /Users/paulamedina/venv/lib/python3.12/site-packages/airflow/example_dags/example_nested_branch_dag.py
[2024-05-06T18:10:50.638-0500] {processor.py:830} INFO - Processing file /Users/paulamedina/venv/lib/python3.12/site-packages/airflow/example_dags/example_nested_branch_dag.py for tasks to queue
[2024-05-06T18:10:50.638-0500] {logging_mixin.py:188} INFO - [2024-05-06T18:10:50.638-0500] {dagbag.py:540} INFO - Filling up the DagBag from /Users/paulamedina/venv/lib/python3.12/site-packages/airflow/example_dags/example_nested_branch_dag.py
[2024-05-06T18:10:50.687-0500] {processor.py:840} INFO - DAG(s) 'example_nested_branch_dag' retrieved from /Users/paulamedina/venv/lib/python3.12/site-packages/airflow/example_dags/example_nested_branch_dag.py
[2024-05-06T18:10:50.908-0500] {logging_mixin.py:188} INFO - [2024-05-06T18:10:50.907-0500] {dag.py:3096} INFO - Sync 1 DAGs
[2024-05-06T18:10:50.923-0500] {logging_mixin.py:188} INFO - [2024-05-06T18:10:50.922-0500] {dag.py:3954} INFO - Setting next_dagrun for example_nested_branch_dag to 2024-05-05 00:00:00+00:00, run_after=2024-05-06 00:00:00+00:00
[2024-05-06T18:10:50.940-0500] {processor.py:183} INFO - Processing /Users/paulamedina/venv/lib/python3.12/site-packages/airflow/example_dags/example_nested_branch_dag.py took 0.306 seconds
[2024-05-06T18:13:22.472-0500] {processor.py:161} INFO - Started process (PID=9578) to work on /Users/paulamedina/venv/lib/python3.12/site-packages/airflow/example_dags/example_nested_branch_dag.py
[2024-05-06T18:13:22.473-0500] {processor.py:830} INFO - Processing file /Users/paulamedina/venv/lib/python3.12/site-packages/airflow/example_dags/example_nested_branch_dag.py for tasks to queue
[2024-05-06T18:13:22.473-0500] {logging_mixin.py:188} INFO - [2024-05-06T18:13:22.473-0500] {dagbag.py:540} INFO - Filling up the DagBag from /Users/paulamedina/venv/lib/python3.12/site-packages/airflow/example_dags/example_nested_branch_dag.py
[2024-05-06T18:13:22.521-0500] {processor.py:840} INFO - DAG(s) 'example_nested_branch_dag' retrieved from /Users/paulamedina/venv/lib/python3.12/site-packages/airflow/example_dags/example_nested_branch_dag.py
[2024-05-06T18:13:22.622-0500] {logging_mixin.py:188} INFO - [2024-05-06T18:13:22.622-0500] {dag.py:3096} INFO - Sync 1 DAGs
[2024-05-06T18:13:22.638-0500] {logging_mixin.py:188} INFO - [2024-05-06T18:13:22.638-0500] {dag.py:3954} INFO - Setting next_dagrun for example_nested_branch_dag to 2024-05-05 00:00:00+00:00, run_after=2024-05-06 00:00:00+00:00
[2024-05-06T18:13:22.658-0500] {processor.py:183} INFO - Processing /Users/paulamedina/venv/lib/python3.12/site-packages/airflow/example_dags/example_nested_branch_dag.py took 0.190 seconds
[2024-05-06T18:17:12.252-0500] {processor.py:161} INFO - Started process (PID=12716) to work on /Users/paulamedina/venv/lib/python3.12/site-packages/airflow/example_dags/example_nested_branch_dag.py
[2024-05-06T18:17:12.253-0500] {processor.py:830} INFO - Processing file /Users/paulamedina/venv/lib/python3.12/site-packages/airflow/example_dags/example_nested_branch_dag.py for tasks to queue
[2024-05-06T18:17:12.254-0500] {logging_mixin.py:188} INFO - [2024-05-06T18:17:12.254-0500] {dagbag.py:540} INFO - Filling up the DagBag from /Users/paulamedina/venv/lib/python3.12/site-packages/airflow/example_dags/example_nested_branch_dag.py
[2024-05-06T18:17:12.294-0500] {processor.py:840} INFO - DAG(s) 'example_nested_branch_dag' retrieved from /Users/paulamedina/venv/lib/python3.12/site-packages/airflow/example_dags/example_nested_branch_dag.py
[2024-05-06T18:17:12.384-0500] {logging_mixin.py:188} INFO - [2024-05-06T18:17:12.384-0500] {dag.py:3096} INFO - Sync 1 DAGs
[2024-05-06T18:17:12.399-0500] {logging_mixin.py:188} INFO - [2024-05-06T18:17:12.398-0500] {dag.py:3954} INFO - Setting next_dagrun for example_nested_branch_dag to 2024-05-05 00:00:00+00:00, run_after=2024-05-06 00:00:00+00:00
[2024-05-06T18:17:12.415-0500] {processor.py:183} INFO - Processing /Users/paulamedina/venv/lib/python3.12/site-packages/airflow/example_dags/example_nested_branch_dag.py took 0.166 seconds
[2024-05-06T18:21:05.900-0500] {processor.py:161} INFO - Started process (PID=15861) to work on /Users/paulamedina/venv/lib/python3.12/site-packages/airflow/example_dags/example_nested_branch_dag.py
[2024-05-06T18:21:05.901-0500] {processor.py:830} INFO - Processing file /Users/paulamedina/venv/lib/python3.12/site-packages/airflow/example_dags/example_nested_branch_dag.py for tasks to queue
[2024-05-06T18:21:05.902-0500] {logging_mixin.py:188} INFO - [2024-05-06T18:21:05.902-0500] {dagbag.py:540} INFO - Filling up the DagBag from /Users/paulamedina/venv/lib/python3.12/site-packages/airflow/example_dags/example_nested_branch_dag.py
[2024-05-06T18:21:05.949-0500] {processor.py:840} INFO - DAG(s) 'example_nested_branch_dag' retrieved from /Users/paulamedina/venv/lib/python3.12/site-packages/airflow/example_dags/example_nested_branch_dag.py
[2024-05-06T18:21:06.058-0500] {logging_mixin.py:188} INFO - [2024-05-06T18:21:06.058-0500] {dag.py:3096} INFO - Sync 1 DAGs
[2024-05-06T18:21:06.075-0500] {logging_mixin.py:188} INFO - [2024-05-06T18:21:06.075-0500] {dag.py:3954} INFO - Setting next_dagrun for example_nested_branch_dag to 2024-05-05 00:00:00+00:00, run_after=2024-05-06 00:00:00+00:00
[2024-05-06T18:21:06.096-0500] {processor.py:183} INFO - Processing /Users/paulamedina/venv/lib/python3.12/site-packages/airflow/example_dags/example_nested_branch_dag.py took 0.198 seconds
[2024-05-06T18:25:15.206-0500] {processor.py:161} INFO - Started process (PID=18421) to work on /Users/paulamedina/venv/lib/python3.12/site-packages/airflow/example_dags/example_nested_branch_dag.py
[2024-05-06T18:25:15.208-0500] {processor.py:830} INFO - Processing file /Users/paulamedina/venv/lib/python3.12/site-packages/airflow/example_dags/example_nested_branch_dag.py for tasks to queue
[2024-05-06T18:25:15.208-0500] {logging_mixin.py:188} INFO - [2024-05-06T18:25:15.208-0500] {dagbag.py:540} INFO - Filling up the DagBag from /Users/paulamedina/venv/lib/python3.12/site-packages/airflow/example_dags/example_nested_branch_dag.py
[2024-05-06T18:25:15.249-0500] {processor.py:840} INFO - DAG(s) 'example_nested_branch_dag' retrieved from /Users/paulamedina/venv/lib/python3.12/site-packages/airflow/example_dags/example_nested_branch_dag.py
[2024-05-06T18:25:15.357-0500] {logging_mixin.py:188} INFO - [2024-05-06T18:25:15.357-0500] {dag.py:3096} INFO - Sync 1 DAGs
[2024-05-06T18:25:15.378-0500] {logging_mixin.py:188} INFO - [2024-05-06T18:25:15.378-0500] {dag.py:3954} INFO - Setting next_dagrun for example_nested_branch_dag to 2024-05-05 00:00:00+00:00, run_after=2024-05-06 00:00:00+00:00
[2024-05-06T18:25:15.402-0500] {processor.py:183} INFO - Processing /Users/paulamedina/venv/lib/python3.12/site-packages/airflow/example_dags/example_nested_branch_dag.py took 0.199 seconds
[2024-05-06T18:29:13.045-0500] {processor.py:161} INFO - Started process (PID=19280) to work on /Users/paulamedina/venv/lib/python3.12/site-packages/airflow/example_dags/example_nested_branch_dag.py
[2024-05-06T18:29:13.047-0500] {processor.py:830} INFO - Processing file /Users/paulamedina/venv/lib/python3.12/site-packages/airflow/example_dags/example_nested_branch_dag.py for tasks to queue
[2024-05-06T18:29:13.048-0500] {logging_mixin.py:188} INFO - [2024-05-06T18:29:13.048-0500] {dagbag.py:540} INFO - Filling up the DagBag from /Users/paulamedina/venv/lib/python3.12/site-packages/airflow/example_dags/example_nested_branch_dag.py
[2024-05-06T18:29:13.091-0500] {processor.py:840} INFO - DAG(s) 'example_nested_branch_dag' retrieved from /Users/paulamedina/venv/lib/python3.12/site-packages/airflow/example_dags/example_nested_branch_dag.py
[2024-05-06T18:29:13.186-0500] {logging_mixin.py:188} INFO - [2024-05-06T18:29:13.185-0500] {dag.py:3096} INFO - Sync 1 DAGs
[2024-05-06T18:29:13.201-0500] {logging_mixin.py:188} INFO - [2024-05-06T18:29:13.201-0500] {dag.py:3954} INFO - Setting next_dagrun for example_nested_branch_dag to 2024-05-05 00:00:00+00:00, run_after=2024-05-06 00:00:00+00:00
[2024-05-06T18:29:13.220-0500] {processor.py:183} INFO - Processing /Users/paulamedina/venv/lib/python3.12/site-packages/airflow/example_dags/example_nested_branch_dag.py took 0.177 seconds
[2024-05-06T18:33:25.884-0500] {processor.py:161} INFO - Started process (PID=20204) to work on /Users/paulamedina/venv/lib/python3.12/site-packages/airflow/example_dags/example_nested_branch_dag.py
[2024-05-06T18:33:25.886-0500] {processor.py:830} INFO - Processing file /Users/paulamedina/venv/lib/python3.12/site-packages/airflow/example_dags/example_nested_branch_dag.py for tasks to queue
[2024-05-06T18:33:25.887-0500] {logging_mixin.py:188} INFO - [2024-05-06T18:33:25.887-0500] {dagbag.py:540} INFO - Filling up the DagBag from /Users/paulamedina/venv/lib/python3.12/site-packages/airflow/example_dags/example_nested_branch_dag.py
[2024-05-06T18:33:25.931-0500] {processor.py:840} INFO - DAG(s) 'example_nested_branch_dag' retrieved from /Users/paulamedina/venv/lib/python3.12/site-packages/airflow/example_dags/example_nested_branch_dag.py
[2024-05-06T18:33:26.026-0500] {logging_mixin.py:188} INFO - [2024-05-06T18:33:26.025-0500] {dag.py:3096} INFO - Sync 1 DAGs
[2024-05-06T18:33:26.041-0500] {logging_mixin.py:188} INFO - [2024-05-06T18:33:26.041-0500] {dag.py:3954} INFO - Setting next_dagrun for example_nested_branch_dag to 2024-05-05 00:00:00+00:00, run_after=2024-05-06 00:00:00+00:00
[2024-05-06T18:33:26.059-0500] {processor.py:183} INFO - Processing /Users/paulamedina/venv/lib/python3.12/site-packages/airflow/example_dags/example_nested_branch_dag.py took 0.177 seconds
[2024-05-06T18:37:22.887-0500] {processor.py:161} INFO - Started process (PID=21046) to work on /Users/paulamedina/venv/lib/python3.12/site-packages/airflow/example_dags/example_nested_branch_dag.py
[2024-05-06T18:37:22.889-0500] {processor.py:830} INFO - Processing file /Users/paulamedina/venv/lib/python3.12/site-packages/airflow/example_dags/example_nested_branch_dag.py for tasks to queue
[2024-05-06T18:37:22.889-0500] {logging_mixin.py:188} INFO - [2024-05-06T18:37:22.889-0500] {dagbag.py:540} INFO - Filling up the DagBag from /Users/paulamedina/venv/lib/python3.12/site-packages/airflow/example_dags/example_nested_branch_dag.py
[2024-05-06T18:37:22.930-0500] {processor.py:840} INFO - DAG(s) 'example_nested_branch_dag' retrieved from /Users/paulamedina/venv/lib/python3.12/site-packages/airflow/example_dags/example_nested_branch_dag.py
[2024-05-06T18:37:23.027-0500] {logging_mixin.py:188} INFO - [2024-05-06T18:37:23.027-0500] {dag.py:3096} INFO - Sync 1 DAGs
[2024-05-06T18:37:23.045-0500] {logging_mixin.py:188} INFO - [2024-05-06T18:37:23.045-0500] {dag.py:3954} INFO - Setting next_dagrun for example_nested_branch_dag to 2024-05-05 00:00:00+00:00, run_after=2024-05-06 00:00:00+00:00
[2024-05-06T18:37:23.066-0500] {processor.py:183} INFO - Processing /Users/paulamedina/venv/lib/python3.12/site-packages/airflow/example_dags/example_nested_branch_dag.py took 0.182 seconds
[2024-05-06T18:41:13.213-0500] {processor.py:161} INFO - Started process (PID=21883) to work on /Users/paulamedina/venv/lib/python3.12/site-packages/airflow/example_dags/example_nested_branch_dag.py
[2024-05-06T18:41:13.215-0500] {processor.py:830} INFO - Processing file /Users/paulamedina/venv/lib/python3.12/site-packages/airflow/example_dags/example_nested_branch_dag.py for tasks to queue
[2024-05-06T18:41:13.216-0500] {logging_mixin.py:188} INFO - [2024-05-06T18:41:13.215-0500] {dagbag.py:540} INFO - Filling up the DagBag from /Users/paulamedina/venv/lib/python3.12/site-packages/airflow/example_dags/example_nested_branch_dag.py
[2024-05-06T18:41:13.257-0500] {processor.py:840} INFO - DAG(s) 'example_nested_branch_dag' retrieved from /Users/paulamedina/venv/lib/python3.12/site-packages/airflow/example_dags/example_nested_branch_dag.py
[2024-05-06T18:41:13.349-0500] {logging_mixin.py:188} INFO - [2024-05-06T18:41:13.349-0500] {dag.py:3096} INFO - Sync 1 DAGs
[2024-05-06T18:41:13.364-0500] {logging_mixin.py:188} INFO - [2024-05-06T18:41:13.364-0500] {dag.py:3954} INFO - Setting next_dagrun for example_nested_branch_dag to 2024-05-05 00:00:00+00:00, run_after=2024-05-06 00:00:00+00:00
[2024-05-06T18:41:13.381-0500] {processor.py:183} INFO - Processing /Users/paulamedina/venv/lib/python3.12/site-packages/airflow/example_dags/example_nested_branch_dag.py took 0.171 seconds
[2024-05-06T18:43:20.200-0500] {processor.py:161} INFO - Started process (PID=22425) to work on /Users/paulamedina/venv/lib/python3.12/site-packages/airflow/example_dags/example_nested_branch_dag.py
[2024-05-06T18:43:20.202-0500] {processor.py:830} INFO - Processing file /Users/paulamedina/venv/lib/python3.12/site-packages/airflow/example_dags/example_nested_branch_dag.py for tasks to queue
[2024-05-06T18:43:20.203-0500] {logging_mixin.py:188} INFO - [2024-05-06T18:43:20.203-0500] {dagbag.py:540} INFO - Filling up the DagBag from /Users/paulamedina/venv/lib/python3.12/site-packages/airflow/example_dags/example_nested_branch_dag.py
[2024-05-06T18:43:20.243-0500] {processor.py:840} INFO - DAG(s) 'example_nested_branch_dag' retrieved from /Users/paulamedina/venv/lib/python3.12/site-packages/airflow/example_dags/example_nested_branch_dag.py
[2024-05-06T18:43:20.332-0500] {logging_mixin.py:188} INFO - [2024-05-06T18:43:20.332-0500] {dag.py:3096} INFO - Sync 1 DAGs
[2024-05-06T18:43:20.346-0500] {logging_mixin.py:188} INFO - [2024-05-06T18:43:20.346-0500] {dag.py:3954} INFO - Setting next_dagrun for example_nested_branch_dag to 2024-05-05 00:00:00+00:00, run_after=2024-05-06 00:00:00+00:00
[2024-05-06T18:43:20.364-0500] {processor.py:183} INFO - Processing /Users/paulamedina/venv/lib/python3.12/site-packages/airflow/example_dags/example_nested_branch_dag.py took 0.166 seconds
[2024-05-06T18:47:18.043-0500] {processor.py:161} INFO - Started process (PID=23282) to work on /Users/paulamedina/venv/lib/python3.12/site-packages/airflow/example_dags/example_nested_branch_dag.py
[2024-05-06T18:47:18.044-0500] {processor.py:830} INFO - Processing file /Users/paulamedina/venv/lib/python3.12/site-packages/airflow/example_dags/example_nested_branch_dag.py for tasks to queue
[2024-05-06T18:47:18.045-0500] {logging_mixin.py:188} INFO - [2024-05-06T18:47:18.045-0500] {dagbag.py:540} INFO - Filling up the DagBag from /Users/paulamedina/venv/lib/python3.12/site-packages/airflow/example_dags/example_nested_branch_dag.py
[2024-05-06T18:47:18.087-0500] {processor.py:840} INFO - DAG(s) 'example_nested_branch_dag' retrieved from /Users/paulamedina/venv/lib/python3.12/site-packages/airflow/example_dags/example_nested_branch_dag.py
[2024-05-06T18:47:18.189-0500] {logging_mixin.py:188} INFO - [2024-05-06T18:47:18.189-0500] {dag.py:3096} INFO - Sync 1 DAGs
[2024-05-06T18:47:18.205-0500] {logging_mixin.py:188} INFO - [2024-05-06T18:47:18.205-0500] {dag.py:3954} INFO - Setting next_dagrun for example_nested_branch_dag to 2024-05-05 00:00:00+00:00, run_after=2024-05-06 00:00:00+00:00
[2024-05-06T18:47:18.223-0500] {processor.py:183} INFO - Processing /Users/paulamedina/venv/lib/python3.12/site-packages/airflow/example_dags/example_nested_branch_dag.py took 0.183 seconds
[2024-05-06T18:51:23.027-0500] {processor.py:161} INFO - Started process (PID=24151) to work on /Users/paulamedina/venv/lib/python3.12/site-packages/airflow/example_dags/example_nested_branch_dag.py
[2024-05-06T18:51:23.029-0500] {processor.py:830} INFO - Processing file /Users/paulamedina/venv/lib/python3.12/site-packages/airflow/example_dags/example_nested_branch_dag.py for tasks to queue
[2024-05-06T18:51:23.030-0500] {logging_mixin.py:188} INFO - [2024-05-06T18:51:23.030-0500] {dagbag.py:540} INFO - Filling up the DagBag from /Users/paulamedina/venv/lib/python3.12/site-packages/airflow/example_dags/example_nested_branch_dag.py
[2024-05-06T18:51:23.072-0500] {processor.py:840} INFO - DAG(s) 'example_nested_branch_dag' retrieved from /Users/paulamedina/venv/lib/python3.12/site-packages/airflow/example_dags/example_nested_branch_dag.py
[2024-05-06T18:51:23.167-0500] {logging_mixin.py:188} INFO - [2024-05-06T18:51:23.166-0500] {dag.py:3096} INFO - Sync 1 DAGs
[2024-05-06T18:51:23.182-0500] {logging_mixin.py:188} INFO - [2024-05-06T18:51:23.182-0500] {dag.py:3954} INFO - Setting next_dagrun for example_nested_branch_dag to 2024-05-05 00:00:00+00:00, run_after=2024-05-06 00:00:00+00:00
[2024-05-06T18:51:23.202-0500] {processor.py:183} INFO - Processing /Users/paulamedina/venv/lib/python3.12/site-packages/airflow/example_dags/example_nested_branch_dag.py took 0.176 seconds
[2024-05-06T18:55:18.323-0500] {processor.py:161} INFO - Started process (PID=24991) to work on /Users/paulamedina/venv/lib/python3.12/site-packages/airflow/example_dags/example_nested_branch_dag.py
[2024-05-06T18:55:18.324-0500] {processor.py:830} INFO - Processing file /Users/paulamedina/venv/lib/python3.12/site-packages/airflow/example_dags/example_nested_branch_dag.py for tasks to queue
[2024-05-06T18:55:18.325-0500] {logging_mixin.py:188} INFO - [2024-05-06T18:55:18.325-0500] {dagbag.py:540} INFO - Filling up the DagBag from /Users/paulamedina/venv/lib/python3.12/site-packages/airflow/example_dags/example_nested_branch_dag.py
[2024-05-06T18:55:18.377-0500] {processor.py:840} INFO - DAG(s) 'example_nested_branch_dag' retrieved from /Users/paulamedina/venv/lib/python3.12/site-packages/airflow/example_dags/example_nested_branch_dag.py
[2024-05-06T18:55:18.471-0500] {logging_mixin.py:188} INFO - [2024-05-06T18:55:18.471-0500] {dag.py:3096} INFO - Sync 1 DAGs
[2024-05-06T18:55:18.486-0500] {logging_mixin.py:188} INFO - [2024-05-06T18:55:18.486-0500] {dag.py:3954} INFO - Setting next_dagrun for example_nested_branch_dag to 2024-05-05 00:00:00+00:00, run_after=2024-05-06 00:00:00+00:00
[2024-05-06T18:55:18.504-0500] {processor.py:183} INFO - Processing /Users/paulamedina/venv/lib/python3.12/site-packages/airflow/example_dags/example_nested_branch_dag.py took 0.184 seconds
[2024-05-06T18:57:45.944-0500] {processor.py:161} INFO - Started process (PID=25510) to work on /Users/paulamedina/venv/lib/python3.12/site-packages/airflow/example_dags/example_nested_branch_dag.py
[2024-05-06T18:57:45.946-0500] {processor.py:830} INFO - Processing file /Users/paulamedina/venv/lib/python3.12/site-packages/airflow/example_dags/example_nested_branch_dag.py for tasks to queue
[2024-05-06T18:57:45.946-0500] {logging_mixin.py:188} INFO - [2024-05-06T18:57:45.946-0500] {dagbag.py:540} INFO - Filling up the DagBag from /Users/paulamedina/venv/lib/python3.12/site-packages/airflow/example_dags/example_nested_branch_dag.py
[2024-05-06T18:57:45.992-0500] {processor.py:840} INFO - DAG(s) 'example_nested_branch_dag' retrieved from /Users/paulamedina/venv/lib/python3.12/site-packages/airflow/example_dags/example_nested_branch_dag.py
[2024-05-06T18:57:46.088-0500] {logging_mixin.py:188} INFO - [2024-05-06T18:57:46.088-0500] {dag.py:3096} INFO - Sync 1 DAGs
[2024-05-06T18:57:46.104-0500] {logging_mixin.py:188} INFO - [2024-05-06T18:57:46.104-0500] {dag.py:3954} INFO - Setting next_dagrun for example_nested_branch_dag to 2024-05-05 00:00:00+00:00, run_after=2024-05-06 00:00:00+00:00
[2024-05-06T18:57:46.123-0500] {processor.py:183} INFO - Processing /Users/paulamedina/venv/lib/python3.12/site-packages/airflow/example_dags/example_nested_branch_dag.py took 0.182 seconds
[2024-05-06T18:59:47.995-0500] {processor.py:161} INFO - Started process (PID=26054) to work on /Users/paulamedina/venv/lib/python3.12/site-packages/airflow/example_dags/example_nested_branch_dag.py
[2024-05-06T18:59:47.996-0500] {processor.py:830} INFO - Processing file /Users/paulamedina/venv/lib/python3.12/site-packages/airflow/example_dags/example_nested_branch_dag.py for tasks to queue
[2024-05-06T18:59:47.997-0500] {logging_mixin.py:188} INFO - [2024-05-06T18:59:47.997-0500] {dagbag.py:540} INFO - Filling up the DagBag from /Users/paulamedina/venv/lib/python3.12/site-packages/airflow/example_dags/example_nested_branch_dag.py
[2024-05-06T18:59:48.030-0500] {processor.py:840} INFO - DAG(s) 'example_nested_branch_dag' retrieved from /Users/paulamedina/venv/lib/python3.12/site-packages/airflow/example_dags/example_nested_branch_dag.py
[2024-05-06T18:59:48.107-0500] {logging_mixin.py:188} INFO - [2024-05-06T18:59:48.107-0500] {dag.py:3096} INFO - Sync 1 DAGs
[2024-05-06T18:59:48.119-0500] {logging_mixin.py:188} INFO - [2024-05-06T18:59:48.119-0500] {dag.py:3954} INFO - Setting next_dagrun for example_nested_branch_dag to 2024-05-05 00:00:00+00:00, run_after=2024-05-06 00:00:00+00:00
[2024-05-06T18:59:48.134-0500] {processor.py:183} INFO - Processing /Users/paulamedina/venv/lib/python3.12/site-packages/airflow/example_dags/example_nested_branch_dag.py took 0.141 seconds
