[2024-05-06T18:10:35.960-0500] {processor.py:161} INFO - Started process (PID=7319) to work on /Users/paulamedina/venv/lib/python3.12/site-packages/airflow/example_dags/example_python_operator.py
[2024-05-06T18:10:35.961-0500] {processor.py:830} INFO - Processing file /Users/paulamedina/venv/lib/python3.12/site-packages/airflow/example_dags/example_python_operator.py for tasks to queue
[2024-05-06T18:10:35.961-0500] {logging_mixin.py:188} INFO - [2024-05-06T18:10:35.961-0500] {dagbag.py:540} INFO - Filling up the DagBag from /Users/paulamedina/venv/lib/python3.12/site-packages/airflow/example_dags/example_python_operator.py
[2024-05-06T18:10:35.990-0500] {logging_mixin.py:188} INFO - [2024-05-06T18:10:35.990-0500] {example_python_operator.py:93} WARNING - The virtalenv_python example task requires virtualenv, please install it.
[2024-05-06T18:10:35.994-0500] {processor.py:840} INFO - DAG(s) 'example_python_operator' retrieved from /Users/paulamedina/venv/lib/python3.12/site-packages/airflow/example_dags/example_python_operator.py
[2024-05-06T18:10:36.205-0500] {logging_mixin.py:188} INFO - [2024-05-06T18:10:36.204-0500] {dag.py:3096} INFO - Sync 1 DAGs
[2024-05-06T18:10:36.213-0500] {logging_mixin.py:188} INFO - [2024-05-06T18:10:36.213-0500] {dag.py:3954} INFO - Setting next_dagrun for example_python_operator to None, run_after=None
[2024-05-06T18:10:36.235-0500] {processor.py:183} INFO - Processing /Users/paulamedina/venv/lib/python3.12/site-packages/airflow/example_dags/example_python_operator.py took 0.278 seconds
[2024-05-06T18:13:07.724-0500] {processor.py:161} INFO - Started process (PID=9325) to work on /Users/paulamedina/venv/lib/python3.12/site-packages/airflow/example_dags/example_python_operator.py
[2024-05-06T18:13:07.724-0500] {processor.py:830} INFO - Processing file /Users/paulamedina/venv/lib/python3.12/site-packages/airflow/example_dags/example_python_operator.py for tasks to queue
[2024-05-06T18:13:07.725-0500] {logging_mixin.py:188} INFO - [2024-05-06T18:13:07.725-0500] {dagbag.py:540} INFO - Filling up the DagBag from /Users/paulamedina/venv/lib/python3.12/site-packages/airflow/example_dags/example_python_operator.py
[2024-05-06T18:13:07.755-0500] {logging_mixin.py:188} INFO - [2024-05-06T18:13:07.754-0500] {example_python_operator.py:93} WARNING - The virtalenv_python example task requires virtualenv, please install it.
[2024-05-06T18:13:07.759-0500] {processor.py:840} INFO - DAG(s) 'example_python_operator' retrieved from /Users/paulamedina/venv/lib/python3.12/site-packages/airflow/example_dags/example_python_operator.py
[2024-05-06T18:13:07.870-0500] {logging_mixin.py:188} INFO - [2024-05-06T18:13:07.870-0500] {dag.py:3096} INFO - Sync 1 DAGs
[2024-05-06T18:13:07.880-0500] {logging_mixin.py:188} INFO - [2024-05-06T18:13:07.880-0500] {dag.py:3954} INFO - Setting next_dagrun for example_python_operator to None, run_after=None
[2024-05-06T18:13:07.897-0500] {processor.py:183} INFO - Processing /Users/paulamedina/venv/lib/python3.12/site-packages/airflow/example_dags/example_python_operator.py took 0.177 seconds
[2024-05-06T18:15:00.399-0500] {processor.py:161} INFO - Started process (PID=10876) to work on /Users/paulamedina/venv/lib/python3.12/site-packages/airflow/example_dags/example_python_operator.py
[2024-05-06T18:15:00.400-0500] {processor.py:830} INFO - Processing file /Users/paulamedina/venv/lib/python3.12/site-packages/airflow/example_dags/example_python_operator.py for tasks to queue
[2024-05-06T18:15:00.401-0500] {logging_mixin.py:188} INFO - [2024-05-06T18:15:00.400-0500] {dagbag.py:540} INFO - Filling up the DagBag from /Users/paulamedina/venv/lib/python3.12/site-packages/airflow/example_dags/example_python_operator.py
[2024-05-06T18:15:00.426-0500] {logging_mixin.py:188} INFO - [2024-05-06T18:15:00.426-0500] {example_python_operator.py:93} WARNING - The virtalenv_python example task requires virtualenv, please install it.
[2024-05-06T18:15:00.430-0500] {processor.py:840} INFO - DAG(s) 'example_python_operator' retrieved from /Users/paulamedina/venv/lib/python3.12/site-packages/airflow/example_dags/example_python_operator.py
[2024-05-06T18:15:00.521-0500] {logging_mixin.py:188} INFO - [2024-05-06T18:15:00.521-0500] {dag.py:3096} INFO - Sync 1 DAGs
[2024-05-06T18:15:00.530-0500] {logging_mixin.py:188} INFO - [2024-05-06T18:15:00.530-0500] {dag.py:3954} INFO - Setting next_dagrun for example_python_operator to None, run_after=None
[2024-05-06T18:15:00.546-0500] {processor.py:183} INFO - Processing /Users/paulamedina/venv/lib/python3.12/site-packages/airflow/example_dags/example_python_operator.py took 0.150 seconds
[2024-05-06T18:16:58.225-0500] {processor.py:161} INFO - Started process (PID=12465) to work on /Users/paulamedina/venv/lib/python3.12/site-packages/airflow/example_dags/example_python_operator.py
[2024-05-06T18:16:58.225-0500] {processor.py:830} INFO - Processing file /Users/paulamedina/venv/lib/python3.12/site-packages/airflow/example_dags/example_python_operator.py for tasks to queue
[2024-05-06T18:16:58.226-0500] {logging_mixin.py:188} INFO - [2024-05-06T18:16:58.226-0500] {dagbag.py:540} INFO - Filling up the DagBag from /Users/paulamedina/venv/lib/python3.12/site-packages/airflow/example_dags/example_python_operator.py
[2024-05-06T18:16:58.248-0500] {logging_mixin.py:188} INFO - [2024-05-06T18:16:58.248-0500] {example_python_operator.py:93} WARNING - The virtalenv_python example task requires virtualenv, please install it.
[2024-05-06T18:16:58.251-0500] {processor.py:840} INFO - DAG(s) 'example_python_operator' retrieved from /Users/paulamedina/venv/lib/python3.12/site-packages/airflow/example_dags/example_python_operator.py
[2024-05-06T18:16:58.344-0500] {logging_mixin.py:188} INFO - [2024-05-06T18:16:58.343-0500] {dag.py:3096} INFO - Sync 1 DAGs
[2024-05-06T18:16:58.352-0500] {logging_mixin.py:188} INFO - [2024-05-06T18:16:58.352-0500] {dag.py:3954} INFO - Setting next_dagrun for example_python_operator to None, run_after=None
[2024-05-06T18:16:58.369-0500] {processor.py:183} INFO - Processing /Users/paulamedina/venv/lib/python3.12/site-packages/airflow/example_dags/example_python_operator.py took 0.147 seconds
[2024-05-06T18:18:51.454-0500] {processor.py:161} INFO - Started process (PID=14025) to work on /Users/paulamedina/venv/lib/python3.12/site-packages/airflow/example_dags/example_python_operator.py
[2024-05-06T18:18:51.455-0500] {processor.py:830} INFO - Processing file /Users/paulamedina/venv/lib/python3.12/site-packages/airflow/example_dags/example_python_operator.py for tasks to queue
[2024-05-06T18:18:51.456-0500] {logging_mixin.py:188} INFO - [2024-05-06T18:18:51.456-0500] {dagbag.py:540} INFO - Filling up the DagBag from /Users/paulamedina/venv/lib/python3.12/site-packages/airflow/example_dags/example_python_operator.py
[2024-05-06T18:18:51.478-0500] {logging_mixin.py:188} INFO - [2024-05-06T18:18:51.478-0500] {example_python_operator.py:93} WARNING - The virtalenv_python example task requires virtualenv, please install it.
[2024-05-06T18:18:51.483-0500] {processor.py:840} INFO - DAG(s) 'example_python_operator' retrieved from /Users/paulamedina/venv/lib/python3.12/site-packages/airflow/example_dags/example_python_operator.py
[2024-05-06T18:18:51.573-0500] {logging_mixin.py:188} INFO - [2024-05-06T18:18:51.572-0500] {dag.py:3096} INFO - Sync 1 DAGs
[2024-05-06T18:18:51.581-0500] {logging_mixin.py:188} INFO - [2024-05-06T18:18:51.581-0500] {dag.py:3954} INFO - Setting next_dagrun for example_python_operator to None, run_after=None
[2024-05-06T18:18:51.597-0500] {processor.py:183} INFO - Processing /Users/paulamedina/venv/lib/python3.12/site-packages/airflow/example_dags/example_python_operator.py took 0.145 seconds
[2024-05-06T18:20:51.456-0500] {processor.py:161} INFO - Started process (PID=15700) to work on /Users/paulamedina/venv/lib/python3.12/site-packages/airflow/example_dags/example_python_operator.py
[2024-05-06T18:20:51.457-0500] {processor.py:830} INFO - Processing file /Users/paulamedina/venv/lib/python3.12/site-packages/airflow/example_dags/example_python_operator.py for tasks to queue
[2024-05-06T18:20:51.458-0500] {logging_mixin.py:188} INFO - [2024-05-06T18:20:51.458-0500] {dagbag.py:540} INFO - Filling up the DagBag from /Users/paulamedina/venv/lib/python3.12/site-packages/airflow/example_dags/example_python_operator.py
[2024-05-06T18:20:51.485-0500] {logging_mixin.py:188} INFO - [2024-05-06T18:20:51.485-0500] {example_python_operator.py:93} WARNING - The virtalenv_python example task requires virtualenv, please install it.
[2024-05-06T18:20:51.489-0500] {processor.py:840} INFO - DAG(s) 'example_python_operator' retrieved from /Users/paulamedina/venv/lib/python3.12/site-packages/airflow/example_dags/example_python_operator.py
[2024-05-06T18:20:51.593-0500] {logging_mixin.py:188} INFO - [2024-05-06T18:20:51.592-0500] {dag.py:3096} INFO - Sync 1 DAGs
[2024-05-06T18:20:51.602-0500] {logging_mixin.py:188} INFO - [2024-05-06T18:20:51.602-0500] {dag.py:3954} INFO - Setting next_dagrun for example_python_operator to None, run_after=None
[2024-05-06T18:20:51.619-0500] {processor.py:183} INFO - Processing /Users/paulamedina/venv/lib/python3.12/site-packages/airflow/example_dags/example_python_operator.py took 0.165 seconds
[2024-05-06T18:23:06.928-0500] {processor.py:161} INFO - Started process (PID=17631) to work on /Users/paulamedina/venv/lib/python3.12/site-packages/airflow/example_dags/example_python_operator.py
[2024-05-06T18:23:06.929-0500] {processor.py:830} INFO - Processing file /Users/paulamedina/venv/lib/python3.12/site-packages/airflow/example_dags/example_python_operator.py for tasks to queue
[2024-05-06T18:23:06.930-0500] {logging_mixin.py:188} INFO - [2024-05-06T18:23:06.929-0500] {dagbag.py:540} INFO - Filling up the DagBag from /Users/paulamedina/venv/lib/python3.12/site-packages/airflow/example_dags/example_python_operator.py
[2024-05-06T18:23:06.956-0500] {logging_mixin.py:188} INFO - [2024-05-06T18:23:06.955-0500] {example_python_operator.py:93} WARNING - The virtalenv_python example task requires virtualenv, please install it.
[2024-05-06T18:23:06.960-0500] {processor.py:840} INFO - DAG(s) 'example_python_operator' retrieved from /Users/paulamedina/venv/lib/python3.12/site-packages/airflow/example_dags/example_python_operator.py
[2024-05-06T18:23:07.072-0500] {logging_mixin.py:188} INFO - [2024-05-06T18:23:07.072-0500] {dag.py:3096} INFO - Sync 1 DAGs
[2024-05-06T18:23:07.083-0500] {logging_mixin.py:188} INFO - [2024-05-06T18:23:07.082-0500] {dag.py:3954} INFO - Setting next_dagrun for example_python_operator to None, run_after=None
[2024-05-06T18:23:07.104-0500] {processor.py:183} INFO - Processing /Users/paulamedina/venv/lib/python3.12/site-packages/airflow/example_dags/example_python_operator.py took 0.179 seconds
[2024-05-06T18:25:02.305-0500] {processor.py:161} INFO - Started process (PID=18379) to work on /Users/paulamedina/venv/lib/python3.12/site-packages/airflow/example_dags/example_python_operator.py
[2024-05-06T18:25:02.307-0500] {processor.py:830} INFO - Processing file /Users/paulamedina/venv/lib/python3.12/site-packages/airflow/example_dags/example_python_operator.py for tasks to queue
[2024-05-06T18:25:02.307-0500] {logging_mixin.py:188} INFO - [2024-05-06T18:25:02.307-0500] {dagbag.py:540} INFO - Filling up the DagBag from /Users/paulamedina/venv/lib/python3.12/site-packages/airflow/example_dags/example_python_operator.py
[2024-05-06T18:25:02.332-0500] {logging_mixin.py:188} INFO - [2024-05-06T18:25:02.331-0500] {example_python_operator.py:93} WARNING - The virtalenv_python example task requires virtualenv, please install it.
[2024-05-06T18:25:02.336-0500] {processor.py:840} INFO - DAG(s) 'example_python_operator' retrieved from /Users/paulamedina/venv/lib/python3.12/site-packages/airflow/example_dags/example_python_operator.py
[2024-05-06T18:25:02.420-0500] {logging_mixin.py:188} INFO - [2024-05-06T18:25:02.419-0500] {dag.py:3096} INFO - Sync 1 DAGs
[2024-05-06T18:25:02.427-0500] {logging_mixin.py:188} INFO - [2024-05-06T18:25:02.427-0500] {dag.py:3954} INFO - Setting next_dagrun for example_python_operator to None, run_after=None
[2024-05-06T18:25:02.446-0500] {processor.py:183} INFO - Processing /Users/paulamedina/venv/lib/python3.12/site-packages/airflow/example_dags/example_python_operator.py took 0.143 seconds
[2024-05-06T18:27:03.078-0500] {processor.py:161} INFO - Started process (PID=18806) to work on /Users/paulamedina/venv/lib/python3.12/site-packages/airflow/example_dags/example_python_operator.py
[2024-05-06T18:27:03.080-0500] {processor.py:830} INFO - Processing file /Users/paulamedina/venv/lib/python3.12/site-packages/airflow/example_dags/example_python_operator.py for tasks to queue
[2024-05-06T18:27:03.081-0500] {logging_mixin.py:188} INFO - [2024-05-06T18:27:03.081-0500] {dagbag.py:540} INFO - Filling up the DagBag from /Users/paulamedina/venv/lib/python3.12/site-packages/airflow/example_dags/example_python_operator.py
[2024-05-06T18:27:03.104-0500] {logging_mixin.py:188} INFO - [2024-05-06T18:27:03.104-0500] {example_python_operator.py:93} WARNING - The virtalenv_python example task requires virtualenv, please install it.
[2024-05-06T18:27:03.108-0500] {processor.py:840} INFO - DAG(s) 'example_python_operator' retrieved from /Users/paulamedina/venv/lib/python3.12/site-packages/airflow/example_dags/example_python_operator.py
[2024-05-06T18:27:03.198-0500] {logging_mixin.py:188} INFO - [2024-05-06T18:27:03.197-0500] {dag.py:3096} INFO - Sync 1 DAGs
[2024-05-06T18:27:03.206-0500] {logging_mixin.py:188} INFO - [2024-05-06T18:27:03.205-0500] {dag.py:3954} INFO - Setting next_dagrun for example_python_operator to None, run_after=None
[2024-05-06T18:27:03.221-0500] {processor.py:183} INFO - Processing /Users/paulamedina/venv/lib/python3.12/site-packages/airflow/example_dags/example_python_operator.py took 0.145 seconds
[2024-05-06T18:29:01.702-0500] {processor.py:161} INFO - Started process (PID=19240) to work on /Users/paulamedina/venv/lib/python3.12/site-packages/airflow/example_dags/example_python_operator.py
[2024-05-06T18:29:01.703-0500] {processor.py:830} INFO - Processing file /Users/paulamedina/venv/lib/python3.12/site-packages/airflow/example_dags/example_python_operator.py for tasks to queue
[2024-05-06T18:29:01.704-0500] {logging_mixin.py:188} INFO - [2024-05-06T18:29:01.704-0500] {dagbag.py:540} INFO - Filling up the DagBag from /Users/paulamedina/venv/lib/python3.12/site-packages/airflow/example_dags/example_python_operator.py
[2024-05-06T18:29:01.726-0500] {logging_mixin.py:188} INFO - [2024-05-06T18:29:01.726-0500] {example_python_operator.py:93} WARNING - The virtalenv_python example task requires virtualenv, please install it.
[2024-05-06T18:29:01.730-0500] {processor.py:840} INFO - DAG(s) 'example_python_operator' retrieved from /Users/paulamedina/venv/lib/python3.12/site-packages/airflow/example_dags/example_python_operator.py
[2024-05-06T18:29:01.811-0500] {logging_mixin.py:188} INFO - [2024-05-06T18:29:01.810-0500] {dag.py:3096} INFO - Sync 1 DAGs
[2024-05-06T18:29:01.818-0500] {logging_mixin.py:188} INFO - [2024-05-06T18:29:01.818-0500] {dag.py:3954} INFO - Setting next_dagrun for example_python_operator to None, run_after=None
[2024-05-06T18:29:01.832-0500] {processor.py:183} INFO - Processing /Users/paulamedina/venv/lib/python3.12/site-packages/airflow/example_dags/example_python_operator.py took 0.132 seconds
[2024-05-06T18:31:12.482-0500] {processor.py:161} INFO - Started process (PID=19715) to work on /Users/paulamedina/venv/lib/python3.12/site-packages/airflow/example_dags/example_python_operator.py
[2024-05-06T18:31:12.483-0500] {processor.py:830} INFO - Processing file /Users/paulamedina/venv/lib/python3.12/site-packages/airflow/example_dags/example_python_operator.py for tasks to queue
[2024-05-06T18:31:12.484-0500] {logging_mixin.py:188} INFO - [2024-05-06T18:31:12.484-0500] {dagbag.py:540} INFO - Filling up the DagBag from /Users/paulamedina/venv/lib/python3.12/site-packages/airflow/example_dags/example_python_operator.py
[2024-05-06T18:31:12.506-0500] {logging_mixin.py:188} INFO - [2024-05-06T18:31:12.505-0500] {example_python_operator.py:93} WARNING - The virtalenv_python example task requires virtualenv, please install it.
[2024-05-06T18:31:12.509-0500] {processor.py:840} INFO - DAG(s) 'example_python_operator' retrieved from /Users/paulamedina/venv/lib/python3.12/site-packages/airflow/example_dags/example_python_operator.py
[2024-05-06T18:31:12.598-0500] {logging_mixin.py:188} INFO - [2024-05-06T18:31:12.598-0500] {dag.py:3096} INFO - Sync 1 DAGs
[2024-05-06T18:31:12.606-0500] {logging_mixin.py:188} INFO - [2024-05-06T18:31:12.606-0500] {dag.py:3954} INFO - Setting next_dagrun for example_python_operator to None, run_after=None
[2024-05-06T18:31:12.624-0500] {processor.py:183} INFO - Processing /Users/paulamedina/venv/lib/python3.12/site-packages/airflow/example_dags/example_python_operator.py took 0.144 seconds
[2024-05-06T18:33:17.630-0500] {processor.py:161} INFO - Started process (PID=20174) to work on /Users/paulamedina/venv/lib/python3.12/site-packages/airflow/example_dags/example_python_operator.py
[2024-05-06T18:33:17.631-0500] {processor.py:830} INFO - Processing file /Users/paulamedina/venv/lib/python3.12/site-packages/airflow/example_dags/example_python_operator.py for tasks to queue
[2024-05-06T18:33:17.632-0500] {logging_mixin.py:188} INFO - [2024-05-06T18:33:17.632-0500] {dagbag.py:540} INFO - Filling up the DagBag from /Users/paulamedina/venv/lib/python3.12/site-packages/airflow/example_dags/example_python_operator.py
[2024-05-06T18:33:17.656-0500] {logging_mixin.py:188} INFO - [2024-05-06T18:33:17.656-0500] {example_python_operator.py:93} WARNING - The virtalenv_python example task requires virtualenv, please install it.
[2024-05-06T18:33:17.660-0500] {processor.py:840} INFO - DAG(s) 'example_python_operator' retrieved from /Users/paulamedina/venv/lib/python3.12/site-packages/airflow/example_dags/example_python_operator.py
[2024-05-06T18:33:17.749-0500] {logging_mixin.py:188} INFO - [2024-05-06T18:33:17.748-0500] {dag.py:3096} INFO - Sync 1 DAGs
[2024-05-06T18:33:17.757-0500] {logging_mixin.py:188} INFO - [2024-05-06T18:33:17.756-0500] {dag.py:3954} INFO - Setting next_dagrun for example_python_operator to None, run_after=None
[2024-05-06T18:33:17.773-0500] {processor.py:183} INFO - Processing /Users/paulamedina/venv/lib/python3.12/site-packages/airflow/example_dags/example_python_operator.py took 0.146 seconds
[2024-05-06T18:35:12.682-0500] {processor.py:161} INFO - Started process (PID=20588) to work on /Users/paulamedina/venv/lib/python3.12/site-packages/airflow/example_dags/example_python_operator.py
[2024-05-06T18:35:12.683-0500] {processor.py:830} INFO - Processing file /Users/paulamedina/venv/lib/python3.12/site-packages/airflow/example_dags/example_python_operator.py for tasks to queue
[2024-05-06T18:35:12.684-0500] {logging_mixin.py:188} INFO - [2024-05-06T18:35:12.684-0500] {dagbag.py:540} INFO - Filling up the DagBag from /Users/paulamedina/venv/lib/python3.12/site-packages/airflow/example_dags/example_python_operator.py
[2024-05-06T18:35:12.708-0500] {logging_mixin.py:188} INFO - [2024-05-06T18:35:12.708-0500] {example_python_operator.py:93} WARNING - The virtalenv_python example task requires virtualenv, please install it.
[2024-05-06T18:35:12.712-0500] {processor.py:840} INFO - DAG(s) 'example_python_operator' retrieved from /Users/paulamedina/venv/lib/python3.12/site-packages/airflow/example_dags/example_python_operator.py
[2024-05-06T18:35:12.807-0500] {logging_mixin.py:188} INFO - [2024-05-06T18:35:12.806-0500] {dag.py:3096} INFO - Sync 1 DAGs
[2024-05-06T18:35:12.815-0500] {logging_mixin.py:188} INFO - [2024-05-06T18:35:12.815-0500] {dag.py:3954} INFO - Setting next_dagrun for example_python_operator to None, run_after=None
[2024-05-06T18:35:12.830-0500] {processor.py:183} INFO - Processing /Users/paulamedina/venv/lib/python3.12/site-packages/airflow/example_dags/example_python_operator.py took 0.151 seconds
[2024-05-06T18:37:11.811-0500] {processor.py:161} INFO - Started process (PID=21011) to work on /Users/paulamedina/venv/lib/python3.12/site-packages/airflow/example_dags/example_python_operator.py
[2024-05-06T18:37:11.813-0500] {processor.py:830} INFO - Processing file /Users/paulamedina/venv/lib/python3.12/site-packages/airflow/example_dags/example_python_operator.py for tasks to queue
[2024-05-06T18:37:11.814-0500] {logging_mixin.py:188} INFO - [2024-05-06T18:37:11.814-0500] {dagbag.py:540} INFO - Filling up the DagBag from /Users/paulamedina/venv/lib/python3.12/site-packages/airflow/example_dags/example_python_operator.py
[2024-05-06T18:37:11.842-0500] {logging_mixin.py:188} INFO - [2024-05-06T18:37:11.842-0500] {example_python_operator.py:93} WARNING - The virtalenv_python example task requires virtualenv, please install it.
[2024-05-06T18:37:11.846-0500] {processor.py:840} INFO - DAG(s) 'example_python_operator' retrieved from /Users/paulamedina/venv/lib/python3.12/site-packages/airflow/example_dags/example_python_operator.py
[2024-05-06T18:37:11.945-0500] {logging_mixin.py:188} INFO - [2024-05-06T18:37:11.945-0500] {dag.py:3096} INFO - Sync 1 DAGs
[2024-05-06T18:37:11.953-0500] {logging_mixin.py:188} INFO - [2024-05-06T18:37:11.953-0500] {dag.py:3954} INFO - Setting next_dagrun for example_python_operator to None, run_after=None
[2024-05-06T18:37:11.973-0500] {processor.py:183} INFO - Processing /Users/paulamedina/venv/lib/python3.12/site-packages/airflow/example_dags/example_python_operator.py took 0.165 seconds
[2024-05-06T18:39:10.614-0500] {processor.py:161} INFO - Started process (PID=21439) to work on /Users/paulamedina/venv/lib/python3.12/site-packages/airflow/example_dags/example_python_operator.py
[2024-05-06T18:39:10.616-0500] {processor.py:830} INFO - Processing file /Users/paulamedina/venv/lib/python3.12/site-packages/airflow/example_dags/example_python_operator.py for tasks to queue
[2024-05-06T18:39:10.617-0500] {logging_mixin.py:188} INFO - [2024-05-06T18:39:10.616-0500] {dagbag.py:540} INFO - Filling up the DagBag from /Users/paulamedina/venv/lib/python3.12/site-packages/airflow/example_dags/example_python_operator.py
[2024-05-06T18:39:10.641-0500] {logging_mixin.py:188} INFO - [2024-05-06T18:39:10.641-0500] {example_python_operator.py:93} WARNING - The virtalenv_python example task requires virtualenv, please install it.
[2024-05-06T18:39:10.645-0500] {processor.py:840} INFO - DAG(s) 'example_python_operator' retrieved from /Users/paulamedina/venv/lib/python3.12/site-packages/airflow/example_dags/example_python_operator.py
[2024-05-06T18:39:10.741-0500] {logging_mixin.py:188} INFO - [2024-05-06T18:39:10.741-0500] {dag.py:3096} INFO - Sync 1 DAGs
[2024-05-06T18:39:10.749-0500] {logging_mixin.py:188} INFO - [2024-05-06T18:39:10.749-0500] {dag.py:3954} INFO - Setting next_dagrun for example_python_operator to None, run_after=None
[2024-05-06T18:39:10.765-0500] {processor.py:183} INFO - Processing /Users/paulamedina/venv/lib/python3.12/site-packages/airflow/example_dags/example_python_operator.py took 0.154 seconds
[2024-05-06T18:41:06.980-0500] {processor.py:161} INFO - Started process (PID=21860) to work on /Users/paulamedina/venv/lib/python3.12/site-packages/airflow/example_dags/example_python_operator.py
[2024-05-06T18:41:06.981-0500] {processor.py:830} INFO - Processing file /Users/paulamedina/venv/lib/python3.12/site-packages/airflow/example_dags/example_python_operator.py for tasks to queue
[2024-05-06T18:41:06.982-0500] {logging_mixin.py:188} INFO - [2024-05-06T18:41:06.982-0500] {dagbag.py:540} INFO - Filling up the DagBag from /Users/paulamedina/venv/lib/python3.12/site-packages/airflow/example_dags/example_python_operator.py
[2024-05-06T18:41:07.009-0500] {logging_mixin.py:188} INFO - [2024-05-06T18:41:07.009-0500] {example_python_operator.py:93} WARNING - The virtalenv_python example task requires virtualenv, please install it.
[2024-05-06T18:41:07.013-0500] {processor.py:840} INFO - DAG(s) 'example_python_operator' retrieved from /Users/paulamedina/venv/lib/python3.12/site-packages/airflow/example_dags/example_python_operator.py
[2024-05-06T18:41:07.130-0500] {logging_mixin.py:188} INFO - [2024-05-06T18:41:07.130-0500] {dag.py:3096} INFO - Sync 1 DAGs
[2024-05-06T18:41:07.145-0500] {logging_mixin.py:188} INFO - [2024-05-06T18:41:07.144-0500] {dag.py:3954} INFO - Setting next_dagrun for example_python_operator to None, run_after=None
[2024-05-06T18:41:07.185-0500] {processor.py:183} INFO - Processing /Users/paulamedina/venv/lib/python3.12/site-packages/airflow/example_dags/example_python_operator.py took 0.208 seconds
[2024-05-06T18:43:05.213-0500] {processor.py:161} INFO - Started process (PID=22373) to work on /Users/paulamedina/venv/lib/python3.12/site-packages/airflow/example_dags/example_python_operator.py
[2024-05-06T18:43:05.215-0500] {processor.py:830} INFO - Processing file /Users/paulamedina/venv/lib/python3.12/site-packages/airflow/example_dags/example_python_operator.py for tasks to queue
[2024-05-06T18:43:05.216-0500] {logging_mixin.py:188} INFO - [2024-05-06T18:43:05.216-0500] {dagbag.py:540} INFO - Filling up the DagBag from /Users/paulamedina/venv/lib/python3.12/site-packages/airflow/example_dags/example_python_operator.py
[2024-05-06T18:43:05.241-0500] {logging_mixin.py:188} INFO - [2024-05-06T18:43:05.241-0500] {example_python_operator.py:93} WARNING - The virtalenv_python example task requires virtualenv, please install it.
[2024-05-06T18:43:05.245-0500] {processor.py:840} INFO - DAG(s) 'example_python_operator' retrieved from /Users/paulamedina/venv/lib/python3.12/site-packages/airflow/example_dags/example_python_operator.py
[2024-05-06T18:43:05.335-0500] {logging_mixin.py:188} INFO - [2024-05-06T18:43:05.334-0500] {dag.py:3096} INFO - Sync 1 DAGs
[2024-05-06T18:43:05.343-0500] {logging_mixin.py:188} INFO - [2024-05-06T18:43:05.343-0500] {dag.py:3954} INFO - Setting next_dagrun for example_python_operator to None, run_after=None
[2024-05-06T18:43:05.358-0500] {processor.py:183} INFO - Processing /Users/paulamedina/venv/lib/python3.12/site-packages/airflow/example_dags/example_python_operator.py took 0.148 seconds
[2024-05-06T18:44:59.998-0500] {processor.py:161} INFO - Started process (PID=22772) to work on /Users/paulamedina/venv/lib/python3.12/site-packages/airflow/example_dags/example_python_operator.py
[2024-05-06T18:44:59.999-0500] {processor.py:830} INFO - Processing file /Users/paulamedina/venv/lib/python3.12/site-packages/airflow/example_dags/example_python_operator.py for tasks to queue
[2024-05-06T18:45:00.000-0500] {logging_mixin.py:188} INFO - [2024-05-06T18:45:00.000-0500] {dagbag.py:540} INFO - Filling up the DagBag from /Users/paulamedina/venv/lib/python3.12/site-packages/airflow/example_dags/example_python_operator.py
[2024-05-06T18:45:00.027-0500] {logging_mixin.py:188} INFO - [2024-05-06T18:45:00.027-0500] {example_python_operator.py:93} WARNING - The virtalenv_python example task requires virtualenv, please install it.
[2024-05-06T18:45:00.032-0500] {processor.py:840} INFO - DAG(s) 'example_python_operator' retrieved from /Users/paulamedina/venv/lib/python3.12/site-packages/airflow/example_dags/example_python_operator.py
[2024-05-06T18:45:00.127-0500] {logging_mixin.py:188} INFO - [2024-05-06T18:45:00.127-0500] {dag.py:3096} INFO - Sync 1 DAGs
[2024-05-06T18:45:00.136-0500] {logging_mixin.py:188} INFO - [2024-05-06T18:45:00.136-0500] {dag.py:3954} INFO - Setting next_dagrun for example_python_operator to None, run_after=None
[2024-05-06T18:45:00.154-0500] {processor.py:183} INFO - Processing /Users/paulamedina/venv/lib/python3.12/site-packages/airflow/example_dags/example_python_operator.py took 0.159 seconds
[2024-05-06T18:47:04.514-0500] {processor.py:161} INFO - Started process (PID=23234) to work on /Users/paulamedina/venv/lib/python3.12/site-packages/airflow/example_dags/example_python_operator.py
[2024-05-06T18:47:04.516-0500] {processor.py:830} INFO - Processing file /Users/paulamedina/venv/lib/python3.12/site-packages/airflow/example_dags/example_python_operator.py for tasks to queue
[2024-05-06T18:47:04.517-0500] {logging_mixin.py:188} INFO - [2024-05-06T18:47:04.517-0500] {dagbag.py:540} INFO - Filling up the DagBag from /Users/paulamedina/venv/lib/python3.12/site-packages/airflow/example_dags/example_python_operator.py
[2024-05-06T18:47:04.546-0500] {logging_mixin.py:188} INFO - [2024-05-06T18:47:04.546-0500] {example_python_operator.py:93} WARNING - The virtalenv_python example task requires virtualenv, please install it.
[2024-05-06T18:47:04.550-0500] {processor.py:840} INFO - DAG(s) 'example_python_operator' retrieved from /Users/paulamedina/venv/lib/python3.12/site-packages/airflow/example_dags/example_python_operator.py
[2024-05-06T18:47:04.656-0500] {logging_mixin.py:188} INFO - [2024-05-06T18:47:04.648-0500] {dag.py:3096} INFO - Sync 1 DAGs
[2024-05-06T18:47:04.698-0500] {logging_mixin.py:188} INFO - [2024-05-06T18:47:04.698-0500] {dag.py:3954} INFO - Setting next_dagrun for example_python_operator to None, run_after=None
[2024-05-06T18:47:04.717-0500] {processor.py:183} INFO - Processing /Users/paulamedina/venv/lib/python3.12/site-packages/airflow/example_dags/example_python_operator.py took 0.205 seconds
[2024-05-06T18:49:12.478-0500] {processor.py:161} INFO - Started process (PID=23691) to work on /Users/paulamedina/venv/lib/python3.12/site-packages/airflow/example_dags/example_python_operator.py
[2024-05-06T18:49:12.480-0500] {processor.py:830} INFO - Processing file /Users/paulamedina/venv/lib/python3.12/site-packages/airflow/example_dags/example_python_operator.py for tasks to queue
[2024-05-06T18:49:12.480-0500] {logging_mixin.py:188} INFO - [2024-05-06T18:49:12.480-0500] {dagbag.py:540} INFO - Filling up the DagBag from /Users/paulamedina/venv/lib/python3.12/site-packages/airflow/example_dags/example_python_operator.py
[2024-05-06T18:49:12.507-0500] {logging_mixin.py:188} INFO - [2024-05-06T18:49:12.507-0500] {example_python_operator.py:93} WARNING - The virtalenv_python example task requires virtualenv, please install it.
[2024-05-06T18:49:12.511-0500] {processor.py:840} INFO - DAG(s) 'example_python_operator' retrieved from /Users/paulamedina/venv/lib/python3.12/site-packages/airflow/example_dags/example_python_operator.py
[2024-05-06T18:49:12.616-0500] {logging_mixin.py:188} INFO - [2024-05-06T18:49:12.615-0500] {dag.py:3096} INFO - Sync 1 DAGs
[2024-05-06T18:49:12.625-0500] {logging_mixin.py:188} INFO - [2024-05-06T18:49:12.625-0500] {dag.py:3954} INFO - Setting next_dagrun for example_python_operator to None, run_after=None
[2024-05-06T18:49:12.644-0500] {processor.py:183} INFO - Processing /Users/paulamedina/venv/lib/python3.12/site-packages/airflow/example_dags/example_python_operator.py took 0.169 seconds
[2024-05-06T18:51:11.491-0500] {processor.py:161} INFO - Started process (PID=24116) to work on /Users/paulamedina/venv/lib/python3.12/site-packages/airflow/example_dags/example_python_operator.py
[2024-05-06T18:51:11.492-0500] {processor.py:830} INFO - Processing file /Users/paulamedina/venv/lib/python3.12/site-packages/airflow/example_dags/example_python_operator.py for tasks to queue
[2024-05-06T18:51:11.492-0500] {logging_mixin.py:188} INFO - [2024-05-06T18:51:11.492-0500] {dagbag.py:540} INFO - Filling up the DagBag from /Users/paulamedina/venv/lib/python3.12/site-packages/airflow/example_dags/example_python_operator.py
[2024-05-06T18:51:11.516-0500] {logging_mixin.py:188} INFO - [2024-05-06T18:51:11.516-0500] {example_python_operator.py:93} WARNING - The virtalenv_python example task requires virtualenv, please install it.
[2024-05-06T18:51:11.519-0500] {processor.py:840} INFO - DAG(s) 'example_python_operator' retrieved from /Users/paulamedina/venv/lib/python3.12/site-packages/airflow/example_dags/example_python_operator.py
[2024-05-06T18:51:11.606-0500] {logging_mixin.py:188} INFO - [2024-05-06T18:51:11.606-0500] {dag.py:3096} INFO - Sync 1 DAGs
[2024-05-06T18:51:11.613-0500] {logging_mixin.py:188} INFO - [2024-05-06T18:51:11.613-0500] {dag.py:3954} INFO - Setting next_dagrun for example_python_operator to None, run_after=None
[2024-05-06T18:51:11.628-0500] {processor.py:183} INFO - Processing /Users/paulamedina/venv/lib/python3.12/site-packages/airflow/example_dags/example_python_operator.py took 0.141 seconds
[2024-05-06T18:53:10.018-0500] {processor.py:161} INFO - Started process (PID=24535) to work on /Users/paulamedina/venv/lib/python3.12/site-packages/airflow/example_dags/example_python_operator.py
[2024-05-06T18:53:10.019-0500] {processor.py:830} INFO - Processing file /Users/paulamedina/venv/lib/python3.12/site-packages/airflow/example_dags/example_python_operator.py for tasks to queue
[2024-05-06T18:53:10.019-0500] {logging_mixin.py:188} INFO - [2024-05-06T18:53:10.019-0500] {dagbag.py:540} INFO - Filling up the DagBag from /Users/paulamedina/venv/lib/python3.12/site-packages/airflow/example_dags/example_python_operator.py
[2024-05-06T18:53:10.042-0500] {logging_mixin.py:188} INFO - [2024-05-06T18:53:10.041-0500] {example_python_operator.py:93} WARNING - The virtalenv_python example task requires virtualenv, please install it.
[2024-05-06T18:53:10.045-0500] {processor.py:840} INFO - DAG(s) 'example_python_operator' retrieved from /Users/paulamedina/venv/lib/python3.12/site-packages/airflow/example_dags/example_python_operator.py
[2024-05-06T18:53:10.139-0500] {logging_mixin.py:188} INFO - [2024-05-06T18:53:10.138-0500] {dag.py:3096} INFO - Sync 1 DAGs
[2024-05-06T18:53:10.147-0500] {logging_mixin.py:188} INFO - [2024-05-06T18:53:10.147-0500] {dag.py:3954} INFO - Setting next_dagrun for example_python_operator to None, run_after=None
[2024-05-06T18:53:10.162-0500] {processor.py:183} INFO - Processing /Users/paulamedina/venv/lib/python3.12/site-packages/airflow/example_dags/example_python_operator.py took 0.147 seconds
[2024-05-06T18:55:06.289-0500] {processor.py:161} INFO - Started process (PID=24936) to work on /Users/paulamedina/venv/lib/python3.12/site-packages/airflow/example_dags/example_python_operator.py
[2024-05-06T18:55:06.291-0500] {processor.py:830} INFO - Processing file /Users/paulamedina/venv/lib/python3.12/site-packages/airflow/example_dags/example_python_operator.py for tasks to queue
[2024-05-06T18:55:06.291-0500] {logging_mixin.py:188} INFO - [2024-05-06T18:55:06.291-0500] {dagbag.py:540} INFO - Filling up the DagBag from /Users/paulamedina/venv/lib/python3.12/site-packages/airflow/example_dags/example_python_operator.py
[2024-05-06T18:55:06.323-0500] {logging_mixin.py:188} INFO - [2024-05-06T18:55:06.323-0500] {example_python_operator.py:93} WARNING - The virtalenv_python example task requires virtualenv, please install it.
[2024-05-06T18:55:06.329-0500] {processor.py:840} INFO - DAG(s) 'example_python_operator' retrieved from /Users/paulamedina/venv/lib/python3.12/site-packages/airflow/example_dags/example_python_operator.py
[2024-05-06T18:55:06.439-0500] {logging_mixin.py:188} INFO - [2024-05-06T18:55:06.439-0500] {dag.py:3096} INFO - Sync 1 DAGs
[2024-05-06T18:55:06.448-0500] {logging_mixin.py:188} INFO - [2024-05-06T18:55:06.447-0500] {dag.py:3954} INFO - Setting next_dagrun for example_python_operator to None, run_after=None
[2024-05-06T18:55:06.463-0500] {processor.py:183} INFO - Processing /Users/paulamedina/venv/lib/python3.12/site-packages/airflow/example_dags/example_python_operator.py took 0.178 seconds
[2024-05-06T18:57:32.254-0500] {processor.py:161} INFO - Started process (PID=25463) to work on /Users/paulamedina/venv/lib/python3.12/site-packages/airflow/example_dags/example_python_operator.py
[2024-05-06T18:57:32.255-0500] {processor.py:830} INFO - Processing file /Users/paulamedina/venv/lib/python3.12/site-packages/airflow/example_dags/example_python_operator.py for tasks to queue
[2024-05-06T18:57:32.256-0500] {logging_mixin.py:188} INFO - [2024-05-06T18:57:32.256-0500] {dagbag.py:540} INFO - Filling up the DagBag from /Users/paulamedina/venv/lib/python3.12/site-packages/airflow/example_dags/example_python_operator.py
[2024-05-06T18:57:32.278-0500] {logging_mixin.py:188} INFO - [2024-05-06T18:57:32.278-0500] {example_python_operator.py:93} WARNING - The virtalenv_python example task requires virtualenv, please install it.
[2024-05-06T18:57:32.282-0500] {processor.py:840} INFO - DAG(s) 'example_python_operator' retrieved from /Users/paulamedina/venv/lib/python3.12/site-packages/airflow/example_dags/example_python_operator.py
[2024-05-06T18:57:32.411-0500] {logging_mixin.py:188} INFO - [2024-05-06T18:57:32.411-0500] {dag.py:3096} INFO - Sync 1 DAGs
[2024-05-06T18:57:32.430-0500] {logging_mixin.py:188} INFO - [2024-05-06T18:57:32.429-0500] {dag.py:3954} INFO - Setting next_dagrun for example_python_operator to None, run_after=None
[2024-05-06T18:57:32.457-0500] {processor.py:183} INFO - Processing /Users/paulamedina/venv/lib/python3.12/site-packages/airflow/example_dags/example_python_operator.py took 0.205 seconds
[2024-05-06T18:59:35.007-0500] {processor.py:161} INFO - Started process (PID=26007) to work on /Users/paulamedina/venv/lib/python3.12/site-packages/airflow/example_dags/example_python_operator.py
[2024-05-06T18:59:35.009-0500] {processor.py:830} INFO - Processing file /Users/paulamedina/venv/lib/python3.12/site-packages/airflow/example_dags/example_python_operator.py for tasks to queue
[2024-05-06T18:59:35.009-0500] {logging_mixin.py:188} INFO - [2024-05-06T18:59:35.009-0500] {dagbag.py:540} INFO - Filling up the DagBag from /Users/paulamedina/venv/lib/python3.12/site-packages/airflow/example_dags/example_python_operator.py
[2024-05-06T18:59:35.031-0500] {logging_mixin.py:188} INFO - [2024-05-06T18:59:35.031-0500] {example_python_operator.py:93} WARNING - The virtalenv_python example task requires virtualenv, please install it.
[2024-05-06T18:59:35.035-0500] {processor.py:840} INFO - DAG(s) 'example_python_operator' retrieved from /Users/paulamedina/venv/lib/python3.12/site-packages/airflow/example_dags/example_python_operator.py
[2024-05-06T18:59:35.112-0500] {logging_mixin.py:188} INFO - [2024-05-06T18:59:35.111-0500] {dag.py:3096} INFO - Sync 1 DAGs
[2024-05-06T18:59:35.118-0500] {logging_mixin.py:188} INFO - [2024-05-06T18:59:35.118-0500] {dag.py:3954} INFO - Setting next_dagrun for example_python_operator to None, run_after=None
[2024-05-06T18:59:35.133-0500] {processor.py:183} INFO - Processing /Users/paulamedina/venv/lib/python3.12/site-packages/airflow/example_dags/example_python_operator.py took 0.128 seconds
