[2024-05-06T18:11:08.707-0500] {processor.py:161} INFO - Started process (PID=7751) to work on /Users/paulamedina/venv/lib/python3.12/site-packages/airflow/example_dags/example_dynamic_task_mapping.py
[2024-05-06T18:11:08.708-0500] {processor.py:830} INFO - Processing file /Users/paulamedina/venv/lib/python3.12/site-packages/airflow/example_dags/example_dynamic_task_mapping.py for tasks to queue
[2024-05-06T18:11:08.712-0500] {logging_mixin.py:188} INFO - [2024-05-06T18:11:08.710-0500] {dagbag.py:540} INFO - Filling up the DagBag from /Users/paulamedina/venv/lib/python3.12/site-packages/airflow/example_dags/example_dynamic_task_mapping.py
[2024-05-06T18:11:08.794-0500] {processor.py:840} INFO - DAG(s) 'example_dynamic_task_mapping' retrieved from /Users/paulamedina/venv/lib/python3.12/site-packages/airflow/example_dags/example_dynamic_task_mapping.py
[2024-05-06T18:11:08.983-0500] {logging_mixin.py:188} INFO - [2024-05-06T18:11:08.983-0500] {dag.py:3096} INFO - Sync 1 DAGs
[2024-05-06T18:11:09.000-0500] {logging_mixin.py:188} INFO - [2024-05-06T18:11:08.999-0500] {dag.py:3954} INFO - Setting next_dagrun for example_dynamic_task_mapping to 2022-03-04 00:00:00+00:00, run_after=2022-03-05 00:00:00+00:00
[2024-05-06T18:11:09.022-0500] {processor.py:183} INFO - Processing /Users/paulamedina/venv/lib/python3.12/site-packages/airflow/example_dags/example_dynamic_task_mapping.py took 0.319 seconds
[2024-05-06T18:13:38.996-0500] {processor.py:161} INFO - Started process (PID=9757) to work on /Users/paulamedina/venv/lib/python3.12/site-packages/airflow/example_dags/example_dynamic_task_mapping.py
[2024-05-06T18:13:38.997-0500] {processor.py:830} INFO - Processing file /Users/paulamedina/venv/lib/python3.12/site-packages/airflow/example_dags/example_dynamic_task_mapping.py for tasks to queue
[2024-05-06T18:13:38.998-0500] {logging_mixin.py:188} INFO - [2024-05-06T18:13:38.998-0500] {dagbag.py:540} INFO - Filling up the DagBag from /Users/paulamedina/venv/lib/python3.12/site-packages/airflow/example_dags/example_dynamic_task_mapping.py
[2024-05-06T18:13:39.037-0500] {processor.py:840} INFO - DAG(s) 'example_dynamic_task_mapping' retrieved from /Users/paulamedina/venv/lib/python3.12/site-packages/airflow/example_dags/example_dynamic_task_mapping.py
[2024-05-06T18:13:39.138-0500] {logging_mixin.py:188} INFO - [2024-05-06T18:13:39.137-0500] {dag.py:3096} INFO - Sync 1 DAGs
[2024-05-06T18:13:39.153-0500] {logging_mixin.py:188} INFO - [2024-05-06T18:13:39.153-0500] {dag.py:3954} INFO - Setting next_dagrun for example_dynamic_task_mapping to 2022-03-04 00:00:00+00:00, run_after=2022-03-05 00:00:00+00:00
[2024-05-06T18:13:39.172-0500] {processor.py:183} INFO - Processing /Users/paulamedina/venv/lib/python3.12/site-packages/airflow/example_dags/example_dynamic_task_mapping.py took 0.178 seconds
[2024-05-06T18:17:29.558-0500] {processor.py:161} INFO - Started process (PID=12883) to work on /Users/paulamedina/venv/lib/python3.12/site-packages/airflow/example_dags/example_dynamic_task_mapping.py
[2024-05-06T18:17:29.559-0500] {processor.py:830} INFO - Processing file /Users/paulamedina/venv/lib/python3.12/site-packages/airflow/example_dags/example_dynamic_task_mapping.py for tasks to queue
[2024-05-06T18:17:29.559-0500] {logging_mixin.py:188} INFO - [2024-05-06T18:17:29.559-0500] {dagbag.py:540} INFO - Filling up the DagBag from /Users/paulamedina/venv/lib/python3.12/site-packages/airflow/example_dags/example_dynamic_task_mapping.py
[2024-05-06T18:17:29.600-0500] {processor.py:840} INFO - DAG(s) 'example_dynamic_task_mapping' retrieved from /Users/paulamedina/venv/lib/python3.12/site-packages/airflow/example_dags/example_dynamic_task_mapping.py
[2024-05-06T18:17:29.688-0500] {logging_mixin.py:188} INFO - [2024-05-06T18:17:29.687-0500] {dag.py:3096} INFO - Sync 1 DAGs
[2024-05-06T18:17:29.701-0500] {logging_mixin.py:188} INFO - [2024-05-06T18:17:29.701-0500] {dag.py:3954} INFO - Setting next_dagrun for example_dynamic_task_mapping to 2022-03-04 00:00:00+00:00, run_after=2022-03-05 00:00:00+00:00
[2024-05-06T18:17:29.717-0500] {processor.py:183} INFO - Processing /Users/paulamedina/venv/lib/python3.12/site-packages/airflow/example_dags/example_dynamic_task_mapping.py took 0.162 seconds
[2024-05-06T18:21:25.329-0500] {processor.py:161} INFO - Started process (PID=16128) to work on /Users/paulamedina/venv/lib/python3.12/site-packages/airflow/example_dags/example_dynamic_task_mapping.py
[2024-05-06T18:21:25.330-0500] {processor.py:830} INFO - Processing file /Users/paulamedina/venv/lib/python3.12/site-packages/airflow/example_dags/example_dynamic_task_mapping.py for tasks to queue
[2024-05-06T18:21:25.330-0500] {logging_mixin.py:188} INFO - [2024-05-06T18:21:25.330-0500] {dagbag.py:540} INFO - Filling up the DagBag from /Users/paulamedina/venv/lib/python3.12/site-packages/airflow/example_dags/example_dynamic_task_mapping.py
[2024-05-06T18:21:25.370-0500] {processor.py:840} INFO - DAG(s) 'example_dynamic_task_mapping' retrieved from /Users/paulamedina/venv/lib/python3.12/site-packages/airflow/example_dags/example_dynamic_task_mapping.py
[2024-05-06T18:21:25.470-0500] {logging_mixin.py:188} INFO - [2024-05-06T18:21:25.469-0500] {dag.py:3096} INFO - Sync 1 DAGs
[2024-05-06T18:21:25.484-0500] {logging_mixin.py:188} INFO - [2024-05-06T18:21:25.484-0500] {dag.py:3954} INFO - Setting next_dagrun for example_dynamic_task_mapping to 2022-03-04 00:00:00+00:00, run_after=2022-03-05 00:00:00+00:00
[2024-05-06T18:21:25.502-0500] {processor.py:183} INFO - Processing /Users/paulamedina/venv/lib/python3.12/site-packages/airflow/example_dags/example_dynamic_task_mapping.py took 0.175 seconds
[2024-05-06T18:25:35.478-0500] {processor.py:161} INFO - Started process (PID=18491) to work on /Users/paulamedina/venv/lib/python3.12/site-packages/airflow/example_dags/example_dynamic_task_mapping.py
[2024-05-06T18:25:35.479-0500] {processor.py:830} INFO - Processing file /Users/paulamedina/venv/lib/python3.12/site-packages/airflow/example_dags/example_dynamic_task_mapping.py for tasks to queue
[2024-05-06T18:25:35.480-0500] {logging_mixin.py:188} INFO - [2024-05-06T18:25:35.480-0500] {dagbag.py:540} INFO - Filling up the DagBag from /Users/paulamedina/venv/lib/python3.12/site-packages/airflow/example_dags/example_dynamic_task_mapping.py
[2024-05-06T18:25:35.514-0500] {processor.py:840} INFO - DAG(s) 'example_dynamic_task_mapping' retrieved from /Users/paulamedina/venv/lib/python3.12/site-packages/airflow/example_dags/example_dynamic_task_mapping.py
[2024-05-06T18:25:35.602-0500] {logging_mixin.py:188} INFO - [2024-05-06T18:25:35.602-0500] {dag.py:3096} INFO - Sync 1 DAGs
[2024-05-06T18:25:35.617-0500] {logging_mixin.py:188} INFO - [2024-05-06T18:25:35.617-0500] {dag.py:3954} INFO - Setting next_dagrun for example_dynamic_task_mapping to 2022-03-04 00:00:00+00:00, run_after=2022-03-05 00:00:00+00:00
[2024-05-06T18:25:35.635-0500] {processor.py:183} INFO - Processing /Users/paulamedina/venv/lib/python3.12/site-packages/airflow/example_dags/example_dynamic_task_mapping.py took 0.159 seconds
[2024-05-06T18:29:32.975-0500] {processor.py:161} INFO - Started process (PID=19345) to work on /Users/paulamedina/venv/lib/python3.12/site-packages/airflow/example_dags/example_dynamic_task_mapping.py
[2024-05-06T18:29:32.976-0500] {processor.py:830} INFO - Processing file /Users/paulamedina/venv/lib/python3.12/site-packages/airflow/example_dags/example_dynamic_task_mapping.py for tasks to queue
[2024-05-06T18:29:32.977-0500] {logging_mixin.py:188} INFO - [2024-05-06T18:29:32.977-0500] {dagbag.py:540} INFO - Filling up the DagBag from /Users/paulamedina/venv/lib/python3.12/site-packages/airflow/example_dags/example_dynamic_task_mapping.py
[2024-05-06T18:29:33.013-0500] {processor.py:840} INFO - DAG(s) 'example_dynamic_task_mapping' retrieved from /Users/paulamedina/venv/lib/python3.12/site-packages/airflow/example_dags/example_dynamic_task_mapping.py
[2024-05-06T18:29:33.125-0500] {logging_mixin.py:188} INFO - [2024-05-06T18:29:33.125-0500] {dag.py:3096} INFO - Sync 1 DAGs
[2024-05-06T18:29:33.139-0500] {logging_mixin.py:188} INFO - [2024-05-06T18:29:33.139-0500] {dag.py:3954} INFO - Setting next_dagrun for example_dynamic_task_mapping to 2022-03-04 00:00:00+00:00, run_after=2022-03-05 00:00:00+00:00
[2024-05-06T18:29:33.156-0500] {processor.py:183} INFO - Processing /Users/paulamedina/venv/lib/python3.12/site-packages/airflow/example_dags/example_dynamic_task_mapping.py took 0.184 seconds
[2024-05-06T18:33:45.413-0500] {processor.py:161} INFO - Started process (PID=20272) to work on /Users/paulamedina/venv/lib/python3.12/site-packages/airflow/example_dags/example_dynamic_task_mapping.py
[2024-05-06T18:33:45.415-0500] {processor.py:830} INFO - Processing file /Users/paulamedina/venv/lib/python3.12/site-packages/airflow/example_dags/example_dynamic_task_mapping.py for tasks to queue
[2024-05-06T18:33:45.416-0500] {logging_mixin.py:188} INFO - [2024-05-06T18:33:45.415-0500] {dagbag.py:540} INFO - Filling up the DagBag from /Users/paulamedina/venv/lib/python3.12/site-packages/airflow/example_dags/example_dynamic_task_mapping.py
[2024-05-06T18:33:45.453-0500] {processor.py:840} INFO - DAG(s) 'example_dynamic_task_mapping' retrieved from /Users/paulamedina/venv/lib/python3.12/site-packages/airflow/example_dags/example_dynamic_task_mapping.py
[2024-05-06T18:33:45.537-0500] {logging_mixin.py:188} INFO - [2024-05-06T18:33:45.537-0500] {dag.py:3096} INFO - Sync 1 DAGs
[2024-05-06T18:33:45.550-0500] {logging_mixin.py:188} INFO - [2024-05-06T18:33:45.550-0500] {dag.py:3954} INFO - Setting next_dagrun for example_dynamic_task_mapping to 2022-03-04 00:00:00+00:00, run_after=2022-03-05 00:00:00+00:00
[2024-05-06T18:33:45.568-0500] {processor.py:183} INFO - Processing /Users/paulamedina/venv/lib/python3.12/site-packages/airflow/example_dags/example_dynamic_task_mapping.py took 0.158 seconds
[2024-05-06T18:37:42.743-0500] {processor.py:161} INFO - Started process (PID=21115) to work on /Users/paulamedina/venv/lib/python3.12/site-packages/airflow/example_dags/example_dynamic_task_mapping.py
[2024-05-06T18:37:42.744-0500] {processor.py:830} INFO - Processing file /Users/paulamedina/venv/lib/python3.12/site-packages/airflow/example_dags/example_dynamic_task_mapping.py for tasks to queue
[2024-05-06T18:37:42.745-0500] {logging_mixin.py:188} INFO - [2024-05-06T18:37:42.745-0500] {dagbag.py:540} INFO - Filling up the DagBag from /Users/paulamedina/venv/lib/python3.12/site-packages/airflow/example_dags/example_dynamic_task_mapping.py
[2024-05-06T18:37:42.787-0500] {processor.py:840} INFO - DAG(s) 'example_dynamic_task_mapping' retrieved from /Users/paulamedina/venv/lib/python3.12/site-packages/airflow/example_dags/example_dynamic_task_mapping.py
[2024-05-06T18:37:42.882-0500] {logging_mixin.py:188} INFO - [2024-05-06T18:37:42.882-0500] {dag.py:3096} INFO - Sync 1 DAGs
[2024-05-06T18:37:42.896-0500] {logging_mixin.py:188} INFO - [2024-05-06T18:37:42.896-0500] {dag.py:3954} INFO - Setting next_dagrun for example_dynamic_task_mapping to 2022-03-04 00:00:00+00:00, run_after=2022-03-05 00:00:00+00:00
[2024-05-06T18:37:42.914-0500] {processor.py:183} INFO - Processing /Users/paulamedina/venv/lib/python3.12/site-packages/airflow/example_dags/example_dynamic_task_mapping.py took 0.173 seconds
[2024-05-06T18:41:33.433-0500] {processor.py:161} INFO - Started process (PID=21952) to work on /Users/paulamedina/venv/lib/python3.12/site-packages/airflow/example_dags/example_dynamic_task_mapping.py
[2024-05-06T18:41:33.435-0500] {processor.py:830} INFO - Processing file /Users/paulamedina/venv/lib/python3.12/site-packages/airflow/example_dags/example_dynamic_task_mapping.py for tasks to queue
[2024-05-06T18:41:33.435-0500] {logging_mixin.py:188} INFO - [2024-05-06T18:41:33.435-0500] {dagbag.py:540} INFO - Filling up the DagBag from /Users/paulamedina/venv/lib/python3.12/site-packages/airflow/example_dags/example_dynamic_task_mapping.py
[2024-05-06T18:41:33.476-0500] {processor.py:840} INFO - DAG(s) 'example_dynamic_task_mapping' retrieved from /Users/paulamedina/venv/lib/python3.12/site-packages/airflow/example_dags/example_dynamic_task_mapping.py
[2024-05-06T18:41:33.574-0500] {logging_mixin.py:188} INFO - [2024-05-06T18:41:33.574-0500] {dag.py:3096} INFO - Sync 1 DAGs
[2024-05-06T18:41:33.592-0500] {logging_mixin.py:188} INFO - [2024-05-06T18:41:33.592-0500] {dag.py:3954} INFO - Setting next_dagrun for example_dynamic_task_mapping to 2022-03-04 00:00:00+00:00, run_after=2022-03-05 00:00:00+00:00
[2024-05-06T18:41:33.610-0500] {processor.py:183} INFO - Processing /Users/paulamedina/venv/lib/python3.12/site-packages/airflow/example_dags/example_dynamic_task_mapping.py took 0.180 seconds
[2024-05-06T18:45:28.699-0500] {processor.py:161} INFO - Started process (PID=22880) to work on /Users/paulamedina/venv/lib/python3.12/site-packages/airflow/example_dags/example_dynamic_task_mapping.py
[2024-05-06T18:45:28.701-0500] {processor.py:830} INFO - Processing file /Users/paulamedina/venv/lib/python3.12/site-packages/airflow/example_dags/example_dynamic_task_mapping.py for tasks to queue
[2024-05-06T18:45:28.701-0500] {logging_mixin.py:188} INFO - [2024-05-06T18:45:28.701-0500] {dagbag.py:540} INFO - Filling up the DagBag from /Users/paulamedina/venv/lib/python3.12/site-packages/airflow/example_dags/example_dynamic_task_mapping.py
[2024-05-06T18:45:28.741-0500] {processor.py:840} INFO - DAG(s) 'example_dynamic_task_mapping' retrieved from /Users/paulamedina/venv/lib/python3.12/site-packages/airflow/example_dags/example_dynamic_task_mapping.py
[2024-05-06T18:45:28.853-0500] {logging_mixin.py:188} INFO - [2024-05-06T18:45:28.853-0500] {dag.py:3096} INFO - Sync 1 DAGs
[2024-05-06T18:45:28.891-0500] {logging_mixin.py:188} INFO - [2024-05-06T18:45:28.890-0500] {dag.py:3954} INFO - Setting next_dagrun for example_dynamic_task_mapping to 2022-03-04 00:00:00+00:00, run_after=2022-03-05 00:00:00+00:00
[2024-05-06T18:45:28.928-0500] {processor.py:183} INFO - Processing /Users/paulamedina/venv/lib/python3.12/site-packages/airflow/example_dags/example_dynamic_task_mapping.py took 0.232 seconds
[2024-05-06T18:49:43.760-0500] {processor.py:161} INFO - Started process (PID=23796) to work on /Users/paulamedina/venv/lib/python3.12/site-packages/airflow/example_dags/example_dynamic_task_mapping.py
[2024-05-06T18:49:43.762-0500] {processor.py:830} INFO - Processing file /Users/paulamedina/venv/lib/python3.12/site-packages/airflow/example_dags/example_dynamic_task_mapping.py for tasks to queue
[2024-05-06T18:49:43.762-0500] {logging_mixin.py:188} INFO - [2024-05-06T18:49:43.762-0500] {dagbag.py:540} INFO - Filling up the DagBag from /Users/paulamedina/venv/lib/python3.12/site-packages/airflow/example_dags/example_dynamic_task_mapping.py
[2024-05-06T18:49:43.798-0500] {processor.py:840} INFO - DAG(s) 'example_dynamic_task_mapping' retrieved from /Users/paulamedina/venv/lib/python3.12/site-packages/airflow/example_dags/example_dynamic_task_mapping.py
[2024-05-06T18:49:43.890-0500] {logging_mixin.py:188} INFO - [2024-05-06T18:49:43.890-0500] {dag.py:3096} INFO - Sync 1 DAGs
[2024-05-06T18:49:43.904-0500] {logging_mixin.py:188} INFO - [2024-05-06T18:49:43.904-0500] {dag.py:3954} INFO - Setting next_dagrun for example_dynamic_task_mapping to 2022-03-04 00:00:00+00:00, run_after=2022-03-05 00:00:00+00:00
[2024-05-06T18:49:43.922-0500] {processor.py:183} INFO - Processing /Users/paulamedina/venv/lib/python3.12/site-packages/airflow/example_dags/example_dynamic_task_mapping.py took 0.164 seconds
[2024-05-06T18:53:37.732-0500] {processor.py:161} INFO - Started process (PID=24625) to work on /Users/paulamedina/venv/lib/python3.12/site-packages/airflow/example_dags/example_dynamic_task_mapping.py
[2024-05-06T18:53:37.733-0500] {processor.py:830} INFO - Processing file /Users/paulamedina/venv/lib/python3.12/site-packages/airflow/example_dags/example_dynamic_task_mapping.py for tasks to queue
[2024-05-06T18:53:37.733-0500] {logging_mixin.py:188} INFO - [2024-05-06T18:53:37.733-0500] {dagbag.py:540} INFO - Filling up the DagBag from /Users/paulamedina/venv/lib/python3.12/site-packages/airflow/example_dags/example_dynamic_task_mapping.py
[2024-05-06T18:53:37.771-0500] {processor.py:840} INFO - DAG(s) 'example_dynamic_task_mapping' retrieved from /Users/paulamedina/venv/lib/python3.12/site-packages/airflow/example_dags/example_dynamic_task_mapping.py
[2024-05-06T18:53:37.862-0500] {logging_mixin.py:188} INFO - [2024-05-06T18:53:37.862-0500] {dag.py:3096} INFO - Sync 1 DAGs
[2024-05-06T18:53:37.877-0500] {logging_mixin.py:188} INFO - [2024-05-06T18:53:37.877-0500] {dag.py:3954} INFO - Setting next_dagrun for example_dynamic_task_mapping to 2022-03-04 00:00:00+00:00, run_after=2022-03-05 00:00:00+00:00
[2024-05-06T18:53:37.896-0500] {processor.py:183} INFO - Processing /Users/paulamedina/venv/lib/python3.12/site-packages/airflow/example_dags/example_dynamic_task_mapping.py took 0.167 seconds
[2024-05-06T18:58:05.642-0500] {processor.py:161} INFO - Started process (PID=25663) to work on /Users/paulamedina/venv/lib/python3.12/site-packages/airflow/example_dags/example_dynamic_task_mapping.py
[2024-05-06T18:58:05.643-0500] {processor.py:830} INFO - Processing file /Users/paulamedina/venv/lib/python3.12/site-packages/airflow/example_dags/example_dynamic_task_mapping.py for tasks to queue
[2024-05-06T18:58:05.644-0500] {logging_mixin.py:188} INFO - [2024-05-06T18:58:05.644-0500] {dagbag.py:540} INFO - Filling up the DagBag from /Users/paulamedina/venv/lib/python3.12/site-packages/airflow/example_dags/example_dynamic_task_mapping.py
[2024-05-06T18:58:05.677-0500] {processor.py:840} INFO - DAG(s) 'example_dynamic_task_mapping' retrieved from /Users/paulamedina/venv/lib/python3.12/site-packages/airflow/example_dags/example_dynamic_task_mapping.py
[2024-05-06T18:58:05.754-0500] {logging_mixin.py:188} INFO - [2024-05-06T18:58:05.754-0500] {dag.py:3096} INFO - Sync 1 DAGs
[2024-05-06T18:58:05.765-0500] {logging_mixin.py:188} INFO - [2024-05-06T18:58:05.765-0500] {dag.py:3954} INFO - Setting next_dagrun for example_dynamic_task_mapping to 2022-03-04 00:00:00+00:00, run_after=2022-03-05 00:00:00+00:00
[2024-05-06T18:58:05.780-0500] {processor.py:183} INFO - Processing /Users/paulamedina/venv/lib/python3.12/site-packages/airflow/example_dags/example_dynamic_task_mapping.py took 0.140 seconds
