[2024-05-06T18:10:55.710-0500] {processor.py:161} INFO - Started process (PID=7593) to work on /Users/paulamedina/venv/lib/python3.12/site-packages/airflow/example_dags/example_latest_only_with_trigger.py
[2024-05-06T18:10:55.711-0500] {processor.py:830} INFO - Processing file /Users/paulamedina/venv/lib/python3.12/site-packages/airflow/example_dags/example_latest_only_with_trigger.py for tasks to queue
[2024-05-06T18:10:55.711-0500] {logging_mixin.py:188} INFO - [2024-05-06T18:10:55.711-0500] {dagbag.py:540} INFO - Filling up the DagBag from /Users/paulamedina/venv/lib/python3.12/site-packages/airflow/example_dags/example_latest_only_with_trigger.py
[2024-05-06T18:10:55.720-0500] {processor.py:840} INFO - DAG(s) 'latest_only_with_trigger' retrieved from /Users/paulamedina/venv/lib/python3.12/site-packages/airflow/example_dags/example_latest_only_with_trigger.py
[2024-05-06T18:10:55.878-0500] {logging_mixin.py:188} INFO - [2024-05-06T18:10:55.878-0500] {dag.py:3096} INFO - Sync 1 DAGs
[2024-05-06T18:10:55.892-0500] {logging_mixin.py:188} INFO - [2024-05-06T18:10:55.892-0500] {dag.py:3954} INFO - Setting next_dagrun for latest_only_with_trigger to 2024-05-06 16:00:00+00:00, run_after=2024-05-06 20:00:00+00:00
[2024-05-06T18:10:55.909-0500] {processor.py:183} INFO - Processing /Users/paulamedina/venv/lib/python3.12/site-packages/airflow/example_dags/example_latest_only_with_trigger.py took 0.202 seconds
[2024-05-06T18:13:26.341-0500] {processor.py:161} INFO - Started process (PID=9610) to work on /Users/paulamedina/venv/lib/python3.12/site-packages/airflow/example_dags/example_latest_only_with_trigger.py
[2024-05-06T18:13:26.342-0500] {processor.py:830} INFO - Processing file /Users/paulamedina/venv/lib/python3.12/site-packages/airflow/example_dags/example_latest_only_with_trigger.py for tasks to queue
[2024-05-06T18:13:26.343-0500] {logging_mixin.py:188} INFO - [2024-05-06T18:13:26.343-0500] {dagbag.py:540} INFO - Filling up the DagBag from /Users/paulamedina/venv/lib/python3.12/site-packages/airflow/example_dags/example_latest_only_with_trigger.py
[2024-05-06T18:13:26.352-0500] {processor.py:840} INFO - DAG(s) 'latest_only_with_trigger' retrieved from /Users/paulamedina/venv/lib/python3.12/site-packages/airflow/example_dags/example_latest_only_with_trigger.py
[2024-05-06T18:13:26.443-0500] {logging_mixin.py:188} INFO - [2024-05-06T18:13:26.443-0500] {dag.py:3096} INFO - Sync 1 DAGs
[2024-05-06T18:13:26.459-0500] {logging_mixin.py:188} INFO - [2024-05-06T18:13:26.459-0500] {dag.py:3954} INFO - Setting next_dagrun for latest_only_with_trigger to 2024-05-06 16:00:00+00:00, run_after=2024-05-06 20:00:00+00:00
[2024-05-06T18:13:26.476-0500] {processor.py:183} INFO - Processing /Users/paulamedina/venv/lib/python3.12/site-packages/airflow/example_dags/example_latest_only_with_trigger.py took 0.137 seconds
[2024-05-06T18:17:17.709-0500] {processor.py:161} INFO - Started process (PID=12736) to work on /Users/paulamedina/venv/lib/python3.12/site-packages/airflow/example_dags/example_latest_only_with_trigger.py
[2024-05-06T18:17:17.710-0500] {processor.py:830} INFO - Processing file /Users/paulamedina/venv/lib/python3.12/site-packages/airflow/example_dags/example_latest_only_with_trigger.py for tasks to queue
[2024-05-06T18:17:17.711-0500] {logging_mixin.py:188} INFO - [2024-05-06T18:17:17.711-0500] {dagbag.py:540} INFO - Filling up the DagBag from /Users/paulamedina/venv/lib/python3.12/site-packages/airflow/example_dags/example_latest_only_with_trigger.py
[2024-05-06T18:17:17.720-0500] {processor.py:840} INFO - DAG(s) 'latest_only_with_trigger' retrieved from /Users/paulamedina/venv/lib/python3.12/site-packages/airflow/example_dags/example_latest_only_with_trigger.py
[2024-05-06T18:17:17.813-0500] {logging_mixin.py:188} INFO - [2024-05-06T18:17:17.813-0500] {dag.py:3096} INFO - Sync 1 DAGs
[2024-05-06T18:17:17.828-0500] {logging_mixin.py:188} INFO - [2024-05-06T18:17:17.828-0500] {dag.py:3954} INFO - Setting next_dagrun for latest_only_with_trigger to 2024-05-06 16:00:00+00:00, run_after=2024-05-06 20:00:00+00:00
[2024-05-06T18:17:17.843-0500] {processor.py:183} INFO - Processing /Users/paulamedina/venv/lib/python3.12/site-packages/airflow/example_dags/example_latest_only_with_trigger.py took 0.136 seconds
[2024-05-06T18:21:11.835-0500] {processor.py:161} INFO - Started process (PID=15981) to work on /Users/paulamedina/venv/lib/python3.12/site-packages/airflow/example_dags/example_latest_only_with_trigger.py
[2024-05-06T18:21:11.836-0500] {processor.py:830} INFO - Processing file /Users/paulamedina/venv/lib/python3.12/site-packages/airflow/example_dags/example_latest_only_with_trigger.py for tasks to queue
[2024-05-06T18:21:11.836-0500] {logging_mixin.py:188} INFO - [2024-05-06T18:21:11.836-0500] {dagbag.py:540} INFO - Filling up the DagBag from /Users/paulamedina/venv/lib/python3.12/site-packages/airflow/example_dags/example_latest_only_with_trigger.py
[2024-05-06T18:21:11.846-0500] {processor.py:840} INFO - DAG(s) 'latest_only_with_trigger' retrieved from /Users/paulamedina/venv/lib/python3.12/site-packages/airflow/example_dags/example_latest_only_with_trigger.py
[2024-05-06T18:21:11.944-0500] {logging_mixin.py:188} INFO - [2024-05-06T18:21:11.943-0500] {dag.py:3096} INFO - Sync 1 DAGs
[2024-05-06T18:21:11.960-0500] {logging_mixin.py:188} INFO - [2024-05-06T18:21:11.960-0500] {dag.py:3954} INFO - Setting next_dagrun for latest_only_with_trigger to 2024-05-06 16:00:00+00:00, run_after=2024-05-06 20:00:00+00:00
[2024-05-06T18:21:11.978-0500] {processor.py:183} INFO - Processing /Users/paulamedina/venv/lib/python3.12/site-packages/airflow/example_dags/example_latest_only_with_trigger.py took 0.145 seconds
[2024-05-06T18:25:20.999-0500] {processor.py:161} INFO - Started process (PID=18441) to work on /Users/paulamedina/venv/lib/python3.12/site-packages/airflow/example_dags/example_latest_only_with_trigger.py
[2024-05-06T18:25:21.001-0500] {processor.py:830} INFO - Processing file /Users/paulamedina/venv/lib/python3.12/site-packages/airflow/example_dags/example_latest_only_with_trigger.py for tasks to queue
[2024-05-06T18:25:21.001-0500] {logging_mixin.py:188} INFO - [2024-05-06T18:25:21.001-0500] {dagbag.py:540} INFO - Filling up the DagBag from /Users/paulamedina/venv/lib/python3.12/site-packages/airflow/example_dags/example_latest_only_with_trigger.py
[2024-05-06T18:25:21.013-0500] {processor.py:840} INFO - DAG(s) 'latest_only_with_trigger' retrieved from /Users/paulamedina/venv/lib/python3.12/site-packages/airflow/example_dags/example_latest_only_with_trigger.py
[2024-05-06T18:25:21.119-0500] {logging_mixin.py:188} INFO - [2024-05-06T18:25:21.118-0500] {dag.py:3096} INFO - Sync 1 DAGs
[2024-05-06T18:25:21.135-0500] {logging_mixin.py:188} INFO - [2024-05-06T18:25:21.135-0500] {dag.py:3954} INFO - Setting next_dagrun for latest_only_with_trigger to 2024-05-06 16:00:00+00:00, run_after=2024-05-06 20:00:00+00:00
[2024-05-06T18:25:21.153-0500] {processor.py:183} INFO - Processing /Users/paulamedina/venv/lib/python3.12/site-packages/airflow/example_dags/example_latest_only_with_trigger.py took 0.157 seconds
[2024-05-06T18:29:18.806-0500] {processor.py:161} INFO - Started process (PID=19300) to work on /Users/paulamedina/venv/lib/python3.12/site-packages/airflow/example_dags/example_latest_only_with_trigger.py
[2024-05-06T18:29:18.808-0500] {processor.py:830} INFO - Processing file /Users/paulamedina/venv/lib/python3.12/site-packages/airflow/example_dags/example_latest_only_with_trigger.py for tasks to queue
[2024-05-06T18:29:18.809-0500] {logging_mixin.py:188} INFO - [2024-05-06T18:29:18.809-0500] {dagbag.py:540} INFO - Filling up the DagBag from /Users/paulamedina/venv/lib/python3.12/site-packages/airflow/example_dags/example_latest_only_with_trigger.py
[2024-05-06T18:29:18.822-0500] {processor.py:840} INFO - DAG(s) 'latest_only_with_trigger' retrieved from /Users/paulamedina/venv/lib/python3.12/site-packages/airflow/example_dags/example_latest_only_with_trigger.py
[2024-05-06T18:29:18.928-0500] {logging_mixin.py:188} INFO - [2024-05-06T18:29:18.928-0500] {dag.py:3096} INFO - Sync 1 DAGs
[2024-05-06T18:29:18.946-0500] {logging_mixin.py:188} INFO - [2024-05-06T18:29:18.946-0500] {dag.py:3954} INFO - Setting next_dagrun for latest_only_with_trigger to 2024-05-06 16:00:00+00:00, run_after=2024-05-06 20:00:00+00:00
[2024-05-06T18:29:18.964-0500] {processor.py:183} INFO - Processing /Users/paulamedina/venv/lib/python3.12/site-packages/airflow/example_dags/example_latest_only_with_trigger.py took 0.161 seconds
[2024-05-06T18:33:31.562-0500] {processor.py:161} INFO - Started process (PID=20224) to work on /Users/paulamedina/venv/lib/python3.12/site-packages/airflow/example_dags/example_latest_only_with_trigger.py
[2024-05-06T18:33:31.564-0500] {processor.py:830} INFO - Processing file /Users/paulamedina/venv/lib/python3.12/site-packages/airflow/example_dags/example_latest_only_with_trigger.py for tasks to queue
[2024-05-06T18:33:31.564-0500] {logging_mixin.py:188} INFO - [2024-05-06T18:33:31.564-0500] {dagbag.py:540} INFO - Filling up the DagBag from /Users/paulamedina/venv/lib/python3.12/site-packages/airflow/example_dags/example_latest_only_with_trigger.py
[2024-05-06T18:33:31.576-0500] {processor.py:840} INFO - DAG(s) 'latest_only_with_trigger' retrieved from /Users/paulamedina/venv/lib/python3.12/site-packages/airflow/example_dags/example_latest_only_with_trigger.py
[2024-05-06T18:33:31.680-0500] {logging_mixin.py:188} INFO - [2024-05-06T18:33:31.680-0500] {dag.py:3096} INFO - Sync 1 DAGs
[2024-05-06T18:33:31.698-0500] {logging_mixin.py:188} INFO - [2024-05-06T18:33:31.698-0500] {dag.py:3954} INFO - Setting next_dagrun for latest_only_with_trigger to 2024-05-06 16:00:00+00:00, run_after=2024-05-06 20:00:00+00:00
[2024-05-06T18:33:31.720-0500] {processor.py:183} INFO - Processing /Users/paulamedina/venv/lib/python3.12/site-packages/airflow/example_dags/example_latest_only_with_trigger.py took 0.160 seconds
[2024-05-06T18:37:28.655-0500] {processor.py:161} INFO - Started process (PID=21067) to work on /Users/paulamedina/venv/lib/python3.12/site-packages/airflow/example_dags/example_latest_only_with_trigger.py
[2024-05-06T18:37:28.657-0500] {processor.py:830} INFO - Processing file /Users/paulamedina/venv/lib/python3.12/site-packages/airflow/example_dags/example_latest_only_with_trigger.py for tasks to queue
[2024-05-06T18:37:28.658-0500] {logging_mixin.py:188} INFO - [2024-05-06T18:37:28.658-0500] {dagbag.py:540} INFO - Filling up the DagBag from /Users/paulamedina/venv/lib/python3.12/site-packages/airflow/example_dags/example_latest_only_with_trigger.py
[2024-05-06T18:37:28.670-0500] {processor.py:840} INFO - DAG(s) 'latest_only_with_trigger' retrieved from /Users/paulamedina/venv/lib/python3.12/site-packages/airflow/example_dags/example_latest_only_with_trigger.py
[2024-05-06T18:37:28.761-0500] {logging_mixin.py:188} INFO - [2024-05-06T18:37:28.761-0500] {dag.py:3096} INFO - Sync 1 DAGs
[2024-05-06T18:37:28.776-0500] {logging_mixin.py:188} INFO - [2024-05-06T18:37:28.776-0500] {dag.py:3954} INFO - Setting next_dagrun for latest_only_with_trigger to 2024-05-06 16:00:00+00:00, run_after=2024-05-06 20:00:00+00:00
[2024-05-06T18:37:28.792-0500] {processor.py:183} INFO - Processing /Users/paulamedina/venv/lib/python3.12/site-packages/airflow/example_dags/example_latest_only_with_trigger.py took 0.140 seconds
[2024-05-06T18:41:18.846-0500] {processor.py:161} INFO - Started process (PID=21903) to work on /Users/paulamedina/venv/lib/python3.12/site-packages/airflow/example_dags/example_latest_only_with_trigger.py
[2024-05-06T18:41:18.848-0500] {processor.py:830} INFO - Processing file /Users/paulamedina/venv/lib/python3.12/site-packages/airflow/example_dags/example_latest_only_with_trigger.py for tasks to queue
[2024-05-06T18:41:18.849-0500] {logging_mixin.py:188} INFO - [2024-05-06T18:41:18.849-0500] {dagbag.py:540} INFO - Filling up the DagBag from /Users/paulamedina/venv/lib/python3.12/site-packages/airflow/example_dags/example_latest_only_with_trigger.py
[2024-05-06T18:41:18.861-0500] {processor.py:840} INFO - DAG(s) 'latest_only_with_trigger' retrieved from /Users/paulamedina/venv/lib/python3.12/site-packages/airflow/example_dags/example_latest_only_with_trigger.py
[2024-05-06T18:41:18.963-0500] {logging_mixin.py:188} INFO - [2024-05-06T18:41:18.962-0500] {dag.py:3096} INFO - Sync 1 DAGs
[2024-05-06T18:41:18.981-0500] {logging_mixin.py:188} INFO - [2024-05-06T18:41:18.981-0500] {dag.py:3954} INFO - Setting next_dagrun for latest_only_with_trigger to 2024-05-06 16:00:00+00:00, run_after=2024-05-06 20:00:00+00:00
[2024-05-06T18:41:18.999-0500] {processor.py:183} INFO - Processing /Users/paulamedina/venv/lib/python3.12/site-packages/airflow/example_dags/example_latest_only_with_trigger.py took 0.155 seconds
[2024-05-06T18:45:14.758-0500] {processor.py:161} INFO - Started process (PID=22832) to work on /Users/paulamedina/venv/lib/python3.12/site-packages/airflow/example_dags/example_latest_only_with_trigger.py
[2024-05-06T18:45:14.759-0500] {processor.py:830} INFO - Processing file /Users/paulamedina/venv/lib/python3.12/site-packages/airflow/example_dags/example_latest_only_with_trigger.py for tasks to queue
[2024-05-06T18:45:14.760-0500] {logging_mixin.py:188} INFO - [2024-05-06T18:45:14.760-0500] {dagbag.py:540} INFO - Filling up the DagBag from /Users/paulamedina/venv/lib/python3.12/site-packages/airflow/example_dags/example_latest_only_with_trigger.py
[2024-05-06T18:45:14.770-0500] {processor.py:840} INFO - DAG(s) 'latest_only_with_trigger' retrieved from /Users/paulamedina/venv/lib/python3.12/site-packages/airflow/example_dags/example_latest_only_with_trigger.py
[2024-05-06T18:45:14.870-0500] {logging_mixin.py:188} INFO - [2024-05-06T18:45:14.870-0500] {dag.py:3096} INFO - Sync 1 DAGs
[2024-05-06T18:45:14.885-0500] {logging_mixin.py:188} INFO - [2024-05-06T18:45:14.885-0500] {dag.py:3954} INFO - Setting next_dagrun for latest_only_with_trigger to 2024-05-06 16:00:00+00:00, run_after=2024-05-06 20:00:00+00:00
[2024-05-06T18:45:14.902-0500] {processor.py:183} INFO - Processing /Users/paulamedina/venv/lib/python3.12/site-packages/airflow/example_dags/example_latest_only_with_trigger.py took 0.147 seconds
[2024-05-06T18:49:30.198-0500] {processor.py:161} INFO - Started process (PID=23749) to work on /Users/paulamedina/venv/lib/python3.12/site-packages/airflow/example_dags/example_latest_only_with_trigger.py
[2024-05-06T18:49:30.200-0500] {processor.py:830} INFO - Processing file /Users/paulamedina/venv/lib/python3.12/site-packages/airflow/example_dags/example_latest_only_with_trigger.py for tasks to queue
[2024-05-06T18:49:30.201-0500] {logging_mixin.py:188} INFO - [2024-05-06T18:49:30.201-0500] {dagbag.py:540} INFO - Filling up the DagBag from /Users/paulamedina/venv/lib/python3.12/site-packages/airflow/example_dags/example_latest_only_with_trigger.py
[2024-05-06T18:49:30.211-0500] {processor.py:840} INFO - DAG(s) 'latest_only_with_trigger' retrieved from /Users/paulamedina/venv/lib/python3.12/site-packages/airflow/example_dags/example_latest_only_with_trigger.py
[2024-05-06T18:49:30.309-0500] {logging_mixin.py:188} INFO - [2024-05-06T18:49:30.309-0500] {dag.py:3096} INFO - Sync 1 DAGs
[2024-05-06T18:49:30.325-0500] {logging_mixin.py:188} INFO - [2024-05-06T18:49:30.325-0500] {dag.py:3954} INFO - Setting next_dagrun for latest_only_with_trigger to 2024-05-06 16:00:00+00:00, run_after=2024-05-06 20:00:00+00:00
[2024-05-06T18:49:30.343-0500] {processor.py:183} INFO - Processing /Users/paulamedina/venv/lib/python3.12/site-packages/airflow/example_dags/example_latest_only_with_trigger.py took 0.147 seconds
[2024-05-06T18:53:23.985-0500] {processor.py:161} INFO - Started process (PID=24582) to work on /Users/paulamedina/venv/lib/python3.12/site-packages/airflow/example_dags/example_latest_only_with_trigger.py
[2024-05-06T18:53:23.986-0500] {processor.py:830} INFO - Processing file /Users/paulamedina/venv/lib/python3.12/site-packages/airflow/example_dags/example_latest_only_with_trigger.py for tasks to queue
[2024-05-06T18:53:23.987-0500] {logging_mixin.py:188} INFO - [2024-05-06T18:53:23.986-0500] {dagbag.py:540} INFO - Filling up the DagBag from /Users/paulamedina/venv/lib/python3.12/site-packages/airflow/example_dags/example_latest_only_with_trigger.py
[2024-05-06T18:53:23.996-0500] {processor.py:840} INFO - DAG(s) 'latest_only_with_trigger' retrieved from /Users/paulamedina/venv/lib/python3.12/site-packages/airflow/example_dags/example_latest_only_with_trigger.py
[2024-05-06T18:53:24.091-0500] {logging_mixin.py:188} INFO - [2024-05-06T18:53:24.090-0500] {dag.py:3096} INFO - Sync 1 DAGs
[2024-05-06T18:53:24.106-0500] {logging_mixin.py:188} INFO - [2024-05-06T18:53:24.105-0500] {dag.py:3954} INFO - Setting next_dagrun for latest_only_with_trigger to 2024-05-06 16:00:00+00:00, run_after=2024-05-06 20:00:00+00:00
[2024-05-06T18:53:24.122-0500] {processor.py:183} INFO - Processing /Users/paulamedina/venv/lib/python3.12/site-packages/airflow/example_dags/example_latest_only_with_trigger.py took 0.140 seconds
[2024-05-06T18:57:51.484-0500] {processor.py:161} INFO - Started process (PID=25525) to work on /Users/paulamedina/venv/lib/python3.12/site-packages/airflow/example_dags/example_latest_only_with_trigger.py
[2024-05-06T18:57:51.487-0500] {processor.py:830} INFO - Processing file /Users/paulamedina/venv/lib/python3.12/site-packages/airflow/example_dags/example_latest_only_with_trigger.py for tasks to queue
[2024-05-06T18:57:51.487-0500] {logging_mixin.py:188} INFO - [2024-05-06T18:57:51.487-0500] {dagbag.py:540} INFO - Filling up the DagBag from /Users/paulamedina/venv/lib/python3.12/site-packages/airflow/example_dags/example_latest_only_with_trigger.py
[2024-05-06T18:57:51.496-0500] {processor.py:840} INFO - DAG(s) 'latest_only_with_trigger' retrieved from /Users/paulamedina/venv/lib/python3.12/site-packages/airflow/example_dags/example_latest_only_with_trigger.py
[2024-05-06T18:57:51.581-0500] {logging_mixin.py:188} INFO - [2024-05-06T18:57:51.581-0500] {dag.py:3096} INFO - Sync 1 DAGs
[2024-05-06T18:57:51.594-0500] {logging_mixin.py:188} INFO - [2024-05-06T18:57:51.594-0500] {dag.py:3954} INFO - Setting next_dagrun for latest_only_with_trigger to 2024-05-06 16:00:00+00:00, run_after=2024-05-06 20:00:00+00:00
[2024-05-06T18:57:51.608-0500] {processor.py:183} INFO - Processing /Users/paulamedina/venv/lib/python3.12/site-packages/airflow/example_dags/example_latest_only_with_trigger.py took 0.126 seconds
