[2024-05-06T18:11:37.247-0500] {processor.py:161} INFO - Started process (PID=8165) to work on /Users/paulamedina/venv/lib/python3.12/site-packages/airflow/example_dags/example_branch_datetime_operator.py
[2024-05-06T18:11:37.249-0500] {processor.py:830} INFO - Processing file /Users/paulamedina/venv/lib/python3.12/site-packages/airflow/example_dags/example_branch_datetime_operator.py for tasks to queue
[2024-05-06T18:11:37.249-0500] {logging_mixin.py:188} INFO - [2024-05-06T18:11:37.249-0500] {dagbag.py:540} INFO - Filling up the DagBag from /Users/paulamedina/venv/lib/python3.12/site-packages/airflow/example_dags/example_branch_datetime_operator.py
[2024-05-06T18:11:37.262-0500] {processor.py:840} INFO - DAG(s) 'example_branch_datetime_operator', 'example_branch_datetime_operator_3', 'example_branch_datetime_operator_2' retrieved from /Users/paulamedina/venv/lib/python3.12/site-packages/airflow/example_dags/example_branch_datetime_operator.py
[2024-05-06T18:11:37.445-0500] {logging_mixin.py:188} INFO - [2024-05-06T18:11:37.444-0500] {dag.py:3096} INFO - Sync 3 DAGs
[2024-05-06T18:11:37.459-0500] {logging_mixin.py:188} INFO - [2024-05-06T18:11:37.459-0500] {dag.py:3954} INFO - Setting next_dagrun for example_branch_datetime_operator to 2024-05-05 00:00:00+00:00, run_after=2024-05-06 00:00:00+00:00
[2024-05-06T18:11:37.462-0500] {logging_mixin.py:188} INFO - [2024-05-06T18:11:37.462-0500] {dag.py:3954} INFO - Setting next_dagrun for example_branch_datetime_operator_2 to 2024-05-05 00:00:00+00:00, run_after=2024-05-06 00:00:00+00:00
[2024-05-06T18:11:37.464-0500] {logging_mixin.py:188} INFO - [2024-05-06T18:11:37.464-0500] {dag.py:3954} INFO - Setting next_dagrun for example_branch_datetime_operator_3 to 2024-05-05 00:00:00+00:00, run_after=2024-05-06 00:00:00+00:00
[2024-05-06T18:11:37.479-0500] {processor.py:183} INFO - Processing /Users/paulamedina/venv/lib/python3.12/site-packages/airflow/example_dags/example_branch_datetime_operator.py took 0.234 seconds
[2024-05-06T18:15:28.406-0500] {processor.py:161} INFO - Started process (PID=11288) to work on /Users/paulamedina/venv/lib/python3.12/site-packages/airflow/example_dags/example_branch_datetime_operator.py
[2024-05-06T18:15:28.407-0500] {processor.py:830} INFO - Processing file /Users/paulamedina/venv/lib/python3.12/site-packages/airflow/example_dags/example_branch_datetime_operator.py for tasks to queue
[2024-05-06T18:15:28.408-0500] {logging_mixin.py:188} INFO - [2024-05-06T18:15:28.408-0500] {dagbag.py:540} INFO - Filling up the DagBag from /Users/paulamedina/venv/lib/python3.12/site-packages/airflow/example_dags/example_branch_datetime_operator.py
[2024-05-06T18:15:28.423-0500] {processor.py:840} INFO - DAG(s) 'example_branch_datetime_operator_2', 'example_branch_datetime_operator_3', 'example_branch_datetime_operator' retrieved from /Users/paulamedina/venv/lib/python3.12/site-packages/airflow/example_dags/example_branch_datetime_operator.py
[2024-05-06T18:15:28.532-0500] {logging_mixin.py:188} INFO - [2024-05-06T18:15:28.532-0500] {dag.py:3096} INFO - Sync 3 DAGs
[2024-05-06T18:15:28.550-0500] {logging_mixin.py:188} INFO - [2024-05-06T18:15:28.550-0500] {dag.py:3954} INFO - Setting next_dagrun for example_branch_datetime_operator to 2024-05-05 00:00:00+00:00, run_after=2024-05-06 00:00:00+00:00
[2024-05-06T18:15:28.555-0500] {logging_mixin.py:188} INFO - [2024-05-06T18:15:28.554-0500] {dag.py:3954} INFO - Setting next_dagrun for example_branch_datetime_operator_2 to 2024-05-05 00:00:00+00:00, run_after=2024-05-06 00:00:00+00:00
[2024-05-06T18:15:28.557-0500] {logging_mixin.py:188} INFO - [2024-05-06T18:15:28.556-0500] {dag.py:3954} INFO - Setting next_dagrun for example_branch_datetime_operator_3 to 2024-05-05 00:00:00+00:00, run_after=2024-05-06 00:00:00+00:00
[2024-05-06T18:15:28.575-0500] {processor.py:183} INFO - Processing /Users/paulamedina/venv/lib/python3.12/site-packages/airflow/example_dags/example_branch_datetime_operator.py took 0.171 seconds
[2024-05-06T18:19:19.989-0500] {processor.py:161} INFO - Started process (PID=14431) to work on /Users/paulamedina/venv/lib/python3.12/site-packages/airflow/example_dags/example_branch_datetime_operator.py
[2024-05-06T18:19:19.990-0500] {processor.py:830} INFO - Processing file /Users/paulamedina/venv/lib/python3.12/site-packages/airflow/example_dags/example_branch_datetime_operator.py for tasks to queue
[2024-05-06T18:19:19.991-0500] {logging_mixin.py:188} INFO - [2024-05-06T18:19:19.991-0500] {dagbag.py:540} INFO - Filling up the DagBag from /Users/paulamedina/venv/lib/python3.12/site-packages/airflow/example_dags/example_branch_datetime_operator.py
[2024-05-06T18:19:20.008-0500] {processor.py:840} INFO - DAG(s) 'example_branch_datetime_operator_3', 'example_branch_datetime_operator_2', 'example_branch_datetime_operator' retrieved from /Users/paulamedina/venv/lib/python3.12/site-packages/airflow/example_dags/example_branch_datetime_operator.py
[2024-05-06T18:19:20.127-0500] {logging_mixin.py:188} INFO - [2024-05-06T18:19:20.127-0500] {dag.py:3096} INFO - Sync 3 DAGs
[2024-05-06T18:19:20.148-0500] {logging_mixin.py:188} INFO - [2024-05-06T18:19:20.147-0500] {dag.py:3954} INFO - Setting next_dagrun for example_branch_datetime_operator to 2024-05-05 00:00:00+00:00, run_after=2024-05-06 00:00:00+00:00
[2024-05-06T18:19:20.153-0500] {logging_mixin.py:188} INFO - [2024-05-06T18:19:20.152-0500] {dag.py:3954} INFO - Setting next_dagrun for example_branch_datetime_operator_2 to 2024-05-05 00:00:00+00:00, run_after=2024-05-06 00:00:00+00:00
[2024-05-06T18:19:20.156-0500] {logging_mixin.py:188} INFO - [2024-05-06T18:19:20.155-0500] {dag.py:3954} INFO - Setting next_dagrun for example_branch_datetime_operator_3 to 2024-05-05 00:00:00+00:00, run_after=2024-05-06 00:00:00+00:00
[2024-05-06T18:19:20.175-0500] {processor.py:183} INFO - Processing /Users/paulamedina/venv/lib/python3.12/site-packages/airflow/example_dags/example_branch_datetime_operator.py took 0.191 seconds
[2024-05-06T18:23:44.347-0500] {processor.py:161} INFO - Started process (PID=18105) to work on /Users/paulamedina/venv/lib/python3.12/site-packages/airflow/example_dags/example_branch_datetime_operator.py
[2024-05-06T18:23:44.349-0500] {processor.py:830} INFO - Processing file /Users/paulamedina/venv/lib/python3.12/site-packages/airflow/example_dags/example_branch_datetime_operator.py for tasks to queue
[2024-05-06T18:23:44.350-0500] {logging_mixin.py:188} INFO - [2024-05-06T18:23:44.350-0500] {dagbag.py:540} INFO - Filling up the DagBag from /Users/paulamedina/venv/lib/python3.12/site-packages/airflow/example_dags/example_branch_datetime_operator.py
[2024-05-06T18:23:44.368-0500] {processor.py:840} INFO - DAG(s) 'example_branch_datetime_operator_3', 'example_branch_datetime_operator_2', 'example_branch_datetime_operator' retrieved from /Users/paulamedina/venv/lib/python3.12/site-packages/airflow/example_dags/example_branch_datetime_operator.py
[2024-05-06T18:23:44.495-0500] {logging_mixin.py:188} INFO - [2024-05-06T18:23:44.494-0500] {dag.py:3096} INFO - Sync 3 DAGs
[2024-05-06T18:23:44.516-0500] {logging_mixin.py:188} INFO - [2024-05-06T18:23:44.516-0500] {dag.py:3954} INFO - Setting next_dagrun for example_branch_datetime_operator to 2024-05-05 00:00:00+00:00, run_after=2024-05-06 00:00:00+00:00
[2024-05-06T18:23:44.521-0500] {logging_mixin.py:188} INFO - [2024-05-06T18:23:44.521-0500] {dag.py:3954} INFO - Setting next_dagrun for example_branch_datetime_operator_2 to 2024-05-05 00:00:00+00:00, run_after=2024-05-06 00:00:00+00:00
[2024-05-06T18:23:44.523-0500] {logging_mixin.py:188} INFO - [2024-05-06T18:23:44.523-0500] {dag.py:3954} INFO - Setting next_dagrun for example_branch_datetime_operator_3 to 2024-05-05 00:00:00+00:00, run_after=2024-05-06 00:00:00+00:00
[2024-05-06T18:23:44.542-0500] {processor.py:183} INFO - Processing /Users/paulamedina/venv/lib/python3.12/site-packages/airflow/example_dags/example_branch_datetime_operator.py took 0.198 seconds
[2024-05-06T18:27:34.496-0500] {processor.py:161} INFO - Started process (PID=18928) to work on /Users/paulamedina/venv/lib/python3.12/site-packages/airflow/example_dags/example_branch_datetime_operator.py
[2024-05-06T18:27:34.498-0500] {processor.py:830} INFO - Processing file /Users/paulamedina/venv/lib/python3.12/site-packages/airflow/example_dags/example_branch_datetime_operator.py for tasks to queue
[2024-05-06T18:27:34.499-0500] {logging_mixin.py:188} INFO - [2024-05-06T18:27:34.499-0500] {dagbag.py:540} INFO - Filling up the DagBag from /Users/paulamedina/venv/lib/python3.12/site-packages/airflow/example_dags/example_branch_datetime_operator.py
[2024-05-06T18:27:34.518-0500] {processor.py:840} INFO - DAG(s) 'example_branch_datetime_operator_2', 'example_branch_datetime_operator_3', 'example_branch_datetime_operator' retrieved from /Users/paulamedina/venv/lib/python3.12/site-packages/airflow/example_dags/example_branch_datetime_operator.py
[2024-05-06T18:27:34.696-0500] {logging_mixin.py:188} INFO - [2024-05-06T18:27:34.696-0500] {dag.py:3096} INFO - Sync 3 DAGs
[2024-05-06T18:27:34.718-0500] {logging_mixin.py:188} INFO - [2024-05-06T18:27:34.718-0500] {dag.py:3954} INFO - Setting next_dagrun for example_branch_datetime_operator to 2024-05-05 00:00:00+00:00, run_after=2024-05-06 00:00:00+00:00
[2024-05-06T18:27:34.724-0500] {logging_mixin.py:188} INFO - [2024-05-06T18:27:34.723-0500] {dag.py:3954} INFO - Setting next_dagrun for example_branch_datetime_operator_2 to 2024-05-05 00:00:00+00:00, run_after=2024-05-06 00:00:00+00:00
[2024-05-06T18:27:34.726-0500] {logging_mixin.py:188} INFO - [2024-05-06T18:27:34.726-0500] {dag.py:3954} INFO - Setting next_dagrun for example_branch_datetime_operator_3 to 2024-05-05 00:00:00+00:00, run_after=2024-05-06 00:00:00+00:00
[2024-05-06T18:27:34.745-0500] {processor.py:183} INFO - Processing /Users/paulamedina/venv/lib/python3.12/site-packages/airflow/example_dags/example_branch_datetime_operator.py took 0.253 seconds
[2024-05-06T18:31:43.608-0500] {processor.py:161} INFO - Started process (PID=19820) to work on /Users/paulamedina/venv/lib/python3.12/site-packages/airflow/example_dags/example_branch_datetime_operator.py
[2024-05-06T18:31:43.609-0500] {processor.py:830} INFO - Processing file /Users/paulamedina/venv/lib/python3.12/site-packages/airflow/example_dags/example_branch_datetime_operator.py for tasks to queue
[2024-05-06T18:31:43.609-0500] {logging_mixin.py:188} INFO - [2024-05-06T18:31:43.609-0500] {dagbag.py:540} INFO - Filling up the DagBag from /Users/paulamedina/venv/lib/python3.12/site-packages/airflow/example_dags/example_branch_datetime_operator.py
[2024-05-06T18:31:43.623-0500] {processor.py:840} INFO - DAG(s) 'example_branch_datetime_operator', 'example_branch_datetime_operator_3', 'example_branch_datetime_operator_2' retrieved from /Users/paulamedina/venv/lib/python3.12/site-packages/airflow/example_dags/example_branch_datetime_operator.py
[2024-05-06T18:31:43.720-0500] {logging_mixin.py:188} INFO - [2024-05-06T18:31:43.720-0500] {dag.py:3096} INFO - Sync 3 DAGs
[2024-05-06T18:31:43.737-0500] {logging_mixin.py:188} INFO - [2024-05-06T18:31:43.737-0500] {dag.py:3954} INFO - Setting next_dagrun for example_branch_datetime_operator to 2024-05-05 00:00:00+00:00, run_after=2024-05-06 00:00:00+00:00
[2024-05-06T18:31:43.741-0500] {logging_mixin.py:188} INFO - [2024-05-06T18:31:43.741-0500] {dag.py:3954} INFO - Setting next_dagrun for example_branch_datetime_operator_2 to 2024-05-05 00:00:00+00:00, run_after=2024-05-06 00:00:00+00:00
[2024-05-06T18:31:43.743-0500] {logging_mixin.py:188} INFO - [2024-05-06T18:31:43.743-0500] {dag.py:3954} INFO - Setting next_dagrun for example_branch_datetime_operator_3 to 2024-05-05 00:00:00+00:00, run_after=2024-05-06 00:00:00+00:00
[2024-05-06T18:31:43.757-0500] {processor.py:183} INFO - Processing /Users/paulamedina/venv/lib/python3.12/site-packages/airflow/example_dags/example_branch_datetime_operator.py took 0.151 seconds
[2024-05-06T18:35:44.037-0500] {processor.py:161} INFO - Started process (PID=20687) to work on /Users/paulamedina/venv/lib/python3.12/site-packages/airflow/example_dags/example_branch_datetime_operator.py
[2024-05-06T18:35:44.038-0500] {processor.py:830} INFO - Processing file /Users/paulamedina/venv/lib/python3.12/site-packages/airflow/example_dags/example_branch_datetime_operator.py for tasks to queue
[2024-05-06T18:35:44.039-0500] {logging_mixin.py:188} INFO - [2024-05-06T18:35:44.038-0500] {dagbag.py:540} INFO - Filling up the DagBag from /Users/paulamedina/venv/lib/python3.12/site-packages/airflow/example_dags/example_branch_datetime_operator.py
[2024-05-06T18:35:44.054-0500] {processor.py:840} INFO - DAG(s) 'example_branch_datetime_operator_3', 'example_branch_datetime_operator', 'example_branch_datetime_operator_2' retrieved from /Users/paulamedina/venv/lib/python3.12/site-packages/airflow/example_dags/example_branch_datetime_operator.py
[2024-05-06T18:35:44.153-0500] {logging_mixin.py:188} INFO - [2024-05-06T18:35:44.153-0500] {dag.py:3096} INFO - Sync 3 DAGs
[2024-05-06T18:35:44.167-0500] {logging_mixin.py:188} INFO - [2024-05-06T18:35:44.167-0500] {dag.py:3954} INFO - Setting next_dagrun for example_branch_datetime_operator to 2024-05-05 00:00:00+00:00, run_after=2024-05-06 00:00:00+00:00
[2024-05-06T18:35:44.170-0500] {logging_mixin.py:188} INFO - [2024-05-06T18:35:44.170-0500] {dag.py:3954} INFO - Setting next_dagrun for example_branch_datetime_operator_2 to 2024-05-05 00:00:00+00:00, run_after=2024-05-06 00:00:00+00:00
[2024-05-06T18:35:44.172-0500] {logging_mixin.py:188} INFO - [2024-05-06T18:35:44.172-0500] {dag.py:3954} INFO - Setting next_dagrun for example_branch_datetime_operator_3 to 2024-05-05 00:00:00+00:00, run_after=2024-05-06 00:00:00+00:00
[2024-05-06T18:35:44.184-0500] {processor.py:183} INFO - Processing /Users/paulamedina/venv/lib/python3.12/site-packages/airflow/example_dags/example_branch_datetime_operator.py took 0.150 seconds
[2024-05-06T18:39:37.668-0500] {processor.py:161} INFO - Started process (PID=21534) to work on /Users/paulamedina/venv/lib/python3.12/site-packages/airflow/example_dags/example_branch_datetime_operator.py
[2024-05-06T18:39:37.670-0500] {processor.py:830} INFO - Processing file /Users/paulamedina/venv/lib/python3.12/site-packages/airflow/example_dags/example_branch_datetime_operator.py for tasks to queue
[2024-05-06T18:39:37.671-0500] {logging_mixin.py:188} INFO - [2024-05-06T18:39:37.671-0500] {dagbag.py:540} INFO - Filling up the DagBag from /Users/paulamedina/venv/lib/python3.12/site-packages/airflow/example_dags/example_branch_datetime_operator.py
[2024-05-06T18:39:37.691-0500] {processor.py:840} INFO - DAG(s) 'example_branch_datetime_operator', 'example_branch_datetime_operator_3', 'example_branch_datetime_operator_2' retrieved from /Users/paulamedina/venv/lib/python3.12/site-packages/airflow/example_dags/example_branch_datetime_operator.py
[2024-05-06T18:39:37.802-0500] {logging_mixin.py:188} INFO - [2024-05-06T18:39:37.802-0500] {dag.py:3096} INFO - Sync 3 DAGs
[2024-05-06T18:39:37.821-0500] {logging_mixin.py:188} INFO - [2024-05-06T18:39:37.820-0500] {dag.py:3954} INFO - Setting next_dagrun for example_branch_datetime_operator to 2024-05-05 00:00:00+00:00, run_after=2024-05-06 00:00:00+00:00
[2024-05-06T18:39:37.825-0500] {logging_mixin.py:188} INFO - [2024-05-06T18:39:37.825-0500] {dag.py:3954} INFO - Setting next_dagrun for example_branch_datetime_operator_2 to 2024-05-05 00:00:00+00:00, run_after=2024-05-06 00:00:00+00:00
[2024-05-06T18:39:37.827-0500] {logging_mixin.py:188} INFO - [2024-05-06T18:39:37.827-0500] {dag.py:3954} INFO - Setting next_dagrun for example_branch_datetime_operator_3 to 2024-05-05 00:00:00+00:00, run_after=2024-05-06 00:00:00+00:00
[2024-05-06T18:39:37.844-0500] {processor.py:183} INFO - Processing /Users/paulamedina/venv/lib/python3.12/site-packages/airflow/example_dags/example_branch_datetime_operator.py took 0.178 seconds
[2024-05-06T18:43:39.860-0500] {processor.py:161} INFO - Started process (PID=22493) to work on /Users/paulamedina/venv/lib/python3.12/site-packages/airflow/example_dags/example_branch_datetime_operator.py
[2024-05-06T18:43:39.862-0500] {processor.py:830} INFO - Processing file /Users/paulamedina/venv/lib/python3.12/site-packages/airflow/example_dags/example_branch_datetime_operator.py for tasks to queue
[2024-05-06T18:43:39.863-0500] {logging_mixin.py:188} INFO - [2024-05-06T18:43:39.862-0500] {dagbag.py:540} INFO - Filling up the DagBag from /Users/paulamedina/venv/lib/python3.12/site-packages/airflow/example_dags/example_branch_datetime_operator.py
[2024-05-06T18:43:39.879-0500] {processor.py:840} INFO - DAG(s) 'example_branch_datetime_operator_3', 'example_branch_datetime_operator_2', 'example_branch_datetime_operator' retrieved from /Users/paulamedina/venv/lib/python3.12/site-packages/airflow/example_dags/example_branch_datetime_operator.py
[2024-05-06T18:43:39.972-0500] {logging_mixin.py:188} INFO - [2024-05-06T18:43:39.972-0500] {dag.py:3096} INFO - Sync 3 DAGs
[2024-05-06T18:43:39.988-0500] {logging_mixin.py:188} INFO - [2024-05-06T18:43:39.988-0500] {dag.py:3954} INFO - Setting next_dagrun for example_branch_datetime_operator to 2024-05-05 00:00:00+00:00, run_after=2024-05-06 00:00:00+00:00
[2024-05-06T18:43:39.991-0500] {logging_mixin.py:188} INFO - [2024-05-06T18:43:39.991-0500] {dag.py:3954} INFO - Setting next_dagrun for example_branch_datetime_operator_2 to 2024-05-05 00:00:00+00:00, run_after=2024-05-06 00:00:00+00:00
[2024-05-06T18:43:39.993-0500] {logging_mixin.py:188} INFO - [2024-05-06T18:43:39.993-0500] {dag.py:3954} INFO - Setting next_dagrun for example_branch_datetime_operator_3 to 2024-05-05 00:00:00+00:00, run_after=2024-05-06 00:00:00+00:00
[2024-05-06T18:43:40.007-0500] {processor.py:183} INFO - Processing /Users/paulamedina/venv/lib/python3.12/site-packages/airflow/example_dags/example_branch_datetime_operator.py took 0.149 seconds
[2024-05-06T18:47:38.275-0500] {processor.py:161} INFO - Started process (PID=23345) to work on /Users/paulamedina/venv/lib/python3.12/site-packages/airflow/example_dags/example_branch_datetime_operator.py
[2024-05-06T18:47:38.277-0500] {processor.py:830} INFO - Processing file /Users/paulamedina/venv/lib/python3.12/site-packages/airflow/example_dags/example_branch_datetime_operator.py for tasks to queue
[2024-05-06T18:47:38.278-0500] {logging_mixin.py:188} INFO - [2024-05-06T18:47:38.277-0500] {dagbag.py:540} INFO - Filling up the DagBag from /Users/paulamedina/venv/lib/python3.12/site-packages/airflow/example_dags/example_branch_datetime_operator.py
[2024-05-06T18:47:38.291-0500] {processor.py:840} INFO - DAG(s) 'example_branch_datetime_operator_2', 'example_branch_datetime_operator_3', 'example_branch_datetime_operator' retrieved from /Users/paulamedina/venv/lib/python3.12/site-packages/airflow/example_dags/example_branch_datetime_operator.py
[2024-05-06T18:47:38.386-0500] {logging_mixin.py:188} INFO - [2024-05-06T18:47:38.386-0500] {dag.py:3096} INFO - Sync 3 DAGs
[2024-05-06T18:47:38.403-0500] {logging_mixin.py:188} INFO - [2024-05-06T18:47:38.403-0500] {dag.py:3954} INFO - Setting next_dagrun for example_branch_datetime_operator to 2024-05-05 00:00:00+00:00, run_after=2024-05-06 00:00:00+00:00
[2024-05-06T18:47:38.407-0500] {logging_mixin.py:188} INFO - [2024-05-06T18:47:38.407-0500] {dag.py:3954} INFO - Setting next_dagrun for example_branch_datetime_operator_2 to 2024-05-05 00:00:00+00:00, run_after=2024-05-06 00:00:00+00:00
[2024-05-06T18:47:38.409-0500] {logging_mixin.py:188} INFO - [2024-05-06T18:47:38.409-0500] {dag.py:3954} INFO - Setting next_dagrun for example_branch_datetime_operator_3 to 2024-05-05 00:00:00+00:00, run_after=2024-05-06 00:00:00+00:00
[2024-05-06T18:47:38.424-0500] {processor.py:183} INFO - Processing /Users/paulamedina/venv/lib/python3.12/site-packages/airflow/example_dags/example_branch_datetime_operator.py took 0.151 seconds
[2024-05-06T18:51:42.623-0500] {processor.py:161} INFO - Started process (PID=24219) to work on /Users/paulamedina/venv/lib/python3.12/site-packages/airflow/example_dags/example_branch_datetime_operator.py
[2024-05-06T18:51:42.624-0500] {processor.py:830} INFO - Processing file /Users/paulamedina/venv/lib/python3.12/site-packages/airflow/example_dags/example_branch_datetime_operator.py for tasks to queue
[2024-05-06T18:51:42.625-0500] {logging_mixin.py:188} INFO - [2024-05-06T18:51:42.625-0500] {dagbag.py:540} INFO - Filling up the DagBag from /Users/paulamedina/venv/lib/python3.12/site-packages/airflow/example_dags/example_branch_datetime_operator.py
[2024-05-06T18:51:42.640-0500] {processor.py:840} INFO - DAG(s) 'example_branch_datetime_operator_2', 'example_branch_datetime_operator', 'example_branch_datetime_operator_3' retrieved from /Users/paulamedina/venv/lib/python3.12/site-packages/airflow/example_dags/example_branch_datetime_operator.py
[2024-05-06T18:51:42.734-0500] {logging_mixin.py:188} INFO - [2024-05-06T18:51:42.734-0500] {dag.py:3096} INFO - Sync 3 DAGs
[2024-05-06T18:51:42.749-0500] {logging_mixin.py:188} INFO - [2024-05-06T18:51:42.749-0500] {dag.py:3954} INFO - Setting next_dagrun for example_branch_datetime_operator to 2024-05-05 00:00:00+00:00, run_after=2024-05-06 00:00:00+00:00
[2024-05-06T18:51:42.753-0500] {logging_mixin.py:188} INFO - [2024-05-06T18:51:42.753-0500] {dag.py:3954} INFO - Setting next_dagrun for example_branch_datetime_operator_2 to 2024-05-05 00:00:00+00:00, run_after=2024-05-06 00:00:00+00:00
[2024-05-06T18:51:42.754-0500] {logging_mixin.py:188} INFO - [2024-05-06T18:51:42.754-0500] {dag.py:3954} INFO - Setting next_dagrun for example_branch_datetime_operator_3 to 2024-05-05 00:00:00+00:00, run_after=2024-05-06 00:00:00+00:00
[2024-05-06T18:51:42.767-0500] {processor.py:183} INFO - Processing /Users/paulamedina/venv/lib/python3.12/site-packages/airflow/example_dags/example_branch_datetime_operator.py took 0.146 seconds
[2024-05-06T18:55:42.825-0500] {processor.py:161} INFO - Started process (PID=25067) to work on /Users/paulamedina/venv/lib/python3.12/site-packages/airflow/example_dags/example_branch_datetime_operator.py
[2024-05-06T18:55:42.828-0500] {processor.py:830} INFO - Processing file /Users/paulamedina/venv/lib/python3.12/site-packages/airflow/example_dags/example_branch_datetime_operator.py for tasks to queue
[2024-05-06T18:55:42.829-0500] {logging_mixin.py:188} INFO - [2024-05-06T18:55:42.828-0500] {dagbag.py:540} INFO - Filling up the DagBag from /Users/paulamedina/venv/lib/python3.12/site-packages/airflow/example_dags/example_branch_datetime_operator.py
[2024-05-06T18:55:42.857-0500] {processor.py:840} INFO - DAG(s) 'example_branch_datetime_operator_2', 'example_branch_datetime_operator', 'example_branch_datetime_operator_3' retrieved from /Users/paulamedina/venv/lib/python3.12/site-packages/airflow/example_dags/example_branch_datetime_operator.py
[2024-05-06T18:55:43.068-0500] {logging_mixin.py:188} INFO - [2024-05-06T18:55:43.068-0500] {dag.py:3096} INFO - Sync 3 DAGs
[2024-05-06T18:55:43.104-0500] {logging_mixin.py:188} INFO - [2024-05-06T18:55:43.104-0500] {dag.py:3954} INFO - Setting next_dagrun for example_branch_datetime_operator to 2024-05-05 00:00:00+00:00, run_after=2024-05-06 00:00:00+00:00
[2024-05-06T18:55:43.112-0500] {logging_mixin.py:188} INFO - [2024-05-06T18:55:43.111-0500] {dag.py:3954} INFO - Setting next_dagrun for example_branch_datetime_operator_2 to 2024-05-05 00:00:00+00:00, run_after=2024-05-06 00:00:00+00:00
[2024-05-06T18:55:43.116-0500] {logging_mixin.py:188} INFO - [2024-05-06T18:55:43.115-0500] {dag.py:3954} INFO - Setting next_dagrun for example_branch_datetime_operator_3 to 2024-05-05 00:00:00+00:00, run_after=2024-05-06 00:00:00+00:00
[2024-05-06T18:55:43.144-0500] {processor.py:183} INFO - Processing /Users/paulamedina/venv/lib/python3.12/site-packages/airflow/example_dags/example_branch_datetime_operator.py took 0.324 seconds
