[2024-05-06T22:00:01.614-0500] {local_task_job_runner.py:120} INFO - ::group::Pre task execution logs
[2024-05-06T22:00:01.668-0500] {taskinstance.py:2073} INFO - Dependencies all met for dep_context=non-requeueable deps ti=<TaskInstance: mysql_to_excel_report.export_to_excel manual__2024-05-07T02:57:26.744042+00:00 [queued]>
[2024-05-06T22:00:01.687-0500] {taskinstance.py:2073} INFO - Dependencies all met for dep_context=requeueable deps ti=<TaskInstance: mysql_to_excel_report.export_to_excel manual__2024-05-07T02:57:26.744042+00:00 [queued]>
[2024-05-06T22:00:01.689-0500] {taskinstance.py:2303} INFO - Starting attempt 3 of 3
[2024-05-06T22:00:01.721-0500] {taskinstance.py:2327} INFO - Executing <Task(PythonOperator): export_to_excel> on 2024-05-07 02:57:26.744042+00:00
[2024-05-06T22:00:01.730-0500] {standard_task_runner.py:63} INFO - Started process 66105 to run task
[2024-05-06T22:00:01.745-0500] {standard_task_runner.py:90} INFO - Running: ['airflow', 'tasks', 'run', 'mysql_to_excel_report', 'export_to_excel', 'manual__2024-05-07T02:57:26.744042+00:00', '--job-id', '14', '--raw', '--subdir', 'DAGS_FOLDER/first.py', '--cfg-path', '/var/folders/rk/p8h75rkd3ql6mqn01ypzqgnw0000gn/T/tmpo5mn2in6']
[2024-05-06T22:00:01.751-0500] {standard_task_runner.py:91} INFO - Job 14: Subtask export_to_excel
[2024-05-06T22:00:01.879-0500] {task_command.py:426} INFO - Running <TaskInstance: mysql_to_excel_report.export_to_excel manual__2024-05-07T02:57:26.744042+00:00 [running]> on host colpc-c02ylanslvcf.local
[2024-05-06T22:00:02.340-0500] {taskinstance.py:2644} INFO - Exporting env vars: AIRFLOW_CTX_DAG_OWNER='airflow' AIRFLOW_CTX_DAG_ID='mysql_to_excel_report' AIRFLOW_CTX_TASK_ID='export_to_excel' AIRFLOW_CTX_EXECUTION_DATE='2024-05-07T02:57:26.744042+00:00' AIRFLOW_CTX_TRY_NUMBER='3' AIRFLOW_CTX_DAG_RUN_ID='manual__2024-05-07T02:57:26.744042+00:00'
[2024-05-06T22:00:02.342-0500] {taskinstance.py:430} INFO - ::endgroup::
[2024-05-06T22:00:02.354-0500] {base.py:84} INFO - Using connection ID 'mysql_ecommerce' for task execution.
[2024-05-06T22:00:02.380-0500] {logging_mixin.py:188} WARNING - /Users/paulamedina/airflow/dags/first.py:15 UserWarning: pandas only supports SQLAlchemy connectable (engine/connection) or database string URI or sqlite3 DBAPI2 connection. Other DBAPI2 objects are not tested. Please consider using SQLAlchemy.
[2024-05-06T22:00:03.084-0500] {logging_mixin.py:188} INFO - Exported data to Excel successfully.
[2024-05-06T22:00:03.086-0500] {python.py:237} INFO - Done. Returned value was: None
[2024-05-06T22:00:03.087-0500] {taskinstance.py:441} INFO - ::group::Post task execution logs
[2024-05-06T22:00:03.100-0500] {taskinstance.py:1205} INFO - Marking task as SUCCESS. dag_id=mysql_to_excel_report, task_id=export_to_excel, execution_date=20240507T025726, start_date=20240507T030001, end_date=20240507T030003
[2024-05-06T22:00:03.176-0500] {local_task_job_runner.py:240} INFO - Task exited with return code 0
[2024-05-06T22:00:03.215-0500] {taskinstance.py:3482} INFO - 0 downstream tasks scheduled from follow-on schedule check
[2024-05-06T22:00:03.217-0500] {local_task_job_runner.py:222} INFO - ::endgroup::
