[2024-05-06T18:09:30.178-0500] {processor.py:161} INFO - Started process (PID=6449) to work on /Users/paulamedina/venv/lib/python3.12/site-packages/airflow/example_dags/plugins/event_listener.py
[2024-05-06T18:09:30.179-0500] {processor.py:830} INFO - Processing file /Users/paulamedina/venv/lib/python3.12/site-packages/airflow/example_dags/plugins/event_listener.py for tasks to queue
[2024-05-06T18:09:30.179-0500] {logging_mixin.py:188} INFO - [2024-05-06T18:09:30.179-0500] {dagbag.py:540} INFO - Filling up the DagBag from /Users/paulamedina/venv/lib/python3.12/site-packages/airflow/example_dags/plugins/event_listener.py
[2024-05-06T18:09:30.180-0500] {processor.py:842} WARNING - No viable dags retrieved from /Users/paulamedina/venv/lib/python3.12/site-packages/airflow/example_dags/plugins/event_listener.py
[2024-05-06T18:09:30.252-0500] {processor.py:183} INFO - Processing /Users/paulamedina/venv/lib/python3.12/site-packages/airflow/example_dags/plugins/event_listener.py took 0.076 seconds
[2024-05-06T18:11:57.328-0500] {processor.py:161} INFO - Started process (PID=8443) to work on /Users/paulamedina/venv/lib/python3.12/site-packages/airflow/example_dags/plugins/event_listener.py
[2024-05-06T18:11:57.329-0500] {processor.py:830} INFO - Processing file /Users/paulamedina/venv/lib/python3.12/site-packages/airflow/example_dags/plugins/event_listener.py for tasks to queue
[2024-05-06T18:11:57.330-0500] {logging_mixin.py:188} INFO - [2024-05-06T18:11:57.330-0500] {dagbag.py:540} INFO - Filling up the DagBag from /Users/paulamedina/venv/lib/python3.12/site-packages/airflow/example_dags/plugins/event_listener.py
[2024-05-06T18:11:57.331-0500] {processor.py:842} WARNING - No viable dags retrieved from /Users/paulamedina/venv/lib/python3.12/site-packages/airflow/example_dags/plugins/event_listener.py
[2024-05-06T18:11:57.406-0500] {processor.py:183} INFO - Processing /Users/paulamedina/venv/lib/python3.12/site-packages/airflow/example_dags/plugins/event_listener.py took 0.080 seconds
[2024-05-06T18:13:56.088-0500] {processor.py:161} INFO - Started process (PID=10017) to work on /Users/paulamedina/venv/lib/python3.12/site-packages/airflow/example_dags/plugins/event_listener.py
[2024-05-06T18:13:56.089-0500] {processor.py:830} INFO - Processing file /Users/paulamedina/venv/lib/python3.12/site-packages/airflow/example_dags/plugins/event_listener.py for tasks to queue
[2024-05-06T18:13:56.089-0500] {logging_mixin.py:188} INFO - [2024-05-06T18:13:56.089-0500] {dagbag.py:540} INFO - Filling up the DagBag from /Users/paulamedina/venv/lib/python3.12/site-packages/airflow/example_dags/plugins/event_listener.py
[2024-05-06T18:13:56.090-0500] {processor.py:842} WARNING - No viable dags retrieved from /Users/paulamedina/venv/lib/python3.12/site-packages/airflow/example_dags/plugins/event_listener.py
[2024-05-06T18:13:56.166-0500] {processor.py:183} INFO - Processing /Users/paulamedina/venv/lib/python3.12/site-packages/airflow/example_dags/plugins/event_listener.py took 0.081 seconds
[2024-05-06T18:15:49.894-0500] {processor.py:161} INFO - Started process (PID=11574) to work on /Users/paulamedina/venv/lib/python3.12/site-packages/airflow/example_dags/plugins/event_listener.py
[2024-05-06T18:15:49.895-0500] {processor.py:830} INFO - Processing file /Users/paulamedina/venv/lib/python3.12/site-packages/airflow/example_dags/plugins/event_listener.py for tasks to queue
[2024-05-06T18:15:49.896-0500] {logging_mixin.py:188} INFO - [2024-05-06T18:15:49.895-0500] {dagbag.py:540} INFO - Filling up the DagBag from /Users/paulamedina/venv/lib/python3.12/site-packages/airflow/example_dags/plugins/event_listener.py
[2024-05-06T18:15:49.897-0500] {processor.py:842} WARNING - No viable dags retrieved from /Users/paulamedina/venv/lib/python3.12/site-packages/airflow/example_dags/plugins/event_listener.py
[2024-05-06T18:15:50.006-0500] {processor.py:183} INFO - Processing /Users/paulamedina/venv/lib/python3.12/site-packages/airflow/example_dags/plugins/event_listener.py took 0.116 seconds
[2024-05-06T18:17:46.836-0500] {processor.py:161} INFO - Started process (PID=13155) to work on /Users/paulamedina/venv/lib/python3.12/site-packages/airflow/example_dags/plugins/event_listener.py
[2024-05-06T18:17:46.837-0500] {processor.py:830} INFO - Processing file /Users/paulamedina/venv/lib/python3.12/site-packages/airflow/example_dags/plugins/event_listener.py for tasks to queue
[2024-05-06T18:17:46.838-0500] {logging_mixin.py:188} INFO - [2024-05-06T18:17:46.837-0500] {dagbag.py:540} INFO - Filling up the DagBag from /Users/paulamedina/venv/lib/python3.12/site-packages/airflow/example_dags/plugins/event_listener.py
[2024-05-06T18:17:46.839-0500] {processor.py:842} WARNING - No viable dags retrieved from /Users/paulamedina/venv/lib/python3.12/site-packages/airflow/example_dags/plugins/event_listener.py
[2024-05-06T18:17:46.923-0500] {processor.py:183} INFO - Processing /Users/paulamedina/venv/lib/python3.12/site-packages/airflow/example_dags/plugins/event_listener.py took 0.089 seconds
[2024-05-06T18:19:44.511-0500] {processor.py:161} INFO - Started process (PID=14734) to work on /Users/paulamedina/venv/lib/python3.12/site-packages/airflow/example_dags/plugins/event_listener.py
[2024-05-06T18:19:44.512-0500] {processor.py:830} INFO - Processing file /Users/paulamedina/venv/lib/python3.12/site-packages/airflow/example_dags/plugins/event_listener.py for tasks to queue
[2024-05-06T18:19:44.512-0500] {logging_mixin.py:188} INFO - [2024-05-06T18:19:44.512-0500] {dagbag.py:540} INFO - Filling up the DagBag from /Users/paulamedina/venv/lib/python3.12/site-packages/airflow/example_dags/plugins/event_listener.py
[2024-05-06T18:19:44.514-0500] {processor.py:842} WARNING - No viable dags retrieved from /Users/paulamedina/venv/lib/python3.12/site-packages/airflow/example_dags/plugins/event_listener.py
[2024-05-06T18:19:44.619-0500] {processor.py:183} INFO - Processing /Users/paulamedina/venv/lib/python3.12/site-packages/airflow/example_dags/plugins/event_listener.py took 0.112 seconds
[2024-05-06T18:21:47.035-0500] {processor.py:161} INFO - Started process (PID=16422) to work on /Users/paulamedina/venv/lib/python3.12/site-packages/airflow/example_dags/plugins/event_listener.py
[2024-05-06T18:21:47.036-0500] {processor.py:830} INFO - Processing file /Users/paulamedina/venv/lib/python3.12/site-packages/airflow/example_dags/plugins/event_listener.py for tasks to queue
[2024-05-06T18:21:47.036-0500] {logging_mixin.py:188} INFO - [2024-05-06T18:21:47.036-0500] {dagbag.py:540} INFO - Filling up the DagBag from /Users/paulamedina/venv/lib/python3.12/site-packages/airflow/example_dags/plugins/event_listener.py
[2024-05-06T18:21:47.038-0500] {processor.py:842} WARNING - No viable dags retrieved from /Users/paulamedina/venv/lib/python3.12/site-packages/airflow/example_dags/plugins/event_listener.py
[2024-05-06T18:21:47.146-0500] {processor.py:183} INFO - Processing /Users/paulamedina/venv/lib/python3.12/site-packages/airflow/example_dags/plugins/event_listener.py took 0.114 seconds
[2024-05-06T18:24:06.035-0500] {processor.py:161} INFO - Started process (PID=18178) to work on /Users/paulamedina/venv/lib/python3.12/site-packages/airflow/example_dags/plugins/event_listener.py
[2024-05-06T18:24:06.037-0500] {processor.py:830} INFO - Processing file /Users/paulamedina/venv/lib/python3.12/site-packages/airflow/example_dags/plugins/event_listener.py for tasks to queue
[2024-05-06T18:24:06.037-0500] {logging_mixin.py:188} INFO - [2024-05-06T18:24:06.037-0500] {dagbag.py:540} INFO - Filling up the DagBag from /Users/paulamedina/venv/lib/python3.12/site-packages/airflow/example_dags/plugins/event_listener.py
[2024-05-06T18:24:06.038-0500] {processor.py:842} WARNING - No viable dags retrieved from /Users/paulamedina/venv/lib/python3.12/site-packages/airflow/example_dags/plugins/event_listener.py
[2024-05-06T18:24:06.114-0500] {processor.py:183} INFO - Processing /Users/paulamedina/venv/lib/python3.12/site-packages/airflow/example_dags/plugins/event_listener.py took 0.082 seconds
[2024-05-06T18:25:57.159-0500] {processor.py:161} INFO - Started process (PID=18583) to work on /Users/paulamedina/venv/lib/python3.12/site-packages/airflow/example_dags/plugins/event_listener.py
[2024-05-06T18:25:57.160-0500] {processor.py:830} INFO - Processing file /Users/paulamedina/venv/lib/python3.12/site-packages/airflow/example_dags/plugins/event_listener.py for tasks to queue
[2024-05-06T18:25:57.160-0500] {logging_mixin.py:188} INFO - [2024-05-06T18:25:57.160-0500] {dagbag.py:540} INFO - Filling up the DagBag from /Users/paulamedina/venv/lib/python3.12/site-packages/airflow/example_dags/plugins/event_listener.py
[2024-05-06T18:25:57.161-0500] {processor.py:842} WARNING - No viable dags retrieved from /Users/paulamedina/venv/lib/python3.12/site-packages/airflow/example_dags/plugins/event_listener.py
[2024-05-06T18:25:57.236-0500] {processor.py:183} INFO - Processing /Users/paulamedina/venv/lib/python3.12/site-packages/airflow/example_dags/plugins/event_listener.py took 0.079 seconds
[2024-05-06T18:27:57.636-0500] {processor.py:161} INFO - Started process (PID=19019) to work on /Users/paulamedina/venv/lib/python3.12/site-packages/airflow/example_dags/plugins/event_listener.py
[2024-05-06T18:27:57.637-0500] {processor.py:830} INFO - Processing file /Users/paulamedina/venv/lib/python3.12/site-packages/airflow/example_dags/plugins/event_listener.py for tasks to queue
[2024-05-06T18:27:57.637-0500] {logging_mixin.py:188} INFO - [2024-05-06T18:27:57.637-0500] {dagbag.py:540} INFO - Filling up the DagBag from /Users/paulamedina/venv/lib/python3.12/site-packages/airflow/example_dags/plugins/event_listener.py
[2024-05-06T18:27:57.638-0500] {processor.py:842} WARNING - No viable dags retrieved from /Users/paulamedina/venv/lib/python3.12/site-packages/airflow/example_dags/plugins/event_listener.py
[2024-05-06T18:27:57.719-0500] {processor.py:183} INFO - Processing /Users/paulamedina/venv/lib/python3.12/site-packages/airflow/example_dags/plugins/event_listener.py took 0.086 seconds
[2024-05-06T18:29:57.579-0500] {processor.py:161} INFO - Started process (PID=19439) to work on /Users/paulamedina/venv/lib/python3.12/site-packages/airflow/example_dags/plugins/event_listener.py
[2024-05-06T18:29:57.580-0500] {processor.py:830} INFO - Processing file /Users/paulamedina/venv/lib/python3.12/site-packages/airflow/example_dags/plugins/event_listener.py for tasks to queue
[2024-05-06T18:29:57.581-0500] {logging_mixin.py:188} INFO - [2024-05-06T18:29:57.580-0500] {dagbag.py:540} INFO - Filling up the DagBag from /Users/paulamedina/venv/lib/python3.12/site-packages/airflow/example_dags/plugins/event_listener.py
[2024-05-06T18:29:57.582-0500] {processor.py:842} WARNING - No viable dags retrieved from /Users/paulamedina/venv/lib/python3.12/site-packages/airflow/example_dags/plugins/event_listener.py
[2024-05-06T18:29:57.657-0500] {processor.py:183} INFO - Processing /Users/paulamedina/venv/lib/python3.12/site-packages/airflow/example_dags/plugins/event_listener.py took 0.080 seconds
[2024-05-06T18:32:05.066-0500] {processor.py:161} INFO - Started process (PID=19916) to work on /Users/paulamedina/venv/lib/python3.12/site-packages/airflow/example_dags/plugins/event_listener.py
[2024-05-06T18:32:05.067-0500] {processor.py:830} INFO - Processing file /Users/paulamedina/venv/lib/python3.12/site-packages/airflow/example_dags/plugins/event_listener.py for tasks to queue
[2024-05-06T18:32:05.068-0500] {logging_mixin.py:188} INFO - [2024-05-06T18:32:05.068-0500] {dagbag.py:540} INFO - Filling up the DagBag from /Users/paulamedina/venv/lib/python3.12/site-packages/airflow/example_dags/plugins/event_listener.py
[2024-05-06T18:32:05.069-0500] {processor.py:842} WARNING - No viable dags retrieved from /Users/paulamedina/venv/lib/python3.12/site-packages/airflow/example_dags/plugins/event_listener.py
[2024-05-06T18:32:05.157-0500] {processor.py:183} INFO - Processing /Users/paulamedina/venv/lib/python3.12/site-packages/airflow/example_dags/plugins/event_listener.py took 0.094 seconds
[2024-05-06T18:34:08.527-0500] {processor.py:161} INFO - Started process (PID=20363) to work on /Users/paulamedina/venv/lib/python3.12/site-packages/airflow/example_dags/plugins/event_listener.py
[2024-05-06T18:34:08.529-0500] {processor.py:830} INFO - Processing file /Users/paulamedina/venv/lib/python3.12/site-packages/airflow/example_dags/plugins/event_listener.py for tasks to queue
[2024-05-06T18:34:08.529-0500] {logging_mixin.py:188} INFO - [2024-05-06T18:34:08.529-0500] {dagbag.py:540} INFO - Filling up the DagBag from /Users/paulamedina/venv/lib/python3.12/site-packages/airflow/example_dags/plugins/event_listener.py
[2024-05-06T18:34:08.530-0500] {processor.py:842} WARNING - No viable dags retrieved from /Users/paulamedina/venv/lib/python3.12/site-packages/airflow/example_dags/plugins/event_listener.py
[2024-05-06T18:34:08.604-0500] {processor.py:183} INFO - Processing /Users/paulamedina/venv/lib/python3.12/site-packages/airflow/example_dags/plugins/event_listener.py took 0.079 seconds
[2024-05-06T18:36:06.111-0500] {processor.py:161} INFO - Started process (PID=20780) to work on /Users/paulamedina/venv/lib/python3.12/site-packages/airflow/example_dags/plugins/event_listener.py
[2024-05-06T18:36:06.113-0500] {processor.py:830} INFO - Processing file /Users/paulamedina/venv/lib/python3.12/site-packages/airflow/example_dags/plugins/event_listener.py for tasks to queue
[2024-05-06T18:36:06.114-0500] {logging_mixin.py:188} INFO - [2024-05-06T18:36:06.114-0500] {dagbag.py:540} INFO - Filling up the DagBag from /Users/paulamedina/venv/lib/python3.12/site-packages/airflow/example_dags/plugins/event_listener.py
[2024-05-06T18:36:06.115-0500] {processor.py:842} WARNING - No viable dags retrieved from /Users/paulamedina/venv/lib/python3.12/site-packages/airflow/example_dags/plugins/event_listener.py
[2024-05-06T18:36:06.191-0500] {processor.py:183} INFO - Processing /Users/paulamedina/venv/lib/python3.12/site-packages/airflow/example_dags/plugins/event_listener.py took 0.082 seconds
[2024-05-06T18:38:06.420-0500] {processor.py:161} INFO - Started process (PID=21204) to work on /Users/paulamedina/venv/lib/python3.12/site-packages/airflow/example_dags/plugins/event_listener.py
[2024-05-06T18:38:06.421-0500] {processor.py:830} INFO - Processing file /Users/paulamedina/venv/lib/python3.12/site-packages/airflow/example_dags/plugins/event_listener.py for tasks to queue
[2024-05-06T18:38:06.421-0500] {logging_mixin.py:188} INFO - [2024-05-06T18:38:06.421-0500] {dagbag.py:540} INFO - Filling up the DagBag from /Users/paulamedina/venv/lib/python3.12/site-packages/airflow/example_dags/plugins/event_listener.py
[2024-05-06T18:38:06.422-0500] {processor.py:842} WARNING - No viable dags retrieved from /Users/paulamedina/venv/lib/python3.12/site-packages/airflow/example_dags/plugins/event_listener.py
[2024-05-06T18:38:06.492-0500] {processor.py:183} INFO - Processing /Users/paulamedina/venv/lib/python3.12/site-packages/airflow/example_dags/plugins/event_listener.py took 0.074 seconds
[2024-05-06T18:40:00.810-0500] {processor.py:161} INFO - Started process (PID=21624) to work on /Users/paulamedina/venv/lib/python3.12/site-packages/airflow/example_dags/plugins/event_listener.py
[2024-05-06T18:40:00.812-0500] {processor.py:830} INFO - Processing file /Users/paulamedina/venv/lib/python3.12/site-packages/airflow/example_dags/plugins/event_listener.py for tasks to queue
[2024-05-06T18:40:00.813-0500] {logging_mixin.py:188} INFO - [2024-05-06T18:40:00.813-0500] {dagbag.py:540} INFO - Filling up the DagBag from /Users/paulamedina/venv/lib/python3.12/site-packages/airflow/example_dags/plugins/event_listener.py
[2024-05-06T18:40:00.814-0500] {processor.py:842} WARNING - No viable dags retrieved from /Users/paulamedina/venv/lib/python3.12/site-packages/airflow/example_dags/plugins/event_listener.py
[2024-05-06T18:40:00.899-0500] {processor.py:183} INFO - Processing /Users/paulamedina/venv/lib/python3.12/site-packages/airflow/example_dags/plugins/event_listener.py took 0.091 seconds
[2024-05-06T18:41:57.289-0500] {processor.py:161} INFO - Started process (PID=22125) to work on /Users/paulamedina/venv/lib/python3.12/site-packages/airflow/example_dags/plugins/event_listener.py
[2024-05-06T18:41:57.291-0500] {processor.py:830} INFO - Processing file /Users/paulamedina/venv/lib/python3.12/site-packages/airflow/example_dags/plugins/event_listener.py for tasks to queue
[2024-05-06T18:41:57.291-0500] {logging_mixin.py:188} INFO - [2024-05-06T18:41:57.291-0500] {dagbag.py:540} INFO - Filling up the DagBag from /Users/paulamedina/venv/lib/python3.12/site-packages/airflow/example_dags/plugins/event_listener.py
[2024-05-06T18:41:57.293-0500] {processor.py:842} WARNING - No viable dags retrieved from /Users/paulamedina/venv/lib/python3.12/site-packages/airflow/example_dags/plugins/event_listener.py
[2024-05-06T18:41:57.371-0500] {processor.py:183} INFO - Processing /Users/paulamedina/venv/lib/python3.12/site-packages/airflow/example_dags/plugins/event_listener.py took 0.084 seconds
[2024-05-06T18:43:58.664-0500] {processor.py:161} INFO - Started process (PID=22557) to work on /Users/paulamedina/venv/lib/python3.12/site-packages/airflow/example_dags/plugins/event_listener.py
[2024-05-06T18:43:58.666-0500] {processor.py:830} INFO - Processing file /Users/paulamedina/venv/lib/python3.12/site-packages/airflow/example_dags/plugins/event_listener.py for tasks to queue
[2024-05-06T18:43:58.666-0500] {logging_mixin.py:188} INFO - [2024-05-06T18:43:58.666-0500] {dagbag.py:540} INFO - Filling up the DagBag from /Users/paulamedina/venv/lib/python3.12/site-packages/airflow/example_dags/plugins/event_listener.py
[2024-05-06T18:43:58.667-0500] {processor.py:842} WARNING - No viable dags retrieved from /Users/paulamedina/venv/lib/python3.12/site-packages/airflow/example_dags/plugins/event_listener.py
[2024-05-06T18:43:58.735-0500] {processor.py:183} INFO - Processing /Users/paulamedina/venv/lib/python3.12/site-packages/airflow/example_dags/plugins/event_listener.py took 0.073 seconds
[2024-05-06T18:45:53.411-0500] {processor.py:161} INFO - Started process (PID=22963) to work on /Users/paulamedina/venv/lib/python3.12/site-packages/airflow/example_dags/plugins/event_listener.py
[2024-05-06T18:45:53.412-0500] {processor.py:830} INFO - Processing file /Users/paulamedina/venv/lib/python3.12/site-packages/airflow/example_dags/plugins/event_listener.py for tasks to queue
[2024-05-06T18:45:53.413-0500] {logging_mixin.py:188} INFO - [2024-05-06T18:45:53.413-0500] {dagbag.py:540} INFO - Filling up the DagBag from /Users/paulamedina/venv/lib/python3.12/site-packages/airflow/example_dags/plugins/event_listener.py
[2024-05-06T18:45:53.414-0500] {processor.py:842} WARNING - No viable dags retrieved from /Users/paulamedina/venv/lib/python3.12/site-packages/airflow/example_dags/plugins/event_listener.py
[2024-05-06T18:45:53.518-0500] {processor.py:183} INFO - Processing /Users/paulamedina/venv/lib/python3.12/site-packages/airflow/example_dags/plugins/event_listener.py took 0.110 seconds
[2024-05-06T18:47:59.816-0500] {processor.py:161} INFO - Started process (PID=23421) to work on /Users/paulamedina/venv/lib/python3.12/site-packages/airflow/example_dags/plugins/event_listener.py
[2024-05-06T18:47:59.818-0500] {processor.py:830} INFO - Processing file /Users/paulamedina/venv/lib/python3.12/site-packages/airflow/example_dags/plugins/event_listener.py for tasks to queue
[2024-05-06T18:47:59.818-0500] {logging_mixin.py:188} INFO - [2024-05-06T18:47:59.818-0500] {dagbag.py:540} INFO - Filling up the DagBag from /Users/paulamedina/venv/lib/python3.12/site-packages/airflow/example_dags/plugins/event_listener.py
[2024-05-06T18:47:59.819-0500] {processor.py:842} WARNING - No viable dags retrieved from /Users/paulamedina/venv/lib/python3.12/site-packages/airflow/example_dags/plugins/event_listener.py
[2024-05-06T18:47:59.975-0500] {processor.py:183} INFO - Processing /Users/paulamedina/venv/lib/python3.12/site-packages/airflow/example_dags/plugins/event_listener.py took 0.162 seconds
[2024-05-06T18:50:06.973-0500] {processor.py:161} INFO - Started process (PID=23883) to work on /Users/paulamedina/venv/lib/python3.12/site-packages/airflow/example_dags/plugins/event_listener.py
[2024-05-06T18:50:06.974-0500] {processor.py:830} INFO - Processing file /Users/paulamedina/venv/lib/python3.12/site-packages/airflow/example_dags/plugins/event_listener.py for tasks to queue
[2024-05-06T18:50:06.974-0500] {logging_mixin.py:188} INFO - [2024-05-06T18:50:06.974-0500] {dagbag.py:540} INFO - Filling up the DagBag from /Users/paulamedina/venv/lib/python3.12/site-packages/airflow/example_dags/plugins/event_listener.py
[2024-05-06T18:50:06.975-0500] {processor.py:842} WARNING - No viable dags retrieved from /Users/paulamedina/venv/lib/python3.12/site-packages/airflow/example_dags/plugins/event_listener.py
[2024-05-06T18:50:07.055-0500] {processor.py:183} INFO - Processing /Users/paulamedina/venv/lib/python3.12/site-packages/airflow/example_dags/plugins/event_listener.py took 0.085 seconds
[2024-05-06T18:52:04.303-0500] {processor.py:161} INFO - Started process (PID=24288) to work on /Users/paulamedina/venv/lib/python3.12/site-packages/airflow/example_dags/plugins/event_listener.py
[2024-05-06T18:52:04.303-0500] {processor.py:830} INFO - Processing file /Users/paulamedina/venv/lib/python3.12/site-packages/airflow/example_dags/plugins/event_listener.py for tasks to queue
[2024-05-06T18:52:04.304-0500] {logging_mixin.py:188} INFO - [2024-05-06T18:52:04.304-0500] {dagbag.py:540} INFO - Filling up the DagBag from /Users/paulamedina/venv/lib/python3.12/site-packages/airflow/example_dags/plugins/event_listener.py
[2024-05-06T18:52:04.305-0500] {processor.py:842} WARNING - No viable dags retrieved from /Users/paulamedina/venv/lib/python3.12/site-packages/airflow/example_dags/plugins/event_listener.py
[2024-05-06T18:52:04.389-0500] {processor.py:183} INFO - Processing /Users/paulamedina/venv/lib/python3.12/site-packages/airflow/example_dags/plugins/event_listener.py took 0.090 seconds
[2024-05-06T18:54:01.994-0500] {processor.py:161} INFO - Started process (PID=24709) to work on /Users/paulamedina/venv/lib/python3.12/site-packages/airflow/example_dags/plugins/event_listener.py
[2024-05-06T18:54:01.995-0500] {processor.py:830} INFO - Processing file /Users/paulamedina/venv/lib/python3.12/site-packages/airflow/example_dags/plugins/event_listener.py for tasks to queue
[2024-05-06T18:54:01.995-0500] {logging_mixin.py:188} INFO - [2024-05-06T18:54:01.995-0500] {dagbag.py:540} INFO - Filling up the DagBag from /Users/paulamedina/venv/lib/python3.12/site-packages/airflow/example_dags/plugins/event_listener.py
[2024-05-06T18:54:01.996-0500] {processor.py:842} WARNING - No viable dags retrieved from /Users/paulamedina/venv/lib/python3.12/site-packages/airflow/example_dags/plugins/event_listener.py
[2024-05-06T18:54:02.067-0500] {processor.py:183} INFO - Processing /Users/paulamedina/venv/lib/python3.12/site-packages/airflow/example_dags/plugins/event_listener.py took 0.075 seconds
[2024-05-06T18:56:20.323-0500] {processor.py:161} INFO - Started process (PID=25195) to work on /Users/paulamedina/venv/lib/python3.12/site-packages/airflow/example_dags/plugins/event_listener.py
[2024-05-06T18:56:20.326-0500] {processor.py:830} INFO - Processing file /Users/paulamedina/venv/lib/python3.12/site-packages/airflow/example_dags/plugins/event_listener.py for tasks to queue
[2024-05-06T18:56:20.327-0500] {logging_mixin.py:188} INFO - [2024-05-06T18:56:20.326-0500] {dagbag.py:540} INFO - Filling up the DagBag from /Users/paulamedina/venv/lib/python3.12/site-packages/airflow/example_dags/plugins/event_listener.py
[2024-05-06T18:56:20.328-0500] {processor.py:842} WARNING - No viable dags retrieved from /Users/paulamedina/venv/lib/python3.12/site-packages/airflow/example_dags/plugins/event_listener.py
[2024-05-06T18:56:20.471-0500] {processor.py:183} INFO - Processing /Users/paulamedina/venv/lib/python3.12/site-packages/airflow/example_dags/plugins/event_listener.py took 0.153 seconds
[2024-05-06T18:58:33.123-0500] {processor.py:161} INFO - Started process (PID=25785) to work on /Users/paulamedina/venv/lib/python3.12/site-packages/airflow/example_dags/plugins/event_listener.py
[2024-05-06T18:58:33.125-0500] {processor.py:830} INFO - Processing file /Users/paulamedina/venv/lib/python3.12/site-packages/airflow/example_dags/plugins/event_listener.py for tasks to queue
[2024-05-06T18:58:33.125-0500] {logging_mixin.py:188} INFO - [2024-05-06T18:58:33.125-0500] {dagbag.py:540} INFO - Filling up the DagBag from /Users/paulamedina/venv/lib/python3.12/site-packages/airflow/example_dags/plugins/event_listener.py
[2024-05-06T18:58:33.126-0500] {processor.py:842} WARNING - No viable dags retrieved from /Users/paulamedina/venv/lib/python3.12/site-packages/airflow/example_dags/plugins/event_listener.py
[2024-05-06T18:58:33.203-0500] {processor.py:183} INFO - Processing /Users/paulamedina/venv/lib/python3.12/site-packages/airflow/example_dags/plugins/event_listener.py took 0.083 seconds
