[2024-05-06T18:09:28.446-0500] {processor.py:161} INFO - Started process (PID=6442) to work on /Users/paulamedina/venv/lib/python3.12/site-packages/airflow/example_dags/plugins/listener_plugin.py
[2024-05-06T18:09:28.447-0500] {processor.py:830} INFO - Processing file /Users/paulamedina/venv/lib/python3.12/site-packages/airflow/example_dags/plugins/listener_plugin.py for tasks to queue
[2024-05-06T18:09:28.447-0500] {logging_mixin.py:188} INFO - [2024-05-06T18:09:28.447-0500] {dagbag.py:540} INFO - Filling up the DagBag from /Users/paulamedina/venv/lib/python3.12/site-packages/airflow/example_dags/plugins/listener_plugin.py
[2024-05-06T18:09:28.449-0500] {processor.py:842} WARNING - No viable dags retrieved from /Users/paulamedina/venv/lib/python3.12/site-packages/airflow/example_dags/plugins/listener_plugin.py
[2024-05-06T18:09:28.525-0500] {processor.py:183} INFO - Processing /Users/paulamedina/venv/lib/python3.12/site-packages/airflow/example_dags/plugins/listener_plugin.py took 0.082 seconds
[2024-05-06T18:11:54.602-0500] {processor.py:161} INFO - Started process (PID=8336) to work on /Users/paulamedina/venv/lib/python3.12/site-packages/airflow/example_dags/plugins/listener_plugin.py
[2024-05-06T18:11:54.603-0500] {processor.py:830} INFO - Processing file /Users/paulamedina/venv/lib/python3.12/site-packages/airflow/example_dags/plugins/listener_plugin.py for tasks to queue
[2024-05-06T18:11:54.604-0500] {logging_mixin.py:188} INFO - [2024-05-06T18:11:54.604-0500] {dagbag.py:540} INFO - Filling up the DagBag from /Users/paulamedina/venv/lib/python3.12/site-packages/airflow/example_dags/plugins/listener_plugin.py
[2024-05-06T18:11:54.606-0500] {processor.py:842} WARNING - No viable dags retrieved from /Users/paulamedina/venv/lib/python3.12/site-packages/airflow/example_dags/plugins/listener_plugin.py
[2024-05-06T18:11:54.685-0500] {processor.py:183} INFO - Processing /Users/paulamedina/venv/lib/python3.12/site-packages/airflow/example_dags/plugins/listener_plugin.py took 0.085 seconds
[2024-05-06T18:13:53.333-0500] {processor.py:161} INFO - Started process (PID=10010) to work on /Users/paulamedina/venv/lib/python3.12/site-packages/airflow/example_dags/plugins/listener_plugin.py
[2024-05-06T18:13:53.334-0500] {processor.py:830} INFO - Processing file /Users/paulamedina/venv/lib/python3.12/site-packages/airflow/example_dags/plugins/listener_plugin.py for tasks to queue
[2024-05-06T18:13:53.335-0500] {logging_mixin.py:188} INFO - [2024-05-06T18:13:53.334-0500] {dagbag.py:540} INFO - Filling up the DagBag from /Users/paulamedina/venv/lib/python3.12/site-packages/airflow/example_dags/plugins/listener_plugin.py
[2024-05-06T18:13:53.337-0500] {processor.py:842} WARNING - No viable dags retrieved from /Users/paulamedina/venv/lib/python3.12/site-packages/airflow/example_dags/plugins/listener_plugin.py
[2024-05-06T18:13:53.413-0500] {processor.py:183} INFO - Processing /Users/paulamedina/venv/lib/python3.12/site-packages/airflow/example_dags/plugins/listener_plugin.py took 0.083 seconds
[2024-05-06T18:15:46.795-0500] {processor.py:161} INFO - Started process (PID=11461) to work on /Users/paulamedina/venv/lib/python3.12/site-packages/airflow/example_dags/plugins/listener_plugin.py
[2024-05-06T18:15:46.796-0500] {processor.py:830} INFO - Processing file /Users/paulamedina/venv/lib/python3.12/site-packages/airflow/example_dags/plugins/listener_plugin.py for tasks to queue
[2024-05-06T18:15:46.797-0500] {logging_mixin.py:188} INFO - [2024-05-06T18:15:46.796-0500] {dagbag.py:540} INFO - Filling up the DagBag from /Users/paulamedina/venv/lib/python3.12/site-packages/airflow/example_dags/plugins/listener_plugin.py
[2024-05-06T18:15:46.799-0500] {processor.py:842} WARNING - No viable dags retrieved from /Users/paulamedina/venv/lib/python3.12/site-packages/airflow/example_dags/plugins/listener_plugin.py
[2024-05-06T18:15:46.899-0500] {processor.py:183} INFO - Processing /Users/paulamedina/venv/lib/python3.12/site-packages/airflow/example_dags/plugins/listener_plugin.py took 0.107 seconds
[2024-05-06T18:17:43.983-0500] {processor.py:161} INFO - Started process (PID=13148) to work on /Users/paulamedina/venv/lib/python3.12/site-packages/airflow/example_dags/plugins/listener_plugin.py
[2024-05-06T18:17:43.984-0500] {processor.py:830} INFO - Processing file /Users/paulamedina/venv/lib/python3.12/site-packages/airflow/example_dags/plugins/listener_plugin.py for tasks to queue
[2024-05-06T18:17:43.985-0500] {logging_mixin.py:188} INFO - [2024-05-06T18:17:43.985-0500] {dagbag.py:540} INFO - Filling up the DagBag from /Users/paulamedina/venv/lib/python3.12/site-packages/airflow/example_dags/plugins/listener_plugin.py
[2024-05-06T18:17:43.987-0500] {processor.py:842} WARNING - No viable dags retrieved from /Users/paulamedina/venv/lib/python3.12/site-packages/airflow/example_dags/plugins/listener_plugin.py
[2024-05-06T18:17:44.077-0500] {processor.py:183} INFO - Processing /Users/paulamedina/venv/lib/python3.12/site-packages/airflow/example_dags/plugins/listener_plugin.py took 0.097 seconds
[2024-05-06T18:19:41.194-0500] {processor.py:161} INFO - Started process (PID=14722) to work on /Users/paulamedina/venv/lib/python3.12/site-packages/airflow/example_dags/plugins/listener_plugin.py
[2024-05-06T18:19:41.195-0500] {processor.py:830} INFO - Processing file /Users/paulamedina/venv/lib/python3.12/site-packages/airflow/example_dags/plugins/listener_plugin.py for tasks to queue
[2024-05-06T18:19:41.196-0500] {logging_mixin.py:188} INFO - [2024-05-06T18:19:41.196-0500] {dagbag.py:540} INFO - Filling up the DagBag from /Users/paulamedina/venv/lib/python3.12/site-packages/airflow/example_dags/plugins/listener_plugin.py
[2024-05-06T18:19:41.198-0500] {processor.py:842} WARNING - No viable dags retrieved from /Users/paulamedina/venv/lib/python3.12/site-packages/airflow/example_dags/plugins/listener_plugin.py
[2024-05-06T18:19:41.308-0500] {processor.py:183} INFO - Processing /Users/paulamedina/venv/lib/python3.12/site-packages/airflow/example_dags/plugins/listener_plugin.py took 0.118 seconds
[2024-05-06T18:21:43.732-0500] {processor.py:161} INFO - Started process (PID=16413) to work on /Users/paulamedina/venv/lib/python3.12/site-packages/airflow/example_dags/plugins/listener_plugin.py
[2024-05-06T18:21:43.734-0500] {processor.py:830} INFO - Processing file /Users/paulamedina/venv/lib/python3.12/site-packages/airflow/example_dags/plugins/listener_plugin.py for tasks to queue
[2024-05-06T18:21:43.734-0500] {logging_mixin.py:188} INFO - [2024-05-06T18:21:43.734-0500] {dagbag.py:540} INFO - Filling up the DagBag from /Users/paulamedina/venv/lib/python3.12/site-packages/airflow/example_dags/plugins/listener_plugin.py
[2024-05-06T18:21:43.737-0500] {processor.py:842} WARNING - No viable dags retrieved from /Users/paulamedina/venv/lib/python3.12/site-packages/airflow/example_dags/plugins/listener_plugin.py
[2024-05-06T18:21:43.843-0500] {processor.py:183} INFO - Processing /Users/paulamedina/venv/lib/python3.12/site-packages/airflow/example_dags/plugins/listener_plugin.py took 0.114 seconds
[2024-05-06T18:24:03.296-0500] {processor.py:161} INFO - Started process (PID=18171) to work on /Users/paulamedina/venv/lib/python3.12/site-packages/airflow/example_dags/plugins/listener_plugin.py
[2024-05-06T18:24:03.297-0500] {processor.py:830} INFO - Processing file /Users/paulamedina/venv/lib/python3.12/site-packages/airflow/example_dags/plugins/listener_plugin.py for tasks to queue
[2024-05-06T18:24:03.298-0500] {logging_mixin.py:188} INFO - [2024-05-06T18:24:03.298-0500] {dagbag.py:540} INFO - Filling up the DagBag from /Users/paulamedina/venv/lib/python3.12/site-packages/airflow/example_dags/plugins/listener_plugin.py
[2024-05-06T18:24:03.303-0500] {processor.py:842} WARNING - No viable dags retrieved from /Users/paulamedina/venv/lib/python3.12/site-packages/airflow/example_dags/plugins/listener_plugin.py
[2024-05-06T18:24:03.385-0500] {processor.py:183} INFO - Processing /Users/paulamedina/venv/lib/python3.12/site-packages/airflow/example_dags/plugins/listener_plugin.py took 0.091 seconds
[2024-05-06T18:25:54.425-0500] {processor.py:161} INFO - Started process (PID=18570) to work on /Users/paulamedina/venv/lib/python3.12/site-packages/airflow/example_dags/plugins/listener_plugin.py
[2024-05-06T18:25:54.426-0500] {processor.py:830} INFO - Processing file /Users/paulamedina/venv/lib/python3.12/site-packages/airflow/example_dags/plugins/listener_plugin.py for tasks to queue
[2024-05-06T18:25:54.426-0500] {logging_mixin.py:188} INFO - [2024-05-06T18:25:54.426-0500] {dagbag.py:540} INFO - Filling up the DagBag from /Users/paulamedina/venv/lib/python3.12/site-packages/airflow/example_dags/plugins/listener_plugin.py
[2024-05-06T18:25:54.428-0500] {processor.py:842} WARNING - No viable dags retrieved from /Users/paulamedina/venv/lib/python3.12/site-packages/airflow/example_dags/plugins/listener_plugin.py
[2024-05-06T18:25:54.505-0500] {processor.py:183} INFO - Processing /Users/paulamedina/venv/lib/python3.12/site-packages/airflow/example_dags/plugins/listener_plugin.py took 0.083 seconds
[2024-05-06T18:27:54.827-0500] {processor.py:161} INFO - Started process (PID=19007) to work on /Users/paulamedina/venv/lib/python3.12/site-packages/airflow/example_dags/plugins/listener_plugin.py
[2024-05-06T18:27:54.828-0500] {processor.py:830} INFO - Processing file /Users/paulamedina/venv/lib/python3.12/site-packages/airflow/example_dags/plugins/listener_plugin.py for tasks to queue
[2024-05-06T18:27:54.829-0500] {logging_mixin.py:188} INFO - [2024-05-06T18:27:54.829-0500] {dagbag.py:540} INFO - Filling up the DagBag from /Users/paulamedina/venv/lib/python3.12/site-packages/airflow/example_dags/plugins/listener_plugin.py
[2024-05-06T18:27:54.831-0500] {processor.py:842} WARNING - No viable dags retrieved from /Users/paulamedina/venv/lib/python3.12/site-packages/airflow/example_dags/plugins/listener_plugin.py
[2024-05-06T18:27:54.918-0500] {processor.py:183} INFO - Processing /Users/paulamedina/venv/lib/python3.12/site-packages/airflow/example_dags/plugins/listener_plugin.py took 0.093 seconds
[2024-05-06T18:29:54.959-0500] {processor.py:161} INFO - Started process (PID=19432) to work on /Users/paulamedina/venv/lib/python3.12/site-packages/airflow/example_dags/plugins/listener_plugin.py
[2024-05-06T18:29:54.960-0500] {processor.py:830} INFO - Processing file /Users/paulamedina/venv/lib/python3.12/site-packages/airflow/example_dags/plugins/listener_plugin.py for tasks to queue
[2024-05-06T18:29:54.961-0500] {logging_mixin.py:188} INFO - [2024-05-06T18:29:54.961-0500] {dagbag.py:540} INFO - Filling up the DagBag from /Users/paulamedina/venv/lib/python3.12/site-packages/airflow/example_dags/plugins/listener_plugin.py
[2024-05-06T18:29:54.963-0500] {processor.py:842} WARNING - No viable dags retrieved from /Users/paulamedina/venv/lib/python3.12/site-packages/airflow/example_dags/plugins/listener_plugin.py
[2024-05-06T18:29:55.042-0500] {processor.py:183} INFO - Processing /Users/paulamedina/venv/lib/python3.12/site-packages/airflow/example_dags/plugins/listener_plugin.py took 0.085 seconds
[2024-05-06T18:32:02.512-0500] {processor.py:161} INFO - Started process (PID=19897) to work on /Users/paulamedina/venv/lib/python3.12/site-packages/airflow/example_dags/plugins/listener_plugin.py
[2024-05-06T18:32:02.514-0500] {processor.py:830} INFO - Processing file /Users/paulamedina/venv/lib/python3.12/site-packages/airflow/example_dags/plugins/listener_plugin.py for tasks to queue
[2024-05-06T18:32:02.515-0500] {logging_mixin.py:188} INFO - [2024-05-06T18:32:02.515-0500] {dagbag.py:540} INFO - Filling up the DagBag from /Users/paulamedina/venv/lib/python3.12/site-packages/airflow/example_dags/plugins/listener_plugin.py
[2024-05-06T18:32:02.519-0500] {processor.py:842} WARNING - No viable dags retrieved from /Users/paulamedina/venv/lib/python3.12/site-packages/airflow/example_dags/plugins/listener_plugin.py
[2024-05-06T18:32:02.609-0500] {processor.py:183} INFO - Processing /Users/paulamedina/venv/lib/python3.12/site-packages/airflow/example_dags/plugins/listener_plugin.py took 0.100 seconds
[2024-05-06T18:34:05.825-0500] {processor.py:161} INFO - Started process (PID=20350) to work on /Users/paulamedina/venv/lib/python3.12/site-packages/airflow/example_dags/plugins/listener_plugin.py
[2024-05-06T18:34:05.827-0500] {processor.py:830} INFO - Processing file /Users/paulamedina/venv/lib/python3.12/site-packages/airflow/example_dags/plugins/listener_plugin.py for tasks to queue
[2024-05-06T18:34:05.828-0500] {logging_mixin.py:188} INFO - [2024-05-06T18:34:05.828-0500] {dagbag.py:540} INFO - Filling up the DagBag from /Users/paulamedina/venv/lib/python3.12/site-packages/airflow/example_dags/plugins/listener_plugin.py
[2024-05-06T18:34:05.833-0500] {processor.py:842} WARNING - No viable dags retrieved from /Users/paulamedina/venv/lib/python3.12/site-packages/airflow/example_dags/plugins/listener_plugin.py
[2024-05-06T18:34:05.919-0500] {processor.py:183} INFO - Processing /Users/paulamedina/venv/lib/python3.12/site-packages/airflow/example_dags/plugins/listener_plugin.py took 0.096 seconds
[2024-05-06T18:36:03.602-0500] {processor.py:161} INFO - Started process (PID=20773) to work on /Users/paulamedina/venv/lib/python3.12/site-packages/airflow/example_dags/plugins/listener_plugin.py
[2024-05-06T18:36:03.603-0500] {processor.py:830} INFO - Processing file /Users/paulamedina/venv/lib/python3.12/site-packages/airflow/example_dags/plugins/listener_plugin.py for tasks to queue
[2024-05-06T18:36:03.604-0500] {logging_mixin.py:188} INFO - [2024-05-06T18:36:03.604-0500] {dagbag.py:540} INFO - Filling up the DagBag from /Users/paulamedina/venv/lib/python3.12/site-packages/airflow/example_dags/plugins/listener_plugin.py
[2024-05-06T18:36:03.611-0500] {processor.py:842} WARNING - No viable dags retrieved from /Users/paulamedina/venv/lib/python3.12/site-packages/airflow/example_dags/plugins/listener_plugin.py
[2024-05-06T18:36:03.689-0500] {processor.py:183} INFO - Processing /Users/paulamedina/venv/lib/python3.12/site-packages/airflow/example_dags/plugins/listener_plugin.py took 0.090 seconds
[2024-05-06T18:38:03.531-0500] {processor.py:161} INFO - Started process (PID=21197) to work on /Users/paulamedina/venv/lib/python3.12/site-packages/airflow/example_dags/plugins/listener_plugin.py
[2024-05-06T18:38:03.532-0500] {processor.py:830} INFO - Processing file /Users/paulamedina/venv/lib/python3.12/site-packages/airflow/example_dags/plugins/listener_plugin.py for tasks to queue
[2024-05-06T18:38:03.532-0500] {logging_mixin.py:188} INFO - [2024-05-06T18:38:03.532-0500] {dagbag.py:540} INFO - Filling up the DagBag from /Users/paulamedina/venv/lib/python3.12/site-packages/airflow/example_dags/plugins/listener_plugin.py
[2024-05-06T18:38:03.535-0500] {processor.py:842} WARNING - No viable dags retrieved from /Users/paulamedina/venv/lib/python3.12/site-packages/airflow/example_dags/plugins/listener_plugin.py
[2024-05-06T18:38:03.610-0500] {processor.py:183} INFO - Processing /Users/paulamedina/venv/lib/python3.12/site-packages/airflow/example_dags/plugins/listener_plugin.py took 0.082 seconds
[2024-05-06T18:39:57.881-0500] {processor.py:161} INFO - Started process (PID=21616) to work on /Users/paulamedina/venv/lib/python3.12/site-packages/airflow/example_dags/plugins/listener_plugin.py
[2024-05-06T18:39:57.883-0500] {processor.py:830} INFO - Processing file /Users/paulamedina/venv/lib/python3.12/site-packages/airflow/example_dags/plugins/listener_plugin.py for tasks to queue
[2024-05-06T18:39:57.884-0500] {logging_mixin.py:188} INFO - [2024-05-06T18:39:57.884-0500] {dagbag.py:540} INFO - Filling up the DagBag from /Users/paulamedina/venv/lib/python3.12/site-packages/airflow/example_dags/plugins/listener_plugin.py
[2024-05-06T18:39:57.889-0500] {processor.py:842} WARNING - No viable dags retrieved from /Users/paulamedina/venv/lib/python3.12/site-packages/airflow/example_dags/plugins/listener_plugin.py
[2024-05-06T18:39:57.979-0500] {processor.py:183} INFO - Processing /Users/paulamedina/venv/lib/python3.12/site-packages/airflow/example_dags/plugins/listener_plugin.py took 0.100 seconds
[2024-05-06T18:41:54.543-0500] {processor.py:161} INFO - Started process (PID=22101) to work on /Users/paulamedina/venv/lib/python3.12/site-packages/airflow/example_dags/plugins/listener_plugin.py
[2024-05-06T18:41:54.545-0500] {processor.py:830} INFO - Processing file /Users/paulamedina/venv/lib/python3.12/site-packages/airflow/example_dags/plugins/listener_plugin.py for tasks to queue
[2024-05-06T18:41:54.546-0500] {logging_mixin.py:188} INFO - [2024-05-06T18:41:54.546-0500] {dagbag.py:540} INFO - Filling up the DagBag from /Users/paulamedina/venv/lib/python3.12/site-packages/airflow/example_dags/plugins/listener_plugin.py
[2024-05-06T18:41:54.549-0500] {processor.py:842} WARNING - No viable dags retrieved from /Users/paulamedina/venv/lib/python3.12/site-packages/airflow/example_dags/plugins/listener_plugin.py
[2024-05-06T18:41:54.627-0500] {processor.py:183} INFO - Processing /Users/paulamedina/venv/lib/python3.12/site-packages/airflow/example_dags/plugins/listener_plugin.py took 0.086 seconds
[2024-05-06T18:43:55.908-0500] {processor.py:161} INFO - Started process (PID=22541) to work on /Users/paulamedina/venv/lib/python3.12/site-packages/airflow/example_dags/plugins/listener_plugin.py
[2024-05-06T18:43:55.910-0500] {processor.py:830} INFO - Processing file /Users/paulamedina/venv/lib/python3.12/site-packages/airflow/example_dags/plugins/listener_plugin.py for tasks to queue
[2024-05-06T18:43:55.911-0500] {logging_mixin.py:188} INFO - [2024-05-06T18:43:55.910-0500] {dagbag.py:540} INFO - Filling up the DagBag from /Users/paulamedina/venv/lib/python3.12/site-packages/airflow/example_dags/plugins/listener_plugin.py
[2024-05-06T18:43:55.915-0500] {processor.py:842} WARNING - No viable dags retrieved from /Users/paulamedina/venv/lib/python3.12/site-packages/airflow/example_dags/plugins/listener_plugin.py
[2024-05-06T18:43:55.992-0500] {processor.py:183} INFO - Processing /Users/paulamedina/venv/lib/python3.12/site-packages/airflow/example_dags/plugins/listener_plugin.py took 0.086 seconds
[2024-05-06T18:45:50.456-0500] {processor.py:161} INFO - Started process (PID=22947) to work on /Users/paulamedina/venv/lib/python3.12/site-packages/airflow/example_dags/plugins/listener_plugin.py
[2024-05-06T18:45:50.457-0500] {processor.py:830} INFO - Processing file /Users/paulamedina/venv/lib/python3.12/site-packages/airflow/example_dags/plugins/listener_plugin.py for tasks to queue
[2024-05-06T18:45:50.458-0500] {logging_mixin.py:188} INFO - [2024-05-06T18:45:50.458-0500] {dagbag.py:540} INFO - Filling up the DagBag from /Users/paulamedina/venv/lib/python3.12/site-packages/airflow/example_dags/plugins/listener_plugin.py
[2024-05-06T18:45:50.460-0500] {processor.py:842} WARNING - No viable dags retrieved from /Users/paulamedina/venv/lib/python3.12/site-packages/airflow/example_dags/plugins/listener_plugin.py
[2024-05-06T18:45:50.544-0500] {processor.py:183} INFO - Processing /Users/paulamedina/venv/lib/python3.12/site-packages/airflow/example_dags/plugins/listener_plugin.py took 0.090 seconds
[2024-05-06T18:47:56.946-0500] {processor.py:161} INFO - Started process (PID=23405) to work on /Users/paulamedina/venv/lib/python3.12/site-packages/airflow/example_dags/plugins/listener_plugin.py
[2024-05-06T18:47:56.948-0500] {processor.py:830} INFO - Processing file /Users/paulamedina/venv/lib/python3.12/site-packages/airflow/example_dags/plugins/listener_plugin.py for tasks to queue
[2024-05-06T18:47:56.948-0500] {logging_mixin.py:188} INFO - [2024-05-06T18:47:56.948-0500] {dagbag.py:540} INFO - Filling up the DagBag from /Users/paulamedina/venv/lib/python3.12/site-packages/airflow/example_dags/plugins/listener_plugin.py
[2024-05-06T18:47:56.952-0500] {processor.py:842} WARNING - No viable dags retrieved from /Users/paulamedina/venv/lib/python3.12/site-packages/airflow/example_dags/plugins/listener_plugin.py
[2024-05-06T18:47:57.044-0500] {processor.py:183} INFO - Processing /Users/paulamedina/venv/lib/python3.12/site-packages/airflow/example_dags/plugins/listener_plugin.py took 0.101 seconds
[2024-05-06T18:50:04.211-0500] {processor.py:161} INFO - Started process (PID=23862) to work on /Users/paulamedina/venv/lib/python3.12/site-packages/airflow/example_dags/plugins/listener_plugin.py
[2024-05-06T18:50:04.212-0500] {processor.py:830} INFO - Processing file /Users/paulamedina/venv/lib/python3.12/site-packages/airflow/example_dags/plugins/listener_plugin.py for tasks to queue
[2024-05-06T18:50:04.212-0500] {logging_mixin.py:188} INFO - [2024-05-06T18:50:04.212-0500] {dagbag.py:540} INFO - Filling up the DagBag from /Users/paulamedina/venv/lib/python3.12/site-packages/airflow/example_dags/plugins/listener_plugin.py
[2024-05-06T18:50:04.214-0500] {processor.py:842} WARNING - No viable dags retrieved from /Users/paulamedina/venv/lib/python3.12/site-packages/airflow/example_dags/plugins/listener_plugin.py
[2024-05-06T18:50:04.294-0500] {processor.py:183} INFO - Processing /Users/paulamedina/venv/lib/python3.12/site-packages/airflow/example_dags/plugins/listener_plugin.py took 0.086 seconds
[2024-05-06T18:52:01.211-0500] {processor.py:161} INFO - Started process (PID=24279) to work on /Users/paulamedina/venv/lib/python3.12/site-packages/airflow/example_dags/plugins/listener_plugin.py
[2024-05-06T18:52:01.212-0500] {processor.py:830} INFO - Processing file /Users/paulamedina/venv/lib/python3.12/site-packages/airflow/example_dags/plugins/listener_plugin.py for tasks to queue
[2024-05-06T18:52:01.212-0500] {logging_mixin.py:188} INFO - [2024-05-06T18:52:01.212-0500] {dagbag.py:540} INFO - Filling up the DagBag from /Users/paulamedina/venv/lib/python3.12/site-packages/airflow/example_dags/plugins/listener_plugin.py
[2024-05-06T18:52:01.215-0500] {processor.py:842} WARNING - No viable dags retrieved from /Users/paulamedina/venv/lib/python3.12/site-packages/airflow/example_dags/plugins/listener_plugin.py
[2024-05-06T18:52:01.343-0500] {processor.py:183} INFO - Processing /Users/paulamedina/venv/lib/python3.12/site-packages/airflow/example_dags/plugins/listener_plugin.py took 0.134 seconds
[2024-05-06T18:53:59.112-0500] {processor.py:161} INFO - Started process (PID=24696) to work on /Users/paulamedina/venv/lib/python3.12/site-packages/airflow/example_dags/plugins/listener_plugin.py
[2024-05-06T18:53:59.113-0500] {processor.py:830} INFO - Processing file /Users/paulamedina/venv/lib/python3.12/site-packages/airflow/example_dags/plugins/listener_plugin.py for tasks to queue
[2024-05-06T18:53:59.113-0500] {logging_mixin.py:188} INFO - [2024-05-06T18:53:59.113-0500] {dagbag.py:540} INFO - Filling up the DagBag from /Users/paulamedina/venv/lib/python3.12/site-packages/airflow/example_dags/plugins/listener_plugin.py
[2024-05-06T18:53:59.116-0500] {processor.py:842} WARNING - No viable dags retrieved from /Users/paulamedina/venv/lib/python3.12/site-packages/airflow/example_dags/plugins/listener_plugin.py
[2024-05-06T18:53:59.205-0500] {processor.py:183} INFO - Processing /Users/paulamedina/venv/lib/python3.12/site-packages/airflow/example_dags/plugins/listener_plugin.py took 0.096 seconds
[2024-05-06T18:56:16.812-0500] {processor.py:161} INFO - Started process (PID=25182) to work on /Users/paulamedina/venv/lib/python3.12/site-packages/airflow/example_dags/plugins/listener_plugin.py
[2024-05-06T18:56:16.814-0500] {processor.py:830} INFO - Processing file /Users/paulamedina/venv/lib/python3.12/site-packages/airflow/example_dags/plugins/listener_plugin.py for tasks to queue
[2024-05-06T18:56:16.816-0500] {logging_mixin.py:188} INFO - [2024-05-06T18:56:16.815-0500] {dagbag.py:540} INFO - Filling up the DagBag from /Users/paulamedina/venv/lib/python3.12/site-packages/airflow/example_dags/plugins/listener_plugin.py
[2024-05-06T18:56:16.825-0500] {processor.py:842} WARNING - No viable dags retrieved from /Users/paulamedina/venv/lib/python3.12/site-packages/airflow/example_dags/plugins/listener_plugin.py
[2024-05-06T18:56:16.982-0500] {processor.py:183} INFO - Processing /Users/paulamedina/venv/lib/python3.12/site-packages/airflow/example_dags/plugins/listener_plugin.py took 0.174 seconds
[2024-05-06T18:58:30.303-0500] {processor.py:161} INFO - Started process (PID=25778) to work on /Users/paulamedina/venv/lib/python3.12/site-packages/airflow/example_dags/plugins/listener_plugin.py
[2024-05-06T18:58:30.304-0500] {processor.py:830} INFO - Processing file /Users/paulamedina/venv/lib/python3.12/site-packages/airflow/example_dags/plugins/listener_plugin.py for tasks to queue
[2024-05-06T18:58:30.305-0500] {logging_mixin.py:188} INFO - [2024-05-06T18:58:30.305-0500] {dagbag.py:540} INFO - Filling up the DagBag from /Users/paulamedina/venv/lib/python3.12/site-packages/airflow/example_dags/plugins/listener_plugin.py
[2024-05-06T18:58:30.309-0500] {processor.py:842} WARNING - No viable dags retrieved from /Users/paulamedina/venv/lib/python3.12/site-packages/airflow/example_dags/plugins/listener_plugin.py
[2024-05-06T18:58:30.384-0500] {processor.py:183} INFO - Processing /Users/paulamedina/venv/lib/python3.12/site-packages/airflow/example_dags/plugins/listener_plugin.py took 0.083 seconds
