[2024-05-06T18:09:23.452-0500] {processor.py:161} INFO - Started process (PID=6328) to work on /Users/paulamedina/venv/lib/python3.12/site-packages/airflow/example_dags/subdags/subdag.py
[2024-05-06T18:09:23.453-0500] {processor.py:830} INFO - Processing file /Users/paulamedina/venv/lib/python3.12/site-packages/airflow/example_dags/subdags/subdag.py for tasks to queue
[2024-05-06T18:09:23.453-0500] {logging_mixin.py:188} INFO - [2024-05-06T18:09:23.453-0500] {dagbag.py:540} INFO - Filling up the DagBag from /Users/paulamedina/venv/lib/python3.12/site-packages/airflow/example_dags/subdags/subdag.py
[2024-05-06T18:09:23.455-0500] {processor.py:842} WARNING - No viable dags retrieved from /Users/paulamedina/venv/lib/python3.12/site-packages/airflow/example_dags/subdags/subdag.py
[2024-05-06T18:09:23.531-0500] {processor.py:183} INFO - Processing /Users/paulamedina/venv/lib/python3.12/site-packages/airflow/example_dags/subdags/subdag.py took 0.081 seconds
[2024-05-06T18:11:48.693-0500] {processor.py:161} INFO - Started process (PID=8311) to work on /Users/paulamedina/venv/lib/python3.12/site-packages/airflow/example_dags/subdags/subdag.py
[2024-05-06T18:11:48.694-0500] {processor.py:830} INFO - Processing file /Users/paulamedina/venv/lib/python3.12/site-packages/airflow/example_dags/subdags/subdag.py for tasks to queue
[2024-05-06T18:11:48.695-0500] {logging_mixin.py:188} INFO - [2024-05-06T18:11:48.694-0500] {dagbag.py:540} INFO - Filling up the DagBag from /Users/paulamedina/venv/lib/python3.12/site-packages/airflow/example_dags/subdags/subdag.py
[2024-05-06T18:11:48.697-0500] {processor.py:842} WARNING - No viable dags retrieved from /Users/paulamedina/venv/lib/python3.12/site-packages/airflow/example_dags/subdags/subdag.py
[2024-05-06T18:11:48.773-0500] {processor.py:183} INFO - Processing /Users/paulamedina/venv/lib/python3.12/site-packages/airflow/example_dags/subdags/subdag.py took 0.083 seconds
[2024-05-06T18:13:47.699-0500] {processor.py:161} INFO - Started process (PID=9889) to work on /Users/paulamedina/venv/lib/python3.12/site-packages/airflow/example_dags/subdags/subdag.py
[2024-05-06T18:13:47.699-0500] {processor.py:830} INFO - Processing file /Users/paulamedina/venv/lib/python3.12/site-packages/airflow/example_dags/subdags/subdag.py for tasks to queue
[2024-05-06T18:13:47.700-0500] {logging_mixin.py:188} INFO - [2024-05-06T18:13:47.700-0500] {dagbag.py:540} INFO - Filling up the DagBag from /Users/paulamedina/venv/lib/python3.12/site-packages/airflow/example_dags/subdags/subdag.py
[2024-05-06T18:13:47.702-0500] {processor.py:842} WARNING - No viable dags retrieved from /Users/paulamedina/venv/lib/python3.12/site-packages/airflow/example_dags/subdags/subdag.py
[2024-05-06T18:13:47.788-0500] {processor.py:183} INFO - Processing /Users/paulamedina/venv/lib/python3.12/site-packages/airflow/example_dags/subdags/subdag.py took 0.092 seconds
[2024-05-06T18:15:40.944-0500] {processor.py:161} INFO - Started process (PID=11442) to work on /Users/paulamedina/venv/lib/python3.12/site-packages/airflow/example_dags/subdags/subdag.py
[2024-05-06T18:15:40.945-0500] {processor.py:830} INFO - Processing file /Users/paulamedina/venv/lib/python3.12/site-packages/airflow/example_dags/subdags/subdag.py for tasks to queue
[2024-05-06T18:15:40.946-0500] {logging_mixin.py:188} INFO - [2024-05-06T18:15:40.945-0500] {dagbag.py:540} INFO - Filling up the DagBag from /Users/paulamedina/venv/lib/python3.12/site-packages/airflow/example_dags/subdags/subdag.py
[2024-05-06T18:15:40.948-0500] {processor.py:842} WARNING - No viable dags retrieved from /Users/paulamedina/venv/lib/python3.12/site-packages/airflow/example_dags/subdags/subdag.py
[2024-05-06T18:15:41.031-0500] {processor.py:183} INFO - Processing /Users/paulamedina/venv/lib/python3.12/site-packages/airflow/example_dags/subdags/subdag.py took 0.090 seconds
[2024-05-06T18:17:37.922-0500] {processor.py:161} INFO - Started process (PID=13028) to work on /Users/paulamedina/venv/lib/python3.12/site-packages/airflow/example_dags/subdags/subdag.py
[2024-05-06T18:17:37.923-0500] {processor.py:830} INFO - Processing file /Users/paulamedina/venv/lib/python3.12/site-packages/airflow/example_dags/subdags/subdag.py for tasks to queue
[2024-05-06T18:17:37.924-0500] {logging_mixin.py:188} INFO - [2024-05-06T18:17:37.923-0500] {dagbag.py:540} INFO - Filling up the DagBag from /Users/paulamedina/venv/lib/python3.12/site-packages/airflow/example_dags/subdags/subdag.py
[2024-05-06T18:17:37.925-0500] {processor.py:842} WARNING - No viable dags retrieved from /Users/paulamedina/venv/lib/python3.12/site-packages/airflow/example_dags/subdags/subdag.py
[2024-05-06T18:17:38.006-0500] {processor.py:183} INFO - Processing /Users/paulamedina/venv/lib/python3.12/site-packages/airflow/example_dags/subdags/subdag.py took 0.086 seconds
[2024-05-06T18:19:33.942-0500] {processor.py:161} INFO - Started process (PID=14596) to work on /Users/paulamedina/venv/lib/python3.12/site-packages/airflow/example_dags/subdags/subdag.py
[2024-05-06T18:19:33.943-0500] {processor.py:830} INFO - Processing file /Users/paulamedina/venv/lib/python3.12/site-packages/airflow/example_dags/subdags/subdag.py for tasks to queue
[2024-05-06T18:19:33.944-0500] {logging_mixin.py:188} INFO - [2024-05-06T18:19:33.944-0500] {dagbag.py:540} INFO - Filling up the DagBag from /Users/paulamedina/venv/lib/python3.12/site-packages/airflow/example_dags/subdags/subdag.py
[2024-05-06T18:19:33.946-0500] {processor.py:842} WARNING - No viable dags retrieved from /Users/paulamedina/venv/lib/python3.12/site-packages/airflow/example_dags/subdags/subdag.py
[2024-05-06T18:19:34.048-0500] {processor.py:183} INFO - Processing /Users/paulamedina/venv/lib/python3.12/site-packages/airflow/example_dags/subdags/subdag.py took 0.109 seconds
[2024-05-06T18:21:36.496-0500] {processor.py:161} INFO - Started process (PID=16285) to work on /Users/paulamedina/venv/lib/python3.12/site-packages/airflow/example_dags/subdags/subdag.py
[2024-05-06T18:21:36.497-0500] {processor.py:830} INFO - Processing file /Users/paulamedina/venv/lib/python3.12/site-packages/airflow/example_dags/subdags/subdag.py for tasks to queue
[2024-05-06T18:21:36.498-0500] {logging_mixin.py:188} INFO - [2024-05-06T18:21:36.497-0500] {dagbag.py:540} INFO - Filling up the DagBag from /Users/paulamedina/venv/lib/python3.12/site-packages/airflow/example_dags/subdags/subdag.py
[2024-05-06T18:21:36.500-0500] {processor.py:842} WARNING - No viable dags retrieved from /Users/paulamedina/venv/lib/python3.12/site-packages/airflow/example_dags/subdags/subdag.py
[2024-05-06T18:21:36.598-0500] {processor.py:183} INFO - Processing /Users/paulamedina/venv/lib/python3.12/site-packages/airflow/example_dags/subdags/subdag.py took 0.105 seconds
[2024-05-06T18:23:57.340-0500] {processor.py:161} INFO - Started process (PID=18151) to work on /Users/paulamedina/venv/lib/python3.12/site-packages/airflow/example_dags/subdags/subdag.py
[2024-05-06T18:23:57.342-0500] {processor.py:830} INFO - Processing file /Users/paulamedina/venv/lib/python3.12/site-packages/airflow/example_dags/subdags/subdag.py for tasks to queue
[2024-05-06T18:23:57.342-0500] {logging_mixin.py:188} INFO - [2024-05-06T18:23:57.342-0500] {dagbag.py:540} INFO - Filling up the DagBag from /Users/paulamedina/venv/lib/python3.12/site-packages/airflow/example_dags/subdags/subdag.py
[2024-05-06T18:23:57.345-0500] {processor.py:842} WARNING - No viable dags retrieved from /Users/paulamedina/venv/lib/python3.12/site-packages/airflow/example_dags/subdags/subdag.py
[2024-05-06T18:23:57.421-0500] {processor.py:183} INFO - Processing /Users/paulamedina/venv/lib/python3.12/site-packages/airflow/example_dags/subdags/subdag.py took 0.083 seconds
[2024-05-06T18:25:48.499-0500] {processor.py:161} INFO - Started process (PID=18552) to work on /Users/paulamedina/venv/lib/python3.12/site-packages/airflow/example_dags/subdags/subdag.py
[2024-05-06T18:25:48.500-0500] {processor.py:830} INFO - Processing file /Users/paulamedina/venv/lib/python3.12/site-packages/airflow/example_dags/subdags/subdag.py for tasks to queue
[2024-05-06T18:25:48.501-0500] {logging_mixin.py:188} INFO - [2024-05-06T18:25:48.501-0500] {dagbag.py:540} INFO - Filling up the DagBag from /Users/paulamedina/venv/lib/python3.12/site-packages/airflow/example_dags/subdags/subdag.py
[2024-05-06T18:25:48.503-0500] {processor.py:842} WARNING - No viable dags retrieved from /Users/paulamedina/venv/lib/python3.12/site-packages/airflow/example_dags/subdags/subdag.py
[2024-05-06T18:25:48.574-0500] {processor.py:183} INFO - Processing /Users/paulamedina/venv/lib/python3.12/site-packages/airflow/example_dags/subdags/subdag.py took 0.077 seconds
[2024-05-06T18:27:48.358-0500] {processor.py:161} INFO - Started process (PID=18987) to work on /Users/paulamedina/venv/lib/python3.12/site-packages/airflow/example_dags/subdags/subdag.py
[2024-05-06T18:27:48.359-0500] {processor.py:830} INFO - Processing file /Users/paulamedina/venv/lib/python3.12/site-packages/airflow/example_dags/subdags/subdag.py for tasks to queue
[2024-05-06T18:27:48.359-0500] {logging_mixin.py:188} INFO - [2024-05-06T18:27:48.359-0500] {dagbag.py:540} INFO - Filling up the DagBag from /Users/paulamedina/venv/lib/python3.12/site-packages/airflow/example_dags/subdags/subdag.py
[2024-05-06T18:27:48.362-0500] {processor.py:842} WARNING - No viable dags retrieved from /Users/paulamedina/venv/lib/python3.12/site-packages/airflow/example_dags/subdags/subdag.py
[2024-05-06T18:27:48.460-0500] {processor.py:183} INFO - Processing /Users/paulamedina/venv/lib/python3.12/site-packages/airflow/example_dags/subdags/subdag.py took 0.105 seconds
[2024-05-06T18:29:48.780-0500] {processor.py:161} INFO - Started process (PID=19412) to work on /Users/paulamedina/venv/lib/python3.12/site-packages/airflow/example_dags/subdags/subdag.py
[2024-05-06T18:29:48.781-0500] {processor.py:830} INFO - Processing file /Users/paulamedina/venv/lib/python3.12/site-packages/airflow/example_dags/subdags/subdag.py for tasks to queue
[2024-05-06T18:29:48.781-0500] {logging_mixin.py:188} INFO - [2024-05-06T18:29:48.781-0500] {dagbag.py:540} INFO - Filling up the DagBag from /Users/paulamedina/venv/lib/python3.12/site-packages/airflow/example_dags/subdags/subdag.py
[2024-05-06T18:29:48.784-0500] {processor.py:842} WARNING - No viable dags retrieved from /Users/paulamedina/venv/lib/python3.12/site-packages/airflow/example_dags/subdags/subdag.py
[2024-05-06T18:29:48.875-0500] {processor.py:183} INFO - Processing /Users/paulamedina/venv/lib/python3.12/site-packages/airflow/example_dags/subdags/subdag.py took 0.098 seconds
[2024-05-06T18:31:55.923-0500] {processor.py:161} INFO - Started process (PID=19875) to work on /Users/paulamedina/venv/lib/python3.12/site-packages/airflow/example_dags/subdags/subdag.py
[2024-05-06T18:31:55.924-0500] {processor.py:830} INFO - Processing file /Users/paulamedina/venv/lib/python3.12/site-packages/airflow/example_dags/subdags/subdag.py for tasks to queue
[2024-05-06T18:31:55.925-0500] {logging_mixin.py:188} INFO - [2024-05-06T18:31:55.925-0500] {dagbag.py:540} INFO - Filling up the DagBag from /Users/paulamedina/venv/lib/python3.12/site-packages/airflow/example_dags/subdags/subdag.py
[2024-05-06T18:31:55.927-0500] {processor.py:842} WARNING - No viable dags retrieved from /Users/paulamedina/venv/lib/python3.12/site-packages/airflow/example_dags/subdags/subdag.py
[2024-05-06T18:31:56.005-0500] {processor.py:183} INFO - Processing /Users/paulamedina/venv/lib/python3.12/site-packages/airflow/example_dags/subdags/subdag.py took 0.085 seconds
[2024-05-06T18:33:59.592-0500] {processor.py:161} INFO - Started process (PID=20328) to work on /Users/paulamedina/venv/lib/python3.12/site-packages/airflow/example_dags/subdags/subdag.py
[2024-05-06T18:33:59.594-0500] {processor.py:830} INFO - Processing file /Users/paulamedina/venv/lib/python3.12/site-packages/airflow/example_dags/subdags/subdag.py for tasks to queue
[2024-05-06T18:33:59.595-0500] {logging_mixin.py:188} INFO - [2024-05-06T18:33:59.595-0500] {dagbag.py:540} INFO - Filling up the DagBag from /Users/paulamedina/venv/lib/python3.12/site-packages/airflow/example_dags/subdags/subdag.py
[2024-05-06T18:33:59.598-0500] {processor.py:842} WARNING - No viable dags retrieved from /Users/paulamedina/venv/lib/python3.12/site-packages/airflow/example_dags/subdags/subdag.py
[2024-05-06T18:33:59.682-0500] {processor.py:183} INFO - Processing /Users/paulamedina/venv/lib/python3.12/site-packages/airflow/example_dags/subdags/subdag.py took 0.093 seconds
[2024-05-06T18:35:57.288-0500] {processor.py:161} INFO - Started process (PID=20753) to work on /Users/paulamedina/venv/lib/python3.12/site-packages/airflow/example_dags/subdags/subdag.py
[2024-05-06T18:35:57.289-0500] {processor.py:830} INFO - Processing file /Users/paulamedina/venv/lib/python3.12/site-packages/airflow/example_dags/subdags/subdag.py for tasks to queue
[2024-05-06T18:35:57.290-0500] {logging_mixin.py:188} INFO - [2024-05-06T18:35:57.290-0500] {dagbag.py:540} INFO - Filling up the DagBag from /Users/paulamedina/venv/lib/python3.12/site-packages/airflow/example_dags/subdags/subdag.py
[2024-05-06T18:35:57.293-0500] {processor.py:842} WARNING - No viable dags retrieved from /Users/paulamedina/venv/lib/python3.12/site-packages/airflow/example_dags/subdags/subdag.py
[2024-05-06T18:35:57.377-0500] {processor.py:183} INFO - Processing /Users/paulamedina/venv/lib/python3.12/site-packages/airflow/example_dags/subdags/subdag.py took 0.091 seconds
[2024-05-06T18:37:57.275-0500] {processor.py:161} INFO - Started process (PID=21175) to work on /Users/paulamedina/venv/lib/python3.12/site-packages/airflow/example_dags/subdags/subdag.py
[2024-05-06T18:37:57.276-0500] {processor.py:830} INFO - Processing file /Users/paulamedina/venv/lib/python3.12/site-packages/airflow/example_dags/subdags/subdag.py for tasks to queue
[2024-05-06T18:37:57.277-0500] {logging_mixin.py:188} INFO - [2024-05-06T18:37:57.277-0500] {dagbag.py:540} INFO - Filling up the DagBag from /Users/paulamedina/venv/lib/python3.12/site-packages/airflow/example_dags/subdags/subdag.py
[2024-05-06T18:37:57.279-0500] {processor.py:842} WARNING - No viable dags retrieved from /Users/paulamedina/venv/lib/python3.12/site-packages/airflow/example_dags/subdags/subdag.py
[2024-05-06T18:37:57.360-0500] {processor.py:183} INFO - Processing /Users/paulamedina/venv/lib/python3.12/site-packages/airflow/example_dags/subdags/subdag.py took 0.087 seconds
[2024-05-06T18:39:51.201-0500] {processor.py:161} INFO - Started process (PID=21583) to work on /Users/paulamedina/venv/lib/python3.12/site-packages/airflow/example_dags/subdags/subdag.py
[2024-05-06T18:39:51.203-0500] {processor.py:830} INFO - Processing file /Users/paulamedina/venv/lib/python3.12/site-packages/airflow/example_dags/subdags/subdag.py for tasks to queue
[2024-05-06T18:39:51.204-0500] {logging_mixin.py:188} INFO - [2024-05-06T18:39:51.203-0500] {dagbag.py:540} INFO - Filling up the DagBag from /Users/paulamedina/venv/lib/python3.12/site-packages/airflow/example_dags/subdags/subdag.py
[2024-05-06T18:39:51.206-0500] {processor.py:842} WARNING - No viable dags retrieved from /Users/paulamedina/venv/lib/python3.12/site-packages/airflow/example_dags/subdags/subdag.py
[2024-05-06T18:39:51.296-0500] {processor.py:183} INFO - Processing /Users/paulamedina/venv/lib/python3.12/site-packages/airflow/example_dags/subdags/subdag.py took 0.097 seconds
[2024-05-06T18:41:49.033-0500] {processor.py:161} INFO - Started process (PID=21999) to work on /Users/paulamedina/venv/lib/python3.12/site-packages/airflow/example_dags/subdags/subdag.py
[2024-05-06T18:41:49.034-0500] {processor.py:830} INFO - Processing file /Users/paulamedina/venv/lib/python3.12/site-packages/airflow/example_dags/subdags/subdag.py for tasks to queue
[2024-05-06T18:41:49.035-0500] {logging_mixin.py:188} INFO - [2024-05-06T18:41:49.035-0500] {dagbag.py:540} INFO - Filling up the DagBag from /Users/paulamedina/venv/lib/python3.12/site-packages/airflow/example_dags/subdags/subdag.py
[2024-05-06T18:41:49.037-0500] {processor.py:842} WARNING - No viable dags retrieved from /Users/paulamedina/venv/lib/python3.12/site-packages/airflow/example_dags/subdags/subdag.py
[2024-05-06T18:41:49.132-0500] {processor.py:183} INFO - Processing /Users/paulamedina/venv/lib/python3.12/site-packages/airflow/example_dags/subdags/subdag.py took 0.102 seconds
[2024-05-06T18:43:51.936-0500] {processor.py:161} INFO - Started process (PID=22533) to work on /Users/paulamedina/venv/lib/python3.12/site-packages/airflow/example_dags/subdags/subdag.py
[2024-05-06T18:43:51.937-0500] {processor.py:830} INFO - Processing file /Users/paulamedina/venv/lib/python3.12/site-packages/airflow/example_dags/subdags/subdag.py for tasks to queue
[2024-05-06T18:43:51.938-0500] {logging_mixin.py:188} INFO - [2024-05-06T18:43:51.938-0500] {dagbag.py:540} INFO - Filling up the DagBag from /Users/paulamedina/venv/lib/python3.12/site-packages/airflow/example_dags/subdags/subdag.py
[2024-05-06T18:43:51.941-0500] {processor.py:842} WARNING - No viable dags retrieved from /Users/paulamedina/venv/lib/python3.12/site-packages/airflow/example_dags/subdags/subdag.py
[2024-05-06T18:43:52.015-0500] {processor.py:183} INFO - Processing /Users/paulamedina/venv/lib/python3.12/site-packages/airflow/example_dags/subdags/subdag.py took 0.082 seconds
[2024-05-06T18:45:44.996-0500] {processor.py:161} INFO - Started process (PID=22933) to work on /Users/paulamedina/venv/lib/python3.12/site-packages/airflow/example_dags/subdags/subdag.py
[2024-05-06T18:45:44.997-0500] {processor.py:830} INFO - Processing file /Users/paulamedina/venv/lib/python3.12/site-packages/airflow/example_dags/subdags/subdag.py for tasks to queue
[2024-05-06T18:45:44.997-0500] {logging_mixin.py:188} INFO - [2024-05-06T18:45:44.997-0500] {dagbag.py:540} INFO - Filling up the DagBag from /Users/paulamedina/venv/lib/python3.12/site-packages/airflow/example_dags/subdags/subdag.py
[2024-05-06T18:45:44.999-0500] {processor.py:842} WARNING - No viable dags retrieved from /Users/paulamedina/venv/lib/python3.12/site-packages/airflow/example_dags/subdags/subdag.py
[2024-05-06T18:45:45.091-0500] {processor.py:183} INFO - Processing /Users/paulamedina/venv/lib/python3.12/site-packages/airflow/example_dags/subdags/subdag.py took 0.098 seconds
[2024-05-06T18:47:51.059-0500] {processor.py:161} INFO - Started process (PID=23385) to work on /Users/paulamedina/venv/lib/python3.12/site-packages/airflow/example_dags/subdags/subdag.py
[2024-05-06T18:47:51.060-0500] {processor.py:830} INFO - Processing file /Users/paulamedina/venv/lib/python3.12/site-packages/airflow/example_dags/subdags/subdag.py for tasks to queue
[2024-05-06T18:47:51.061-0500] {logging_mixin.py:188} INFO - [2024-05-06T18:47:51.060-0500] {dagbag.py:540} INFO - Filling up the DagBag from /Users/paulamedina/venv/lib/python3.12/site-packages/airflow/example_dags/subdags/subdag.py
[2024-05-06T18:47:51.063-0500] {processor.py:842} WARNING - No viable dags retrieved from /Users/paulamedina/venv/lib/python3.12/site-packages/airflow/example_dags/subdags/subdag.py
[2024-05-06T18:47:51.138-0500] {processor.py:183} INFO - Processing /Users/paulamedina/venv/lib/python3.12/site-packages/airflow/example_dags/subdags/subdag.py took 0.082 seconds
[2024-05-06T18:49:58.319-0500] {processor.py:161} INFO - Started process (PID=23843) to work on /Users/paulamedina/venv/lib/python3.12/site-packages/airflow/example_dags/subdags/subdag.py
[2024-05-06T18:49:58.320-0500] {processor.py:830} INFO - Processing file /Users/paulamedina/venv/lib/python3.12/site-packages/airflow/example_dags/subdags/subdag.py for tasks to queue
[2024-05-06T18:49:58.321-0500] {logging_mixin.py:188} INFO - [2024-05-06T18:49:58.321-0500] {dagbag.py:540} INFO - Filling up the DagBag from /Users/paulamedina/venv/lib/python3.12/site-packages/airflow/example_dags/subdags/subdag.py
[2024-05-06T18:49:58.323-0500] {processor.py:842} WARNING - No viable dags retrieved from /Users/paulamedina/venv/lib/python3.12/site-packages/airflow/example_dags/subdags/subdag.py
[2024-05-06T18:49:58.400-0500] {processor.py:183} INFO - Processing /Users/paulamedina/venv/lib/python3.12/site-packages/airflow/example_dags/subdags/subdag.py took 0.083 seconds
[2024-05-06T18:51:54.475-0500] {processor.py:161} INFO - Started process (PID=24259) to work on /Users/paulamedina/venv/lib/python3.12/site-packages/airflow/example_dags/subdags/subdag.py
[2024-05-06T18:51:54.476-0500] {processor.py:830} INFO - Processing file /Users/paulamedina/venv/lib/python3.12/site-packages/airflow/example_dags/subdags/subdag.py for tasks to queue
[2024-05-06T18:51:54.477-0500] {logging_mixin.py:188} INFO - [2024-05-06T18:51:54.477-0500] {dagbag.py:540} INFO - Filling up the DagBag from /Users/paulamedina/venv/lib/python3.12/site-packages/airflow/example_dags/subdags/subdag.py
[2024-05-06T18:51:54.479-0500] {processor.py:842} WARNING - No viable dags retrieved from /Users/paulamedina/venv/lib/python3.12/site-packages/airflow/example_dags/subdags/subdag.py
[2024-05-06T18:51:54.554-0500] {processor.py:183} INFO - Processing /Users/paulamedina/venv/lib/python3.12/site-packages/airflow/example_dags/subdags/subdag.py took 0.081 seconds
[2024-05-06T18:53:52.716-0500] {processor.py:161} INFO - Started process (PID=24674) to work on /Users/paulamedina/venv/lib/python3.12/site-packages/airflow/example_dags/subdags/subdag.py
[2024-05-06T18:53:52.717-0500] {processor.py:830} INFO - Processing file /Users/paulamedina/venv/lib/python3.12/site-packages/airflow/example_dags/subdags/subdag.py for tasks to queue
[2024-05-06T18:53:52.717-0500] {logging_mixin.py:188} INFO - [2024-05-06T18:53:52.717-0500] {dagbag.py:540} INFO - Filling up the DagBag from /Users/paulamedina/venv/lib/python3.12/site-packages/airflow/example_dags/subdags/subdag.py
[2024-05-06T18:53:52.719-0500] {processor.py:842} WARNING - No viable dags retrieved from /Users/paulamedina/venv/lib/python3.12/site-packages/airflow/example_dags/subdags/subdag.py
[2024-05-06T18:53:52.786-0500] {processor.py:183} INFO - Processing /Users/paulamedina/venv/lib/python3.12/site-packages/airflow/example_dags/subdags/subdag.py took 0.072 seconds
[2024-05-06T18:56:05.752-0500] {processor.py:161} INFO - Started process (PID=25136) to work on /Users/paulamedina/venv/lib/python3.12/site-packages/airflow/example_dags/subdags/subdag.py
[2024-05-06T18:56:05.755-0500] {processor.py:830} INFO - Processing file /Users/paulamedina/venv/lib/python3.12/site-packages/airflow/example_dags/subdags/subdag.py for tasks to queue
[2024-05-06T18:56:05.756-0500] {logging_mixin.py:188} INFO - [2024-05-06T18:56:05.756-0500] {dagbag.py:540} INFO - Filling up the DagBag from /Users/paulamedina/venv/lib/python3.12/site-packages/airflow/example_dags/subdags/subdag.py
[2024-05-06T18:56:05.761-0500] {processor.py:842} WARNING - No viable dags retrieved from /Users/paulamedina/venv/lib/python3.12/site-packages/airflow/example_dags/subdags/subdag.py
[2024-05-06T18:56:05.943-0500] {processor.py:183} INFO - Processing /Users/paulamedina/venv/lib/python3.12/site-packages/airflow/example_dags/subdags/subdag.py took 0.198 seconds
[2024-05-06T18:58:24.552-0500] {processor.py:161} INFO - Started process (PID=25745) to work on /Users/paulamedina/venv/lib/python3.12/site-packages/airflow/example_dags/subdags/subdag.py
[2024-05-06T18:58:24.554-0500] {processor.py:830} INFO - Processing file /Users/paulamedina/venv/lib/python3.12/site-packages/airflow/example_dags/subdags/subdag.py for tasks to queue
[2024-05-06T18:58:24.555-0500] {logging_mixin.py:188} INFO - [2024-05-06T18:58:24.554-0500] {dagbag.py:540} INFO - Filling up the DagBag from /Users/paulamedina/venv/lib/python3.12/site-packages/airflow/example_dags/subdags/subdag.py
[2024-05-06T18:58:24.556-0500] {processor.py:842} WARNING - No viable dags retrieved from /Users/paulamedina/venv/lib/python3.12/site-packages/airflow/example_dags/subdags/subdag.py
[2024-05-06T18:58:24.632-0500] {processor.py:183} INFO - Processing /Users/paulamedina/venv/lib/python3.12/site-packages/airflow/example_dags/subdags/subdag.py took 0.083 seconds
