[2024-05-06T19:01:48.725-0500] {processor.py:161} INFO - Started process (PID=26522) to work on /Users/paulamedina/venv/lib/python3.12/site-packages/airflow/example_dags/example_external_task_marker_dag.py
[2024-05-06T19:01:48.742-0500] {processor.py:830} INFO - Processing file /Users/paulamedina/venv/lib/python3.12/site-packages/airflow/example_dags/example_external_task_marker_dag.py for tasks to queue
[2024-05-06T19:01:48.743-0500] {logging_mixin.py:188} INFO - [2024-05-06T19:01:48.742-0500] {dagbag.py:540} INFO - Filling up the DagBag from /Users/paulamedina/venv/lib/python3.12/site-packages/airflow/example_dags/example_external_task_marker_dag.py
[2024-05-06T19:01:48.760-0500] {processor.py:840} INFO - DAG(s) 'example_external_task_marker_parent', 'example_external_task_marker_child' retrieved from /Users/paulamedina/venv/lib/python3.12/site-packages/airflow/example_dags/example_external_task_marker_dag.py
[2024-05-06T19:01:48.851-0500] {logging_mixin.py:188} INFO - [2024-05-06T19:01:48.851-0500] {dag.py:3096} INFO - Sync 2 DAGs
[2024-05-06T19:01:48.859-0500] {logging_mixin.py:188} INFO - [2024-05-06T19:01:48.859-0500] {dag.py:3954} INFO - Setting next_dagrun for example_external_task_marker_child to None, run_after=None
[2024-05-06T19:01:48.861-0500] {logging_mixin.py:188} INFO - [2024-05-06T19:01:48.861-0500] {dag.py:3954} INFO - Setting next_dagrun for example_external_task_marker_parent to None, run_after=None
[2024-05-06T19:01:48.875-0500] {processor.py:183} INFO - Processing /Users/paulamedina/venv/lib/python3.12/site-packages/airflow/example_dags/example_external_task_marker_dag.py took 0.153 seconds
[2024-05-06T19:05:07.921-0500] {processor.py:161} INFO - Started process (PID=27236) to work on /Users/paulamedina/venv/lib/python3.12/site-packages/airflow/example_dags/example_external_task_marker_dag.py
[2024-05-06T19:05:07.922-0500] {processor.py:830} INFO - Processing file /Users/paulamedina/venv/lib/python3.12/site-packages/airflow/example_dags/example_external_task_marker_dag.py for tasks to queue
[2024-05-06T19:05:07.922-0500] {logging_mixin.py:188} INFO - [2024-05-06T19:05:07.922-0500] {dagbag.py:540} INFO - Filling up the DagBag from /Users/paulamedina/venv/lib/python3.12/site-packages/airflow/example_dags/example_external_task_marker_dag.py
[2024-05-06T19:05:07.934-0500] {processor.py:840} INFO - DAG(s) 'example_external_task_marker_parent', 'example_external_task_marker_child' retrieved from /Users/paulamedina/venv/lib/python3.12/site-packages/airflow/example_dags/example_external_task_marker_dag.py
[2024-05-06T19:05:08.017-0500] {logging_mixin.py:188} INFO - [2024-05-06T19:05:08.016-0500] {dag.py:3096} INFO - Sync 2 DAGs
[2024-05-06T19:05:08.024-0500] {logging_mixin.py:188} INFO - [2024-05-06T19:05:08.024-0500] {dag.py:3954} INFO - Setting next_dagrun for example_external_task_marker_child to None, run_after=None
[2024-05-06T19:05:08.027-0500] {logging_mixin.py:188} INFO - [2024-05-06T19:05:08.027-0500] {dag.py:3954} INFO - Setting next_dagrun for example_external_task_marker_parent to None, run_after=None
[2024-05-06T19:05:08.040-0500] {processor.py:183} INFO - Processing /Users/paulamedina/venv/lib/python3.12/site-packages/airflow/example_dags/example_external_task_marker_dag.py took 0.122 seconds
[2024-05-06T19:08:30.627-0500] {processor.py:161} INFO - Started process (PID=27986) to work on /Users/paulamedina/venv/lib/python3.12/site-packages/airflow/example_dags/example_external_task_marker_dag.py
[2024-05-06T19:08:30.628-0500] {processor.py:830} INFO - Processing file /Users/paulamedina/venv/lib/python3.12/site-packages/airflow/example_dags/example_external_task_marker_dag.py for tasks to queue
[2024-05-06T19:08:30.628-0500] {logging_mixin.py:188} INFO - [2024-05-06T19:08:30.628-0500] {dagbag.py:540} INFO - Filling up the DagBag from /Users/paulamedina/venv/lib/python3.12/site-packages/airflow/example_dags/example_external_task_marker_dag.py
[2024-05-06T19:08:30.642-0500] {processor.py:840} INFO - DAG(s) 'example_external_task_marker_child', 'example_external_task_marker_parent' retrieved from /Users/paulamedina/venv/lib/python3.12/site-packages/airflow/example_dags/example_external_task_marker_dag.py
[2024-05-06T19:08:30.729-0500] {logging_mixin.py:188} INFO - [2024-05-06T19:08:30.729-0500] {dag.py:3096} INFO - Sync 2 DAGs
[2024-05-06T19:08:30.737-0500] {logging_mixin.py:188} INFO - [2024-05-06T19:08:30.737-0500] {dag.py:3954} INFO - Setting next_dagrun for example_external_task_marker_child to None, run_after=None
[2024-05-06T19:08:30.739-0500] {logging_mixin.py:188} INFO - [2024-05-06T19:08:30.739-0500] {dag.py:3954} INFO - Setting next_dagrun for example_external_task_marker_parent to None, run_after=None
[2024-05-06T19:08:30.752-0500] {processor.py:183} INFO - Processing /Users/paulamedina/venv/lib/python3.12/site-packages/airflow/example_dags/example_external_task_marker_dag.py took 0.128 seconds
[2024-05-06T19:11:55.285-0500] {processor.py:161} INFO - Started process (PID=28707) to work on /Users/paulamedina/venv/lib/python3.12/site-packages/airflow/example_dags/example_external_task_marker_dag.py
[2024-05-06T19:11:55.286-0500] {processor.py:830} INFO - Processing file /Users/paulamedina/venv/lib/python3.12/site-packages/airflow/example_dags/example_external_task_marker_dag.py for tasks to queue
[2024-05-06T19:11:55.287-0500] {logging_mixin.py:188} INFO - [2024-05-06T19:11:55.287-0500] {dagbag.py:540} INFO - Filling up the DagBag from /Users/paulamedina/venv/lib/python3.12/site-packages/airflow/example_dags/example_external_task_marker_dag.py
[2024-05-06T19:11:55.299-0500] {processor.py:840} INFO - DAG(s) 'example_external_task_marker_child', 'example_external_task_marker_parent' retrieved from /Users/paulamedina/venv/lib/python3.12/site-packages/airflow/example_dags/example_external_task_marker_dag.py
[2024-05-06T19:11:55.381-0500] {logging_mixin.py:188} INFO - [2024-05-06T19:11:55.381-0500] {dag.py:3096} INFO - Sync 2 DAGs
[2024-05-06T19:11:55.389-0500] {logging_mixin.py:188} INFO - [2024-05-06T19:11:55.389-0500] {dag.py:3954} INFO - Setting next_dagrun for example_external_task_marker_child to None, run_after=None
[2024-05-06T19:11:55.391-0500] {logging_mixin.py:188} INFO - [2024-05-06T19:11:55.391-0500] {dag.py:3954} INFO - Setting next_dagrun for example_external_task_marker_parent to None, run_after=None
[2024-05-06T19:11:55.403-0500] {processor.py:183} INFO - Processing /Users/paulamedina/venv/lib/python3.12/site-packages/airflow/example_dags/example_external_task_marker_dag.py took 0.119 seconds
[2024-05-06T19:15:48.791-0500] {processor.py:161} INFO - Started process (PID=29529) to work on /Users/paulamedina/venv/lib/python3.12/site-packages/airflow/example_dags/example_external_task_marker_dag.py
[2024-05-06T19:15:48.793-0500] {processor.py:830} INFO - Processing file /Users/paulamedina/venv/lib/python3.12/site-packages/airflow/example_dags/example_external_task_marker_dag.py for tasks to queue
[2024-05-06T19:15:48.794-0500] {logging_mixin.py:188} INFO - [2024-05-06T19:15:48.793-0500] {dagbag.py:540} INFO - Filling up the DagBag from /Users/paulamedina/venv/lib/python3.12/site-packages/airflow/example_dags/example_external_task_marker_dag.py
[2024-05-06T19:15:48.810-0500] {processor.py:840} INFO - DAG(s) 'example_external_task_marker_child', 'example_external_task_marker_parent' retrieved from /Users/paulamedina/venv/lib/python3.12/site-packages/airflow/example_dags/example_external_task_marker_dag.py
[2024-05-06T19:15:48.919-0500] {logging_mixin.py:188} INFO - [2024-05-06T19:15:48.919-0500] {dag.py:3096} INFO - Sync 2 DAGs
[2024-05-06T19:15:48.930-0500] {logging_mixin.py:188} INFO - [2024-05-06T19:15:48.930-0500] {dag.py:3954} INFO - Setting next_dagrun for example_external_task_marker_child to None, run_after=None
[2024-05-06T19:15:48.933-0500] {logging_mixin.py:188} INFO - [2024-05-06T19:15:48.933-0500] {dag.py:3954} INFO - Setting next_dagrun for example_external_task_marker_parent to None, run_after=None
[2024-05-06T19:15:48.951-0500] {processor.py:183} INFO - Processing /Users/paulamedina/venv/lib/python3.12/site-packages/airflow/example_dags/example_external_task_marker_dag.py took 0.162 seconds
[2024-05-06T19:20:28.094-0500] {processor.py:161} INFO - Started process (PID=30583) to work on /Users/paulamedina/venv/lib/python3.12/site-packages/airflow/example_dags/example_external_task_marker_dag.py
[2024-05-06T19:20:28.096-0500] {processor.py:830} INFO - Processing file /Users/paulamedina/venv/lib/python3.12/site-packages/airflow/example_dags/example_external_task_marker_dag.py for tasks to queue
[2024-05-06T19:20:28.096-0500] {logging_mixin.py:188} INFO - [2024-05-06T19:20:28.096-0500] {dagbag.py:540} INFO - Filling up the DagBag from /Users/paulamedina/venv/lib/python3.12/site-packages/airflow/example_dags/example_external_task_marker_dag.py
[2024-05-06T19:20:28.114-0500] {processor.py:840} INFO - DAG(s) 'example_external_task_marker_child', 'example_external_task_marker_parent' retrieved from /Users/paulamedina/venv/lib/python3.12/site-packages/airflow/example_dags/example_external_task_marker_dag.py
[2024-05-06T19:20:28.225-0500] {logging_mixin.py:188} INFO - [2024-05-06T19:20:28.225-0500] {dag.py:3096} INFO - Sync 2 DAGs
[2024-05-06T19:20:28.236-0500] {logging_mixin.py:188} INFO - [2024-05-06T19:20:28.236-0500] {dag.py:3954} INFO - Setting next_dagrun for example_external_task_marker_child to None, run_after=None
[2024-05-06T19:20:28.240-0500] {logging_mixin.py:188} INFO - [2024-05-06T19:20:28.239-0500] {dag.py:3954} INFO - Setting next_dagrun for example_external_task_marker_parent to None, run_after=None
[2024-05-06T19:20:28.255-0500] {processor.py:183} INFO - Processing /Users/paulamedina/venv/lib/python3.12/site-packages/airflow/example_dags/example_external_task_marker_dag.py took 0.164 seconds
[2024-05-06T19:25:02.869-0500] {processor.py:161} INFO - Started process (PID=31560) to work on /Users/paulamedina/venv/lib/python3.12/site-packages/airflow/example_dags/example_external_task_marker_dag.py
[2024-05-06T19:25:02.870-0500] {processor.py:830} INFO - Processing file /Users/paulamedina/venv/lib/python3.12/site-packages/airflow/example_dags/example_external_task_marker_dag.py for tasks to queue
[2024-05-06T19:25:02.871-0500] {logging_mixin.py:188} INFO - [2024-05-06T19:25:02.871-0500] {dagbag.py:540} INFO - Filling up the DagBag from /Users/paulamedina/venv/lib/python3.12/site-packages/airflow/example_dags/example_external_task_marker_dag.py
[2024-05-06T19:25:02.891-0500] {processor.py:840} INFO - DAG(s) 'example_external_task_marker_child', 'example_external_task_marker_parent' retrieved from /Users/paulamedina/venv/lib/python3.12/site-packages/airflow/example_dags/example_external_task_marker_dag.py
[2024-05-06T19:25:03.020-0500] {logging_mixin.py:188} INFO - [2024-05-06T19:25:03.019-0500] {dag.py:3096} INFO - Sync 2 DAGs
[2024-05-06T19:25:03.032-0500] {logging_mixin.py:188} INFO - [2024-05-06T19:25:03.032-0500] {dag.py:3954} INFO - Setting next_dagrun for example_external_task_marker_child to None, run_after=None
[2024-05-06T19:25:03.036-0500] {logging_mixin.py:188} INFO - [2024-05-06T19:25:03.035-0500] {dag.py:3954} INFO - Setting next_dagrun for example_external_task_marker_parent to None, run_after=None
[2024-05-06T19:25:03.054-0500] {processor.py:183} INFO - Processing /Users/paulamedina/venv/lib/python3.12/site-packages/airflow/example_dags/example_external_task_marker_dag.py took 0.187 seconds
[2024-05-06T19:28:49.255-0500] {processor.py:161} INFO - Started process (PID=32363) to work on /Users/paulamedina/venv/lib/python3.12/site-packages/airflow/example_dags/example_external_task_marker_dag.py
[2024-05-06T19:28:49.256-0500] {processor.py:830} INFO - Processing file /Users/paulamedina/venv/lib/python3.12/site-packages/airflow/example_dags/example_external_task_marker_dag.py for tasks to queue
[2024-05-06T19:28:49.256-0500] {logging_mixin.py:188} INFO - [2024-05-06T19:28:49.256-0500] {dagbag.py:540} INFO - Filling up the DagBag from /Users/paulamedina/venv/lib/python3.12/site-packages/airflow/example_dags/example_external_task_marker_dag.py
[2024-05-06T19:28:49.268-0500] {processor.py:840} INFO - DAG(s) 'example_external_task_marker_child', 'example_external_task_marker_parent' retrieved from /Users/paulamedina/venv/lib/python3.12/site-packages/airflow/example_dags/example_external_task_marker_dag.py
[2024-05-06T19:28:49.351-0500] {logging_mixin.py:188} INFO - [2024-05-06T19:28:49.351-0500] {dag.py:3096} INFO - Sync 2 DAGs
[2024-05-06T19:28:49.359-0500] {logging_mixin.py:188} INFO - [2024-05-06T19:28:49.359-0500] {dag.py:3954} INFO - Setting next_dagrun for example_external_task_marker_child to None, run_after=None
[2024-05-06T19:28:49.361-0500] {logging_mixin.py:188} INFO - [2024-05-06T19:28:49.361-0500] {dag.py:3954} INFO - Setting next_dagrun for example_external_task_marker_parent to None, run_after=None
[2024-05-06T19:28:49.374-0500] {processor.py:183} INFO - Processing /Users/paulamedina/venv/lib/python3.12/site-packages/airflow/example_dags/example_external_task_marker_dag.py took 0.121 seconds
[2024-05-06T19:32:17.650-0500] {processor.py:161} INFO - Started process (PID=33121) to work on /Users/paulamedina/venv/lib/python3.12/site-packages/airflow/example_dags/example_external_task_marker_dag.py
[2024-05-06T19:32:17.651-0500] {processor.py:830} INFO - Processing file /Users/paulamedina/venv/lib/python3.12/site-packages/airflow/example_dags/example_external_task_marker_dag.py for tasks to queue
[2024-05-06T19:32:17.651-0500] {logging_mixin.py:188} INFO - [2024-05-06T19:32:17.651-0500] {dagbag.py:540} INFO - Filling up the DagBag from /Users/paulamedina/venv/lib/python3.12/site-packages/airflow/example_dags/example_external_task_marker_dag.py
[2024-05-06T19:32:17.665-0500] {processor.py:840} INFO - DAG(s) 'example_external_task_marker_parent', 'example_external_task_marker_child' retrieved from /Users/paulamedina/venv/lib/python3.12/site-packages/airflow/example_dags/example_external_task_marker_dag.py
[2024-05-06T19:32:17.758-0500] {logging_mixin.py:188} INFO - [2024-05-06T19:32:17.758-0500] {dag.py:3096} INFO - Sync 2 DAGs
[2024-05-06T19:32:17.767-0500] {logging_mixin.py:188} INFO - [2024-05-06T19:32:17.767-0500] {dag.py:3954} INFO - Setting next_dagrun for example_external_task_marker_child to None, run_after=None
[2024-05-06T19:32:17.770-0500] {logging_mixin.py:188} INFO - [2024-05-06T19:32:17.770-0500] {dag.py:3954} INFO - Setting next_dagrun for example_external_task_marker_parent to None, run_after=None
[2024-05-06T19:32:17.784-0500] {processor.py:183} INFO - Processing /Users/paulamedina/venv/lib/python3.12/site-packages/airflow/example_dags/example_external_task_marker_dag.py took 0.137 seconds
[2024-05-06T19:35:45.896-0500] {processor.py:161} INFO - Started process (PID=33938) to work on /Users/paulamedina/venv/lib/python3.12/site-packages/airflow/example_dags/example_external_task_marker_dag.py
[2024-05-06T19:35:45.897-0500] {processor.py:830} INFO - Processing file /Users/paulamedina/venv/lib/python3.12/site-packages/airflow/example_dags/example_external_task_marker_dag.py for tasks to queue
[2024-05-06T19:35:45.898-0500] {logging_mixin.py:188} INFO - [2024-05-06T19:35:45.898-0500] {dagbag.py:540} INFO - Filling up the DagBag from /Users/paulamedina/venv/lib/python3.12/site-packages/airflow/example_dags/example_external_task_marker_dag.py
[2024-05-06T19:35:45.914-0500] {processor.py:840} INFO - DAG(s) 'example_external_task_marker_child', 'example_external_task_marker_parent' retrieved from /Users/paulamedina/venv/lib/python3.12/site-packages/airflow/example_dags/example_external_task_marker_dag.py
[2024-05-06T19:35:46.008-0500] {logging_mixin.py:188} INFO - [2024-05-06T19:35:46.008-0500] {dag.py:3096} INFO - Sync 2 DAGs
[2024-05-06T19:35:46.016-0500] {logging_mixin.py:188} INFO - [2024-05-06T19:35:46.016-0500] {dag.py:3954} INFO - Setting next_dagrun for example_external_task_marker_child to None, run_after=None
[2024-05-06T19:35:46.018-0500] {logging_mixin.py:188} INFO - [2024-05-06T19:35:46.018-0500] {dag.py:3954} INFO - Setting next_dagrun for example_external_task_marker_parent to None, run_after=None
[2024-05-06T19:35:46.031-0500] {processor.py:183} INFO - Processing /Users/paulamedina/venv/lib/python3.12/site-packages/airflow/example_dags/example_external_task_marker_dag.py took 0.137 seconds
[2024-05-06T19:39:06.874-0500] {processor.py:161} INFO - Started process (PID=34667) to work on /Users/paulamedina/venv/lib/python3.12/site-packages/airflow/example_dags/example_external_task_marker_dag.py
[2024-05-06T19:39:06.875-0500] {processor.py:830} INFO - Processing file /Users/paulamedina/venv/lib/python3.12/site-packages/airflow/example_dags/example_external_task_marker_dag.py for tasks to queue
[2024-05-06T19:39:06.876-0500] {logging_mixin.py:188} INFO - [2024-05-06T19:39:06.875-0500] {dagbag.py:540} INFO - Filling up the DagBag from /Users/paulamedina/venv/lib/python3.12/site-packages/airflow/example_dags/example_external_task_marker_dag.py
[2024-05-06T19:39:06.890-0500] {processor.py:840} INFO - DAG(s) 'example_external_task_marker_child', 'example_external_task_marker_parent' retrieved from /Users/paulamedina/venv/lib/python3.12/site-packages/airflow/example_dags/example_external_task_marker_dag.py
[2024-05-06T19:39:06.997-0500] {logging_mixin.py:188} INFO - [2024-05-06T19:39:06.997-0500] {dag.py:3096} INFO - Sync 2 DAGs
[2024-05-06T19:39:07.006-0500] {logging_mixin.py:188} INFO - [2024-05-06T19:39:07.006-0500] {dag.py:3954} INFO - Setting next_dagrun for example_external_task_marker_child to None, run_after=None
[2024-05-06T19:39:07.009-0500] {logging_mixin.py:188} INFO - [2024-05-06T19:39:07.009-0500] {dag.py:3954} INFO - Setting next_dagrun for example_external_task_marker_parent to None, run_after=None
[2024-05-06T19:39:07.023-0500] {processor.py:183} INFO - Processing /Users/paulamedina/venv/lib/python3.12/site-packages/airflow/example_dags/example_external_task_marker_dag.py took 0.151 seconds
[2024-05-06T19:42:21.701-0500] {processor.py:161} INFO - Started process (PID=35355) to work on /Users/paulamedina/venv/lib/python3.12/site-packages/airflow/example_dags/example_external_task_marker_dag.py
[2024-05-06T19:42:21.702-0500] {processor.py:830} INFO - Processing file /Users/paulamedina/venv/lib/python3.12/site-packages/airflow/example_dags/example_external_task_marker_dag.py for tasks to queue
[2024-05-06T19:42:21.703-0500] {logging_mixin.py:188} INFO - [2024-05-06T19:42:21.703-0500] {dagbag.py:540} INFO - Filling up the DagBag from /Users/paulamedina/venv/lib/python3.12/site-packages/airflow/example_dags/example_external_task_marker_dag.py
[2024-05-06T19:42:21.717-0500] {processor.py:840} INFO - DAG(s) 'example_external_task_marker_child', 'example_external_task_marker_parent' retrieved from /Users/paulamedina/venv/lib/python3.12/site-packages/airflow/example_dags/example_external_task_marker_dag.py
[2024-05-06T19:42:21.812-0500] {logging_mixin.py:188} INFO - [2024-05-06T19:42:21.812-0500] {dag.py:3096} INFO - Sync 2 DAGs
[2024-05-06T19:42:21.821-0500] {logging_mixin.py:188} INFO - [2024-05-06T19:42:21.821-0500] {dag.py:3954} INFO - Setting next_dagrun for example_external_task_marker_child to None, run_after=None
[2024-05-06T19:42:21.823-0500] {logging_mixin.py:188} INFO - [2024-05-06T19:42:21.823-0500] {dag.py:3954} INFO - Setting next_dagrun for example_external_task_marker_parent to None, run_after=None
[2024-05-06T19:42:21.838-0500] {processor.py:183} INFO - Processing /Users/paulamedina/venv/lib/python3.12/site-packages/airflow/example_dags/example_external_task_marker_dag.py took 0.139 seconds
[2024-05-06T19:45:48.355-0500] {processor.py:161} INFO - Started process (PID=36087) to work on /Users/paulamedina/venv/lib/python3.12/site-packages/airflow/example_dags/example_external_task_marker_dag.py
[2024-05-06T19:45:48.355-0500] {processor.py:830} INFO - Processing file /Users/paulamedina/venv/lib/python3.12/site-packages/airflow/example_dags/example_external_task_marker_dag.py for tasks to queue
[2024-05-06T19:45:48.356-0500] {logging_mixin.py:188} INFO - [2024-05-06T19:45:48.356-0500] {dagbag.py:540} INFO - Filling up the DagBag from /Users/paulamedina/venv/lib/python3.12/site-packages/airflow/example_dags/example_external_task_marker_dag.py
[2024-05-06T19:45:48.370-0500] {processor.py:840} INFO - DAG(s) 'example_external_task_marker_child', 'example_external_task_marker_parent' retrieved from /Users/paulamedina/venv/lib/python3.12/site-packages/airflow/example_dags/example_external_task_marker_dag.py
[2024-05-06T19:45:48.467-0500] {logging_mixin.py:188} INFO - [2024-05-06T19:45:48.467-0500] {dag.py:3096} INFO - Sync 2 DAGs
[2024-05-06T19:45:48.476-0500] {logging_mixin.py:188} INFO - [2024-05-06T19:45:48.476-0500] {dag.py:3954} INFO - Setting next_dagrun for example_external_task_marker_child to None, run_after=None
[2024-05-06T19:45:48.479-0500] {logging_mixin.py:188} INFO - [2024-05-06T19:45:48.479-0500] {dag.py:3954} INFO - Setting next_dagrun for example_external_task_marker_parent to None, run_after=None
[2024-05-06T19:45:48.493-0500] {processor.py:183} INFO - Processing /Users/paulamedina/venv/lib/python3.12/site-packages/airflow/example_dags/example_external_task_marker_dag.py took 0.140 seconds
[2024-05-06T19:49:14.903-0500] {processor.py:161} INFO - Started process (PID=36822) to work on /Users/paulamedina/venv/lib/python3.12/site-packages/airflow/example_dags/example_external_task_marker_dag.py
[2024-05-06T19:49:14.904-0500] {processor.py:830} INFO - Processing file /Users/paulamedina/venv/lib/python3.12/site-packages/airflow/example_dags/example_external_task_marker_dag.py for tasks to queue
[2024-05-06T19:49:14.904-0500] {logging_mixin.py:188} INFO - [2024-05-06T19:49:14.904-0500] {dagbag.py:540} INFO - Filling up the DagBag from /Users/paulamedina/venv/lib/python3.12/site-packages/airflow/example_dags/example_external_task_marker_dag.py
[2024-05-06T19:49:14.918-0500] {processor.py:840} INFO - DAG(s) 'example_external_task_marker_parent', 'example_external_task_marker_child' retrieved from /Users/paulamedina/venv/lib/python3.12/site-packages/airflow/example_dags/example_external_task_marker_dag.py
[2024-05-06T19:49:15.014-0500] {logging_mixin.py:188} INFO - [2024-05-06T19:49:15.014-0500] {dag.py:3096} INFO - Sync 2 DAGs
[2024-05-06T19:49:15.023-0500] {logging_mixin.py:188} INFO - [2024-05-06T19:49:15.023-0500] {dag.py:3954} INFO - Setting next_dagrun for example_external_task_marker_child to None, run_after=None
[2024-05-06T19:49:15.025-0500] {logging_mixin.py:188} INFO - [2024-05-06T19:49:15.025-0500] {dag.py:3954} INFO - Setting next_dagrun for example_external_task_marker_parent to None, run_after=None
[2024-05-06T19:49:15.040-0500] {processor.py:183} INFO - Processing /Users/paulamedina/venv/lib/python3.12/site-packages/airflow/example_dags/example_external_task_marker_dag.py took 0.139 seconds
[2024-05-06T19:52:46.098-0500] {processor.py:161} INFO - Started process (PID=37662) to work on /Users/paulamedina/venv/lib/python3.12/site-packages/airflow/example_dags/example_external_task_marker_dag.py
[2024-05-06T19:52:46.099-0500] {processor.py:830} INFO - Processing file /Users/paulamedina/venv/lib/python3.12/site-packages/airflow/example_dags/example_external_task_marker_dag.py for tasks to queue
[2024-05-06T19:52:46.099-0500] {logging_mixin.py:188} INFO - [2024-05-06T19:52:46.099-0500] {dagbag.py:540} INFO - Filling up the DagBag from /Users/paulamedina/venv/lib/python3.12/site-packages/airflow/example_dags/example_external_task_marker_dag.py
[2024-05-06T19:52:46.111-0500] {processor.py:840} INFO - DAG(s) 'example_external_task_marker_child', 'example_external_task_marker_parent' retrieved from /Users/paulamedina/venv/lib/python3.12/site-packages/airflow/example_dags/example_external_task_marker_dag.py
[2024-05-06T19:52:46.196-0500] {logging_mixin.py:188} INFO - [2024-05-06T19:52:46.195-0500] {dag.py:3096} INFO - Sync 2 DAGs
[2024-05-06T19:52:46.203-0500] {logging_mixin.py:188} INFO - [2024-05-06T19:52:46.203-0500] {dag.py:3954} INFO - Setting next_dagrun for example_external_task_marker_child to None, run_after=None
[2024-05-06T19:52:46.206-0500] {logging_mixin.py:188} INFO - [2024-05-06T19:52:46.205-0500] {dag.py:3954} INFO - Setting next_dagrun for example_external_task_marker_parent to None, run_after=None
[2024-05-06T19:52:46.219-0500] {processor.py:183} INFO - Processing /Users/paulamedina/venv/lib/python3.12/site-packages/airflow/example_dags/example_external_task_marker_dag.py took 0.124 seconds
[2024-05-06T19:56:11.935-0500] {processor.py:161} INFO - Started process (PID=38389) to work on /Users/paulamedina/venv/lib/python3.12/site-packages/airflow/example_dags/example_external_task_marker_dag.py
[2024-05-06T19:56:11.936-0500] {processor.py:830} INFO - Processing file /Users/paulamedina/venv/lib/python3.12/site-packages/airflow/example_dags/example_external_task_marker_dag.py for tasks to queue
[2024-05-06T19:56:11.937-0500] {logging_mixin.py:188} INFO - [2024-05-06T19:56:11.937-0500] {dagbag.py:540} INFO - Filling up the DagBag from /Users/paulamedina/venv/lib/python3.12/site-packages/airflow/example_dags/example_external_task_marker_dag.py
[2024-05-06T19:56:11.949-0500] {processor.py:840} INFO - DAG(s) 'example_external_task_marker_parent', 'example_external_task_marker_child' retrieved from /Users/paulamedina/venv/lib/python3.12/site-packages/airflow/example_dags/example_external_task_marker_dag.py
[2024-05-06T19:56:12.032-0500] {logging_mixin.py:188} INFO - [2024-05-06T19:56:12.031-0500] {dag.py:3096} INFO - Sync 2 DAGs
[2024-05-06T19:56:12.040-0500] {logging_mixin.py:188} INFO - [2024-05-06T19:56:12.040-0500] {dag.py:3954} INFO - Setting next_dagrun for example_external_task_marker_child to None, run_after=None
[2024-05-06T19:56:12.042-0500] {logging_mixin.py:188} INFO - [2024-05-06T19:56:12.042-0500] {dag.py:3954} INFO - Setting next_dagrun for example_external_task_marker_parent to None, run_after=None
[2024-05-06T19:56:12.055-0500] {processor.py:183} INFO - Processing /Users/paulamedina/venv/lib/python3.12/site-packages/airflow/example_dags/example_external_task_marker_dag.py took 0.122 seconds
[2024-05-06T19:59:42.546-0500] {processor.py:161} INFO - Started process (PID=39140) to work on /Users/paulamedina/venv/lib/python3.12/site-packages/airflow/example_dags/example_external_task_marker_dag.py
[2024-05-06T19:59:42.546-0500] {processor.py:830} INFO - Processing file /Users/paulamedina/venv/lib/python3.12/site-packages/airflow/example_dags/example_external_task_marker_dag.py for tasks to queue
[2024-05-06T19:59:42.547-0500] {logging_mixin.py:188} INFO - [2024-05-06T19:59:42.547-0500] {dagbag.py:540} INFO - Filling up the DagBag from /Users/paulamedina/venv/lib/python3.12/site-packages/airflow/example_dags/example_external_task_marker_dag.py
[2024-05-06T19:59:42.559-0500] {processor.py:840} INFO - DAG(s) 'example_external_task_marker_child', 'example_external_task_marker_parent' retrieved from /Users/paulamedina/venv/lib/python3.12/site-packages/airflow/example_dags/example_external_task_marker_dag.py
[2024-05-06T19:59:42.642-0500] {logging_mixin.py:188} INFO - [2024-05-06T19:59:42.642-0500] {dag.py:3096} INFO - Sync 2 DAGs
[2024-05-06T19:59:42.650-0500] {logging_mixin.py:188} INFO - [2024-05-06T19:59:42.650-0500] {dag.py:3954} INFO - Setting next_dagrun for example_external_task_marker_child to None, run_after=None
[2024-05-06T19:59:42.652-0500] {logging_mixin.py:188} INFO - [2024-05-06T19:59:42.652-0500] {dag.py:3954} INFO - Setting next_dagrun for example_external_task_marker_parent to None, run_after=None
[2024-05-06T19:59:42.666-0500] {processor.py:183} INFO - Processing /Users/paulamedina/venv/lib/python3.12/site-packages/airflow/example_dags/example_external_task_marker_dag.py took 0.122 seconds
[2024-05-06T20:03:20.516-0500] {processor.py:161} INFO - Started process (PID=39956) to work on /Users/paulamedina/venv/lib/python3.12/site-packages/airflow/example_dags/example_external_task_marker_dag.py
[2024-05-06T20:03:20.516-0500] {processor.py:830} INFO - Processing file /Users/paulamedina/venv/lib/python3.12/site-packages/airflow/example_dags/example_external_task_marker_dag.py for tasks to queue
[2024-05-06T20:03:20.517-0500] {logging_mixin.py:188} INFO - [2024-05-06T20:03:20.517-0500] {dagbag.py:540} INFO - Filling up the DagBag from /Users/paulamedina/venv/lib/python3.12/site-packages/airflow/example_dags/example_external_task_marker_dag.py
[2024-05-06T20:03:20.529-0500] {processor.py:840} INFO - DAG(s) 'example_external_task_marker_child', 'example_external_task_marker_parent' retrieved from /Users/paulamedina/venv/lib/python3.12/site-packages/airflow/example_dags/example_external_task_marker_dag.py
[2024-05-06T20:03:20.612-0500] {logging_mixin.py:188} INFO - [2024-05-06T20:03:20.611-0500] {dag.py:3096} INFO - Sync 2 DAGs
[2024-05-06T20:03:20.619-0500] {logging_mixin.py:188} INFO - [2024-05-06T20:03:20.619-0500] {dag.py:3954} INFO - Setting next_dagrun for example_external_task_marker_child to None, run_after=None
[2024-05-06T20:03:20.621-0500] {logging_mixin.py:188} INFO - [2024-05-06T20:03:20.621-0500] {dag.py:3954} INFO - Setting next_dagrun for example_external_task_marker_parent to None, run_after=None
[2024-05-06T20:03:20.635-0500] {processor.py:183} INFO - Processing /Users/paulamedina/venv/lib/python3.12/site-packages/airflow/example_dags/example_external_task_marker_dag.py took 0.122 seconds
[2024-05-06T20:06:52.764-0500] {processor.py:161} INFO - Started process (PID=40722) to work on /Users/paulamedina/venv/lib/python3.12/site-packages/airflow/example_dags/example_external_task_marker_dag.py
[2024-05-06T20:06:52.765-0500] {processor.py:830} INFO - Processing file /Users/paulamedina/venv/lib/python3.12/site-packages/airflow/example_dags/example_external_task_marker_dag.py for tasks to queue
[2024-05-06T20:06:52.765-0500] {logging_mixin.py:188} INFO - [2024-05-06T20:06:52.765-0500] {dagbag.py:540} INFO - Filling up the DagBag from /Users/paulamedina/venv/lib/python3.12/site-packages/airflow/example_dags/example_external_task_marker_dag.py
[2024-05-06T20:06:52.777-0500] {processor.py:840} INFO - DAG(s) 'example_external_task_marker_parent', 'example_external_task_marker_child' retrieved from /Users/paulamedina/venv/lib/python3.12/site-packages/airflow/example_dags/example_external_task_marker_dag.py
[2024-05-06T20:06:52.860-0500] {logging_mixin.py:188} INFO - [2024-05-06T20:06:52.860-0500] {dag.py:3096} INFO - Sync 2 DAGs
[2024-05-06T20:06:52.868-0500] {logging_mixin.py:188} INFO - [2024-05-06T20:06:52.868-0500] {dag.py:3954} INFO - Setting next_dagrun for example_external_task_marker_child to None, run_after=None
[2024-05-06T20:06:52.870-0500] {logging_mixin.py:188} INFO - [2024-05-06T20:06:52.870-0500] {dag.py:3954} INFO - Setting next_dagrun for example_external_task_marker_parent to None, run_after=None
[2024-05-06T20:06:52.883-0500] {processor.py:183} INFO - Processing /Users/paulamedina/venv/lib/python3.12/site-packages/airflow/example_dags/example_external_task_marker_dag.py took 0.121 seconds
[2024-05-06T20:10:15.845-0500] {processor.py:161} INFO - Started process (PID=41434) to work on /Users/paulamedina/venv/lib/python3.12/site-packages/airflow/example_dags/example_external_task_marker_dag.py
[2024-05-06T20:10:15.846-0500] {processor.py:830} INFO - Processing file /Users/paulamedina/venv/lib/python3.12/site-packages/airflow/example_dags/example_external_task_marker_dag.py for tasks to queue
[2024-05-06T20:10:15.847-0500] {logging_mixin.py:188} INFO - [2024-05-06T20:10:15.847-0500] {dagbag.py:540} INFO - Filling up the DagBag from /Users/paulamedina/venv/lib/python3.12/site-packages/airflow/example_dags/example_external_task_marker_dag.py
[2024-05-06T20:10:15.859-0500] {processor.py:840} INFO - DAG(s) 'example_external_task_marker_parent', 'example_external_task_marker_child' retrieved from /Users/paulamedina/venv/lib/python3.12/site-packages/airflow/example_dags/example_external_task_marker_dag.py
[2024-05-06T20:10:15.940-0500] {logging_mixin.py:188} INFO - [2024-05-06T20:10:15.940-0500] {dag.py:3096} INFO - Sync 2 DAGs
[2024-05-06T20:10:15.948-0500] {logging_mixin.py:188} INFO - [2024-05-06T20:10:15.948-0500] {dag.py:3954} INFO - Setting next_dagrun for example_external_task_marker_child to None, run_after=None
[2024-05-06T20:10:15.950-0500] {logging_mixin.py:188} INFO - [2024-05-06T20:10:15.950-0500] {dag.py:3954} INFO - Setting next_dagrun for example_external_task_marker_parent to None, run_after=None
[2024-05-06T20:10:15.963-0500] {processor.py:183} INFO - Processing /Users/paulamedina/venv/lib/python3.12/site-packages/airflow/example_dags/example_external_task_marker_dag.py took 0.119 seconds
[2024-05-06T20:13:32.032-0500] {processor.py:161} INFO - Started process (PID=42216) to work on /Users/paulamedina/venv/lib/python3.12/site-packages/airflow/example_dags/example_external_task_marker_dag.py
[2024-05-06T20:13:32.033-0500] {processor.py:830} INFO - Processing file /Users/paulamedina/venv/lib/python3.12/site-packages/airflow/example_dags/example_external_task_marker_dag.py for tasks to queue
[2024-05-06T20:13:32.034-0500] {logging_mixin.py:188} INFO - [2024-05-06T20:13:32.034-0500] {dagbag.py:540} INFO - Filling up the DagBag from /Users/paulamedina/venv/lib/python3.12/site-packages/airflow/example_dags/example_external_task_marker_dag.py
[2024-05-06T20:13:32.048-0500] {processor.py:840} INFO - DAG(s) 'example_external_task_marker_parent', 'example_external_task_marker_child' retrieved from /Users/paulamedina/venv/lib/python3.12/site-packages/airflow/example_dags/example_external_task_marker_dag.py
[2024-05-06T20:13:32.144-0500] {logging_mixin.py:188} INFO - [2024-05-06T20:13:32.144-0500] {dag.py:3096} INFO - Sync 2 DAGs
[2024-05-06T20:13:32.153-0500] {logging_mixin.py:188} INFO - [2024-05-06T20:13:32.153-0500] {dag.py:3954} INFO - Setting next_dagrun for example_external_task_marker_child to None, run_after=None
[2024-05-06T20:13:32.156-0500] {logging_mixin.py:188} INFO - [2024-05-06T20:13:32.156-0500] {dag.py:3954} INFO - Setting next_dagrun for example_external_task_marker_parent to None, run_after=None
[2024-05-06T20:13:32.170-0500] {processor.py:183} INFO - Processing /Users/paulamedina/venv/lib/python3.12/site-packages/airflow/example_dags/example_external_task_marker_dag.py took 0.140 seconds
[2024-05-06T20:16:54.881-0500] {processor.py:161} INFO - Started process (PID=42944) to work on /Users/paulamedina/venv/lib/python3.12/site-packages/airflow/example_dags/example_external_task_marker_dag.py
[2024-05-06T20:16:54.882-0500] {processor.py:830} INFO - Processing file /Users/paulamedina/venv/lib/python3.12/site-packages/airflow/example_dags/example_external_task_marker_dag.py for tasks to queue
[2024-05-06T20:16:54.882-0500] {logging_mixin.py:188} INFO - [2024-05-06T20:16:54.882-0500] {dagbag.py:540} INFO - Filling up the DagBag from /Users/paulamedina/venv/lib/python3.12/site-packages/airflow/example_dags/example_external_task_marker_dag.py
[2024-05-06T20:16:54.895-0500] {processor.py:840} INFO - DAG(s) 'example_external_task_marker_child', 'example_external_task_marker_parent' retrieved from /Users/paulamedina/venv/lib/python3.12/site-packages/airflow/example_dags/example_external_task_marker_dag.py
[2024-05-06T20:16:54.978-0500] {logging_mixin.py:188} INFO - [2024-05-06T20:16:54.978-0500] {dag.py:3096} INFO - Sync 2 DAGs
[2024-05-06T20:16:54.986-0500] {logging_mixin.py:188} INFO - [2024-05-06T20:16:54.986-0500] {dag.py:3954} INFO - Setting next_dagrun for example_external_task_marker_child to None, run_after=None
[2024-05-06T20:16:54.988-0500] {logging_mixin.py:188} INFO - [2024-05-06T20:16:54.988-0500] {dag.py:3954} INFO - Setting next_dagrun for example_external_task_marker_parent to None, run_after=None
[2024-05-06T20:16:55.001-0500] {processor.py:183} INFO - Processing /Users/paulamedina/venv/lib/python3.12/site-packages/airflow/example_dags/example_external_task_marker_dag.py took 0.122 seconds
[2024-05-06T20:20:22.922-0500] {processor.py:161} INFO - Started process (PID=43675) to work on /Users/paulamedina/venv/lib/python3.12/site-packages/airflow/example_dags/example_external_task_marker_dag.py
[2024-05-06T20:20:22.923-0500] {processor.py:830} INFO - Processing file /Users/paulamedina/venv/lib/python3.12/site-packages/airflow/example_dags/example_external_task_marker_dag.py for tasks to queue
[2024-05-06T20:20:22.923-0500] {logging_mixin.py:188} INFO - [2024-05-06T20:20:22.923-0500] {dagbag.py:540} INFO - Filling up the DagBag from /Users/paulamedina/venv/lib/python3.12/site-packages/airflow/example_dags/example_external_task_marker_dag.py
[2024-05-06T20:20:22.936-0500] {processor.py:840} INFO - DAG(s) 'example_external_task_marker_parent', 'example_external_task_marker_child' retrieved from /Users/paulamedina/venv/lib/python3.12/site-packages/airflow/example_dags/example_external_task_marker_dag.py
[2024-05-06T20:20:23.020-0500] {logging_mixin.py:188} INFO - [2024-05-06T20:20:23.020-0500] {dag.py:3096} INFO - Sync 2 DAGs
[2024-05-06T20:20:23.028-0500] {logging_mixin.py:188} INFO - [2024-05-06T20:20:23.028-0500] {dag.py:3954} INFO - Setting next_dagrun for example_external_task_marker_child to None, run_after=None
[2024-05-06T20:20:23.030-0500] {logging_mixin.py:188} INFO - [2024-05-06T20:20:23.030-0500] {dag.py:3954} INFO - Setting next_dagrun for example_external_task_marker_parent to None, run_after=None
[2024-05-06T20:20:23.042-0500] {processor.py:183} INFO - Processing /Users/paulamedina/venv/lib/python3.12/site-packages/airflow/example_dags/example_external_task_marker_dag.py took 0.122 seconds
[2024-05-06T20:23:49.965-0500] {processor.py:161} INFO - Started process (PID=44417) to work on /Users/paulamedina/venv/lib/python3.12/site-packages/airflow/example_dags/example_external_task_marker_dag.py
[2024-05-06T20:23:49.966-0500] {processor.py:830} INFO - Processing file /Users/paulamedina/venv/lib/python3.12/site-packages/airflow/example_dags/example_external_task_marker_dag.py for tasks to queue
[2024-05-06T20:23:49.966-0500] {logging_mixin.py:188} INFO - [2024-05-06T20:23:49.966-0500] {dagbag.py:540} INFO - Filling up the DagBag from /Users/paulamedina/venv/lib/python3.12/site-packages/airflow/example_dags/example_external_task_marker_dag.py
[2024-05-06T20:23:49.978-0500] {processor.py:840} INFO - DAG(s) 'example_external_task_marker_child', 'example_external_task_marker_parent' retrieved from /Users/paulamedina/venv/lib/python3.12/site-packages/airflow/example_dags/example_external_task_marker_dag.py
[2024-05-06T20:23:50.061-0500] {logging_mixin.py:188} INFO - [2024-05-06T20:23:50.061-0500] {dag.py:3096} INFO - Sync 2 DAGs
[2024-05-06T20:23:50.069-0500] {logging_mixin.py:188} INFO - [2024-05-06T20:23:50.069-0500] {dag.py:3954} INFO - Setting next_dagrun for example_external_task_marker_child to None, run_after=None
[2024-05-06T20:23:50.071-0500] {logging_mixin.py:188} INFO - [2024-05-06T20:23:50.071-0500] {dag.py:3954} INFO - Setting next_dagrun for example_external_task_marker_parent to None, run_after=None
[2024-05-06T20:23:50.083-0500] {processor.py:183} INFO - Processing /Users/paulamedina/venv/lib/python3.12/site-packages/airflow/example_dags/example_external_task_marker_dag.py took 0.120 seconds
[2024-05-06T20:27:14.131-0500] {processor.py:161} INFO - Started process (PID=45141) to work on /Users/paulamedina/venv/lib/python3.12/site-packages/airflow/example_dags/example_external_task_marker_dag.py
[2024-05-06T20:27:14.131-0500] {processor.py:830} INFO - Processing file /Users/paulamedina/venv/lib/python3.12/site-packages/airflow/example_dags/example_external_task_marker_dag.py for tasks to queue
[2024-05-06T20:27:14.132-0500] {logging_mixin.py:188} INFO - [2024-05-06T20:27:14.132-0500] {dagbag.py:540} INFO - Filling up the DagBag from /Users/paulamedina/venv/lib/python3.12/site-packages/airflow/example_dags/example_external_task_marker_dag.py
[2024-05-06T20:27:14.146-0500] {processor.py:840} INFO - DAG(s) 'example_external_task_marker_child', 'example_external_task_marker_parent' retrieved from /Users/paulamedina/venv/lib/python3.12/site-packages/airflow/example_dags/example_external_task_marker_dag.py
[2024-05-06T20:27:14.257-0500] {logging_mixin.py:188} INFO - [2024-05-06T20:27:14.257-0500] {dag.py:3096} INFO - Sync 2 DAGs
[2024-05-06T20:27:14.266-0500] {logging_mixin.py:188} INFO - [2024-05-06T20:27:14.266-0500] {dag.py:3954} INFO - Setting next_dagrun for example_external_task_marker_child to None, run_after=None
[2024-05-06T20:27:14.269-0500] {logging_mixin.py:188} INFO - [2024-05-06T20:27:14.269-0500] {dag.py:3954} INFO - Setting next_dagrun for example_external_task_marker_parent to None, run_after=None
[2024-05-06T20:27:14.283-0500] {processor.py:183} INFO - Processing /Users/paulamedina/venv/lib/python3.12/site-packages/airflow/example_dags/example_external_task_marker_dag.py took 0.155 seconds
[2024-05-06T20:30:40.027-0500] {processor.py:161} INFO - Started process (PID=45968) to work on /Users/paulamedina/venv/lib/python3.12/site-packages/airflow/example_dags/example_external_task_marker_dag.py
[2024-05-06T20:30:40.027-0500] {processor.py:830} INFO - Processing file /Users/paulamedina/venv/lib/python3.12/site-packages/airflow/example_dags/example_external_task_marker_dag.py for tasks to queue
[2024-05-06T20:30:40.028-0500] {logging_mixin.py:188} INFO - [2024-05-06T20:30:40.028-0500] {dagbag.py:540} INFO - Filling up the DagBag from /Users/paulamedina/venv/lib/python3.12/site-packages/airflow/example_dags/example_external_task_marker_dag.py
[2024-05-06T20:30:40.043-0500] {processor.py:840} INFO - DAG(s) 'example_external_task_marker_parent', 'example_external_task_marker_child' retrieved from /Users/paulamedina/venv/lib/python3.12/site-packages/airflow/example_dags/example_external_task_marker_dag.py
[2024-05-06T20:30:40.155-0500] {logging_mixin.py:188} INFO - [2024-05-06T20:30:40.154-0500] {dag.py:3096} INFO - Sync 2 DAGs
[2024-05-06T20:30:40.165-0500] {logging_mixin.py:188} INFO - [2024-05-06T20:30:40.165-0500] {dag.py:3954} INFO - Setting next_dagrun for example_external_task_marker_child to None, run_after=None
[2024-05-06T20:30:40.168-0500] {logging_mixin.py:188} INFO - [2024-05-06T20:30:40.168-0500] {dag.py:3954} INFO - Setting next_dagrun for example_external_task_marker_parent to None, run_after=None
[2024-05-06T20:30:40.184-0500] {processor.py:183} INFO - Processing /Users/paulamedina/venv/lib/python3.12/site-packages/airflow/example_dags/example_external_task_marker_dag.py took 0.159 seconds
[2024-05-06T20:34:03.927-0500] {processor.py:161} INFO - Started process (PID=46701) to work on /Users/paulamedina/venv/lib/python3.12/site-packages/airflow/example_dags/example_external_task_marker_dag.py
[2024-05-06T20:34:03.928-0500] {processor.py:830} INFO - Processing file /Users/paulamedina/venv/lib/python3.12/site-packages/airflow/example_dags/example_external_task_marker_dag.py for tasks to queue
[2024-05-06T20:34:03.928-0500] {logging_mixin.py:188} INFO - [2024-05-06T20:34:03.928-0500] {dagbag.py:540} INFO - Filling up the DagBag from /Users/paulamedina/venv/lib/python3.12/site-packages/airflow/example_dags/example_external_task_marker_dag.py
[2024-05-06T20:34:03.940-0500] {processor.py:840} INFO - DAG(s) 'example_external_task_marker_parent', 'example_external_task_marker_child' retrieved from /Users/paulamedina/venv/lib/python3.12/site-packages/airflow/example_dags/example_external_task_marker_dag.py
[2024-05-06T20:34:04.024-0500] {logging_mixin.py:188} INFO - [2024-05-06T20:34:04.024-0500] {dag.py:3096} INFO - Sync 2 DAGs
[2024-05-06T20:34:04.032-0500] {logging_mixin.py:188} INFO - [2024-05-06T20:34:04.032-0500] {dag.py:3954} INFO - Setting next_dagrun for example_external_task_marker_child to None, run_after=None
[2024-05-06T20:34:04.034-0500] {logging_mixin.py:188} INFO - [2024-05-06T20:34:04.034-0500] {dag.py:3954} INFO - Setting next_dagrun for example_external_task_marker_parent to None, run_after=None
[2024-05-06T20:34:04.047-0500] {processor.py:183} INFO - Processing /Users/paulamedina/venv/lib/python3.12/site-packages/airflow/example_dags/example_external_task_marker_dag.py took 0.123 seconds
[2024-05-06T20:37:19.169-0500] {processor.py:161} INFO - Started process (PID=47402) to work on /Users/paulamedina/venv/lib/python3.12/site-packages/airflow/example_dags/example_external_task_marker_dag.py
[2024-05-06T20:37:19.170-0500] {processor.py:830} INFO - Processing file /Users/paulamedina/venv/lib/python3.12/site-packages/airflow/example_dags/example_external_task_marker_dag.py for tasks to queue
[2024-05-06T20:37:19.170-0500] {logging_mixin.py:188} INFO - [2024-05-06T20:37:19.170-0500] {dagbag.py:540} INFO - Filling up the DagBag from /Users/paulamedina/venv/lib/python3.12/site-packages/airflow/example_dags/example_external_task_marker_dag.py
[2024-05-06T20:37:19.182-0500] {processor.py:840} INFO - DAG(s) 'example_external_task_marker_parent', 'example_external_task_marker_child' retrieved from /Users/paulamedina/venv/lib/python3.12/site-packages/airflow/example_dags/example_external_task_marker_dag.py
[2024-05-06T20:37:19.263-0500] {logging_mixin.py:188} INFO - [2024-05-06T20:37:19.263-0500] {dag.py:3096} INFO - Sync 2 DAGs
[2024-05-06T20:37:19.270-0500] {logging_mixin.py:188} INFO - [2024-05-06T20:37:19.270-0500] {dag.py:3954} INFO - Setting next_dagrun for example_external_task_marker_child to None, run_after=None
[2024-05-06T20:37:19.272-0500] {logging_mixin.py:188} INFO - [2024-05-06T20:37:19.272-0500] {dag.py:3954} INFO - Setting next_dagrun for example_external_task_marker_parent to None, run_after=None
[2024-05-06T20:37:19.284-0500] {processor.py:183} INFO - Processing /Users/paulamedina/venv/lib/python3.12/site-packages/airflow/example_dags/example_external_task_marker_dag.py took 0.117 seconds
[2024-05-06T20:40:45.253-0500] {processor.py:161} INFO - Started process (PID=48123) to work on /Users/paulamedina/venv/lib/python3.12/site-packages/airflow/example_dags/example_external_task_marker_dag.py
[2024-05-06T20:40:45.254-0500] {processor.py:830} INFO - Processing file /Users/paulamedina/venv/lib/python3.12/site-packages/airflow/example_dags/example_external_task_marker_dag.py for tasks to queue
[2024-05-06T20:40:45.254-0500] {logging_mixin.py:188} INFO - [2024-05-06T20:40:45.254-0500] {dagbag.py:540} INFO - Filling up the DagBag from /Users/paulamedina/venv/lib/python3.12/site-packages/airflow/example_dags/example_external_task_marker_dag.py
[2024-05-06T20:40:45.266-0500] {processor.py:840} INFO - DAG(s) 'example_external_task_marker_child', 'example_external_task_marker_parent' retrieved from /Users/paulamedina/venv/lib/python3.12/site-packages/airflow/example_dags/example_external_task_marker_dag.py
[2024-05-06T20:40:45.353-0500] {logging_mixin.py:188} INFO - [2024-05-06T20:40:45.353-0500] {dag.py:3096} INFO - Sync 2 DAGs
[2024-05-06T20:40:45.362-0500] {logging_mixin.py:188} INFO - [2024-05-06T20:40:45.362-0500] {dag.py:3954} INFO - Setting next_dagrun for example_external_task_marker_child to None, run_after=None
[2024-05-06T20:40:45.365-0500] {logging_mixin.py:188} INFO - [2024-05-06T20:40:45.364-0500] {dag.py:3954} INFO - Setting next_dagrun for example_external_task_marker_parent to None, run_after=None
[2024-05-06T20:40:45.379-0500] {processor.py:183} INFO - Processing /Users/paulamedina/venv/lib/python3.12/site-packages/airflow/example_dags/example_external_task_marker_dag.py took 0.128 seconds
[2024-05-06T20:44:10.210-0500] {processor.py:161} INFO - Started process (PID=48851) to work on /Users/paulamedina/venv/lib/python3.12/site-packages/airflow/example_dags/example_external_task_marker_dag.py
[2024-05-06T20:44:10.211-0500] {processor.py:830} INFO - Processing file /Users/paulamedina/venv/lib/python3.12/site-packages/airflow/example_dags/example_external_task_marker_dag.py for tasks to queue
[2024-05-06T20:44:10.212-0500] {logging_mixin.py:188} INFO - [2024-05-06T20:44:10.211-0500] {dagbag.py:540} INFO - Filling up the DagBag from /Users/paulamedina/venv/lib/python3.12/site-packages/airflow/example_dags/example_external_task_marker_dag.py
[2024-05-06T20:44:10.226-0500] {processor.py:840} INFO - DAG(s) 'example_external_task_marker_parent', 'example_external_task_marker_child' retrieved from /Users/paulamedina/venv/lib/python3.12/site-packages/airflow/example_dags/example_external_task_marker_dag.py
[2024-05-06T20:44:10.321-0500] {logging_mixin.py:188} INFO - [2024-05-06T20:44:10.321-0500] {dag.py:3096} INFO - Sync 2 DAGs
[2024-05-06T20:44:10.330-0500] {logging_mixin.py:188} INFO - [2024-05-06T20:44:10.330-0500] {dag.py:3954} INFO - Setting next_dagrun for example_external_task_marker_child to None, run_after=None
[2024-05-06T20:44:10.332-0500] {logging_mixin.py:188} INFO - [2024-05-06T20:44:10.332-0500] {dag.py:3954} INFO - Setting next_dagrun for example_external_task_marker_parent to None, run_after=None
[2024-05-06T20:44:10.347-0500] {processor.py:183} INFO - Processing /Users/paulamedina/venv/lib/python3.12/site-packages/airflow/example_dags/example_external_task_marker_dag.py took 0.139 seconds
[2024-05-06T20:47:40.474-0500] {processor.py:161} INFO - Started process (PID=49689) to work on /Users/paulamedina/venv/lib/python3.12/site-packages/airflow/example_dags/example_external_task_marker_dag.py
[2024-05-06T20:47:40.475-0500] {processor.py:830} INFO - Processing file /Users/paulamedina/venv/lib/python3.12/site-packages/airflow/example_dags/example_external_task_marker_dag.py for tasks to queue
[2024-05-06T20:47:40.475-0500] {logging_mixin.py:188} INFO - [2024-05-06T20:47:40.475-0500] {dagbag.py:540} INFO - Filling up the DagBag from /Users/paulamedina/venv/lib/python3.12/site-packages/airflow/example_dags/example_external_task_marker_dag.py
[2024-05-06T20:47:40.488-0500] {processor.py:840} INFO - DAG(s) 'example_external_task_marker_parent', 'example_external_task_marker_child' retrieved from /Users/paulamedina/venv/lib/python3.12/site-packages/airflow/example_dags/example_external_task_marker_dag.py
[2024-05-06T20:47:40.571-0500] {logging_mixin.py:188} INFO - [2024-05-06T20:47:40.571-0500] {dag.py:3096} INFO - Sync 2 DAGs
[2024-05-06T20:47:40.579-0500] {logging_mixin.py:188} INFO - [2024-05-06T20:47:40.579-0500] {dag.py:3954} INFO - Setting next_dagrun for example_external_task_marker_child to None, run_after=None
[2024-05-06T20:47:40.581-0500] {logging_mixin.py:188} INFO - [2024-05-06T20:47:40.581-0500] {dag.py:3954} INFO - Setting next_dagrun for example_external_task_marker_parent to None, run_after=None
[2024-05-06T20:47:40.595-0500] {processor.py:183} INFO - Processing /Users/paulamedina/venv/lib/python3.12/site-packages/airflow/example_dags/example_external_task_marker_dag.py took 0.123 seconds
[2024-05-06T20:51:09.368-0500] {processor.py:161} INFO - Started process (PID=50422) to work on /Users/paulamedina/venv/lib/python3.12/site-packages/airflow/example_dags/example_external_task_marker_dag.py
[2024-05-06T20:51:09.369-0500] {processor.py:830} INFO - Processing file /Users/paulamedina/venv/lib/python3.12/site-packages/airflow/example_dags/example_external_task_marker_dag.py for tasks to queue
[2024-05-06T20:51:09.369-0500] {logging_mixin.py:188} INFO - [2024-05-06T20:51:09.369-0500] {dagbag.py:540} INFO - Filling up the DagBag from /Users/paulamedina/venv/lib/python3.12/site-packages/airflow/example_dags/example_external_task_marker_dag.py
[2024-05-06T20:51:09.382-0500] {processor.py:840} INFO - DAG(s) 'example_external_task_marker_child', 'example_external_task_marker_parent' retrieved from /Users/paulamedina/venv/lib/python3.12/site-packages/airflow/example_dags/example_external_task_marker_dag.py
[2024-05-06T20:51:09.466-0500] {logging_mixin.py:188} INFO - [2024-05-06T20:51:09.466-0500] {dag.py:3096} INFO - Sync 2 DAGs
[2024-05-06T20:51:09.473-0500] {logging_mixin.py:188} INFO - [2024-05-06T20:51:09.473-0500] {dag.py:3954} INFO - Setting next_dagrun for example_external_task_marker_child to None, run_after=None
[2024-05-06T20:51:09.475-0500] {logging_mixin.py:188} INFO - [2024-05-06T20:51:09.475-0500] {dag.py:3954} INFO - Setting next_dagrun for example_external_task_marker_parent to None, run_after=None
[2024-05-06T20:51:09.489-0500] {processor.py:183} INFO - Processing /Users/paulamedina/venv/lib/python3.12/site-packages/airflow/example_dags/example_external_task_marker_dag.py took 0.123 seconds
[2024-05-06T20:54:39.078-0500] {processor.py:161} INFO - Started process (PID=51167) to work on /Users/paulamedina/venv/lib/python3.12/site-packages/airflow/example_dags/example_external_task_marker_dag.py
[2024-05-06T20:54:39.079-0500] {processor.py:830} INFO - Processing file /Users/paulamedina/venv/lib/python3.12/site-packages/airflow/example_dags/example_external_task_marker_dag.py for tasks to queue
[2024-05-06T20:54:39.080-0500] {logging_mixin.py:188} INFO - [2024-05-06T20:54:39.080-0500] {dagbag.py:540} INFO - Filling up the DagBag from /Users/paulamedina/venv/lib/python3.12/site-packages/airflow/example_dags/example_external_task_marker_dag.py
[2024-05-06T20:54:39.092-0500] {processor.py:840} INFO - DAG(s) 'example_external_task_marker_child', 'example_external_task_marker_parent' retrieved from /Users/paulamedina/venv/lib/python3.12/site-packages/airflow/example_dags/example_external_task_marker_dag.py
[2024-05-06T20:54:39.178-0500] {logging_mixin.py:188} INFO - [2024-05-06T20:54:39.178-0500] {dag.py:3096} INFO - Sync 2 DAGs
[2024-05-06T20:54:39.185-0500] {logging_mixin.py:188} INFO - [2024-05-06T20:54:39.185-0500] {dag.py:3954} INFO - Setting next_dagrun for example_external_task_marker_child to None, run_after=None
[2024-05-06T20:54:39.188-0500] {logging_mixin.py:188} INFO - [2024-05-06T20:54:39.187-0500] {dag.py:3954} INFO - Setting next_dagrun for example_external_task_marker_parent to None, run_after=None
[2024-05-06T20:54:39.202-0500] {processor.py:183} INFO - Processing /Users/paulamedina/venv/lib/python3.12/site-packages/airflow/example_dags/example_external_task_marker_dag.py took 0.125 seconds
[2024-05-06T20:58:06.450-0500] {processor.py:161} INFO - Started process (PID=51901) to work on /Users/paulamedina/venv/lib/python3.12/site-packages/airflow/example_dags/example_external_task_marker_dag.py
[2024-05-06T20:58:06.451-0500] {processor.py:830} INFO - Processing file /Users/paulamedina/venv/lib/python3.12/site-packages/airflow/example_dags/example_external_task_marker_dag.py for tasks to queue
[2024-05-06T20:58:06.451-0500] {logging_mixin.py:188} INFO - [2024-05-06T20:58:06.451-0500] {dagbag.py:540} INFO - Filling up the DagBag from /Users/paulamedina/venv/lib/python3.12/site-packages/airflow/example_dags/example_external_task_marker_dag.py
[2024-05-06T20:58:06.463-0500] {processor.py:840} INFO - DAG(s) 'example_external_task_marker_parent', 'example_external_task_marker_child' retrieved from /Users/paulamedina/venv/lib/python3.12/site-packages/airflow/example_dags/example_external_task_marker_dag.py
[2024-05-06T20:58:06.546-0500] {logging_mixin.py:188} INFO - [2024-05-06T20:58:06.546-0500] {dag.py:3096} INFO - Sync 2 DAGs
[2024-05-06T20:58:06.554-0500] {logging_mixin.py:188} INFO - [2024-05-06T20:58:06.554-0500] {dag.py:3954} INFO - Setting next_dagrun for example_external_task_marker_child to None, run_after=None
[2024-05-06T20:58:06.556-0500] {logging_mixin.py:188} INFO - [2024-05-06T20:58:06.556-0500] {dag.py:3954} INFO - Setting next_dagrun for example_external_task_marker_parent to None, run_after=None
[2024-05-06T20:58:06.568-0500] {processor.py:183} INFO - Processing /Users/paulamedina/venv/lib/python3.12/site-packages/airflow/example_dags/example_external_task_marker_dag.py took 0.121 seconds
[2024-05-06T21:02:01.712-0500] {processor.py:161} INFO - Started process (PID=52769) to work on /Users/paulamedina/venv/lib/python3.12/site-packages/airflow/example_dags/example_external_task_marker_dag.py
[2024-05-06T21:02:01.713-0500] {processor.py:830} INFO - Processing file /Users/paulamedina/venv/lib/python3.12/site-packages/airflow/example_dags/example_external_task_marker_dag.py for tasks to queue
[2024-05-06T21:02:01.713-0500] {logging_mixin.py:188} INFO - [2024-05-06T21:02:01.713-0500] {dagbag.py:540} INFO - Filling up the DagBag from /Users/paulamedina/venv/lib/python3.12/site-packages/airflow/example_dags/example_external_task_marker_dag.py
[2024-05-06T21:02:01.725-0500] {processor.py:840} INFO - DAG(s) 'example_external_task_marker_parent', 'example_external_task_marker_child' retrieved from /Users/paulamedina/venv/lib/python3.12/site-packages/airflow/example_dags/example_external_task_marker_dag.py
[2024-05-06T21:02:01.807-0500] {logging_mixin.py:188} INFO - [2024-05-06T21:02:01.807-0500] {dag.py:3096} INFO - Sync 2 DAGs
[2024-05-06T21:02:01.815-0500] {logging_mixin.py:188} INFO - [2024-05-06T21:02:01.815-0500] {dag.py:3954} INFO - Setting next_dagrun for example_external_task_marker_child to None, run_after=None
[2024-05-06T21:02:01.817-0500] {logging_mixin.py:188} INFO - [2024-05-06T21:02:01.817-0500] {dag.py:3954} INFO - Setting next_dagrun for example_external_task_marker_parent to None, run_after=None
[2024-05-06T21:02:01.830-0500] {processor.py:183} INFO - Processing /Users/paulamedina/venv/lib/python3.12/site-packages/airflow/example_dags/example_external_task_marker_dag.py took 0.120 seconds
[2024-05-06T21:05:26.161-0500] {processor.py:161} INFO - Started process (PID=53670) to work on /Users/paulamedina/venv/lib/python3.12/site-packages/airflow/example_dags/example_external_task_marker_dag.py
[2024-05-06T21:05:26.162-0500] {processor.py:830} INFO - Processing file /Users/paulamedina/venv/lib/python3.12/site-packages/airflow/example_dags/example_external_task_marker_dag.py for tasks to queue
[2024-05-06T21:05:26.163-0500] {logging_mixin.py:188} INFO - [2024-05-06T21:05:26.162-0500] {dagbag.py:540} INFO - Filling up the DagBag from /Users/paulamedina/venv/lib/python3.12/site-packages/airflow/example_dags/example_external_task_marker_dag.py
[2024-05-06T21:05:26.177-0500] {processor.py:840} INFO - DAG(s) 'example_external_task_marker_child', 'example_external_task_marker_parent' retrieved from /Users/paulamedina/venv/lib/python3.12/site-packages/airflow/example_dags/example_external_task_marker_dag.py
[2024-05-06T21:05:26.276-0500] {logging_mixin.py:188} INFO - [2024-05-06T21:05:26.275-0500] {dag.py:3096} INFO - Sync 2 DAGs
[2024-05-06T21:05:26.285-0500] {logging_mixin.py:188} INFO - [2024-05-06T21:05:26.285-0500] {dag.py:3954} INFO - Setting next_dagrun for example_external_task_marker_child to None, run_after=None
[2024-05-06T21:05:26.288-0500] {logging_mixin.py:188} INFO - [2024-05-06T21:05:26.288-0500] {dag.py:3954} INFO - Setting next_dagrun for example_external_task_marker_parent to None, run_after=None
[2024-05-06T21:05:26.303-0500] {processor.py:183} INFO - Processing /Users/paulamedina/venv/lib/python3.12/site-packages/airflow/example_dags/example_external_task_marker_dag.py took 0.144 seconds
[2024-05-06T21:08:49.562-0500] {processor.py:161} INFO - Started process (PID=54398) to work on /Users/paulamedina/venv/lib/python3.12/site-packages/airflow/example_dags/example_external_task_marker_dag.py
[2024-05-06T21:08:49.563-0500] {processor.py:830} INFO - Processing file /Users/paulamedina/venv/lib/python3.12/site-packages/airflow/example_dags/example_external_task_marker_dag.py for tasks to queue
[2024-05-06T21:08:49.564-0500] {logging_mixin.py:188} INFO - [2024-05-06T21:08:49.563-0500] {dagbag.py:540} INFO - Filling up the DagBag from /Users/paulamedina/venv/lib/python3.12/site-packages/airflow/example_dags/example_external_task_marker_dag.py
[2024-05-06T21:08:49.578-0500] {processor.py:840} INFO - DAG(s) 'example_external_task_marker_parent', 'example_external_task_marker_child' retrieved from /Users/paulamedina/venv/lib/python3.12/site-packages/airflow/example_dags/example_external_task_marker_dag.py
[2024-05-06T21:08:49.665-0500] {logging_mixin.py:188} INFO - [2024-05-06T21:08:49.665-0500] {dag.py:3096} INFO - Sync 2 DAGs
[2024-05-06T21:08:49.673-0500] {logging_mixin.py:188} INFO - [2024-05-06T21:08:49.673-0500] {dag.py:3954} INFO - Setting next_dagrun for example_external_task_marker_child to None, run_after=None
[2024-05-06T21:08:49.675-0500] {logging_mixin.py:188} INFO - [2024-05-06T21:08:49.675-0500] {dag.py:3954} INFO - Setting next_dagrun for example_external_task_marker_parent to None, run_after=None
[2024-05-06T21:08:49.689-0500] {processor.py:183} INFO - Processing /Users/paulamedina/venv/lib/python3.12/site-packages/airflow/example_dags/example_external_task_marker_dag.py took 0.129 seconds
[2024-05-06T21:12:12.659-0500] {processor.py:161} INFO - Started process (PID=55113) to work on /Users/paulamedina/venv/lib/python3.12/site-packages/airflow/example_dags/example_external_task_marker_dag.py
[2024-05-06T21:12:12.660-0500] {processor.py:830} INFO - Processing file /Users/paulamedina/venv/lib/python3.12/site-packages/airflow/example_dags/example_external_task_marker_dag.py for tasks to queue
[2024-05-06T21:12:12.660-0500] {logging_mixin.py:188} INFO - [2024-05-06T21:12:12.660-0500] {dagbag.py:540} INFO - Filling up the DagBag from /Users/paulamedina/venv/lib/python3.12/site-packages/airflow/example_dags/example_external_task_marker_dag.py
[2024-05-06T21:12:12.675-0500] {processor.py:840} INFO - DAG(s) 'example_external_task_marker_parent', 'example_external_task_marker_child' retrieved from /Users/paulamedina/venv/lib/python3.12/site-packages/airflow/example_dags/example_external_task_marker_dag.py
[2024-05-06T21:12:12.766-0500] {logging_mixin.py:188} INFO - [2024-05-06T21:12:12.766-0500] {dag.py:3096} INFO - Sync 2 DAGs
[2024-05-06T21:12:12.774-0500] {logging_mixin.py:188} INFO - [2024-05-06T21:12:12.774-0500] {dag.py:3954} INFO - Setting next_dagrun for example_external_task_marker_child to None, run_after=None
[2024-05-06T21:12:12.776-0500] {logging_mixin.py:188} INFO - [2024-05-06T21:12:12.776-0500] {dag.py:3954} INFO - Setting next_dagrun for example_external_task_marker_parent to None, run_after=None
[2024-05-06T21:12:12.793-0500] {processor.py:183} INFO - Processing /Users/paulamedina/venv/lib/python3.12/site-packages/airflow/example_dags/example_external_task_marker_dag.py took 0.135 seconds
[2024-05-06T21:15:38.061-0500] {processor.py:161} INFO - Started process (PID=55834) to work on /Users/paulamedina/venv/lib/python3.12/site-packages/airflow/example_dags/example_external_task_marker_dag.py
[2024-05-06T21:15:38.062-0500] {processor.py:830} INFO - Processing file /Users/paulamedina/venv/lib/python3.12/site-packages/airflow/example_dags/example_external_task_marker_dag.py for tasks to queue
[2024-05-06T21:15:38.062-0500] {logging_mixin.py:188} INFO - [2024-05-06T21:15:38.062-0500] {dagbag.py:540} INFO - Filling up the DagBag from /Users/paulamedina/venv/lib/python3.12/site-packages/airflow/example_dags/example_external_task_marker_dag.py
[2024-05-06T21:15:38.074-0500] {processor.py:840} INFO - DAG(s) 'example_external_task_marker_child', 'example_external_task_marker_parent' retrieved from /Users/paulamedina/venv/lib/python3.12/site-packages/airflow/example_dags/example_external_task_marker_dag.py
[2024-05-06T21:15:38.159-0500] {logging_mixin.py:188} INFO - [2024-05-06T21:15:38.158-0500] {dag.py:3096} INFO - Sync 2 DAGs
[2024-05-06T21:15:38.166-0500] {logging_mixin.py:188} INFO - [2024-05-06T21:15:38.166-0500] {dag.py:3954} INFO - Setting next_dagrun for example_external_task_marker_child to None, run_after=None
[2024-05-06T21:15:38.168-0500] {logging_mixin.py:188} INFO - [2024-05-06T21:15:38.168-0500] {dag.py:3954} INFO - Setting next_dagrun for example_external_task_marker_parent to None, run_after=None
[2024-05-06T21:15:38.182-0500] {processor.py:183} INFO - Processing /Users/paulamedina/venv/lib/python3.12/site-packages/airflow/example_dags/example_external_task_marker_dag.py took 0.123 seconds
[2024-05-06T21:19:11.474-0500] {processor.py:161} INFO - Started process (PID=56590) to work on /Users/paulamedina/venv/lib/python3.12/site-packages/airflow/example_dags/example_external_task_marker_dag.py
[2024-05-06T21:19:11.474-0500] {processor.py:830} INFO - Processing file /Users/paulamedina/venv/lib/python3.12/site-packages/airflow/example_dags/example_external_task_marker_dag.py for tasks to queue
[2024-05-06T21:19:11.475-0500] {logging_mixin.py:188} INFO - [2024-05-06T21:19:11.475-0500] {dagbag.py:540} INFO - Filling up the DagBag from /Users/paulamedina/venv/lib/python3.12/site-packages/airflow/example_dags/example_external_task_marker_dag.py
[2024-05-06T21:19:11.487-0500] {processor.py:840} INFO - DAG(s) 'example_external_task_marker_child', 'example_external_task_marker_parent' retrieved from /Users/paulamedina/venv/lib/python3.12/site-packages/airflow/example_dags/example_external_task_marker_dag.py
[2024-05-06T21:19:11.569-0500] {logging_mixin.py:188} INFO - [2024-05-06T21:19:11.569-0500] {dag.py:3096} INFO - Sync 2 DAGs
[2024-05-06T21:19:11.577-0500] {logging_mixin.py:188} INFO - [2024-05-06T21:19:11.577-0500] {dag.py:3954} INFO - Setting next_dagrun for example_external_task_marker_child to None, run_after=None
[2024-05-06T21:19:11.579-0500] {logging_mixin.py:188} INFO - [2024-05-06T21:19:11.579-0500] {dag.py:3954} INFO - Setting next_dagrun for example_external_task_marker_parent to None, run_after=None
[2024-05-06T21:19:11.592-0500] {processor.py:183} INFO - Processing /Users/paulamedina/venv/lib/python3.12/site-packages/airflow/example_dags/example_external_task_marker_dag.py took 0.120 seconds
[2024-05-06T21:22:42.404-0500] {processor.py:161} INFO - Started process (PID=57423) to work on /Users/paulamedina/venv/lib/python3.12/site-packages/airflow/example_dags/example_external_task_marker_dag.py
[2024-05-06T21:22:42.404-0500] {processor.py:830} INFO - Processing file /Users/paulamedina/venv/lib/python3.12/site-packages/airflow/example_dags/example_external_task_marker_dag.py for tasks to queue
[2024-05-06T21:22:42.405-0500] {logging_mixin.py:188} INFO - [2024-05-06T21:22:42.405-0500] {dagbag.py:540} INFO - Filling up the DagBag from /Users/paulamedina/venv/lib/python3.12/site-packages/airflow/example_dags/example_external_task_marker_dag.py
[2024-05-06T21:22:42.417-0500] {processor.py:840} INFO - DAG(s) 'example_external_task_marker_parent', 'example_external_task_marker_child' retrieved from /Users/paulamedina/venv/lib/python3.12/site-packages/airflow/example_dags/example_external_task_marker_dag.py
[2024-05-06T21:22:42.514-0500] {logging_mixin.py:188} INFO - [2024-05-06T21:22:42.513-0500] {dag.py:3096} INFO - Sync 2 DAGs
[2024-05-06T21:22:42.522-0500] {logging_mixin.py:188} INFO - [2024-05-06T21:22:42.522-0500] {dag.py:3954} INFO - Setting next_dagrun for example_external_task_marker_child to None, run_after=None
[2024-05-06T21:22:42.525-0500] {logging_mixin.py:188} INFO - [2024-05-06T21:22:42.525-0500] {dag.py:3954} INFO - Setting next_dagrun for example_external_task_marker_parent to None, run_after=None
[2024-05-06T21:22:42.539-0500] {processor.py:183} INFO - Processing /Users/paulamedina/venv/lib/python3.12/site-packages/airflow/example_dags/example_external_task_marker_dag.py took 0.138 seconds
[2024-05-06T21:26:14.479-0500] {processor.py:161} INFO - Started process (PID=58177) to work on /Users/paulamedina/venv/lib/python3.12/site-packages/airflow/example_dags/example_external_task_marker_dag.py
[2024-05-06T21:26:14.480-0500] {processor.py:830} INFO - Processing file /Users/paulamedina/venv/lib/python3.12/site-packages/airflow/example_dags/example_external_task_marker_dag.py for tasks to queue
[2024-05-06T21:26:14.480-0500] {logging_mixin.py:188} INFO - [2024-05-06T21:26:14.480-0500] {dagbag.py:540} INFO - Filling up the DagBag from /Users/paulamedina/venv/lib/python3.12/site-packages/airflow/example_dags/example_external_task_marker_dag.py
[2024-05-06T21:26:14.492-0500] {processor.py:840} INFO - DAG(s) 'example_external_task_marker_parent', 'example_external_task_marker_child' retrieved from /Users/paulamedina/venv/lib/python3.12/site-packages/airflow/example_dags/example_external_task_marker_dag.py
[2024-05-06T21:26:14.584-0500] {logging_mixin.py:188} INFO - [2024-05-06T21:26:14.583-0500] {dag.py:3096} INFO - Sync 2 DAGs
[2024-05-06T21:26:14.592-0500] {logging_mixin.py:188} INFO - [2024-05-06T21:26:14.592-0500] {dag.py:3954} INFO - Setting next_dagrun for example_external_task_marker_child to None, run_after=None
[2024-05-06T21:26:14.595-0500] {logging_mixin.py:188} INFO - [2024-05-06T21:26:14.594-0500] {dag.py:3954} INFO - Setting next_dagrun for example_external_task_marker_parent to None, run_after=None
[2024-05-06T21:26:14.610-0500] {processor.py:183} INFO - Processing /Users/paulamedina/venv/lib/python3.12/site-packages/airflow/example_dags/example_external_task_marker_dag.py took 0.133 seconds
[2024-05-06T21:29:51.536-0500] {processor.py:161} INFO - Started process (PID=58931) to work on /Users/paulamedina/venv/lib/python3.12/site-packages/airflow/example_dags/example_external_task_marker_dag.py
[2024-05-06T21:29:51.537-0500] {processor.py:830} INFO - Processing file /Users/paulamedina/venv/lib/python3.12/site-packages/airflow/example_dags/example_external_task_marker_dag.py for tasks to queue
[2024-05-06T21:29:51.537-0500] {logging_mixin.py:188} INFO - [2024-05-06T21:29:51.537-0500] {dagbag.py:540} INFO - Filling up the DagBag from /Users/paulamedina/venv/lib/python3.12/site-packages/airflow/example_dags/example_external_task_marker_dag.py
[2024-05-06T21:29:51.554-0500] {processor.py:840} INFO - DAG(s) 'example_external_task_marker_child', 'example_external_task_marker_parent' retrieved from /Users/paulamedina/venv/lib/python3.12/site-packages/airflow/example_dags/example_external_task_marker_dag.py
[2024-05-06T21:29:51.667-0500] {logging_mixin.py:188} INFO - [2024-05-06T21:29:51.666-0500] {dag.py:3096} INFO - Sync 2 DAGs
[2024-05-06T21:29:51.679-0500] {logging_mixin.py:188} INFO - [2024-05-06T21:29:51.679-0500] {dag.py:3954} INFO - Setting next_dagrun for example_external_task_marker_child to None, run_after=None
[2024-05-06T21:29:51.682-0500] {logging_mixin.py:188} INFO - [2024-05-06T21:29:51.682-0500] {dag.py:3954} INFO - Setting next_dagrun for example_external_task_marker_parent to None, run_after=None
[2024-05-06T21:29:51.698-0500] {processor.py:183} INFO - Processing /Users/paulamedina/venv/lib/python3.12/site-packages/airflow/example_dags/example_external_task_marker_dag.py took 0.165 seconds
[2024-05-06T21:34:04.333-0500] {processor.py:161} INFO - Started process (PID=59854) to work on /Users/paulamedina/venv/lib/python3.12/site-packages/airflow/example_dags/example_external_task_marker_dag.py
[2024-05-06T21:34:04.334-0500] {processor.py:830} INFO - Processing file /Users/paulamedina/venv/lib/python3.12/site-packages/airflow/example_dags/example_external_task_marker_dag.py for tasks to queue
[2024-05-06T21:34:04.334-0500] {logging_mixin.py:188} INFO - [2024-05-06T21:34:04.334-0500] {dagbag.py:540} INFO - Filling up the DagBag from /Users/paulamedina/venv/lib/python3.12/site-packages/airflow/example_dags/example_external_task_marker_dag.py
[2024-05-06T21:34:04.348-0500] {processor.py:840} INFO - DAG(s) 'example_external_task_marker_parent', 'example_external_task_marker_child' retrieved from /Users/paulamedina/venv/lib/python3.12/site-packages/airflow/example_dags/example_external_task_marker_dag.py
[2024-05-06T21:34:04.436-0500] {logging_mixin.py:188} INFO - [2024-05-06T21:34:04.436-0500] {dag.py:3096} INFO - Sync 2 DAGs
[2024-05-06T21:34:04.445-0500] {logging_mixin.py:188} INFO - [2024-05-06T21:34:04.445-0500] {dag.py:3954} INFO - Setting next_dagrun for example_external_task_marker_child to None, run_after=None
[2024-05-06T21:34:04.448-0500] {logging_mixin.py:188} INFO - [2024-05-06T21:34:04.448-0500] {dag.py:3954} INFO - Setting next_dagrun for example_external_task_marker_parent to None, run_after=None
[2024-05-06T21:34:04.462-0500] {processor.py:183} INFO - Processing /Users/paulamedina/venv/lib/python3.12/site-packages/airflow/example_dags/example_external_task_marker_dag.py took 0.131 seconds
[2024-05-06T21:43:47.816-0500] {processor.py:161} INFO - Started process (PID=62075) to work on /Users/paulamedina/venv/lib/python3.12/site-packages/airflow/example_dags/example_external_task_marker_dag.py
[2024-05-06T21:43:47.817-0500] {processor.py:830} INFO - Processing file /Users/paulamedina/venv/lib/python3.12/site-packages/airflow/example_dags/example_external_task_marker_dag.py for tasks to queue
[2024-05-06T21:43:47.818-0500] {logging_mixin.py:188} INFO - [2024-05-06T21:43:47.817-0500] {dagbag.py:540} INFO - Filling up the DagBag from /Users/paulamedina/venv/lib/python3.12/site-packages/airflow/example_dags/example_external_task_marker_dag.py
[2024-05-06T21:43:47.835-0500] {processor.py:840} INFO - DAG(s) 'example_external_task_marker_parent', 'example_external_task_marker_child' retrieved from /Users/paulamedina/venv/lib/python3.12/site-packages/airflow/example_dags/example_external_task_marker_dag.py
[2024-05-06T21:43:48.019-0500] {logging_mixin.py:188} INFO - [2024-05-06T21:43:48.019-0500] {override.py:1829} INFO - Created Permission View: can edit on DAG:example_external_task_marker_parent
[2024-05-06T21:43:48.026-0500] {logging_mixin.py:188} INFO - [2024-05-06T21:43:48.026-0500] {override.py:1829} INFO - Created Permission View: can delete on DAG:example_external_task_marker_parent
[2024-05-06T21:43:48.030-0500] {logging_mixin.py:188} INFO - [2024-05-06T21:43:48.030-0500] {override.py:1829} INFO - Created Permission View: can read on DAG:example_external_task_marker_parent
[2024-05-06T21:43:48.053-0500] {logging_mixin.py:188} INFO - [2024-05-06T21:43:48.052-0500] {override.py:1829} INFO - Created Permission View: can edit on DAG:example_external_task_marker_child
[2024-05-06T21:43:48.057-0500] {logging_mixin.py:188} INFO - [2024-05-06T21:43:48.057-0500] {override.py:1829} INFO - Created Permission View: can delete on DAG:example_external_task_marker_child
[2024-05-06T21:43:48.061-0500] {logging_mixin.py:188} INFO - [2024-05-06T21:43:48.061-0500] {override.py:1829} INFO - Created Permission View: can read on DAG:example_external_task_marker_child
[2024-05-06T21:43:48.061-0500] {logging_mixin.py:188} INFO - [2024-05-06T21:43:48.061-0500] {dag.py:3096} INFO - Sync 2 DAGs
[2024-05-06T21:43:48.070-0500] {logging_mixin.py:188} INFO - [2024-05-06T21:43:48.070-0500] {dag.py:3118} INFO - Creating ORM DAG for example_external_task_marker_child
[2024-05-06T21:43:48.071-0500] {logging_mixin.py:188} INFO - [2024-05-06T21:43:48.071-0500] {dag.py:3118} INFO - Creating ORM DAG for example_external_task_marker_parent
[2024-05-06T21:43:48.071-0500] {logging_mixin.py:188} INFO - [2024-05-06T21:43:48.071-0500] {dag.py:3954} INFO - Setting next_dagrun for example_external_task_marker_child to None, run_after=None
[2024-05-06T21:43:48.072-0500] {logging_mixin.py:188} INFO - [2024-05-06T21:43:48.072-0500] {dag.py:3954} INFO - Setting next_dagrun for example_external_task_marker_parent to None, run_after=None
[2024-05-06T21:43:48.086-0500] {processor.py:183} INFO - Processing /Users/paulamedina/venv/lib/python3.12/site-packages/airflow/example_dags/example_external_task_marker_dag.py took 0.274 seconds
[2024-05-06T21:44:43.156-0500] {processor.py:161} INFO - Started process (PID=62307) to work on /Users/paulamedina/venv/lib/python3.12/site-packages/airflow/example_dags/example_external_task_marker_dag.py
[2024-05-06T21:44:43.158-0500] {processor.py:830} INFO - Processing file /Users/paulamedina/venv/lib/python3.12/site-packages/airflow/example_dags/example_external_task_marker_dag.py for tasks to queue
[2024-05-06T21:44:43.158-0500] {logging_mixin.py:188} INFO - [2024-05-06T21:44:43.158-0500] {dagbag.py:540} INFO - Filling up the DagBag from /Users/paulamedina/venv/lib/python3.12/site-packages/airflow/example_dags/example_external_task_marker_dag.py
[2024-05-06T21:44:43.179-0500] {processor.py:840} INFO - DAG(s) 'example_external_task_marker_parent', 'example_external_task_marker_child' retrieved from /Users/paulamedina/venv/lib/python3.12/site-packages/airflow/example_dags/example_external_task_marker_dag.py
[2024-05-06T21:44:43.327-0500] {logging_mixin.py:188} INFO - [2024-05-06T21:44:43.327-0500] {dag.py:3096} INFO - Sync 2 DAGs
[2024-05-06T21:44:43.340-0500] {logging_mixin.py:188} INFO - [2024-05-06T21:44:43.340-0500] {dag.py:3954} INFO - Setting next_dagrun for example_external_task_marker_child to None, run_after=None
[2024-05-06T21:44:43.344-0500] {logging_mixin.py:188} INFO - [2024-05-06T21:44:43.344-0500] {dag.py:3954} INFO - Setting next_dagrun for example_external_task_marker_parent to None, run_after=None
[2024-05-06T21:44:43.362-0500] {processor.py:183} INFO - Processing /Users/paulamedina/venv/lib/python3.12/site-packages/airflow/example_dags/example_external_task_marker_dag.py took 0.210 seconds
[2024-05-06T21:45:46.184-0500] {processor.py:161} INFO - Started process (PID=62554) to work on /Users/paulamedina/venv/lib/python3.12/site-packages/airflow/example_dags/example_external_task_marker_dag.py
[2024-05-06T21:45:46.185-0500] {processor.py:830} INFO - Processing file /Users/paulamedina/venv/lib/python3.12/site-packages/airflow/example_dags/example_external_task_marker_dag.py for tasks to queue
[2024-05-06T21:45:46.185-0500] {logging_mixin.py:188} INFO - [2024-05-06T21:45:46.185-0500] {dagbag.py:540} INFO - Filling up the DagBag from /Users/paulamedina/venv/lib/python3.12/site-packages/airflow/example_dags/example_external_task_marker_dag.py
[2024-05-06T21:45:46.204-0500] {processor.py:840} INFO - DAG(s) 'example_external_task_marker_parent', 'example_external_task_marker_child' retrieved from /Users/paulamedina/venv/lib/python3.12/site-packages/airflow/example_dags/example_external_task_marker_dag.py
[2024-05-06T21:45:46.338-0500] {logging_mixin.py:188} INFO - [2024-05-06T21:45:46.338-0500] {dag.py:3096} INFO - Sync 2 DAGs
[2024-05-06T21:45:46.351-0500] {logging_mixin.py:188} INFO - [2024-05-06T21:45:46.350-0500] {dag.py:3954} INFO - Setting next_dagrun for example_external_task_marker_child to None, run_after=None
[2024-05-06T21:45:46.355-0500] {logging_mixin.py:188} INFO - [2024-05-06T21:45:46.355-0500] {dag.py:3954} INFO - Setting next_dagrun for example_external_task_marker_parent to None, run_after=None
[2024-05-06T21:45:46.371-0500] {processor.py:183} INFO - Processing /Users/paulamedina/venv/lib/python3.12/site-packages/airflow/example_dags/example_external_task_marker_dag.py took 0.191 seconds
[2024-05-06T21:47:04.709-0500] {processor.py:161} INFO - Started process (PID=62859) to work on /Users/paulamedina/venv/lib/python3.12/site-packages/airflow/example_dags/example_external_task_marker_dag.py
[2024-05-06T21:47:04.711-0500] {processor.py:830} INFO - Processing file /Users/paulamedina/venv/lib/python3.12/site-packages/airflow/example_dags/example_external_task_marker_dag.py for tasks to queue
[2024-05-06T21:47:04.712-0500] {logging_mixin.py:188} INFO - [2024-05-06T21:47:04.712-0500] {dagbag.py:540} INFO - Filling up the DagBag from /Users/paulamedina/venv/lib/python3.12/site-packages/airflow/example_dags/example_external_task_marker_dag.py
[2024-05-06T21:47:04.738-0500] {processor.py:840} INFO - DAG(s) 'example_external_task_marker_parent', 'example_external_task_marker_child' retrieved from /Users/paulamedina/venv/lib/python3.12/site-packages/airflow/example_dags/example_external_task_marker_dag.py
[2024-05-06T21:47:04.914-0500] {logging_mixin.py:188} INFO - [2024-05-06T21:47:04.913-0500] {dag.py:3096} INFO - Sync 2 DAGs
[2024-05-06T21:47:04.928-0500] {logging_mixin.py:188} INFO - [2024-05-06T21:47:04.928-0500] {dag.py:3954} INFO - Setting next_dagrun for example_external_task_marker_child to None, run_after=None
[2024-05-06T21:47:04.933-0500] {logging_mixin.py:188} INFO - [2024-05-06T21:47:04.932-0500] {dag.py:3954} INFO - Setting next_dagrun for example_external_task_marker_parent to None, run_after=None
[2024-05-06T21:47:04.953-0500] {processor.py:183} INFO - Processing /Users/paulamedina/venv/lib/python3.12/site-packages/airflow/example_dags/example_external_task_marker_dag.py took 0.248 seconds
[2024-05-06T21:50:23.772-0500] {processor.py:161} INFO - Started process (PID=63691) to work on /Users/paulamedina/venv/lib/python3.12/site-packages/airflow/example_dags/example_external_task_marker_dag.py
[2024-05-06T21:50:23.774-0500] {processor.py:830} INFO - Processing file /Users/paulamedina/venv/lib/python3.12/site-packages/airflow/example_dags/example_external_task_marker_dag.py for tasks to queue
[2024-05-06T21:50:23.776-0500] {logging_mixin.py:188} INFO - [2024-05-06T21:50:23.775-0500] {dagbag.py:540} INFO - Filling up the DagBag from /Users/paulamedina/venv/lib/python3.12/site-packages/airflow/example_dags/example_external_task_marker_dag.py
[2024-05-06T21:50:23.812-0500] {processor.py:840} INFO - DAG(s) 'example_external_task_marker_parent', 'example_external_task_marker_child' retrieved from /Users/paulamedina/venv/lib/python3.12/site-packages/airflow/example_dags/example_external_task_marker_dag.py
[2024-05-06T21:50:24.273-0500] {logging_mixin.py:188} INFO - [2024-05-06T21:50:24.272-0500] {dag.py:3096} INFO - Sync 2 DAGs
[2024-05-06T21:50:24.293-0500] {logging_mixin.py:188} INFO - [2024-05-06T21:50:24.293-0500] {dag.py:3954} INFO - Setting next_dagrun for example_external_task_marker_child to None, run_after=None
[2024-05-06T21:50:24.300-0500] {logging_mixin.py:188} INFO - [2024-05-06T21:50:24.299-0500] {dag.py:3954} INFO - Setting next_dagrun for example_external_task_marker_parent to None, run_after=None
[2024-05-06T21:50:24.332-0500] {processor.py:183} INFO - Processing /Users/paulamedina/venv/lib/python3.12/site-packages/airflow/example_dags/example_external_task_marker_dag.py took 0.566 seconds
[2024-05-06T21:52:09.579-0500] {processor.py:161} INFO - Started process (PID=64110) to work on /Users/paulamedina/venv/lib/python3.12/site-packages/airflow/example_dags/example_external_task_marker_dag.py
[2024-05-06T21:52:09.580-0500] {processor.py:830} INFO - Processing file /Users/paulamedina/venv/lib/python3.12/site-packages/airflow/example_dags/example_external_task_marker_dag.py for tasks to queue
[2024-05-06T21:52:09.581-0500] {logging_mixin.py:188} INFO - [2024-05-06T21:52:09.581-0500] {dagbag.py:540} INFO - Filling up the DagBag from /Users/paulamedina/venv/lib/python3.12/site-packages/airflow/example_dags/example_external_task_marker_dag.py
[2024-05-06T21:52:09.603-0500] {processor.py:840} INFO - DAG(s) 'example_external_task_marker_parent', 'example_external_task_marker_child' retrieved from /Users/paulamedina/venv/lib/python3.12/site-packages/airflow/example_dags/example_external_task_marker_dag.py
[2024-05-06T21:52:09.742-0500] {logging_mixin.py:188} INFO - [2024-05-06T21:52:09.742-0500] {dag.py:3096} INFO - Sync 2 DAGs
[2024-05-06T21:52:09.754-0500] {logging_mixin.py:188} INFO - [2024-05-06T21:52:09.754-0500] {dag.py:3954} INFO - Setting next_dagrun for example_external_task_marker_child to None, run_after=None
[2024-05-06T21:52:09.758-0500] {logging_mixin.py:188} INFO - [2024-05-06T21:52:09.758-0500] {dag.py:3954} INFO - Setting next_dagrun for example_external_task_marker_parent to None, run_after=None
[2024-05-06T21:52:09.774-0500] {processor.py:183} INFO - Processing /Users/paulamedina/venv/lib/python3.12/site-packages/airflow/example_dags/example_external_task_marker_dag.py took 0.198 seconds
[2024-05-06T21:53:35.369-0500] {processor.py:161} INFO - Started process (PID=64442) to work on /Users/paulamedina/venv/lib/python3.12/site-packages/airflow/example_dags/example_external_task_marker_dag.py
[2024-05-06T21:53:35.370-0500] {processor.py:830} INFO - Processing file /Users/paulamedina/venv/lib/python3.12/site-packages/airflow/example_dags/example_external_task_marker_dag.py for tasks to queue
[2024-05-06T21:53:35.371-0500] {logging_mixin.py:188} INFO - [2024-05-06T21:53:35.371-0500] {dagbag.py:540} INFO - Filling up the DagBag from /Users/paulamedina/venv/lib/python3.12/site-packages/airflow/example_dags/example_external_task_marker_dag.py
[2024-05-06T21:53:35.395-0500] {processor.py:840} INFO - DAG(s) 'example_external_task_marker_parent', 'example_external_task_marker_child' retrieved from /Users/paulamedina/venv/lib/python3.12/site-packages/airflow/example_dags/example_external_task_marker_dag.py
[2024-05-06T21:53:35.558-0500] {logging_mixin.py:188} INFO - [2024-05-06T21:53:35.557-0500] {dag.py:3096} INFO - Sync 2 DAGs
[2024-05-06T21:53:35.571-0500] {logging_mixin.py:188} INFO - [2024-05-06T21:53:35.571-0500] {dag.py:3954} INFO - Setting next_dagrun for example_external_task_marker_child to None, run_after=None
[2024-05-06T21:53:35.575-0500] {logging_mixin.py:188} INFO - [2024-05-06T21:53:35.575-0500] {dag.py:3954} INFO - Setting next_dagrun for example_external_task_marker_parent to None, run_after=None
[2024-05-06T21:53:35.594-0500] {processor.py:183} INFO - Processing /Users/paulamedina/venv/lib/python3.12/site-packages/airflow/example_dags/example_external_task_marker_dag.py took 0.229 seconds
[2024-05-06T21:54:54.700-0500] {processor.py:161} INFO - Started process (PID=64766) to work on /Users/paulamedina/venv/lib/python3.12/site-packages/airflow/example_dags/example_external_task_marker_dag.py
[2024-05-06T21:54:54.702-0500] {processor.py:830} INFO - Processing file /Users/paulamedina/venv/lib/python3.12/site-packages/airflow/example_dags/example_external_task_marker_dag.py for tasks to queue
[2024-05-06T21:54:54.703-0500] {logging_mixin.py:188} INFO - [2024-05-06T21:54:54.703-0500] {dagbag.py:540} INFO - Filling up the DagBag from /Users/paulamedina/venv/lib/python3.12/site-packages/airflow/example_dags/example_external_task_marker_dag.py
[2024-05-06T21:54:54.728-0500] {processor.py:840} INFO - DAG(s) 'example_external_task_marker_parent', 'example_external_task_marker_child' retrieved from /Users/paulamedina/venv/lib/python3.12/site-packages/airflow/example_dags/example_external_task_marker_dag.py
[2024-05-06T21:54:54.908-0500] {logging_mixin.py:188} INFO - [2024-05-06T21:54:54.908-0500] {dag.py:3096} INFO - Sync 2 DAGs
[2024-05-06T21:54:54.923-0500] {logging_mixin.py:188} INFO - [2024-05-06T21:54:54.923-0500] {dag.py:3954} INFO - Setting next_dagrun for example_external_task_marker_child to None, run_after=None
[2024-05-06T21:54:54.928-0500] {logging_mixin.py:188} INFO - [2024-05-06T21:54:54.928-0500] {dag.py:3954} INFO - Setting next_dagrun for example_external_task_marker_parent to None, run_after=None
[2024-05-06T21:54:54.953-0500] {processor.py:183} INFO - Processing /Users/paulamedina/venv/lib/python3.12/site-packages/airflow/example_dags/example_external_task_marker_dag.py took 0.257 seconds
[2024-05-06T21:56:24.381-0500] {processor.py:161} INFO - Started process (PID=65112) to work on /Users/paulamedina/venv/lib/python3.12/site-packages/airflow/example_dags/example_external_task_marker_dag.py
[2024-05-06T21:56:24.384-0500] {processor.py:830} INFO - Processing file /Users/paulamedina/venv/lib/python3.12/site-packages/airflow/example_dags/example_external_task_marker_dag.py for tasks to queue
[2024-05-06T21:56:24.385-0500] {logging_mixin.py:188} INFO - [2024-05-06T21:56:24.384-0500] {dagbag.py:540} INFO - Filling up the DagBag from /Users/paulamedina/venv/lib/python3.12/site-packages/airflow/example_dags/example_external_task_marker_dag.py
[2024-05-06T21:56:24.411-0500] {processor.py:840} INFO - DAG(s) 'example_external_task_marker_parent', 'example_external_task_marker_child' retrieved from /Users/paulamedina/venv/lib/python3.12/site-packages/airflow/example_dags/example_external_task_marker_dag.py
[2024-05-06T21:56:24.599-0500] {logging_mixin.py:188} INFO - [2024-05-06T21:56:24.599-0500] {dag.py:3096} INFO - Sync 2 DAGs
[2024-05-06T21:56:24.617-0500] {logging_mixin.py:188} INFO - [2024-05-06T21:56:24.617-0500] {dag.py:3954} INFO - Setting next_dagrun for example_external_task_marker_child to None, run_after=None
[2024-05-06T21:56:24.623-0500] {logging_mixin.py:188} INFO - [2024-05-06T21:56:24.622-0500] {dag.py:3954} INFO - Setting next_dagrun for example_external_task_marker_parent to None, run_after=None
[2024-05-06T21:56:24.645-0500] {processor.py:183} INFO - Processing /Users/paulamedina/venv/lib/python3.12/site-packages/airflow/example_dags/example_external_task_marker_dag.py took 0.268 seconds
[2024-05-06T21:58:01.049-0500] {processor.py:161} INFO - Started process (PID=65492) to work on /Users/paulamedina/venv/lib/python3.12/site-packages/airflow/example_dags/example_external_task_marker_dag.py
[2024-05-06T21:58:01.051-0500] {processor.py:830} INFO - Processing file /Users/paulamedina/venv/lib/python3.12/site-packages/airflow/example_dags/example_external_task_marker_dag.py for tasks to queue
[2024-05-06T21:58:01.052-0500] {logging_mixin.py:188} INFO - [2024-05-06T21:58:01.052-0500] {dagbag.py:540} INFO - Filling up the DagBag from /Users/paulamedina/venv/lib/python3.12/site-packages/airflow/example_dags/example_external_task_marker_dag.py
[2024-05-06T21:58:01.076-0500] {processor.py:840} INFO - DAG(s) 'example_external_task_marker_child', 'example_external_task_marker_parent' retrieved from /Users/paulamedina/venv/lib/python3.12/site-packages/airflow/example_dags/example_external_task_marker_dag.py
[2024-05-06T21:58:01.290-0500] {logging_mixin.py:188} INFO - [2024-05-06T21:58:01.286-0500] {dag.py:3096} INFO - Sync 2 DAGs
[2024-05-06T21:58:01.318-0500] {logging_mixin.py:188} INFO - [2024-05-06T21:58:01.317-0500] {dag.py:3954} INFO - Setting next_dagrun for example_external_task_marker_child to None, run_after=None
[2024-05-06T21:58:01.330-0500] {logging_mixin.py:188} INFO - [2024-05-06T21:58:01.329-0500] {dag.py:3954} INFO - Setting next_dagrun for example_external_task_marker_parent to None, run_after=None
[2024-05-06T21:58:01.363-0500] {processor.py:183} INFO - Processing /Users/paulamedina/venv/lib/python3.12/site-packages/airflow/example_dags/example_external_task_marker_dag.py took 0.318 seconds
[2024-05-06T21:59:54.943-0500] {processor.py:161} INFO - Started process (PID=66062) to work on /Users/paulamedina/venv/lib/python3.12/site-packages/airflow/example_dags/example_external_task_marker_dag.py
[2024-05-06T21:59:54.945-0500] {processor.py:830} INFO - Processing file /Users/paulamedina/venv/lib/python3.12/site-packages/airflow/example_dags/example_external_task_marker_dag.py for tasks to queue
[2024-05-06T21:59:54.946-0500] {logging_mixin.py:188} INFO - [2024-05-06T21:59:54.946-0500] {dagbag.py:540} INFO - Filling up the DagBag from /Users/paulamedina/venv/lib/python3.12/site-packages/airflow/example_dags/example_external_task_marker_dag.py
[2024-05-06T21:59:54.972-0500] {processor.py:840} INFO - DAG(s) 'example_external_task_marker_child', 'example_external_task_marker_parent' retrieved from /Users/paulamedina/venv/lib/python3.12/site-packages/airflow/example_dags/example_external_task_marker_dag.py
[2024-05-06T21:59:55.168-0500] {logging_mixin.py:188} INFO - [2024-05-06T21:59:55.166-0500] {dag.py:3096} INFO - Sync 2 DAGs
[2024-05-06T21:59:55.187-0500] {logging_mixin.py:188} INFO - [2024-05-06T21:59:55.186-0500] {dag.py:3954} INFO - Setting next_dagrun for example_external_task_marker_child to None, run_after=None
[2024-05-06T21:59:55.193-0500] {logging_mixin.py:188} INFO - [2024-05-06T21:59:55.192-0500] {dag.py:3954} INFO - Setting next_dagrun for example_external_task_marker_parent to None, run_after=None
[2024-05-06T21:59:55.216-0500] {processor.py:183} INFO - Processing /Users/paulamedina/venv/lib/python3.12/site-packages/airflow/example_dags/example_external_task_marker_dag.py took 0.277 seconds
[2024-05-06T22:01:41.937-0500] {processor.py:161} INFO - Started process (PID=66540) to work on /Users/paulamedina/venv/lib/python3.12/site-packages/airflow/example_dags/example_external_task_marker_dag.py
[2024-05-06T22:01:41.939-0500] {processor.py:830} INFO - Processing file /Users/paulamedina/venv/lib/python3.12/site-packages/airflow/example_dags/example_external_task_marker_dag.py for tasks to queue
[2024-05-06T22:01:41.940-0500] {logging_mixin.py:188} INFO - [2024-05-06T22:01:41.940-0500] {dagbag.py:540} INFO - Filling up the DagBag from /Users/paulamedina/venv/lib/python3.12/site-packages/airflow/example_dags/example_external_task_marker_dag.py
[2024-05-06T22:01:41.987-0500] {processor.py:840} INFO - DAG(s) 'example_external_task_marker_child', 'example_external_task_marker_parent' retrieved from /Users/paulamedina/venv/lib/python3.12/site-packages/airflow/example_dags/example_external_task_marker_dag.py
[2024-05-06T22:01:42.318-0500] {logging_mixin.py:188} INFO - [2024-05-06T22:01:42.316-0500] {dag.py:3096} INFO - Sync 2 DAGs
[2024-05-06T22:01:42.331-0500] {logging_mixin.py:188} INFO - [2024-05-06T22:01:42.331-0500] {dag.py:3954} INFO - Setting next_dagrun for example_external_task_marker_child to None, run_after=None
[2024-05-06T22:01:42.335-0500] {logging_mixin.py:188} INFO - [2024-05-06T22:01:42.335-0500] {dag.py:3954} INFO - Setting next_dagrun for example_external_task_marker_parent to None, run_after=None
[2024-05-06T22:01:42.354-0500] {processor.py:183} INFO - Processing /Users/paulamedina/venv/lib/python3.12/site-packages/airflow/example_dags/example_external_task_marker_dag.py took 0.421 seconds
