[2024-05-06T19:03:35.977-0500] {processor.py:161} INFO - Started process (PID=26921) to work on /Users/paulamedina/venv/lib/python3.12/site-packages/airflow/example_dags/example_branch_operator.py
[2024-05-06T19:03:35.978-0500] {processor.py:830} INFO - Processing file /Users/paulamedina/venv/lib/python3.12/site-packages/airflow/example_dags/example_branch_operator.py for tasks to queue
[2024-05-06T19:03:35.978-0500] {logging_mixin.py:188} INFO - [2024-05-06T19:03:35.978-0500] {dagbag.py:540} INFO - Filling up the DagBag from /Users/paulamedina/venv/lib/python3.12/site-packages/airflow/example_dags/example_branch_operator.py
[2024-05-06T19:03:35.995-0500] {processor.py:842} WARNING - No viable dags retrieved from /Users/paulamedina/venv/lib/python3.12/site-packages/airflow/example_dags/example_branch_operator.py
[2024-05-06T19:03:36.057-0500] {processor.py:183} INFO - Processing /Users/paulamedina/venv/lib/python3.12/site-packages/airflow/example_dags/example_branch_operator.py took 0.082 seconds
[2024-05-06T19:06:50.686-0500] {processor.py:161} INFO - Started process (PID=27624) to work on /Users/paulamedina/venv/lib/python3.12/site-packages/airflow/example_dags/example_branch_operator.py
[2024-05-06T19:06:50.686-0500] {processor.py:830} INFO - Processing file /Users/paulamedina/venv/lib/python3.12/site-packages/airflow/example_dags/example_branch_operator.py for tasks to queue
[2024-05-06T19:06:50.687-0500] {logging_mixin.py:188} INFO - [2024-05-06T19:06:50.687-0500] {dagbag.py:540} INFO - Filling up the DagBag from /Users/paulamedina/venv/lib/python3.12/site-packages/airflow/example_dags/example_branch_operator.py
[2024-05-06T19:06:50.703-0500] {processor.py:842} WARNING - No viable dags retrieved from /Users/paulamedina/venv/lib/python3.12/site-packages/airflow/example_dags/example_branch_operator.py
[2024-05-06T19:06:50.764-0500] {processor.py:183} INFO - Processing /Users/paulamedina/venv/lib/python3.12/site-packages/airflow/example_dags/example_branch_operator.py took 0.080 seconds
[2024-05-06T19:10:16.454-0500] {processor.py:161} INFO - Started process (PID=28350) to work on /Users/paulamedina/venv/lib/python3.12/site-packages/airflow/example_dags/example_branch_operator.py
[2024-05-06T19:10:16.455-0500] {processor.py:830} INFO - Processing file /Users/paulamedina/venv/lib/python3.12/site-packages/airflow/example_dags/example_branch_operator.py for tasks to queue
[2024-05-06T19:10:16.455-0500] {logging_mixin.py:188} INFO - [2024-05-06T19:10:16.455-0500] {dagbag.py:540} INFO - Filling up the DagBag from /Users/paulamedina/venv/lib/python3.12/site-packages/airflow/example_dags/example_branch_operator.py
[2024-05-06T19:10:16.473-0500] {processor.py:842} WARNING - No viable dags retrieved from /Users/paulamedina/venv/lib/python3.12/site-packages/airflow/example_dags/example_branch_operator.py
[2024-05-06T19:10:16.534-0500] {processor.py:183} INFO - Processing /Users/paulamedina/venv/lib/python3.12/site-packages/airflow/example_dags/example_branch_operator.py took 0.082 seconds
[2024-05-06T19:13:52.860-0500] {processor.py:161} INFO - Started process (PID=29120) to work on /Users/paulamedina/venv/lib/python3.12/site-packages/airflow/example_dags/example_branch_operator.py
[2024-05-06T19:13:52.862-0500] {processor.py:830} INFO - Processing file /Users/paulamedina/venv/lib/python3.12/site-packages/airflow/example_dags/example_branch_operator.py for tasks to queue
[2024-05-06T19:13:52.863-0500] {logging_mixin.py:188} INFO - [2024-05-06T19:13:52.863-0500] {dagbag.py:540} INFO - Filling up the DagBag from /Users/paulamedina/venv/lib/python3.12/site-packages/airflow/example_dags/example_branch_operator.py
[2024-05-06T19:13:52.887-0500] {processor.py:842} WARNING - No viable dags retrieved from /Users/paulamedina/venv/lib/python3.12/site-packages/airflow/example_dags/example_branch_operator.py
[2024-05-06T19:13:52.969-0500] {processor.py:183} INFO - Processing /Users/paulamedina/venv/lib/python3.12/site-packages/airflow/example_dags/example_branch_operator.py took 0.112 seconds
[2024-05-06T19:18:25.141-0500] {processor.py:161} INFO - Started process (PID=30156) to work on /Users/paulamedina/venv/lib/python3.12/site-packages/airflow/example_dags/example_branch_operator.py
[2024-05-06T19:18:25.143-0500] {processor.py:830} INFO - Processing file /Users/paulamedina/venv/lib/python3.12/site-packages/airflow/example_dags/example_branch_operator.py for tasks to queue
[2024-05-06T19:18:25.144-0500] {logging_mixin.py:188} INFO - [2024-05-06T19:18:25.143-0500] {dagbag.py:540} INFO - Filling up the DagBag from /Users/paulamedina/venv/lib/python3.12/site-packages/airflow/example_dags/example_branch_operator.py
[2024-05-06T19:18:25.167-0500] {processor.py:842} WARNING - No viable dags retrieved from /Users/paulamedina/venv/lib/python3.12/site-packages/airflow/example_dags/example_branch_operator.py
[2024-05-06T19:18:25.252-0500] {processor.py:183} INFO - Processing /Users/paulamedina/venv/lib/python3.12/site-packages/airflow/example_dags/example_branch_operator.py took 0.113 seconds
[2024-05-06T19:22:47.895-0500] {processor.py:161} INFO - Started process (PID=31081) to work on /Users/paulamedina/venv/lib/python3.12/site-packages/airflow/example_dags/example_branch_operator.py
[2024-05-06T19:22:47.897-0500] {processor.py:830} INFO - Processing file /Users/paulamedina/venv/lib/python3.12/site-packages/airflow/example_dags/example_branch_operator.py for tasks to queue
[2024-05-06T19:22:47.898-0500] {logging_mixin.py:188} INFO - [2024-05-06T19:22:47.898-0500] {dagbag.py:540} INFO - Filling up the DagBag from /Users/paulamedina/venv/lib/python3.12/site-packages/airflow/example_dags/example_branch_operator.py
[2024-05-06T19:22:47.931-0500] {processor.py:842} WARNING - No viable dags retrieved from /Users/paulamedina/venv/lib/python3.12/site-packages/airflow/example_dags/example_branch_operator.py
[2024-05-06T19:22:48.050-0500] {processor.py:183} INFO - Processing /Users/paulamedina/venv/lib/python3.12/site-packages/airflow/example_dags/example_branch_operator.py took 0.158 seconds
[2024-05-06T19:27:12.139-0500] {processor.py:161} INFO - Started process (PID=32016) to work on /Users/paulamedina/venv/lib/python3.12/site-packages/airflow/example_dags/example_branch_operator.py
[2024-05-06T19:27:12.139-0500] {processor.py:830} INFO - Processing file /Users/paulamedina/venv/lib/python3.12/site-packages/airflow/example_dags/example_branch_operator.py for tasks to queue
[2024-05-06T19:27:12.140-0500] {logging_mixin.py:188} INFO - [2024-05-06T19:27:12.140-0500] {dagbag.py:540} INFO - Filling up the DagBag from /Users/paulamedina/venv/lib/python3.12/site-packages/airflow/example_dags/example_branch_operator.py
[2024-05-06T19:27:12.157-0500] {processor.py:842} WARNING - No viable dags retrieved from /Users/paulamedina/venv/lib/python3.12/site-packages/airflow/example_dags/example_branch_operator.py
[2024-05-06T19:27:12.222-0500] {processor.py:183} INFO - Processing /Users/paulamedina/venv/lib/python3.12/site-packages/airflow/example_dags/example_branch_operator.py took 0.086 seconds
[2024-05-06T19:30:41.869-0500] {processor.py:161} INFO - Started process (PID=32768) to work on /Users/paulamedina/venv/lib/python3.12/site-packages/airflow/example_dags/example_branch_operator.py
[2024-05-06T19:30:41.870-0500] {processor.py:830} INFO - Processing file /Users/paulamedina/venv/lib/python3.12/site-packages/airflow/example_dags/example_branch_operator.py for tasks to queue
[2024-05-06T19:30:41.870-0500] {logging_mixin.py:188} INFO - [2024-05-06T19:30:41.870-0500] {dagbag.py:540} INFO - Filling up the DagBag from /Users/paulamedina/venv/lib/python3.12/site-packages/airflow/example_dags/example_branch_operator.py
[2024-05-06T19:30:41.891-0500] {processor.py:842} WARNING - No viable dags retrieved from /Users/paulamedina/venv/lib/python3.12/site-packages/airflow/example_dags/example_branch_operator.py
[2024-05-06T19:30:41.962-0500] {processor.py:183} INFO - Processing /Users/paulamedina/venv/lib/python3.12/site-packages/airflow/example_dags/example_branch_operator.py took 0.095 seconds
[2024-05-06T19:34:05.591-0500] {processor.py:161} INFO - Started process (PID=33505) to work on /Users/paulamedina/venv/lib/python3.12/site-packages/airflow/example_dags/example_branch_operator.py
[2024-05-06T19:34:05.592-0500] {processor.py:830} INFO - Processing file /Users/paulamedina/venv/lib/python3.12/site-packages/airflow/example_dags/example_branch_operator.py for tasks to queue
[2024-05-06T19:34:05.592-0500] {logging_mixin.py:188} INFO - [2024-05-06T19:34:05.592-0500] {dagbag.py:540} INFO - Filling up the DagBag from /Users/paulamedina/venv/lib/python3.12/site-packages/airflow/example_dags/example_branch_operator.py
[2024-05-06T19:34:05.609-0500] {processor.py:842} WARNING - No viable dags retrieved from /Users/paulamedina/venv/lib/python3.12/site-packages/airflow/example_dags/example_branch_operator.py
[2024-05-06T19:34:05.671-0500] {processor.py:183} INFO - Processing /Users/paulamedina/venv/lib/python3.12/site-packages/airflow/example_dags/example_branch_operator.py took 0.082 seconds
[2024-05-06T19:37:28.908-0500] {processor.py:161} INFO - Started process (PID=34316) to work on /Users/paulamedina/venv/lib/python3.12/site-packages/airflow/example_dags/example_branch_operator.py
[2024-05-06T19:37:28.909-0500] {processor.py:830} INFO - Processing file /Users/paulamedina/venv/lib/python3.12/site-packages/airflow/example_dags/example_branch_operator.py for tasks to queue
[2024-05-06T19:37:28.909-0500] {logging_mixin.py:188} INFO - [2024-05-06T19:37:28.909-0500] {dagbag.py:540} INFO - Filling up the DagBag from /Users/paulamedina/venv/lib/python3.12/site-packages/airflow/example_dags/example_branch_operator.py
[2024-05-06T19:37:28.926-0500] {processor.py:842} WARNING - No viable dags retrieved from /Users/paulamedina/venv/lib/python3.12/site-packages/airflow/example_dags/example_branch_operator.py
[2024-05-06T19:37:28.987-0500] {processor.py:183} INFO - Processing /Users/paulamedina/venv/lib/python3.12/site-packages/airflow/example_dags/example_branch_operator.py took 0.081 seconds
[2024-05-06T19:40:49.834-0500] {processor.py:161} INFO - Started process (PID=35023) to work on /Users/paulamedina/venv/lib/python3.12/site-packages/airflow/example_dags/example_branch_operator.py
[2024-05-06T19:40:49.835-0500] {processor.py:830} INFO - Processing file /Users/paulamedina/venv/lib/python3.12/site-packages/airflow/example_dags/example_branch_operator.py for tasks to queue
[2024-05-06T19:40:49.835-0500] {logging_mixin.py:188} INFO - [2024-05-06T19:40:49.835-0500] {dagbag.py:540} INFO - Filling up the DagBag from /Users/paulamedina/venv/lib/python3.12/site-packages/airflow/example_dags/example_branch_operator.py
[2024-05-06T19:40:49.852-0500] {processor.py:842} WARNING - No viable dags retrieved from /Users/paulamedina/venv/lib/python3.12/site-packages/airflow/example_dags/example_branch_operator.py
[2024-05-06T19:40:49.914-0500] {processor.py:183} INFO - Processing /Users/paulamedina/venv/lib/python3.12/site-packages/airflow/example_dags/example_branch_operator.py took 0.082 seconds
[2024-05-06T19:44:06.352-0500] {processor.py:161} INFO - Started process (PID=35733) to work on /Users/paulamedina/venv/lib/python3.12/site-packages/airflow/example_dags/example_branch_operator.py
[2024-05-06T19:44:06.353-0500] {processor.py:830} INFO - Processing file /Users/paulamedina/venv/lib/python3.12/site-packages/airflow/example_dags/example_branch_operator.py for tasks to queue
[2024-05-06T19:44:06.354-0500] {logging_mixin.py:188} INFO - [2024-05-06T19:44:06.353-0500] {dagbag.py:540} INFO - Filling up the DagBag from /Users/paulamedina/venv/lib/python3.12/site-packages/airflow/example_dags/example_branch_operator.py
[2024-05-06T19:44:06.374-0500] {processor.py:842} WARNING - No viable dags retrieved from /Users/paulamedina/venv/lib/python3.12/site-packages/airflow/example_dags/example_branch_operator.py
[2024-05-06T19:44:06.446-0500] {processor.py:183} INFO - Processing /Users/paulamedina/venv/lib/python3.12/site-packages/airflow/example_dags/example_branch_operator.py took 0.096 seconds
[2024-05-06T19:47:41.001-0500] {processor.py:161} INFO - Started process (PID=36486) to work on /Users/paulamedina/venv/lib/python3.12/site-packages/airflow/example_dags/example_branch_operator.py
[2024-05-06T19:47:41.002-0500] {processor.py:830} INFO - Processing file /Users/paulamedina/venv/lib/python3.12/site-packages/airflow/example_dags/example_branch_operator.py for tasks to queue
[2024-05-06T19:47:41.003-0500] {logging_mixin.py:188} INFO - [2024-05-06T19:47:41.002-0500] {dagbag.py:540} INFO - Filling up the DagBag from /Users/paulamedina/venv/lib/python3.12/site-packages/airflow/example_dags/example_branch_operator.py
[2024-05-06T19:47:41.020-0500] {processor.py:842} WARNING - No viable dags retrieved from /Users/paulamedina/venv/lib/python3.12/site-packages/airflow/example_dags/example_branch_operator.py
[2024-05-06T19:47:41.082-0500] {processor.py:183} INFO - Processing /Users/paulamedina/venv/lib/python3.12/site-packages/airflow/example_dags/example_branch_operator.py took 0.082 seconds
[2024-05-06T19:51:05.728-0500] {processor.py:161} INFO - Started process (PID=37303) to work on /Users/paulamedina/venv/lib/python3.12/site-packages/airflow/example_dags/example_branch_operator.py
[2024-05-06T19:51:05.729-0500] {processor.py:830} INFO - Processing file /Users/paulamedina/venv/lib/python3.12/site-packages/airflow/example_dags/example_branch_operator.py for tasks to queue
[2024-05-06T19:51:05.730-0500] {logging_mixin.py:188} INFO - [2024-05-06T19:51:05.729-0500] {dagbag.py:540} INFO - Filling up the DagBag from /Users/paulamedina/venv/lib/python3.12/site-packages/airflow/example_dags/example_branch_operator.py
[2024-05-06T19:51:05.751-0500] {processor.py:842} WARNING - No viable dags retrieved from /Users/paulamedina/venv/lib/python3.12/site-packages/airflow/example_dags/example_branch_operator.py
[2024-05-06T19:51:05.824-0500] {processor.py:183} INFO - Processing /Users/paulamedina/venv/lib/python3.12/site-packages/airflow/example_dags/example_branch_operator.py took 0.099 seconds
[2024-05-06T19:54:36.154-0500] {processor.py:161} INFO - Started process (PID=38053) to work on /Users/paulamedina/venv/lib/python3.12/site-packages/airflow/example_dags/example_branch_operator.py
[2024-05-06T19:54:36.155-0500] {processor.py:830} INFO - Processing file /Users/paulamedina/venv/lib/python3.12/site-packages/airflow/example_dags/example_branch_operator.py for tasks to queue
[2024-05-06T19:54:36.155-0500] {logging_mixin.py:188} INFO - [2024-05-06T19:54:36.155-0500] {dagbag.py:540} INFO - Filling up the DagBag from /Users/paulamedina/venv/lib/python3.12/site-packages/airflow/example_dags/example_branch_operator.py
[2024-05-06T19:54:36.175-0500] {processor.py:842} WARNING - No viable dags retrieved from /Users/paulamedina/venv/lib/python3.12/site-packages/airflow/example_dags/example_branch_operator.py
[2024-05-06T19:54:36.246-0500] {processor.py:183} INFO - Processing /Users/paulamedina/venv/lib/python3.12/site-packages/airflow/example_dags/example_branch_operator.py took 0.094 seconds
[2024-05-06T19:58:03.923-0500] {processor.py:161} INFO - Started process (PID=38789) to work on /Users/paulamedina/venv/lib/python3.12/site-packages/airflow/example_dags/example_branch_operator.py
[2024-05-06T19:58:03.924-0500] {processor.py:830} INFO - Processing file /Users/paulamedina/venv/lib/python3.12/site-packages/airflow/example_dags/example_branch_operator.py for tasks to queue
[2024-05-06T19:58:03.924-0500] {logging_mixin.py:188} INFO - [2024-05-06T19:58:03.924-0500] {dagbag.py:540} INFO - Filling up the DagBag from /Users/paulamedina/venv/lib/python3.12/site-packages/airflow/example_dags/example_branch_operator.py
[2024-05-06T19:58:03.941-0500] {processor.py:842} WARNING - No viable dags retrieved from /Users/paulamedina/venv/lib/python3.12/site-packages/airflow/example_dags/example_branch_operator.py
[2024-05-06T19:58:04.002-0500] {processor.py:183} INFO - Processing /Users/paulamedina/venv/lib/python3.12/site-packages/airflow/example_dags/example_branch_operator.py took 0.081 seconds
[2024-05-06T20:01:42.961-0500] {processor.py:161} INFO - Started process (PID=39603) to work on /Users/paulamedina/venv/lib/python3.12/site-packages/airflow/example_dags/example_branch_operator.py
[2024-05-06T20:01:42.962-0500] {processor.py:830} INFO - Processing file /Users/paulamedina/venv/lib/python3.12/site-packages/airflow/example_dags/example_branch_operator.py for tasks to queue
[2024-05-06T20:01:42.963-0500] {logging_mixin.py:188} INFO - [2024-05-06T20:01:42.962-0500] {dagbag.py:540} INFO - Filling up the DagBag from /Users/paulamedina/venv/lib/python3.12/site-packages/airflow/example_dags/example_branch_operator.py
[2024-05-06T20:01:42.980-0500] {processor.py:842} WARNING - No viable dags retrieved from /Users/paulamedina/venv/lib/python3.12/site-packages/airflow/example_dags/example_branch_operator.py
[2024-05-06T20:01:43.043-0500] {processor.py:183} INFO - Processing /Users/paulamedina/venv/lib/python3.12/site-packages/airflow/example_dags/example_branch_operator.py took 0.084 seconds
[2024-05-06T20:05:11.698-0500] {processor.py:161} INFO - Started process (PID=40355) to work on /Users/paulamedina/venv/lib/python3.12/site-packages/airflow/example_dags/example_branch_operator.py
[2024-05-06T20:05:11.699-0500] {processor.py:830} INFO - Processing file /Users/paulamedina/venv/lib/python3.12/site-packages/airflow/example_dags/example_branch_operator.py for tasks to queue
[2024-05-06T20:05:11.700-0500] {logging_mixin.py:188} INFO - [2024-05-06T20:05:11.700-0500] {dagbag.py:540} INFO - Filling up the DagBag from /Users/paulamedina/venv/lib/python3.12/site-packages/airflow/example_dags/example_branch_operator.py
[2024-05-06T20:05:11.719-0500] {processor.py:842} WARNING - No viable dags retrieved from /Users/paulamedina/venv/lib/python3.12/site-packages/airflow/example_dags/example_branch_operator.py
[2024-05-06T20:05:11.790-0500] {processor.py:183} INFO - Processing /Users/paulamedina/venv/lib/python3.12/site-packages/airflow/example_dags/example_branch_operator.py took 0.094 seconds
[2024-05-06T20:08:41.900-0500] {processor.py:161} INFO - Started process (PID=41103) to work on /Users/paulamedina/venv/lib/python3.12/site-packages/airflow/example_dags/example_branch_operator.py
[2024-05-06T20:08:41.901-0500] {processor.py:830} INFO - Processing file /Users/paulamedina/venv/lib/python3.12/site-packages/airflow/example_dags/example_branch_operator.py for tasks to queue
[2024-05-06T20:08:41.902-0500] {logging_mixin.py:188} INFO - [2024-05-06T20:08:41.902-0500] {dagbag.py:540} INFO - Filling up the DagBag from /Users/paulamedina/venv/lib/python3.12/site-packages/airflow/example_dags/example_branch_operator.py
[2024-05-06T20:08:41.921-0500] {processor.py:842} WARNING - No viable dags retrieved from /Users/paulamedina/venv/lib/python3.12/site-packages/airflow/example_dags/example_branch_operator.py
[2024-05-06T20:08:41.993-0500] {processor.py:183} INFO - Processing /Users/paulamedina/venv/lib/python3.12/site-packages/airflow/example_dags/example_branch_operator.py took 0.095 seconds
[2024-05-06T20:12:00.101-0500] {processor.py:161} INFO - Started process (PID=41899) to work on /Users/paulamedina/venv/lib/python3.12/site-packages/airflow/example_dags/example_branch_operator.py
[2024-05-06T20:12:00.102-0500] {processor.py:830} INFO - Processing file /Users/paulamedina/venv/lib/python3.12/site-packages/airflow/example_dags/example_branch_operator.py for tasks to queue
[2024-05-06T20:12:00.102-0500] {logging_mixin.py:188} INFO - [2024-05-06T20:12:00.102-0500] {dagbag.py:540} INFO - Filling up the DagBag from /Users/paulamedina/venv/lib/python3.12/site-packages/airflow/example_dags/example_branch_operator.py
[2024-05-06T20:12:00.124-0500] {processor.py:842} WARNING - No viable dags retrieved from /Users/paulamedina/venv/lib/python3.12/site-packages/airflow/example_dags/example_branch_operator.py
[2024-05-06T20:12:00.196-0500] {processor.py:183} INFO - Processing /Users/paulamedina/venv/lib/python3.12/site-packages/airflow/example_dags/example_branch_operator.py took 0.098 seconds
[2024-05-06T20:15:17.691-0500] {processor.py:161} INFO - Started process (PID=42593) to work on /Users/paulamedina/venv/lib/python3.12/site-packages/airflow/example_dags/example_branch_operator.py
[2024-05-06T20:15:17.691-0500] {processor.py:830} INFO - Processing file /Users/paulamedina/venv/lib/python3.12/site-packages/airflow/example_dags/example_branch_operator.py for tasks to queue
[2024-05-06T20:15:17.692-0500] {logging_mixin.py:188} INFO - [2024-05-06T20:15:17.692-0500] {dagbag.py:540} INFO - Filling up the DagBag from /Users/paulamedina/venv/lib/python3.12/site-packages/airflow/example_dags/example_branch_operator.py
[2024-05-06T20:15:17.710-0500] {processor.py:842} WARNING - No viable dags retrieved from /Users/paulamedina/venv/lib/python3.12/site-packages/airflow/example_dags/example_branch_operator.py
[2024-05-06T20:15:17.774-0500] {processor.py:183} INFO - Processing /Users/paulamedina/venv/lib/python3.12/site-packages/airflow/example_dags/example_branch_operator.py took 0.085 seconds
[2024-05-06T20:18:45.113-0500] {processor.py:161} INFO - Started process (PID=43333) to work on /Users/paulamedina/venv/lib/python3.12/site-packages/airflow/example_dags/example_branch_operator.py
[2024-05-06T20:18:45.113-0500] {processor.py:830} INFO - Processing file /Users/paulamedina/venv/lib/python3.12/site-packages/airflow/example_dags/example_branch_operator.py for tasks to queue
[2024-05-06T20:18:45.114-0500] {logging_mixin.py:188} INFO - [2024-05-06T20:18:45.114-0500] {dagbag.py:540} INFO - Filling up the DagBag from /Users/paulamedina/venv/lib/python3.12/site-packages/airflow/example_dags/example_branch_operator.py
[2024-05-06T20:18:45.134-0500] {processor.py:842} WARNING - No viable dags retrieved from /Users/paulamedina/venv/lib/python3.12/site-packages/airflow/example_dags/example_branch_operator.py
[2024-05-06T20:18:45.204-0500] {processor.py:183} INFO - Processing /Users/paulamedina/venv/lib/python3.12/site-packages/airflow/example_dags/example_branch_operator.py took 0.094 seconds
[2024-05-06T20:22:13.114-0500] {processor.py:161} INFO - Started process (PID=44067) to work on /Users/paulamedina/venv/lib/python3.12/site-packages/airflow/example_dags/example_branch_operator.py
[2024-05-06T20:22:13.115-0500] {processor.py:830} INFO - Processing file /Users/paulamedina/venv/lib/python3.12/site-packages/airflow/example_dags/example_branch_operator.py for tasks to queue
[2024-05-06T20:22:13.115-0500] {logging_mixin.py:188} INFO - [2024-05-06T20:22:13.115-0500] {dagbag.py:540} INFO - Filling up the DagBag from /Users/paulamedina/venv/lib/python3.12/site-packages/airflow/example_dags/example_branch_operator.py
[2024-05-06T20:22:13.132-0500] {processor.py:842} WARNING - No viable dags retrieved from /Users/paulamedina/venv/lib/python3.12/site-packages/airflow/example_dags/example_branch_operator.py
[2024-05-06T20:22:13.195-0500] {processor.py:183} INFO - Processing /Users/paulamedina/venv/lib/python3.12/site-packages/airflow/example_dags/example_branch_operator.py took 0.083 seconds
[2024-05-06T20:25:35.665-0500] {processor.py:161} INFO - Started process (PID=44786) to work on /Users/paulamedina/venv/lib/python3.12/site-packages/airflow/example_dags/example_branch_operator.py
[2024-05-06T20:25:35.666-0500] {processor.py:830} INFO - Processing file /Users/paulamedina/venv/lib/python3.12/site-packages/airflow/example_dags/example_branch_operator.py for tasks to queue
[2024-05-06T20:25:35.666-0500] {logging_mixin.py:188} INFO - [2024-05-06T20:25:35.666-0500] {dagbag.py:540} INFO - Filling up the DagBag from /Users/paulamedina/venv/lib/python3.12/site-packages/airflow/example_dags/example_branch_operator.py
[2024-05-06T20:25:35.683-0500] {processor.py:842} WARNING - No viable dags retrieved from /Users/paulamedina/venv/lib/python3.12/site-packages/airflow/example_dags/example_branch_operator.py
[2024-05-06T20:25:35.745-0500] {processor.py:183} INFO - Processing /Users/paulamedina/venv/lib/python3.12/site-packages/airflow/example_dags/example_branch_operator.py took 0.082 seconds
[2024-05-06T20:29:01.849-0500] {processor.py:161} INFO - Started process (PID=45615) to work on /Users/paulamedina/venv/lib/python3.12/site-packages/airflow/example_dags/example_branch_operator.py
[2024-05-06T20:29:01.850-0500] {processor.py:830} INFO - Processing file /Users/paulamedina/venv/lib/python3.12/site-packages/airflow/example_dags/example_branch_operator.py for tasks to queue
[2024-05-06T20:29:01.850-0500] {logging_mixin.py:188} INFO - [2024-05-06T20:29:01.850-0500] {dagbag.py:540} INFO - Filling up the DagBag from /Users/paulamedina/venv/lib/python3.12/site-packages/airflow/example_dags/example_branch_operator.py
[2024-05-06T20:29:01.867-0500] {processor.py:842} WARNING - No viable dags retrieved from /Users/paulamedina/venv/lib/python3.12/site-packages/airflow/example_dags/example_branch_operator.py
[2024-05-06T20:29:01.928-0500] {processor.py:183} INFO - Processing /Users/paulamedina/venv/lib/python3.12/site-packages/airflow/example_dags/example_branch_operator.py took 0.082 seconds
[2024-05-06T20:32:24.644-0500] {processor.py:161} INFO - Started process (PID=46344) to work on /Users/paulamedina/venv/lib/python3.12/site-packages/airflow/example_dags/example_branch_operator.py
[2024-05-06T20:32:24.645-0500] {processor.py:830} INFO - Processing file /Users/paulamedina/venv/lib/python3.12/site-packages/airflow/example_dags/example_branch_operator.py for tasks to queue
[2024-05-06T20:32:24.645-0500] {logging_mixin.py:188} INFO - [2024-05-06T20:32:24.645-0500] {dagbag.py:540} INFO - Filling up the DagBag from /Users/paulamedina/venv/lib/python3.12/site-packages/airflow/example_dags/example_branch_operator.py
[2024-05-06T20:32:24.663-0500] {processor.py:842} WARNING - No viable dags retrieved from /Users/paulamedina/venv/lib/python3.12/site-packages/airflow/example_dags/example_branch_operator.py
[2024-05-06T20:32:24.725-0500] {processor.py:183} INFO - Processing /Users/paulamedina/venv/lib/python3.12/site-packages/airflow/example_dags/example_branch_operator.py took 0.083 seconds
[2024-05-06T20:35:47.538-0500] {processor.py:161} INFO - Started process (PID=47060) to work on /Users/paulamedina/venv/lib/python3.12/site-packages/airflow/example_dags/example_branch_operator.py
[2024-05-06T20:35:47.539-0500] {processor.py:830} INFO - Processing file /Users/paulamedina/venv/lib/python3.12/site-packages/airflow/example_dags/example_branch_operator.py for tasks to queue
[2024-05-06T20:35:47.540-0500] {logging_mixin.py:188} INFO - [2024-05-06T20:35:47.540-0500] {dagbag.py:540} INFO - Filling up the DagBag from /Users/paulamedina/venv/lib/python3.12/site-packages/airflow/example_dags/example_branch_operator.py
[2024-05-06T20:35:47.560-0500] {processor.py:842} WARNING - No viable dags retrieved from /Users/paulamedina/venv/lib/python3.12/site-packages/airflow/example_dags/example_branch_operator.py
[2024-05-06T20:35:47.629-0500] {processor.py:183} INFO - Processing /Users/paulamedina/venv/lib/python3.12/site-packages/airflow/example_dags/example_branch_operator.py took 0.093 seconds
[2024-05-06T20:39:04.266-0500] {processor.py:161} INFO - Started process (PID=47760) to work on /Users/paulamedina/venv/lib/python3.12/site-packages/airflow/example_dags/example_branch_operator.py
[2024-05-06T20:39:04.267-0500] {processor.py:830} INFO - Processing file /Users/paulamedina/venv/lib/python3.12/site-packages/airflow/example_dags/example_branch_operator.py for tasks to queue
[2024-05-06T20:39:04.267-0500] {logging_mixin.py:188} INFO - [2024-05-06T20:39:04.267-0500] {dagbag.py:540} INFO - Filling up the DagBag from /Users/paulamedina/venv/lib/python3.12/site-packages/airflow/example_dags/example_branch_operator.py
[2024-05-06T20:39:04.285-0500] {processor.py:842} WARNING - No viable dags retrieved from /Users/paulamedina/venv/lib/python3.12/site-packages/airflow/example_dags/example_branch_operator.py
[2024-05-06T20:39:04.348-0500] {processor.py:183} INFO - Processing /Users/paulamedina/venv/lib/python3.12/site-packages/airflow/example_dags/example_branch_operator.py took 0.084 seconds
[2024-05-06T20:42:33.761-0500] {processor.py:161} INFO - Started process (PID=48509) to work on /Users/paulamedina/venv/lib/python3.12/site-packages/airflow/example_dags/example_branch_operator.py
[2024-05-06T20:42:33.762-0500] {processor.py:830} INFO - Processing file /Users/paulamedina/venv/lib/python3.12/site-packages/airflow/example_dags/example_branch_operator.py for tasks to queue
[2024-05-06T20:42:33.763-0500] {logging_mixin.py:188} INFO - [2024-05-06T20:42:33.763-0500] {dagbag.py:540} INFO - Filling up the DagBag from /Users/paulamedina/venv/lib/python3.12/site-packages/airflow/example_dags/example_branch_operator.py
[2024-05-06T20:42:33.783-0500] {processor.py:842} WARNING - No viable dags retrieved from /Users/paulamedina/venv/lib/python3.12/site-packages/airflow/example_dags/example_branch_operator.py
[2024-05-06T20:42:33.853-0500] {processor.py:183} INFO - Processing /Users/paulamedina/venv/lib/python3.12/site-packages/airflow/example_dags/example_branch_operator.py took 0.094 seconds
[2024-05-06T20:45:58.752-0500] {processor.py:161} INFO - Started process (PID=49236) to work on /Users/paulamedina/venv/lib/python3.12/site-packages/airflow/example_dags/example_branch_operator.py
[2024-05-06T20:45:58.753-0500] {processor.py:830} INFO - Processing file /Users/paulamedina/venv/lib/python3.12/site-packages/airflow/example_dags/example_branch_operator.py for tasks to queue
[2024-05-06T20:45:58.753-0500] {logging_mixin.py:188} INFO - [2024-05-06T20:45:58.753-0500] {dagbag.py:540} INFO - Filling up the DagBag from /Users/paulamedina/venv/lib/python3.12/site-packages/airflow/example_dags/example_branch_operator.py
[2024-05-06T20:45:58.771-0500] {processor.py:842} WARNING - No viable dags retrieved from /Users/paulamedina/venv/lib/python3.12/site-packages/airflow/example_dags/example_branch_operator.py
[2024-05-06T20:45:58.833-0500] {processor.py:183} INFO - Processing /Users/paulamedina/venv/lib/python3.12/site-packages/airflow/example_dags/example_branch_operator.py took 0.083 seconds
[2024-05-06T20:49:29.353-0500] {processor.py:161} INFO - Started process (PID=50079) to work on /Users/paulamedina/venv/lib/python3.12/site-packages/airflow/example_dags/example_branch_operator.py
[2024-05-06T20:49:29.354-0500] {processor.py:830} INFO - Processing file /Users/paulamedina/venv/lib/python3.12/site-packages/airflow/example_dags/example_branch_operator.py for tasks to queue
[2024-05-06T20:49:29.354-0500] {logging_mixin.py:188} INFO - [2024-05-06T20:49:29.354-0500] {dagbag.py:540} INFO - Filling up the DagBag from /Users/paulamedina/venv/lib/python3.12/site-packages/airflow/example_dags/example_branch_operator.py
[2024-05-06T20:49:29.371-0500] {processor.py:842} WARNING - No viable dags retrieved from /Users/paulamedina/venv/lib/python3.12/site-packages/airflow/example_dags/example_branch_operator.py
[2024-05-06T20:49:29.432-0500] {processor.py:183} INFO - Processing /Users/paulamedina/venv/lib/python3.12/site-packages/airflow/example_dags/example_branch_operator.py took 0.081 seconds
[2024-05-06T20:53:00.463-0500] {processor.py:161} INFO - Started process (PID=50817) to work on /Users/paulamedina/venv/lib/python3.12/site-packages/airflow/example_dags/example_branch_operator.py
[2024-05-06T20:53:00.463-0500] {processor.py:830} INFO - Processing file /Users/paulamedina/venv/lib/python3.12/site-packages/airflow/example_dags/example_branch_operator.py for tasks to queue
[2024-05-06T20:53:00.464-0500] {logging_mixin.py:188} INFO - [2024-05-06T20:53:00.464-0500] {dagbag.py:540} INFO - Filling up the DagBag from /Users/paulamedina/venv/lib/python3.12/site-packages/airflow/example_dags/example_branch_operator.py
[2024-05-06T20:53:00.484-0500] {processor.py:842} WARNING - No viable dags retrieved from /Users/paulamedina/venv/lib/python3.12/site-packages/airflow/example_dags/example_branch_operator.py
[2024-05-06T20:53:00.547-0500] {processor.py:183} INFO - Processing /Users/paulamedina/venv/lib/python3.12/site-packages/airflow/example_dags/example_branch_operator.py took 0.087 seconds
[2024-05-06T20:56:25.637-0500] {processor.py:161} INFO - Started process (PID=51553) to work on /Users/paulamedina/venv/lib/python3.12/site-packages/airflow/example_dags/example_branch_operator.py
[2024-05-06T20:56:25.637-0500] {processor.py:830} INFO - Processing file /Users/paulamedina/venv/lib/python3.12/site-packages/airflow/example_dags/example_branch_operator.py for tasks to queue
[2024-05-06T20:56:25.638-0500] {logging_mixin.py:188} INFO - [2024-05-06T20:56:25.638-0500] {dagbag.py:540} INFO - Filling up the DagBag from /Users/paulamedina/venv/lib/python3.12/site-packages/airflow/example_dags/example_branch_operator.py
[2024-05-06T20:56:25.655-0500] {processor.py:842} WARNING - No viable dags retrieved from /Users/paulamedina/venv/lib/python3.12/site-packages/airflow/example_dags/example_branch_operator.py
[2024-05-06T20:56:25.715-0500] {processor.py:183} INFO - Processing /Users/paulamedina/venv/lib/python3.12/site-packages/airflow/example_dags/example_branch_operator.py took 0.080 seconds
[2024-05-06T21:00:01.011-0500] {processor.py:161} INFO - Started process (PID=52305) to work on /Users/paulamedina/venv/lib/python3.12/site-packages/airflow/example_dags/example_branch_operator.py
[2024-05-06T21:00:01.012-0500] {processor.py:830} INFO - Processing file /Users/paulamedina/venv/lib/python3.12/site-packages/airflow/example_dags/example_branch_operator.py for tasks to queue
[2024-05-06T21:00:01.012-0500] {logging_mixin.py:188} INFO - [2024-05-06T21:00:01.012-0500] {dagbag.py:540} INFO - Filling up the DagBag from /Users/paulamedina/venv/lib/python3.12/site-packages/airflow/example_dags/example_branch_operator.py
[2024-05-06T21:00:01.035-0500] {processor.py:842} WARNING - No viable dags retrieved from /Users/paulamedina/venv/lib/python3.12/site-packages/airflow/example_dags/example_branch_operator.py
[2024-05-06T21:00:01.120-0500] {processor.py:183} INFO - Processing /Users/paulamedina/venv/lib/python3.12/site-packages/airflow/example_dags/example_branch_operator.py took 0.113 seconds
[2024-05-06T21:03:50.243-0500] {processor.py:161} INFO - Started process (PID=53249) to work on /Users/paulamedina/venv/lib/python3.12/site-packages/airflow/example_dags/example_branch_operator.py
[2024-05-06T21:03:50.244-0500] {processor.py:830} INFO - Processing file /Users/paulamedina/venv/lib/python3.12/site-packages/airflow/example_dags/example_branch_operator.py for tasks to queue
[2024-05-06T21:03:50.244-0500] {logging_mixin.py:188} INFO - [2024-05-06T21:03:50.244-0500] {dagbag.py:540} INFO - Filling up the DagBag from /Users/paulamedina/venv/lib/python3.12/site-packages/airflow/example_dags/example_branch_operator.py
[2024-05-06T21:03:50.261-0500] {processor.py:842} WARNING - No viable dags retrieved from /Users/paulamedina/venv/lib/python3.12/site-packages/airflow/example_dags/example_branch_operator.py
[2024-05-06T21:03:50.322-0500] {processor.py:183} INFO - Processing /Users/paulamedina/venv/lib/python3.12/site-packages/airflow/example_dags/example_branch_operator.py took 0.081 seconds
[2024-05-06T21:07:12.144-0500] {processor.py:161} INFO - Started process (PID=54052) to work on /Users/paulamedina/venv/lib/python3.12/site-packages/airflow/example_dags/example_branch_operator.py
[2024-05-06T21:07:12.145-0500] {processor.py:830} INFO - Processing file /Users/paulamedina/venv/lib/python3.12/site-packages/airflow/example_dags/example_branch_operator.py for tasks to queue
[2024-05-06T21:07:12.145-0500] {logging_mixin.py:188} INFO - [2024-05-06T21:07:12.145-0500] {dagbag.py:540} INFO - Filling up the DagBag from /Users/paulamedina/venv/lib/python3.12/site-packages/airflow/example_dags/example_branch_operator.py
[2024-05-06T21:07:12.165-0500] {processor.py:842} WARNING - No viable dags retrieved from /Users/paulamedina/venv/lib/python3.12/site-packages/airflow/example_dags/example_branch_operator.py
[2024-05-06T21:07:12.237-0500] {processor.py:183} INFO - Processing /Users/paulamedina/venv/lib/python3.12/site-packages/airflow/example_dags/example_branch_operator.py took 0.096 seconds
[2024-05-06T21:10:36.680-0500] {processor.py:161} INFO - Started process (PID=54767) to work on /Users/paulamedina/venv/lib/python3.12/site-packages/airflow/example_dags/example_branch_operator.py
[2024-05-06T21:10:36.681-0500] {processor.py:830} INFO - Processing file /Users/paulamedina/venv/lib/python3.12/site-packages/airflow/example_dags/example_branch_operator.py for tasks to queue
[2024-05-06T21:10:36.681-0500] {logging_mixin.py:188} INFO - [2024-05-06T21:10:36.681-0500] {dagbag.py:540} INFO - Filling up the DagBag from /Users/paulamedina/venv/lib/python3.12/site-packages/airflow/example_dags/example_branch_operator.py
[2024-05-06T21:10:36.698-0500] {processor.py:842} WARNING - No viable dags retrieved from /Users/paulamedina/venv/lib/python3.12/site-packages/airflow/example_dags/example_branch_operator.py
[2024-05-06T21:10:36.761-0500] {processor.py:183} INFO - Processing /Users/paulamedina/venv/lib/python3.12/site-packages/airflow/example_dags/example_branch_operator.py took 0.083 seconds
[2024-05-06T21:14:02.952-0500] {processor.py:161} INFO - Started process (PID=55504) to work on /Users/paulamedina/venv/lib/python3.12/site-packages/airflow/example_dags/example_branch_operator.py
[2024-05-06T21:14:02.953-0500] {processor.py:830} INFO - Processing file /Users/paulamedina/venv/lib/python3.12/site-packages/airflow/example_dags/example_branch_operator.py for tasks to queue
[2024-05-06T21:14:02.953-0500] {logging_mixin.py:188} INFO - [2024-05-06T21:14:02.953-0500] {dagbag.py:540} INFO - Filling up the DagBag from /Users/paulamedina/venv/lib/python3.12/site-packages/airflow/example_dags/example_branch_operator.py
[2024-05-06T21:14:02.974-0500] {processor.py:842} WARNING - No viable dags retrieved from /Users/paulamedina/venv/lib/python3.12/site-packages/airflow/example_dags/example_branch_operator.py
[2024-05-06T21:14:03.038-0500] {processor.py:183} INFO - Processing /Users/paulamedina/venv/lib/python3.12/site-packages/airflow/example_dags/example_branch_operator.py took 0.088 seconds
[2024-05-06T21:17:31.514-0500] {processor.py:161} INFO - Started process (PID=56238) to work on /Users/paulamedina/venv/lib/python3.12/site-packages/airflow/example_dags/example_branch_operator.py
[2024-05-06T21:17:31.515-0500] {processor.py:830} INFO - Processing file /Users/paulamedina/venv/lib/python3.12/site-packages/airflow/example_dags/example_branch_operator.py for tasks to queue
[2024-05-06T21:17:31.515-0500] {logging_mixin.py:188} INFO - [2024-05-06T21:17:31.515-0500] {dagbag.py:540} INFO - Filling up the DagBag from /Users/paulamedina/venv/lib/python3.12/site-packages/airflow/example_dags/example_branch_operator.py
[2024-05-06T21:17:31.533-0500] {processor.py:842} WARNING - No viable dags retrieved from /Users/paulamedina/venv/lib/python3.12/site-packages/airflow/example_dags/example_branch_operator.py
[2024-05-06T21:17:31.594-0500] {processor.py:183} INFO - Processing /Users/paulamedina/venv/lib/python3.12/site-packages/airflow/example_dags/example_branch_operator.py took 0.082 seconds
[2024-05-06T21:21:03.140-0500] {processor.py:161} INFO - Started process (PID=57083) to work on /Users/paulamedina/venv/lib/python3.12/site-packages/airflow/example_dags/example_branch_operator.py
[2024-05-06T21:21:03.141-0500] {processor.py:830} INFO - Processing file /Users/paulamedina/venv/lib/python3.12/site-packages/airflow/example_dags/example_branch_operator.py for tasks to queue
[2024-05-06T21:21:03.141-0500] {logging_mixin.py:188} INFO - [2024-05-06T21:21:03.141-0500] {dagbag.py:540} INFO - Filling up the DagBag from /Users/paulamedina/venv/lib/python3.12/site-packages/airflow/example_dags/example_branch_operator.py
[2024-05-06T21:21:03.158-0500] {processor.py:842} WARNING - No viable dags retrieved from /Users/paulamedina/venv/lib/python3.12/site-packages/airflow/example_dags/example_branch_operator.py
[2024-05-06T21:21:03.219-0500] {processor.py:183} INFO - Processing /Users/paulamedina/venv/lib/python3.12/site-packages/airflow/example_dags/example_branch_operator.py took 0.081 seconds
[2024-05-06T21:24:33.590-0500] {processor.py:161} INFO - Started process (PID=57814) to work on /Users/paulamedina/venv/lib/python3.12/site-packages/airflow/example_dags/example_branch_operator.py
[2024-05-06T21:24:33.591-0500] {processor.py:830} INFO - Processing file /Users/paulamedina/venv/lib/python3.12/site-packages/airflow/example_dags/example_branch_operator.py for tasks to queue
[2024-05-06T21:24:33.591-0500] {logging_mixin.py:188} INFO - [2024-05-06T21:24:33.591-0500] {dagbag.py:540} INFO - Filling up the DagBag from /Users/paulamedina/venv/lib/python3.12/site-packages/airflow/example_dags/example_branch_operator.py
[2024-05-06T21:24:33.609-0500] {processor.py:842} WARNING - No viable dags retrieved from /Users/paulamedina/venv/lib/python3.12/site-packages/airflow/example_dags/example_branch_operator.py
[2024-05-06T21:24:33.670-0500] {processor.py:183} INFO - Processing /Users/paulamedina/venv/lib/python3.12/site-packages/airflow/example_dags/example_branch_operator.py took 0.081 seconds
[2024-05-06T21:28:05.034-0500] {processor.py:161} INFO - Started process (PID=58567) to work on /Users/paulamedina/venv/lib/python3.12/site-packages/airflow/example_dags/example_branch_operator.py
[2024-05-06T21:28:05.035-0500] {processor.py:830} INFO - Processing file /Users/paulamedina/venv/lib/python3.12/site-packages/airflow/example_dags/example_branch_operator.py for tasks to queue
[2024-05-06T21:28:05.035-0500] {logging_mixin.py:188} INFO - [2024-05-06T21:28:05.035-0500] {dagbag.py:540} INFO - Filling up the DagBag from /Users/paulamedina/venv/lib/python3.12/site-packages/airflow/example_dags/example_branch_operator.py
[2024-05-06T21:28:05.055-0500] {processor.py:842} WARNING - No viable dags retrieved from /Users/paulamedina/venv/lib/python3.12/site-packages/airflow/example_dags/example_branch_operator.py
[2024-05-06T21:28:05.126-0500] {processor.py:183} INFO - Processing /Users/paulamedina/venv/lib/python3.12/site-packages/airflow/example_dags/example_branch_operator.py took 0.094 seconds
[2024-05-06T21:32:19.485-0500] {processor.py:161} INFO - Started process (PID=59494) to work on /Users/paulamedina/venv/lib/python3.12/site-packages/airflow/example_dags/example_branch_operator.py
[2024-05-06T21:32:19.486-0500] {processor.py:830} INFO - Processing file /Users/paulamedina/venv/lib/python3.12/site-packages/airflow/example_dags/example_branch_operator.py for tasks to queue
[2024-05-06T21:32:19.487-0500] {logging_mixin.py:188} INFO - [2024-05-06T21:32:19.487-0500] {dagbag.py:540} INFO - Filling up the DagBag from /Users/paulamedina/venv/lib/python3.12/site-packages/airflow/example_dags/example_branch_operator.py
[2024-05-06T21:32:19.508-0500] {processor.py:842} WARNING - No viable dags retrieved from /Users/paulamedina/venv/lib/python3.12/site-packages/airflow/example_dags/example_branch_operator.py
[2024-05-06T21:32:19.584-0500] {processor.py:183} INFO - Processing /Users/paulamedina/venv/lib/python3.12/site-packages/airflow/example_dags/example_branch_operator.py took 0.101 seconds
[2024-05-06T21:43:58.032-0500] {processor.py:161} INFO - Started process (PID=62110) to work on /Users/paulamedina/venv/lib/python3.12/site-packages/airflow/example_dags/example_branch_operator.py
[2024-05-06T21:43:58.034-0500] {processor.py:830} INFO - Processing file /Users/paulamedina/venv/lib/python3.12/site-packages/airflow/example_dags/example_branch_operator.py for tasks to queue
[2024-05-06T21:43:58.035-0500] {logging_mixin.py:188} INFO - [2024-05-06T21:43:58.035-0500] {dagbag.py:540} INFO - Filling up the DagBag from /Users/paulamedina/venv/lib/python3.12/site-packages/airflow/example_dags/example_branch_operator.py
[2024-05-06T21:43:58.062-0500] {processor.py:842} WARNING - No viable dags retrieved from /Users/paulamedina/venv/lib/python3.12/site-packages/airflow/example_dags/example_branch_operator.py
[2024-05-06T21:43:58.158-0500] {processor.py:183} INFO - Processing /Users/paulamedina/venv/lib/python3.12/site-packages/airflow/example_dags/example_branch_operator.py took 0.129 seconds
[2024-05-06T21:45:11.036-0500] {processor.py:161} INFO - Started process (PID=62406) to work on /Users/paulamedina/venv/lib/python3.12/site-packages/airflow/example_dags/example_branch_operator.py
[2024-05-06T21:45:11.038-0500] {processor.py:830} INFO - Processing file /Users/paulamedina/venv/lib/python3.12/site-packages/airflow/example_dags/example_branch_operator.py for tasks to queue
[2024-05-06T21:45:11.038-0500] {logging_mixin.py:188} INFO - [2024-05-06T21:45:11.038-0500] {dagbag.py:540} INFO - Filling up the DagBag from /Users/paulamedina/venv/lib/python3.12/site-packages/airflow/example_dags/example_branch_operator.py
[2024-05-06T21:45:11.067-0500] {processor.py:842} WARNING - No viable dags retrieved from /Users/paulamedina/venv/lib/python3.12/site-packages/airflow/example_dags/example_branch_operator.py
[2024-05-06T21:45:11.185-0500] {processor.py:183} INFO - Processing /Users/paulamedina/venv/lib/python3.12/site-packages/airflow/example_dags/example_branch_operator.py took 0.152 seconds
[2024-05-06T21:46:10.211-0500] {processor.py:161} INFO - Started process (PID=62651) to work on /Users/paulamedina/venv/lib/python3.12/site-packages/airflow/example_dags/example_branch_operator.py
[2024-05-06T21:46:10.212-0500] {processor.py:830} INFO - Processing file /Users/paulamedina/venv/lib/python3.12/site-packages/airflow/example_dags/example_branch_operator.py for tasks to queue
[2024-05-06T21:46:10.213-0500] {logging_mixin.py:188} INFO - [2024-05-06T21:46:10.213-0500] {dagbag.py:540} INFO - Filling up the DagBag from /Users/paulamedina/venv/lib/python3.12/site-packages/airflow/example_dags/example_branch_operator.py
[2024-05-06T21:46:10.241-0500] {processor.py:842} WARNING - No viable dags retrieved from /Users/paulamedina/venv/lib/python3.12/site-packages/airflow/example_dags/example_branch_operator.py
[2024-05-06T21:46:10.352-0500] {processor.py:183} INFO - Processing /Users/paulamedina/venv/lib/python3.12/site-packages/airflow/example_dags/example_branch_operator.py took 0.145 seconds
[2024-05-06T21:47:17.426-0500] {processor.py:161} INFO - Started process (PID=62909) to work on /Users/paulamedina/venv/lib/python3.12/site-packages/airflow/example_dags/example_branch_operator.py
[2024-05-06T21:47:17.428-0500] {processor.py:830} INFO - Processing file /Users/paulamedina/venv/lib/python3.12/site-packages/airflow/example_dags/example_branch_operator.py for tasks to queue
[2024-05-06T21:47:17.429-0500] {logging_mixin.py:188} INFO - [2024-05-06T21:47:17.429-0500] {dagbag.py:540} INFO - Filling up the DagBag from /Users/paulamedina/venv/lib/python3.12/site-packages/airflow/example_dags/example_branch_operator.py
[2024-05-06T21:47:17.461-0500] {processor.py:842} WARNING - No viable dags retrieved from /Users/paulamedina/venv/lib/python3.12/site-packages/airflow/example_dags/example_branch_operator.py
[2024-05-06T21:47:17.586-0500] {processor.py:183} INFO - Processing /Users/paulamedina/venv/lib/python3.12/site-packages/airflow/example_dags/example_branch_operator.py took 0.164 seconds
[2024-05-06T21:50:45.124-0500] {processor.py:161} INFO - Started process (PID=63773) to work on /Users/paulamedina/venv/lib/python3.12/site-packages/airflow/example_dags/example_branch_operator.py
[2024-05-06T21:50:45.127-0500] {processor.py:830} INFO - Processing file /Users/paulamedina/venv/lib/python3.12/site-packages/airflow/example_dags/example_branch_operator.py for tasks to queue
[2024-05-06T21:50:45.128-0500] {logging_mixin.py:188} INFO - [2024-05-06T21:50:45.128-0500] {dagbag.py:540} INFO - Filling up the DagBag from /Users/paulamedina/venv/lib/python3.12/site-packages/airflow/example_dags/example_branch_operator.py
[2024-05-06T21:50:45.190-0500] {processor.py:842} WARNING - No viable dags retrieved from /Users/paulamedina/venv/lib/python3.12/site-packages/airflow/example_dags/example_branch_operator.py
[2024-05-06T21:50:45.478-0500] {processor.py:183} INFO - Processing /Users/paulamedina/venv/lib/python3.12/site-packages/airflow/example_dags/example_branch_operator.py took 0.359 seconds
[2024-05-06T21:52:20.162-0500] {processor.py:161} INFO - Started process (PID=64149) to work on /Users/paulamedina/venv/lib/python3.12/site-packages/airflow/example_dags/example_branch_operator.py
[2024-05-06T21:52:20.163-0500] {processor.py:830} INFO - Processing file /Users/paulamedina/venv/lib/python3.12/site-packages/airflow/example_dags/example_branch_operator.py for tasks to queue
[2024-05-06T21:52:20.164-0500] {logging_mixin.py:188} INFO - [2024-05-06T21:52:20.164-0500] {dagbag.py:540} INFO - Filling up the DagBag from /Users/paulamedina/venv/lib/python3.12/site-packages/airflow/example_dags/example_branch_operator.py
[2024-05-06T21:52:20.195-0500] {processor.py:842} WARNING - No viable dags retrieved from /Users/paulamedina/venv/lib/python3.12/site-packages/airflow/example_dags/example_branch_operator.py
[2024-05-06T21:52:20.313-0500] {processor.py:183} INFO - Processing /Users/paulamedina/venv/lib/python3.12/site-packages/airflow/example_dags/example_branch_operator.py took 0.154 seconds
[2024-05-06T21:53:46.107-0500] {processor.py:161} INFO - Started process (PID=64484) to work on /Users/paulamedina/venv/lib/python3.12/site-packages/airflow/example_dags/example_branch_operator.py
[2024-05-06T21:53:46.109-0500] {processor.py:830} INFO - Processing file /Users/paulamedina/venv/lib/python3.12/site-packages/airflow/example_dags/example_branch_operator.py for tasks to queue
[2024-05-06T21:53:46.110-0500] {logging_mixin.py:188} INFO - [2024-05-06T21:53:46.109-0500] {dagbag.py:540} INFO - Filling up the DagBag from /Users/paulamedina/venv/lib/python3.12/site-packages/airflow/example_dags/example_branch_operator.py
[2024-05-06T21:53:46.138-0500] {processor.py:842} WARNING - No viable dags retrieved from /Users/paulamedina/venv/lib/python3.12/site-packages/airflow/example_dags/example_branch_operator.py
[2024-05-06T21:53:46.247-0500] {processor.py:183} INFO - Processing /Users/paulamedina/venv/lib/python3.12/site-packages/airflow/example_dags/example_branch_operator.py took 0.144 seconds
[2024-05-06T21:55:07.700-0500] {processor.py:161} INFO - Started process (PID=64812) to work on /Users/paulamedina/venv/lib/python3.12/site-packages/airflow/example_dags/example_branch_operator.py
[2024-05-06T21:55:07.702-0500] {processor.py:830} INFO - Processing file /Users/paulamedina/venv/lib/python3.12/site-packages/airflow/example_dags/example_branch_operator.py for tasks to queue
[2024-05-06T21:55:07.703-0500] {logging_mixin.py:188} INFO - [2024-05-06T21:55:07.703-0500] {dagbag.py:540} INFO - Filling up the DagBag from /Users/paulamedina/venv/lib/python3.12/site-packages/airflow/example_dags/example_branch_operator.py
[2024-05-06T21:55:07.737-0500] {processor.py:842} WARNING - No viable dags retrieved from /Users/paulamedina/venv/lib/python3.12/site-packages/airflow/example_dags/example_branch_operator.py
[2024-05-06T21:55:07.875-0500] {processor.py:183} INFO - Processing /Users/paulamedina/venv/lib/python3.12/site-packages/airflow/example_dags/example_branch_operator.py took 0.179 seconds
[2024-05-06T21:56:37.609-0500] {processor.py:161} INFO - Started process (PID=65176) to work on /Users/paulamedina/venv/lib/python3.12/site-packages/airflow/example_dags/example_branch_operator.py
[2024-05-06T21:56:37.611-0500] {processor.py:830} INFO - Processing file /Users/paulamedina/venv/lib/python3.12/site-packages/airflow/example_dags/example_branch_operator.py for tasks to queue
[2024-05-06T21:56:37.611-0500] {logging_mixin.py:188} INFO - [2024-05-06T21:56:37.611-0500] {dagbag.py:540} INFO - Filling up the DagBag from /Users/paulamedina/venv/lib/python3.12/site-packages/airflow/example_dags/example_branch_operator.py
[2024-05-06T21:56:37.643-0500] {processor.py:842} WARNING - No viable dags retrieved from /Users/paulamedina/venv/lib/python3.12/site-packages/airflow/example_dags/example_branch_operator.py
[2024-05-06T21:56:37.763-0500] {processor.py:183} INFO - Processing /Users/paulamedina/venv/lib/python3.12/site-packages/airflow/example_dags/example_branch_operator.py took 0.157 seconds
[2024-05-06T21:58:13.926-0500] {processor.py:161} INFO - Started process (PID=65538) to work on /Users/paulamedina/venv/lib/python3.12/site-packages/airflow/example_dags/example_branch_operator.py
[2024-05-06T21:58:13.928-0500] {processor.py:830} INFO - Processing file /Users/paulamedina/venv/lib/python3.12/site-packages/airflow/example_dags/example_branch_operator.py for tasks to queue
[2024-05-06T21:58:13.929-0500] {logging_mixin.py:188} INFO - [2024-05-06T21:58:13.929-0500] {dagbag.py:540} INFO - Filling up the DagBag from /Users/paulamedina/venv/lib/python3.12/site-packages/airflow/example_dags/example_branch_operator.py
[2024-05-06T21:58:13.968-0500] {processor.py:842} WARNING - No viable dags retrieved from /Users/paulamedina/venv/lib/python3.12/site-packages/airflow/example_dags/example_branch_operator.py
[2024-05-06T21:58:14.124-0500] {processor.py:183} INFO - Processing /Users/paulamedina/venv/lib/python3.12/site-packages/airflow/example_dags/example_branch_operator.py took 0.202 seconds
[2024-05-06T22:00:12.793-0500] {processor.py:161} INFO - Started process (PID=66138) to work on /Users/paulamedina/venv/lib/python3.12/site-packages/airflow/example_dags/example_branch_operator.py
[2024-05-06T22:00:12.796-0500] {processor.py:830} INFO - Processing file /Users/paulamedina/venv/lib/python3.12/site-packages/airflow/example_dags/example_branch_operator.py for tasks to queue
[2024-05-06T22:00:12.797-0500] {logging_mixin.py:188} INFO - [2024-05-06T22:00:12.797-0500] {dagbag.py:540} INFO - Filling up the DagBag from /Users/paulamedina/venv/lib/python3.12/site-packages/airflow/example_dags/example_branch_operator.py
[2024-05-06T22:00:12.841-0500] {processor.py:842} WARNING - No viable dags retrieved from /Users/paulamedina/venv/lib/python3.12/site-packages/airflow/example_dags/example_branch_operator.py
[2024-05-06T22:00:13.014-0500] {processor.py:183} INFO - Processing /Users/paulamedina/venv/lib/python3.12/site-packages/airflow/example_dags/example_branch_operator.py took 0.226 seconds
[2024-05-06T22:01:52.658-0500] {processor.py:161} INFO - Started process (PID=66601) to work on /Users/paulamedina/venv/lib/python3.12/site-packages/airflow/example_dags/example_branch_operator.py
[2024-05-06T22:01:52.660-0500] {processor.py:830} INFO - Processing file /Users/paulamedina/venv/lib/python3.12/site-packages/airflow/example_dags/example_branch_operator.py for tasks to queue
[2024-05-06T22:01:52.661-0500] {logging_mixin.py:188} INFO - [2024-05-06T22:01:52.661-0500] {dagbag.py:540} INFO - Filling up the DagBag from /Users/paulamedina/venv/lib/python3.12/site-packages/airflow/example_dags/example_branch_operator.py
[2024-05-06T22:01:52.689-0500] {processor.py:842} WARNING - No viable dags retrieved from /Users/paulamedina/venv/lib/python3.12/site-packages/airflow/example_dags/example_branch_operator.py
[2024-05-06T22:01:52.814-0500] {processor.py:183} INFO - Processing /Users/paulamedina/venv/lib/python3.12/site-packages/airflow/example_dags/example_branch_operator.py took 0.159 seconds
