[2024-05-06T19:01:38.406-0500] {processor.py:161} INFO - Started process (PID=26488) to work on /Users/paulamedina/venv/lib/python3.12/site-packages/airflow/example_dags/example_params_ui_tutorial.py
[2024-05-06T19:01:38.407-0500] {processor.py:830} INFO - Processing file /Users/paulamedina/venv/lib/python3.12/site-packages/airflow/example_dags/example_params_ui_tutorial.py for tasks to queue
[2024-05-06T19:01:38.407-0500] {logging_mixin.py:188} INFO - [2024-05-06T19:01:38.407-0500] {dagbag.py:540} INFO - Filling up the DagBag from /Users/paulamedina/venv/lib/python3.12/site-packages/airflow/example_dags/example_params_ui_tutorial.py
[2024-05-06T19:01:38.440-0500] {processor.py:840} INFO - DAG(s) 'example_params_ui_tutorial' retrieved from /Users/paulamedina/venv/lib/python3.12/site-packages/airflow/example_dags/example_params_ui_tutorial.py
[2024-05-06T19:01:38.537-0500] {logging_mixin.py:188} INFO - [2024-05-06T19:01:38.537-0500] {dag.py:3096} INFO - Sync 1 DAGs
[2024-05-06T19:01:38.544-0500] {logging_mixin.py:188} INFO - [2024-05-06T19:01:38.544-0500] {dag.py:3954} INFO - Setting next_dagrun for example_params_ui_tutorial to None, run_after=None
[2024-05-06T19:01:38.560-0500] {processor.py:183} INFO - Processing /Users/paulamedina/venv/lib/python3.12/site-packages/airflow/example_dags/example_params_ui_tutorial.py took 0.157 seconds
[2024-05-06T19:04:57.645-0500] {processor.py:161} INFO - Started process (PID=27202) to work on /Users/paulamedina/venv/lib/python3.12/site-packages/airflow/example_dags/example_params_ui_tutorial.py
[2024-05-06T19:04:57.646-0500] {processor.py:830} INFO - Processing file /Users/paulamedina/venv/lib/python3.12/site-packages/airflow/example_dags/example_params_ui_tutorial.py for tasks to queue
[2024-05-06T19:04:57.647-0500] {logging_mixin.py:188} INFO - [2024-05-06T19:04:57.647-0500] {dagbag.py:540} INFO - Filling up the DagBag from /Users/paulamedina/venv/lib/python3.12/site-packages/airflow/example_dags/example_params_ui_tutorial.py
[2024-05-06T19:04:57.679-0500] {processor.py:840} INFO - DAG(s) 'example_params_ui_tutorial' retrieved from /Users/paulamedina/venv/lib/python3.12/site-packages/airflow/example_dags/example_params_ui_tutorial.py
[2024-05-06T19:04:57.777-0500] {logging_mixin.py:188} INFO - [2024-05-06T19:04:57.777-0500] {dag.py:3096} INFO - Sync 1 DAGs
[2024-05-06T19:04:57.784-0500] {logging_mixin.py:188} INFO - [2024-05-06T19:04:57.784-0500] {dag.py:3954} INFO - Setting next_dagrun for example_params_ui_tutorial to None, run_after=None
[2024-05-06T19:04:57.798-0500] {processor.py:183} INFO - Processing /Users/paulamedina/venv/lib/python3.12/site-packages/airflow/example_dags/example_params_ui_tutorial.py took 0.155 seconds
[2024-05-06T19:08:20.170-0500] {processor.py:161} INFO - Started process (PID=27939) to work on /Users/paulamedina/venv/lib/python3.12/site-packages/airflow/example_dags/example_params_ui_tutorial.py
[2024-05-06T19:08:20.171-0500] {processor.py:830} INFO - Processing file /Users/paulamedina/venv/lib/python3.12/site-packages/airflow/example_dags/example_params_ui_tutorial.py for tasks to queue
[2024-05-06T19:08:20.172-0500] {logging_mixin.py:188} INFO - [2024-05-06T19:08:20.172-0500] {dagbag.py:540} INFO - Filling up the DagBag from /Users/paulamedina/venv/lib/python3.12/site-packages/airflow/example_dags/example_params_ui_tutorial.py
[2024-05-06T19:08:20.212-0500] {processor.py:840} INFO - DAG(s) 'example_params_ui_tutorial' retrieved from /Users/paulamedina/venv/lib/python3.12/site-packages/airflow/example_dags/example_params_ui_tutorial.py
[2024-05-06T19:08:20.316-0500] {logging_mixin.py:188} INFO - [2024-05-06T19:08:20.316-0500] {dag.py:3096} INFO - Sync 1 DAGs
[2024-05-06T19:08:20.323-0500] {logging_mixin.py:188} INFO - [2024-05-06T19:08:20.323-0500] {dag.py:3954} INFO - Setting next_dagrun for example_params_ui_tutorial to None, run_after=None
[2024-05-06T19:08:20.338-0500] {processor.py:183} INFO - Processing /Users/paulamedina/venv/lib/python3.12/site-packages/airflow/example_dags/example_params_ui_tutorial.py took 0.171 seconds
[2024-05-06T19:11:45.021-0500] {processor.py:161} INFO - Started process (PID=28673) to work on /Users/paulamedina/venv/lib/python3.12/site-packages/airflow/example_dags/example_params_ui_tutorial.py
[2024-05-06T19:11:45.022-0500] {processor.py:830} INFO - Processing file /Users/paulamedina/venv/lib/python3.12/site-packages/airflow/example_dags/example_params_ui_tutorial.py for tasks to queue
[2024-05-06T19:11:45.022-0500] {logging_mixin.py:188} INFO - [2024-05-06T19:11:45.022-0500] {dagbag.py:540} INFO - Filling up the DagBag from /Users/paulamedina/venv/lib/python3.12/site-packages/airflow/example_dags/example_params_ui_tutorial.py
[2024-05-06T19:11:45.056-0500] {processor.py:840} INFO - DAG(s) 'example_params_ui_tutorial' retrieved from /Users/paulamedina/venv/lib/python3.12/site-packages/airflow/example_dags/example_params_ui_tutorial.py
[2024-05-06T19:11:45.153-0500] {logging_mixin.py:188} INFO - [2024-05-06T19:11:45.153-0500] {dag.py:3096} INFO - Sync 1 DAGs
[2024-05-06T19:11:45.160-0500] {logging_mixin.py:188} INFO - [2024-05-06T19:11:45.160-0500] {dag.py:3954} INFO - Setting next_dagrun for example_params_ui_tutorial to None, run_after=None
[2024-05-06T19:11:45.175-0500] {processor.py:183} INFO - Processing /Users/paulamedina/venv/lib/python3.12/site-packages/airflow/example_dags/example_params_ui_tutorial.py took 0.156 seconds
[2024-05-06T19:15:36.938-0500] {processor.py:161} INFO - Started process (PID=29489) to work on /Users/paulamedina/venv/lib/python3.12/site-packages/airflow/example_dags/example_params_ui_tutorial.py
[2024-05-06T19:15:36.940-0500] {processor.py:830} INFO - Processing file /Users/paulamedina/venv/lib/python3.12/site-packages/airflow/example_dags/example_params_ui_tutorial.py for tasks to queue
[2024-05-06T19:15:36.941-0500] {logging_mixin.py:188} INFO - [2024-05-06T19:15:36.940-0500] {dagbag.py:540} INFO - Filling up the DagBag from /Users/paulamedina/venv/lib/python3.12/site-packages/airflow/example_dags/example_params_ui_tutorial.py
[2024-05-06T19:15:36.988-0500] {processor.py:840} INFO - DAG(s) 'example_params_ui_tutorial' retrieved from /Users/paulamedina/venv/lib/python3.12/site-packages/airflow/example_dags/example_params_ui_tutorial.py
[2024-05-06T19:15:37.122-0500] {logging_mixin.py:188} INFO - [2024-05-06T19:15:37.121-0500] {dag.py:3096} INFO - Sync 1 DAGs
[2024-05-06T19:15:37.131-0500] {logging_mixin.py:188} INFO - [2024-05-06T19:15:37.131-0500] {dag.py:3954} INFO - Setting next_dagrun for example_params_ui_tutorial to None, run_after=None
[2024-05-06T19:15:37.153-0500] {processor.py:183} INFO - Processing /Users/paulamedina/venv/lib/python3.12/site-packages/airflow/example_dags/example_params_ui_tutorial.py took 0.218 seconds
[2024-05-06T19:18:06.794-0500] {processor.py:161} INFO - Started process (PID=30096) to work on /Users/paulamedina/venv/lib/python3.12/site-packages/airflow/example_dags/example_params_ui_tutorial.py
[2024-05-06T19:18:06.796-0500] {processor.py:830} INFO - Processing file /Users/paulamedina/venv/lib/python3.12/site-packages/airflow/example_dags/example_params_ui_tutorial.py for tasks to queue
[2024-05-06T19:18:06.797-0500] {logging_mixin.py:188} INFO - [2024-05-06T19:18:06.796-0500] {dagbag.py:540} INFO - Filling up the DagBag from /Users/paulamedina/venv/lib/python3.12/site-packages/airflow/example_dags/example_params_ui_tutorial.py
[2024-05-06T19:18:06.842-0500] {processor.py:840} INFO - DAG(s) 'example_params_ui_tutorial' retrieved from /Users/paulamedina/venv/lib/python3.12/site-packages/airflow/example_dags/example_params_ui_tutorial.py
[2024-05-06T19:18:06.971-0500] {logging_mixin.py:188} INFO - [2024-05-06T19:18:06.970-0500] {dag.py:3096} INFO - Sync 1 DAGs
[2024-05-06T19:18:06.980-0500] {logging_mixin.py:188} INFO - [2024-05-06T19:18:06.980-0500] {dag.py:3954} INFO - Setting next_dagrun for example_params_ui_tutorial to None, run_after=None
[2024-05-06T19:18:07.001-0500] {processor.py:183} INFO - Processing /Users/paulamedina/venv/lib/python3.12/site-packages/airflow/example_dags/example_params_ui_tutorial.py took 0.209 seconds
[2024-05-06T19:20:16.182-0500] {processor.py:161} INFO - Started process (PID=30542) to work on /Users/paulamedina/venv/lib/python3.12/site-packages/airflow/example_dags/example_params_ui_tutorial.py
[2024-05-06T19:20:16.183-0500] {processor.py:830} INFO - Processing file /Users/paulamedina/venv/lib/python3.12/site-packages/airflow/example_dags/example_params_ui_tutorial.py for tasks to queue
[2024-05-06T19:20:16.184-0500] {logging_mixin.py:188} INFO - [2024-05-06T19:20:16.184-0500] {dagbag.py:540} INFO - Filling up the DagBag from /Users/paulamedina/venv/lib/python3.12/site-packages/airflow/example_dags/example_params_ui_tutorial.py
[2024-05-06T19:20:16.237-0500] {processor.py:840} INFO - DAG(s) 'example_params_ui_tutorial' retrieved from /Users/paulamedina/venv/lib/python3.12/site-packages/airflow/example_dags/example_params_ui_tutorial.py
[2024-05-06T19:20:16.394-0500] {logging_mixin.py:188} INFO - [2024-05-06T19:20:16.393-0500] {dag.py:3096} INFO - Sync 1 DAGs
[2024-05-06T19:20:16.405-0500] {logging_mixin.py:188} INFO - [2024-05-06T19:20:16.405-0500] {dag.py:3954} INFO - Setting next_dagrun for example_params_ui_tutorial to None, run_after=None
[2024-05-06T19:20:16.426-0500] {processor.py:183} INFO - Processing /Users/paulamedina/venv/lib/python3.12/site-packages/airflow/example_dags/example_params_ui_tutorial.py took 0.247 seconds
[2024-05-06T19:22:25.951-0500] {processor.py:161} INFO - Started process (PID=30992) to work on /Users/paulamedina/venv/lib/python3.12/site-packages/airflow/example_dags/example_params_ui_tutorial.py
[2024-05-06T19:22:25.952-0500] {processor.py:830} INFO - Processing file /Users/paulamedina/venv/lib/python3.12/site-packages/airflow/example_dags/example_params_ui_tutorial.py for tasks to queue
[2024-05-06T19:22:25.953-0500] {logging_mixin.py:188} INFO - [2024-05-06T19:22:25.953-0500] {dagbag.py:540} INFO - Filling up the DagBag from /Users/paulamedina/venv/lib/python3.12/site-packages/airflow/example_dags/example_params_ui_tutorial.py
[2024-05-06T19:22:26.005-0500] {processor.py:840} INFO - DAG(s) 'example_params_ui_tutorial' retrieved from /Users/paulamedina/venv/lib/python3.12/site-packages/airflow/example_dags/example_params_ui_tutorial.py
[2024-05-06T19:22:26.161-0500] {logging_mixin.py:188} INFO - [2024-05-06T19:22:26.161-0500] {dag.py:3096} INFO - Sync 1 DAGs
[2024-05-06T19:22:26.172-0500] {logging_mixin.py:188} INFO - [2024-05-06T19:22:26.171-0500] {dag.py:3954} INFO - Setting next_dagrun for example_params_ui_tutorial to None, run_after=None
[2024-05-06T19:22:26.196-0500] {processor.py:183} INFO - Processing /Users/paulamedina/venv/lib/python3.12/site-packages/airflow/example_dags/example_params_ui_tutorial.py took 0.248 seconds
[2024-05-06T19:24:42.172-0500] {processor.py:161} INFO - Started process (PID=31480) to work on /Users/paulamedina/venv/lib/python3.12/site-packages/airflow/example_dags/example_params_ui_tutorial.py
[2024-05-06T19:24:42.173-0500] {processor.py:830} INFO - Processing file /Users/paulamedina/venv/lib/python3.12/site-packages/airflow/example_dags/example_params_ui_tutorial.py for tasks to queue
[2024-05-06T19:24:42.174-0500] {logging_mixin.py:188} INFO - [2024-05-06T19:24:42.174-0500] {dagbag.py:540} INFO - Filling up the DagBag from /Users/paulamedina/venv/lib/python3.12/site-packages/airflow/example_dags/example_params_ui_tutorial.py
[2024-05-06T19:24:42.221-0500] {processor.py:840} INFO - DAG(s) 'example_params_ui_tutorial' retrieved from /Users/paulamedina/venv/lib/python3.12/site-packages/airflow/example_dags/example_params_ui_tutorial.py
[2024-05-06T19:24:42.363-0500] {logging_mixin.py:188} INFO - [2024-05-06T19:24:42.363-0500] {dag.py:3096} INFO - Sync 1 DAGs
[2024-05-06T19:24:42.373-0500] {logging_mixin.py:188} INFO - [2024-05-06T19:24:42.373-0500] {dag.py:3954} INFO - Setting next_dagrun for example_params_ui_tutorial to None, run_after=None
[2024-05-06T19:24:42.393-0500] {processor.py:183} INFO - Processing /Users/paulamedina/venv/lib/python3.12/site-packages/airflow/example_dags/example_params_ui_tutorial.py took 0.224 seconds
[2024-05-06T19:26:54.143-0500] {processor.py:161} INFO - Started process (PID=31953) to work on /Users/paulamedina/venv/lib/python3.12/site-packages/airflow/example_dags/example_params_ui_tutorial.py
[2024-05-06T19:26:54.144-0500] {processor.py:830} INFO - Processing file /Users/paulamedina/venv/lib/python3.12/site-packages/airflow/example_dags/example_params_ui_tutorial.py for tasks to queue
[2024-05-06T19:26:54.144-0500] {logging_mixin.py:188} INFO - [2024-05-06T19:26:54.144-0500] {dagbag.py:540} INFO - Filling up the DagBag from /Users/paulamedina/venv/lib/python3.12/site-packages/airflow/example_dags/example_params_ui_tutorial.py
[2024-05-06T19:26:54.177-0500] {processor.py:840} INFO - DAG(s) 'example_params_ui_tutorial' retrieved from /Users/paulamedina/venv/lib/python3.12/site-packages/airflow/example_dags/example_params_ui_tutorial.py
[2024-05-06T19:26:54.279-0500] {logging_mixin.py:188} INFO - [2024-05-06T19:26:54.279-0500] {dag.py:3096} INFO - Sync 1 DAGs
[2024-05-06T19:26:54.286-0500] {logging_mixin.py:188} INFO - [2024-05-06T19:26:54.286-0500] {dag.py:3954} INFO - Setting next_dagrun for example_params_ui_tutorial to None, run_after=None
[2024-05-06T19:26:54.300-0500] {processor.py:183} INFO - Processing /Users/paulamedina/venv/lib/python3.12/site-packages/airflow/example_dags/example_params_ui_tutorial.py took 0.159 seconds
[2024-05-06T19:28:44.118-0500] {processor.py:161} INFO - Started process (PID=32335) to work on /Users/paulamedina/venv/lib/python3.12/site-packages/airflow/example_dags/example_params_ui_tutorial.py
[2024-05-06T19:28:44.119-0500] {processor.py:830} INFO - Processing file /Users/paulamedina/venv/lib/python3.12/site-packages/airflow/example_dags/example_params_ui_tutorial.py for tasks to queue
[2024-05-06T19:28:44.120-0500] {logging_mixin.py:188} INFO - [2024-05-06T19:28:44.120-0500] {dagbag.py:540} INFO - Filling up the DagBag from /Users/paulamedina/venv/lib/python3.12/site-packages/airflow/example_dags/example_params_ui_tutorial.py
[2024-05-06T19:28:44.160-0500] {processor.py:840} INFO - DAG(s) 'example_params_ui_tutorial' retrieved from /Users/paulamedina/venv/lib/python3.12/site-packages/airflow/example_dags/example_params_ui_tutorial.py
[2024-05-06T19:28:44.260-0500] {logging_mixin.py:188} INFO - [2024-05-06T19:28:44.260-0500] {dag.py:3096} INFO - Sync 1 DAGs
[2024-05-06T19:28:44.267-0500] {logging_mixin.py:188} INFO - [2024-05-06T19:28:44.267-0500] {dag.py:3954} INFO - Setting next_dagrun for example_params_ui_tutorial to None, run_after=None
[2024-05-06T19:28:44.282-0500] {processor.py:183} INFO - Processing /Users/paulamedina/venv/lib/python3.12/site-packages/airflow/example_dags/example_params_ui_tutorial.py took 0.167 seconds
[2024-05-06T19:32:10.967-0500] {processor.py:161} INFO - Started process (PID=33095) to work on /Users/paulamedina/venv/lib/python3.12/site-packages/airflow/example_dags/example_params_ui_tutorial.py
[2024-05-06T19:32:10.968-0500] {processor.py:830} INFO - Processing file /Users/paulamedina/venv/lib/python3.12/site-packages/airflow/example_dags/example_params_ui_tutorial.py for tasks to queue
[2024-05-06T19:32:10.968-0500] {logging_mixin.py:188} INFO - [2024-05-06T19:32:10.968-0500] {dagbag.py:540} INFO - Filling up the DagBag from /Users/paulamedina/venv/lib/python3.12/site-packages/airflow/example_dags/example_params_ui_tutorial.py
[2024-05-06T19:32:11.003-0500] {processor.py:840} INFO - DAG(s) 'example_params_ui_tutorial' retrieved from /Users/paulamedina/venv/lib/python3.12/site-packages/airflow/example_dags/example_params_ui_tutorial.py
[2024-05-06T19:32:11.102-0500] {logging_mixin.py:188} INFO - [2024-05-06T19:32:11.102-0500] {dag.py:3096} INFO - Sync 1 DAGs
[2024-05-06T19:32:11.109-0500] {logging_mixin.py:188} INFO - [2024-05-06T19:32:11.109-0500] {dag.py:3954} INFO - Setting next_dagrun for example_params_ui_tutorial to None, run_after=None
[2024-05-06T19:32:11.124-0500] {processor.py:183} INFO - Processing /Users/paulamedina/venv/lib/python3.12/site-packages/airflow/example_dags/example_params_ui_tutorial.py took 0.159 seconds
[2024-05-06T19:35:38.152-0500] {processor.py:161} INFO - Started process (PID=33911) to work on /Users/paulamedina/venv/lib/python3.12/site-packages/airflow/example_dags/example_params_ui_tutorial.py
[2024-05-06T19:35:38.152-0500] {processor.py:830} INFO - Processing file /Users/paulamedina/venv/lib/python3.12/site-packages/airflow/example_dags/example_params_ui_tutorial.py for tasks to queue
[2024-05-06T19:35:38.153-0500] {logging_mixin.py:188} INFO - [2024-05-06T19:35:38.153-0500] {dagbag.py:540} INFO - Filling up the DagBag from /Users/paulamedina/venv/lib/python3.12/site-packages/airflow/example_dags/example_params_ui_tutorial.py
[2024-05-06T19:35:38.186-0500] {processor.py:840} INFO - DAG(s) 'example_params_ui_tutorial' retrieved from /Users/paulamedina/venv/lib/python3.12/site-packages/airflow/example_dags/example_params_ui_tutorial.py
[2024-05-06T19:35:38.283-0500] {logging_mixin.py:188} INFO - [2024-05-06T19:35:38.283-0500] {dag.py:3096} INFO - Sync 1 DAGs
[2024-05-06T19:35:38.290-0500] {logging_mixin.py:188} INFO - [2024-05-06T19:35:38.290-0500] {dag.py:3954} INFO - Setting next_dagrun for example_params_ui_tutorial to None, run_after=None
[2024-05-06T19:35:38.306-0500] {processor.py:183} INFO - Processing /Users/paulamedina/venv/lib/python3.12/site-packages/airflow/example_dags/example_params_ui_tutorial.py took 0.156 seconds
[2024-05-06T19:38:59.530-0500] {processor.py:161} INFO - Started process (PID=34626) to work on /Users/paulamedina/venv/lib/python3.12/site-packages/airflow/example_dags/example_params_ui_tutorial.py
[2024-05-06T19:38:59.531-0500] {processor.py:830} INFO - Processing file /Users/paulamedina/venv/lib/python3.12/site-packages/airflow/example_dags/example_params_ui_tutorial.py for tasks to queue
[2024-05-06T19:38:59.532-0500] {logging_mixin.py:188} INFO - [2024-05-06T19:38:59.532-0500] {dagbag.py:540} INFO - Filling up the DagBag from /Users/paulamedina/venv/lib/python3.12/site-packages/airflow/example_dags/example_params_ui_tutorial.py
[2024-05-06T19:38:59.565-0500] {processor.py:840} INFO - DAG(s) 'example_params_ui_tutorial' retrieved from /Users/paulamedina/venv/lib/python3.12/site-packages/airflow/example_dags/example_params_ui_tutorial.py
[2024-05-06T19:38:59.664-0500] {logging_mixin.py:188} INFO - [2024-05-06T19:38:59.663-0500] {dag.py:3096} INFO - Sync 1 DAGs
[2024-05-06T19:38:59.670-0500] {logging_mixin.py:188} INFO - [2024-05-06T19:38:59.670-0500] {dag.py:3954} INFO - Setting next_dagrun for example_params_ui_tutorial to None, run_after=None
[2024-05-06T19:38:59.687-0500] {processor.py:183} INFO - Processing /Users/paulamedina/venv/lib/python3.12/site-packages/airflow/example_dags/example_params_ui_tutorial.py took 0.158 seconds
[2024-05-06T19:42:14.639-0500] {processor.py:161} INFO - Started process (PID=35334) to work on /Users/paulamedina/venv/lib/python3.12/site-packages/airflow/example_dags/example_params_ui_tutorial.py
[2024-05-06T19:42:14.640-0500] {processor.py:830} INFO - Processing file /Users/paulamedina/venv/lib/python3.12/site-packages/airflow/example_dags/example_params_ui_tutorial.py for tasks to queue
[2024-05-06T19:42:14.640-0500] {logging_mixin.py:188} INFO - [2024-05-06T19:42:14.640-0500] {dagbag.py:540} INFO - Filling up the DagBag from /Users/paulamedina/venv/lib/python3.12/site-packages/airflow/example_dags/example_params_ui_tutorial.py
[2024-05-06T19:42:14.672-0500] {processor.py:840} INFO - DAG(s) 'example_params_ui_tutorial' retrieved from /Users/paulamedina/venv/lib/python3.12/site-packages/airflow/example_dags/example_params_ui_tutorial.py
[2024-05-06T19:42:14.770-0500] {logging_mixin.py:188} INFO - [2024-05-06T19:42:14.770-0500] {dag.py:3096} INFO - Sync 1 DAGs
[2024-05-06T19:42:14.777-0500] {logging_mixin.py:188} INFO - [2024-05-06T19:42:14.777-0500] {dag.py:3954} INFO - Setting next_dagrun for example_params_ui_tutorial to None, run_after=None
[2024-05-06T19:42:14.792-0500] {processor.py:183} INFO - Processing /Users/paulamedina/venv/lib/python3.12/site-packages/airflow/example_dags/example_params_ui_tutorial.py took 0.156 seconds
[2024-05-06T19:45:40.095-0500] {processor.py:161} INFO - Started process (PID=36060) to work on /Users/paulamedina/venv/lib/python3.12/site-packages/airflow/example_dags/example_params_ui_tutorial.py
[2024-05-06T19:45:40.096-0500] {processor.py:830} INFO - Processing file /Users/paulamedina/venv/lib/python3.12/site-packages/airflow/example_dags/example_params_ui_tutorial.py for tasks to queue
[2024-05-06T19:45:40.096-0500] {logging_mixin.py:188} INFO - [2024-05-06T19:45:40.096-0500] {dagbag.py:540} INFO - Filling up the DagBag from /Users/paulamedina/venv/lib/python3.12/site-packages/airflow/example_dags/example_params_ui_tutorial.py
[2024-05-06T19:45:40.135-0500] {processor.py:840} INFO - DAG(s) 'example_params_ui_tutorial' retrieved from /Users/paulamedina/venv/lib/python3.12/site-packages/airflow/example_dags/example_params_ui_tutorial.py
[2024-05-06T19:45:40.250-0500] {logging_mixin.py:188} INFO - [2024-05-06T19:45:40.250-0500] {dag.py:3096} INFO - Sync 1 DAGs
[2024-05-06T19:45:40.259-0500] {logging_mixin.py:188} INFO - [2024-05-06T19:45:40.258-0500] {dag.py:3954} INFO - Setting next_dagrun for example_params_ui_tutorial to None, run_after=None
[2024-05-06T19:45:40.275-0500] {processor.py:183} INFO - Processing /Users/paulamedina/venv/lib/python3.12/site-packages/airflow/example_dags/example_params_ui_tutorial.py took 0.182 seconds
[2024-05-06T19:49:06.786-0500] {processor.py:161} INFO - Started process (PID=36788) to work on /Users/paulamedina/venv/lib/python3.12/site-packages/airflow/example_dags/example_params_ui_tutorial.py
[2024-05-06T19:49:06.787-0500] {processor.py:830} INFO - Processing file /Users/paulamedina/venv/lib/python3.12/site-packages/airflow/example_dags/example_params_ui_tutorial.py for tasks to queue
[2024-05-06T19:49:06.787-0500] {logging_mixin.py:188} INFO - [2024-05-06T19:49:06.787-0500] {dagbag.py:540} INFO - Filling up the DagBag from /Users/paulamedina/venv/lib/python3.12/site-packages/airflow/example_dags/example_params_ui_tutorial.py
[2024-05-06T19:49:06.826-0500] {processor.py:840} INFO - DAG(s) 'example_params_ui_tutorial' retrieved from /Users/paulamedina/venv/lib/python3.12/site-packages/airflow/example_dags/example_params_ui_tutorial.py
[2024-05-06T19:49:06.938-0500] {logging_mixin.py:188} INFO - [2024-05-06T19:49:06.938-0500] {dag.py:3096} INFO - Sync 1 DAGs
[2024-05-06T19:49:06.946-0500] {logging_mixin.py:188} INFO - [2024-05-06T19:49:06.946-0500] {dag.py:3954} INFO - Setting next_dagrun for example_params_ui_tutorial to None, run_after=None
[2024-05-06T19:49:06.962-0500] {processor.py:183} INFO - Processing /Users/paulamedina/venv/lib/python3.12/site-packages/airflow/example_dags/example_params_ui_tutorial.py took 0.179 seconds
[2024-05-06T19:52:38.235-0500] {processor.py:161} INFO - Started process (PID=37640) to work on /Users/paulamedina/venv/lib/python3.12/site-packages/airflow/example_dags/example_params_ui_tutorial.py
[2024-05-06T19:52:38.236-0500] {processor.py:830} INFO - Processing file /Users/paulamedina/venv/lib/python3.12/site-packages/airflow/example_dags/example_params_ui_tutorial.py for tasks to queue
[2024-05-06T19:52:38.237-0500] {logging_mixin.py:188} INFO - [2024-05-06T19:52:38.237-0500] {dagbag.py:540} INFO - Filling up the DagBag from /Users/paulamedina/venv/lib/python3.12/site-packages/airflow/example_dags/example_params_ui_tutorial.py
[2024-05-06T19:52:38.275-0500] {processor.py:840} INFO - DAG(s) 'example_params_ui_tutorial' retrieved from /Users/paulamedina/venv/lib/python3.12/site-packages/airflow/example_dags/example_params_ui_tutorial.py
[2024-05-06T19:52:38.389-0500] {logging_mixin.py:188} INFO - [2024-05-06T19:52:38.389-0500] {dag.py:3096} INFO - Sync 1 DAGs
[2024-05-06T19:52:38.397-0500] {logging_mixin.py:188} INFO - [2024-05-06T19:52:38.397-0500] {dag.py:3954} INFO - Setting next_dagrun for example_params_ui_tutorial to None, run_after=None
[2024-05-06T19:52:38.414-0500] {processor.py:183} INFO - Processing /Users/paulamedina/venv/lib/python3.12/site-packages/airflow/example_dags/example_params_ui_tutorial.py took 0.181 seconds
[2024-05-06T19:56:04.160-0500] {processor.py:161} INFO - Started process (PID=38362) to work on /Users/paulamedina/venv/lib/python3.12/site-packages/airflow/example_dags/example_params_ui_tutorial.py
[2024-05-06T19:56:04.161-0500] {processor.py:830} INFO - Processing file /Users/paulamedina/venv/lib/python3.12/site-packages/airflow/example_dags/example_params_ui_tutorial.py for tasks to queue
[2024-05-06T19:56:04.162-0500] {logging_mixin.py:188} INFO - [2024-05-06T19:56:04.161-0500] {dagbag.py:540} INFO - Filling up the DagBag from /Users/paulamedina/venv/lib/python3.12/site-packages/airflow/example_dags/example_params_ui_tutorial.py
[2024-05-06T19:56:04.202-0500] {processor.py:840} INFO - DAG(s) 'example_params_ui_tutorial' retrieved from /Users/paulamedina/venv/lib/python3.12/site-packages/airflow/example_dags/example_params_ui_tutorial.py
[2024-05-06T19:56:04.305-0500] {logging_mixin.py:188} INFO - [2024-05-06T19:56:04.305-0500] {dag.py:3096} INFO - Sync 1 DAGs
[2024-05-06T19:56:04.312-0500] {logging_mixin.py:188} INFO - [2024-05-06T19:56:04.312-0500] {dag.py:3954} INFO - Setting next_dagrun for example_params_ui_tutorial to None, run_after=None
[2024-05-06T19:56:04.327-0500] {processor.py:183} INFO - Processing /Users/paulamedina/venv/lib/python3.12/site-packages/airflow/example_dags/example_params_ui_tutorial.py took 0.169 seconds
[2024-05-06T19:59:34.582-0500] {processor.py:161} INFO - Started process (PID=39112) to work on /Users/paulamedina/venv/lib/python3.12/site-packages/airflow/example_dags/example_params_ui_tutorial.py
[2024-05-06T19:59:34.582-0500] {processor.py:830} INFO - Processing file /Users/paulamedina/venv/lib/python3.12/site-packages/airflow/example_dags/example_params_ui_tutorial.py for tasks to queue
[2024-05-06T19:59:34.583-0500] {logging_mixin.py:188} INFO - [2024-05-06T19:59:34.583-0500] {dagbag.py:540} INFO - Filling up the DagBag from /Users/paulamedina/venv/lib/python3.12/site-packages/airflow/example_dags/example_params_ui_tutorial.py
[2024-05-06T19:59:34.621-0500] {processor.py:840} INFO - DAG(s) 'example_params_ui_tutorial' retrieved from /Users/paulamedina/venv/lib/python3.12/site-packages/airflow/example_dags/example_params_ui_tutorial.py
[2024-05-06T19:59:34.735-0500] {logging_mixin.py:188} INFO - [2024-05-06T19:59:34.734-0500] {dag.py:3096} INFO - Sync 1 DAGs
[2024-05-06T19:59:34.743-0500] {logging_mixin.py:188} INFO - [2024-05-06T19:59:34.743-0500] {dag.py:3954} INFO - Setting next_dagrun for example_params_ui_tutorial to None, run_after=None
[2024-05-06T19:59:34.760-0500] {processor.py:183} INFO - Processing /Users/paulamedina/venv/lib/python3.12/site-packages/airflow/example_dags/example_params_ui_tutorial.py took 0.180 seconds
[2024-05-06T20:03:12.734-0500] {processor.py:161} INFO - Started process (PID=39934) to work on /Users/paulamedina/venv/lib/python3.12/site-packages/airflow/example_dags/example_params_ui_tutorial.py
[2024-05-06T20:03:12.735-0500] {processor.py:830} INFO - Processing file /Users/paulamedina/venv/lib/python3.12/site-packages/airflow/example_dags/example_params_ui_tutorial.py for tasks to queue
[2024-05-06T20:03:12.735-0500] {logging_mixin.py:188} INFO - [2024-05-06T20:03:12.735-0500] {dagbag.py:540} INFO - Filling up the DagBag from /Users/paulamedina/venv/lib/python3.12/site-packages/airflow/example_dags/example_params_ui_tutorial.py
[2024-05-06T20:03:12.767-0500] {processor.py:840} INFO - DAG(s) 'example_params_ui_tutorial' retrieved from /Users/paulamedina/venv/lib/python3.12/site-packages/airflow/example_dags/example_params_ui_tutorial.py
[2024-05-06T20:03:12.865-0500] {logging_mixin.py:188} INFO - [2024-05-06T20:03:12.865-0500] {dag.py:3096} INFO - Sync 1 DAGs
[2024-05-06T20:03:12.872-0500] {logging_mixin.py:188} INFO - [2024-05-06T20:03:12.872-0500] {dag.py:3954} INFO - Setting next_dagrun for example_params_ui_tutorial to None, run_after=None
[2024-05-06T20:03:12.887-0500] {processor.py:183} INFO - Processing /Users/paulamedina/venv/lib/python3.12/site-packages/airflow/example_dags/example_params_ui_tutorial.py took 0.156 seconds
[2024-05-06T20:06:44.978-0500] {processor.py:161} INFO - Started process (PID=40695) to work on /Users/paulamedina/venv/lib/python3.12/site-packages/airflow/example_dags/example_params_ui_tutorial.py
[2024-05-06T20:06:44.979-0500] {processor.py:830} INFO - Processing file /Users/paulamedina/venv/lib/python3.12/site-packages/airflow/example_dags/example_params_ui_tutorial.py for tasks to queue
[2024-05-06T20:06:44.979-0500] {logging_mixin.py:188} INFO - [2024-05-06T20:06:44.979-0500] {dagbag.py:540} INFO - Filling up the DagBag from /Users/paulamedina/venv/lib/python3.12/site-packages/airflow/example_dags/example_params_ui_tutorial.py
[2024-05-06T20:06:45.019-0500] {processor.py:840} INFO - DAG(s) 'example_params_ui_tutorial' retrieved from /Users/paulamedina/venv/lib/python3.12/site-packages/airflow/example_dags/example_params_ui_tutorial.py
[2024-05-06T20:06:45.123-0500] {logging_mixin.py:188} INFO - [2024-05-06T20:06:45.123-0500] {dag.py:3096} INFO - Sync 1 DAGs
[2024-05-06T20:06:45.130-0500] {logging_mixin.py:188} INFO - [2024-05-06T20:06:45.130-0500] {dag.py:3954} INFO - Setting next_dagrun for example_params_ui_tutorial to None, run_after=None
[2024-05-06T20:06:45.149-0500] {processor.py:183} INFO - Processing /Users/paulamedina/venv/lib/python3.12/site-packages/airflow/example_dags/example_params_ui_tutorial.py took 0.173 seconds
[2024-05-06T20:10:08.056-0500] {processor.py:161} INFO - Started process (PID=41407) to work on /Users/paulamedina/venv/lib/python3.12/site-packages/airflow/example_dags/example_params_ui_tutorial.py
[2024-05-06T20:10:08.057-0500] {processor.py:830} INFO - Processing file /Users/paulamedina/venv/lib/python3.12/site-packages/airflow/example_dags/example_params_ui_tutorial.py for tasks to queue
[2024-05-06T20:10:08.057-0500] {logging_mixin.py:188} INFO - [2024-05-06T20:10:08.057-0500] {dagbag.py:540} INFO - Filling up the DagBag from /Users/paulamedina/venv/lib/python3.12/site-packages/airflow/example_dags/example_params_ui_tutorial.py
[2024-05-06T20:10:08.091-0500] {processor.py:840} INFO - DAG(s) 'example_params_ui_tutorial' retrieved from /Users/paulamedina/venv/lib/python3.12/site-packages/airflow/example_dags/example_params_ui_tutorial.py
[2024-05-06T20:10:08.199-0500] {logging_mixin.py:188} INFO - [2024-05-06T20:10:08.198-0500] {dag.py:3096} INFO - Sync 1 DAGs
[2024-05-06T20:10:08.207-0500] {logging_mixin.py:188} INFO - [2024-05-06T20:10:08.207-0500] {dag.py:3954} INFO - Setting next_dagrun for example_params_ui_tutorial to None, run_after=None
[2024-05-06T20:10:08.223-0500] {processor.py:183} INFO - Processing /Users/paulamedina/venv/lib/python3.12/site-packages/airflow/example_dags/example_params_ui_tutorial.py took 0.169 seconds
[2024-05-06T20:13:24.680-0500] {processor.py:161} INFO - Started process (PID=42194) to work on /Users/paulamedina/venv/lib/python3.12/site-packages/airflow/example_dags/example_params_ui_tutorial.py
[2024-05-06T20:13:24.681-0500] {processor.py:830} INFO - Processing file /Users/paulamedina/venv/lib/python3.12/site-packages/airflow/example_dags/example_params_ui_tutorial.py for tasks to queue
[2024-05-06T20:13:24.681-0500] {logging_mixin.py:188} INFO - [2024-05-06T20:13:24.681-0500] {dagbag.py:540} INFO - Filling up the DagBag from /Users/paulamedina/venv/lib/python3.12/site-packages/airflow/example_dags/example_params_ui_tutorial.py
[2024-05-06T20:13:24.713-0500] {processor.py:840} INFO - DAG(s) 'example_params_ui_tutorial' retrieved from /Users/paulamedina/venv/lib/python3.12/site-packages/airflow/example_dags/example_params_ui_tutorial.py
[2024-05-06T20:13:24.813-0500] {logging_mixin.py:188} INFO - [2024-05-06T20:13:24.813-0500] {dag.py:3096} INFO - Sync 1 DAGs
[2024-05-06T20:13:24.820-0500] {logging_mixin.py:188} INFO - [2024-05-06T20:13:24.820-0500] {dag.py:3954} INFO - Setting next_dagrun for example_params_ui_tutorial to None, run_after=None
[2024-05-06T20:13:24.835-0500] {processor.py:183} INFO - Processing /Users/paulamedina/venv/lib/python3.12/site-packages/airflow/example_dags/example_params_ui_tutorial.py took 0.158 seconds
[2024-05-06T20:16:47.130-0500] {processor.py:161} INFO - Started process (PID=42917) to work on /Users/paulamedina/venv/lib/python3.12/site-packages/airflow/example_dags/example_params_ui_tutorial.py
[2024-05-06T20:16:47.130-0500] {processor.py:830} INFO - Processing file /Users/paulamedina/venv/lib/python3.12/site-packages/airflow/example_dags/example_params_ui_tutorial.py for tasks to queue
[2024-05-06T20:16:47.131-0500] {logging_mixin.py:188} INFO - [2024-05-06T20:16:47.131-0500] {dagbag.py:540} INFO - Filling up the DagBag from /Users/paulamedina/venv/lib/python3.12/site-packages/airflow/example_dags/example_params_ui_tutorial.py
[2024-05-06T20:16:47.166-0500] {processor.py:840} INFO - DAG(s) 'example_params_ui_tutorial' retrieved from /Users/paulamedina/venv/lib/python3.12/site-packages/airflow/example_dags/example_params_ui_tutorial.py
[2024-05-06T20:16:47.265-0500] {logging_mixin.py:188} INFO - [2024-05-06T20:16:47.265-0500] {dag.py:3096} INFO - Sync 1 DAGs
[2024-05-06T20:16:47.272-0500] {logging_mixin.py:188} INFO - [2024-05-06T20:16:47.272-0500] {dag.py:3954} INFO - Setting next_dagrun for example_params_ui_tutorial to None, run_after=None
[2024-05-06T20:16:47.287-0500] {processor.py:183} INFO - Processing /Users/paulamedina/venv/lib/python3.12/site-packages/airflow/example_dags/example_params_ui_tutorial.py took 0.160 seconds
[2024-05-06T20:20:14.963-0500] {processor.py:161} INFO - Started process (PID=43648) to work on /Users/paulamedina/venv/lib/python3.12/site-packages/airflow/example_dags/example_params_ui_tutorial.py
[2024-05-06T20:20:14.964-0500] {processor.py:830} INFO - Processing file /Users/paulamedina/venv/lib/python3.12/site-packages/airflow/example_dags/example_params_ui_tutorial.py for tasks to queue
[2024-05-06T20:20:14.964-0500] {logging_mixin.py:188} INFO - [2024-05-06T20:20:14.964-0500] {dagbag.py:540} INFO - Filling up the DagBag from /Users/paulamedina/venv/lib/python3.12/site-packages/airflow/example_dags/example_params_ui_tutorial.py
[2024-05-06T20:20:15.003-0500] {processor.py:840} INFO - DAG(s) 'example_params_ui_tutorial' retrieved from /Users/paulamedina/venv/lib/python3.12/site-packages/airflow/example_dags/example_params_ui_tutorial.py
[2024-05-06T20:20:15.116-0500] {logging_mixin.py:188} INFO - [2024-05-06T20:20:15.116-0500] {dag.py:3096} INFO - Sync 1 DAGs
[2024-05-06T20:20:15.124-0500] {logging_mixin.py:188} INFO - [2024-05-06T20:20:15.124-0500] {dag.py:3954} INFO - Setting next_dagrun for example_params_ui_tutorial to None, run_after=None
[2024-05-06T20:20:15.140-0500] {processor.py:183} INFO - Processing /Users/paulamedina/venv/lib/python3.12/site-packages/airflow/example_dags/example_params_ui_tutorial.py took 0.179 seconds
[2024-05-06T20:23:42.115-0500] {processor.py:161} INFO - Started process (PID=44377) to work on /Users/paulamedina/venv/lib/python3.12/site-packages/airflow/example_dags/example_params_ui_tutorial.py
[2024-05-06T20:23:42.116-0500] {processor.py:830} INFO - Processing file /Users/paulamedina/venv/lib/python3.12/site-packages/airflow/example_dags/example_params_ui_tutorial.py for tasks to queue
[2024-05-06T20:23:42.116-0500] {logging_mixin.py:188} INFO - [2024-05-06T20:23:42.116-0500] {dagbag.py:540} INFO - Filling up the DagBag from /Users/paulamedina/venv/lib/python3.12/site-packages/airflow/example_dags/example_params_ui_tutorial.py
[2024-05-06T20:23:42.150-0500] {processor.py:840} INFO - DAG(s) 'example_params_ui_tutorial' retrieved from /Users/paulamedina/venv/lib/python3.12/site-packages/airflow/example_dags/example_params_ui_tutorial.py
[2024-05-06T20:23:42.249-0500] {logging_mixin.py:188} INFO - [2024-05-06T20:23:42.249-0500] {dag.py:3096} INFO - Sync 1 DAGs
[2024-05-06T20:23:42.256-0500] {logging_mixin.py:188} INFO - [2024-05-06T20:23:42.256-0500] {dag.py:3954} INFO - Setting next_dagrun for example_params_ui_tutorial to None, run_after=None
[2024-05-06T20:23:42.271-0500] {processor.py:183} INFO - Processing /Users/paulamedina/venv/lib/python3.12/site-packages/airflow/example_dags/example_params_ui_tutorial.py took 0.158 seconds
[2024-05-06T20:27:07.217-0500] {processor.py:161} INFO - Started process (PID=45114) to work on /Users/paulamedina/venv/lib/python3.12/site-packages/airflow/example_dags/example_params_ui_tutorial.py
[2024-05-06T20:27:07.218-0500] {processor.py:830} INFO - Processing file /Users/paulamedina/venv/lib/python3.12/site-packages/airflow/example_dags/example_params_ui_tutorial.py for tasks to queue
[2024-05-06T20:27:07.218-0500] {logging_mixin.py:188} INFO - [2024-05-06T20:27:07.218-0500] {dagbag.py:540} INFO - Filling up the DagBag from /Users/paulamedina/venv/lib/python3.12/site-packages/airflow/example_dags/example_params_ui_tutorial.py
[2024-05-06T20:27:07.251-0500] {processor.py:840} INFO - DAG(s) 'example_params_ui_tutorial' retrieved from /Users/paulamedina/venv/lib/python3.12/site-packages/airflow/example_dags/example_params_ui_tutorial.py
[2024-05-06T20:27:07.350-0500] {logging_mixin.py:188} INFO - [2024-05-06T20:27:07.350-0500] {dag.py:3096} INFO - Sync 1 DAGs
[2024-05-06T20:27:07.357-0500] {logging_mixin.py:188} INFO - [2024-05-06T20:27:07.357-0500] {dag.py:3954} INFO - Setting next_dagrun for example_params_ui_tutorial to None, run_after=None
[2024-05-06T20:27:07.371-0500] {processor.py:183} INFO - Processing /Users/paulamedina/venv/lib/python3.12/site-packages/airflow/example_dags/example_params_ui_tutorial.py took 0.156 seconds
[2024-05-06T20:30:31.243-0500] {processor.py:161} INFO - Started process (PID=45935) to work on /Users/paulamedina/venv/lib/python3.12/site-packages/airflow/example_dags/example_params_ui_tutorial.py
[2024-05-06T20:30:31.244-0500] {processor.py:830} INFO - Processing file /Users/paulamedina/venv/lib/python3.12/site-packages/airflow/example_dags/example_params_ui_tutorial.py for tasks to queue
[2024-05-06T20:30:31.245-0500] {logging_mixin.py:188} INFO - [2024-05-06T20:30:31.245-0500] {dagbag.py:540} INFO - Filling up the DagBag from /Users/paulamedina/venv/lib/python3.12/site-packages/airflow/example_dags/example_params_ui_tutorial.py
[2024-05-06T20:30:31.294-0500] {processor.py:840} INFO - DAG(s) 'example_params_ui_tutorial' retrieved from /Users/paulamedina/venv/lib/python3.12/site-packages/airflow/example_dags/example_params_ui_tutorial.py
[2024-05-06T20:30:31.439-0500] {logging_mixin.py:188} INFO - [2024-05-06T20:30:31.439-0500] {dag.py:3096} INFO - Sync 1 DAGs
[2024-05-06T20:30:31.450-0500] {logging_mixin.py:188} INFO - [2024-05-06T20:30:31.449-0500] {dag.py:3954} INFO - Setting next_dagrun for example_params_ui_tutorial to None, run_after=None
[2024-05-06T20:30:31.470-0500] {processor.py:183} INFO - Processing /Users/paulamedina/venv/lib/python3.12/site-packages/airflow/example_dags/example_params_ui_tutorial.py took 0.230 seconds
[2024-05-06T20:33:56.081-0500] {processor.py:161} INFO - Started process (PID=46660) to work on /Users/paulamedina/venv/lib/python3.12/site-packages/airflow/example_dags/example_params_ui_tutorial.py
[2024-05-06T20:33:56.082-0500] {processor.py:830} INFO - Processing file /Users/paulamedina/venv/lib/python3.12/site-packages/airflow/example_dags/example_params_ui_tutorial.py for tasks to queue
[2024-05-06T20:33:56.082-0500] {logging_mixin.py:188} INFO - [2024-05-06T20:33:56.082-0500] {dagbag.py:540} INFO - Filling up the DagBag from /Users/paulamedina/venv/lib/python3.12/site-packages/airflow/example_dags/example_params_ui_tutorial.py
[2024-05-06T20:33:56.120-0500] {processor.py:840} INFO - DAG(s) 'example_params_ui_tutorial' retrieved from /Users/paulamedina/venv/lib/python3.12/site-packages/airflow/example_dags/example_params_ui_tutorial.py
[2024-05-06T20:33:56.221-0500] {logging_mixin.py:188} INFO - [2024-05-06T20:33:56.221-0500] {dag.py:3096} INFO - Sync 1 DAGs
[2024-05-06T20:33:56.228-0500] {logging_mixin.py:188} INFO - [2024-05-06T20:33:56.228-0500] {dag.py:3954} INFO - Setting next_dagrun for example_params_ui_tutorial to None, run_after=None
[2024-05-06T20:33:56.244-0500] {processor.py:183} INFO - Processing /Users/paulamedina/venv/lib/python3.12/site-packages/airflow/example_dags/example_params_ui_tutorial.py took 0.165 seconds
[2024-05-06T20:37:11.357-0500] {processor.py:161} INFO - Started process (PID=47376) to work on /Users/paulamedina/venv/lib/python3.12/site-packages/airflow/example_dags/example_params_ui_tutorial.py
[2024-05-06T20:37:11.358-0500] {processor.py:830} INFO - Processing file /Users/paulamedina/venv/lib/python3.12/site-packages/airflow/example_dags/example_params_ui_tutorial.py for tasks to queue
[2024-05-06T20:37:11.358-0500] {logging_mixin.py:188} INFO - [2024-05-06T20:37:11.358-0500] {dagbag.py:540} INFO - Filling up the DagBag from /Users/paulamedina/venv/lib/python3.12/site-packages/airflow/example_dags/example_params_ui_tutorial.py
[2024-05-06T20:37:11.397-0500] {processor.py:840} INFO - DAG(s) 'example_params_ui_tutorial' retrieved from /Users/paulamedina/venv/lib/python3.12/site-packages/airflow/example_dags/example_params_ui_tutorial.py
[2024-05-06T20:37:11.508-0500] {logging_mixin.py:188} INFO - [2024-05-06T20:37:11.508-0500] {dag.py:3096} INFO - Sync 1 DAGs
[2024-05-06T20:37:11.516-0500] {logging_mixin.py:188} INFO - [2024-05-06T20:37:11.516-0500] {dag.py:3954} INFO - Setting next_dagrun for example_params_ui_tutorial to None, run_after=None
[2024-05-06T20:37:11.534-0500] {processor.py:183} INFO - Processing /Users/paulamedina/venv/lib/python3.12/site-packages/airflow/example_dags/example_params_ui_tutorial.py took 0.179 seconds
[2024-05-06T20:40:37.473-0500] {processor.py:161} INFO - Started process (PID=48096) to work on /Users/paulamedina/venv/lib/python3.12/site-packages/airflow/example_dags/example_params_ui_tutorial.py
[2024-05-06T20:40:37.474-0500] {processor.py:830} INFO - Processing file /Users/paulamedina/venv/lib/python3.12/site-packages/airflow/example_dags/example_params_ui_tutorial.py for tasks to queue
[2024-05-06T20:40:37.474-0500] {logging_mixin.py:188} INFO - [2024-05-06T20:40:37.474-0500] {dagbag.py:540} INFO - Filling up the DagBag from /Users/paulamedina/venv/lib/python3.12/site-packages/airflow/example_dags/example_params_ui_tutorial.py
[2024-05-06T20:40:37.507-0500] {processor.py:840} INFO - DAG(s) 'example_params_ui_tutorial' retrieved from /Users/paulamedina/venv/lib/python3.12/site-packages/airflow/example_dags/example_params_ui_tutorial.py
[2024-05-06T20:40:37.606-0500] {logging_mixin.py:188} INFO - [2024-05-06T20:40:37.606-0500] {dag.py:3096} INFO - Sync 1 DAGs
[2024-05-06T20:40:37.613-0500] {logging_mixin.py:188} INFO - [2024-05-06T20:40:37.613-0500] {dag.py:3954} INFO - Setting next_dagrun for example_params_ui_tutorial to None, run_after=None
[2024-05-06T20:40:37.627-0500] {processor.py:183} INFO - Processing /Users/paulamedina/venv/lib/python3.12/site-packages/airflow/example_dags/example_params_ui_tutorial.py took 0.156 seconds
[2024-05-06T20:44:02.295-0500] {processor.py:161} INFO - Started process (PID=48822) to work on /Users/paulamedina/venv/lib/python3.12/site-packages/airflow/example_dags/example_params_ui_tutorial.py
[2024-05-06T20:44:02.296-0500] {processor.py:830} INFO - Processing file /Users/paulamedina/venv/lib/python3.12/site-packages/airflow/example_dags/example_params_ui_tutorial.py for tasks to queue
[2024-05-06T20:44:02.296-0500] {logging_mixin.py:188} INFO - [2024-05-06T20:44:02.296-0500] {dagbag.py:540} INFO - Filling up the DagBag from /Users/paulamedina/venv/lib/python3.12/site-packages/airflow/example_dags/example_params_ui_tutorial.py
[2024-05-06T20:44:02.331-0500] {processor.py:840} INFO - DAG(s) 'example_params_ui_tutorial' retrieved from /Users/paulamedina/venv/lib/python3.12/site-packages/airflow/example_dags/example_params_ui_tutorial.py
[2024-05-06T20:44:02.433-0500] {logging_mixin.py:188} INFO - [2024-05-06T20:44:02.432-0500] {dag.py:3096} INFO - Sync 1 DAGs
[2024-05-06T20:44:02.440-0500] {logging_mixin.py:188} INFO - [2024-05-06T20:44:02.440-0500] {dag.py:3954} INFO - Setting next_dagrun for example_params_ui_tutorial to None, run_after=None
[2024-05-06T20:44:02.458-0500] {processor.py:183} INFO - Processing /Users/paulamedina/venv/lib/python3.12/site-packages/airflow/example_dags/example_params_ui_tutorial.py took 0.165 seconds
[2024-05-06T20:47:32.349-0500] {processor.py:161} INFO - Started process (PID=49662) to work on /Users/paulamedina/venv/lib/python3.12/site-packages/airflow/example_dags/example_params_ui_tutorial.py
[2024-05-06T20:47:32.350-0500] {processor.py:830} INFO - Processing file /Users/paulamedina/venv/lib/python3.12/site-packages/airflow/example_dags/example_params_ui_tutorial.py for tasks to queue
[2024-05-06T20:47:32.351-0500] {logging_mixin.py:188} INFO - [2024-05-06T20:47:32.350-0500] {dagbag.py:540} INFO - Filling up the DagBag from /Users/paulamedina/venv/lib/python3.12/site-packages/airflow/example_dags/example_params_ui_tutorial.py
[2024-05-06T20:47:32.389-0500] {processor.py:840} INFO - DAG(s) 'example_params_ui_tutorial' retrieved from /Users/paulamedina/venv/lib/python3.12/site-packages/airflow/example_dags/example_params_ui_tutorial.py
[2024-05-06T20:47:32.502-0500] {logging_mixin.py:188} INFO - [2024-05-06T20:47:32.502-0500] {dag.py:3096} INFO - Sync 1 DAGs
[2024-05-06T20:47:32.510-0500] {logging_mixin.py:188} INFO - [2024-05-06T20:47:32.510-0500] {dag.py:3954} INFO - Setting next_dagrun for example_params_ui_tutorial to None, run_after=None
[2024-05-06T20:47:32.528-0500] {processor.py:183} INFO - Processing /Users/paulamedina/venv/lib/python3.12/site-packages/airflow/example_dags/example_params_ui_tutorial.py took 0.181 seconds
[2024-05-06T20:51:01.640-0500] {processor.py:161} INFO - Started process (PID=50395) to work on /Users/paulamedina/venv/lib/python3.12/site-packages/airflow/example_dags/example_params_ui_tutorial.py
[2024-05-06T20:51:01.641-0500] {processor.py:830} INFO - Processing file /Users/paulamedina/venv/lib/python3.12/site-packages/airflow/example_dags/example_params_ui_tutorial.py for tasks to queue
[2024-05-06T20:51:01.641-0500] {logging_mixin.py:188} INFO - [2024-05-06T20:51:01.641-0500] {dagbag.py:540} INFO - Filling up the DagBag from /Users/paulamedina/venv/lib/python3.12/site-packages/airflow/example_dags/example_params_ui_tutorial.py
[2024-05-06T20:51:01.674-0500] {processor.py:840} INFO - DAG(s) 'example_params_ui_tutorial' retrieved from /Users/paulamedina/venv/lib/python3.12/site-packages/airflow/example_dags/example_params_ui_tutorial.py
[2024-05-06T20:51:01.776-0500] {logging_mixin.py:188} INFO - [2024-05-06T20:51:01.775-0500] {dag.py:3096} INFO - Sync 1 DAGs
[2024-05-06T20:51:01.783-0500] {logging_mixin.py:188} INFO - [2024-05-06T20:51:01.782-0500] {dag.py:3954} INFO - Setting next_dagrun for example_params_ui_tutorial to None, run_after=None
[2024-05-06T20:51:01.797-0500] {processor.py:183} INFO - Processing /Users/paulamedina/venv/lib/python3.12/site-packages/airflow/example_dags/example_params_ui_tutorial.py took 0.159 seconds
[2024-05-06T20:54:31.889-0500] {processor.py:161} INFO - Started process (PID=51146) to work on /Users/paulamedina/venv/lib/python3.12/site-packages/airflow/example_dags/example_params_ui_tutorial.py
[2024-05-06T20:54:31.890-0500] {processor.py:830} INFO - Processing file /Users/paulamedina/venv/lib/python3.12/site-packages/airflow/example_dags/example_params_ui_tutorial.py for tasks to queue
[2024-05-06T20:54:31.891-0500] {logging_mixin.py:188} INFO - [2024-05-06T20:54:31.890-0500] {dagbag.py:540} INFO - Filling up the DagBag from /Users/paulamedina/venv/lib/python3.12/site-packages/airflow/example_dags/example_params_ui_tutorial.py
[2024-05-06T20:54:31.923-0500] {processor.py:840} INFO - DAG(s) 'example_params_ui_tutorial' retrieved from /Users/paulamedina/venv/lib/python3.12/site-packages/airflow/example_dags/example_params_ui_tutorial.py
[2024-05-06T20:54:32.019-0500] {logging_mixin.py:188} INFO - [2024-05-06T20:54:32.019-0500] {dag.py:3096} INFO - Sync 1 DAGs
[2024-05-06T20:54:32.026-0500] {logging_mixin.py:188} INFO - [2024-05-06T20:54:32.026-0500] {dag.py:3954} INFO - Setting next_dagrun for example_params_ui_tutorial to None, run_after=None
[2024-05-06T20:54:32.040-0500] {processor.py:183} INFO - Processing /Users/paulamedina/venv/lib/python3.12/site-packages/airflow/example_dags/example_params_ui_tutorial.py took 0.153 seconds
[2024-05-06T20:57:58.678-0500] {processor.py:161} INFO - Started process (PID=51880) to work on /Users/paulamedina/venv/lib/python3.12/site-packages/airflow/example_dags/example_params_ui_tutorial.py
[2024-05-06T20:57:58.679-0500] {processor.py:830} INFO - Processing file /Users/paulamedina/venv/lib/python3.12/site-packages/airflow/example_dags/example_params_ui_tutorial.py for tasks to queue
[2024-05-06T20:57:58.679-0500] {logging_mixin.py:188} INFO - [2024-05-06T20:57:58.679-0500] {dagbag.py:540} INFO - Filling up the DagBag from /Users/paulamedina/venv/lib/python3.12/site-packages/airflow/example_dags/example_params_ui_tutorial.py
[2024-05-06T20:57:58.713-0500] {processor.py:840} INFO - DAG(s) 'example_params_ui_tutorial' retrieved from /Users/paulamedina/venv/lib/python3.12/site-packages/airflow/example_dags/example_params_ui_tutorial.py
[2024-05-06T20:57:58.812-0500] {logging_mixin.py:188} INFO - [2024-05-06T20:57:58.812-0500] {dag.py:3096} INFO - Sync 1 DAGs
[2024-05-06T20:57:58.819-0500] {logging_mixin.py:188} INFO - [2024-05-06T20:57:58.819-0500] {dag.py:3954} INFO - Setting next_dagrun for example_params_ui_tutorial to None, run_after=None
[2024-05-06T20:57:58.834-0500] {processor.py:183} INFO - Processing /Users/paulamedina/venv/lib/python3.12/site-packages/airflow/example_dags/example_params_ui_tutorial.py took 0.158 seconds
[2024-05-06T21:01:53.946-0500] {processor.py:161} INFO - Started process (PID=52740) to work on /Users/paulamedina/venv/lib/python3.12/site-packages/airflow/example_dags/example_params_ui_tutorial.py
[2024-05-06T21:01:53.947-0500] {processor.py:830} INFO - Processing file /Users/paulamedina/venv/lib/python3.12/site-packages/airflow/example_dags/example_params_ui_tutorial.py for tasks to queue
[2024-05-06T21:01:53.947-0500] {logging_mixin.py:188} INFO - [2024-05-06T21:01:53.947-0500] {dagbag.py:540} INFO - Filling up the DagBag from /Users/paulamedina/venv/lib/python3.12/site-packages/airflow/example_dags/example_params_ui_tutorial.py
[2024-05-06T21:01:53.980-0500] {processor.py:840} INFO - DAG(s) 'example_params_ui_tutorial' retrieved from /Users/paulamedina/venv/lib/python3.12/site-packages/airflow/example_dags/example_params_ui_tutorial.py
[2024-05-06T21:01:54.077-0500] {logging_mixin.py:188} INFO - [2024-05-06T21:01:54.077-0500] {dag.py:3096} INFO - Sync 1 DAGs
[2024-05-06T21:01:54.084-0500] {logging_mixin.py:188} INFO - [2024-05-06T21:01:54.084-0500] {dag.py:3954} INFO - Setting next_dagrun for example_params_ui_tutorial to None, run_after=None
[2024-05-06T21:01:54.099-0500] {processor.py:183} INFO - Processing /Users/paulamedina/venv/lib/python3.12/site-packages/airflow/example_dags/example_params_ui_tutorial.py took 0.154 seconds
[2024-05-06T21:05:17.882-0500] {processor.py:161} INFO - Started process (PID=53604) to work on /Users/paulamedina/venv/lib/python3.12/site-packages/airflow/example_dags/example_params_ui_tutorial.py
[2024-05-06T21:05:17.882-0500] {processor.py:830} INFO - Processing file /Users/paulamedina/venv/lib/python3.12/site-packages/airflow/example_dags/example_params_ui_tutorial.py for tasks to queue
[2024-05-06T21:05:17.883-0500] {logging_mixin.py:188} INFO - [2024-05-06T21:05:17.883-0500] {dagbag.py:540} INFO - Filling up the DagBag from /Users/paulamedina/venv/lib/python3.12/site-packages/airflow/example_dags/example_params_ui_tutorial.py
[2024-05-06T21:05:17.917-0500] {processor.py:840} INFO - DAG(s) 'example_params_ui_tutorial' retrieved from /Users/paulamedina/venv/lib/python3.12/site-packages/airflow/example_dags/example_params_ui_tutorial.py
[2024-05-06T21:05:18.033-0500] {logging_mixin.py:188} INFO - [2024-05-06T21:05:18.033-0500] {dag.py:3096} INFO - Sync 1 DAGs
[2024-05-06T21:05:18.040-0500] {logging_mixin.py:188} INFO - [2024-05-06T21:05:18.040-0500] {dag.py:3954} INFO - Setting next_dagrun for example_params_ui_tutorial to None, run_after=None
[2024-05-06T21:05:18.060-0500] {processor.py:183} INFO - Processing /Users/paulamedina/venv/lib/python3.12/site-packages/airflow/example_dags/example_params_ui_tutorial.py took 0.180 seconds
[2024-05-06T21:08:41.685-0500] {processor.py:161} INFO - Started process (PID=54371) to work on /Users/paulamedina/venv/lib/python3.12/site-packages/airflow/example_dags/example_params_ui_tutorial.py
[2024-05-06T21:08:41.686-0500] {processor.py:830} INFO - Processing file /Users/paulamedina/venv/lib/python3.12/site-packages/airflow/example_dags/example_params_ui_tutorial.py for tasks to queue
[2024-05-06T21:08:41.687-0500] {logging_mixin.py:188} INFO - [2024-05-06T21:08:41.687-0500] {dagbag.py:540} INFO - Filling up the DagBag from /Users/paulamedina/venv/lib/python3.12/site-packages/airflow/example_dags/example_params_ui_tutorial.py
[2024-05-06T21:08:41.719-0500] {processor.py:840} INFO - DAG(s) 'example_params_ui_tutorial' retrieved from /Users/paulamedina/venv/lib/python3.12/site-packages/airflow/example_dags/example_params_ui_tutorial.py
[2024-05-06T21:08:41.817-0500] {logging_mixin.py:188} INFO - [2024-05-06T21:08:41.817-0500] {dag.py:3096} INFO - Sync 1 DAGs
[2024-05-06T21:08:41.824-0500] {logging_mixin.py:188} INFO - [2024-05-06T21:08:41.824-0500] {dag.py:3954} INFO - Setting next_dagrun for example_params_ui_tutorial to None, run_after=None
[2024-05-06T21:08:41.839-0500] {processor.py:183} INFO - Processing /Users/paulamedina/venv/lib/python3.12/site-packages/airflow/example_dags/example_params_ui_tutorial.py took 0.155 seconds
[2024-05-06T21:12:04.878-0500] {processor.py:161} INFO - Started process (PID=55086) to work on /Users/paulamedina/venv/lib/python3.12/site-packages/airflow/example_dags/example_params_ui_tutorial.py
[2024-05-06T21:12:04.879-0500] {processor.py:830} INFO - Processing file /Users/paulamedina/venv/lib/python3.12/site-packages/airflow/example_dags/example_params_ui_tutorial.py for tasks to queue
[2024-05-06T21:12:04.880-0500] {logging_mixin.py:188} INFO - [2024-05-06T21:12:04.879-0500] {dagbag.py:540} INFO - Filling up the DagBag from /Users/paulamedina/venv/lib/python3.12/site-packages/airflow/example_dags/example_params_ui_tutorial.py
[2024-05-06T21:12:04.912-0500] {processor.py:840} INFO - DAG(s) 'example_params_ui_tutorial' retrieved from /Users/paulamedina/venv/lib/python3.12/site-packages/airflow/example_dags/example_params_ui_tutorial.py
[2024-05-06T21:12:05.012-0500] {logging_mixin.py:188} INFO - [2024-05-06T21:12:05.012-0500] {dag.py:3096} INFO - Sync 1 DAGs
[2024-05-06T21:12:05.019-0500] {logging_mixin.py:188} INFO - [2024-05-06T21:12:05.019-0500] {dag.py:3954} INFO - Setting next_dagrun for example_params_ui_tutorial to None, run_after=None
[2024-05-06T21:12:05.034-0500] {processor.py:183} INFO - Processing /Users/paulamedina/venv/lib/python3.12/site-packages/airflow/example_dags/example_params_ui_tutorial.py took 0.158 seconds
[2024-05-06T21:15:30.015-0500] {processor.py:161} INFO - Started process (PID=55807) to work on /Users/paulamedina/venv/lib/python3.12/site-packages/airflow/example_dags/example_params_ui_tutorial.py
[2024-05-06T21:15:30.016-0500] {processor.py:830} INFO - Processing file /Users/paulamedina/venv/lib/python3.12/site-packages/airflow/example_dags/example_params_ui_tutorial.py for tasks to queue
[2024-05-06T21:15:30.016-0500] {logging_mixin.py:188} INFO - [2024-05-06T21:15:30.016-0500] {dagbag.py:540} INFO - Filling up the DagBag from /Users/paulamedina/venv/lib/python3.12/site-packages/airflow/example_dags/example_params_ui_tutorial.py
[2024-05-06T21:15:30.055-0500] {processor.py:840} INFO - DAG(s) 'example_params_ui_tutorial' retrieved from /Users/paulamedina/venv/lib/python3.12/site-packages/airflow/example_dags/example_params_ui_tutorial.py
[2024-05-06T21:15:30.166-0500] {logging_mixin.py:188} INFO - [2024-05-06T21:15:30.166-0500] {dag.py:3096} INFO - Sync 1 DAGs
[2024-05-06T21:15:30.175-0500] {logging_mixin.py:188} INFO - [2024-05-06T21:15:30.175-0500] {dag.py:3954} INFO - Setting next_dagrun for example_params_ui_tutorial to None, run_after=None
[2024-05-06T21:15:30.191-0500] {processor.py:183} INFO - Processing /Users/paulamedina/venv/lib/python3.12/site-packages/airflow/example_dags/example_params_ui_tutorial.py took 0.178 seconds
[2024-05-06T21:19:03.725-0500] {processor.py:161} INFO - Started process (PID=56563) to work on /Users/paulamedina/venv/lib/python3.12/site-packages/airflow/example_dags/example_params_ui_tutorial.py
[2024-05-06T21:19:03.725-0500] {processor.py:830} INFO - Processing file /Users/paulamedina/venv/lib/python3.12/site-packages/airflow/example_dags/example_params_ui_tutorial.py for tasks to queue
[2024-05-06T21:19:03.726-0500] {logging_mixin.py:188} INFO - [2024-05-06T21:19:03.726-0500] {dagbag.py:540} INFO - Filling up the DagBag from /Users/paulamedina/venv/lib/python3.12/site-packages/airflow/example_dags/example_params_ui_tutorial.py
[2024-05-06T21:19:03.759-0500] {processor.py:840} INFO - DAG(s) 'example_params_ui_tutorial' retrieved from /Users/paulamedina/venv/lib/python3.12/site-packages/airflow/example_dags/example_params_ui_tutorial.py
[2024-05-06T21:19:03.858-0500] {logging_mixin.py:188} INFO - [2024-05-06T21:19:03.858-0500] {dag.py:3096} INFO - Sync 1 DAGs
[2024-05-06T21:19:03.865-0500] {logging_mixin.py:188} INFO - [2024-05-06T21:19:03.865-0500] {dag.py:3954} INFO - Setting next_dagrun for example_params_ui_tutorial to None, run_after=None
[2024-05-06T21:19:03.881-0500] {processor.py:183} INFO - Processing /Users/paulamedina/venv/lib/python3.12/site-packages/airflow/example_dags/example_params_ui_tutorial.py took 0.158 seconds
[2024-05-06T21:22:34.610-0500] {processor.py:161} INFO - Started process (PID=57396) to work on /Users/paulamedina/venv/lib/python3.12/site-packages/airflow/example_dags/example_params_ui_tutorial.py
[2024-05-06T21:22:34.611-0500] {processor.py:830} INFO - Processing file /Users/paulamedina/venv/lib/python3.12/site-packages/airflow/example_dags/example_params_ui_tutorial.py for tasks to queue
[2024-05-06T21:22:34.612-0500] {logging_mixin.py:188} INFO - [2024-05-06T21:22:34.611-0500] {dagbag.py:540} INFO - Filling up the DagBag from /Users/paulamedina/venv/lib/python3.12/site-packages/airflow/example_dags/example_params_ui_tutorial.py
[2024-05-06T21:22:34.645-0500] {processor.py:840} INFO - DAG(s) 'example_params_ui_tutorial' retrieved from /Users/paulamedina/venv/lib/python3.12/site-packages/airflow/example_dags/example_params_ui_tutorial.py
[2024-05-06T21:22:34.746-0500] {logging_mixin.py:188} INFO - [2024-05-06T21:22:34.746-0500] {dag.py:3096} INFO - Sync 1 DAGs
[2024-05-06T21:22:34.753-0500] {logging_mixin.py:188} INFO - [2024-05-06T21:22:34.753-0500] {dag.py:3954} INFO - Setting next_dagrun for example_params_ui_tutorial to None, run_after=None
[2024-05-06T21:22:34.767-0500] {processor.py:183} INFO - Processing /Users/paulamedina/venv/lib/python3.12/site-packages/airflow/example_dags/example_params_ui_tutorial.py took 0.159 seconds
[2024-05-06T21:26:06.705-0500] {processor.py:161} INFO - Started process (PID=58150) to work on /Users/paulamedina/venv/lib/python3.12/site-packages/airflow/example_dags/example_params_ui_tutorial.py
[2024-05-06T21:26:06.706-0500] {processor.py:830} INFO - Processing file /Users/paulamedina/venv/lib/python3.12/site-packages/airflow/example_dags/example_params_ui_tutorial.py for tasks to queue
[2024-05-06T21:26:06.706-0500] {logging_mixin.py:188} INFO - [2024-05-06T21:26:06.706-0500] {dagbag.py:540} INFO - Filling up the DagBag from /Users/paulamedina/venv/lib/python3.12/site-packages/airflow/example_dags/example_params_ui_tutorial.py
[2024-05-06T21:26:06.738-0500] {processor.py:840} INFO - DAG(s) 'example_params_ui_tutorial' retrieved from /Users/paulamedina/venv/lib/python3.12/site-packages/airflow/example_dags/example_params_ui_tutorial.py
[2024-05-06T21:26:06.837-0500] {logging_mixin.py:188} INFO - [2024-05-06T21:26:06.837-0500] {dag.py:3096} INFO - Sync 1 DAGs
[2024-05-06T21:26:06.844-0500] {logging_mixin.py:188} INFO - [2024-05-06T21:26:06.844-0500] {dag.py:3954} INFO - Setting next_dagrun for example_params_ui_tutorial to None, run_after=None
[2024-05-06T21:26:06.860-0500] {processor.py:183} INFO - Processing /Users/paulamedina/venv/lib/python3.12/site-packages/airflow/example_dags/example_params_ui_tutorial.py took 0.158 seconds
[2024-05-06T21:29:42.449-0500] {processor.py:161} INFO - Started process (PID=58904) to work on /Users/paulamedina/venv/lib/python3.12/site-packages/airflow/example_dags/example_params_ui_tutorial.py
[2024-05-06T21:29:42.450-0500] {processor.py:830} INFO - Processing file /Users/paulamedina/venv/lib/python3.12/site-packages/airflow/example_dags/example_params_ui_tutorial.py for tasks to queue
[2024-05-06T21:29:42.450-0500] {logging_mixin.py:188} INFO - [2024-05-06T21:29:42.450-0500] {dagbag.py:540} INFO - Filling up the DagBag from /Users/paulamedina/venv/lib/python3.12/site-packages/airflow/example_dags/example_params_ui_tutorial.py
[2024-05-06T21:29:42.494-0500] {processor.py:840} INFO - DAG(s) 'example_params_ui_tutorial' retrieved from /Users/paulamedina/venv/lib/python3.12/site-packages/airflow/example_dags/example_params_ui_tutorial.py
[2024-05-06T21:29:42.629-0500] {logging_mixin.py:188} INFO - [2024-05-06T21:29:42.629-0500] {dag.py:3096} INFO - Sync 1 DAGs
[2024-05-06T21:29:42.638-0500] {logging_mixin.py:188} INFO - [2024-05-06T21:29:42.638-0500] {dag.py:3954} INFO - Setting next_dagrun for example_params_ui_tutorial to None, run_after=None
[2024-05-06T21:29:42.657-0500] {processor.py:183} INFO - Processing /Users/paulamedina/venv/lib/python3.12/site-packages/airflow/example_dags/example_params_ui_tutorial.py took 0.211 seconds
[2024-05-06T21:31:57.754-0500] {processor.py:161} INFO - Started process (PID=59406) to work on /Users/paulamedina/venv/lib/python3.12/site-packages/airflow/example_dags/example_params_ui_tutorial.py
[2024-05-06T21:31:57.755-0500] {processor.py:830} INFO - Processing file /Users/paulamedina/venv/lib/python3.12/site-packages/airflow/example_dags/example_params_ui_tutorial.py for tasks to queue
[2024-05-06T21:31:57.756-0500] {logging_mixin.py:188} INFO - [2024-05-06T21:31:57.756-0500] {dagbag.py:540} INFO - Filling up the DagBag from /Users/paulamedina/venv/lib/python3.12/site-packages/airflow/example_dags/example_params_ui_tutorial.py
[2024-05-06T21:31:57.801-0500] {processor.py:840} INFO - DAG(s) 'example_params_ui_tutorial' retrieved from /Users/paulamedina/venv/lib/python3.12/site-packages/airflow/example_dags/example_params_ui_tutorial.py
[2024-05-06T21:31:57.926-0500] {logging_mixin.py:188} INFO - [2024-05-06T21:31:57.925-0500] {dag.py:3096} INFO - Sync 1 DAGs
[2024-05-06T21:31:57.935-0500] {logging_mixin.py:188} INFO - [2024-05-06T21:31:57.935-0500] {dag.py:3954} INFO - Setting next_dagrun for example_params_ui_tutorial to None, run_after=None
[2024-05-06T21:31:57.954-0500] {processor.py:183} INFO - Processing /Users/paulamedina/venv/lib/python3.12/site-packages/airflow/example_dags/example_params_ui_tutorial.py took 0.203 seconds
[2024-05-06T21:33:56.342-0500] {processor.py:161} INFO - Started process (PID=59827) to work on /Users/paulamedina/venv/lib/python3.12/site-packages/airflow/example_dags/example_params_ui_tutorial.py
[2024-05-06T21:33:56.343-0500] {processor.py:830} INFO - Processing file /Users/paulamedina/venv/lib/python3.12/site-packages/airflow/example_dags/example_params_ui_tutorial.py for tasks to queue
[2024-05-06T21:33:56.344-0500] {logging_mixin.py:188} INFO - [2024-05-06T21:33:56.343-0500] {dagbag.py:540} INFO - Filling up the DagBag from /Users/paulamedina/venv/lib/python3.12/site-packages/airflow/example_dags/example_params_ui_tutorial.py
[2024-05-06T21:33:56.376-0500] {processor.py:840} INFO - DAG(s) 'example_params_ui_tutorial' retrieved from /Users/paulamedina/venv/lib/python3.12/site-packages/airflow/example_dags/example_params_ui_tutorial.py
[2024-05-06T21:33:56.479-0500] {logging_mixin.py:188} INFO - [2024-05-06T21:33:56.479-0500] {dag.py:3096} INFO - Sync 1 DAGs
[2024-05-06T21:33:56.486-0500] {logging_mixin.py:188} INFO - [2024-05-06T21:33:56.486-0500] {dag.py:3954} INFO - Setting next_dagrun for example_params_ui_tutorial to None, run_after=None
[2024-05-06T21:33:56.502-0500] {processor.py:183} INFO - Processing /Users/paulamedina/venv/lib/python3.12/site-packages/airflow/example_dags/example_params_ui_tutorial.py took 0.162 seconds
[2024-05-06T21:43:40.672-0500] {processor.py:161} INFO - Started process (PID=62042) to work on /Users/paulamedina/venv/lib/python3.12/site-packages/airflow/example_dags/example_params_ui_tutorial.py
[2024-05-06T21:43:40.674-0500] {processor.py:830} INFO - Processing file /Users/paulamedina/venv/lib/python3.12/site-packages/airflow/example_dags/example_params_ui_tutorial.py for tasks to queue
[2024-05-06T21:43:40.674-0500] {logging_mixin.py:188} INFO - [2024-05-06T21:43:40.674-0500] {dagbag.py:540} INFO - Filling up the DagBag from /Users/paulamedina/venv/lib/python3.12/site-packages/airflow/example_dags/example_params_ui_tutorial.py
[2024-05-06T21:43:40.713-0500] {processor.py:840} INFO - DAG(s) 'example_params_ui_tutorial' retrieved from /Users/paulamedina/venv/lib/python3.12/site-packages/airflow/example_dags/example_params_ui_tutorial.py
[2024-05-06T21:43:40.988-0500] {logging_mixin.py:188} INFO - [2024-05-06T21:43:40.987-0500] {override.py:1829} INFO - Created Permission View: can delete on DAG:example_params_ui_tutorial
[2024-05-06T21:43:40.998-0500] {logging_mixin.py:188} INFO - [2024-05-06T21:43:40.998-0500] {override.py:1829} INFO - Created Permission View: can edit on DAG:example_params_ui_tutorial
[2024-05-06T21:43:41.004-0500] {logging_mixin.py:188} INFO - [2024-05-06T21:43:41.004-0500] {override.py:1829} INFO - Created Permission View: can read on DAG:example_params_ui_tutorial
[2024-05-06T21:43:41.004-0500] {logging_mixin.py:188} INFO - [2024-05-06T21:43:41.004-0500] {dag.py:3096} INFO - Sync 1 DAGs
[2024-05-06T21:43:41.016-0500] {logging_mixin.py:188} INFO - [2024-05-06T21:43:41.015-0500] {dag.py:3118} INFO - Creating ORM DAG for example_params_ui_tutorial
[2024-05-06T21:43:41.016-0500] {logging_mixin.py:188} INFO - [2024-05-06T21:43:41.016-0500] {dag.py:3954} INFO - Setting next_dagrun for example_params_ui_tutorial to None, run_after=None
[2024-05-06T21:43:41.037-0500] {processor.py:183} INFO - Processing /Users/paulamedina/venv/lib/python3.12/site-packages/airflow/example_dags/example_params_ui_tutorial.py took 0.367 seconds
[2024-05-06T21:44:35.327-0500] {processor.py:161} INFO - Started process (PID=62275) to work on /Users/paulamedina/venv/lib/python3.12/site-packages/airflow/example_dags/example_params_ui_tutorial.py
[2024-05-06T21:44:35.328-0500] {processor.py:830} INFO - Processing file /Users/paulamedina/venv/lib/python3.12/site-packages/airflow/example_dags/example_params_ui_tutorial.py for tasks to queue
[2024-05-06T21:44:35.329-0500] {logging_mixin.py:188} INFO - [2024-05-06T21:44:35.329-0500] {dagbag.py:540} INFO - Filling up the DagBag from /Users/paulamedina/venv/lib/python3.12/site-packages/airflow/example_dags/example_params_ui_tutorial.py
[2024-05-06T21:44:35.383-0500] {processor.py:840} INFO - DAG(s) 'example_params_ui_tutorial' retrieved from /Users/paulamedina/venv/lib/python3.12/site-packages/airflow/example_dags/example_params_ui_tutorial.py
[2024-05-06T21:44:35.547-0500] {logging_mixin.py:188} INFO - [2024-05-06T21:44:35.547-0500] {dag.py:3096} INFO - Sync 1 DAGs
[2024-05-06T21:44:35.559-0500] {logging_mixin.py:188} INFO - [2024-05-06T21:44:35.559-0500] {dag.py:3954} INFO - Setting next_dagrun for example_params_ui_tutorial to None, run_after=None
[2024-05-06T21:44:35.579-0500] {processor.py:183} INFO - Processing /Users/paulamedina/venv/lib/python3.12/site-packages/airflow/example_dags/example_params_ui_tutorial.py took 0.256 seconds
[2024-05-06T21:45:38.550-0500] {processor.py:161} INFO - Started process (PID=62522) to work on /Users/paulamedina/venv/lib/python3.12/site-packages/airflow/example_dags/example_params_ui_tutorial.py
[2024-05-06T21:45:38.551-0500] {processor.py:830} INFO - Processing file /Users/paulamedina/venv/lib/python3.12/site-packages/airflow/example_dags/example_params_ui_tutorial.py for tasks to queue
[2024-05-06T21:45:38.552-0500] {logging_mixin.py:188} INFO - [2024-05-06T21:45:38.551-0500] {dagbag.py:540} INFO - Filling up the DagBag from /Users/paulamedina/venv/lib/python3.12/site-packages/airflow/example_dags/example_params_ui_tutorial.py
[2024-05-06T21:45:38.600-0500] {processor.py:840} INFO - DAG(s) 'example_params_ui_tutorial' retrieved from /Users/paulamedina/venv/lib/python3.12/site-packages/airflow/example_dags/example_params_ui_tutorial.py
[2024-05-06T21:45:38.758-0500] {logging_mixin.py:188} INFO - [2024-05-06T21:45:38.758-0500] {dag.py:3096} INFO - Sync 1 DAGs
[2024-05-06T21:45:38.770-0500] {logging_mixin.py:188} INFO - [2024-05-06T21:45:38.770-0500] {dag.py:3954} INFO - Setting next_dagrun for example_params_ui_tutorial to None, run_after=None
[2024-05-06T21:45:38.789-0500] {processor.py:183} INFO - Processing /Users/paulamedina/venv/lib/python3.12/site-packages/airflow/example_dags/example_params_ui_tutorial.py took 0.243 seconds
[2024-05-06T21:46:38.393-0500] {processor.py:161} INFO - Started process (PID=62765) to work on /Users/paulamedina/venv/lib/python3.12/site-packages/airflow/example_dags/example_params_ui_tutorial.py
[2024-05-06T21:46:38.395-0500] {processor.py:830} INFO - Processing file /Users/paulamedina/venv/lib/python3.12/site-packages/airflow/example_dags/example_params_ui_tutorial.py for tasks to queue
[2024-05-06T21:46:38.396-0500] {logging_mixin.py:188} INFO - [2024-05-06T21:46:38.396-0500] {dagbag.py:540} INFO - Filling up the DagBag from /Users/paulamedina/venv/lib/python3.12/site-packages/airflow/example_dags/example_params_ui_tutorial.py
[2024-05-06T21:46:38.447-0500] {processor.py:840} INFO - DAG(s) 'example_params_ui_tutorial' retrieved from /Users/paulamedina/venv/lib/python3.12/site-packages/airflow/example_dags/example_params_ui_tutorial.py
[2024-05-06T21:46:38.614-0500] {logging_mixin.py:188} INFO - [2024-05-06T21:46:38.614-0500] {dag.py:3096} INFO - Sync 1 DAGs
[2024-05-06T21:46:38.625-0500] {logging_mixin.py:188} INFO - [2024-05-06T21:46:38.625-0500] {dag.py:3954} INFO - Setting next_dagrun for example_params_ui_tutorial to None, run_after=None
[2024-05-06T21:46:38.645-0500] {processor.py:183} INFO - Processing /Users/paulamedina/venv/lib/python3.12/site-packages/airflow/example_dags/example_params_ui_tutorial.py took 0.255 seconds
[2024-05-06T21:47:42.039-0500] {processor.py:161} INFO - Started process (PID=63019) to work on /Users/paulamedina/venv/lib/python3.12/site-packages/airflow/example_dags/example_params_ui_tutorial.py
[2024-05-06T21:47:42.040-0500] {processor.py:830} INFO - Processing file /Users/paulamedina/venv/lib/python3.12/site-packages/airflow/example_dags/example_params_ui_tutorial.py for tasks to queue
[2024-05-06T21:47:42.041-0500] {logging_mixin.py:188} INFO - [2024-05-06T21:47:42.040-0500] {dagbag.py:540} INFO - Filling up the DagBag from /Users/paulamedina/venv/lib/python3.12/site-packages/airflow/example_dags/example_params_ui_tutorial.py
[2024-05-06T21:47:42.100-0500] {processor.py:840} INFO - DAG(s) 'example_params_ui_tutorial' retrieved from /Users/paulamedina/venv/lib/python3.12/site-packages/airflow/example_dags/example_params_ui_tutorial.py
[2024-05-06T21:47:42.286-0500] {logging_mixin.py:188} INFO - [2024-05-06T21:47:42.286-0500] {dag.py:3096} INFO - Sync 1 DAGs
[2024-05-06T21:47:42.300-0500] {logging_mixin.py:188} INFO - [2024-05-06T21:47:42.300-0500] {dag.py:3954} INFO - Setting next_dagrun for example_params_ui_tutorial to None, run_after=None
[2024-05-06T21:47:42.323-0500] {processor.py:183} INFO - Processing /Users/paulamedina/venv/lib/python3.12/site-packages/airflow/example_dags/example_params_ui_tutorial.py took 0.288 seconds
[2024-05-06T21:50:08.922-0500] {processor.py:161} INFO - Started process (PID=63642) to work on /Users/paulamedina/venv/lib/python3.12/site-packages/airflow/example_dags/example_params_ui_tutorial.py
[2024-05-06T21:50:08.924-0500] {processor.py:830} INFO - Processing file /Users/paulamedina/venv/lib/python3.12/site-packages/airflow/example_dags/example_params_ui_tutorial.py for tasks to queue
[2024-05-06T21:50:08.925-0500] {logging_mixin.py:188} INFO - [2024-05-06T21:50:08.925-0500] {dagbag.py:540} INFO - Filling up the DagBag from /Users/paulamedina/venv/lib/python3.12/site-packages/airflow/example_dags/example_params_ui_tutorial.py
[2024-05-06T21:50:09.004-0500] {processor.py:840} INFO - DAG(s) 'example_params_ui_tutorial' retrieved from /Users/paulamedina/venv/lib/python3.12/site-packages/airflow/example_dags/example_params_ui_tutorial.py
[2024-05-06T21:50:09.456-0500] {logging_mixin.py:188} INFO - [2024-05-06T21:50:09.456-0500] {dag.py:3096} INFO - Sync 1 DAGs
[2024-05-06T21:50:09.475-0500] {logging_mixin.py:188} INFO - [2024-05-06T21:50:09.474-0500] {dag.py:3954} INFO - Setting next_dagrun for example_params_ui_tutorial to None, run_after=None
[2024-05-06T21:50:09.510-0500] {processor.py:183} INFO - Processing /Users/paulamedina/venv/lib/python3.12/site-packages/airflow/example_dags/example_params_ui_tutorial.py took 0.594 seconds
[2024-05-06T21:51:43.964-0500] {processor.py:161} INFO - Started process (PID=64017) to work on /Users/paulamedina/venv/lib/python3.12/site-packages/airflow/example_dags/example_params_ui_tutorial.py
[2024-05-06T21:51:43.965-0500] {processor.py:830} INFO - Processing file /Users/paulamedina/venv/lib/python3.12/site-packages/airflow/example_dags/example_params_ui_tutorial.py for tasks to queue
[2024-05-06T21:51:43.966-0500] {logging_mixin.py:188} INFO - [2024-05-06T21:51:43.966-0500] {dagbag.py:540} INFO - Filling up the DagBag from /Users/paulamedina/venv/lib/python3.12/site-packages/airflow/example_dags/example_params_ui_tutorial.py
[2024-05-06T21:51:44.027-0500] {processor.py:840} INFO - DAG(s) 'example_params_ui_tutorial' retrieved from /Users/paulamedina/venv/lib/python3.12/site-packages/airflow/example_dags/example_params_ui_tutorial.py
[2024-05-06T21:51:44.212-0500] {logging_mixin.py:188} INFO - [2024-05-06T21:51:44.212-0500] {dag.py:3096} INFO - Sync 1 DAGs
[2024-05-06T21:51:44.225-0500] {logging_mixin.py:188} INFO - [2024-05-06T21:51:44.225-0500] {dag.py:3954} INFO - Setting next_dagrun for example_params_ui_tutorial to None, run_after=None
[2024-05-06T21:51:44.247-0500] {processor.py:183} INFO - Processing /Users/paulamedina/venv/lib/python3.12/site-packages/airflow/example_dags/example_params_ui_tutorial.py took 0.287 seconds
[2024-05-06T21:52:59.299-0500] {processor.py:161} INFO - Started process (PID=64297) to work on /Users/paulamedina/venv/lib/python3.12/site-packages/airflow/example_dags/example_params_ui_tutorial.py
[2024-05-06T21:52:59.301-0500] {processor.py:830} INFO - Processing file /Users/paulamedina/venv/lib/python3.12/site-packages/airflow/example_dags/example_params_ui_tutorial.py for tasks to queue
[2024-05-06T21:52:59.302-0500] {logging_mixin.py:188} INFO - [2024-05-06T21:52:59.301-0500] {dagbag.py:540} INFO - Filling up the DagBag from /Users/paulamedina/venv/lib/python3.12/site-packages/airflow/example_dags/example_params_ui_tutorial.py
[2024-05-06T21:52:59.369-0500] {processor.py:840} INFO - DAG(s) 'example_params_ui_tutorial' retrieved from /Users/paulamedina/venv/lib/python3.12/site-packages/airflow/example_dags/example_params_ui_tutorial.py
[2024-05-06T21:52:59.588-0500] {logging_mixin.py:188} INFO - [2024-05-06T21:52:59.587-0500] {dag.py:3096} INFO - Sync 1 DAGs
[2024-05-06T21:52:59.603-0500] {logging_mixin.py:188} INFO - [2024-05-06T21:52:59.603-0500] {dag.py:3954} INFO - Setting next_dagrun for example_params_ui_tutorial to None, run_after=None
[2024-05-06T21:52:59.629-0500] {processor.py:183} INFO - Processing /Users/paulamedina/venv/lib/python3.12/site-packages/airflow/example_dags/example_params_ui_tutorial.py took 0.335 seconds
[2024-05-06T21:54:20.787-0500] {processor.py:161} INFO - Started process (PID=64624) to work on /Users/paulamedina/venv/lib/python3.12/site-packages/airflow/example_dags/example_params_ui_tutorial.py
[2024-05-06T21:54:20.789-0500] {processor.py:830} INFO - Processing file /Users/paulamedina/venv/lib/python3.12/site-packages/airflow/example_dags/example_params_ui_tutorial.py for tasks to queue
[2024-05-06T21:54:20.790-0500] {logging_mixin.py:188} INFO - [2024-05-06T21:54:20.790-0500] {dagbag.py:540} INFO - Filling up the DagBag from /Users/paulamedina/venv/lib/python3.12/site-packages/airflow/example_dags/example_params_ui_tutorial.py
[2024-05-06T21:54:20.858-0500] {processor.py:840} INFO - DAG(s) 'example_params_ui_tutorial' retrieved from /Users/paulamedina/venv/lib/python3.12/site-packages/airflow/example_dags/example_params_ui_tutorial.py
[2024-05-06T21:54:21.061-0500] {logging_mixin.py:188} INFO - [2024-05-06T21:54:21.061-0500] {dag.py:3096} INFO - Sync 1 DAGs
[2024-05-06T21:54:21.076-0500] {logging_mixin.py:188} INFO - [2024-05-06T21:54:21.076-0500] {dag.py:3954} INFO - Setting next_dagrun for example_params_ui_tutorial to None, run_after=None
[2024-05-06T21:54:21.103-0500] {processor.py:183} INFO - Processing /Users/paulamedina/venv/lib/python3.12/site-packages/airflow/example_dags/example_params_ui_tutorial.py took 0.320 seconds
[2024-05-06T21:55:50.038-0500] {processor.py:161} INFO - Started process (PID=64987) to work on /Users/paulamedina/venv/lib/python3.12/site-packages/airflow/example_dags/example_params_ui_tutorial.py
[2024-05-06T21:55:50.039-0500] {processor.py:830} INFO - Processing file /Users/paulamedina/venv/lib/python3.12/site-packages/airflow/example_dags/example_params_ui_tutorial.py for tasks to queue
[2024-05-06T21:55:50.040-0500] {logging_mixin.py:188} INFO - [2024-05-06T21:55:50.040-0500] {dagbag.py:540} INFO - Filling up the DagBag from /Users/paulamedina/venv/lib/python3.12/site-packages/airflow/example_dags/example_params_ui_tutorial.py
[2024-05-06T21:55:50.105-0500] {processor.py:840} INFO - DAG(s) 'example_params_ui_tutorial' retrieved from /Users/paulamedina/venv/lib/python3.12/site-packages/airflow/example_dags/example_params_ui_tutorial.py
[2024-05-06T21:55:50.308-0500] {logging_mixin.py:188} INFO - [2024-05-06T21:55:50.308-0500] {dag.py:3096} INFO - Sync 1 DAGs
[2024-05-06T21:55:50.324-0500] {logging_mixin.py:188} INFO - [2024-05-06T21:55:50.324-0500] {dag.py:3954} INFO - Setting next_dagrun for example_params_ui_tutorial to None, run_after=None
[2024-05-06T21:55:50.347-0500] {processor.py:183} INFO - Processing /Users/paulamedina/venv/lib/python3.12/site-packages/airflow/example_dags/example_params_ui_tutorial.py took 0.316 seconds
[2024-05-06T21:57:24.299-0500] {processor.py:161} INFO - Started process (PID=65344) to work on /Users/paulamedina/venv/lib/python3.12/site-packages/airflow/example_dags/example_params_ui_tutorial.py
[2024-05-06T21:57:24.301-0500] {processor.py:830} INFO - Processing file /Users/paulamedina/venv/lib/python3.12/site-packages/airflow/example_dags/example_params_ui_tutorial.py for tasks to queue
[2024-05-06T21:57:24.302-0500] {logging_mixin.py:188} INFO - [2024-05-06T21:57:24.302-0500] {dagbag.py:540} INFO - Filling up the DagBag from /Users/paulamedina/venv/lib/python3.12/site-packages/airflow/example_dags/example_params_ui_tutorial.py
[2024-05-06T21:57:24.364-0500] {processor.py:840} INFO - DAG(s) 'example_params_ui_tutorial' retrieved from /Users/paulamedina/venv/lib/python3.12/site-packages/airflow/example_dags/example_params_ui_tutorial.py
[2024-05-06T21:57:24.564-0500] {logging_mixin.py:188} INFO - [2024-05-06T21:57:24.564-0500] {dag.py:3096} INFO - Sync 1 DAGs
[2024-05-06T21:57:24.590-0500] {logging_mixin.py:188} INFO - [2024-05-06T21:57:24.589-0500] {dag.py:3954} INFO - Setting next_dagrun for example_params_ui_tutorial to None, run_after=None
[2024-05-06T21:57:24.614-0500] {processor.py:183} INFO - Processing /Users/paulamedina/venv/lib/python3.12/site-packages/airflow/example_dags/example_params_ui_tutorial.py took 0.319 seconds
[2024-05-06T21:59:09.069-0500] {processor.py:161} INFO - Started process (PID=65834) to work on /Users/paulamedina/venv/lib/python3.12/site-packages/airflow/example_dags/example_params_ui_tutorial.py
[2024-05-06T21:59:09.072-0500] {processor.py:830} INFO - Processing file /Users/paulamedina/venv/lib/python3.12/site-packages/airflow/example_dags/example_params_ui_tutorial.py for tasks to queue
[2024-05-06T21:59:09.073-0500] {logging_mixin.py:188} INFO - [2024-05-06T21:59:09.073-0500] {dagbag.py:540} INFO - Filling up the DagBag from /Users/paulamedina/venv/lib/python3.12/site-packages/airflow/example_dags/example_params_ui_tutorial.py
[2024-05-06T21:59:09.153-0500] {processor.py:840} INFO - DAG(s) 'example_params_ui_tutorial' retrieved from /Users/paulamedina/venv/lib/python3.12/site-packages/airflow/example_dags/example_params_ui_tutorial.py
[2024-05-06T21:59:09.411-0500] {logging_mixin.py:188} INFO - [2024-05-06T21:59:09.410-0500] {dag.py:3096} INFO - Sync 1 DAGs
[2024-05-06T21:59:09.430-0500] {logging_mixin.py:188} INFO - [2024-05-06T21:59:09.429-0500] {dag.py:3954} INFO - Setting next_dagrun for example_params_ui_tutorial to None, run_after=None
[2024-05-06T21:59:09.460-0500] {processor.py:183} INFO - Processing /Users/paulamedina/venv/lib/python3.12/site-packages/airflow/example_dags/example_params_ui_tutorial.py took 0.396 seconds
[2024-05-06T22:01:15.210-0500] {processor.py:161} INFO - Started process (PID=66401) to work on /Users/paulamedina/venv/lib/python3.12/site-packages/airflow/example_dags/example_params_ui_tutorial.py
[2024-05-06T22:01:15.211-0500] {processor.py:830} INFO - Processing file /Users/paulamedina/venv/lib/python3.12/site-packages/airflow/example_dags/example_params_ui_tutorial.py for tasks to queue
[2024-05-06T22:01:15.212-0500] {logging_mixin.py:188} INFO - [2024-05-06T22:01:15.212-0500] {dagbag.py:540} INFO - Filling up the DagBag from /Users/paulamedina/venv/lib/python3.12/site-packages/airflow/example_dags/example_params_ui_tutorial.py
[2024-05-06T22:01:15.271-0500] {processor.py:840} INFO - DAG(s) 'example_params_ui_tutorial' retrieved from /Users/paulamedina/venv/lib/python3.12/site-packages/airflow/example_dags/example_params_ui_tutorial.py
[2024-05-06T22:01:15.460-0500] {logging_mixin.py:188} INFO - [2024-05-06T22:01:15.460-0500] {dag.py:3096} INFO - Sync 1 DAGs
[2024-05-06T22:01:15.475-0500] {logging_mixin.py:188} INFO - [2024-05-06T22:01:15.475-0500] {dag.py:3954} INFO - Setting next_dagrun for example_params_ui_tutorial to None, run_after=None
[2024-05-06T22:01:15.498-0500] {processor.py:183} INFO - Processing /Users/paulamedina/venv/lib/python3.12/site-packages/airflow/example_dags/example_params_ui_tutorial.py took 0.292 seconds
