[2024-05-06T19:01:41.054-0500] {processor.py:161} INFO - Started process (PID=26495) to work on /Users/paulamedina/venv/lib/python3.12/site-packages/airflow/example_dags/example_latest_only_with_trigger.py
[2024-05-06T19:01:41.055-0500] {processor.py:830} INFO - Processing file /Users/paulamedina/venv/lib/python3.12/site-packages/airflow/example_dags/example_latest_only_with_trigger.py for tasks to queue
[2024-05-06T19:01:41.055-0500] {logging_mixin.py:188} INFO - [2024-05-06T19:01:41.055-0500] {dagbag.py:540} INFO - Filling up the DagBag from /Users/paulamedina/venv/lib/python3.12/site-packages/airflow/example_dags/example_latest_only_with_trigger.py
[2024-05-06T19:01:41.063-0500] {processor.py:840} INFO - DAG(s) 'latest_only_with_trigger' retrieved from /Users/paulamedina/venv/lib/python3.12/site-packages/airflow/example_dags/example_latest_only_with_trigger.py
[2024-05-06T19:01:41.139-0500] {logging_mixin.py:188} INFO - [2024-05-06T19:01:41.139-0500] {dag.py:3096} INFO - Sync 1 DAGs
[2024-05-06T19:01:41.152-0500] {logging_mixin.py:188} INFO - [2024-05-06T19:01:41.152-0500] {dag.py:3954} INFO - Setting next_dagrun for latest_only_with_trigger to 2024-05-06 20:00:00+00:00, run_after=2024-05-07 00:00:00+00:00
[2024-05-06T19:01:41.167-0500] {processor.py:183} INFO - Processing /Users/paulamedina/venv/lib/python3.12/site-packages/airflow/example_dags/example_latest_only_with_trigger.py took 0.115 seconds
[2024-05-06T19:05:00.272-0500] {processor.py:161} INFO - Started process (PID=27209) to work on /Users/paulamedina/venv/lib/python3.12/site-packages/airflow/example_dags/example_latest_only_with_trigger.py
[2024-05-06T19:05:00.273-0500] {processor.py:830} INFO - Processing file /Users/paulamedina/venv/lib/python3.12/site-packages/airflow/example_dags/example_latest_only_with_trigger.py for tasks to queue
[2024-05-06T19:05:00.274-0500] {logging_mixin.py:188} INFO - [2024-05-06T19:05:00.273-0500] {dagbag.py:540} INFO - Filling up the DagBag from /Users/paulamedina/venv/lib/python3.12/site-packages/airflow/example_dags/example_latest_only_with_trigger.py
[2024-05-06T19:05:00.281-0500] {processor.py:840} INFO - DAG(s) 'latest_only_with_trigger' retrieved from /Users/paulamedina/venv/lib/python3.12/site-packages/airflow/example_dags/example_latest_only_with_trigger.py
[2024-05-06T19:05:00.360-0500] {logging_mixin.py:188} INFO - [2024-05-06T19:05:00.360-0500] {dag.py:3096} INFO - Sync 1 DAGs
[2024-05-06T19:05:00.373-0500] {logging_mixin.py:188} INFO - [2024-05-06T19:05:00.372-0500] {dag.py:3954} INFO - Setting next_dagrun for latest_only_with_trigger to 2024-05-06 20:00:00+00:00, run_after=2024-05-07 00:00:00+00:00
[2024-05-06T19:05:00.386-0500] {processor.py:183} INFO - Processing /Users/paulamedina/venv/lib/python3.12/site-packages/airflow/example_dags/example_latest_only_with_trigger.py took 0.116 seconds
[2024-05-06T19:08:22.798-0500] {processor.py:161} INFO - Started process (PID=27946) to work on /Users/paulamedina/venv/lib/python3.12/site-packages/airflow/example_dags/example_latest_only_with_trigger.py
[2024-05-06T19:08:22.799-0500] {processor.py:830} INFO - Processing file /Users/paulamedina/venv/lib/python3.12/site-packages/airflow/example_dags/example_latest_only_with_trigger.py for tasks to queue
[2024-05-06T19:08:22.799-0500] {logging_mixin.py:188} INFO - [2024-05-06T19:08:22.799-0500] {dagbag.py:540} INFO - Filling up the DagBag from /Users/paulamedina/venv/lib/python3.12/site-packages/airflow/example_dags/example_latest_only_with_trigger.py
[2024-05-06T19:08:22.806-0500] {processor.py:840} INFO - DAG(s) 'latest_only_with_trigger' retrieved from /Users/paulamedina/venv/lib/python3.12/site-packages/airflow/example_dags/example_latest_only_with_trigger.py
[2024-05-06T19:08:22.886-0500] {logging_mixin.py:188} INFO - [2024-05-06T19:08:22.885-0500] {dag.py:3096} INFO - Sync 1 DAGs
[2024-05-06T19:08:22.898-0500] {logging_mixin.py:188} INFO - [2024-05-06T19:08:22.898-0500] {dag.py:3954} INFO - Setting next_dagrun for latest_only_with_trigger to 2024-05-06 20:00:00+00:00, run_after=2024-05-07 00:00:00+00:00
[2024-05-06T19:08:22.912-0500] {processor.py:183} INFO - Processing /Users/paulamedina/venv/lib/python3.12/site-packages/airflow/example_dags/example_latest_only_with_trigger.py took 0.116 seconds
[2024-05-06T19:11:47.614-0500] {processor.py:161} INFO - Started process (PID=28680) to work on /Users/paulamedina/venv/lib/python3.12/site-packages/airflow/example_dags/example_latest_only_with_trigger.py
[2024-05-06T19:11:47.615-0500] {processor.py:830} INFO - Processing file /Users/paulamedina/venv/lib/python3.12/site-packages/airflow/example_dags/example_latest_only_with_trigger.py for tasks to queue
[2024-05-06T19:11:47.615-0500] {logging_mixin.py:188} INFO - [2024-05-06T19:11:47.615-0500] {dagbag.py:540} INFO - Filling up the DagBag from /Users/paulamedina/venv/lib/python3.12/site-packages/airflow/example_dags/example_latest_only_with_trigger.py
[2024-05-06T19:11:47.623-0500] {processor.py:840} INFO - DAG(s) 'latest_only_with_trigger' retrieved from /Users/paulamedina/venv/lib/python3.12/site-packages/airflow/example_dags/example_latest_only_with_trigger.py
[2024-05-06T19:11:47.700-0500] {logging_mixin.py:188} INFO - [2024-05-06T19:11:47.700-0500] {dag.py:3096} INFO - Sync 1 DAGs
[2024-05-06T19:11:47.713-0500] {logging_mixin.py:188} INFO - [2024-05-06T19:11:47.712-0500] {dag.py:3954} INFO - Setting next_dagrun for latest_only_with_trigger to 2024-05-06 20:00:00+00:00, run_after=2024-05-07 00:00:00+00:00
[2024-05-06T19:11:47.727-0500] {processor.py:183} INFO - Processing /Users/paulamedina/venv/lib/python3.12/site-packages/airflow/example_dags/example_latest_only_with_trigger.py took 0.115 seconds
[2024-05-06T19:15:40.081-0500] {processor.py:161} INFO - Started process (PID=29502) to work on /Users/paulamedina/venv/lib/python3.12/site-packages/airflow/example_dags/example_latest_only_with_trigger.py
[2024-05-06T19:15:40.083-0500] {processor.py:830} INFO - Processing file /Users/paulamedina/venv/lib/python3.12/site-packages/airflow/example_dags/example_latest_only_with_trigger.py for tasks to queue
[2024-05-06T19:15:40.084-0500] {logging_mixin.py:188} INFO - [2024-05-06T19:15:40.083-0500] {dagbag.py:540} INFO - Filling up the DagBag from /Users/paulamedina/venv/lib/python3.12/site-packages/airflow/example_dags/example_latest_only_with_trigger.py
[2024-05-06T19:15:40.095-0500] {processor.py:840} INFO - DAG(s) 'latest_only_with_trigger' retrieved from /Users/paulamedina/venv/lib/python3.12/site-packages/airflow/example_dags/example_latest_only_with_trigger.py
[2024-05-06T19:15:40.203-0500] {logging_mixin.py:188} INFO - [2024-05-06T19:15:40.203-0500] {dag.py:3096} INFO - Sync 1 DAGs
[2024-05-06T19:15:40.221-0500] {logging_mixin.py:188} INFO - [2024-05-06T19:15:40.221-0500] {dag.py:3954} INFO - Setting next_dagrun for latest_only_with_trigger to 2024-05-06 20:00:00+00:00, run_after=2024-05-07 00:00:00+00:00
[2024-05-06T19:15:40.240-0500] {processor.py:183} INFO - Processing /Users/paulamedina/venv/lib/python3.12/site-packages/airflow/example_dags/example_latest_only_with_trigger.py took 0.162 seconds
[2024-05-06T19:18:19.152-0500] {processor.py:161} INFO - Started process (PID=30136) to work on /Users/paulamedina/venv/lib/python3.12/site-packages/airflow/example_dags/example_latest_only_with_trigger.py
[2024-05-06T19:18:19.153-0500] {processor.py:830} INFO - Processing file /Users/paulamedina/venv/lib/python3.12/site-packages/airflow/example_dags/example_latest_only_with_trigger.py for tasks to queue
[2024-05-06T19:18:19.154-0500] {logging_mixin.py:188} INFO - [2024-05-06T19:18:19.154-0500] {dagbag.py:540} INFO - Filling up the DagBag from /Users/paulamedina/venv/lib/python3.12/site-packages/airflow/example_dags/example_latest_only_with_trigger.py
[2024-05-06T19:18:19.166-0500] {processor.py:840} INFO - DAG(s) 'latest_only_with_trigger' retrieved from /Users/paulamedina/venv/lib/python3.12/site-packages/airflow/example_dags/example_latest_only_with_trigger.py
[2024-05-06T19:18:19.277-0500] {logging_mixin.py:188} INFO - [2024-05-06T19:18:19.276-0500] {dag.py:3096} INFO - Sync 1 DAGs
[2024-05-06T19:18:19.294-0500] {logging_mixin.py:188} INFO - [2024-05-06T19:18:19.294-0500] {dag.py:3954} INFO - Setting next_dagrun for latest_only_with_trigger to 2024-05-06 20:00:00+00:00, run_after=2024-05-07 00:00:00+00:00
[2024-05-06T19:18:19.313-0500] {processor.py:183} INFO - Processing /Users/paulamedina/venv/lib/python3.12/site-packages/airflow/example_dags/example_latest_only_with_trigger.py took 0.164 seconds
[2024-05-06T19:22:39.829-0500] {processor.py:161} INFO - Started process (PID=31043) to work on /Users/paulamedina/venv/lib/python3.12/site-packages/airflow/example_dags/example_latest_only_with_trigger.py
[2024-05-06T19:22:39.831-0500] {processor.py:830} INFO - Processing file /Users/paulamedina/venv/lib/python3.12/site-packages/airflow/example_dags/example_latest_only_with_trigger.py for tasks to queue
[2024-05-06T19:22:39.832-0500] {logging_mixin.py:188} INFO - [2024-05-06T19:22:39.832-0500] {dagbag.py:540} INFO - Filling up the DagBag from /Users/paulamedina/venv/lib/python3.12/site-packages/airflow/example_dags/example_latest_only_with_trigger.py
[2024-05-06T19:22:39.851-0500] {processor.py:840} INFO - DAG(s) 'latest_only_with_trigger' retrieved from /Users/paulamedina/venv/lib/python3.12/site-packages/airflow/example_dags/example_latest_only_with_trigger.py
[2024-05-06T19:22:40.095-0500] {logging_mixin.py:188} INFO - [2024-05-06T19:22:40.095-0500] {dag.py:3096} INFO - Sync 1 DAGs
[2024-05-06T19:22:40.123-0500] {logging_mixin.py:188} INFO - [2024-05-06T19:22:40.123-0500] {dag.py:3954} INFO - Setting next_dagrun for latest_only_with_trigger to 2024-05-06 20:00:00+00:00, run_after=2024-05-07 00:00:00+00:00
[2024-05-06T19:22:40.151-0500] {processor.py:183} INFO - Processing /Users/paulamedina/venv/lib/python3.12/site-packages/airflow/example_dags/example_latest_only_with_trigger.py took 0.327 seconds
[2024-05-06T19:24:53.697-0500] {processor.py:161} INFO - Started process (PID=31527) to work on /Users/paulamedina/venv/lib/python3.12/site-packages/airflow/example_dags/example_latest_only_with_trigger.py
[2024-05-06T19:24:53.698-0500] {processor.py:830} INFO - Processing file /Users/paulamedina/venv/lib/python3.12/site-packages/airflow/example_dags/example_latest_only_with_trigger.py for tasks to queue
[2024-05-06T19:24:53.699-0500] {logging_mixin.py:188} INFO - [2024-05-06T19:24:53.698-0500] {dagbag.py:540} INFO - Filling up the DagBag from /Users/paulamedina/venv/lib/python3.12/site-packages/airflow/example_dags/example_latest_only_with_trigger.py
[2024-05-06T19:24:53.707-0500] {processor.py:840} INFO - DAG(s) 'latest_only_with_trigger' retrieved from /Users/paulamedina/venv/lib/python3.12/site-packages/airflow/example_dags/example_latest_only_with_trigger.py
[2024-05-06T19:24:53.802-0500] {logging_mixin.py:188} INFO - [2024-05-06T19:24:53.801-0500] {dag.py:3096} INFO - Sync 1 DAGs
[2024-05-06T19:24:53.817-0500] {logging_mixin.py:188} INFO - [2024-05-06T19:24:53.817-0500] {dag.py:3954} INFO - Setting next_dagrun for latest_only_with_trigger to 2024-05-06 20:00:00+00:00, run_after=2024-05-07 00:00:00+00:00
[2024-05-06T19:24:53.835-0500] {processor.py:183} INFO - Processing /Users/paulamedina/venv/lib/python3.12/site-packages/airflow/example_dags/example_latest_only_with_trigger.py took 0.140 seconds
[2024-05-06T19:27:04.520-0500] {processor.py:161} INFO - Started process (PID=31988) to work on /Users/paulamedina/venv/lib/python3.12/site-packages/airflow/example_dags/example_latest_only_with_trigger.py
[2024-05-06T19:27:04.521-0500] {processor.py:830} INFO - Processing file /Users/paulamedina/venv/lib/python3.12/site-packages/airflow/example_dags/example_latest_only_with_trigger.py for tasks to queue
[2024-05-06T19:27:04.522-0500] {logging_mixin.py:188} INFO - [2024-05-06T19:27:04.521-0500] {dagbag.py:540} INFO - Filling up the DagBag from /Users/paulamedina/venv/lib/python3.12/site-packages/airflow/example_dags/example_latest_only_with_trigger.py
[2024-05-06T19:27:04.529-0500] {processor.py:840} INFO - DAG(s) 'latest_only_with_trigger' retrieved from /Users/paulamedina/venv/lib/python3.12/site-packages/airflow/example_dags/example_latest_only_with_trigger.py
[2024-05-06T19:27:04.607-0500] {logging_mixin.py:188} INFO - [2024-05-06T19:27:04.607-0500] {dag.py:3096} INFO - Sync 1 DAGs
[2024-05-06T19:27:04.620-0500] {logging_mixin.py:188} INFO - [2024-05-06T19:27:04.620-0500] {dag.py:3954} INFO - Setting next_dagrun for latest_only_with_trigger to 2024-05-06 20:00:00+00:00, run_after=2024-05-07 00:00:00+00:00
[2024-05-06T19:27:04.633-0500] {processor.py:183} INFO - Processing /Users/paulamedina/venv/lib/python3.12/site-packages/airflow/example_dags/example_latest_only_with_trigger.py took 0.114 seconds
[2024-05-06T19:30:33.651-0500] {processor.py:161} INFO - Started process (PID=32741) to work on /Users/paulamedina/venv/lib/python3.12/site-packages/airflow/example_dags/example_latest_only_with_trigger.py
[2024-05-06T19:30:33.652-0500] {processor.py:830} INFO - Processing file /Users/paulamedina/venv/lib/python3.12/site-packages/airflow/example_dags/example_latest_only_with_trigger.py for tasks to queue
[2024-05-06T19:30:33.652-0500] {logging_mixin.py:188} INFO - [2024-05-06T19:30:33.652-0500] {dagbag.py:540} INFO - Filling up the DagBag from /Users/paulamedina/venv/lib/python3.12/site-packages/airflow/example_dags/example_latest_only_with_trigger.py
[2024-05-06T19:30:33.662-0500] {processor.py:840} INFO - DAG(s) 'latest_only_with_trigger' retrieved from /Users/paulamedina/venv/lib/python3.12/site-packages/airflow/example_dags/example_latest_only_with_trigger.py
[2024-05-06T19:30:33.757-0500] {logging_mixin.py:188} INFO - [2024-05-06T19:30:33.757-0500] {dag.py:3096} INFO - Sync 1 DAGs
[2024-05-06T19:30:33.773-0500] {logging_mixin.py:188} INFO - [2024-05-06T19:30:33.773-0500] {dag.py:3954} INFO - Setting next_dagrun for latest_only_with_trigger to 2024-05-06 20:00:00+00:00, run_after=2024-05-07 00:00:00+00:00
[2024-05-06T19:30:33.790-0500] {processor.py:183} INFO - Processing /Users/paulamedina/venv/lib/python3.12/site-packages/airflow/example_dags/example_latest_only_with_trigger.py took 0.142 seconds
[2024-05-06T19:33:57.941-0500] {processor.py:161} INFO - Started process (PID=33478) to work on /Users/paulamedina/venv/lib/python3.12/site-packages/airflow/example_dags/example_latest_only_with_trigger.py
[2024-05-06T19:33:57.942-0500] {processor.py:830} INFO - Processing file /Users/paulamedina/venv/lib/python3.12/site-packages/airflow/example_dags/example_latest_only_with_trigger.py for tasks to queue
[2024-05-06T19:33:57.942-0500] {logging_mixin.py:188} INFO - [2024-05-06T19:33:57.942-0500] {dagbag.py:540} INFO - Filling up the DagBag from /Users/paulamedina/venv/lib/python3.12/site-packages/airflow/example_dags/example_latest_only_with_trigger.py
[2024-05-06T19:33:57.950-0500] {processor.py:840} INFO - DAG(s) 'latest_only_with_trigger' retrieved from /Users/paulamedina/venv/lib/python3.12/site-packages/airflow/example_dags/example_latest_only_with_trigger.py
[2024-05-06T19:33:58.027-0500] {logging_mixin.py:188} INFO - [2024-05-06T19:33:58.027-0500] {dag.py:3096} INFO - Sync 1 DAGs
[2024-05-06T19:33:58.040-0500] {logging_mixin.py:188} INFO - [2024-05-06T19:33:58.040-0500] {dag.py:3954} INFO - Setting next_dagrun for latest_only_with_trigger to 2024-05-06 20:00:00+00:00, run_after=2024-05-07 00:00:00+00:00
[2024-05-06T19:33:58.056-0500] {processor.py:183} INFO - Processing /Users/paulamedina/venv/lib/python3.12/site-packages/airflow/example_dags/example_latest_only_with_trigger.py took 0.117 seconds
[2024-05-06T19:37:21.147-0500] {processor.py:161} INFO - Started process (PID=34288) to work on /Users/paulamedina/venv/lib/python3.12/site-packages/airflow/example_dags/example_latest_only_with_trigger.py
[2024-05-06T19:37:21.147-0500] {processor.py:830} INFO - Processing file /Users/paulamedina/venv/lib/python3.12/site-packages/airflow/example_dags/example_latest_only_with_trigger.py for tasks to queue
[2024-05-06T19:37:21.148-0500] {logging_mixin.py:188} INFO - [2024-05-06T19:37:21.148-0500] {dagbag.py:540} INFO - Filling up the DagBag from /Users/paulamedina/venv/lib/python3.12/site-packages/airflow/example_dags/example_latest_only_with_trigger.py
[2024-05-06T19:37:21.155-0500] {processor.py:840} INFO - DAG(s) 'latest_only_with_trigger' retrieved from /Users/paulamedina/venv/lib/python3.12/site-packages/airflow/example_dags/example_latest_only_with_trigger.py
[2024-05-06T19:37:21.235-0500] {logging_mixin.py:188} INFO - [2024-05-06T19:37:21.234-0500] {dag.py:3096} INFO - Sync 1 DAGs
[2024-05-06T19:37:21.249-0500] {logging_mixin.py:188} INFO - [2024-05-06T19:37:21.249-0500] {dag.py:3954} INFO - Setting next_dagrun for latest_only_with_trigger to 2024-05-06 20:00:00+00:00, run_after=2024-05-07 00:00:00+00:00
[2024-05-06T19:37:21.263-0500] {processor.py:183} INFO - Processing /Users/paulamedina/venv/lib/python3.12/site-packages/airflow/example_dags/example_latest_only_with_trigger.py took 0.119 seconds
[2024-05-06T19:40:42.166-0500] {processor.py:161} INFO - Started process (PID=34996) to work on /Users/paulamedina/venv/lib/python3.12/site-packages/airflow/example_dags/example_latest_only_with_trigger.py
[2024-05-06T19:40:42.166-0500] {processor.py:830} INFO - Processing file /Users/paulamedina/venv/lib/python3.12/site-packages/airflow/example_dags/example_latest_only_with_trigger.py for tasks to queue
[2024-05-06T19:40:42.167-0500] {logging_mixin.py:188} INFO - [2024-05-06T19:40:42.167-0500] {dagbag.py:540} INFO - Filling up the DagBag from /Users/paulamedina/venv/lib/python3.12/site-packages/airflow/example_dags/example_latest_only_with_trigger.py
[2024-05-06T19:40:42.176-0500] {processor.py:840} INFO - DAG(s) 'latest_only_with_trigger' retrieved from /Users/paulamedina/venv/lib/python3.12/site-packages/airflow/example_dags/example_latest_only_with_trigger.py
[2024-05-06T19:40:42.257-0500] {logging_mixin.py:188} INFO - [2024-05-06T19:40:42.256-0500] {dag.py:3096} INFO - Sync 1 DAGs
[2024-05-06T19:40:42.269-0500] {logging_mixin.py:188} INFO - [2024-05-06T19:40:42.269-0500] {dag.py:3954} INFO - Setting next_dagrun for latest_only_with_trigger to 2024-05-06 20:00:00+00:00, run_after=2024-05-07 00:00:00+00:00
[2024-05-06T19:40:42.285-0500] {processor.py:183} INFO - Processing /Users/paulamedina/venv/lib/python3.12/site-packages/airflow/example_dags/example_latest_only_with_trigger.py took 0.121 seconds
[2024-05-06T19:43:58.452-0500] {processor.py:161} INFO - Started process (PID=35693) to work on /Users/paulamedina/venv/lib/python3.12/site-packages/airflow/example_dags/example_latest_only_with_trigger.py
[2024-05-06T19:43:58.452-0500] {processor.py:830} INFO - Processing file /Users/paulamedina/venv/lib/python3.12/site-packages/airflow/example_dags/example_latest_only_with_trigger.py for tasks to queue
[2024-05-06T19:43:58.453-0500] {logging_mixin.py:188} INFO - [2024-05-06T19:43:58.453-0500] {dagbag.py:540} INFO - Filling up the DagBag from /Users/paulamedina/venv/lib/python3.12/site-packages/airflow/example_dags/example_latest_only_with_trigger.py
[2024-05-06T19:43:58.460-0500] {processor.py:840} INFO - DAG(s) 'latest_only_with_trigger' retrieved from /Users/paulamedina/venv/lib/python3.12/site-packages/airflow/example_dags/example_latest_only_with_trigger.py
[2024-05-06T19:43:58.537-0500] {logging_mixin.py:188} INFO - [2024-05-06T19:43:58.536-0500] {dag.py:3096} INFO - Sync 1 DAGs
[2024-05-06T19:43:58.550-0500] {logging_mixin.py:188} INFO - [2024-05-06T19:43:58.549-0500] {dag.py:3954} INFO - Setting next_dagrun for latest_only_with_trigger to 2024-05-06 20:00:00+00:00, run_after=2024-05-07 00:00:00+00:00
[2024-05-06T19:43:58.563-0500] {processor.py:183} INFO - Processing /Users/paulamedina/venv/lib/python3.12/site-packages/airflow/example_dags/example_latest_only_with_trigger.py took 0.113 seconds
[2024-05-06T19:47:33.354-0500] {processor.py:161} INFO - Started process (PID=36458) to work on /Users/paulamedina/venv/lib/python3.12/site-packages/airflow/example_dags/example_latest_only_with_trigger.py
[2024-05-06T19:47:33.355-0500] {processor.py:830} INFO - Processing file /Users/paulamedina/venv/lib/python3.12/site-packages/airflow/example_dags/example_latest_only_with_trigger.py for tasks to queue
[2024-05-06T19:47:33.356-0500] {logging_mixin.py:188} INFO - [2024-05-06T19:47:33.355-0500] {dagbag.py:540} INFO - Filling up the DagBag from /Users/paulamedina/venv/lib/python3.12/site-packages/airflow/example_dags/example_latest_only_with_trigger.py
[2024-05-06T19:47:33.364-0500] {processor.py:840} INFO - DAG(s) 'latest_only_with_trigger' retrieved from /Users/paulamedina/venv/lib/python3.12/site-packages/airflow/example_dags/example_latest_only_with_trigger.py
[2024-05-06T19:47:33.441-0500] {logging_mixin.py:188} INFO - [2024-05-06T19:47:33.441-0500] {dag.py:3096} INFO - Sync 1 DAGs
[2024-05-06T19:47:33.454-0500] {logging_mixin.py:188} INFO - [2024-05-06T19:47:33.454-0500] {dag.py:3954} INFO - Setting next_dagrun for latest_only_with_trigger to 2024-05-06 20:00:00+00:00, run_after=2024-05-07 00:00:00+00:00
[2024-05-06T19:47:33.469-0500] {processor.py:183} INFO - Processing /Users/paulamedina/venv/lib/python3.12/site-packages/airflow/example_dags/example_latest_only_with_trigger.py took 0.117 seconds
[2024-05-06T19:50:57.606-0500] {processor.py:161} INFO - Started process (PID=37276) to work on /Users/paulamedina/venv/lib/python3.12/site-packages/airflow/example_dags/example_latest_only_with_trigger.py
[2024-05-06T19:50:57.606-0500] {processor.py:830} INFO - Processing file /Users/paulamedina/venv/lib/python3.12/site-packages/airflow/example_dags/example_latest_only_with_trigger.py for tasks to queue
[2024-05-06T19:50:57.607-0500] {logging_mixin.py:188} INFO - [2024-05-06T19:50:57.607-0500] {dagbag.py:540} INFO - Filling up the DagBag from /Users/paulamedina/venv/lib/python3.12/site-packages/airflow/example_dags/example_latest_only_with_trigger.py
[2024-05-06T19:50:57.616-0500] {processor.py:840} INFO - DAG(s) 'latest_only_with_trigger' retrieved from /Users/paulamedina/venv/lib/python3.12/site-packages/airflow/example_dags/example_latest_only_with_trigger.py
[2024-05-06T19:50:57.703-0500] {logging_mixin.py:188} INFO - [2024-05-06T19:50:57.702-0500] {dag.py:3096} INFO - Sync 1 DAGs
[2024-05-06T19:50:57.717-0500] {logging_mixin.py:188} INFO - [2024-05-06T19:50:57.717-0500] {dag.py:3954} INFO - Setting next_dagrun for latest_only_with_trigger to 2024-05-06 20:00:00+00:00, run_after=2024-05-07 00:00:00+00:00
[2024-05-06T19:50:57.733-0500] {processor.py:183} INFO - Processing /Users/paulamedina/venv/lib/python3.12/site-packages/airflow/example_dags/example_latest_only_with_trigger.py took 0.130 seconds
[2024-05-06T19:54:29.426-0500] {processor.py:161} INFO - Started process (PID=38032) to work on /Users/paulamedina/venv/lib/python3.12/site-packages/airflow/example_dags/example_latest_only_with_trigger.py
[2024-05-06T19:54:29.427-0500] {processor.py:830} INFO - Processing file /Users/paulamedina/venv/lib/python3.12/site-packages/airflow/example_dags/example_latest_only_with_trigger.py for tasks to queue
[2024-05-06T19:54:29.427-0500] {logging_mixin.py:188} INFO - [2024-05-06T19:54:29.427-0500] {dagbag.py:540} INFO - Filling up the DagBag from /Users/paulamedina/venv/lib/python3.12/site-packages/airflow/example_dags/example_latest_only_with_trigger.py
[2024-05-06T19:54:29.436-0500] {processor.py:840} INFO - DAG(s) 'latest_only_with_trigger' retrieved from /Users/paulamedina/venv/lib/python3.12/site-packages/airflow/example_dags/example_latest_only_with_trigger.py
[2024-05-06T19:54:29.523-0500] {logging_mixin.py:188} INFO - [2024-05-06T19:54:29.523-0500] {dag.py:3096} INFO - Sync 1 DAGs
[2024-05-06T19:54:29.537-0500] {logging_mixin.py:188} INFO - [2024-05-06T19:54:29.537-0500] {dag.py:3954} INFO - Setting next_dagrun for latest_only_with_trigger to 2024-05-06 20:00:00+00:00, run_after=2024-05-07 00:00:00+00:00
[2024-05-06T19:54:29.553-0500] {processor.py:183} INFO - Processing /Users/paulamedina/venv/lib/python3.12/site-packages/airflow/example_dags/example_latest_only_with_trigger.py took 0.130 seconds
[2024-05-06T19:57:56.268-0500] {processor.py:161} INFO - Started process (PID=38762) to work on /Users/paulamedina/venv/lib/python3.12/site-packages/airflow/example_dags/example_latest_only_with_trigger.py
[2024-05-06T19:57:56.268-0500] {processor.py:830} INFO - Processing file /Users/paulamedina/venv/lib/python3.12/site-packages/airflow/example_dags/example_latest_only_with_trigger.py for tasks to queue
[2024-05-06T19:57:56.269-0500] {logging_mixin.py:188} INFO - [2024-05-06T19:57:56.269-0500] {dagbag.py:540} INFO - Filling up the DagBag from /Users/paulamedina/venv/lib/python3.12/site-packages/airflow/example_dags/example_latest_only_with_trigger.py
[2024-05-06T19:57:56.276-0500] {processor.py:840} INFO - DAG(s) 'latest_only_with_trigger' retrieved from /Users/paulamedina/venv/lib/python3.12/site-packages/airflow/example_dags/example_latest_only_with_trigger.py
[2024-05-06T19:57:56.354-0500] {logging_mixin.py:188} INFO - [2024-05-06T19:57:56.354-0500] {dag.py:3096} INFO - Sync 1 DAGs
[2024-05-06T19:57:56.367-0500] {logging_mixin.py:188} INFO - [2024-05-06T19:57:56.367-0500] {dag.py:3954} INFO - Setting next_dagrun for latest_only_with_trigger to 2024-05-06 20:00:00+00:00, run_after=2024-05-07 00:00:00+00:00
[2024-05-06T19:57:56.382-0500] {processor.py:183} INFO - Processing /Users/paulamedina/venv/lib/python3.12/site-packages/airflow/example_dags/example_latest_only_with_trigger.py took 0.116 seconds
[2024-05-06T20:01:35.308-0500] {processor.py:161} INFO - Started process (PID=39582) to work on /Users/paulamedina/venv/lib/python3.12/site-packages/airflow/example_dags/example_latest_only_with_trigger.py
[2024-05-06T20:01:35.309-0500] {processor.py:830} INFO - Processing file /Users/paulamedina/venv/lib/python3.12/site-packages/airflow/example_dags/example_latest_only_with_trigger.py for tasks to queue
[2024-05-06T20:01:35.309-0500] {logging_mixin.py:188} INFO - [2024-05-06T20:01:35.309-0500] {dagbag.py:540} INFO - Filling up the DagBag from /Users/paulamedina/venv/lib/python3.12/site-packages/airflow/example_dags/example_latest_only_with_trigger.py
[2024-05-06T20:01:35.317-0500] {processor.py:840} INFO - DAG(s) 'latest_only_with_trigger' retrieved from /Users/paulamedina/venv/lib/python3.12/site-packages/airflow/example_dags/example_latest_only_with_trigger.py
[2024-05-06T20:01:35.394-0500] {logging_mixin.py:188} INFO - [2024-05-06T20:01:35.394-0500] {dag.py:3096} INFO - Sync 1 DAGs
[2024-05-06T20:01:35.407-0500] {logging_mixin.py:188} INFO - [2024-05-06T20:01:35.406-0500] {dag.py:3954} INFO - Setting next_dagrun for latest_only_with_trigger to 2024-05-06 20:00:00+00:00, run_after=2024-05-07 00:00:00+00:00
[2024-05-06T20:01:35.421-0500] {processor.py:183} INFO - Processing /Users/paulamedina/venv/lib/python3.12/site-packages/airflow/example_dags/example_latest_only_with_trigger.py took 0.115 seconds
[2024-05-06T20:05:04.042-0500] {processor.py:161} INFO - Started process (PID=40328) to work on /Users/paulamedina/venv/lib/python3.12/site-packages/airflow/example_dags/example_latest_only_with_trigger.py
[2024-05-06T20:05:04.042-0500] {processor.py:830} INFO - Processing file /Users/paulamedina/venv/lib/python3.12/site-packages/airflow/example_dags/example_latest_only_with_trigger.py for tasks to queue
[2024-05-06T20:05:04.043-0500] {logging_mixin.py:188} INFO - [2024-05-06T20:05:04.043-0500] {dagbag.py:540} INFO - Filling up the DagBag from /Users/paulamedina/venv/lib/python3.12/site-packages/airflow/example_dags/example_latest_only_with_trigger.py
[2024-05-06T20:05:04.050-0500] {processor.py:840} INFO - DAG(s) 'latest_only_with_trigger' retrieved from /Users/paulamedina/venv/lib/python3.12/site-packages/airflow/example_dags/example_latest_only_with_trigger.py
[2024-05-06T20:05:04.125-0500] {logging_mixin.py:188} INFO - [2024-05-06T20:05:04.125-0500] {dag.py:3096} INFO - Sync 1 DAGs
[2024-05-06T20:05:04.137-0500] {logging_mixin.py:188} INFO - [2024-05-06T20:05:04.137-0500] {dag.py:3954} INFO - Setting next_dagrun for latest_only_with_trigger to 2024-05-06 20:00:00+00:00, run_after=2024-05-07 00:00:00+00:00
[2024-05-06T20:05:04.151-0500] {processor.py:183} INFO - Processing /Users/paulamedina/venv/lib/python3.12/site-packages/airflow/example_dags/example_latest_only_with_trigger.py took 0.111 seconds
[2024-05-06T20:08:34.553-0500] {processor.py:161} INFO - Started process (PID=41082) to work on /Users/paulamedina/venv/lib/python3.12/site-packages/airflow/example_dags/example_latest_only_with_trigger.py
[2024-05-06T20:08:34.554-0500] {processor.py:830} INFO - Processing file /Users/paulamedina/venv/lib/python3.12/site-packages/airflow/example_dags/example_latest_only_with_trigger.py for tasks to queue
[2024-05-06T20:08:34.555-0500] {logging_mixin.py:188} INFO - [2024-05-06T20:08:34.555-0500] {dagbag.py:540} INFO - Filling up the DagBag from /Users/paulamedina/venv/lib/python3.12/site-packages/airflow/example_dags/example_latest_only_with_trigger.py
[2024-05-06T20:08:34.563-0500] {processor.py:840} INFO - DAG(s) 'latest_only_with_trigger' retrieved from /Users/paulamedina/venv/lib/python3.12/site-packages/airflow/example_dags/example_latest_only_with_trigger.py
[2024-05-06T20:08:34.652-0500] {logging_mixin.py:188} INFO - [2024-05-06T20:08:34.652-0500] {dag.py:3096} INFO - Sync 1 DAGs
[2024-05-06T20:08:34.666-0500] {logging_mixin.py:188} INFO - [2024-05-06T20:08:34.666-0500] {dag.py:3954} INFO - Setting next_dagrun for latest_only_with_trigger to 2024-05-06 20:00:00+00:00, run_after=2024-05-07 00:00:00+00:00
[2024-05-06T20:08:34.683-0500] {processor.py:183} INFO - Processing /Users/paulamedina/venv/lib/python3.12/site-packages/airflow/example_dags/example_latest_only_with_trigger.py took 0.132 seconds
[2024-05-06T20:11:53.511-0500] {processor.py:161} INFO - Started process (PID=41878) to work on /Users/paulamedina/venv/lib/python3.12/site-packages/airflow/example_dags/example_latest_only_with_trigger.py
[2024-05-06T20:11:53.512-0500] {processor.py:830} INFO - Processing file /Users/paulamedina/venv/lib/python3.12/site-packages/airflow/example_dags/example_latest_only_with_trigger.py for tasks to queue
[2024-05-06T20:11:53.513-0500] {logging_mixin.py:188} INFO - [2024-05-06T20:11:53.513-0500] {dagbag.py:540} INFO - Filling up the DagBag from /Users/paulamedina/venv/lib/python3.12/site-packages/airflow/example_dags/example_latest_only_with_trigger.py
[2024-05-06T20:11:53.520-0500] {processor.py:840} INFO - DAG(s) 'latest_only_with_trigger' retrieved from /Users/paulamedina/venv/lib/python3.12/site-packages/airflow/example_dags/example_latest_only_with_trigger.py
[2024-05-06T20:11:53.597-0500] {logging_mixin.py:188} INFO - [2024-05-06T20:11:53.597-0500] {dag.py:3096} INFO - Sync 1 DAGs
[2024-05-06T20:11:53.610-0500] {logging_mixin.py:188} INFO - [2024-05-06T20:11:53.609-0500] {dag.py:3954} INFO - Setting next_dagrun for latest_only_with_trigger to 2024-05-06 20:00:00+00:00, run_after=2024-05-07 00:00:00+00:00
[2024-05-06T20:11:53.624-0500] {processor.py:183} INFO - Processing /Users/paulamedina/venv/lib/python3.12/site-packages/airflow/example_dags/example_latest_only_with_trigger.py took 0.114 seconds
[2024-05-06T20:15:10.009-0500] {processor.py:161} INFO - Started process (PID=42566) to work on /Users/paulamedina/venv/lib/python3.12/site-packages/airflow/example_dags/example_latest_only_with_trigger.py
[2024-05-06T20:15:10.010-0500] {processor.py:830} INFO - Processing file /Users/paulamedina/venv/lib/python3.12/site-packages/airflow/example_dags/example_latest_only_with_trigger.py for tasks to queue
[2024-05-06T20:15:10.010-0500] {logging_mixin.py:188} INFO - [2024-05-06T20:15:10.010-0500] {dagbag.py:540} INFO - Filling up the DagBag from /Users/paulamedina/venv/lib/python3.12/site-packages/airflow/example_dags/example_latest_only_with_trigger.py
[2024-05-06T20:15:10.018-0500] {processor.py:840} INFO - DAG(s) 'latest_only_with_trigger' retrieved from /Users/paulamedina/venv/lib/python3.12/site-packages/airflow/example_dags/example_latest_only_with_trigger.py
[2024-05-06T20:15:10.098-0500] {logging_mixin.py:188} INFO - [2024-05-06T20:15:10.097-0500] {dag.py:3096} INFO - Sync 1 DAGs
[2024-05-06T20:15:10.110-0500] {logging_mixin.py:188} INFO - [2024-05-06T20:15:10.110-0500] {dag.py:3954} INFO - Setting next_dagrun for latest_only_with_trigger to 2024-05-06 20:00:00+00:00, run_after=2024-05-07 00:00:00+00:00
[2024-05-06T20:15:10.124-0500] {processor.py:183} INFO - Processing /Users/paulamedina/venv/lib/python3.12/site-packages/airflow/example_dags/example_latest_only_with_trigger.py took 0.117 seconds
[2024-05-06T20:18:37.192-0500] {processor.py:161} INFO - Started process (PID=43293) to work on /Users/paulamedina/venv/lib/python3.12/site-packages/airflow/example_dags/example_latest_only_with_trigger.py
[2024-05-06T20:18:37.193-0500] {processor.py:830} INFO - Processing file /Users/paulamedina/venv/lib/python3.12/site-packages/airflow/example_dags/example_latest_only_with_trigger.py for tasks to queue
[2024-05-06T20:18:37.193-0500] {logging_mixin.py:188} INFO - [2024-05-06T20:18:37.193-0500] {dagbag.py:540} INFO - Filling up the DagBag from /Users/paulamedina/venv/lib/python3.12/site-packages/airflow/example_dags/example_latest_only_with_trigger.py
[2024-05-06T20:18:37.201-0500] {processor.py:840} INFO - DAG(s) 'latest_only_with_trigger' retrieved from /Users/paulamedina/venv/lib/python3.12/site-packages/airflow/example_dags/example_latest_only_with_trigger.py
[2024-05-06T20:18:37.278-0500] {logging_mixin.py:188} INFO - [2024-05-06T20:18:37.278-0500] {dag.py:3096} INFO - Sync 1 DAGs
[2024-05-06T20:18:37.290-0500] {logging_mixin.py:188} INFO - [2024-05-06T20:18:37.290-0500] {dag.py:3954} INFO - Setting next_dagrun for latest_only_with_trigger to 2024-05-06 20:00:00+00:00, run_after=2024-05-07 00:00:00+00:00
[2024-05-06T20:18:37.305-0500] {processor.py:183} INFO - Processing /Users/paulamedina/venv/lib/python3.12/site-packages/airflow/example_dags/example_latest_only_with_trigger.py took 0.115 seconds
[2024-05-06T20:22:06.531-0500] {processor.py:161} INFO - Started process (PID=44046) to work on /Users/paulamedina/venv/lib/python3.12/site-packages/airflow/example_dags/example_latest_only_with_trigger.py
[2024-05-06T20:22:06.532-0500] {processor.py:830} INFO - Processing file /Users/paulamedina/venv/lib/python3.12/site-packages/airflow/example_dags/example_latest_only_with_trigger.py for tasks to queue
[2024-05-06T20:22:06.532-0500] {logging_mixin.py:188} INFO - [2024-05-06T20:22:06.532-0500] {dagbag.py:540} INFO - Filling up the DagBag from /Users/paulamedina/venv/lib/python3.12/site-packages/airflow/example_dags/example_latest_only_with_trigger.py
[2024-05-06T20:22:06.541-0500] {processor.py:840} INFO - DAG(s) 'latest_only_with_trigger' retrieved from /Users/paulamedina/venv/lib/python3.12/site-packages/airflow/example_dags/example_latest_only_with_trigger.py
[2024-05-06T20:22:06.629-0500] {logging_mixin.py:188} INFO - [2024-05-06T20:22:06.629-0500] {dag.py:3096} INFO - Sync 1 DAGs
[2024-05-06T20:22:06.643-0500] {logging_mixin.py:188} INFO - [2024-05-06T20:22:06.643-0500] {dag.py:3954} INFO - Setting next_dagrun for latest_only_with_trigger to 2024-05-06 20:00:00+00:00, run_after=2024-05-07 00:00:00+00:00
[2024-05-06T20:22:06.659-0500] {processor.py:183} INFO - Processing /Users/paulamedina/venv/lib/python3.12/site-packages/airflow/example_dags/example_latest_only_with_trigger.py took 0.131 seconds
[2024-05-06T20:25:27.689-0500] {processor.py:161} INFO - Started process (PID=44757) to work on /Users/paulamedina/venv/lib/python3.12/site-packages/airflow/example_dags/example_latest_only_with_trigger.py
[2024-05-06T20:25:27.690-0500] {processor.py:830} INFO - Processing file /Users/paulamedina/venv/lib/python3.12/site-packages/airflow/example_dags/example_latest_only_with_trigger.py for tasks to queue
[2024-05-06T20:25:27.691-0500] {logging_mixin.py:188} INFO - [2024-05-06T20:25:27.691-0500] {dagbag.py:540} INFO - Filling up the DagBag from /Users/paulamedina/venv/lib/python3.12/site-packages/airflow/example_dags/example_latest_only_with_trigger.py
[2024-05-06T20:25:27.699-0500] {processor.py:840} INFO - DAG(s) 'latest_only_with_trigger' retrieved from /Users/paulamedina/venv/lib/python3.12/site-packages/airflow/example_dags/example_latest_only_with_trigger.py
[2024-05-06T20:25:27.788-0500] {logging_mixin.py:188} INFO - [2024-05-06T20:25:27.787-0500] {dag.py:3096} INFO - Sync 1 DAGs
[2024-05-06T20:25:27.802-0500] {logging_mixin.py:188} INFO - [2024-05-06T20:25:27.802-0500] {dag.py:3954} INFO - Setting next_dagrun for latest_only_with_trigger to 2024-05-06 20:00:00+00:00, run_after=2024-05-07 00:00:00+00:00
[2024-05-06T20:25:27.818-0500] {processor.py:183} INFO - Processing /Users/paulamedina/venv/lib/python3.12/site-packages/airflow/example_dags/example_latest_only_with_trigger.py took 0.131 seconds
[2024-05-06T20:28:54.180-0500] {processor.py:161} INFO - Started process (PID=45578) to work on /Users/paulamedina/venv/lib/python3.12/site-packages/airflow/example_dags/example_latest_only_with_trigger.py
[2024-05-06T20:28:54.181-0500] {processor.py:830} INFO - Processing file /Users/paulamedina/venv/lib/python3.12/site-packages/airflow/example_dags/example_latest_only_with_trigger.py for tasks to queue
[2024-05-06T20:28:54.181-0500] {logging_mixin.py:188} INFO - [2024-05-06T20:28:54.181-0500] {dagbag.py:540} INFO - Filling up the DagBag from /Users/paulamedina/venv/lib/python3.12/site-packages/airflow/example_dags/example_latest_only_with_trigger.py
[2024-05-06T20:28:54.190-0500] {processor.py:840} INFO - DAG(s) 'latest_only_with_trigger' retrieved from /Users/paulamedina/venv/lib/python3.12/site-packages/airflow/example_dags/example_latest_only_with_trigger.py
[2024-05-06T20:28:54.279-0500] {logging_mixin.py:188} INFO - [2024-05-06T20:28:54.279-0500] {dag.py:3096} INFO - Sync 1 DAGs
[2024-05-06T20:28:54.294-0500] {logging_mixin.py:188} INFO - [2024-05-06T20:28:54.294-0500] {dag.py:3954} INFO - Setting next_dagrun for latest_only_with_trigger to 2024-05-06 20:00:00+00:00, run_after=2024-05-07 00:00:00+00:00
[2024-05-06T20:28:54.311-0500] {processor.py:183} INFO - Processing /Users/paulamedina/venv/lib/python3.12/site-packages/airflow/example_dags/example_latest_only_with_trigger.py took 0.133 seconds
[2024-05-06T20:32:17.594-0500] {processor.py:161} INFO - Started process (PID=46323) to work on /Users/paulamedina/venv/lib/python3.12/site-packages/airflow/example_dags/example_latest_only_with_trigger.py
[2024-05-06T20:32:17.595-0500] {processor.py:830} INFO - Processing file /Users/paulamedina/venv/lib/python3.12/site-packages/airflow/example_dags/example_latest_only_with_trigger.py for tasks to queue
[2024-05-06T20:32:17.596-0500] {logging_mixin.py:188} INFO - [2024-05-06T20:32:17.595-0500] {dagbag.py:540} INFO - Filling up the DagBag from /Users/paulamedina/venv/lib/python3.12/site-packages/airflow/example_dags/example_latest_only_with_trigger.py
[2024-05-06T20:32:17.603-0500] {processor.py:840} INFO - DAG(s) 'latest_only_with_trigger' retrieved from /Users/paulamedina/venv/lib/python3.12/site-packages/airflow/example_dags/example_latest_only_with_trigger.py
[2024-05-06T20:32:17.679-0500] {logging_mixin.py:188} INFO - [2024-05-06T20:32:17.679-0500] {dag.py:3096} INFO - Sync 1 DAGs
[2024-05-06T20:32:17.692-0500] {logging_mixin.py:188} INFO - [2024-05-06T20:32:17.691-0500] {dag.py:3954} INFO - Setting next_dagrun for latest_only_with_trigger to 2024-05-06 20:00:00+00:00, run_after=2024-05-07 00:00:00+00:00
[2024-05-06T20:32:17.706-0500] {processor.py:183} INFO - Processing /Users/paulamedina/venv/lib/python3.12/site-packages/airflow/example_dags/example_latest_only_with_trigger.py took 0.114 seconds
[2024-05-06T20:35:40.282-0500] {processor.py:161} INFO - Started process (PID=47039) to work on /Users/paulamedina/venv/lib/python3.12/site-packages/airflow/example_dags/example_latest_only_with_trigger.py
[2024-05-06T20:35:40.283-0500] {processor.py:830} INFO - Processing file /Users/paulamedina/venv/lib/python3.12/site-packages/airflow/example_dags/example_latest_only_with_trigger.py for tasks to queue
[2024-05-06T20:35:40.284-0500] {logging_mixin.py:188} INFO - [2024-05-06T20:35:40.283-0500] {dagbag.py:540} INFO - Filling up the DagBag from /Users/paulamedina/venv/lib/python3.12/site-packages/airflow/example_dags/example_latest_only_with_trigger.py
[2024-05-06T20:35:40.291-0500] {processor.py:840} INFO - DAG(s) 'latest_only_with_trigger' retrieved from /Users/paulamedina/venv/lib/python3.12/site-packages/airflow/example_dags/example_latest_only_with_trigger.py
[2024-05-06T20:35:40.366-0500] {logging_mixin.py:188} INFO - [2024-05-06T20:35:40.366-0500] {dag.py:3096} INFO - Sync 1 DAGs
[2024-05-06T20:35:40.379-0500] {logging_mixin.py:188} INFO - [2024-05-06T20:35:40.378-0500] {dag.py:3954} INFO - Setting next_dagrun for latest_only_with_trigger to 2024-05-06 20:00:00+00:00, run_after=2024-05-07 00:00:00+00:00
[2024-05-06T20:35:40.392-0500] {processor.py:183} INFO - Processing /Users/paulamedina/venv/lib/python3.12/site-packages/airflow/example_dags/example_latest_only_with_trigger.py took 0.112 seconds
[2024-05-06T20:38:57.576-0500] {processor.py:161} INFO - Started process (PID=47739) to work on /Users/paulamedina/venv/lib/python3.12/site-packages/airflow/example_dags/example_latest_only_with_trigger.py
[2024-05-06T20:38:57.577-0500] {processor.py:830} INFO - Processing file /Users/paulamedina/venv/lib/python3.12/site-packages/airflow/example_dags/example_latest_only_with_trigger.py for tasks to queue
[2024-05-06T20:38:57.578-0500] {logging_mixin.py:188} INFO - [2024-05-06T20:38:57.578-0500] {dagbag.py:540} INFO - Filling up the DagBag from /Users/paulamedina/venv/lib/python3.12/site-packages/airflow/example_dags/example_latest_only_with_trigger.py
[2024-05-06T20:38:57.587-0500] {processor.py:840} INFO - DAG(s) 'latest_only_with_trigger' retrieved from /Users/paulamedina/venv/lib/python3.12/site-packages/airflow/example_dags/example_latest_only_with_trigger.py
[2024-05-06T20:38:57.675-0500] {logging_mixin.py:188} INFO - [2024-05-06T20:38:57.675-0500] {dag.py:3096} INFO - Sync 1 DAGs
[2024-05-06T20:38:57.690-0500] {logging_mixin.py:188} INFO - [2024-05-06T20:38:57.689-0500] {dag.py:3954} INFO - Setting next_dagrun for latest_only_with_trigger to 2024-05-06 20:00:00+00:00, run_after=2024-05-07 00:00:00+00:00
[2024-05-06T20:38:57.705-0500] {processor.py:183} INFO - Processing /Users/paulamedina/venv/lib/python3.12/site-packages/airflow/example_dags/example_latest_only_with_trigger.py took 0.131 seconds
[2024-05-06T20:42:26.511-0500] {processor.py:161} INFO - Started process (PID=48488) to work on /Users/paulamedina/venv/lib/python3.12/site-packages/airflow/example_dags/example_latest_only_with_trigger.py
[2024-05-06T20:42:26.511-0500] {processor.py:830} INFO - Processing file /Users/paulamedina/venv/lib/python3.12/site-packages/airflow/example_dags/example_latest_only_with_trigger.py for tasks to queue
[2024-05-06T20:42:26.512-0500] {logging_mixin.py:188} INFO - [2024-05-06T20:42:26.512-0500] {dagbag.py:540} INFO - Filling up the DagBag from /Users/paulamedina/venv/lib/python3.12/site-packages/airflow/example_dags/example_latest_only_with_trigger.py
[2024-05-06T20:42:26.520-0500] {processor.py:840} INFO - DAG(s) 'latest_only_with_trigger' retrieved from /Users/paulamedina/venv/lib/python3.12/site-packages/airflow/example_dags/example_latest_only_with_trigger.py
[2024-05-06T20:42:26.600-0500] {logging_mixin.py:188} INFO - [2024-05-06T20:42:26.599-0500] {dag.py:3096} INFO - Sync 1 DAGs
[2024-05-06T20:42:26.614-0500] {logging_mixin.py:188} INFO - [2024-05-06T20:42:26.614-0500] {dag.py:3954} INFO - Setting next_dagrun for latest_only_with_trigger to 2024-05-06 20:00:00+00:00, run_after=2024-05-07 00:00:00+00:00
[2024-05-06T20:42:26.631-0500] {processor.py:183} INFO - Processing /Users/paulamedina/venv/lib/python3.12/site-packages/airflow/example_dags/example_latest_only_with_trigger.py took 0.122 seconds
[2024-05-06T20:45:51.087-0500] {processor.py:161} INFO - Started process (PID=49209) to work on /Users/paulamedina/venv/lib/python3.12/site-packages/airflow/example_dags/example_latest_only_with_trigger.py
[2024-05-06T20:45:51.088-0500] {processor.py:830} INFO - Processing file /Users/paulamedina/venv/lib/python3.12/site-packages/airflow/example_dags/example_latest_only_with_trigger.py for tasks to queue
[2024-05-06T20:45:51.089-0500] {logging_mixin.py:188} INFO - [2024-05-06T20:45:51.088-0500] {dagbag.py:540} INFO - Filling up the DagBag from /Users/paulamedina/venv/lib/python3.12/site-packages/airflow/example_dags/example_latest_only_with_trigger.py
[2024-05-06T20:45:51.096-0500] {processor.py:840} INFO - DAG(s) 'latest_only_with_trigger' retrieved from /Users/paulamedina/venv/lib/python3.12/site-packages/airflow/example_dags/example_latest_only_with_trigger.py
[2024-05-06T20:45:51.171-0500] {logging_mixin.py:188} INFO - [2024-05-06T20:45:51.171-0500] {dag.py:3096} INFO - Sync 1 DAGs
[2024-05-06T20:45:51.184-0500] {logging_mixin.py:188} INFO - [2024-05-06T20:45:51.184-0500] {dag.py:3954} INFO - Setting next_dagrun for latest_only_with_trigger to 2024-05-06 20:00:00+00:00, run_after=2024-05-07 00:00:00+00:00
[2024-05-06T20:45:51.198-0500] {processor.py:183} INFO - Processing /Users/paulamedina/venv/lib/python3.12/site-packages/airflow/example_dags/example_latest_only_with_trigger.py took 0.113 seconds
[2024-05-06T20:49:21.316-0500] {processor.py:161} INFO - Started process (PID=50050) to work on /Users/paulamedina/venv/lib/python3.12/site-packages/airflow/example_dags/example_latest_only_with_trigger.py
[2024-05-06T20:49:21.317-0500] {processor.py:830} INFO - Processing file /Users/paulamedina/venv/lib/python3.12/site-packages/airflow/example_dags/example_latest_only_with_trigger.py for tasks to queue
[2024-05-06T20:49:21.318-0500] {logging_mixin.py:188} INFO - [2024-05-06T20:49:21.317-0500] {dagbag.py:540} INFO - Filling up the DagBag from /Users/paulamedina/venv/lib/python3.12/site-packages/airflow/example_dags/example_latest_only_with_trigger.py
[2024-05-06T20:49:21.327-0500] {processor.py:840} INFO - DAG(s) 'latest_only_with_trigger' retrieved from /Users/paulamedina/venv/lib/python3.12/site-packages/airflow/example_dags/example_latest_only_with_trigger.py
[2024-05-06T20:49:21.417-0500] {logging_mixin.py:188} INFO - [2024-05-06T20:49:21.417-0500] {dag.py:3096} INFO - Sync 1 DAGs
[2024-05-06T20:49:21.431-0500] {logging_mixin.py:188} INFO - [2024-05-06T20:49:21.431-0500] {dag.py:3954} INFO - Setting next_dagrun for latest_only_with_trigger to 2024-05-06 20:00:00+00:00, run_after=2024-05-07 00:00:00+00:00
[2024-05-06T20:49:21.447-0500] {processor.py:183} INFO - Processing /Users/paulamedina/venv/lib/python3.12/site-packages/airflow/example_dags/example_latest_only_with_trigger.py took 0.134 seconds
[2024-05-06T20:52:52.811-0500] {processor.py:161} INFO - Started process (PID=50790) to work on /Users/paulamedina/venv/lib/python3.12/site-packages/airflow/example_dags/example_latest_only_with_trigger.py
[2024-05-06T20:52:52.811-0500] {processor.py:830} INFO - Processing file /Users/paulamedina/venv/lib/python3.12/site-packages/airflow/example_dags/example_latest_only_with_trigger.py for tasks to queue
[2024-05-06T20:52:52.812-0500] {logging_mixin.py:188} INFO - [2024-05-06T20:52:52.812-0500] {dagbag.py:540} INFO - Filling up the DagBag from /Users/paulamedina/venv/lib/python3.12/site-packages/airflow/example_dags/example_latest_only_with_trigger.py
[2024-05-06T20:52:52.820-0500] {processor.py:840} INFO - DAG(s) 'latest_only_with_trigger' retrieved from /Users/paulamedina/venv/lib/python3.12/site-packages/airflow/example_dags/example_latest_only_with_trigger.py
[2024-05-06T20:52:52.898-0500] {logging_mixin.py:188} INFO - [2024-05-06T20:52:52.898-0500] {dag.py:3096} INFO - Sync 1 DAGs
[2024-05-06T20:52:52.911-0500] {logging_mixin.py:188} INFO - [2024-05-06T20:52:52.911-0500] {dag.py:3954} INFO - Setting next_dagrun for latest_only_with_trigger to 2024-05-06 20:00:00+00:00, run_after=2024-05-07 00:00:00+00:00
[2024-05-06T20:52:52.930-0500] {processor.py:183} INFO - Processing /Users/paulamedina/venv/lib/python3.12/site-packages/airflow/example_dags/example_latest_only_with_trigger.py took 0.122 seconds
[2024-05-06T20:56:17.843-0500] {processor.py:161} INFO - Started process (PID=51513) to work on /Users/paulamedina/venv/lib/python3.12/site-packages/airflow/example_dags/example_latest_only_with_trigger.py
[2024-05-06T20:56:17.844-0500] {processor.py:830} INFO - Processing file /Users/paulamedina/venv/lib/python3.12/site-packages/airflow/example_dags/example_latest_only_with_trigger.py for tasks to queue
[2024-05-06T20:56:17.844-0500] {logging_mixin.py:188} INFO - [2024-05-06T20:56:17.844-0500] {dagbag.py:540} INFO - Filling up the DagBag from /Users/paulamedina/venv/lib/python3.12/site-packages/airflow/example_dags/example_latest_only_with_trigger.py
[2024-05-06T20:56:17.852-0500] {processor.py:840} INFO - DAG(s) 'latest_only_with_trigger' retrieved from /Users/paulamedina/venv/lib/python3.12/site-packages/airflow/example_dags/example_latest_only_with_trigger.py
[2024-05-06T20:56:17.933-0500] {logging_mixin.py:188} INFO - [2024-05-06T20:56:17.933-0500] {dag.py:3096} INFO - Sync 1 DAGs
[2024-05-06T20:56:17.947-0500] {logging_mixin.py:188} INFO - [2024-05-06T20:56:17.947-0500] {dag.py:3954} INFO - Setting next_dagrun for latest_only_with_trigger to 2024-05-06 20:00:00+00:00, run_after=2024-05-07 00:00:00+00:00
[2024-05-06T20:56:17.963-0500] {processor.py:183} INFO - Processing /Users/paulamedina/venv/lib/python3.12/site-packages/airflow/example_dags/example_latest_only_with_trigger.py took 0.122 seconds
[2024-05-06T20:59:52.722-0500] {processor.py:161} INFO - Started process (PID=52277) to work on /Users/paulamedina/venv/lib/python3.12/site-packages/airflow/example_dags/example_latest_only_with_trigger.py
[2024-05-06T20:59:52.723-0500] {processor.py:830} INFO - Processing file /Users/paulamedina/venv/lib/python3.12/site-packages/airflow/example_dags/example_latest_only_with_trigger.py for tasks to queue
[2024-05-06T20:59:52.723-0500] {logging_mixin.py:188} INFO - [2024-05-06T20:59:52.723-0500] {dagbag.py:540} INFO - Filling up the DagBag from /Users/paulamedina/venv/lib/python3.12/site-packages/airflow/example_dags/example_latest_only_with_trigger.py
[2024-05-06T20:59:52.732-0500] {processor.py:840} INFO - DAG(s) 'latest_only_with_trigger' retrieved from /Users/paulamedina/venv/lib/python3.12/site-packages/airflow/example_dags/example_latest_only_with_trigger.py
[2024-05-06T20:59:52.819-0500] {logging_mixin.py:188} INFO - [2024-05-06T20:59:52.818-0500] {dag.py:3096} INFO - Sync 1 DAGs
[2024-05-06T20:59:52.833-0500] {logging_mixin.py:188} INFO - [2024-05-06T20:59:52.833-0500] {dag.py:3954} INFO - Setting next_dagrun for latest_only_with_trigger to 2024-05-06 20:00:00+00:00, run_after=2024-05-07 00:00:00+00:00
[2024-05-06T20:59:52.849-0500] {processor.py:183} INFO - Processing /Users/paulamedina/venv/lib/python3.12/site-packages/airflow/example_dags/example_latest_only_with_trigger.py took 0.129 seconds
[2024-05-06T21:03:42.539-0500] {processor.py:161} INFO - Started process (PID=53222) to work on /Users/paulamedina/venv/lib/python3.12/site-packages/airflow/example_dags/example_latest_only_with_trigger.py
[2024-05-06T21:03:42.540-0500] {processor.py:830} INFO - Processing file /Users/paulamedina/venv/lib/python3.12/site-packages/airflow/example_dags/example_latest_only_with_trigger.py for tasks to queue
[2024-05-06T21:03:42.540-0500] {logging_mixin.py:188} INFO - [2024-05-06T21:03:42.540-0500] {dagbag.py:540} INFO - Filling up the DagBag from /Users/paulamedina/venv/lib/python3.12/site-packages/airflow/example_dags/example_latest_only_with_trigger.py
[2024-05-06T21:03:42.549-0500] {processor.py:840} INFO - DAG(s) 'latest_only_with_trigger' retrieved from /Users/paulamedina/venv/lib/python3.12/site-packages/airflow/example_dags/example_latest_only_with_trigger.py
[2024-05-06T21:03:42.640-0500] {logging_mixin.py:188} INFO - [2024-05-06T21:03:42.639-0500] {dag.py:3096} INFO - Sync 1 DAGs
[2024-05-06T21:03:42.655-0500] {logging_mixin.py:188} INFO - [2024-05-06T21:03:42.655-0500] {dag.py:3954} INFO - Setting next_dagrun for latest_only_with_trigger to 2024-05-06 20:00:00+00:00, run_after=2024-05-07 00:00:00+00:00
[2024-05-06T21:03:42.673-0500] {processor.py:183} INFO - Processing /Users/paulamedina/venv/lib/python3.12/site-packages/airflow/example_dags/example_latest_only_with_trigger.py took 0.136 seconds
[2024-05-06T21:07:05.434-0500] {processor.py:161} INFO - Started process (PID=54031) to work on /Users/paulamedina/venv/lib/python3.12/site-packages/airflow/example_dags/example_latest_only_with_trigger.py
[2024-05-06T21:07:05.435-0500] {processor.py:830} INFO - Processing file /Users/paulamedina/venv/lib/python3.12/site-packages/airflow/example_dags/example_latest_only_with_trigger.py for tasks to queue
[2024-05-06T21:07:05.435-0500] {logging_mixin.py:188} INFO - [2024-05-06T21:07:05.435-0500] {dagbag.py:540} INFO - Filling up the DagBag from /Users/paulamedina/venv/lib/python3.12/site-packages/airflow/example_dags/example_latest_only_with_trigger.py
[2024-05-06T21:07:05.443-0500] {processor.py:840} INFO - DAG(s) 'latest_only_with_trigger' retrieved from /Users/paulamedina/venv/lib/python3.12/site-packages/airflow/example_dags/example_latest_only_with_trigger.py
[2024-05-06T21:07:05.519-0500] {logging_mixin.py:188} INFO - [2024-05-06T21:07:05.519-0500] {dag.py:3096} INFO - Sync 1 DAGs
[2024-05-06T21:07:05.531-0500] {logging_mixin.py:188} INFO - [2024-05-06T21:07:05.531-0500] {dag.py:3954} INFO - Setting next_dagrun for latest_only_with_trigger to 2024-05-06 20:00:00+00:00, run_after=2024-05-07 00:00:00+00:00
[2024-05-06T21:07:05.546-0500] {processor.py:183} INFO - Processing /Users/paulamedina/venv/lib/python3.12/site-packages/airflow/example_dags/example_latest_only_with_trigger.py took 0.113 seconds
[2024-05-06T21:10:29.007-0500] {processor.py:161} INFO - Started process (PID=54740) to work on /Users/paulamedina/venv/lib/python3.12/site-packages/airflow/example_dags/example_latest_only_with_trigger.py
[2024-05-06T21:10:29.008-0500] {processor.py:830} INFO - Processing file /Users/paulamedina/venv/lib/python3.12/site-packages/airflow/example_dags/example_latest_only_with_trigger.py for tasks to queue
[2024-05-06T21:10:29.009-0500] {logging_mixin.py:188} INFO - [2024-05-06T21:10:29.009-0500] {dagbag.py:540} INFO - Filling up the DagBag from /Users/paulamedina/venv/lib/python3.12/site-packages/airflow/example_dags/example_latest_only_with_trigger.py
[2024-05-06T21:10:29.018-0500] {processor.py:840} INFO - DAG(s) 'latest_only_with_trigger' retrieved from /Users/paulamedina/venv/lib/python3.12/site-packages/airflow/example_dags/example_latest_only_with_trigger.py
[2024-05-06T21:10:29.105-0500] {logging_mixin.py:188} INFO - [2024-05-06T21:10:29.104-0500] {dag.py:3096} INFO - Sync 1 DAGs
[2024-05-06T21:10:29.117-0500] {logging_mixin.py:188} INFO - [2024-05-06T21:10:29.117-0500] {dag.py:3954} INFO - Setting next_dagrun for latest_only_with_trigger to 2024-05-06 20:00:00+00:00, run_after=2024-05-07 00:00:00+00:00
[2024-05-06T21:10:29.131-0500] {processor.py:183} INFO - Processing /Users/paulamedina/venv/lib/python3.12/site-packages/airflow/example_dags/example_latest_only_with_trigger.py took 0.127 seconds
[2024-05-06T21:13:55.269-0500] {processor.py:161} INFO - Started process (PID=55477) to work on /Users/paulamedina/venv/lib/python3.12/site-packages/airflow/example_dags/example_latest_only_with_trigger.py
[2024-05-06T21:13:55.270-0500] {processor.py:830} INFO - Processing file /Users/paulamedina/venv/lib/python3.12/site-packages/airflow/example_dags/example_latest_only_with_trigger.py for tasks to queue
[2024-05-06T21:13:55.270-0500] {logging_mixin.py:188} INFO - [2024-05-06T21:13:55.270-0500] {dagbag.py:540} INFO - Filling up the DagBag from /Users/paulamedina/venv/lib/python3.12/site-packages/airflow/example_dags/example_latest_only_with_trigger.py
[2024-05-06T21:13:55.278-0500] {processor.py:840} INFO - DAG(s) 'latest_only_with_trigger' retrieved from /Users/paulamedina/venv/lib/python3.12/site-packages/airflow/example_dags/example_latest_only_with_trigger.py
[2024-05-06T21:13:55.355-0500] {logging_mixin.py:188} INFO - [2024-05-06T21:13:55.355-0500] {dag.py:3096} INFO - Sync 1 DAGs
[2024-05-06T21:13:55.367-0500] {logging_mixin.py:188} INFO - [2024-05-06T21:13:55.367-0500] {dag.py:3954} INFO - Setting next_dagrun for latest_only_with_trigger to 2024-05-06 20:00:00+00:00, run_after=2024-05-07 00:00:00+00:00
[2024-05-06T21:13:55.382-0500] {processor.py:183} INFO - Processing /Users/paulamedina/venv/lib/python3.12/site-packages/airflow/example_dags/example_latest_only_with_trigger.py took 0.115 seconds
[2024-05-06T21:17:23.860-0500] {processor.py:161} INFO - Started process (PID=56210) to work on /Users/paulamedina/venv/lib/python3.12/site-packages/airflow/example_dags/example_latest_only_with_trigger.py
[2024-05-06T21:17:23.861-0500] {processor.py:830} INFO - Processing file /Users/paulamedina/venv/lib/python3.12/site-packages/airflow/example_dags/example_latest_only_with_trigger.py for tasks to queue
[2024-05-06T21:17:23.861-0500] {logging_mixin.py:188} INFO - [2024-05-06T21:17:23.861-0500] {dagbag.py:540} INFO - Filling up the DagBag from /Users/paulamedina/venv/lib/python3.12/site-packages/airflow/example_dags/example_latest_only_with_trigger.py
[2024-05-06T21:17:23.869-0500] {processor.py:840} INFO - DAG(s) 'latest_only_with_trigger' retrieved from /Users/paulamedina/venv/lib/python3.12/site-packages/airflow/example_dags/example_latest_only_with_trigger.py
[2024-05-06T21:17:23.947-0500] {logging_mixin.py:188} INFO - [2024-05-06T21:17:23.947-0500] {dag.py:3096} INFO - Sync 1 DAGs
[2024-05-06T21:17:23.959-0500] {logging_mixin.py:188} INFO - [2024-05-06T21:17:23.959-0500] {dag.py:3954} INFO - Setting next_dagrun for latest_only_with_trigger to 2024-05-06 20:00:00+00:00, run_after=2024-05-07 00:00:00+00:00
[2024-05-06T21:17:23.973-0500] {processor.py:183} INFO - Processing /Users/paulamedina/venv/lib/python3.12/site-packages/airflow/example_dags/example_latest_only_with_trigger.py took 0.115 seconds
[2024-05-06T21:20:55.408-0500] {processor.py:161} INFO - Started process (PID=57056) to work on /Users/paulamedina/venv/lib/python3.12/site-packages/airflow/example_dags/example_latest_only_with_trigger.py
[2024-05-06T21:20:55.409-0500] {processor.py:830} INFO - Processing file /Users/paulamedina/venv/lib/python3.12/site-packages/airflow/example_dags/example_latest_only_with_trigger.py for tasks to queue
[2024-05-06T21:20:55.409-0500] {logging_mixin.py:188} INFO - [2024-05-06T21:20:55.409-0500] {dagbag.py:540} INFO - Filling up the DagBag from /Users/paulamedina/venv/lib/python3.12/site-packages/airflow/example_dags/example_latest_only_with_trigger.py
[2024-05-06T21:20:55.418-0500] {processor.py:840} INFO - DAG(s) 'latest_only_with_trigger' retrieved from /Users/paulamedina/venv/lib/python3.12/site-packages/airflow/example_dags/example_latest_only_with_trigger.py
[2024-05-06T21:20:55.504-0500] {logging_mixin.py:188} INFO - [2024-05-06T21:20:55.504-0500] {dag.py:3096} INFO - Sync 1 DAGs
[2024-05-06T21:20:55.518-0500] {logging_mixin.py:188} INFO - [2024-05-06T21:20:55.518-0500] {dag.py:3954} INFO - Setting next_dagrun for latest_only_with_trigger to 2024-05-06 20:00:00+00:00, run_after=2024-05-07 00:00:00+00:00
[2024-05-06T21:20:55.534-0500] {processor.py:183} INFO - Processing /Users/paulamedina/venv/lib/python3.12/site-packages/airflow/example_dags/example_latest_only_with_trigger.py took 0.129 seconds
[2024-05-06T21:24:25.880-0500] {processor.py:161} INFO - Started process (PID=57786) to work on /Users/paulamedina/venv/lib/python3.12/site-packages/airflow/example_dags/example_latest_only_with_trigger.py
[2024-05-06T21:24:25.881-0500] {processor.py:830} INFO - Processing file /Users/paulamedina/venv/lib/python3.12/site-packages/airflow/example_dags/example_latest_only_with_trigger.py for tasks to queue
[2024-05-06T21:24:25.881-0500] {logging_mixin.py:188} INFO - [2024-05-06T21:24:25.881-0500] {dagbag.py:540} INFO - Filling up the DagBag from /Users/paulamedina/venv/lib/python3.12/site-packages/airflow/example_dags/example_latest_only_with_trigger.py
[2024-05-06T21:24:25.889-0500] {processor.py:840} INFO - DAG(s) 'latest_only_with_trigger' retrieved from /Users/paulamedina/venv/lib/python3.12/site-packages/airflow/example_dags/example_latest_only_with_trigger.py
[2024-05-06T21:24:25.964-0500] {logging_mixin.py:188} INFO - [2024-05-06T21:24:25.964-0500] {dag.py:3096} INFO - Sync 1 DAGs
[2024-05-06T21:24:25.976-0500] {logging_mixin.py:188} INFO - [2024-05-06T21:24:25.976-0500] {dag.py:3954} INFO - Setting next_dagrun for latest_only_with_trigger to 2024-05-06 20:00:00+00:00, run_after=2024-05-07 00:00:00+00:00
[2024-05-06T21:24:25.991-0500] {processor.py:183} INFO - Processing /Users/paulamedina/venv/lib/python3.12/site-packages/airflow/example_dags/example_latest_only_with_trigger.py took 0.113 seconds
[2024-05-06T21:27:57.154-0500] {processor.py:161} INFO - Started process (PID=58527) to work on /Users/paulamedina/venv/lib/python3.12/site-packages/airflow/example_dags/example_latest_only_with_trigger.py
[2024-05-06T21:27:57.155-0500] {processor.py:830} INFO - Processing file /Users/paulamedina/venv/lib/python3.12/site-packages/airflow/example_dags/example_latest_only_with_trigger.py for tasks to queue
[2024-05-06T21:27:57.156-0500] {logging_mixin.py:188} INFO - [2024-05-06T21:27:57.156-0500] {dagbag.py:540} INFO - Filling up the DagBag from /Users/paulamedina/venv/lib/python3.12/site-packages/airflow/example_dags/example_latest_only_with_trigger.py
[2024-05-06T21:27:57.163-0500] {processor.py:840} INFO - DAG(s) 'latest_only_with_trigger' retrieved from /Users/paulamedina/venv/lib/python3.12/site-packages/airflow/example_dags/example_latest_only_with_trigger.py
[2024-05-06T21:27:57.239-0500] {logging_mixin.py:188} INFO - [2024-05-06T21:27:57.239-0500] {dag.py:3096} INFO - Sync 1 DAGs
[2024-05-06T21:27:57.251-0500] {logging_mixin.py:188} INFO - [2024-05-06T21:27:57.251-0500] {dag.py:3954} INFO - Setting next_dagrun for latest_only_with_trigger to 2024-05-06 20:00:00+00:00, run_after=2024-05-07 00:00:00+00:00
[2024-05-06T21:27:57.264-0500] {processor.py:183} INFO - Processing /Users/paulamedina/venv/lib/python3.12/site-packages/airflow/example_dags/example_latest_only_with_trigger.py took 0.112 seconds
[2024-05-06T21:32:08.870-0500] {processor.py:161} INFO - Started process (PID=59460) to work on /Users/paulamedina/venv/lib/python3.12/site-packages/airflow/example_dags/example_latest_only_with_trigger.py
[2024-05-06T21:32:08.871-0500] {processor.py:830} INFO - Processing file /Users/paulamedina/venv/lib/python3.12/site-packages/airflow/example_dags/example_latest_only_with_trigger.py for tasks to queue
[2024-05-06T21:32:08.871-0500] {logging_mixin.py:188} INFO - [2024-05-06T21:32:08.871-0500] {dagbag.py:540} INFO - Filling up the DagBag from /Users/paulamedina/venv/lib/python3.12/site-packages/airflow/example_dags/example_latest_only_with_trigger.py
[2024-05-06T21:32:08.882-0500] {processor.py:840} INFO - DAG(s) 'latest_only_with_trigger' retrieved from /Users/paulamedina/venv/lib/python3.12/site-packages/airflow/example_dags/example_latest_only_with_trigger.py
[2024-05-06T21:32:08.984-0500] {logging_mixin.py:188} INFO - [2024-05-06T21:32:08.983-0500] {dag.py:3096} INFO - Sync 1 DAGs
[2024-05-06T21:32:09.002-0500] {logging_mixin.py:188} INFO - [2024-05-06T21:32:09.002-0500] {dag.py:3954} INFO - Setting next_dagrun for latest_only_with_trigger to 2024-05-06 20:00:00+00:00, run_after=2024-05-07 00:00:00+00:00
[2024-05-06T21:32:09.021-0500] {processor.py:183} INFO - Processing /Users/paulamedina/venv/lib/python3.12/site-packages/airflow/example_dags/example_latest_only_with_trigger.py took 0.154 seconds
[2024-05-06T21:36:50.036-0500] {processor.py:161} INFO - Started process (PID=60523) to work on /Users/paulamedina/venv/lib/python3.12/site-packages/airflow/example_dags/example_latest_only_with_trigger.py
[2024-05-06T21:36:50.037-0500] {processor.py:830} INFO - Processing file /Users/paulamedina/venv/lib/python3.12/site-packages/airflow/example_dags/example_latest_only_with_trigger.py for tasks to queue
[2024-05-06T21:36:50.038-0500] {logging_mixin.py:188} INFO - [2024-05-06T21:36:50.038-0500] {dagbag.py:540} INFO - Filling up the DagBag from /Users/paulamedina/venv/lib/python3.12/site-packages/airflow/example_dags/example_latest_only_with_trigger.py
[2024-05-06T21:36:50.049-0500] {processor.py:840} INFO - DAG(s) 'latest_only_with_trigger' retrieved from /Users/paulamedina/venv/lib/python3.12/site-packages/airflow/example_dags/example_latest_only_with_trigger.py
[2024-05-06T21:36:50.244-0500] {logging_mixin.py:188} INFO - [2024-05-06T21:36:50.244-0500] {dag.py:3096} INFO - Sync 1 DAGs
[2024-05-06T21:36:50.260-0500] {logging_mixin.py:188} INFO - [2024-05-06T21:36:50.259-0500] {dag.py:3954} INFO - Setting next_dagrun for latest_only_with_trigger to 2024-05-06 20:00:00+00:00, run_after=2024-05-07 00:00:00+00:00
[2024-05-06T21:36:50.278-0500] {processor.py:183} INFO - Processing /Users/paulamedina/venv/lib/python3.12/site-packages/airflow/example_dags/example_latest_only_with_trigger.py took 0.244 seconds
[2024-05-06T21:43:45.486-0500] {processor.py:161} INFO - Started process (PID=62060) to work on /Users/paulamedina/venv/lib/python3.12/site-packages/airflow/example_dags/example_latest_only_with_trigger.py
[2024-05-06T21:43:45.488-0500] {processor.py:830} INFO - Processing file /Users/paulamedina/venv/lib/python3.12/site-packages/airflow/example_dags/example_latest_only_with_trigger.py for tasks to queue
[2024-05-06T21:43:45.488-0500] {logging_mixin.py:188} INFO - [2024-05-06T21:43:45.488-0500] {dagbag.py:540} INFO - Filling up the DagBag from /Users/paulamedina/venv/lib/python3.12/site-packages/airflow/example_dags/example_latest_only_with_trigger.py
[2024-05-06T21:43:45.499-0500] {processor.py:840} INFO - DAG(s) 'latest_only_with_trigger' retrieved from /Users/paulamedina/venv/lib/python3.12/site-packages/airflow/example_dags/example_latest_only_with_trigger.py
[2024-05-06T21:43:45.683-0500] {logging_mixin.py:188} INFO - [2024-05-06T21:43:45.682-0500] {override.py:1829} INFO - Created Permission View: can delete on DAG:latest_only_with_trigger
[2024-05-06T21:43:45.689-0500] {logging_mixin.py:188} INFO - [2024-05-06T21:43:45.689-0500] {override.py:1829} INFO - Created Permission View: can read on DAG:latest_only_with_trigger
[2024-05-06T21:43:45.695-0500] {logging_mixin.py:188} INFO - [2024-05-06T21:43:45.694-0500] {override.py:1829} INFO - Created Permission View: can edit on DAG:latest_only_with_trigger
[2024-05-06T21:43:45.695-0500] {logging_mixin.py:188} INFO - [2024-05-06T21:43:45.695-0500] {dag.py:3096} INFO - Sync 1 DAGs
[2024-05-06T21:43:45.704-0500] {logging_mixin.py:188} INFO - [2024-05-06T21:43:45.703-0500] {dag.py:3118} INFO - Creating ORM DAG for latest_only_with_trigger
[2024-05-06T21:43:45.711-0500] {logging_mixin.py:188} INFO - [2024-05-06T21:43:45.711-0500] {dag.py:3954} INFO - Setting next_dagrun for latest_only_with_trigger to 2024-05-06 20:00:00+00:00, run_after=2024-05-07 00:00:00+00:00
[2024-05-06T21:43:45.724-0500] {processor.py:183} INFO - Processing /Users/paulamedina/venv/lib/python3.12/site-packages/airflow/example_dags/example_latest_only_with_trigger.py took 0.241 seconds
[2024-05-06T21:44:40.155-0500] {processor.py:161} INFO - Started process (PID=62297) to work on /Users/paulamedina/venv/lib/python3.12/site-packages/airflow/example_dags/example_latest_only_with_trigger.py
[2024-05-06T21:44:40.157-0500] {processor.py:830} INFO - Processing file /Users/paulamedina/venv/lib/python3.12/site-packages/airflow/example_dags/example_latest_only_with_trigger.py for tasks to queue
[2024-05-06T21:44:40.158-0500] {logging_mixin.py:188} INFO - [2024-05-06T21:44:40.157-0500] {dagbag.py:540} INFO - Filling up the DagBag from /Users/paulamedina/venv/lib/python3.12/site-packages/airflow/example_dags/example_latest_only_with_trigger.py
[2024-05-06T21:44:40.172-0500] {processor.py:840} INFO - DAG(s) 'latest_only_with_trigger' retrieved from /Users/paulamedina/venv/lib/python3.12/site-packages/airflow/example_dags/example_latest_only_with_trigger.py
[2024-05-06T21:44:40.310-0500] {logging_mixin.py:188} INFO - [2024-05-06T21:44:40.310-0500] {dag.py:3096} INFO - Sync 1 DAGs
[2024-05-06T21:44:40.335-0500] {logging_mixin.py:188} INFO - [2024-05-06T21:44:40.335-0500] {dag.py:3954} INFO - Setting next_dagrun for latest_only_with_trigger to 2024-05-06 20:00:00+00:00, run_after=2024-05-07 00:00:00+00:00
[2024-05-06T21:44:40.355-0500] {processor.py:183} INFO - Processing /Users/paulamedina/venv/lib/python3.12/site-packages/airflow/example_dags/example_latest_only_with_trigger.py took 0.204 seconds
[2024-05-06T21:45:42.991-0500] {processor.py:161} INFO - Started process (PID=62544) to work on /Users/paulamedina/venv/lib/python3.12/site-packages/airflow/example_dags/example_latest_only_with_trigger.py
[2024-05-06T21:45:42.992-0500] {processor.py:830} INFO - Processing file /Users/paulamedina/venv/lib/python3.12/site-packages/airflow/example_dags/example_latest_only_with_trigger.py for tasks to queue
[2024-05-06T21:45:42.993-0500] {logging_mixin.py:188} INFO - [2024-05-06T21:45:42.993-0500] {dagbag.py:540} INFO - Filling up the DagBag from /Users/paulamedina/venv/lib/python3.12/site-packages/airflow/example_dags/example_latest_only_with_trigger.py
[2024-05-06T21:45:43.004-0500] {processor.py:840} INFO - DAG(s) 'latest_only_with_trigger' retrieved from /Users/paulamedina/venv/lib/python3.12/site-packages/airflow/example_dags/example_latest_only_with_trigger.py
[2024-05-06T21:45:43.132-0500] {logging_mixin.py:188} INFO - [2024-05-06T21:45:43.132-0500] {dag.py:3096} INFO - Sync 1 DAGs
[2024-05-06T21:45:43.154-0500] {logging_mixin.py:188} INFO - [2024-05-06T21:45:43.153-0500] {dag.py:3954} INFO - Setting next_dagrun for latest_only_with_trigger to 2024-05-06 20:00:00+00:00, run_after=2024-05-07 00:00:00+00:00
[2024-05-06T21:45:43.172-0500] {processor.py:183} INFO - Processing /Users/paulamedina/venv/lib/python3.12/site-packages/airflow/example_dags/example_latest_only_with_trigger.py took 0.184 seconds
[2024-05-06T21:46:43.132-0500] {processor.py:161} INFO - Started process (PID=62782) to work on /Users/paulamedina/venv/lib/python3.12/site-packages/airflow/example_dags/example_latest_only_with_trigger.py
[2024-05-06T21:46:43.133-0500] {processor.py:830} INFO - Processing file /Users/paulamedina/venv/lib/python3.12/site-packages/airflow/example_dags/example_latest_only_with_trigger.py for tasks to queue
[2024-05-06T21:46:43.134-0500] {logging_mixin.py:188} INFO - [2024-05-06T21:46:43.134-0500] {dagbag.py:540} INFO - Filling up the DagBag from /Users/paulamedina/venv/lib/python3.12/site-packages/airflow/example_dags/example_latest_only_with_trigger.py
[2024-05-06T21:46:43.146-0500] {processor.py:840} INFO - DAG(s) 'latest_only_with_trigger' retrieved from /Users/paulamedina/venv/lib/python3.12/site-packages/airflow/example_dags/example_latest_only_with_trigger.py
[2024-05-06T21:46:43.278-0500] {logging_mixin.py:188} INFO - [2024-05-06T21:46:43.278-0500] {dag.py:3096} INFO - Sync 1 DAGs
[2024-05-06T21:46:43.299-0500] {logging_mixin.py:188} INFO - [2024-05-06T21:46:43.299-0500] {dag.py:3954} INFO - Setting next_dagrun for latest_only_with_trigger to 2024-05-06 20:00:00+00:00, run_after=2024-05-07 00:00:00+00:00
[2024-05-06T21:46:43.317-0500] {processor.py:183} INFO - Processing /Users/paulamedina/venv/lib/python3.12/site-packages/airflow/example_dags/example_latest_only_with_trigger.py took 0.189 seconds
[2024-05-06T21:47:47.382-0500] {processor.py:161} INFO - Started process (PID=63043) to work on /Users/paulamedina/venv/lib/python3.12/site-packages/airflow/example_dags/example_latest_only_with_trigger.py
[2024-05-06T21:47:47.383-0500] {processor.py:830} INFO - Processing file /Users/paulamedina/venv/lib/python3.12/site-packages/airflow/example_dags/example_latest_only_with_trigger.py for tasks to queue
[2024-05-06T21:47:47.384-0500] {logging_mixin.py:188} INFO - [2024-05-06T21:47:47.384-0500] {dagbag.py:540} INFO - Filling up the DagBag from /Users/paulamedina/venv/lib/python3.12/site-packages/airflow/example_dags/example_latest_only_with_trigger.py
[2024-05-06T21:47:47.397-0500] {processor.py:840} INFO - DAG(s) 'latest_only_with_trigger' retrieved from /Users/paulamedina/venv/lib/python3.12/site-packages/airflow/example_dags/example_latest_only_with_trigger.py
[2024-05-06T21:47:47.544-0500] {logging_mixin.py:188} INFO - [2024-05-06T21:47:47.544-0500] {dag.py:3096} INFO - Sync 1 DAGs
[2024-05-06T21:47:47.569-0500] {logging_mixin.py:188} INFO - [2024-05-06T21:47:47.568-0500] {dag.py:3954} INFO - Setting next_dagrun for latest_only_with_trigger to 2024-05-06 20:00:00+00:00, run_after=2024-05-07 00:00:00+00:00
[2024-05-06T21:47:47.589-0500] {processor.py:183} INFO - Processing /Users/paulamedina/venv/lib/python3.12/site-packages/airflow/example_dags/example_latest_only_with_trigger.py took 0.211 seconds
[2024-05-06T21:50:17.333-0500] {processor.py:161} INFO - Started process (PID=63670) to work on /Users/paulamedina/venv/lib/python3.12/site-packages/airflow/example_dags/example_latest_only_with_trigger.py
[2024-05-06T21:50:17.336-0500] {processor.py:830} INFO - Processing file /Users/paulamedina/venv/lib/python3.12/site-packages/airflow/example_dags/example_latest_only_with_trigger.py for tasks to queue
[2024-05-06T21:50:17.338-0500] {logging_mixin.py:188} INFO - [2024-05-06T21:50:17.337-0500] {dagbag.py:540} INFO - Filling up the DagBag from /Users/paulamedina/venv/lib/python3.12/site-packages/airflow/example_dags/example_latest_only_with_trigger.py
[2024-05-06T21:50:17.357-0500] {processor.py:840} INFO - DAG(s) 'latest_only_with_trigger' retrieved from /Users/paulamedina/venv/lib/python3.12/site-packages/airflow/example_dags/example_latest_only_with_trigger.py
[2024-05-06T21:50:17.791-0500] {logging_mixin.py:188} INFO - [2024-05-06T21:50:17.790-0500] {dag.py:3096} INFO - Sync 1 DAGs
[2024-05-06T21:50:17.829-0500] {logging_mixin.py:188} INFO - [2024-05-06T21:50:17.828-0500] {dag.py:3954} INFO - Setting next_dagrun for latest_only_with_trigger to 2024-05-06 20:00:00+00:00, run_after=2024-05-07 00:00:00+00:00
[2024-05-06T21:50:17.865-0500] {processor.py:183} INFO - Processing /Users/paulamedina/venv/lib/python3.12/site-packages/airflow/example_dags/example_latest_only_with_trigger.py took 0.538 seconds
[2024-05-06T21:51:48.956-0500] {processor.py:161} INFO - Started process (PID=64033) to work on /Users/paulamedina/venv/lib/python3.12/site-packages/airflow/example_dags/example_latest_only_with_trigger.py
[2024-05-06T21:51:48.957-0500] {processor.py:830} INFO - Processing file /Users/paulamedina/venv/lib/python3.12/site-packages/airflow/example_dags/example_latest_only_with_trigger.py for tasks to queue
[2024-05-06T21:51:48.958-0500] {logging_mixin.py:188} INFO - [2024-05-06T21:51:48.958-0500] {dagbag.py:540} INFO - Filling up the DagBag from /Users/paulamedina/venv/lib/python3.12/site-packages/airflow/example_dags/example_latest_only_with_trigger.py
[2024-05-06T21:51:48.970-0500] {processor.py:840} INFO - DAG(s) 'latest_only_with_trigger' retrieved from /Users/paulamedina/venv/lib/python3.12/site-packages/airflow/example_dags/example_latest_only_with_trigger.py
[2024-05-06T21:51:49.099-0500] {logging_mixin.py:188} INFO - [2024-05-06T21:51:49.099-0500] {dag.py:3096} INFO - Sync 1 DAGs
[2024-05-06T21:51:49.121-0500] {logging_mixin.py:188} INFO - [2024-05-06T21:51:49.121-0500] {dag.py:3954} INFO - Setting next_dagrun for latest_only_with_trigger to 2024-05-06 20:00:00+00:00, run_after=2024-05-07 00:00:00+00:00
[2024-05-06T21:51:49.140-0500] {processor.py:183} INFO - Processing /Users/paulamedina/venv/lib/python3.12/site-packages/airflow/example_dags/example_latest_only_with_trigger.py took 0.187 seconds
[2024-05-06T21:53:05.549-0500] {processor.py:161} INFO - Started process (PID=64319) to work on /Users/paulamedina/venv/lib/python3.12/site-packages/airflow/example_dags/example_latest_only_with_trigger.py
[2024-05-06T21:53:05.550-0500] {processor.py:830} INFO - Processing file /Users/paulamedina/venv/lib/python3.12/site-packages/airflow/example_dags/example_latest_only_with_trigger.py for tasks to queue
[2024-05-06T21:53:05.551-0500] {logging_mixin.py:188} INFO - [2024-05-06T21:53:05.551-0500] {dagbag.py:540} INFO - Filling up the DagBag from /Users/paulamedina/venv/lib/python3.12/site-packages/airflow/example_dags/example_latest_only_with_trigger.py
[2024-05-06T21:53:05.567-0500] {processor.py:840} INFO - DAG(s) 'latest_only_with_trigger' retrieved from /Users/paulamedina/venv/lib/python3.12/site-packages/airflow/example_dags/example_latest_only_with_trigger.py
[2024-05-06T21:53:05.755-0500] {logging_mixin.py:188} INFO - [2024-05-06T21:53:05.754-0500] {dag.py:3096} INFO - Sync 1 DAGs
[2024-05-06T21:53:05.784-0500] {logging_mixin.py:188} INFO - [2024-05-06T21:53:05.784-0500] {dag.py:3954} INFO - Setting next_dagrun for latest_only_with_trigger to 2024-05-06 20:00:00+00:00, run_after=2024-05-07 00:00:00+00:00
[2024-05-06T21:53:05.810-0500] {processor.py:183} INFO - Processing /Users/paulamedina/venv/lib/python3.12/site-packages/airflow/example_dags/example_latest_only_with_trigger.py took 0.267 seconds
[2024-05-06T21:54:27.095-0500] {processor.py:161} INFO - Started process (PID=64648) to work on /Users/paulamedina/venv/lib/python3.12/site-packages/airflow/example_dags/example_latest_only_with_trigger.py
[2024-05-06T21:54:27.096-0500] {processor.py:830} INFO - Processing file /Users/paulamedina/venv/lib/python3.12/site-packages/airflow/example_dags/example_latest_only_with_trigger.py for tasks to queue
[2024-05-06T21:54:27.098-0500] {logging_mixin.py:188} INFO - [2024-05-06T21:54:27.097-0500] {dagbag.py:540} INFO - Filling up the DagBag from /Users/paulamedina/venv/lib/python3.12/site-packages/airflow/example_dags/example_latest_only_with_trigger.py
[2024-05-06T21:54:27.114-0500] {processor.py:840} INFO - DAG(s) 'latest_only_with_trigger' retrieved from /Users/paulamedina/venv/lib/python3.12/site-packages/airflow/example_dags/example_latest_only_with_trigger.py
[2024-05-06T21:54:27.289-0500] {logging_mixin.py:188} INFO - [2024-05-06T21:54:27.288-0500] {dag.py:3096} INFO - Sync 1 DAGs
[2024-05-06T21:54:27.322-0500] {logging_mixin.py:188} INFO - [2024-05-06T21:54:27.322-0500] {dag.py:3954} INFO - Setting next_dagrun for latest_only_with_trigger to 2024-05-06 20:00:00+00:00, run_after=2024-05-07 00:00:00+00:00
[2024-05-06T21:54:27.350-0500] {processor.py:183} INFO - Processing /Users/paulamedina/venv/lib/python3.12/site-packages/airflow/example_dags/example_latest_only_with_trigger.py took 0.259 seconds
[2024-05-06T21:55:56.255-0500] {processor.py:161} INFO - Started process (PID=65014) to work on /Users/paulamedina/venv/lib/python3.12/site-packages/airflow/example_dags/example_latest_only_with_trigger.py
[2024-05-06T21:55:56.257-0500] {processor.py:830} INFO - Processing file /Users/paulamedina/venv/lib/python3.12/site-packages/airflow/example_dags/example_latest_only_with_trigger.py for tasks to queue
[2024-05-06T21:55:56.258-0500] {logging_mixin.py:188} INFO - [2024-05-06T21:55:56.258-0500] {dagbag.py:540} INFO - Filling up the DagBag from /Users/paulamedina/venv/lib/python3.12/site-packages/airflow/example_dags/example_latest_only_with_trigger.py
[2024-05-06T21:55:56.274-0500] {processor.py:840} INFO - DAG(s) 'latest_only_with_trigger' retrieved from /Users/paulamedina/venv/lib/python3.12/site-packages/airflow/example_dags/example_latest_only_with_trigger.py
[2024-05-06T21:55:56.436-0500] {logging_mixin.py:188} INFO - [2024-05-06T21:55:56.436-0500] {dag.py:3096} INFO - Sync 1 DAGs
[2024-05-06T21:55:56.463-0500] {logging_mixin.py:188} INFO - [2024-05-06T21:55:56.463-0500] {dag.py:3954} INFO - Setting next_dagrun for latest_only_with_trigger to 2024-05-06 20:00:00+00:00, run_after=2024-05-07 00:00:00+00:00
[2024-05-06T21:55:56.488-0500] {processor.py:183} INFO - Processing /Users/paulamedina/venv/lib/python3.12/site-packages/airflow/example_dags/example_latest_only_with_trigger.py took 0.237 seconds
[2024-05-06T21:57:30.735-0500] {processor.py:161} INFO - Started process (PID=65371) to work on /Users/paulamedina/venv/lib/python3.12/site-packages/airflow/example_dags/example_latest_only_with_trigger.py
[2024-05-06T21:57:30.737-0500] {processor.py:830} INFO - Processing file /Users/paulamedina/venv/lib/python3.12/site-packages/airflow/example_dags/example_latest_only_with_trigger.py for tasks to queue
[2024-05-06T21:57:30.739-0500] {logging_mixin.py:188} INFO - [2024-05-06T21:57:30.738-0500] {dagbag.py:540} INFO - Filling up the DagBag from /Users/paulamedina/venv/lib/python3.12/site-packages/airflow/example_dags/example_latest_only_with_trigger.py
[2024-05-06T21:57:30.756-0500] {processor.py:840} INFO - DAG(s) 'latest_only_with_trigger' retrieved from /Users/paulamedina/venv/lib/python3.12/site-packages/airflow/example_dags/example_latest_only_with_trigger.py
[2024-05-06T21:57:30.914-0500] {logging_mixin.py:188} INFO - [2024-05-06T21:57:30.913-0500] {dag.py:3096} INFO - Sync 1 DAGs
[2024-05-06T21:57:30.941-0500] {logging_mixin.py:188} INFO - [2024-05-06T21:57:30.940-0500] {dag.py:3954} INFO - Setting next_dagrun for latest_only_with_trigger to 2024-05-06 20:00:00+00:00, run_after=2024-05-07 00:00:00+00:00
[2024-05-06T21:57:30.963-0500] {processor.py:183} INFO - Processing /Users/paulamedina/venv/lib/python3.12/site-packages/airflow/example_dags/example_latest_only_with_trigger.py took 0.233 seconds
[2024-05-06T21:59:16.836-0500] {processor.py:161} INFO - Started process (PID=65863) to work on /Users/paulamedina/venv/lib/python3.12/site-packages/airflow/example_dags/example_latest_only_with_trigger.py
[2024-05-06T21:59:16.838-0500] {processor.py:830} INFO - Processing file /Users/paulamedina/venv/lib/python3.12/site-packages/airflow/example_dags/example_latest_only_with_trigger.py for tasks to queue
[2024-05-06T21:59:16.840-0500] {logging_mixin.py:188} INFO - [2024-05-06T21:59:16.839-0500] {dagbag.py:540} INFO - Filling up the DagBag from /Users/paulamedina/venv/lib/python3.12/site-packages/airflow/example_dags/example_latest_only_with_trigger.py
[2024-05-06T21:59:16.857-0500] {processor.py:840} INFO - DAG(s) 'latest_only_with_trigger' retrieved from /Users/paulamedina/venv/lib/python3.12/site-packages/airflow/example_dags/example_latest_only_with_trigger.py
[2024-05-06T21:59:17.050-0500] {logging_mixin.py:188} INFO - [2024-05-06T21:59:17.049-0500] {dag.py:3096} INFO - Sync 1 DAGs
[2024-05-06T21:59:17.081-0500] {logging_mixin.py:188} INFO - [2024-05-06T21:59:17.080-0500] {dag.py:3954} INFO - Setting next_dagrun for latest_only_with_trigger to 2024-05-06 20:00:00+00:00, run_after=2024-05-07 00:00:00+00:00
[2024-05-06T21:59:17.110-0500] {processor.py:183} INFO - Processing /Users/paulamedina/venv/lib/python3.12/site-packages/airflow/example_dags/example_latest_only_with_trigger.py took 0.279 seconds
[2024-05-06T22:01:20.562-0500] {processor.py:161} INFO - Started process (PID=66417) to work on /Users/paulamedina/venv/lib/python3.12/site-packages/airflow/example_dags/example_latest_only_with_trigger.py
[2024-05-06T22:01:20.564-0500] {processor.py:830} INFO - Processing file /Users/paulamedina/venv/lib/python3.12/site-packages/airflow/example_dags/example_latest_only_with_trigger.py for tasks to queue
[2024-05-06T22:01:20.565-0500] {logging_mixin.py:188} INFO - [2024-05-06T22:01:20.565-0500] {dagbag.py:540} INFO - Filling up the DagBag from /Users/paulamedina/venv/lib/python3.12/site-packages/airflow/example_dags/example_latest_only_with_trigger.py
[2024-05-06T22:01:20.579-0500] {processor.py:840} INFO - DAG(s) 'latest_only_with_trigger' retrieved from /Users/paulamedina/venv/lib/python3.12/site-packages/airflow/example_dags/example_latest_only_with_trigger.py
[2024-05-06T22:01:20.720-0500] {logging_mixin.py:188} INFO - [2024-05-06T22:01:20.720-0500] {dag.py:3096} INFO - Sync 1 DAGs
[2024-05-06T22:01:20.746-0500] {logging_mixin.py:188} INFO - [2024-05-06T22:01:20.746-0500] {dag.py:3954} INFO - Setting next_dagrun for latest_only_with_trigger to 2024-05-06 20:00:00+00:00, run_after=2024-05-07 00:00:00+00:00
[2024-05-06T22:01:20.766-0500] {processor.py:183} INFO - Processing /Users/paulamedina/venv/lib/python3.12/site-packages/airflow/example_dags/example_latest_only_with_trigger.py took 0.208 seconds
