[2024-05-06T19:01:51.320-0500] {processor.py:161} INFO - Started process (PID=26529) to work on /Users/paulamedina/venv/lib/python3.12/site-packages/airflow/example_dags/example_dynamic_task_mapping_with_no_taskflow_operators.py
[2024-05-06T19:01:51.320-0500] {processor.py:830} INFO - Processing file /Users/paulamedina/venv/lib/python3.12/site-packages/airflow/example_dags/example_dynamic_task_mapping_with_no_taskflow_operators.py for tasks to queue
[2024-05-06T19:01:51.321-0500] {logging_mixin.py:188} INFO - [2024-05-06T19:01:51.321-0500] {dagbag.py:540} INFO - Filling up the DagBag from /Users/paulamedina/venv/lib/python3.12/site-packages/airflow/example_dags/example_dynamic_task_mapping_with_no_taskflow_operators.py
[2024-05-06T19:01:51.328-0500] {processor.py:840} INFO - DAG(s) 'example_dynamic_task_mapping_with_no_taskflow_operators' retrieved from /Users/paulamedina/venv/lib/python3.12/site-packages/airflow/example_dags/example_dynamic_task_mapping_with_no_taskflow_operators.py
[2024-05-06T19:01:51.403-0500] {logging_mixin.py:188} INFO - [2024-05-06T19:01:51.403-0500] {dag.py:3096} INFO - Sync 1 DAGs
[2024-05-06T19:01:51.416-0500] {logging_mixin.py:188} INFO - [2024-05-06T19:01:51.416-0500] {dag.py:3954} INFO - Setting next_dagrun for example_dynamic_task_mapping_with_no_taskflow_operators to 2024-05-06 00:00:00+00:00, run_after=2024-05-07 00:00:00+00:00
[2024-05-06T19:01:51.431-0500] {processor.py:183} INFO - Processing /Users/paulamedina/venv/lib/python3.12/site-packages/airflow/example_dags/example_dynamic_task_mapping_with_no_taskflow_operators.py took 0.113 seconds
[2024-05-06T19:05:10.491-0500] {processor.py:161} INFO - Started process (PID=27243) to work on /Users/paulamedina/venv/lib/python3.12/site-packages/airflow/example_dags/example_dynamic_task_mapping_with_no_taskflow_operators.py
[2024-05-06T19:05:10.491-0500] {processor.py:830} INFO - Processing file /Users/paulamedina/venv/lib/python3.12/site-packages/airflow/example_dags/example_dynamic_task_mapping_with_no_taskflow_operators.py for tasks to queue
[2024-05-06T19:05:10.492-0500] {logging_mixin.py:188} INFO - [2024-05-06T19:05:10.492-0500] {dagbag.py:540} INFO - Filling up the DagBag from /Users/paulamedina/venv/lib/python3.12/site-packages/airflow/example_dags/example_dynamic_task_mapping_with_no_taskflow_operators.py
[2024-05-06T19:05:10.499-0500] {processor.py:840} INFO - DAG(s) 'example_dynamic_task_mapping_with_no_taskflow_operators' retrieved from /Users/paulamedina/venv/lib/python3.12/site-packages/airflow/example_dags/example_dynamic_task_mapping_with_no_taskflow_operators.py
[2024-05-06T19:05:10.575-0500] {logging_mixin.py:188} INFO - [2024-05-06T19:05:10.575-0500] {dag.py:3096} INFO - Sync 1 DAGs
[2024-05-06T19:05:10.588-0500] {logging_mixin.py:188} INFO - [2024-05-06T19:05:10.588-0500] {dag.py:3954} INFO - Setting next_dagrun for example_dynamic_task_mapping_with_no_taskflow_operators to 2024-05-06 00:00:00+00:00, run_after=2024-05-07 00:00:00+00:00
[2024-05-06T19:05:10.602-0500] {processor.py:183} INFO - Processing /Users/paulamedina/venv/lib/python3.12/site-packages/airflow/example_dags/example_dynamic_task_mapping_with_no_taskflow_operators.py took 0.114 seconds
[2024-05-06T19:08:33.235-0500] {processor.py:161} INFO - Started process (PID=27993) to work on /Users/paulamedina/venv/lib/python3.12/site-packages/airflow/example_dags/example_dynamic_task_mapping_with_no_taskflow_operators.py
[2024-05-06T19:08:33.236-0500] {processor.py:830} INFO - Processing file /Users/paulamedina/venv/lib/python3.12/site-packages/airflow/example_dags/example_dynamic_task_mapping_with_no_taskflow_operators.py for tasks to queue
[2024-05-06T19:08:33.236-0500] {logging_mixin.py:188} INFO - [2024-05-06T19:08:33.236-0500] {dagbag.py:540} INFO - Filling up the DagBag from /Users/paulamedina/venv/lib/python3.12/site-packages/airflow/example_dags/example_dynamic_task_mapping_with_no_taskflow_operators.py
[2024-05-06T19:08:33.243-0500] {processor.py:840} INFO - DAG(s) 'example_dynamic_task_mapping_with_no_taskflow_operators' retrieved from /Users/paulamedina/venv/lib/python3.12/site-packages/airflow/example_dags/example_dynamic_task_mapping_with_no_taskflow_operators.py
[2024-05-06T19:08:33.320-0500] {logging_mixin.py:188} INFO - [2024-05-06T19:08:33.319-0500] {dag.py:3096} INFO - Sync 1 DAGs
[2024-05-06T19:08:33.332-0500] {logging_mixin.py:188} INFO - [2024-05-06T19:08:33.332-0500] {dag.py:3954} INFO - Setting next_dagrun for example_dynamic_task_mapping_with_no_taskflow_operators to 2024-05-06 00:00:00+00:00, run_after=2024-05-07 00:00:00+00:00
[2024-05-06T19:08:33.347-0500] {processor.py:183} INFO - Processing /Users/paulamedina/venv/lib/python3.12/site-packages/airflow/example_dags/example_dynamic_task_mapping_with_no_taskflow_operators.py took 0.114 seconds
[2024-05-06T19:11:57.835-0500] {processor.py:161} INFO - Started process (PID=28714) to work on /Users/paulamedina/venv/lib/python3.12/site-packages/airflow/example_dags/example_dynamic_task_mapping_with_no_taskflow_operators.py
[2024-05-06T19:11:57.835-0500] {processor.py:830} INFO - Processing file /Users/paulamedina/venv/lib/python3.12/site-packages/airflow/example_dags/example_dynamic_task_mapping_with_no_taskflow_operators.py for tasks to queue
[2024-05-06T19:11:57.836-0500] {logging_mixin.py:188} INFO - [2024-05-06T19:11:57.836-0500] {dagbag.py:540} INFO - Filling up the DagBag from /Users/paulamedina/venv/lib/python3.12/site-packages/airflow/example_dags/example_dynamic_task_mapping_with_no_taskflow_operators.py
[2024-05-06T19:11:57.844-0500] {processor.py:840} INFO - DAG(s) 'example_dynamic_task_mapping_with_no_taskflow_operators' retrieved from /Users/paulamedina/venv/lib/python3.12/site-packages/airflow/example_dags/example_dynamic_task_mapping_with_no_taskflow_operators.py
[2024-05-06T19:11:57.932-0500] {logging_mixin.py:188} INFO - [2024-05-06T19:11:57.932-0500] {dag.py:3096} INFO - Sync 1 DAGs
[2024-05-06T19:11:57.945-0500] {logging_mixin.py:188} INFO - [2024-05-06T19:11:57.944-0500] {dag.py:3954} INFO - Setting next_dagrun for example_dynamic_task_mapping_with_no_taskflow_operators to 2024-05-06 00:00:00+00:00, run_after=2024-05-07 00:00:00+00:00
[2024-05-06T19:11:57.958-0500] {processor.py:183} INFO - Processing /Users/paulamedina/venv/lib/python3.12/site-packages/airflow/example_dags/example_dynamic_task_mapping_with_no_taskflow_operators.py took 0.125 seconds
[2024-05-06T19:15:51.007-0500] {processor.py:161} INFO - Started process (PID=29536) to work on /Users/paulamedina/venv/lib/python3.12/site-packages/airflow/example_dags/example_dynamic_task_mapping_with_no_taskflow_operators.py
[2024-05-06T19:15:51.009-0500] {processor.py:830} INFO - Processing file /Users/paulamedina/venv/lib/python3.12/site-packages/airflow/example_dags/example_dynamic_task_mapping_with_no_taskflow_operators.py for tasks to queue
[2024-05-06T19:15:51.010-0500] {logging_mixin.py:188} INFO - [2024-05-06T19:15:51.009-0500] {dagbag.py:540} INFO - Filling up the DagBag from /Users/paulamedina/venv/lib/python3.12/site-packages/airflow/example_dags/example_dynamic_task_mapping_with_no_taskflow_operators.py
[2024-05-06T19:15:51.019-0500] {processor.py:840} INFO - DAG(s) 'example_dynamic_task_mapping_with_no_taskflow_operators' retrieved from /Users/paulamedina/venv/lib/python3.12/site-packages/airflow/example_dags/example_dynamic_task_mapping_with_no_taskflow_operators.py
[2024-05-06T19:15:51.124-0500] {logging_mixin.py:188} INFO - [2024-05-06T19:15:51.123-0500] {dag.py:3096} INFO - Sync 1 DAGs
[2024-05-06T19:15:51.142-0500] {logging_mixin.py:188} INFO - [2024-05-06T19:15:51.142-0500] {dag.py:3954} INFO - Setting next_dagrun for example_dynamic_task_mapping_with_no_taskflow_operators to 2024-05-06 00:00:00+00:00, run_after=2024-05-07 00:00:00+00:00
[2024-05-06T19:15:51.160-0500] {processor.py:183} INFO - Processing /Users/paulamedina/venv/lib/python3.12/site-packages/airflow/example_dags/example_dynamic_task_mapping_with_no_taskflow_operators.py took 0.155 seconds
[2024-05-06T19:20:31.042-0500] {processor.py:161} INFO - Started process (PID=30597) to work on /Users/paulamedina/venv/lib/python3.12/site-packages/airflow/example_dags/example_dynamic_task_mapping_with_no_taskflow_operators.py
[2024-05-06T19:20:31.044-0500] {processor.py:830} INFO - Processing file /Users/paulamedina/venv/lib/python3.12/site-packages/airflow/example_dags/example_dynamic_task_mapping_with_no_taskflow_operators.py for tasks to queue
[2024-05-06T19:20:31.045-0500] {logging_mixin.py:188} INFO - [2024-05-06T19:20:31.045-0500] {dagbag.py:540} INFO - Filling up the DagBag from /Users/paulamedina/venv/lib/python3.12/site-packages/airflow/example_dags/example_dynamic_task_mapping_with_no_taskflow_operators.py
[2024-05-06T19:20:31.055-0500] {processor.py:840} INFO - DAG(s) 'example_dynamic_task_mapping_with_no_taskflow_operators' retrieved from /Users/paulamedina/venv/lib/python3.12/site-packages/airflow/example_dags/example_dynamic_task_mapping_with_no_taskflow_operators.py
[2024-05-06T19:20:31.161-0500] {logging_mixin.py:188} INFO - [2024-05-06T19:20:31.161-0500] {dag.py:3096} INFO - Sync 1 DAGs
[2024-05-06T19:20:31.178-0500] {logging_mixin.py:188} INFO - [2024-05-06T19:20:31.178-0500] {dag.py:3954} INFO - Setting next_dagrun for example_dynamic_task_mapping_with_no_taskflow_operators to 2024-05-06 00:00:00+00:00, run_after=2024-05-07 00:00:00+00:00
[2024-05-06T19:20:31.196-0500] {processor.py:183} INFO - Processing /Users/paulamedina/venv/lib/python3.12/site-packages/airflow/example_dags/example_dynamic_task_mapping_with_no_taskflow_operators.py took 0.156 seconds
[2024-05-06T19:25:06.067-0500] {processor.py:161} INFO - Started process (PID=31567) to work on /Users/paulamedina/venv/lib/python3.12/site-packages/airflow/example_dags/example_dynamic_task_mapping_with_no_taskflow_operators.py
[2024-05-06T19:25:06.082-0500] {processor.py:830} INFO - Processing file /Users/paulamedina/venv/lib/python3.12/site-packages/airflow/example_dags/example_dynamic_task_mapping_with_no_taskflow_operators.py for tasks to queue
[2024-05-06T19:25:06.083-0500] {logging_mixin.py:188} INFO - [2024-05-06T19:25:06.083-0500] {dagbag.py:540} INFO - Filling up the DagBag from /Users/paulamedina/venv/lib/python3.12/site-packages/airflow/example_dags/example_dynamic_task_mapping_with_no_taskflow_operators.py
[2024-05-06T19:25:06.093-0500] {processor.py:840} INFO - DAG(s) 'example_dynamic_task_mapping_with_no_taskflow_operators' retrieved from /Users/paulamedina/venv/lib/python3.12/site-packages/airflow/example_dags/example_dynamic_task_mapping_with_no_taskflow_operators.py
[2024-05-06T19:25:06.206-0500] {logging_mixin.py:188} INFO - [2024-05-06T19:25:06.205-0500] {dag.py:3096} INFO - Sync 1 DAGs
[2024-05-06T19:25:06.225-0500] {logging_mixin.py:188} INFO - [2024-05-06T19:25:06.225-0500] {dag.py:3954} INFO - Setting next_dagrun for example_dynamic_task_mapping_with_no_taskflow_operators to 2024-05-06 00:00:00+00:00, run_after=2024-05-07 00:00:00+00:00
[2024-05-06T19:25:06.244-0500] {processor.py:183} INFO - Processing /Users/paulamedina/venv/lib/python3.12/site-packages/airflow/example_dags/example_dynamic_task_mapping_with_no_taskflow_operators.py took 0.180 seconds
[2024-05-06T19:28:51.813-0500] {processor.py:161} INFO - Started process (PID=32370) to work on /Users/paulamedina/venv/lib/python3.12/site-packages/airflow/example_dags/example_dynamic_task_mapping_with_no_taskflow_operators.py
[2024-05-06T19:28:51.814-0500] {processor.py:830} INFO - Processing file /Users/paulamedina/venv/lib/python3.12/site-packages/airflow/example_dags/example_dynamic_task_mapping_with_no_taskflow_operators.py for tasks to queue
[2024-05-06T19:28:51.814-0500] {logging_mixin.py:188} INFO - [2024-05-06T19:28:51.814-0500] {dagbag.py:540} INFO - Filling up the DagBag from /Users/paulamedina/venv/lib/python3.12/site-packages/airflow/example_dags/example_dynamic_task_mapping_with_no_taskflow_operators.py
[2024-05-06T19:28:51.821-0500] {processor.py:840} INFO - DAG(s) 'example_dynamic_task_mapping_with_no_taskflow_operators' retrieved from /Users/paulamedina/venv/lib/python3.12/site-packages/airflow/example_dags/example_dynamic_task_mapping_with_no_taskflow_operators.py
[2024-05-06T19:28:51.897-0500] {logging_mixin.py:188} INFO - [2024-05-06T19:28:51.897-0500] {dag.py:3096} INFO - Sync 1 DAGs
[2024-05-06T19:28:51.910-0500] {logging_mixin.py:188} INFO - [2024-05-06T19:28:51.910-0500] {dag.py:3954} INFO - Setting next_dagrun for example_dynamic_task_mapping_with_no_taskflow_operators to 2024-05-06 00:00:00+00:00, run_after=2024-05-07 00:00:00+00:00
[2024-05-06T19:28:51.924-0500] {processor.py:183} INFO - Processing /Users/paulamedina/venv/lib/python3.12/site-packages/airflow/example_dags/example_dynamic_task_mapping_with_no_taskflow_operators.py took 0.113 seconds
[2024-05-06T19:32:20.384-0500] {processor.py:161} INFO - Started process (PID=33129) to work on /Users/paulamedina/venv/lib/python3.12/site-packages/airflow/example_dags/example_dynamic_task_mapping_with_no_taskflow_operators.py
[2024-05-06T19:32:20.385-0500] {processor.py:830} INFO - Processing file /Users/paulamedina/venv/lib/python3.12/site-packages/airflow/example_dags/example_dynamic_task_mapping_with_no_taskflow_operators.py for tasks to queue
[2024-05-06T19:32:20.386-0500] {logging_mixin.py:188} INFO - [2024-05-06T19:32:20.386-0500] {dagbag.py:540} INFO - Filling up the DagBag from /Users/paulamedina/venv/lib/python3.12/site-packages/airflow/example_dags/example_dynamic_task_mapping_with_no_taskflow_operators.py
[2024-05-06T19:32:20.394-0500] {processor.py:840} INFO - DAG(s) 'example_dynamic_task_mapping_with_no_taskflow_operators' retrieved from /Users/paulamedina/venv/lib/python3.12/site-packages/airflow/example_dags/example_dynamic_task_mapping_with_no_taskflow_operators.py
[2024-05-06T19:32:20.481-0500] {logging_mixin.py:188} INFO - [2024-05-06T19:32:20.481-0500] {dag.py:3096} INFO - Sync 1 DAGs
[2024-05-06T19:32:20.496-0500] {logging_mixin.py:188} INFO - [2024-05-06T19:32:20.495-0500] {dag.py:3954} INFO - Setting next_dagrun for example_dynamic_task_mapping_with_no_taskflow_operators to 2024-05-06 00:00:00+00:00, run_after=2024-05-07 00:00:00+00:00
[2024-05-06T19:32:20.511-0500] {processor.py:183} INFO - Processing /Users/paulamedina/venv/lib/python3.12/site-packages/airflow/example_dags/example_dynamic_task_mapping_with_no_taskflow_operators.py took 0.129 seconds
[2024-05-06T19:35:48.485-0500] {processor.py:161} INFO - Started process (PID=33945) to work on /Users/paulamedina/venv/lib/python3.12/site-packages/airflow/example_dags/example_dynamic_task_mapping_with_no_taskflow_operators.py
[2024-05-06T19:35:48.485-0500] {processor.py:830} INFO - Processing file /Users/paulamedina/venv/lib/python3.12/site-packages/airflow/example_dags/example_dynamic_task_mapping_with_no_taskflow_operators.py for tasks to queue
[2024-05-06T19:35:48.486-0500] {logging_mixin.py:188} INFO - [2024-05-06T19:35:48.486-0500] {dagbag.py:540} INFO - Filling up the DagBag from /Users/paulamedina/venv/lib/python3.12/site-packages/airflow/example_dags/example_dynamic_task_mapping_with_no_taskflow_operators.py
[2024-05-06T19:35:48.492-0500] {processor.py:840} INFO - DAG(s) 'example_dynamic_task_mapping_with_no_taskflow_operators' retrieved from /Users/paulamedina/venv/lib/python3.12/site-packages/airflow/example_dags/example_dynamic_task_mapping_with_no_taskflow_operators.py
[2024-05-06T19:35:48.568-0500] {logging_mixin.py:188} INFO - [2024-05-06T19:35:48.567-0500] {dag.py:3096} INFO - Sync 1 DAGs
[2024-05-06T19:35:48.580-0500] {logging_mixin.py:188} INFO - [2024-05-06T19:35:48.580-0500] {dag.py:3954} INFO - Setting next_dagrun for example_dynamic_task_mapping_with_no_taskflow_operators to 2024-05-06 00:00:00+00:00, run_after=2024-05-07 00:00:00+00:00
[2024-05-06T19:35:48.593-0500] {processor.py:183} INFO - Processing /Users/paulamedina/venv/lib/python3.12/site-packages/airflow/example_dags/example_dynamic_task_mapping_with_no_taskflow_operators.py took 0.111 seconds
[2024-05-06T19:39:08.939-0500] {processor.py:161} INFO - Started process (PID=34674) to work on /Users/paulamedina/venv/lib/python3.12/site-packages/airflow/example_dags/example_dynamic_task_mapping_with_no_taskflow_operators.py
[2024-05-06T19:39:08.940-0500] {processor.py:830} INFO - Processing file /Users/paulamedina/venv/lib/python3.12/site-packages/airflow/example_dags/example_dynamic_task_mapping_with_no_taskflow_operators.py for tasks to queue
[2024-05-06T19:39:08.940-0500] {logging_mixin.py:188} INFO - [2024-05-06T19:39:08.940-0500] {dagbag.py:540} INFO - Filling up the DagBag from /Users/paulamedina/venv/lib/python3.12/site-packages/airflow/example_dags/example_dynamic_task_mapping_with_no_taskflow_operators.py
[2024-05-06T19:39:08.948-0500] {processor.py:840} INFO - DAG(s) 'example_dynamic_task_mapping_with_no_taskflow_operators' retrieved from /Users/paulamedina/venv/lib/python3.12/site-packages/airflow/example_dags/example_dynamic_task_mapping_with_no_taskflow_operators.py
[2024-05-06T19:39:09.040-0500] {logging_mixin.py:188} INFO - [2024-05-06T19:39:09.040-0500] {dag.py:3096} INFO - Sync 1 DAGs
[2024-05-06T19:39:09.055-0500] {logging_mixin.py:188} INFO - [2024-05-06T19:39:09.055-0500] {dag.py:3954} INFO - Setting next_dagrun for example_dynamic_task_mapping_with_no_taskflow_operators to 2024-05-06 00:00:00+00:00, run_after=2024-05-07 00:00:00+00:00
[2024-05-06T19:39:09.072-0500] {processor.py:183} INFO - Processing /Users/paulamedina/venv/lib/python3.12/site-packages/airflow/example_dags/example_dynamic_task_mapping_with_no_taskflow_operators.py took 0.135 seconds
[2024-05-06T19:42:24.004-0500] {processor.py:161} INFO - Started process (PID=35362) to work on /Users/paulamedina/venv/lib/python3.12/site-packages/airflow/example_dags/example_dynamic_task_mapping_with_no_taskflow_operators.py
[2024-05-06T19:42:24.004-0500] {processor.py:830} INFO - Processing file /Users/paulamedina/venv/lib/python3.12/site-packages/airflow/example_dags/example_dynamic_task_mapping_with_no_taskflow_operators.py for tasks to queue
[2024-05-06T19:42:24.005-0500] {logging_mixin.py:188} INFO - [2024-05-06T19:42:24.005-0500] {dagbag.py:540} INFO - Filling up the DagBag from /Users/paulamedina/venv/lib/python3.12/site-packages/airflow/example_dags/example_dynamic_task_mapping_with_no_taskflow_operators.py
[2024-05-06T19:42:24.013-0500] {processor.py:840} INFO - DAG(s) 'example_dynamic_task_mapping_with_no_taskflow_operators' retrieved from /Users/paulamedina/venv/lib/python3.12/site-packages/airflow/example_dags/example_dynamic_task_mapping_with_no_taskflow_operators.py
[2024-05-06T19:42:24.101-0500] {logging_mixin.py:188} INFO - [2024-05-06T19:42:24.101-0500] {dag.py:3096} INFO - Sync 1 DAGs
[2024-05-06T19:42:24.115-0500] {logging_mixin.py:188} INFO - [2024-05-06T19:42:24.115-0500] {dag.py:3954} INFO - Setting next_dagrun for example_dynamic_task_mapping_with_no_taskflow_operators to 2024-05-06 00:00:00+00:00, run_after=2024-05-07 00:00:00+00:00
[2024-05-06T19:42:24.131-0500] {processor.py:183} INFO - Processing /Users/paulamedina/venv/lib/python3.12/site-packages/airflow/example_dags/example_dynamic_task_mapping_with_no_taskflow_operators.py took 0.129 seconds
[2024-05-06T19:45:51.092-0500] {processor.py:161} INFO - Started process (PID=36094) to work on /Users/paulamedina/venv/lib/python3.12/site-packages/airflow/example_dags/example_dynamic_task_mapping_with_no_taskflow_operators.py
[2024-05-06T19:45:51.093-0500] {processor.py:830} INFO - Processing file /Users/paulamedina/venv/lib/python3.12/site-packages/airflow/example_dags/example_dynamic_task_mapping_with_no_taskflow_operators.py for tasks to queue
[2024-05-06T19:45:51.093-0500] {logging_mixin.py:188} INFO - [2024-05-06T19:45:51.093-0500] {dagbag.py:540} INFO - Filling up the DagBag from /Users/paulamedina/venv/lib/python3.12/site-packages/airflow/example_dags/example_dynamic_task_mapping_with_no_taskflow_operators.py
[2024-05-06T19:45:51.100-0500] {processor.py:840} INFO - DAG(s) 'example_dynamic_task_mapping_with_no_taskflow_operators' retrieved from /Users/paulamedina/venv/lib/python3.12/site-packages/airflow/example_dags/example_dynamic_task_mapping_with_no_taskflow_operators.py
[2024-05-06T19:45:51.175-0500] {logging_mixin.py:188} INFO - [2024-05-06T19:45:51.175-0500] {dag.py:3096} INFO - Sync 1 DAGs
[2024-05-06T19:45:51.187-0500] {logging_mixin.py:188} INFO - [2024-05-06T19:45:51.187-0500] {dag.py:3954} INFO - Setting next_dagrun for example_dynamic_task_mapping_with_no_taskflow_operators to 2024-05-06 00:00:00+00:00, run_after=2024-05-07 00:00:00+00:00
[2024-05-06T19:45:51.200-0500] {processor.py:183} INFO - Processing /Users/paulamedina/venv/lib/python3.12/site-packages/airflow/example_dags/example_dynamic_task_mapping_with_no_taskflow_operators.py took 0.110 seconds
[2024-05-06T19:49:17.555-0500] {processor.py:161} INFO - Started process (PID=36835) to work on /Users/paulamedina/venv/lib/python3.12/site-packages/airflow/example_dags/example_dynamic_task_mapping_with_no_taskflow_operators.py
[2024-05-06T19:49:17.556-0500] {processor.py:830} INFO - Processing file /Users/paulamedina/venv/lib/python3.12/site-packages/airflow/example_dags/example_dynamic_task_mapping_with_no_taskflow_operators.py for tasks to queue
[2024-05-06T19:49:17.556-0500] {logging_mixin.py:188} INFO - [2024-05-06T19:49:17.556-0500] {dagbag.py:540} INFO - Filling up the DagBag from /Users/paulamedina/venv/lib/python3.12/site-packages/airflow/example_dags/example_dynamic_task_mapping_with_no_taskflow_operators.py
[2024-05-06T19:49:17.563-0500] {processor.py:840} INFO - DAG(s) 'example_dynamic_task_mapping_with_no_taskflow_operators' retrieved from /Users/paulamedina/venv/lib/python3.12/site-packages/airflow/example_dags/example_dynamic_task_mapping_with_no_taskflow_operators.py
[2024-05-06T19:49:17.640-0500] {logging_mixin.py:188} INFO - [2024-05-06T19:49:17.640-0500] {dag.py:3096} INFO - Sync 1 DAGs
[2024-05-06T19:49:17.652-0500] {logging_mixin.py:188} INFO - [2024-05-06T19:49:17.652-0500] {dag.py:3954} INFO - Setting next_dagrun for example_dynamic_task_mapping_with_no_taskflow_operators to 2024-05-06 00:00:00+00:00, run_after=2024-05-07 00:00:00+00:00
[2024-05-06T19:49:17.666-0500] {processor.py:183} INFO - Processing /Users/paulamedina/venv/lib/python3.12/site-packages/airflow/example_dags/example_dynamic_task_mapping_with_no_taskflow_operators.py took 0.113 seconds
[2024-05-06T19:52:48.707-0500] {processor.py:161} INFO - Started process (PID=37675) to work on /Users/paulamedina/venv/lib/python3.12/site-packages/airflow/example_dags/example_dynamic_task_mapping_with_no_taskflow_operators.py
[2024-05-06T19:52:48.708-0500] {processor.py:830} INFO - Processing file /Users/paulamedina/venv/lib/python3.12/site-packages/airflow/example_dags/example_dynamic_task_mapping_with_no_taskflow_operators.py for tasks to queue
[2024-05-06T19:52:48.709-0500] {logging_mixin.py:188} INFO - [2024-05-06T19:52:48.708-0500] {dagbag.py:540} INFO - Filling up the DagBag from /Users/paulamedina/venv/lib/python3.12/site-packages/airflow/example_dags/example_dynamic_task_mapping_with_no_taskflow_operators.py
[2024-05-06T19:52:48.715-0500] {processor.py:840} INFO - DAG(s) 'example_dynamic_task_mapping_with_no_taskflow_operators' retrieved from /Users/paulamedina/venv/lib/python3.12/site-packages/airflow/example_dags/example_dynamic_task_mapping_with_no_taskflow_operators.py
[2024-05-06T19:52:48.792-0500] {logging_mixin.py:188} INFO - [2024-05-06T19:52:48.792-0500] {dag.py:3096} INFO - Sync 1 DAGs
[2024-05-06T19:52:48.809-0500] {logging_mixin.py:188} INFO - [2024-05-06T19:52:48.809-0500] {dag.py:3954} INFO - Setting next_dagrun for example_dynamic_task_mapping_with_no_taskflow_operators to 2024-05-06 00:00:00+00:00, run_after=2024-05-07 00:00:00+00:00
[2024-05-06T19:52:48.852-0500] {processor.py:183} INFO - Processing /Users/paulamedina/venv/lib/python3.12/site-packages/airflow/example_dags/example_dynamic_task_mapping_with_no_taskflow_operators.py took 0.146 seconds
[2024-05-06T19:56:14.561-0500] {processor.py:161} INFO - Started process (PID=38396) to work on /Users/paulamedina/venv/lib/python3.12/site-packages/airflow/example_dags/example_dynamic_task_mapping_with_no_taskflow_operators.py
[2024-05-06T19:56:14.562-0500] {processor.py:830} INFO - Processing file /Users/paulamedina/venv/lib/python3.12/site-packages/airflow/example_dags/example_dynamic_task_mapping_with_no_taskflow_operators.py for tasks to queue
[2024-05-06T19:56:14.563-0500] {logging_mixin.py:188} INFO - [2024-05-06T19:56:14.563-0500] {dagbag.py:540} INFO - Filling up the DagBag from /Users/paulamedina/venv/lib/python3.12/site-packages/airflow/example_dags/example_dynamic_task_mapping_with_no_taskflow_operators.py
[2024-05-06T19:56:14.571-0500] {processor.py:840} INFO - DAG(s) 'example_dynamic_task_mapping_with_no_taskflow_operators' retrieved from /Users/paulamedina/venv/lib/python3.12/site-packages/airflow/example_dags/example_dynamic_task_mapping_with_no_taskflow_operators.py
[2024-05-06T19:56:14.652-0500] {logging_mixin.py:188} INFO - [2024-05-06T19:56:14.651-0500] {dag.py:3096} INFO - Sync 1 DAGs
[2024-05-06T19:56:14.664-0500] {logging_mixin.py:188} INFO - [2024-05-06T19:56:14.664-0500] {dag.py:3954} INFO - Setting next_dagrun for example_dynamic_task_mapping_with_no_taskflow_operators to 2024-05-06 00:00:00+00:00, run_after=2024-05-07 00:00:00+00:00
[2024-05-06T19:56:14.678-0500] {processor.py:183} INFO - Processing /Users/paulamedina/venv/lib/python3.12/site-packages/airflow/example_dags/example_dynamic_task_mapping_with_no_taskflow_operators.py took 0.119 seconds
[2024-05-06T19:59:45.254-0500] {processor.py:161} INFO - Started process (PID=39153) to work on /Users/paulamedina/venv/lib/python3.12/site-packages/airflow/example_dags/example_dynamic_task_mapping_with_no_taskflow_operators.py
[2024-05-06T19:59:45.254-0500] {processor.py:830} INFO - Processing file /Users/paulamedina/venv/lib/python3.12/site-packages/airflow/example_dags/example_dynamic_task_mapping_with_no_taskflow_operators.py for tasks to queue
[2024-05-06T19:59:45.255-0500] {logging_mixin.py:188} INFO - [2024-05-06T19:59:45.255-0500] {dagbag.py:540} INFO - Filling up the DagBag from /Users/paulamedina/venv/lib/python3.12/site-packages/airflow/example_dags/example_dynamic_task_mapping_with_no_taskflow_operators.py
[2024-05-06T19:59:45.262-0500] {processor.py:840} INFO - DAG(s) 'example_dynamic_task_mapping_with_no_taskflow_operators' retrieved from /Users/paulamedina/venv/lib/python3.12/site-packages/airflow/example_dags/example_dynamic_task_mapping_with_no_taskflow_operators.py
[2024-05-06T19:59:45.349-0500] {logging_mixin.py:188} INFO - [2024-05-06T19:59:45.349-0500] {dag.py:3096} INFO - Sync 1 DAGs
[2024-05-06T19:59:45.363-0500] {logging_mixin.py:188} INFO - [2024-05-06T19:59:45.363-0500] {dag.py:3954} INFO - Setting next_dagrun for example_dynamic_task_mapping_with_no_taskflow_operators to 2024-05-06 00:00:00+00:00, run_after=2024-05-07 00:00:00+00:00
[2024-05-06T19:59:45.379-0500] {processor.py:183} INFO - Processing /Users/paulamedina/venv/lib/python3.12/site-packages/airflow/example_dags/example_dynamic_task_mapping_with_no_taskflow_operators.py took 0.128 seconds
[2024-05-06T20:03:23.085-0500] {processor.py:161} INFO - Started process (PID=39969) to work on /Users/paulamedina/venv/lib/python3.12/site-packages/airflow/example_dags/example_dynamic_task_mapping_with_no_taskflow_operators.py
[2024-05-06T20:03:23.086-0500] {processor.py:830} INFO - Processing file /Users/paulamedina/venv/lib/python3.12/site-packages/airflow/example_dags/example_dynamic_task_mapping_with_no_taskflow_operators.py for tasks to queue
[2024-05-06T20:03:23.087-0500] {logging_mixin.py:188} INFO - [2024-05-06T20:03:23.086-0500] {dagbag.py:540} INFO - Filling up the DagBag from /Users/paulamedina/venv/lib/python3.12/site-packages/airflow/example_dags/example_dynamic_task_mapping_with_no_taskflow_operators.py
[2024-05-06T20:03:23.094-0500] {processor.py:840} INFO - DAG(s) 'example_dynamic_task_mapping_with_no_taskflow_operators' retrieved from /Users/paulamedina/venv/lib/python3.12/site-packages/airflow/example_dags/example_dynamic_task_mapping_with_no_taskflow_operators.py
[2024-05-06T20:03:23.170-0500] {logging_mixin.py:188} INFO - [2024-05-06T20:03:23.170-0500] {dag.py:3096} INFO - Sync 1 DAGs
[2024-05-06T20:03:23.183-0500] {logging_mixin.py:188} INFO - [2024-05-06T20:03:23.183-0500] {dag.py:3954} INFO - Setting next_dagrun for example_dynamic_task_mapping_with_no_taskflow_operators to 2024-05-06 00:00:00+00:00, run_after=2024-05-07 00:00:00+00:00
[2024-05-06T20:03:23.196-0500] {processor.py:183} INFO - Processing /Users/paulamedina/venv/lib/python3.12/site-packages/airflow/example_dags/example_dynamic_task_mapping_with_no_taskflow_operators.py took 0.113 seconds
[2024-05-06T20:06:55.328-0500] {processor.py:161} INFO - Started process (PID=40729) to work on /Users/paulamedina/venv/lib/python3.12/site-packages/airflow/example_dags/example_dynamic_task_mapping_with_no_taskflow_operators.py
[2024-05-06T20:06:55.329-0500] {processor.py:830} INFO - Processing file /Users/paulamedina/venv/lib/python3.12/site-packages/airflow/example_dags/example_dynamic_task_mapping_with_no_taskflow_operators.py for tasks to queue
[2024-05-06T20:06:55.329-0500] {logging_mixin.py:188} INFO - [2024-05-06T20:06:55.329-0500] {dagbag.py:540} INFO - Filling up the DagBag from /Users/paulamedina/venv/lib/python3.12/site-packages/airflow/example_dags/example_dynamic_task_mapping_with_no_taskflow_operators.py
[2024-05-06T20:06:55.338-0500] {processor.py:840} INFO - DAG(s) 'example_dynamic_task_mapping_with_no_taskflow_operators' retrieved from /Users/paulamedina/venv/lib/python3.12/site-packages/airflow/example_dags/example_dynamic_task_mapping_with_no_taskflow_operators.py
[2024-05-06T20:06:55.420-0500] {logging_mixin.py:188} INFO - [2024-05-06T20:06:55.420-0500] {dag.py:3096} INFO - Sync 1 DAGs
[2024-05-06T20:06:55.432-0500] {logging_mixin.py:188} INFO - [2024-05-06T20:06:55.432-0500] {dag.py:3954} INFO - Setting next_dagrun for example_dynamic_task_mapping_with_no_taskflow_operators to 2024-05-06 00:00:00+00:00, run_after=2024-05-07 00:00:00+00:00
[2024-05-06T20:06:55.447-0500] {processor.py:183} INFO - Processing /Users/paulamedina/venv/lib/python3.12/site-packages/airflow/example_dags/example_dynamic_task_mapping_with_no_taskflow_operators.py took 0.121 seconds
[2024-05-06T20:10:18.533-0500] {processor.py:161} INFO - Started process (PID=41441) to work on /Users/paulamedina/venv/lib/python3.12/site-packages/airflow/example_dags/example_dynamic_task_mapping_with_no_taskflow_operators.py
[2024-05-06T20:10:18.534-0500] {processor.py:830} INFO - Processing file /Users/paulamedina/venv/lib/python3.12/site-packages/airflow/example_dags/example_dynamic_task_mapping_with_no_taskflow_operators.py for tasks to queue
[2024-05-06T20:10:18.535-0500] {logging_mixin.py:188} INFO - [2024-05-06T20:10:18.535-0500] {dagbag.py:540} INFO - Filling up the DagBag from /Users/paulamedina/venv/lib/python3.12/site-packages/airflow/example_dags/example_dynamic_task_mapping_with_no_taskflow_operators.py
[2024-05-06T20:10:18.544-0500] {processor.py:840} INFO - DAG(s) 'example_dynamic_task_mapping_with_no_taskflow_operators' retrieved from /Users/paulamedina/venv/lib/python3.12/site-packages/airflow/example_dags/example_dynamic_task_mapping_with_no_taskflow_operators.py
[2024-05-06T20:10:18.626-0500] {logging_mixin.py:188} INFO - [2024-05-06T20:10:18.626-0500] {dag.py:3096} INFO - Sync 1 DAGs
[2024-05-06T20:10:18.639-0500] {logging_mixin.py:188} INFO - [2024-05-06T20:10:18.639-0500] {dag.py:3954} INFO - Setting next_dagrun for example_dynamic_task_mapping_with_no_taskflow_operators to 2024-05-06 00:00:00+00:00, run_after=2024-05-07 00:00:00+00:00
[2024-05-06T20:10:18.652-0500] {processor.py:183} INFO - Processing /Users/paulamedina/venv/lib/python3.12/site-packages/airflow/example_dags/example_dynamic_task_mapping_with_no_taskflow_operators.py took 0.122 seconds
[2024-05-06T20:13:34.081-0500] {processor.py:161} INFO - Started process (PID=42223) to work on /Users/paulamedina/venv/lib/python3.12/site-packages/airflow/example_dags/example_dynamic_task_mapping_with_no_taskflow_operators.py
[2024-05-06T20:13:34.082-0500] {processor.py:830} INFO - Processing file /Users/paulamedina/venv/lib/python3.12/site-packages/airflow/example_dags/example_dynamic_task_mapping_with_no_taskflow_operators.py for tasks to queue
[2024-05-06T20:13:34.082-0500] {logging_mixin.py:188} INFO - [2024-05-06T20:13:34.082-0500] {dagbag.py:540} INFO - Filling up the DagBag from /Users/paulamedina/venv/lib/python3.12/site-packages/airflow/example_dags/example_dynamic_task_mapping_with_no_taskflow_operators.py
[2024-05-06T20:13:34.090-0500] {processor.py:840} INFO - DAG(s) 'example_dynamic_task_mapping_with_no_taskflow_operators' retrieved from /Users/paulamedina/venv/lib/python3.12/site-packages/airflow/example_dags/example_dynamic_task_mapping_with_no_taskflow_operators.py
[2024-05-06T20:13:34.178-0500] {logging_mixin.py:188} INFO - [2024-05-06T20:13:34.178-0500] {dag.py:3096} INFO - Sync 1 DAGs
[2024-05-06T20:13:34.192-0500] {logging_mixin.py:188} INFO - [2024-05-06T20:13:34.192-0500] {dag.py:3954} INFO - Setting next_dagrun for example_dynamic_task_mapping_with_no_taskflow_operators to 2024-05-06 00:00:00+00:00, run_after=2024-05-07 00:00:00+00:00
[2024-05-06T20:13:34.208-0500] {processor.py:183} INFO - Processing /Users/paulamedina/venv/lib/python3.12/site-packages/airflow/example_dags/example_dynamic_task_mapping_with_no_taskflow_operators.py took 0.129 seconds
[2024-05-06T20:16:57.465-0500] {processor.py:161} INFO - Started process (PID=42951) to work on /Users/paulamedina/venv/lib/python3.12/site-packages/airflow/example_dags/example_dynamic_task_mapping_with_no_taskflow_operators.py
[2024-05-06T20:16:57.465-0500] {processor.py:830} INFO - Processing file /Users/paulamedina/venv/lib/python3.12/site-packages/airflow/example_dags/example_dynamic_task_mapping_with_no_taskflow_operators.py for tasks to queue
[2024-05-06T20:16:57.466-0500] {logging_mixin.py:188} INFO - [2024-05-06T20:16:57.466-0500] {dagbag.py:540} INFO - Filling up the DagBag from /Users/paulamedina/venv/lib/python3.12/site-packages/airflow/example_dags/example_dynamic_task_mapping_with_no_taskflow_operators.py
[2024-05-06T20:16:57.473-0500] {processor.py:840} INFO - DAG(s) 'example_dynamic_task_mapping_with_no_taskflow_operators' retrieved from /Users/paulamedina/venv/lib/python3.12/site-packages/airflow/example_dags/example_dynamic_task_mapping_with_no_taskflow_operators.py
[2024-05-06T20:16:57.547-0500] {logging_mixin.py:188} INFO - [2024-05-06T20:16:57.547-0500] {dag.py:3096} INFO - Sync 1 DAGs
[2024-05-06T20:16:57.560-0500] {logging_mixin.py:188} INFO - [2024-05-06T20:16:57.559-0500] {dag.py:3954} INFO - Setting next_dagrun for example_dynamic_task_mapping_with_no_taskflow_operators to 2024-05-06 00:00:00+00:00, run_after=2024-05-07 00:00:00+00:00
[2024-05-06T20:16:57.572-0500] {processor.py:183} INFO - Processing /Users/paulamedina/venv/lib/python3.12/site-packages/airflow/example_dags/example_dynamic_task_mapping_with_no_taskflow_operators.py took 0.110 seconds
[2024-05-06T20:20:25.479-0500] {processor.py:161} INFO - Started process (PID=43688) to work on /Users/paulamedina/venv/lib/python3.12/site-packages/airflow/example_dags/example_dynamic_task_mapping_with_no_taskflow_operators.py
[2024-05-06T20:20:25.480-0500] {processor.py:830} INFO - Processing file /Users/paulamedina/venv/lib/python3.12/site-packages/airflow/example_dags/example_dynamic_task_mapping_with_no_taskflow_operators.py for tasks to queue
[2024-05-06T20:20:25.480-0500] {logging_mixin.py:188} INFO - [2024-05-06T20:20:25.480-0500] {dagbag.py:540} INFO - Filling up the DagBag from /Users/paulamedina/venv/lib/python3.12/site-packages/airflow/example_dags/example_dynamic_task_mapping_with_no_taskflow_operators.py
[2024-05-06T20:20:25.487-0500] {processor.py:840} INFO - DAG(s) 'example_dynamic_task_mapping_with_no_taskflow_operators' retrieved from /Users/paulamedina/venv/lib/python3.12/site-packages/airflow/example_dags/example_dynamic_task_mapping_with_no_taskflow_operators.py
[2024-05-06T20:20:25.563-0500] {logging_mixin.py:188} INFO - [2024-05-06T20:20:25.563-0500] {dag.py:3096} INFO - Sync 1 DAGs
[2024-05-06T20:20:25.576-0500] {logging_mixin.py:188} INFO - [2024-05-06T20:20:25.576-0500] {dag.py:3954} INFO - Setting next_dagrun for example_dynamic_task_mapping_with_no_taskflow_operators to 2024-05-06 00:00:00+00:00, run_after=2024-05-07 00:00:00+00:00
[2024-05-06T20:20:25.590-0500] {processor.py:183} INFO - Processing /Users/paulamedina/venv/lib/python3.12/site-packages/airflow/example_dags/example_dynamic_task_mapping_with_no_taskflow_operators.py took 0.113 seconds
[2024-05-06T20:23:52.545-0500] {processor.py:161} INFO - Started process (PID=44424) to work on /Users/paulamedina/venv/lib/python3.12/site-packages/airflow/example_dags/example_dynamic_task_mapping_with_no_taskflow_operators.py
[2024-05-06T20:23:52.545-0500] {processor.py:830} INFO - Processing file /Users/paulamedina/venv/lib/python3.12/site-packages/airflow/example_dags/example_dynamic_task_mapping_with_no_taskflow_operators.py for tasks to queue
[2024-05-06T20:23:52.546-0500] {logging_mixin.py:188} INFO - [2024-05-06T20:23:52.546-0500] {dagbag.py:540} INFO - Filling up the DagBag from /Users/paulamedina/venv/lib/python3.12/site-packages/airflow/example_dags/example_dynamic_task_mapping_with_no_taskflow_operators.py
[2024-05-06T20:23:52.553-0500] {processor.py:840} INFO - DAG(s) 'example_dynamic_task_mapping_with_no_taskflow_operators' retrieved from /Users/paulamedina/venv/lib/python3.12/site-packages/airflow/example_dags/example_dynamic_task_mapping_with_no_taskflow_operators.py
[2024-05-06T20:23:52.630-0500] {logging_mixin.py:188} INFO - [2024-05-06T20:23:52.629-0500] {dag.py:3096} INFO - Sync 1 DAGs
[2024-05-06T20:23:52.642-0500] {logging_mixin.py:188} INFO - [2024-05-06T20:23:52.642-0500] {dag.py:3954} INFO - Setting next_dagrun for example_dynamic_task_mapping_with_no_taskflow_operators to 2024-05-06 00:00:00+00:00, run_after=2024-05-07 00:00:00+00:00
[2024-05-06T20:23:52.656-0500] {processor.py:183} INFO - Processing /Users/paulamedina/venv/lib/python3.12/site-packages/airflow/example_dags/example_dynamic_task_mapping_with_no_taskflow_operators.py took 0.114 seconds
[2024-05-06T20:27:16.876-0500] {processor.py:161} INFO - Started process (PID=45148) to work on /Users/paulamedina/venv/lib/python3.12/site-packages/airflow/example_dags/example_dynamic_task_mapping_with_no_taskflow_operators.py
[2024-05-06T20:27:16.876-0500] {processor.py:830} INFO - Processing file /Users/paulamedina/venv/lib/python3.12/site-packages/airflow/example_dags/example_dynamic_task_mapping_with_no_taskflow_operators.py for tasks to queue
[2024-05-06T20:27:16.877-0500] {logging_mixin.py:188} INFO - [2024-05-06T20:27:16.877-0500] {dagbag.py:540} INFO - Filling up the DagBag from /Users/paulamedina/venv/lib/python3.12/site-packages/airflow/example_dags/example_dynamic_task_mapping_with_no_taskflow_operators.py
[2024-05-06T20:27:16.885-0500] {processor.py:840} INFO - DAG(s) 'example_dynamic_task_mapping_with_no_taskflow_operators' retrieved from /Users/paulamedina/venv/lib/python3.12/site-packages/airflow/example_dags/example_dynamic_task_mapping_with_no_taskflow_operators.py
[2024-05-06T20:27:16.975-0500] {logging_mixin.py:188} INFO - [2024-05-06T20:27:16.974-0500] {dag.py:3096} INFO - Sync 1 DAGs
[2024-05-06T20:27:16.989-0500] {logging_mixin.py:188} INFO - [2024-05-06T20:27:16.989-0500] {dag.py:3954} INFO - Setting next_dagrun for example_dynamic_task_mapping_with_no_taskflow_operators to 2024-05-06 00:00:00+00:00, run_after=2024-05-07 00:00:00+00:00
[2024-05-06T20:27:17.004-0500] {processor.py:183} INFO - Processing /Users/paulamedina/venv/lib/python3.12/site-packages/airflow/example_dags/example_dynamic_task_mapping_with_no_taskflow_operators.py took 0.131 seconds
[2024-05-06T20:30:42.887-0500] {processor.py:161} INFO - Started process (PID=45978) to work on /Users/paulamedina/venv/lib/python3.12/site-packages/airflow/example_dags/example_dynamic_task_mapping_with_no_taskflow_operators.py
[2024-05-06T20:30:42.889-0500] {processor.py:830} INFO - Processing file /Users/paulamedina/venv/lib/python3.12/site-packages/airflow/example_dags/example_dynamic_task_mapping_with_no_taskflow_operators.py for tasks to queue
[2024-05-06T20:30:42.889-0500] {logging_mixin.py:188} INFO - [2024-05-06T20:30:42.889-0500] {dagbag.py:540} INFO - Filling up the DagBag from /Users/paulamedina/venv/lib/python3.12/site-packages/airflow/example_dags/example_dynamic_task_mapping_with_no_taskflow_operators.py
[2024-05-06T20:30:42.898-0500] {processor.py:840} INFO - DAG(s) 'example_dynamic_task_mapping_with_no_taskflow_operators' retrieved from /Users/paulamedina/venv/lib/python3.12/site-packages/airflow/example_dags/example_dynamic_task_mapping_with_no_taskflow_operators.py
[2024-05-06T20:30:42.992-0500] {logging_mixin.py:188} INFO - [2024-05-06T20:30:42.992-0500] {dag.py:3096} INFO - Sync 1 DAGs
[2024-05-06T20:30:43.008-0500] {logging_mixin.py:188} INFO - [2024-05-06T20:30:43.008-0500] {dag.py:3954} INFO - Setting next_dagrun for example_dynamic_task_mapping_with_no_taskflow_operators to 2024-05-06 00:00:00+00:00, run_after=2024-05-07 00:00:00+00:00
[2024-05-06T20:30:43.025-0500] {processor.py:183} INFO - Processing /Users/paulamedina/venv/lib/python3.12/site-packages/airflow/example_dags/example_dynamic_task_mapping_with_no_taskflow_operators.py took 0.140 seconds
[2024-05-06T20:34:06.501-0500] {processor.py:161} INFO - Started process (PID=46714) to work on /Users/paulamedina/venv/lib/python3.12/site-packages/airflow/example_dags/example_dynamic_task_mapping_with_no_taskflow_operators.py
[2024-05-06T20:34:06.502-0500] {processor.py:830} INFO - Processing file /Users/paulamedina/venv/lib/python3.12/site-packages/airflow/example_dags/example_dynamic_task_mapping_with_no_taskflow_operators.py for tasks to queue
[2024-05-06T20:34:06.503-0500] {logging_mixin.py:188} INFO - [2024-05-06T20:34:06.503-0500] {dagbag.py:540} INFO - Filling up the DagBag from /Users/paulamedina/venv/lib/python3.12/site-packages/airflow/example_dags/example_dynamic_task_mapping_with_no_taskflow_operators.py
[2024-05-06T20:34:06.511-0500] {processor.py:840} INFO - DAG(s) 'example_dynamic_task_mapping_with_no_taskflow_operators' retrieved from /Users/paulamedina/venv/lib/python3.12/site-packages/airflow/example_dags/example_dynamic_task_mapping_with_no_taskflow_operators.py
[2024-05-06T20:34:06.598-0500] {logging_mixin.py:188} INFO - [2024-05-06T20:34:06.597-0500] {dag.py:3096} INFO - Sync 1 DAGs
[2024-05-06T20:34:06.612-0500] {logging_mixin.py:188} INFO - [2024-05-06T20:34:06.612-0500] {dag.py:3954} INFO - Setting next_dagrun for example_dynamic_task_mapping_with_no_taskflow_operators to 2024-05-06 00:00:00+00:00, run_after=2024-05-07 00:00:00+00:00
[2024-05-06T20:34:06.628-0500] {processor.py:183} INFO - Processing /Users/paulamedina/venv/lib/python3.12/site-packages/airflow/example_dags/example_dynamic_task_mapping_with_no_taskflow_operators.py took 0.129 seconds
[2024-05-06T20:37:21.328-0500] {processor.py:161} INFO - Started process (PID=47410) to work on /Users/paulamedina/venv/lib/python3.12/site-packages/airflow/example_dags/example_dynamic_task_mapping_with_no_taskflow_operators.py
[2024-05-06T20:37:21.329-0500] {processor.py:830} INFO - Processing file /Users/paulamedina/venv/lib/python3.12/site-packages/airflow/example_dags/example_dynamic_task_mapping_with_no_taskflow_operators.py for tasks to queue
[2024-05-06T20:37:21.329-0500] {logging_mixin.py:188} INFO - [2024-05-06T20:37:21.329-0500] {dagbag.py:540} INFO - Filling up the DagBag from /Users/paulamedina/venv/lib/python3.12/site-packages/airflow/example_dags/example_dynamic_task_mapping_with_no_taskflow_operators.py
[2024-05-06T20:37:21.336-0500] {processor.py:840} INFO - DAG(s) 'example_dynamic_task_mapping_with_no_taskflow_operators' retrieved from /Users/paulamedina/venv/lib/python3.12/site-packages/airflow/example_dags/example_dynamic_task_mapping_with_no_taskflow_operators.py
[2024-05-06T20:37:21.411-0500] {logging_mixin.py:188} INFO - [2024-05-06T20:37:21.410-0500] {dag.py:3096} INFO - Sync 1 DAGs
[2024-05-06T20:37:21.423-0500] {logging_mixin.py:188} INFO - [2024-05-06T20:37:21.423-0500] {dag.py:3954} INFO - Setting next_dagrun for example_dynamic_task_mapping_with_no_taskflow_operators to 2024-05-06 00:00:00+00:00, run_after=2024-05-07 00:00:00+00:00
[2024-05-06T20:37:21.436-0500] {processor.py:183} INFO - Processing /Users/paulamedina/venv/lib/python3.12/site-packages/airflow/example_dags/example_dynamic_task_mapping_with_no_taskflow_operators.py took 0.109 seconds
[2024-05-06T20:40:47.838-0500] {processor.py:161} INFO - Started process (PID=48130) to work on /Users/paulamedina/venv/lib/python3.12/site-packages/airflow/example_dags/example_dynamic_task_mapping_with_no_taskflow_operators.py
[2024-05-06T20:40:47.839-0500] {processor.py:830} INFO - Processing file /Users/paulamedina/venv/lib/python3.12/site-packages/airflow/example_dags/example_dynamic_task_mapping_with_no_taskflow_operators.py for tasks to queue
[2024-05-06T20:40:47.839-0500] {logging_mixin.py:188} INFO - [2024-05-06T20:40:47.839-0500] {dagbag.py:540} INFO - Filling up the DagBag from /Users/paulamedina/venv/lib/python3.12/site-packages/airflow/example_dags/example_dynamic_task_mapping_with_no_taskflow_operators.py
[2024-05-06T20:40:47.846-0500] {processor.py:840} INFO - DAG(s) 'example_dynamic_task_mapping_with_no_taskflow_operators' retrieved from /Users/paulamedina/venv/lib/python3.12/site-packages/airflow/example_dags/example_dynamic_task_mapping_with_no_taskflow_operators.py
[2024-05-06T20:40:47.922-0500] {logging_mixin.py:188} INFO - [2024-05-06T20:40:47.922-0500] {dag.py:3096} INFO - Sync 1 DAGs
[2024-05-06T20:40:47.934-0500] {logging_mixin.py:188} INFO - [2024-05-06T20:40:47.934-0500] {dag.py:3954} INFO - Setting next_dagrun for example_dynamic_task_mapping_with_no_taskflow_operators to 2024-05-06 00:00:00+00:00, run_after=2024-05-07 00:00:00+00:00
[2024-05-06T20:40:47.949-0500] {processor.py:183} INFO - Processing /Users/paulamedina/venv/lib/python3.12/site-packages/airflow/example_dags/example_dynamic_task_mapping_with_no_taskflow_operators.py took 0.113 seconds
[2024-05-06T20:44:12.953-0500] {processor.py:161} INFO - Started process (PID=48869) to work on /Users/paulamedina/venv/lib/python3.12/site-packages/airflow/example_dags/example_dynamic_task_mapping_with_no_taskflow_operators.py
[2024-05-06T20:44:12.954-0500] {processor.py:830} INFO - Processing file /Users/paulamedina/venv/lib/python3.12/site-packages/airflow/example_dags/example_dynamic_task_mapping_with_no_taskflow_operators.py for tasks to queue
[2024-05-06T20:44:12.954-0500] {logging_mixin.py:188} INFO - [2024-05-06T20:44:12.954-0500] {dagbag.py:540} INFO - Filling up the DagBag from /Users/paulamedina/venv/lib/python3.12/site-packages/airflow/example_dags/example_dynamic_task_mapping_with_no_taskflow_operators.py
[2024-05-06T20:44:12.962-0500] {processor.py:840} INFO - DAG(s) 'example_dynamic_task_mapping_with_no_taskflow_operators' retrieved from /Users/paulamedina/venv/lib/python3.12/site-packages/airflow/example_dags/example_dynamic_task_mapping_with_no_taskflow_operators.py
[2024-05-06T20:44:13.049-0500] {logging_mixin.py:188} INFO - [2024-05-06T20:44:13.049-0500] {dag.py:3096} INFO - Sync 1 DAGs
[2024-05-06T20:44:13.063-0500] {logging_mixin.py:188} INFO - [2024-05-06T20:44:13.063-0500] {dag.py:3954} INFO - Setting next_dagrun for example_dynamic_task_mapping_with_no_taskflow_operators to 2024-05-06 00:00:00+00:00, run_after=2024-05-07 00:00:00+00:00
[2024-05-06T20:44:13.080-0500] {processor.py:183} INFO - Processing /Users/paulamedina/venv/lib/python3.12/site-packages/airflow/example_dags/example_dynamic_task_mapping_with_no_taskflow_operators.py took 0.130 seconds
[2024-05-06T20:47:43.033-0500] {processor.py:161} INFO - Started process (PID=49702) to work on /Users/paulamedina/venv/lib/python3.12/site-packages/airflow/example_dags/example_dynamic_task_mapping_with_no_taskflow_operators.py
[2024-05-06T20:47:43.033-0500] {processor.py:830} INFO - Processing file /Users/paulamedina/venv/lib/python3.12/site-packages/airflow/example_dags/example_dynamic_task_mapping_with_no_taskflow_operators.py for tasks to queue
[2024-05-06T20:47:43.034-0500] {logging_mixin.py:188} INFO - [2024-05-06T20:47:43.034-0500] {dagbag.py:540} INFO - Filling up the DagBag from /Users/paulamedina/venv/lib/python3.12/site-packages/airflow/example_dags/example_dynamic_task_mapping_with_no_taskflow_operators.py
[2024-05-06T20:47:43.040-0500] {processor.py:840} INFO - DAG(s) 'example_dynamic_task_mapping_with_no_taskflow_operators' retrieved from /Users/paulamedina/venv/lib/python3.12/site-packages/airflow/example_dags/example_dynamic_task_mapping_with_no_taskflow_operators.py
[2024-05-06T20:47:43.117-0500] {logging_mixin.py:188} INFO - [2024-05-06T20:47:43.117-0500] {dag.py:3096} INFO - Sync 1 DAGs
[2024-05-06T20:47:43.130-0500] {logging_mixin.py:188} INFO - [2024-05-06T20:47:43.130-0500] {dag.py:3954} INFO - Setting next_dagrun for example_dynamic_task_mapping_with_no_taskflow_operators to 2024-05-06 00:00:00+00:00, run_after=2024-05-07 00:00:00+00:00
[2024-05-06T20:47:43.144-0500] {processor.py:183} INFO - Processing /Users/paulamedina/venv/lib/python3.12/site-packages/airflow/example_dags/example_dynamic_task_mapping_with_no_taskflow_operators.py took 0.113 seconds
[2024-05-06T20:51:11.946-0500] {processor.py:161} INFO - Started process (PID=50429) to work on /Users/paulamedina/venv/lib/python3.12/site-packages/airflow/example_dags/example_dynamic_task_mapping_with_no_taskflow_operators.py
[2024-05-06T20:51:11.947-0500] {processor.py:830} INFO - Processing file /Users/paulamedina/venv/lib/python3.12/site-packages/airflow/example_dags/example_dynamic_task_mapping_with_no_taskflow_operators.py for tasks to queue
[2024-05-06T20:51:11.948-0500] {logging_mixin.py:188} INFO - [2024-05-06T20:51:11.947-0500] {dagbag.py:540} INFO - Filling up the DagBag from /Users/paulamedina/venv/lib/python3.12/site-packages/airflow/example_dags/example_dynamic_task_mapping_with_no_taskflow_operators.py
[2024-05-06T20:51:11.954-0500] {processor.py:840} INFO - DAG(s) 'example_dynamic_task_mapping_with_no_taskflow_operators' retrieved from /Users/paulamedina/venv/lib/python3.12/site-packages/airflow/example_dags/example_dynamic_task_mapping_with_no_taskflow_operators.py
[2024-05-06T20:51:12.030-0500] {logging_mixin.py:188} INFO - [2024-05-06T20:51:12.030-0500] {dag.py:3096} INFO - Sync 1 DAGs
[2024-05-06T20:51:12.043-0500] {logging_mixin.py:188} INFO - [2024-05-06T20:51:12.043-0500] {dag.py:3954} INFO - Setting next_dagrun for example_dynamic_task_mapping_with_no_taskflow_operators to 2024-05-06 00:00:00+00:00, run_after=2024-05-07 00:00:00+00:00
[2024-05-06T20:51:12.057-0500] {processor.py:183} INFO - Processing /Users/paulamedina/venv/lib/python3.12/site-packages/airflow/example_dags/example_dynamic_task_mapping_with_no_taskflow_operators.py took 0.113 seconds
[2024-05-06T20:54:40.764-0500] {processor.py:161} INFO - Started process (PID=51174) to work on /Users/paulamedina/venv/lib/python3.12/site-packages/airflow/example_dags/example_dynamic_task_mapping_with_no_taskflow_operators.py
[2024-05-06T20:54:40.765-0500] {processor.py:830} INFO - Processing file /Users/paulamedina/venv/lib/python3.12/site-packages/airflow/example_dags/example_dynamic_task_mapping_with_no_taskflow_operators.py for tasks to queue
[2024-05-06T20:54:40.766-0500] {logging_mixin.py:188} INFO - [2024-05-06T20:54:40.765-0500] {dagbag.py:540} INFO - Filling up the DagBag from /Users/paulamedina/venv/lib/python3.12/site-packages/airflow/example_dags/example_dynamic_task_mapping_with_no_taskflow_operators.py
[2024-05-06T20:54:40.773-0500] {processor.py:840} INFO - DAG(s) 'example_dynamic_task_mapping_with_no_taskflow_operators' retrieved from /Users/paulamedina/venv/lib/python3.12/site-packages/airflow/example_dags/example_dynamic_task_mapping_with_no_taskflow_operators.py
[2024-05-06T20:54:40.859-0500] {logging_mixin.py:188} INFO - [2024-05-06T20:54:40.859-0500] {dag.py:3096} INFO - Sync 1 DAGs
[2024-05-06T20:54:40.873-0500] {logging_mixin.py:188} INFO - [2024-05-06T20:54:40.873-0500] {dag.py:3954} INFO - Setting next_dagrun for example_dynamic_task_mapping_with_no_taskflow_operators to 2024-05-06 00:00:00+00:00, run_after=2024-05-07 00:00:00+00:00
[2024-05-06T20:54:40.888-0500] {processor.py:183} INFO - Processing /Users/paulamedina/venv/lib/python3.12/site-packages/airflow/example_dags/example_dynamic_task_mapping_with_no_taskflow_operators.py took 0.126 seconds
[2024-05-06T20:58:09.093-0500] {processor.py:161} INFO - Started process (PID=51913) to work on /Users/paulamedina/venv/lib/python3.12/site-packages/airflow/example_dags/example_dynamic_task_mapping_with_no_taskflow_operators.py
[2024-05-06T20:58:09.094-0500] {processor.py:830} INFO - Processing file /Users/paulamedina/venv/lib/python3.12/site-packages/airflow/example_dags/example_dynamic_task_mapping_with_no_taskflow_operators.py for tasks to queue
[2024-05-06T20:58:09.094-0500] {logging_mixin.py:188} INFO - [2024-05-06T20:58:09.094-0500] {dagbag.py:540} INFO - Filling up the DagBag from /Users/paulamedina/venv/lib/python3.12/site-packages/airflow/example_dags/example_dynamic_task_mapping_with_no_taskflow_operators.py
[2024-05-06T20:58:09.101-0500] {processor.py:840} INFO - DAG(s) 'example_dynamic_task_mapping_with_no_taskflow_operators' retrieved from /Users/paulamedina/venv/lib/python3.12/site-packages/airflow/example_dags/example_dynamic_task_mapping_with_no_taskflow_operators.py
[2024-05-06T20:58:09.177-0500] {logging_mixin.py:188} INFO - [2024-05-06T20:58:09.177-0500] {dag.py:3096} INFO - Sync 1 DAGs
[2024-05-06T20:58:09.189-0500] {logging_mixin.py:188} INFO - [2024-05-06T20:58:09.189-0500] {dag.py:3954} INFO - Setting next_dagrun for example_dynamic_task_mapping_with_no_taskflow_operators to 2024-05-06 00:00:00+00:00, run_after=2024-05-07 00:00:00+00:00
[2024-05-06T20:58:09.203-0500] {processor.py:183} INFO - Processing /Users/paulamedina/venv/lib/python3.12/site-packages/airflow/example_dags/example_dynamic_task_mapping_with_no_taskflow_operators.py took 0.112 seconds
[2024-05-06T21:02:04.347-0500] {processor.py:161} INFO - Started process (PID=52782) to work on /Users/paulamedina/venv/lib/python3.12/site-packages/airflow/example_dags/example_dynamic_task_mapping_with_no_taskflow_operators.py
[2024-05-06T21:02:04.347-0500] {processor.py:830} INFO - Processing file /Users/paulamedina/venv/lib/python3.12/site-packages/airflow/example_dags/example_dynamic_task_mapping_with_no_taskflow_operators.py for tasks to queue
[2024-05-06T21:02:04.348-0500] {logging_mixin.py:188} INFO - [2024-05-06T21:02:04.348-0500] {dagbag.py:540} INFO - Filling up the DagBag from /Users/paulamedina/venv/lib/python3.12/site-packages/airflow/example_dags/example_dynamic_task_mapping_with_no_taskflow_operators.py
[2024-05-06T21:02:04.355-0500] {processor.py:840} INFO - DAG(s) 'example_dynamic_task_mapping_with_no_taskflow_operators' retrieved from /Users/paulamedina/venv/lib/python3.12/site-packages/airflow/example_dags/example_dynamic_task_mapping_with_no_taskflow_operators.py
[2024-05-06T21:02:04.443-0500] {logging_mixin.py:188} INFO - [2024-05-06T21:02:04.442-0500] {dag.py:3096} INFO - Sync 1 DAGs
[2024-05-06T21:02:04.455-0500] {logging_mixin.py:188} INFO - [2024-05-06T21:02:04.455-0500] {dag.py:3954} INFO - Setting next_dagrun for example_dynamic_task_mapping_with_no_taskflow_operators to 2024-05-06 00:00:00+00:00, run_after=2024-05-07 00:00:00+00:00
[2024-05-06T21:02:04.471-0500] {processor.py:183} INFO - Processing /Users/paulamedina/venv/lib/python3.12/site-packages/airflow/example_dags/example_dynamic_task_mapping_with_no_taskflow_operators.py took 0.127 seconds
[2024-05-06T21:05:28.911-0500] {processor.py:161} INFO - Started process (PID=53678) to work on /Users/paulamedina/venv/lib/python3.12/site-packages/airflow/example_dags/example_dynamic_task_mapping_with_no_taskflow_operators.py
[2024-05-06T21:05:28.912-0500] {processor.py:830} INFO - Processing file /Users/paulamedina/venv/lib/python3.12/site-packages/airflow/example_dags/example_dynamic_task_mapping_with_no_taskflow_operators.py for tasks to queue
[2024-05-06T21:05:28.913-0500] {logging_mixin.py:188} INFO - [2024-05-06T21:05:28.913-0500] {dagbag.py:540} INFO - Filling up the DagBag from /Users/paulamedina/venv/lib/python3.12/site-packages/airflow/example_dags/example_dynamic_task_mapping_with_no_taskflow_operators.py
[2024-05-06T21:05:28.921-0500] {processor.py:840} INFO - DAG(s) 'example_dynamic_task_mapping_with_no_taskflow_operators' retrieved from /Users/paulamedina/venv/lib/python3.12/site-packages/airflow/example_dags/example_dynamic_task_mapping_with_no_taskflow_operators.py
[2024-05-06T21:05:29.010-0500] {logging_mixin.py:188} INFO - [2024-05-06T21:05:29.009-0500] {dag.py:3096} INFO - Sync 1 DAGs
[2024-05-06T21:05:29.024-0500] {logging_mixin.py:188} INFO - [2024-05-06T21:05:29.024-0500] {dag.py:3954} INFO - Setting next_dagrun for example_dynamic_task_mapping_with_no_taskflow_operators to 2024-05-06 00:00:00+00:00, run_after=2024-05-07 00:00:00+00:00
[2024-05-06T21:05:29.040-0500] {processor.py:183} INFO - Processing /Users/paulamedina/venv/lib/python3.12/site-packages/airflow/example_dags/example_dynamic_task_mapping_with_no_taskflow_operators.py took 0.131 seconds
[2024-05-06T21:08:52.148-0500] {processor.py:161} INFO - Started process (PID=54405) to work on /Users/paulamedina/venv/lib/python3.12/site-packages/airflow/example_dags/example_dynamic_task_mapping_with_no_taskflow_operators.py
[2024-05-06T21:08:52.149-0500] {processor.py:830} INFO - Processing file /Users/paulamedina/venv/lib/python3.12/site-packages/airflow/example_dags/example_dynamic_task_mapping_with_no_taskflow_operators.py for tasks to queue
[2024-05-06T21:08:52.149-0500] {logging_mixin.py:188} INFO - [2024-05-06T21:08:52.149-0500] {dagbag.py:540} INFO - Filling up the DagBag from /Users/paulamedina/venv/lib/python3.12/site-packages/airflow/example_dags/example_dynamic_task_mapping_with_no_taskflow_operators.py
[2024-05-06T21:08:52.156-0500] {processor.py:840} INFO - DAG(s) 'example_dynamic_task_mapping_with_no_taskflow_operators' retrieved from /Users/paulamedina/venv/lib/python3.12/site-packages/airflow/example_dags/example_dynamic_task_mapping_with_no_taskflow_operators.py
[2024-05-06T21:08:52.233-0500] {logging_mixin.py:188} INFO - [2024-05-06T21:08:52.233-0500] {dag.py:3096} INFO - Sync 1 DAGs
[2024-05-06T21:08:52.246-0500] {logging_mixin.py:188} INFO - [2024-05-06T21:08:52.245-0500] {dag.py:3954} INFO - Setting next_dagrun for example_dynamic_task_mapping_with_no_taskflow_operators to 2024-05-06 00:00:00+00:00, run_after=2024-05-07 00:00:00+00:00
[2024-05-06T21:08:52.260-0500] {processor.py:183} INFO - Processing /Users/paulamedina/venv/lib/python3.12/site-packages/airflow/example_dags/example_dynamic_task_mapping_with_no_taskflow_operators.py took 0.114 seconds
[2024-05-06T21:12:15.264-0500] {processor.py:161} INFO - Started process (PID=55121) to work on /Users/paulamedina/venv/lib/python3.12/site-packages/airflow/example_dags/example_dynamic_task_mapping_with_no_taskflow_operators.py
[2024-05-06T21:12:15.264-0500] {processor.py:830} INFO - Processing file /Users/paulamedina/venv/lib/python3.12/site-packages/airflow/example_dags/example_dynamic_task_mapping_with_no_taskflow_operators.py for tasks to queue
[2024-05-06T21:12:15.265-0500] {logging_mixin.py:188} INFO - [2024-05-06T21:12:15.265-0500] {dagbag.py:540} INFO - Filling up the DagBag from /Users/paulamedina/venv/lib/python3.12/site-packages/airflow/example_dags/example_dynamic_task_mapping_with_no_taskflow_operators.py
[2024-05-06T21:12:15.271-0500] {processor.py:840} INFO - DAG(s) 'example_dynamic_task_mapping_with_no_taskflow_operators' retrieved from /Users/paulamedina/venv/lib/python3.12/site-packages/airflow/example_dags/example_dynamic_task_mapping_with_no_taskflow_operators.py
[2024-05-06T21:12:15.346-0500] {logging_mixin.py:188} INFO - [2024-05-06T21:12:15.345-0500] {dag.py:3096} INFO - Sync 1 DAGs
[2024-05-06T21:12:15.358-0500] {logging_mixin.py:188} INFO - [2024-05-06T21:12:15.358-0500] {dag.py:3954} INFO - Setting next_dagrun for example_dynamic_task_mapping_with_no_taskflow_operators to 2024-05-06 00:00:00+00:00, run_after=2024-05-07 00:00:00+00:00
[2024-05-06T21:12:15.375-0500] {processor.py:183} INFO - Processing /Users/paulamedina/venv/lib/python3.12/site-packages/airflow/example_dags/example_dynamic_task_mapping_with_no_taskflow_operators.py took 0.114 seconds
[2024-05-06T21:15:40.633-0500] {processor.py:161} INFO - Started process (PID=55841) to work on /Users/paulamedina/venv/lib/python3.12/site-packages/airflow/example_dags/example_dynamic_task_mapping_with_no_taskflow_operators.py
[2024-05-06T21:15:40.633-0500] {processor.py:830} INFO - Processing file /Users/paulamedina/venv/lib/python3.12/site-packages/airflow/example_dags/example_dynamic_task_mapping_with_no_taskflow_operators.py for tasks to queue
[2024-05-06T21:15:40.634-0500] {logging_mixin.py:188} INFO - [2024-05-06T21:15:40.634-0500] {dagbag.py:540} INFO - Filling up the DagBag from /Users/paulamedina/venv/lib/python3.12/site-packages/airflow/example_dags/example_dynamic_task_mapping_with_no_taskflow_operators.py
[2024-05-06T21:15:40.640-0500] {processor.py:840} INFO - DAG(s) 'example_dynamic_task_mapping_with_no_taskflow_operators' retrieved from /Users/paulamedina/venv/lib/python3.12/site-packages/airflow/example_dags/example_dynamic_task_mapping_with_no_taskflow_operators.py
[2024-05-06T21:15:40.716-0500] {logging_mixin.py:188} INFO - [2024-05-06T21:15:40.716-0500] {dag.py:3096} INFO - Sync 1 DAGs
[2024-05-06T21:15:40.728-0500] {logging_mixin.py:188} INFO - [2024-05-06T21:15:40.728-0500] {dag.py:3954} INFO - Setting next_dagrun for example_dynamic_task_mapping_with_no_taskflow_operators to 2024-05-06 00:00:00+00:00, run_after=2024-05-07 00:00:00+00:00
[2024-05-06T21:15:40.742-0500] {processor.py:183} INFO - Processing /Users/paulamedina/venv/lib/python3.12/site-packages/airflow/example_dags/example_dynamic_task_mapping_with_no_taskflow_operators.py took 0.111 seconds
[2024-05-06T21:19:14.041-0500] {processor.py:161} INFO - Started process (PID=56597) to work on /Users/paulamedina/venv/lib/python3.12/site-packages/airflow/example_dags/example_dynamic_task_mapping_with_no_taskflow_operators.py
[2024-05-06T21:19:14.042-0500] {processor.py:830} INFO - Processing file /Users/paulamedina/venv/lib/python3.12/site-packages/airflow/example_dags/example_dynamic_task_mapping_with_no_taskflow_operators.py for tasks to queue
[2024-05-06T21:19:14.042-0500] {logging_mixin.py:188} INFO - [2024-05-06T21:19:14.042-0500] {dagbag.py:540} INFO - Filling up the DagBag from /Users/paulamedina/venv/lib/python3.12/site-packages/airflow/example_dags/example_dynamic_task_mapping_with_no_taskflow_operators.py
[2024-05-06T21:19:14.049-0500] {processor.py:840} INFO - DAG(s) 'example_dynamic_task_mapping_with_no_taskflow_operators' retrieved from /Users/paulamedina/venv/lib/python3.12/site-packages/airflow/example_dags/example_dynamic_task_mapping_with_no_taskflow_operators.py
[2024-05-06T21:19:14.125-0500] {logging_mixin.py:188} INFO - [2024-05-06T21:19:14.125-0500] {dag.py:3096} INFO - Sync 1 DAGs
[2024-05-06T21:19:14.139-0500] {logging_mixin.py:188} INFO - [2024-05-06T21:19:14.139-0500] {dag.py:3954} INFO - Setting next_dagrun for example_dynamic_task_mapping_with_no_taskflow_operators to 2024-05-06 00:00:00+00:00, run_after=2024-05-07 00:00:00+00:00
[2024-05-06T21:19:14.155-0500] {processor.py:183} INFO - Processing /Users/paulamedina/venv/lib/python3.12/site-packages/airflow/example_dags/example_dynamic_task_mapping_with_no_taskflow_operators.py took 0.116 seconds
[2024-05-06T21:22:45.138-0500] {processor.py:161} INFO - Started process (PID=57430) to work on /Users/paulamedina/venv/lib/python3.12/site-packages/airflow/example_dags/example_dynamic_task_mapping_with_no_taskflow_operators.py
[2024-05-06T21:22:45.139-0500] {processor.py:830} INFO - Processing file /Users/paulamedina/venv/lib/python3.12/site-packages/airflow/example_dags/example_dynamic_task_mapping_with_no_taskflow_operators.py for tasks to queue
[2024-05-06T21:22:45.139-0500] {logging_mixin.py:188} INFO - [2024-05-06T21:22:45.139-0500] {dagbag.py:540} INFO - Filling up the DagBag from /Users/paulamedina/venv/lib/python3.12/site-packages/airflow/example_dags/example_dynamic_task_mapping_with_no_taskflow_operators.py
[2024-05-06T21:22:45.147-0500] {processor.py:840} INFO - DAG(s) 'example_dynamic_task_mapping_with_no_taskflow_operators' retrieved from /Users/paulamedina/venv/lib/python3.12/site-packages/airflow/example_dags/example_dynamic_task_mapping_with_no_taskflow_operators.py
[2024-05-06T21:22:45.234-0500] {logging_mixin.py:188} INFO - [2024-05-06T21:22:45.234-0500] {dag.py:3096} INFO - Sync 1 DAGs
[2024-05-06T21:22:45.249-0500] {logging_mixin.py:188} INFO - [2024-05-06T21:22:45.249-0500] {dag.py:3954} INFO - Setting next_dagrun for example_dynamic_task_mapping_with_no_taskflow_operators to 2024-05-06 00:00:00+00:00, run_after=2024-05-07 00:00:00+00:00
[2024-05-06T21:22:45.264-0500] {processor.py:183} INFO - Processing /Users/paulamedina/venv/lib/python3.12/site-packages/airflow/example_dags/example_dynamic_task_mapping_with_no_taskflow_operators.py took 0.128 seconds
[2024-05-06T21:26:17.061-0500] {processor.py:161} INFO - Started process (PID=58184) to work on /Users/paulamedina/venv/lib/python3.12/site-packages/airflow/example_dags/example_dynamic_task_mapping_with_no_taskflow_operators.py
[2024-05-06T21:26:17.061-0500] {processor.py:830} INFO - Processing file /Users/paulamedina/venv/lib/python3.12/site-packages/airflow/example_dags/example_dynamic_task_mapping_with_no_taskflow_operators.py for tasks to queue
[2024-05-06T21:26:17.062-0500] {logging_mixin.py:188} INFO - [2024-05-06T21:26:17.062-0500] {dagbag.py:540} INFO - Filling up the DagBag from /Users/paulamedina/venv/lib/python3.12/site-packages/airflow/example_dags/example_dynamic_task_mapping_with_no_taskflow_operators.py
[2024-05-06T21:26:17.069-0500] {processor.py:840} INFO - DAG(s) 'example_dynamic_task_mapping_with_no_taskflow_operators' retrieved from /Users/paulamedina/venv/lib/python3.12/site-packages/airflow/example_dags/example_dynamic_task_mapping_with_no_taskflow_operators.py
[2024-05-06T21:26:17.145-0500] {logging_mixin.py:188} INFO - [2024-05-06T21:26:17.145-0500] {dag.py:3096} INFO - Sync 1 DAGs
[2024-05-06T21:26:17.158-0500] {logging_mixin.py:188} INFO - [2024-05-06T21:26:17.158-0500] {dag.py:3954} INFO - Setting next_dagrun for example_dynamic_task_mapping_with_no_taskflow_operators to 2024-05-06 00:00:00+00:00, run_after=2024-05-07 00:00:00+00:00
[2024-05-06T21:26:17.172-0500] {processor.py:183} INFO - Processing /Users/paulamedina/venv/lib/python3.12/site-packages/airflow/example_dags/example_dynamic_task_mapping_with_no_taskflow_operators.py took 0.113 seconds
[2024-05-06T21:29:54.621-0500] {processor.py:161} INFO - Started process (PID=58944) to work on /Users/paulamedina/venv/lib/python3.12/site-packages/airflow/example_dags/example_dynamic_task_mapping_with_no_taskflow_operators.py
[2024-05-06T21:29:54.622-0500] {processor.py:830} INFO - Processing file /Users/paulamedina/venv/lib/python3.12/site-packages/airflow/example_dags/example_dynamic_task_mapping_with_no_taskflow_operators.py for tasks to queue
[2024-05-06T21:29:54.623-0500] {logging_mixin.py:188} INFO - [2024-05-06T21:29:54.623-0500] {dagbag.py:540} INFO - Filling up the DagBag from /Users/paulamedina/venv/lib/python3.12/site-packages/airflow/example_dags/example_dynamic_task_mapping_with_no_taskflow_operators.py
[2024-05-06T21:29:54.634-0500] {processor.py:840} INFO - DAG(s) 'example_dynamic_task_mapping_with_no_taskflow_operators' retrieved from /Users/paulamedina/venv/lib/python3.12/site-packages/airflow/example_dags/example_dynamic_task_mapping_with_no_taskflow_operators.py
[2024-05-06T21:29:54.759-0500] {logging_mixin.py:188} INFO - [2024-05-06T21:29:54.758-0500] {dag.py:3096} INFO - Sync 1 DAGs
[2024-05-06T21:29:54.779-0500] {logging_mixin.py:188} INFO - [2024-05-06T21:29:54.779-0500] {dag.py:3954} INFO - Setting next_dagrun for example_dynamic_task_mapping_with_no_taskflow_operators to 2024-05-06 00:00:00+00:00, run_after=2024-05-07 00:00:00+00:00
[2024-05-06T21:29:54.800-0500] {processor.py:183} INFO - Processing /Users/paulamedina/venv/lib/python3.12/site-packages/airflow/example_dags/example_dynamic_task_mapping_with_no_taskflow_operators.py took 0.181 seconds
[2024-05-06T21:34:06.924-0500] {processor.py:161} INFO - Started process (PID=59874) to work on /Users/paulamedina/venv/lib/python3.12/site-packages/airflow/example_dags/example_dynamic_task_mapping_with_no_taskflow_operators.py
[2024-05-06T21:34:06.925-0500] {processor.py:830} INFO - Processing file /Users/paulamedina/venv/lib/python3.12/site-packages/airflow/example_dags/example_dynamic_task_mapping_with_no_taskflow_operators.py for tasks to queue
[2024-05-06T21:34:06.925-0500] {logging_mixin.py:188} INFO - [2024-05-06T21:34:06.925-0500] {dagbag.py:540} INFO - Filling up the DagBag from /Users/paulamedina/venv/lib/python3.12/site-packages/airflow/example_dags/example_dynamic_task_mapping_with_no_taskflow_operators.py
[2024-05-06T21:34:06.932-0500] {processor.py:840} INFO - DAG(s) 'example_dynamic_task_mapping_with_no_taskflow_operators' retrieved from /Users/paulamedina/venv/lib/python3.12/site-packages/airflow/example_dags/example_dynamic_task_mapping_with_no_taskflow_operators.py
[2024-05-06T21:34:07.015-0500] {logging_mixin.py:188} INFO - [2024-05-06T21:34:07.015-0500] {dag.py:3096} INFO - Sync 1 DAGs
[2024-05-06T21:34:07.028-0500] {logging_mixin.py:188} INFO - [2024-05-06T21:34:07.028-0500] {dag.py:3954} INFO - Setting next_dagrun for example_dynamic_task_mapping_with_no_taskflow_operators to 2024-05-06 00:00:00+00:00, run_after=2024-05-07 00:00:00+00:00
[2024-05-06T21:34:07.042-0500] {processor.py:183} INFO - Processing /Users/paulamedina/venv/lib/python3.12/site-packages/airflow/example_dags/example_dynamic_task_mapping_with_no_taskflow_operators.py took 0.120 seconds
[2024-05-06T21:43:49.383-0500] {processor.py:161} INFO - Started process (PID=62077) to work on /Users/paulamedina/venv/lib/python3.12/site-packages/airflow/example_dags/example_dynamic_task_mapping_with_no_taskflow_operators.py
[2024-05-06T21:43:49.384-0500] {processor.py:830} INFO - Processing file /Users/paulamedina/venv/lib/python3.12/site-packages/airflow/example_dags/example_dynamic_task_mapping_with_no_taskflow_operators.py for tasks to queue
[2024-05-06T21:43:49.385-0500] {logging_mixin.py:188} INFO - [2024-05-06T21:43:49.385-0500] {dagbag.py:540} INFO - Filling up the DagBag from /Users/paulamedina/venv/lib/python3.12/site-packages/airflow/example_dags/example_dynamic_task_mapping_with_no_taskflow_operators.py
[2024-05-06T21:43:49.395-0500] {processor.py:840} INFO - DAG(s) 'example_dynamic_task_mapping_with_no_taskflow_operators' retrieved from /Users/paulamedina/venv/lib/python3.12/site-packages/airflow/example_dags/example_dynamic_task_mapping_with_no_taskflow_operators.py
[2024-05-06T21:43:49.595-0500] {logging_mixin.py:188} INFO - [2024-05-06T21:43:49.595-0500] {override.py:1829} INFO - Created Permission View: can edit on DAG:example_dynamic_task_mapping_with_no_taskflow_operators
[2024-05-06T21:43:49.603-0500] {logging_mixin.py:188} INFO - [2024-05-06T21:43:49.603-0500] {override.py:1829} INFO - Created Permission View: can delete on DAG:example_dynamic_task_mapping_with_no_taskflow_operators
[2024-05-06T21:43:49.608-0500] {logging_mixin.py:188} INFO - [2024-05-06T21:43:49.608-0500] {override.py:1829} INFO - Created Permission View: can read on DAG:example_dynamic_task_mapping_with_no_taskflow_operators
[2024-05-06T21:43:49.608-0500] {logging_mixin.py:188} INFO - [2024-05-06T21:43:49.608-0500] {dag.py:3096} INFO - Sync 1 DAGs
[2024-05-06T21:43:49.618-0500] {logging_mixin.py:188} INFO - [2024-05-06T21:43:49.617-0500] {dag.py:3118} INFO - Creating ORM DAG for example_dynamic_task_mapping_with_no_taskflow_operators
[2024-05-06T21:43:49.625-0500] {logging_mixin.py:188} INFO - [2024-05-06T21:43:49.624-0500] {dag.py:3954} INFO - Setting next_dagrun for example_dynamic_task_mapping_with_no_taskflow_operators to 2024-05-06 00:00:00+00:00, run_after=2024-05-07 00:00:00+00:00
[2024-05-06T21:43:49.636-0500] {processor.py:183} INFO - Processing /Users/paulamedina/venv/lib/python3.12/site-packages/airflow/example_dags/example_dynamic_task_mapping_with_no_taskflow_operators.py took 0.256 seconds
[2024-05-06T21:44:45.006-0500] {processor.py:161} INFO - Started process (PID=62314) to work on /Users/paulamedina/venv/lib/python3.12/site-packages/airflow/example_dags/example_dynamic_task_mapping_with_no_taskflow_operators.py
[2024-05-06T21:44:45.008-0500] {processor.py:830} INFO - Processing file /Users/paulamedina/venv/lib/python3.12/site-packages/airflow/example_dags/example_dynamic_task_mapping_with_no_taskflow_operators.py for tasks to queue
[2024-05-06T21:44:45.009-0500] {logging_mixin.py:188} INFO - [2024-05-06T21:44:45.009-0500] {dagbag.py:540} INFO - Filling up the DagBag from /Users/paulamedina/venv/lib/python3.12/site-packages/airflow/example_dags/example_dynamic_task_mapping_with_no_taskflow_operators.py
[2024-05-06T21:44:45.021-0500] {processor.py:840} INFO - DAG(s) 'example_dynamic_task_mapping_with_no_taskflow_operators' retrieved from /Users/paulamedina/venv/lib/python3.12/site-packages/airflow/example_dags/example_dynamic_task_mapping_with_no_taskflow_operators.py
[2024-05-06T21:44:45.164-0500] {logging_mixin.py:188} INFO - [2024-05-06T21:44:45.163-0500] {dag.py:3096} INFO - Sync 1 DAGs
[2024-05-06T21:44:45.189-0500] {logging_mixin.py:188} INFO - [2024-05-06T21:44:45.188-0500] {dag.py:3954} INFO - Setting next_dagrun for example_dynamic_task_mapping_with_no_taskflow_operators to 2024-05-06 00:00:00+00:00, run_after=2024-05-07 00:00:00+00:00
[2024-05-06T21:44:45.208-0500] {processor.py:183} INFO - Processing /Users/paulamedina/venv/lib/python3.12/site-packages/airflow/example_dags/example_dynamic_task_mapping_with_no_taskflow_operators.py took 0.206 seconds
[2024-05-06T21:45:47.286-0500] {processor.py:161} INFO - Started process (PID=62561) to work on /Users/paulamedina/venv/lib/python3.12/site-packages/airflow/example_dags/example_dynamic_task_mapping_with_no_taskflow_operators.py
[2024-05-06T21:45:47.287-0500] {processor.py:830} INFO - Processing file /Users/paulamedina/venv/lib/python3.12/site-packages/airflow/example_dags/example_dynamic_task_mapping_with_no_taskflow_operators.py for tasks to queue
[2024-05-06T21:45:47.288-0500] {logging_mixin.py:188} INFO - [2024-05-06T21:45:47.287-0500] {dagbag.py:540} INFO - Filling up the DagBag from /Users/paulamedina/venv/lib/python3.12/site-packages/airflow/example_dags/example_dynamic_task_mapping_with_no_taskflow_operators.py
[2024-05-06T21:45:47.298-0500] {processor.py:840} INFO - DAG(s) 'example_dynamic_task_mapping_with_no_taskflow_operators' retrieved from /Users/paulamedina/venv/lib/python3.12/site-packages/airflow/example_dags/example_dynamic_task_mapping_with_no_taskflow_operators.py
[2024-05-06T21:45:47.423-0500] {logging_mixin.py:188} INFO - [2024-05-06T21:45:47.423-0500] {dag.py:3096} INFO - Sync 1 DAGs
[2024-05-06T21:45:47.444-0500] {logging_mixin.py:188} INFO - [2024-05-06T21:45:47.444-0500] {dag.py:3954} INFO - Setting next_dagrun for example_dynamic_task_mapping_with_no_taskflow_operators to 2024-05-06 00:00:00+00:00, run_after=2024-05-07 00:00:00+00:00
[2024-05-06T21:45:47.462-0500] {processor.py:183} INFO - Processing /Users/paulamedina/venv/lib/python3.12/site-packages/airflow/example_dags/example_dynamic_task_mapping_with_no_taskflow_operators.py took 0.179 seconds
[2024-05-06T21:47:04.785-0500] {processor.py:161} INFO - Started process (PID=62865) to work on /Users/paulamedina/venv/lib/python3.12/site-packages/airflow/example_dags/example_dynamic_task_mapping_with_no_taskflow_operators.py
[2024-05-06T21:47:04.787-0500] {processor.py:830} INFO - Processing file /Users/paulamedina/venv/lib/python3.12/site-packages/airflow/example_dags/example_dynamic_task_mapping_with_no_taskflow_operators.py for tasks to queue
[2024-05-06T21:47:04.788-0500] {logging_mixin.py:188} INFO - [2024-05-06T21:47:04.787-0500] {dagbag.py:540} INFO - Filling up the DagBag from /Users/paulamedina/venv/lib/python3.12/site-packages/airflow/example_dags/example_dynamic_task_mapping_with_no_taskflow_operators.py
[2024-05-06T21:47:04.802-0500] {processor.py:840} INFO - DAG(s) 'example_dynamic_task_mapping_with_no_taskflow_operators' retrieved from /Users/paulamedina/venv/lib/python3.12/site-packages/airflow/example_dags/example_dynamic_task_mapping_with_no_taskflow_operators.py
[2024-05-06T21:47:04.958-0500] {logging_mixin.py:188} INFO - [2024-05-06T21:47:04.957-0500] {dag.py:3096} INFO - Sync 1 DAGs
[2024-05-06T21:47:04.985-0500] {logging_mixin.py:188} INFO - [2024-05-06T21:47:04.985-0500] {dag.py:3954} INFO - Setting next_dagrun for example_dynamic_task_mapping_with_no_taskflow_operators to 2024-05-06 00:00:00+00:00, run_after=2024-05-07 00:00:00+00:00
[2024-05-06T21:47:05.007-0500] {processor.py:183} INFO - Processing /Users/paulamedina/venv/lib/python3.12/site-packages/airflow/example_dags/example_dynamic_task_mapping_with_no_taskflow_operators.py took 0.227 seconds
[2024-05-06T21:50:25.489-0500] {processor.py:161} INFO - Started process (PID=63702) to work on /Users/paulamedina/venv/lib/python3.12/site-packages/airflow/example_dags/example_dynamic_task_mapping_with_no_taskflow_operators.py
[2024-05-06T21:50:25.492-0500] {processor.py:830} INFO - Processing file /Users/paulamedina/venv/lib/python3.12/site-packages/airflow/example_dags/example_dynamic_task_mapping_with_no_taskflow_operators.py for tasks to queue
[2024-05-06T21:50:25.493-0500] {logging_mixin.py:188} INFO - [2024-05-06T21:50:25.493-0500] {dagbag.py:540} INFO - Filling up the DagBag from /Users/paulamedina/venv/lib/python3.12/site-packages/airflow/example_dags/example_dynamic_task_mapping_with_no_taskflow_operators.py
[2024-05-06T21:50:25.512-0500] {processor.py:840} INFO - DAG(s) 'example_dynamic_task_mapping_with_no_taskflow_operators' retrieved from /Users/paulamedina/venv/lib/python3.12/site-packages/airflow/example_dags/example_dynamic_task_mapping_with_no_taskflow_operators.py
[2024-05-06T21:50:26.018-0500] {logging_mixin.py:188} INFO - [2024-05-06T21:50:26.017-0500] {dag.py:3096} INFO - Sync 1 DAGs
[2024-05-06T21:50:26.054-0500] {logging_mixin.py:188} INFO - [2024-05-06T21:50:26.054-0500] {dag.py:3954} INFO - Setting next_dagrun for example_dynamic_task_mapping_with_no_taskflow_operators to 2024-05-06 00:00:00+00:00, run_after=2024-05-07 00:00:00+00:00
[2024-05-06T21:50:26.089-0500] {processor.py:183} INFO - Processing /Users/paulamedina/venv/lib/python3.12/site-packages/airflow/example_dags/example_dynamic_task_mapping_with_no_taskflow_operators.py took 0.606 seconds
[2024-05-06T21:52:09.688-0500] {processor.py:161} INFO - Started process (PID=64111) to work on /Users/paulamedina/venv/lib/python3.12/site-packages/airflow/example_dags/example_dynamic_task_mapping_with_no_taskflow_operators.py
[2024-05-06T21:52:09.699-0500] {processor.py:830} INFO - Processing file /Users/paulamedina/venv/lib/python3.12/site-packages/airflow/example_dags/example_dynamic_task_mapping_with_no_taskflow_operators.py for tasks to queue
[2024-05-06T21:52:09.700-0500] {logging_mixin.py:188} INFO - [2024-05-06T21:52:09.699-0500] {dagbag.py:540} INFO - Filling up the DagBag from /Users/paulamedina/venv/lib/python3.12/site-packages/airflow/example_dags/example_dynamic_task_mapping_with_no_taskflow_operators.py
[2024-05-06T21:52:09.710-0500] {processor.py:840} INFO - DAG(s) 'example_dynamic_task_mapping_with_no_taskflow_operators' retrieved from /Users/paulamedina/venv/lib/python3.12/site-packages/airflow/example_dags/example_dynamic_task_mapping_with_no_taskflow_operators.py
[2024-05-06T21:52:09.837-0500] {logging_mixin.py:188} INFO - [2024-05-06T21:52:09.837-0500] {dag.py:3096} INFO - Sync 1 DAGs
[2024-05-06T21:52:09.859-0500] {logging_mixin.py:188} INFO - [2024-05-06T21:52:09.859-0500] {dag.py:3954} INFO - Setting next_dagrun for example_dynamic_task_mapping_with_no_taskflow_operators to 2024-05-06 00:00:00+00:00, run_after=2024-05-07 00:00:00+00:00
[2024-05-06T21:52:09.883-0500] {processor.py:183} INFO - Processing /Users/paulamedina/venv/lib/python3.12/site-packages/airflow/example_dags/example_dynamic_task_mapping_with_no_taskflow_operators.py took 0.198 seconds
[2024-05-06T21:53:35.368-0500] {processor.py:161} INFO - Started process (PID=64443) to work on /Users/paulamedina/venv/lib/python3.12/site-packages/airflow/example_dags/example_dynamic_task_mapping_with_no_taskflow_operators.py
[2024-05-06T21:53:35.370-0500] {processor.py:830} INFO - Processing file /Users/paulamedina/venv/lib/python3.12/site-packages/airflow/example_dags/example_dynamic_task_mapping_with_no_taskflow_operators.py for tasks to queue
[2024-05-06T21:53:35.371-0500] {logging_mixin.py:188} INFO - [2024-05-06T21:53:35.370-0500] {dagbag.py:540} INFO - Filling up the DagBag from /Users/paulamedina/venv/lib/python3.12/site-packages/airflow/example_dags/example_dynamic_task_mapping_with_no_taskflow_operators.py
[2024-05-06T21:53:35.384-0500] {processor.py:840} INFO - DAG(s) 'example_dynamic_task_mapping_with_no_taskflow_operators' retrieved from /Users/paulamedina/venv/lib/python3.12/site-packages/airflow/example_dags/example_dynamic_task_mapping_with_no_taskflow_operators.py
[2024-05-06T21:53:35.531-0500] {logging_mixin.py:188} INFO - [2024-05-06T21:53:35.530-0500] {dag.py:3096} INFO - Sync 1 DAGs
[2024-05-06T21:53:35.555-0500] {logging_mixin.py:188} INFO - [2024-05-06T21:53:35.555-0500] {dag.py:3954} INFO - Setting next_dagrun for example_dynamic_task_mapping_with_no_taskflow_operators to 2024-05-06 00:00:00+00:00, run_after=2024-05-07 00:00:00+00:00
[2024-05-06T21:53:35.575-0500] {processor.py:183} INFO - Processing /Users/paulamedina/venv/lib/python3.12/site-packages/airflow/example_dags/example_dynamic_task_mapping_with_no_taskflow_operators.py took 0.211 seconds
[2024-05-06T21:54:55.395-0500] {processor.py:161} INFO - Started process (PID=64767) to work on /Users/paulamedina/venv/lib/python3.12/site-packages/airflow/example_dags/example_dynamic_task_mapping_with_no_taskflow_operators.py
[2024-05-06T21:54:55.398-0500] {processor.py:830} INFO - Processing file /Users/paulamedina/venv/lib/python3.12/site-packages/airflow/example_dags/example_dynamic_task_mapping_with_no_taskflow_operators.py for tasks to queue
[2024-05-06T21:54:55.399-0500] {logging_mixin.py:188} INFO - [2024-05-06T21:54:55.398-0500] {dagbag.py:540} INFO - Filling up the DagBag from /Users/paulamedina/venv/lib/python3.12/site-packages/airflow/example_dags/example_dynamic_task_mapping_with_no_taskflow_operators.py
[2024-05-06T21:54:55.414-0500] {processor.py:840} INFO - DAG(s) 'example_dynamic_task_mapping_with_no_taskflow_operators' retrieved from /Users/paulamedina/venv/lib/python3.12/site-packages/airflow/example_dags/example_dynamic_task_mapping_with_no_taskflow_operators.py
[2024-05-06T21:54:55.605-0500] {logging_mixin.py:188} INFO - [2024-05-06T21:54:55.605-0500] {dag.py:3096} INFO - Sync 1 DAGs
[2024-05-06T21:54:55.637-0500] {logging_mixin.py:188} INFO - [2024-05-06T21:54:55.636-0500] {dag.py:3954} INFO - Setting next_dagrun for example_dynamic_task_mapping_with_no_taskflow_operators to 2024-05-06 00:00:00+00:00, run_after=2024-05-07 00:00:00+00:00
[2024-05-06T21:54:55.663-0500] {processor.py:183} INFO - Processing /Users/paulamedina/venv/lib/python3.12/site-packages/airflow/example_dags/example_dynamic_task_mapping_with_no_taskflow_operators.py took 0.273 seconds
[2024-05-06T21:56:25.269-0500] {processor.py:161} INFO - Started process (PID=65119) to work on /Users/paulamedina/venv/lib/python3.12/site-packages/airflow/example_dags/example_dynamic_task_mapping_with_no_taskflow_operators.py
[2024-05-06T21:56:25.271-0500] {processor.py:830} INFO - Processing file /Users/paulamedina/venv/lib/python3.12/site-packages/airflow/example_dags/example_dynamic_task_mapping_with_no_taskflow_operators.py for tasks to queue
[2024-05-06T21:56:25.272-0500] {logging_mixin.py:188} INFO - [2024-05-06T21:56:25.272-0500] {dagbag.py:540} INFO - Filling up the DagBag from /Users/paulamedina/venv/lib/python3.12/site-packages/airflow/example_dags/example_dynamic_task_mapping_with_no_taskflow_operators.py
[2024-05-06T21:56:25.287-0500] {processor.py:840} INFO - DAG(s) 'example_dynamic_task_mapping_with_no_taskflow_operators' retrieved from /Users/paulamedina/venv/lib/python3.12/site-packages/airflow/example_dags/example_dynamic_task_mapping_with_no_taskflow_operators.py
[2024-05-06T21:56:25.451-0500] {logging_mixin.py:188} INFO - [2024-05-06T21:56:25.451-0500] {dag.py:3096} INFO - Sync 1 DAGs
[2024-05-06T21:56:25.478-0500] {logging_mixin.py:188} INFO - [2024-05-06T21:56:25.478-0500] {dag.py:3954} INFO - Setting next_dagrun for example_dynamic_task_mapping_with_no_taskflow_operators to 2024-05-06 00:00:00+00:00, run_after=2024-05-07 00:00:00+00:00
[2024-05-06T21:56:25.501-0500] {processor.py:183} INFO - Processing /Users/paulamedina/venv/lib/python3.12/site-packages/airflow/example_dags/example_dynamic_task_mapping_with_no_taskflow_operators.py took 0.236 seconds
[2024-05-06T21:58:02.085-0500] {processor.py:161} INFO - Started process (PID=65493) to work on /Users/paulamedina/venv/lib/python3.12/site-packages/airflow/example_dags/example_dynamic_task_mapping_with_no_taskflow_operators.py
[2024-05-06T21:58:02.088-0500] {processor.py:830} INFO - Processing file /Users/paulamedina/venv/lib/python3.12/site-packages/airflow/example_dags/example_dynamic_task_mapping_with_no_taskflow_operators.py for tasks to queue
[2024-05-06T21:58:02.089-0500] {logging_mixin.py:188} INFO - [2024-05-06T21:58:02.089-0500] {dagbag.py:540} INFO - Filling up the DagBag from /Users/paulamedina/venv/lib/python3.12/site-packages/airflow/example_dags/example_dynamic_task_mapping_with_no_taskflow_operators.py
[2024-05-06T21:58:02.103-0500] {processor.py:840} INFO - DAG(s) 'example_dynamic_task_mapping_with_no_taskflow_operators' retrieved from /Users/paulamedina/venv/lib/python3.12/site-packages/airflow/example_dags/example_dynamic_task_mapping_with_no_taskflow_operators.py
[2024-05-06T21:58:02.256-0500] {logging_mixin.py:188} INFO - [2024-05-06T21:58:02.255-0500] {dag.py:3096} INFO - Sync 1 DAGs
[2024-05-06T21:58:02.280-0500] {logging_mixin.py:188} INFO - [2024-05-06T21:58:02.280-0500] {dag.py:3954} INFO - Setting next_dagrun for example_dynamic_task_mapping_with_no_taskflow_operators to 2024-05-06 00:00:00+00:00, run_after=2024-05-07 00:00:00+00:00
[2024-05-06T21:58:02.301-0500] {processor.py:183} INFO - Processing /Users/paulamedina/venv/lib/python3.12/site-packages/airflow/example_dags/example_dynamic_task_mapping_with_no_taskflow_operators.py took 0.221 seconds
[2024-05-06T21:59:56.194-0500] {processor.py:161} INFO - Started process (PID=66069) to work on /Users/paulamedina/venv/lib/python3.12/site-packages/airflow/example_dags/example_dynamic_task_mapping_with_no_taskflow_operators.py
[2024-05-06T21:59:56.197-0500] {processor.py:830} INFO - Processing file /Users/paulamedina/venv/lib/python3.12/site-packages/airflow/example_dags/example_dynamic_task_mapping_with_no_taskflow_operators.py for tasks to queue
[2024-05-06T21:59:56.198-0500] {logging_mixin.py:188} INFO - [2024-05-06T21:59:56.197-0500] {dagbag.py:540} INFO - Filling up the DagBag from /Users/paulamedina/venv/lib/python3.12/site-packages/airflow/example_dags/example_dynamic_task_mapping_with_no_taskflow_operators.py
[2024-05-06T21:59:56.213-0500] {processor.py:840} INFO - DAG(s) 'example_dynamic_task_mapping_with_no_taskflow_operators' retrieved from /Users/paulamedina/venv/lib/python3.12/site-packages/airflow/example_dags/example_dynamic_task_mapping_with_no_taskflow_operators.py
[2024-05-06T21:59:56.474-0500] {logging_mixin.py:188} INFO - [2024-05-06T21:59:56.474-0500] {dag.py:3096} INFO - Sync 1 DAGs
[2024-05-06T21:59:56.504-0500] {logging_mixin.py:188} INFO - [2024-05-06T21:59:56.503-0500] {dag.py:3954} INFO - Setting next_dagrun for example_dynamic_task_mapping_with_no_taskflow_operators to 2024-05-06 00:00:00+00:00, run_after=2024-05-07 00:00:00+00:00
[2024-05-06T21:59:56.527-0500] {processor.py:183} INFO - Processing /Users/paulamedina/venv/lib/python3.12/site-packages/airflow/example_dags/example_dynamic_task_mapping_with_no_taskflow_operators.py took 0.338 seconds
[2024-05-06T22:01:42.237-0500] {processor.py:161} INFO - Started process (PID=66541) to work on /Users/paulamedina/venv/lib/python3.12/site-packages/airflow/example_dags/example_dynamic_task_mapping_with_no_taskflow_operators.py
[2024-05-06T22:01:42.239-0500] {processor.py:830} INFO - Processing file /Users/paulamedina/venv/lib/python3.12/site-packages/airflow/example_dags/example_dynamic_task_mapping_with_no_taskflow_operators.py for tasks to queue
[2024-05-06T22:01:42.240-0500] {logging_mixin.py:188} INFO - [2024-05-06T22:01:42.240-0500] {dagbag.py:540} INFO - Filling up the DagBag from /Users/paulamedina/venv/lib/python3.12/site-packages/airflow/example_dags/example_dynamic_task_mapping_with_no_taskflow_operators.py
[2024-05-06T22:01:42.254-0500] {processor.py:840} INFO - DAG(s) 'example_dynamic_task_mapping_with_no_taskflow_operators' retrieved from /Users/paulamedina/venv/lib/python3.12/site-packages/airflow/example_dags/example_dynamic_task_mapping_with_no_taskflow_operators.py
[2024-05-06T22:01:42.407-0500] {logging_mixin.py:188} INFO - [2024-05-06T22:01:42.407-0500] {dag.py:3096} INFO - Sync 1 DAGs
[2024-05-06T22:01:42.432-0500] {logging_mixin.py:188} INFO - [2024-05-06T22:01:42.431-0500] {dag.py:3954} INFO - Setting next_dagrun for example_dynamic_task_mapping_with_no_taskflow_operators to 2024-05-06 00:00:00+00:00, run_after=2024-05-07 00:00:00+00:00
[2024-05-06T22:01:42.454-0500] {processor.py:183} INFO - Processing /Users/paulamedina/venv/lib/python3.12/site-packages/airflow/example_dags/example_dynamic_task_mapping_with_no_taskflow_operators.py took 0.222 seconds
