[2024-05-06T19:01:46.194-0500] {processor.py:161} INFO - Started process (PID=26515) to work on /Users/paulamedina/venv/lib/python3.12/site-packages/airflow/example_dags/example_kubernetes_executor.py
[2024-05-06T19:01:46.194-0500] {processor.py:830} INFO - Processing file /Users/paulamedina/venv/lib/python3.12/site-packages/airflow/example_dags/example_kubernetes_executor.py for tasks to queue
[2024-05-06T19:01:46.195-0500] {logging_mixin.py:188} INFO - [2024-05-06T19:01:46.195-0500] {dagbag.py:540} INFO - Filling up the DagBag from /Users/paulamedina/venv/lib/python3.12/site-packages/airflow/example_dags/example_kubernetes_executor.py
[2024-05-06T19:01:46.223-0500] {logging_mixin.py:188} INFO - [2024-05-06T19:01:46.223-0500] {example_kubernetes_executor.py:39} WARNING - The example_kubernetes_executor example DAG requires the kubernetes provider. Please install it with: pip install apache-airflow[cncf.kubernetes]
[2024-05-06T19:01:46.223-0500] {processor.py:842} WARNING - No viable dags retrieved from /Users/paulamedina/venv/lib/python3.12/site-packages/airflow/example_dags/example_kubernetes_executor.py
[2024-05-06T19:01:46.286-0500] {processor.py:183} INFO - Processing /Users/paulamedina/venv/lib/python3.12/site-packages/airflow/example_dags/example_kubernetes_executor.py took 0.094 seconds
[2024-05-06T19:05:05.373-0500] {processor.py:161} INFO - Started process (PID=27229) to work on /Users/paulamedina/venv/lib/python3.12/site-packages/airflow/example_dags/example_kubernetes_executor.py
[2024-05-06T19:05:05.374-0500] {processor.py:830} INFO - Processing file /Users/paulamedina/venv/lib/python3.12/site-packages/airflow/example_dags/example_kubernetes_executor.py for tasks to queue
[2024-05-06T19:05:05.374-0500] {logging_mixin.py:188} INFO - [2024-05-06T19:05:05.374-0500] {dagbag.py:540} INFO - Filling up the DagBag from /Users/paulamedina/venv/lib/python3.12/site-packages/airflow/example_dags/example_kubernetes_executor.py
[2024-05-06T19:05:05.402-0500] {logging_mixin.py:188} INFO - [2024-05-06T19:05:05.402-0500] {example_kubernetes_executor.py:39} WARNING - The example_kubernetes_executor example DAG requires the kubernetes provider. Please install it with: pip install apache-airflow[cncf.kubernetes]
[2024-05-06T19:05:05.402-0500] {processor.py:842} WARNING - No viable dags retrieved from /Users/paulamedina/venv/lib/python3.12/site-packages/airflow/example_dags/example_kubernetes_executor.py
[2024-05-06T19:05:05.465-0500] {processor.py:183} INFO - Processing /Users/paulamedina/venv/lib/python3.12/site-packages/airflow/example_dags/example_kubernetes_executor.py took 0.094 seconds
[2024-05-06T19:08:28.087-0500] {processor.py:161} INFO - Started process (PID=27979) to work on /Users/paulamedina/venv/lib/python3.12/site-packages/airflow/example_dags/example_kubernetes_executor.py
[2024-05-06T19:08:28.087-0500] {processor.py:830} INFO - Processing file /Users/paulamedina/venv/lib/python3.12/site-packages/airflow/example_dags/example_kubernetes_executor.py for tasks to queue
[2024-05-06T19:08:28.088-0500] {logging_mixin.py:188} INFO - [2024-05-06T19:08:28.088-0500] {dagbag.py:540} INFO - Filling up the DagBag from /Users/paulamedina/venv/lib/python3.12/site-packages/airflow/example_dags/example_kubernetes_executor.py
[2024-05-06T19:08:28.115-0500] {logging_mixin.py:188} INFO - [2024-05-06T19:08:28.115-0500] {example_kubernetes_executor.py:39} WARNING - The example_kubernetes_executor example DAG requires the kubernetes provider. Please install it with: pip install apache-airflow[cncf.kubernetes]
[2024-05-06T19:08:28.116-0500] {processor.py:842} WARNING - No viable dags retrieved from /Users/paulamedina/venv/lib/python3.12/site-packages/airflow/example_dags/example_kubernetes_executor.py
[2024-05-06T19:08:28.178-0500] {processor.py:183} INFO - Processing /Users/paulamedina/venv/lib/python3.12/site-packages/airflow/example_dags/example_kubernetes_executor.py took 0.093 seconds
[2024-05-06T19:11:52.756-0500] {processor.py:161} INFO - Started process (PID=28694) to work on /Users/paulamedina/venv/lib/python3.12/site-packages/airflow/example_dags/example_kubernetes_executor.py
[2024-05-06T19:11:52.757-0500] {processor.py:830} INFO - Processing file /Users/paulamedina/venv/lib/python3.12/site-packages/airflow/example_dags/example_kubernetes_executor.py for tasks to queue
[2024-05-06T19:11:52.757-0500] {logging_mixin.py:188} INFO - [2024-05-06T19:11:52.757-0500] {dagbag.py:540} INFO - Filling up the DagBag from /Users/paulamedina/venv/lib/python3.12/site-packages/airflow/example_dags/example_kubernetes_executor.py
[2024-05-06T19:11:52.785-0500] {logging_mixin.py:188} INFO - [2024-05-06T19:11:52.784-0500] {example_kubernetes_executor.py:39} WARNING - The example_kubernetes_executor example DAG requires the kubernetes provider. Please install it with: pip install apache-airflow[cncf.kubernetes]
[2024-05-06T19:11:52.785-0500] {processor.py:842} WARNING - No viable dags retrieved from /Users/paulamedina/venv/lib/python3.12/site-packages/airflow/example_dags/example_kubernetes_executor.py
[2024-05-06T19:11:52.846-0500] {processor.py:183} INFO - Processing /Users/paulamedina/venv/lib/python3.12/site-packages/airflow/example_dags/example_kubernetes_executor.py took 0.093 seconds
[2024-05-06T19:15:45.782-0500] {processor.py:161} INFO - Started process (PID=29521) to work on /Users/paulamedina/venv/lib/python3.12/site-packages/airflow/example_dags/example_kubernetes_executor.py
[2024-05-06T19:15:45.784-0500] {processor.py:830} INFO - Processing file /Users/paulamedina/venv/lib/python3.12/site-packages/airflow/example_dags/example_kubernetes_executor.py for tasks to queue
[2024-05-06T19:15:45.785-0500] {logging_mixin.py:188} INFO - [2024-05-06T19:15:45.785-0500] {dagbag.py:540} INFO - Filling up the DagBag from /Users/paulamedina/venv/lib/python3.12/site-packages/airflow/example_dags/example_kubernetes_executor.py
[2024-05-06T19:15:45.825-0500] {logging_mixin.py:188} INFO - [2024-05-06T19:15:45.825-0500] {example_kubernetes_executor.py:39} WARNING - The example_kubernetes_executor example DAG requires the kubernetes provider. Please install it with: pip install apache-airflow[cncf.kubernetes]
[2024-05-06T19:15:45.825-0500] {processor.py:842} WARNING - No viable dags retrieved from /Users/paulamedina/venv/lib/python3.12/site-packages/airflow/example_dags/example_kubernetes_executor.py
[2024-05-06T19:15:45.908-0500] {processor.py:183} INFO - Processing /Users/paulamedina/venv/lib/python3.12/site-packages/airflow/example_dags/example_kubernetes_executor.py took 0.129 seconds
[2024-05-06T19:20:25.175-0500] {processor.py:161} INFO - Started process (PID=30575) to work on /Users/paulamedina/venv/lib/python3.12/site-packages/airflow/example_dags/example_kubernetes_executor.py
[2024-05-06T19:20:25.177-0500] {processor.py:830} INFO - Processing file /Users/paulamedina/venv/lib/python3.12/site-packages/airflow/example_dags/example_kubernetes_executor.py for tasks to queue
[2024-05-06T19:20:25.178-0500] {logging_mixin.py:188} INFO - [2024-05-06T19:20:25.177-0500] {dagbag.py:540} INFO - Filling up the DagBag from /Users/paulamedina/venv/lib/python3.12/site-packages/airflow/example_dags/example_kubernetes_executor.py
[2024-05-06T19:20:25.216-0500] {logging_mixin.py:188} INFO - [2024-05-06T19:20:25.216-0500] {example_kubernetes_executor.py:39} WARNING - The example_kubernetes_executor example DAG requires the kubernetes provider. Please install it with: pip install apache-airflow[cncf.kubernetes]
[2024-05-06T19:20:25.216-0500] {processor.py:842} WARNING - No viable dags retrieved from /Users/paulamedina/venv/lib/python3.12/site-packages/airflow/example_dags/example_kubernetes_executor.py
[2024-05-06T19:20:25.300-0500] {processor.py:183} INFO - Processing /Users/paulamedina/venv/lib/python3.12/site-packages/airflow/example_dags/example_kubernetes_executor.py took 0.128 seconds
[2024-05-06T19:24:59.587-0500] {processor.py:161} INFO - Started process (PID=31547) to work on /Users/paulamedina/venv/lib/python3.12/site-packages/airflow/example_dags/example_kubernetes_executor.py
[2024-05-06T19:24:59.588-0500] {processor.py:830} INFO - Processing file /Users/paulamedina/venv/lib/python3.12/site-packages/airflow/example_dags/example_kubernetes_executor.py for tasks to queue
[2024-05-06T19:24:59.589-0500] {logging_mixin.py:188} INFO - [2024-05-06T19:24:59.589-0500] {dagbag.py:540} INFO - Filling up the DagBag from /Users/paulamedina/venv/lib/python3.12/site-packages/airflow/example_dags/example_kubernetes_executor.py
[2024-05-06T19:24:59.717-0500] {logging_mixin.py:188} INFO - [2024-05-06T19:24:59.717-0500] {example_kubernetes_executor.py:39} WARNING - The example_kubernetes_executor example DAG requires the kubernetes provider. Please install it with: pip install apache-airflow[cncf.kubernetes]
[2024-05-06T19:24:59.717-0500] {processor.py:842} WARNING - No viable dags retrieved from /Users/paulamedina/venv/lib/python3.12/site-packages/airflow/example_dags/example_kubernetes_executor.py
[2024-05-06T19:24:59.823-0500] {processor.py:183} INFO - Processing /Users/paulamedina/venv/lib/python3.12/site-packages/airflow/example_dags/example_kubernetes_executor.py took 0.239 seconds
[2024-05-06T19:28:46.722-0500] {processor.py:161} INFO - Started process (PID=32343) to work on /Users/paulamedina/venv/lib/python3.12/site-packages/airflow/example_dags/example_kubernetes_executor.py
[2024-05-06T19:28:46.723-0500] {processor.py:830} INFO - Processing file /Users/paulamedina/venv/lib/python3.12/site-packages/airflow/example_dags/example_kubernetes_executor.py for tasks to queue
[2024-05-06T19:28:46.723-0500] {logging_mixin.py:188} INFO - [2024-05-06T19:28:46.723-0500] {dagbag.py:540} INFO - Filling up the DagBag from /Users/paulamedina/venv/lib/python3.12/site-packages/airflow/example_dags/example_kubernetes_executor.py
[2024-05-06T19:28:46.752-0500] {logging_mixin.py:188} INFO - [2024-05-06T19:28:46.752-0500] {example_kubernetes_executor.py:39} WARNING - The example_kubernetes_executor example DAG requires the kubernetes provider. Please install it with: pip install apache-airflow[cncf.kubernetes]
[2024-05-06T19:28:46.752-0500] {processor.py:842} WARNING - No viable dags retrieved from /Users/paulamedina/venv/lib/python3.12/site-packages/airflow/example_dags/example_kubernetes_executor.py
[2024-05-06T19:28:46.814-0500] {processor.py:183} INFO - Processing /Users/paulamedina/venv/lib/python3.12/site-packages/airflow/example_dags/example_kubernetes_executor.py took 0.094 seconds
[2024-05-06T19:32:15.698-0500] {processor.py:161} INFO - Started process (PID=33115) to work on /Users/paulamedina/venv/lib/python3.12/site-packages/airflow/example_dags/example_kubernetes_executor.py
[2024-05-06T19:32:15.699-0500] {processor.py:830} INFO - Processing file /Users/paulamedina/venv/lib/python3.12/site-packages/airflow/example_dags/example_kubernetes_executor.py for tasks to queue
[2024-05-06T19:32:15.699-0500] {logging_mixin.py:188} INFO - [2024-05-06T19:32:15.699-0500] {dagbag.py:540} INFO - Filling up the DagBag from /Users/paulamedina/venv/lib/python3.12/site-packages/airflow/example_dags/example_kubernetes_executor.py
[2024-05-06T19:32:15.727-0500] {logging_mixin.py:188} INFO - [2024-05-06T19:32:15.727-0500] {example_kubernetes_executor.py:39} WARNING - The example_kubernetes_executor example DAG requires the kubernetes provider. Please install it with: pip install apache-airflow[cncf.kubernetes]
[2024-05-06T19:32:15.728-0500] {processor.py:842} WARNING - No viable dags retrieved from /Users/paulamedina/venv/lib/python3.12/site-packages/airflow/example_dags/example_kubernetes_executor.py
[2024-05-06T19:32:15.790-0500] {processor.py:183} INFO - Processing /Users/paulamedina/venv/lib/python3.12/site-packages/airflow/example_dags/example_kubernetes_executor.py took 0.094 seconds
[2024-05-06T19:35:43.362-0500] {processor.py:161} INFO - Started process (PID=33931) to work on /Users/paulamedina/venv/lib/python3.12/site-packages/airflow/example_dags/example_kubernetes_executor.py
[2024-05-06T19:35:43.363-0500] {processor.py:830} INFO - Processing file /Users/paulamedina/venv/lib/python3.12/site-packages/airflow/example_dags/example_kubernetes_executor.py for tasks to queue
[2024-05-06T19:35:43.363-0500] {logging_mixin.py:188} INFO - [2024-05-06T19:35:43.363-0500] {dagbag.py:540} INFO - Filling up the DagBag from /Users/paulamedina/venv/lib/python3.12/site-packages/airflow/example_dags/example_kubernetes_executor.py
[2024-05-06T19:35:43.392-0500] {logging_mixin.py:188} INFO - [2024-05-06T19:35:43.391-0500] {example_kubernetes_executor.py:39} WARNING - The example_kubernetes_executor example DAG requires the kubernetes provider. Please install it with: pip install apache-airflow[cncf.kubernetes]
[2024-05-06T19:35:43.392-0500] {processor.py:842} WARNING - No viable dags retrieved from /Users/paulamedina/venv/lib/python3.12/site-packages/airflow/example_dags/example_kubernetes_executor.py
[2024-05-06T19:35:43.453-0500] {processor.py:183} INFO - Processing /Users/paulamedina/venv/lib/python3.12/site-packages/airflow/example_dags/example_kubernetes_executor.py took 0.093 seconds
[2024-05-06T19:39:04.956-0500] {processor.py:161} INFO - Started process (PID=34659) to work on /Users/paulamedina/venv/lib/python3.12/site-packages/airflow/example_dags/example_kubernetes_executor.py
[2024-05-06T19:39:04.957-0500] {processor.py:830} INFO - Processing file /Users/paulamedina/venv/lib/python3.12/site-packages/airflow/example_dags/example_kubernetes_executor.py for tasks to queue
[2024-05-06T19:39:04.958-0500] {logging_mixin.py:188} INFO - [2024-05-06T19:39:04.958-0500] {dagbag.py:540} INFO - Filling up the DagBag from /Users/paulamedina/venv/lib/python3.12/site-packages/airflow/example_dags/example_kubernetes_executor.py
[2024-05-06T19:39:04.991-0500] {logging_mixin.py:188} INFO - [2024-05-06T19:39:04.991-0500] {example_kubernetes_executor.py:39} WARNING - The example_kubernetes_executor example DAG requires the kubernetes provider. Please install it with: pip install apache-airflow[cncf.kubernetes]
[2024-05-06T19:39:04.991-0500] {processor.py:842} WARNING - No viable dags retrieved from /Users/paulamedina/venv/lib/python3.12/site-packages/airflow/example_dags/example_kubernetes_executor.py
[2024-05-06T19:39:05.062-0500] {processor.py:183} INFO - Processing /Users/paulamedina/venv/lib/python3.12/site-packages/airflow/example_dags/example_kubernetes_executor.py took 0.108 seconds
[2024-05-06T19:42:18.946-0500] {processor.py:161} INFO - Started process (PID=35348) to work on /Users/paulamedina/venv/lib/python3.12/site-packages/airflow/example_dags/example_kubernetes_executor.py
[2024-05-06T19:42:18.946-0500] {processor.py:830} INFO - Processing file /Users/paulamedina/venv/lib/python3.12/site-packages/airflow/example_dags/example_kubernetes_executor.py for tasks to queue
[2024-05-06T19:42:18.947-0500] {logging_mixin.py:188} INFO - [2024-05-06T19:42:18.947-0500] {dagbag.py:540} INFO - Filling up the DagBag from /Users/paulamedina/venv/lib/python3.12/site-packages/airflow/example_dags/example_kubernetes_executor.py
[2024-05-06T19:42:18.980-0500] {logging_mixin.py:188} INFO - [2024-05-06T19:42:18.980-0500] {example_kubernetes_executor.py:39} WARNING - The example_kubernetes_executor example DAG requires the kubernetes provider. Please install it with: pip install apache-airflow[cncf.kubernetes]
[2024-05-06T19:42:18.980-0500] {processor.py:842} WARNING - No viable dags retrieved from /Users/paulamedina/venv/lib/python3.12/site-packages/airflow/example_dags/example_kubernetes_executor.py
[2024-05-06T19:42:19.050-0500] {processor.py:183} INFO - Processing /Users/paulamedina/venv/lib/python3.12/site-packages/airflow/example_dags/example_kubernetes_executor.py took 0.107 seconds
[2024-05-06T19:45:45.654-0500] {processor.py:161} INFO - Started process (PID=36074) to work on /Users/paulamedina/venv/lib/python3.12/site-packages/airflow/example_dags/example_kubernetes_executor.py
[2024-05-06T19:45:45.655-0500] {processor.py:830} INFO - Processing file /Users/paulamedina/venv/lib/python3.12/site-packages/airflow/example_dags/example_kubernetes_executor.py for tasks to queue
[2024-05-06T19:45:45.656-0500] {logging_mixin.py:188} INFO - [2024-05-06T19:45:45.656-0500] {dagbag.py:540} INFO - Filling up the DagBag from /Users/paulamedina/venv/lib/python3.12/site-packages/airflow/example_dags/example_kubernetes_executor.py
[2024-05-06T19:45:45.690-0500] {logging_mixin.py:188} INFO - [2024-05-06T19:45:45.690-0500] {example_kubernetes_executor.py:39} WARNING - The example_kubernetes_executor example DAG requires the kubernetes provider. Please install it with: pip install apache-airflow[cncf.kubernetes]
[2024-05-06T19:45:45.690-0500] {processor.py:842} WARNING - No viable dags retrieved from /Users/paulamedina/venv/lib/python3.12/site-packages/airflow/example_dags/example_kubernetes_executor.py
[2024-05-06T19:45:45.760-0500] {processor.py:183} INFO - Processing /Users/paulamedina/venv/lib/python3.12/site-packages/airflow/example_dags/example_kubernetes_executor.py took 0.108 seconds
[2024-05-06T19:49:12.189-0500] {processor.py:161} INFO - Started process (PID=36815) to work on /Users/paulamedina/venv/lib/python3.12/site-packages/airflow/example_dags/example_kubernetes_executor.py
[2024-05-06T19:49:12.190-0500] {processor.py:830} INFO - Processing file /Users/paulamedina/venv/lib/python3.12/site-packages/airflow/example_dags/example_kubernetes_executor.py for tasks to queue
[2024-05-06T19:49:12.190-0500] {logging_mixin.py:188} INFO - [2024-05-06T19:49:12.190-0500] {dagbag.py:540} INFO - Filling up the DagBag from /Users/paulamedina/venv/lib/python3.12/site-packages/airflow/example_dags/example_kubernetes_executor.py
[2024-05-06T19:49:12.224-0500] {logging_mixin.py:188} INFO - [2024-05-06T19:49:12.224-0500] {example_kubernetes_executor.py:39} WARNING - The example_kubernetes_executor example DAG requires the kubernetes provider. Please install it with: pip install apache-airflow[cncf.kubernetes]
[2024-05-06T19:49:12.224-0500] {processor.py:842} WARNING - No viable dags retrieved from /Users/paulamedina/venv/lib/python3.12/site-packages/airflow/example_dags/example_kubernetes_executor.py
[2024-05-06T19:49:12.297-0500] {processor.py:183} INFO - Processing /Users/paulamedina/venv/lib/python3.12/site-packages/airflow/example_dags/example_kubernetes_executor.py took 0.110 seconds
[2024-05-06T19:52:43.553-0500] {processor.py:161} INFO - Started process (PID=37655) to work on /Users/paulamedina/venv/lib/python3.12/site-packages/airflow/example_dags/example_kubernetes_executor.py
[2024-05-06T19:52:43.554-0500] {processor.py:830} INFO - Processing file /Users/paulamedina/venv/lib/python3.12/site-packages/airflow/example_dags/example_kubernetes_executor.py for tasks to queue
[2024-05-06T19:52:43.555-0500] {logging_mixin.py:188} INFO - [2024-05-06T19:52:43.555-0500] {dagbag.py:540} INFO - Filling up the DagBag from /Users/paulamedina/venv/lib/python3.12/site-packages/airflow/example_dags/example_kubernetes_executor.py
[2024-05-06T19:52:43.582-0500] {logging_mixin.py:188} INFO - [2024-05-06T19:52:43.582-0500] {example_kubernetes_executor.py:39} WARNING - The example_kubernetes_executor example DAG requires the kubernetes provider. Please install it with: pip install apache-airflow[cncf.kubernetes]
[2024-05-06T19:52:43.583-0500] {processor.py:842} WARNING - No viable dags retrieved from /Users/paulamedina/venv/lib/python3.12/site-packages/airflow/example_dags/example_kubernetes_executor.py
[2024-05-06T19:52:43.643-0500] {processor.py:183} INFO - Processing /Users/paulamedina/venv/lib/python3.12/site-packages/airflow/example_dags/example_kubernetes_executor.py took 0.092 seconds
[2024-05-06T19:56:09.419-0500] {processor.py:161} INFO - Started process (PID=38376) to work on /Users/paulamedina/venv/lib/python3.12/site-packages/airflow/example_dags/example_kubernetes_executor.py
[2024-05-06T19:56:09.420-0500] {processor.py:830} INFO - Processing file /Users/paulamedina/venv/lib/python3.12/site-packages/airflow/example_dags/example_kubernetes_executor.py for tasks to queue
[2024-05-06T19:56:09.420-0500] {logging_mixin.py:188} INFO - [2024-05-06T19:56:09.420-0500] {dagbag.py:540} INFO - Filling up the DagBag from /Users/paulamedina/venv/lib/python3.12/site-packages/airflow/example_dags/example_kubernetes_executor.py
[2024-05-06T19:56:09.449-0500] {logging_mixin.py:188} INFO - [2024-05-06T19:56:09.449-0500] {example_kubernetes_executor.py:39} WARNING - The example_kubernetes_executor example DAG requires the kubernetes provider. Please install it with: pip install apache-airflow[cncf.kubernetes]
[2024-05-06T19:56:09.449-0500] {processor.py:842} WARNING - No viable dags retrieved from /Users/paulamedina/venv/lib/python3.12/site-packages/airflow/example_dags/example_kubernetes_executor.py
[2024-05-06T19:56:09.511-0500] {processor.py:183} INFO - Processing /Users/paulamedina/venv/lib/python3.12/site-packages/airflow/example_dags/example_kubernetes_executor.py took 0.094 seconds
[2024-05-06T19:59:40.001-0500] {processor.py:161} INFO - Started process (PID=39133) to work on /Users/paulamedina/venv/lib/python3.12/site-packages/airflow/example_dags/example_kubernetes_executor.py
[2024-05-06T19:59:40.001-0500] {processor.py:830} INFO - Processing file /Users/paulamedina/venv/lib/python3.12/site-packages/airflow/example_dags/example_kubernetes_executor.py for tasks to queue
[2024-05-06T19:59:40.002-0500] {logging_mixin.py:188} INFO - [2024-05-06T19:59:40.002-0500] {dagbag.py:540} INFO - Filling up the DagBag from /Users/paulamedina/venv/lib/python3.12/site-packages/airflow/example_dags/example_kubernetes_executor.py
[2024-05-06T19:59:40.030-0500] {logging_mixin.py:188} INFO - [2024-05-06T19:59:40.030-0500] {example_kubernetes_executor.py:39} WARNING - The example_kubernetes_executor example DAG requires the kubernetes provider. Please install it with: pip install apache-airflow[cncf.kubernetes]
[2024-05-06T19:59:40.031-0500] {processor.py:842} WARNING - No viable dags retrieved from /Users/paulamedina/venv/lib/python3.12/site-packages/airflow/example_dags/example_kubernetes_executor.py
[2024-05-06T19:59:40.094-0500] {processor.py:183} INFO - Processing /Users/paulamedina/venv/lib/python3.12/site-packages/airflow/example_dags/example_kubernetes_executor.py took 0.096 seconds
[2024-05-06T20:03:17.977-0500] {processor.py:161} INFO - Started process (PID=39949) to work on /Users/paulamedina/venv/lib/python3.12/site-packages/airflow/example_dags/example_kubernetes_executor.py
[2024-05-06T20:03:17.977-0500] {processor.py:830} INFO - Processing file /Users/paulamedina/venv/lib/python3.12/site-packages/airflow/example_dags/example_kubernetes_executor.py for tasks to queue
[2024-05-06T20:03:17.978-0500] {logging_mixin.py:188} INFO - [2024-05-06T20:03:17.978-0500] {dagbag.py:540} INFO - Filling up the DagBag from /Users/paulamedina/venv/lib/python3.12/site-packages/airflow/example_dags/example_kubernetes_executor.py
[2024-05-06T20:03:18.007-0500] {logging_mixin.py:188} INFO - [2024-05-06T20:03:18.007-0500] {example_kubernetes_executor.py:39} WARNING - The example_kubernetes_executor example DAG requires the kubernetes provider. Please install it with: pip install apache-airflow[cncf.kubernetes]
[2024-05-06T20:03:18.007-0500] {processor.py:842} WARNING - No viable dags retrieved from /Users/paulamedina/venv/lib/python3.12/site-packages/airflow/example_dags/example_kubernetes_executor.py
[2024-05-06T20:03:18.070-0500] {processor.py:183} INFO - Processing /Users/paulamedina/venv/lib/python3.12/site-packages/airflow/example_dags/example_kubernetes_executor.py took 0.095 seconds
[2024-05-06T20:06:50.250-0500] {processor.py:161} INFO - Started process (PID=40709) to work on /Users/paulamedina/venv/lib/python3.12/site-packages/airflow/example_dags/example_kubernetes_executor.py
[2024-05-06T20:06:50.250-0500] {processor.py:830} INFO - Processing file /Users/paulamedina/venv/lib/python3.12/site-packages/airflow/example_dags/example_kubernetes_executor.py for tasks to queue
[2024-05-06T20:06:50.251-0500] {logging_mixin.py:188} INFO - [2024-05-06T20:06:50.251-0500] {dagbag.py:540} INFO - Filling up the DagBag from /Users/paulamedina/venv/lib/python3.12/site-packages/airflow/example_dags/example_kubernetes_executor.py
[2024-05-06T20:06:50.279-0500] {logging_mixin.py:188} INFO - [2024-05-06T20:06:50.278-0500] {example_kubernetes_executor.py:39} WARNING - The example_kubernetes_executor example DAG requires the kubernetes provider. Please install it with: pip install apache-airflow[cncf.kubernetes]
[2024-05-06T20:06:50.279-0500] {processor.py:842} WARNING - No viable dags retrieved from /Users/paulamedina/venv/lib/python3.12/site-packages/airflow/example_dags/example_kubernetes_executor.py
[2024-05-06T20:06:50.340-0500] {processor.py:183} INFO - Processing /Users/paulamedina/venv/lib/python3.12/site-packages/airflow/example_dags/example_kubernetes_executor.py took 0.092 seconds
[2024-05-06T20:10:13.286-0500] {processor.py:161} INFO - Started process (PID=41421) to work on /Users/paulamedina/venv/lib/python3.12/site-packages/airflow/example_dags/example_kubernetes_executor.py
[2024-05-06T20:10:13.287-0500] {processor.py:830} INFO - Processing file /Users/paulamedina/venv/lib/python3.12/site-packages/airflow/example_dags/example_kubernetes_executor.py for tasks to queue
[2024-05-06T20:10:13.287-0500] {logging_mixin.py:188} INFO - [2024-05-06T20:10:13.287-0500] {dagbag.py:540} INFO - Filling up the DagBag from /Users/paulamedina/venv/lib/python3.12/site-packages/airflow/example_dags/example_kubernetes_executor.py
[2024-05-06T20:10:13.316-0500] {logging_mixin.py:188} INFO - [2024-05-06T20:10:13.316-0500] {example_kubernetes_executor.py:39} WARNING - The example_kubernetes_executor example DAG requires the kubernetes provider. Please install it with: pip install apache-airflow[cncf.kubernetes]
[2024-05-06T20:10:13.316-0500] {processor.py:842} WARNING - No viable dags retrieved from /Users/paulamedina/venv/lib/python3.12/site-packages/airflow/example_dags/example_kubernetes_executor.py
[2024-05-06T20:10:13.378-0500] {processor.py:183} INFO - Processing /Users/paulamedina/venv/lib/python3.12/site-packages/airflow/example_dags/example_kubernetes_executor.py took 0.094 seconds
[2024-05-06T20:13:29.192-0500] {processor.py:161} INFO - Started process (PID=42209) to work on /Users/paulamedina/venv/lib/python3.12/site-packages/airflow/example_dags/example_kubernetes_executor.py
[2024-05-06T20:13:29.192-0500] {processor.py:830} INFO - Processing file /Users/paulamedina/venv/lib/python3.12/site-packages/airflow/example_dags/example_kubernetes_executor.py for tasks to queue
[2024-05-06T20:13:29.193-0500] {logging_mixin.py:188} INFO - [2024-05-06T20:13:29.193-0500] {dagbag.py:540} INFO - Filling up the DagBag from /Users/paulamedina/venv/lib/python3.12/site-packages/airflow/example_dags/example_kubernetes_executor.py
[2024-05-06T20:13:29.226-0500] {logging_mixin.py:188} INFO - [2024-05-06T20:13:29.225-0500] {example_kubernetes_executor.py:39} WARNING - The example_kubernetes_executor example DAG requires the kubernetes provider. Please install it with: pip install apache-airflow[cncf.kubernetes]
[2024-05-06T20:13:29.241-0500] {processor.py:842} WARNING - No viable dags retrieved from /Users/paulamedina/venv/lib/python3.12/site-packages/airflow/example_dags/example_kubernetes_executor.py
[2024-05-06T20:13:29.427-0500] {processor.py:183} INFO - Processing /Users/paulamedina/venv/lib/python3.12/site-packages/airflow/example_dags/example_kubernetes_executor.py took 0.238 seconds
[2024-05-06T20:16:52.328-0500] {processor.py:161} INFO - Started process (PID=42937) to work on /Users/paulamedina/venv/lib/python3.12/site-packages/airflow/example_dags/example_kubernetes_executor.py
[2024-05-06T20:16:52.328-0500] {processor.py:830} INFO - Processing file /Users/paulamedina/venv/lib/python3.12/site-packages/airflow/example_dags/example_kubernetes_executor.py for tasks to queue
[2024-05-06T20:16:52.329-0500] {logging_mixin.py:188} INFO - [2024-05-06T20:16:52.329-0500] {dagbag.py:540} INFO - Filling up the DagBag from /Users/paulamedina/venv/lib/python3.12/site-packages/airflow/example_dags/example_kubernetes_executor.py
[2024-05-06T20:16:52.358-0500] {logging_mixin.py:188} INFO - [2024-05-06T20:16:52.358-0500] {example_kubernetes_executor.py:39} WARNING - The example_kubernetes_executor example DAG requires the kubernetes provider. Please install it with: pip install apache-airflow[cncf.kubernetes]
[2024-05-06T20:16:52.358-0500] {processor.py:842} WARNING - No viable dags retrieved from /Users/paulamedina/venv/lib/python3.12/site-packages/airflow/example_dags/example_kubernetes_executor.py
[2024-05-06T20:16:52.420-0500] {processor.py:183} INFO - Processing /Users/paulamedina/venv/lib/python3.12/site-packages/airflow/example_dags/example_kubernetes_executor.py took 0.094 seconds
[2024-05-06T20:20:20.376-0500] {processor.py:161} INFO - Started process (PID=43668) to work on /Users/paulamedina/venv/lib/python3.12/site-packages/airflow/example_dags/example_kubernetes_executor.py
[2024-05-06T20:20:20.377-0500] {processor.py:830} INFO - Processing file /Users/paulamedina/venv/lib/python3.12/site-packages/airflow/example_dags/example_kubernetes_executor.py for tasks to queue
[2024-05-06T20:20:20.378-0500] {logging_mixin.py:188} INFO - [2024-05-06T20:20:20.377-0500] {dagbag.py:540} INFO - Filling up the DagBag from /Users/paulamedina/venv/lib/python3.12/site-packages/airflow/example_dags/example_kubernetes_executor.py
[2024-05-06T20:20:20.406-0500] {logging_mixin.py:188} INFO - [2024-05-06T20:20:20.405-0500] {example_kubernetes_executor.py:39} WARNING - The example_kubernetes_executor example DAG requires the kubernetes provider. Please install it with: pip install apache-airflow[cncf.kubernetes]
[2024-05-06T20:20:20.406-0500] {processor.py:842} WARNING - No viable dags retrieved from /Users/paulamedina/venv/lib/python3.12/site-packages/airflow/example_dags/example_kubernetes_executor.py
[2024-05-06T20:20:20.468-0500] {processor.py:183} INFO - Processing /Users/paulamedina/venv/lib/python3.12/site-packages/airflow/example_dags/example_kubernetes_executor.py took 0.094 seconds
[2024-05-06T20:23:47.393-0500] {processor.py:161} INFO - Started process (PID=44397) to work on /Users/paulamedina/venv/lib/python3.12/site-packages/airflow/example_dags/example_kubernetes_executor.py
[2024-05-06T20:23:47.394-0500] {processor.py:830} INFO - Processing file /Users/paulamedina/venv/lib/python3.12/site-packages/airflow/example_dags/example_kubernetes_executor.py for tasks to queue
[2024-05-06T20:23:47.394-0500] {logging_mixin.py:188} INFO - [2024-05-06T20:23:47.394-0500] {dagbag.py:540} INFO - Filling up the DagBag from /Users/paulamedina/venv/lib/python3.12/site-packages/airflow/example_dags/example_kubernetes_executor.py
[2024-05-06T20:23:47.430-0500] {logging_mixin.py:188} INFO - [2024-05-06T20:23:47.430-0500] {example_kubernetes_executor.py:39} WARNING - The example_kubernetes_executor example DAG requires the kubernetes provider. Please install it with: pip install apache-airflow[cncf.kubernetes]
[2024-05-06T20:23:47.430-0500] {processor.py:842} WARNING - No viable dags retrieved from /Users/paulamedina/venv/lib/python3.12/site-packages/airflow/example_dags/example_kubernetes_executor.py
[2024-05-06T20:23:47.515-0500] {processor.py:183} INFO - Processing /Users/paulamedina/venv/lib/python3.12/site-packages/airflow/example_dags/example_kubernetes_executor.py took 0.125 seconds
[2024-05-06T20:27:11.732-0500] {processor.py:161} INFO - Started process (PID=45128) to work on /Users/paulamedina/venv/lib/python3.12/site-packages/airflow/example_dags/example_kubernetes_executor.py
[2024-05-06T20:27:11.733-0500] {processor.py:830} INFO - Processing file /Users/paulamedina/venv/lib/python3.12/site-packages/airflow/example_dags/example_kubernetes_executor.py for tasks to queue
[2024-05-06T20:27:11.733-0500] {logging_mixin.py:188} INFO - [2024-05-06T20:27:11.733-0500] {dagbag.py:540} INFO - Filling up the DagBag from /Users/paulamedina/venv/lib/python3.12/site-packages/airflow/example_dags/example_kubernetes_executor.py
[2024-05-06T20:27:11.760-0500] {logging_mixin.py:188} INFO - [2024-05-06T20:27:11.760-0500] {example_kubernetes_executor.py:39} WARNING - The example_kubernetes_executor example DAG requires the kubernetes provider. Please install it with: pip install apache-airflow[cncf.kubernetes]
[2024-05-06T20:27:11.761-0500] {processor.py:842} WARNING - No viable dags retrieved from /Users/paulamedina/venv/lib/python3.12/site-packages/airflow/example_dags/example_kubernetes_executor.py
[2024-05-06T20:27:11.822-0500] {processor.py:183} INFO - Processing /Users/paulamedina/venv/lib/python3.12/site-packages/airflow/example_dags/example_kubernetes_executor.py took 0.092 seconds
[2024-05-06T20:30:37.313-0500] {processor.py:161} INFO - Started process (PID=45955) to work on /Users/paulamedina/venv/lib/python3.12/site-packages/airflow/example_dags/example_kubernetes_executor.py
[2024-05-06T20:30:37.314-0500] {processor.py:830} INFO - Processing file /Users/paulamedina/venv/lib/python3.12/site-packages/airflow/example_dags/example_kubernetes_executor.py for tasks to queue
[2024-05-06T20:30:37.314-0500] {logging_mixin.py:188} INFO - [2024-05-06T20:30:37.314-0500] {dagbag.py:540} INFO - Filling up the DagBag from /Users/paulamedina/venv/lib/python3.12/site-packages/airflow/example_dags/example_kubernetes_executor.py
[2024-05-06T20:30:37.351-0500] {logging_mixin.py:188} INFO - [2024-05-06T20:30:37.351-0500] {example_kubernetes_executor.py:39} WARNING - The example_kubernetes_executor example DAG requires the kubernetes provider. Please install it with: pip install apache-airflow[cncf.kubernetes]
[2024-05-06T20:30:37.351-0500] {processor.py:842} WARNING - No viable dags retrieved from /Users/paulamedina/venv/lib/python3.12/site-packages/airflow/example_dags/example_kubernetes_executor.py
[2024-05-06T20:30:37.434-0500] {processor.py:183} INFO - Processing /Users/paulamedina/venv/lib/python3.12/site-packages/airflow/example_dags/example_kubernetes_executor.py took 0.124 seconds
[2024-05-06T20:34:01.399-0500] {processor.py:161} INFO - Started process (PID=46693) to work on /Users/paulamedina/venv/lib/python3.12/site-packages/airflow/example_dags/example_kubernetes_executor.py
[2024-05-06T20:34:01.400-0500] {processor.py:830} INFO - Processing file /Users/paulamedina/venv/lib/python3.12/site-packages/airflow/example_dags/example_kubernetes_executor.py for tasks to queue
[2024-05-06T20:34:01.400-0500] {logging_mixin.py:188} INFO - [2024-05-06T20:34:01.400-0500] {dagbag.py:540} INFO - Filling up the DagBag from /Users/paulamedina/venv/lib/python3.12/site-packages/airflow/example_dags/example_kubernetes_executor.py
[2024-05-06T20:34:01.427-0500] {logging_mixin.py:188} INFO - [2024-05-06T20:34:01.427-0500] {example_kubernetes_executor.py:39} WARNING - The example_kubernetes_executor example DAG requires the kubernetes provider. Please install it with: pip install apache-airflow[cncf.kubernetes]
[2024-05-06T20:34:01.427-0500] {processor.py:842} WARNING - No viable dags retrieved from /Users/paulamedina/venv/lib/python3.12/site-packages/airflow/example_dags/example_kubernetes_executor.py
[2024-05-06T20:34:01.489-0500] {processor.py:183} INFO - Processing /Users/paulamedina/venv/lib/python3.12/site-packages/airflow/example_dags/example_kubernetes_executor.py took 0.092 seconds
[2024-05-06T20:37:16.625-0500] {processor.py:161} INFO - Started process (PID=47390) to work on /Users/paulamedina/venv/lib/python3.12/site-packages/airflow/example_dags/example_kubernetes_executor.py
[2024-05-06T20:37:16.626-0500] {processor.py:830} INFO - Processing file /Users/paulamedina/venv/lib/python3.12/site-packages/airflow/example_dags/example_kubernetes_executor.py for tasks to queue
[2024-05-06T20:37:16.626-0500] {logging_mixin.py:188} INFO - [2024-05-06T20:37:16.626-0500] {dagbag.py:540} INFO - Filling up the DagBag from /Users/paulamedina/venv/lib/python3.12/site-packages/airflow/example_dags/example_kubernetes_executor.py
[2024-05-06T20:37:16.654-0500] {logging_mixin.py:188} INFO - [2024-05-06T20:37:16.654-0500] {example_kubernetes_executor.py:39} WARNING - The example_kubernetes_executor example DAG requires the kubernetes provider. Please install it with: pip install apache-airflow[cncf.kubernetes]
[2024-05-06T20:37:16.654-0500] {processor.py:842} WARNING - No viable dags retrieved from /Users/paulamedina/venv/lib/python3.12/site-packages/airflow/example_dags/example_kubernetes_executor.py
[2024-05-06T20:37:16.717-0500] {processor.py:183} INFO - Processing /Users/paulamedina/venv/lib/python3.12/site-packages/airflow/example_dags/example_kubernetes_executor.py took 0.094 seconds
[2024-05-06T20:40:42.690-0500] {processor.py:161} INFO - Started process (PID=48116) to work on /Users/paulamedina/venv/lib/python3.12/site-packages/airflow/example_dags/example_kubernetes_executor.py
[2024-05-06T20:40:42.691-0500] {processor.py:830} INFO - Processing file /Users/paulamedina/venv/lib/python3.12/site-packages/airflow/example_dags/example_kubernetes_executor.py for tasks to queue
[2024-05-06T20:40:42.692-0500] {logging_mixin.py:188} INFO - [2024-05-06T20:40:42.691-0500] {dagbag.py:540} INFO - Filling up the DagBag from /Users/paulamedina/venv/lib/python3.12/site-packages/airflow/example_dags/example_kubernetes_executor.py
[2024-05-06T20:40:42.719-0500] {logging_mixin.py:188} INFO - [2024-05-06T20:40:42.719-0500] {example_kubernetes_executor.py:39} WARNING - The example_kubernetes_executor example DAG requires the kubernetes provider. Please install it with: pip install apache-airflow[cncf.kubernetes]
[2024-05-06T20:40:42.719-0500] {processor.py:842} WARNING - No viable dags retrieved from /Users/paulamedina/venv/lib/python3.12/site-packages/airflow/example_dags/example_kubernetes_executor.py
[2024-05-06T20:40:42.780-0500] {processor.py:183} INFO - Processing /Users/paulamedina/venv/lib/python3.12/site-packages/airflow/example_dags/example_kubernetes_executor.py took 0.092 seconds
[2024-05-06T20:44:07.524-0500] {processor.py:161} INFO - Started process (PID=48842) to work on /Users/paulamedina/venv/lib/python3.12/site-packages/airflow/example_dags/example_kubernetes_executor.py
[2024-05-06T20:44:07.525-0500] {processor.py:830} INFO - Processing file /Users/paulamedina/venv/lib/python3.12/site-packages/airflow/example_dags/example_kubernetes_executor.py for tasks to queue
[2024-05-06T20:44:07.525-0500] {logging_mixin.py:188} INFO - [2024-05-06T20:44:07.525-0500] {dagbag.py:540} INFO - Filling up the DagBag from /Users/paulamedina/venv/lib/python3.12/site-packages/airflow/example_dags/example_kubernetes_executor.py
[2024-05-06T20:44:07.553-0500] {logging_mixin.py:188} INFO - [2024-05-06T20:44:07.553-0500] {example_kubernetes_executor.py:39} WARNING - The example_kubernetes_executor example DAG requires the kubernetes provider. Please install it with: pip install apache-airflow[cncf.kubernetes]
[2024-05-06T20:44:07.553-0500] {processor.py:842} WARNING - No viable dags retrieved from /Users/paulamedina/venv/lib/python3.12/site-packages/airflow/example_dags/example_kubernetes_executor.py
[2024-05-06T20:44:07.616-0500] {processor.py:183} INFO - Processing /Users/paulamedina/venv/lib/python3.12/site-packages/airflow/example_dags/example_kubernetes_executor.py took 0.094 seconds
[2024-05-06T20:47:37.917-0500] {processor.py:161} INFO - Started process (PID=49682) to work on /Users/paulamedina/venv/lib/python3.12/site-packages/airflow/example_dags/example_kubernetes_executor.py
[2024-05-06T20:47:37.918-0500] {processor.py:830} INFO - Processing file /Users/paulamedina/venv/lib/python3.12/site-packages/airflow/example_dags/example_kubernetes_executor.py for tasks to queue
[2024-05-06T20:47:37.919-0500] {logging_mixin.py:188} INFO - [2024-05-06T20:47:37.918-0500] {dagbag.py:540} INFO - Filling up the DagBag from /Users/paulamedina/venv/lib/python3.12/site-packages/airflow/example_dags/example_kubernetes_executor.py
[2024-05-06T20:47:37.952-0500] {logging_mixin.py:188} INFO - [2024-05-06T20:47:37.952-0500] {example_kubernetes_executor.py:39} WARNING - The example_kubernetes_executor example DAG requires the kubernetes provider. Please install it with: pip install apache-airflow[cncf.kubernetes]
[2024-05-06T20:47:37.952-0500] {processor.py:842} WARNING - No viable dags retrieved from /Users/paulamedina/venv/lib/python3.12/site-packages/airflow/example_dags/example_kubernetes_executor.py
[2024-05-06T20:47:38.023-0500] {processor.py:183} INFO - Processing /Users/paulamedina/venv/lib/python3.12/site-packages/airflow/example_dags/example_kubernetes_executor.py took 0.108 seconds
[2024-05-06T20:51:06.824-0500] {processor.py:161} INFO - Started process (PID=50415) to work on /Users/paulamedina/venv/lib/python3.12/site-packages/airflow/example_dags/example_kubernetes_executor.py
[2024-05-06T20:51:06.824-0500] {processor.py:830} INFO - Processing file /Users/paulamedina/venv/lib/python3.12/site-packages/airflow/example_dags/example_kubernetes_executor.py for tasks to queue
[2024-05-06T20:51:06.825-0500] {logging_mixin.py:188} INFO - [2024-05-06T20:51:06.825-0500] {dagbag.py:540} INFO - Filling up the DagBag from /Users/paulamedina/venv/lib/python3.12/site-packages/airflow/example_dags/example_kubernetes_executor.py
[2024-05-06T20:51:06.852-0500] {logging_mixin.py:188} INFO - [2024-05-06T20:51:06.852-0500] {example_kubernetes_executor.py:39} WARNING - The example_kubernetes_executor example DAG requires the kubernetes provider. Please install it with: pip install apache-airflow[cncf.kubernetes]
[2024-05-06T20:51:06.852-0500] {processor.py:842} WARNING - No viable dags retrieved from /Users/paulamedina/venv/lib/python3.12/site-packages/airflow/example_dags/example_kubernetes_executor.py
[2024-05-06T20:51:06.913-0500] {processor.py:183} INFO - Processing /Users/paulamedina/venv/lib/python3.12/site-packages/airflow/example_dags/example_kubernetes_executor.py took 0.091 seconds
[2024-05-06T20:54:37.103-0500] {processor.py:161} INFO - Started process (PID=51160) to work on /Users/paulamedina/venv/lib/python3.12/site-packages/airflow/example_dags/example_kubernetes_executor.py
[2024-05-06T20:54:37.104-0500] {processor.py:830} INFO - Processing file /Users/paulamedina/venv/lib/python3.12/site-packages/airflow/example_dags/example_kubernetes_executor.py for tasks to queue
[2024-05-06T20:54:37.104-0500] {logging_mixin.py:188} INFO - [2024-05-06T20:54:37.104-0500] {dagbag.py:540} INFO - Filling up the DagBag from /Users/paulamedina/venv/lib/python3.12/site-packages/airflow/example_dags/example_kubernetes_executor.py
[2024-05-06T20:54:37.133-0500] {logging_mixin.py:188} INFO - [2024-05-06T20:54:37.133-0500] {example_kubernetes_executor.py:39} WARNING - The example_kubernetes_executor example DAG requires the kubernetes provider. Please install it with: pip install apache-airflow[cncf.kubernetes]
[2024-05-06T20:54:37.133-0500] {processor.py:842} WARNING - No viable dags retrieved from /Users/paulamedina/venv/lib/python3.12/site-packages/airflow/example_dags/example_kubernetes_executor.py
[2024-05-06T20:54:37.194-0500] {processor.py:183} INFO - Processing /Users/paulamedina/venv/lib/python3.12/site-packages/airflow/example_dags/example_kubernetes_executor.py took 0.093 seconds
[2024-05-06T20:58:03.902-0500] {processor.py:161} INFO - Started process (PID=51894) to work on /Users/paulamedina/venv/lib/python3.12/site-packages/airflow/example_dags/example_kubernetes_executor.py
[2024-05-06T20:58:03.903-0500] {processor.py:830} INFO - Processing file /Users/paulamedina/venv/lib/python3.12/site-packages/airflow/example_dags/example_kubernetes_executor.py for tasks to queue
[2024-05-06T20:58:03.903-0500] {logging_mixin.py:188} INFO - [2024-05-06T20:58:03.903-0500] {dagbag.py:540} INFO - Filling up the DagBag from /Users/paulamedina/venv/lib/python3.12/site-packages/airflow/example_dags/example_kubernetes_executor.py
[2024-05-06T20:58:03.931-0500] {logging_mixin.py:188} INFO - [2024-05-06T20:58:03.931-0500] {example_kubernetes_executor.py:39} WARNING - The example_kubernetes_executor example DAG requires the kubernetes provider. Please install it with: pip install apache-airflow[cncf.kubernetes]
[2024-05-06T20:58:03.931-0500] {processor.py:842} WARNING - No viable dags retrieved from /Users/paulamedina/venv/lib/python3.12/site-packages/airflow/example_dags/example_kubernetes_executor.py
[2024-05-06T20:58:03.992-0500] {processor.py:183} INFO - Processing /Users/paulamedina/venv/lib/python3.12/site-packages/airflow/example_dags/example_kubernetes_executor.py took 0.092 seconds
[2024-05-06T21:01:59.162-0500] {processor.py:161} INFO - Started process (PID=52760) to work on /Users/paulamedina/venv/lib/python3.12/site-packages/airflow/example_dags/example_kubernetes_executor.py
[2024-05-06T21:01:59.163-0500] {processor.py:830} INFO - Processing file /Users/paulamedina/venv/lib/python3.12/site-packages/airflow/example_dags/example_kubernetes_executor.py for tasks to queue
[2024-05-06T21:01:59.163-0500] {logging_mixin.py:188} INFO - [2024-05-06T21:01:59.163-0500] {dagbag.py:540} INFO - Filling up the DagBag from /Users/paulamedina/venv/lib/python3.12/site-packages/airflow/example_dags/example_kubernetes_executor.py
[2024-05-06T21:01:59.191-0500] {logging_mixin.py:188} INFO - [2024-05-06T21:01:59.191-0500] {example_kubernetes_executor.py:39} WARNING - The example_kubernetes_executor example DAG requires the kubernetes provider. Please install it with: pip install apache-airflow[cncf.kubernetes]
[2024-05-06T21:01:59.192-0500] {processor.py:842} WARNING - No viable dags retrieved from /Users/paulamedina/venv/lib/python3.12/site-packages/airflow/example_dags/example_kubernetes_executor.py
[2024-05-06T21:01:59.254-0500] {processor.py:183} INFO - Processing /Users/paulamedina/venv/lib/python3.12/site-packages/airflow/example_dags/example_kubernetes_executor.py took 0.094 seconds
[2024-05-06T21:05:23.468-0500] {processor.py:161} INFO - Started process (PID=53663) to work on /Users/paulamedina/venv/lib/python3.12/site-packages/airflow/example_dags/example_kubernetes_executor.py
[2024-05-06T21:05:23.469-0500] {processor.py:830} INFO - Processing file /Users/paulamedina/venv/lib/python3.12/site-packages/airflow/example_dags/example_kubernetes_executor.py for tasks to queue
[2024-05-06T21:05:23.469-0500] {logging_mixin.py:188} INFO - [2024-05-06T21:05:23.469-0500] {dagbag.py:540} INFO - Filling up the DagBag from /Users/paulamedina/venv/lib/python3.12/site-packages/airflow/example_dags/example_kubernetes_executor.py
[2024-05-06T21:05:23.502-0500] {logging_mixin.py:188} INFO - [2024-05-06T21:05:23.502-0500] {example_kubernetes_executor.py:39} WARNING - The example_kubernetes_executor example DAG requires the kubernetes provider. Please install it with: pip install apache-airflow[cncf.kubernetes]
[2024-05-06T21:05:23.503-0500] {processor.py:842} WARNING - No viable dags retrieved from /Users/paulamedina/venv/lib/python3.12/site-packages/airflow/example_dags/example_kubernetes_executor.py
[2024-05-06T21:05:23.573-0500] {processor.py:183} INFO - Processing /Users/paulamedina/venv/lib/python3.12/site-packages/airflow/example_dags/example_kubernetes_executor.py took 0.108 seconds
[2024-05-06T21:08:46.925-0500] {processor.py:161} INFO - Started process (PID=54391) to work on /Users/paulamedina/venv/lib/python3.12/site-packages/airflow/example_dags/example_kubernetes_executor.py
[2024-05-06T21:08:46.925-0500] {processor.py:830} INFO - Processing file /Users/paulamedina/venv/lib/python3.12/site-packages/airflow/example_dags/example_kubernetes_executor.py for tasks to queue
[2024-05-06T21:08:46.926-0500] {logging_mixin.py:188} INFO - [2024-05-06T21:08:46.926-0500] {dagbag.py:540} INFO - Filling up the DagBag from /Users/paulamedina/venv/lib/python3.12/site-packages/airflow/example_dags/example_kubernetes_executor.py
[2024-05-06T21:08:46.953-0500] {logging_mixin.py:188} INFO - [2024-05-06T21:08:46.953-0500] {example_kubernetes_executor.py:39} WARNING - The example_kubernetes_executor example DAG requires the kubernetes provider. Please install it with: pip install apache-airflow[cncf.kubernetes]
[2024-05-06T21:08:46.954-0500] {processor.py:842} WARNING - No viable dags retrieved from /Users/paulamedina/venv/lib/python3.12/site-packages/airflow/example_dags/example_kubernetes_executor.py
[2024-05-06T21:08:47.015-0500] {processor.py:183} INFO - Processing /Users/paulamedina/venv/lib/python3.12/site-packages/airflow/example_dags/example_kubernetes_executor.py took 0.092 seconds
[2024-05-06T21:12:10.118-0500] {processor.py:161} INFO - Started process (PID=55106) to work on /Users/paulamedina/venv/lib/python3.12/site-packages/airflow/example_dags/example_kubernetes_executor.py
[2024-05-06T21:12:10.119-0500] {processor.py:830} INFO - Processing file /Users/paulamedina/venv/lib/python3.12/site-packages/airflow/example_dags/example_kubernetes_executor.py for tasks to queue
[2024-05-06T21:12:10.120-0500] {logging_mixin.py:188} INFO - [2024-05-06T21:12:10.119-0500] {dagbag.py:540} INFO - Filling up the DagBag from /Users/paulamedina/venv/lib/python3.12/site-packages/airflow/example_dags/example_kubernetes_executor.py
[2024-05-06T21:12:10.148-0500] {logging_mixin.py:188} INFO - [2024-05-06T21:12:10.147-0500] {example_kubernetes_executor.py:39} WARNING - The example_kubernetes_executor example DAG requires the kubernetes provider. Please install it with: pip install apache-airflow[cncf.kubernetes]
[2024-05-06T21:12:10.148-0500] {processor.py:842} WARNING - No viable dags retrieved from /Users/paulamedina/venv/lib/python3.12/site-packages/airflow/example_dags/example_kubernetes_executor.py
[2024-05-06T21:12:10.209-0500] {processor.py:183} INFO - Processing /Users/paulamedina/venv/lib/python3.12/site-packages/airflow/example_dags/example_kubernetes_executor.py took 0.093 seconds
[2024-05-06T21:15:35.443-0500] {processor.py:161} INFO - Started process (PID=55827) to work on /Users/paulamedina/venv/lib/python3.12/site-packages/airflow/example_dags/example_kubernetes_executor.py
[2024-05-06T21:15:35.444-0500] {processor.py:830} INFO - Processing file /Users/paulamedina/venv/lib/python3.12/site-packages/airflow/example_dags/example_kubernetes_executor.py for tasks to queue
[2024-05-06T21:15:35.444-0500] {logging_mixin.py:188} INFO - [2024-05-06T21:15:35.444-0500] {dagbag.py:540} INFO - Filling up the DagBag from /Users/paulamedina/venv/lib/python3.12/site-packages/airflow/example_dags/example_kubernetes_executor.py
[2024-05-06T21:15:35.472-0500] {logging_mixin.py:188} INFO - [2024-05-06T21:15:35.472-0500] {example_kubernetes_executor.py:39} WARNING - The example_kubernetes_executor example DAG requires the kubernetes provider. Please install it with: pip install apache-airflow[cncf.kubernetes]
[2024-05-06T21:15:35.472-0500] {processor.py:842} WARNING - No viable dags retrieved from /Users/paulamedina/venv/lib/python3.12/site-packages/airflow/example_dags/example_kubernetes_executor.py
[2024-05-06T21:15:35.534-0500] {processor.py:183} INFO - Processing /Users/paulamedina/venv/lib/python3.12/site-packages/airflow/example_dags/example_kubernetes_executor.py took 0.093 seconds
[2024-05-06T21:19:08.956-0500] {processor.py:161} INFO - Started process (PID=56583) to work on /Users/paulamedina/venv/lib/python3.12/site-packages/airflow/example_dags/example_kubernetes_executor.py
[2024-05-06T21:19:08.957-0500] {processor.py:830} INFO - Processing file /Users/paulamedina/venv/lib/python3.12/site-packages/airflow/example_dags/example_kubernetes_executor.py for tasks to queue
[2024-05-06T21:19:08.957-0500] {logging_mixin.py:188} INFO - [2024-05-06T21:19:08.957-0500] {dagbag.py:540} INFO - Filling up the DagBag from /Users/paulamedina/venv/lib/python3.12/site-packages/airflow/example_dags/example_kubernetes_executor.py
[2024-05-06T21:19:08.985-0500] {logging_mixin.py:188} INFO - [2024-05-06T21:19:08.985-0500] {example_kubernetes_executor.py:39} WARNING - The example_kubernetes_executor example DAG requires the kubernetes provider. Please install it with: pip install apache-airflow[cncf.kubernetes]
[2024-05-06T21:19:08.985-0500] {processor.py:842} WARNING - No viable dags retrieved from /Users/paulamedina/venv/lib/python3.12/site-packages/airflow/example_dags/example_kubernetes_executor.py
[2024-05-06T21:19:09.047-0500] {processor.py:183} INFO - Processing /Users/paulamedina/venv/lib/python3.12/site-packages/airflow/example_dags/example_kubernetes_executor.py took 0.093 seconds
[2024-05-06T21:22:39.873-0500] {processor.py:161} INFO - Started process (PID=57410) to work on /Users/paulamedina/venv/lib/python3.12/site-packages/airflow/example_dags/example_kubernetes_executor.py
[2024-05-06T21:22:39.874-0500] {processor.py:830} INFO - Processing file /Users/paulamedina/venv/lib/python3.12/site-packages/airflow/example_dags/example_kubernetes_executor.py for tasks to queue
[2024-05-06T21:22:39.874-0500] {logging_mixin.py:188} INFO - [2024-05-06T21:22:39.874-0500] {dagbag.py:540} INFO - Filling up the DagBag from /Users/paulamedina/venv/lib/python3.12/site-packages/airflow/example_dags/example_kubernetes_executor.py
[2024-05-06T21:22:39.906-0500] {logging_mixin.py:188} INFO - [2024-05-06T21:22:39.906-0500] {example_kubernetes_executor.py:39} WARNING - The example_kubernetes_executor example DAG requires the kubernetes provider. Please install it with: pip install apache-airflow[cncf.kubernetes]
[2024-05-06T21:22:39.906-0500] {processor.py:842} WARNING - No viable dags retrieved from /Users/paulamedina/venv/lib/python3.12/site-packages/airflow/example_dags/example_kubernetes_executor.py
[2024-05-06T21:22:39.967-0500] {processor.py:183} INFO - Processing /Users/paulamedina/venv/lib/python3.12/site-packages/airflow/example_dags/example_kubernetes_executor.py took 0.098 seconds
[2024-05-06T21:26:11.921-0500] {processor.py:161} INFO - Started process (PID=58170) to work on /Users/paulamedina/venv/lib/python3.12/site-packages/airflow/example_dags/example_kubernetes_executor.py
[2024-05-06T21:26:11.922-0500] {processor.py:830} INFO - Processing file /Users/paulamedina/venv/lib/python3.12/site-packages/airflow/example_dags/example_kubernetes_executor.py for tasks to queue
[2024-05-06T21:26:11.922-0500] {logging_mixin.py:188} INFO - [2024-05-06T21:26:11.922-0500] {dagbag.py:540} INFO - Filling up the DagBag from /Users/paulamedina/venv/lib/python3.12/site-packages/airflow/example_dags/example_kubernetes_executor.py
[2024-05-06T21:26:11.950-0500] {logging_mixin.py:188} INFO - [2024-05-06T21:26:11.950-0500] {example_kubernetes_executor.py:39} WARNING - The example_kubernetes_executor example DAG requires the kubernetes provider. Please install it with: pip install apache-airflow[cncf.kubernetes]
[2024-05-06T21:26:11.951-0500] {processor.py:842} WARNING - No viable dags retrieved from /Users/paulamedina/venv/lib/python3.12/site-packages/airflow/example_dags/example_kubernetes_executor.py
[2024-05-06T21:26:12.013-0500] {processor.py:183} INFO - Processing /Users/paulamedina/venv/lib/python3.12/site-packages/airflow/example_dags/example_kubernetes_executor.py took 0.094 seconds
[2024-05-06T21:29:48.556-0500] {processor.py:161} INFO - Started process (PID=58924) to work on /Users/paulamedina/venv/lib/python3.12/site-packages/airflow/example_dags/example_kubernetes_executor.py
[2024-05-06T21:29:48.556-0500] {processor.py:830} INFO - Processing file /Users/paulamedina/venv/lib/python3.12/site-packages/airflow/example_dags/example_kubernetes_executor.py for tasks to queue
[2024-05-06T21:29:48.557-0500] {logging_mixin.py:188} INFO - [2024-05-06T21:29:48.557-0500] {dagbag.py:540} INFO - Filling up the DagBag from /Users/paulamedina/venv/lib/python3.12/site-packages/airflow/example_dags/example_kubernetes_executor.py
[2024-05-06T21:29:48.595-0500] {logging_mixin.py:188} INFO - [2024-05-06T21:29:48.594-0500] {example_kubernetes_executor.py:39} WARNING - The example_kubernetes_executor example DAG requires the kubernetes provider. Please install it with: pip install apache-airflow[cncf.kubernetes]
[2024-05-06T21:29:48.595-0500] {processor.py:842} WARNING - No viable dags retrieved from /Users/paulamedina/venv/lib/python3.12/site-packages/airflow/example_dags/example_kubernetes_executor.py
[2024-05-06T21:29:48.676-0500] {processor.py:183} INFO - Processing /Users/paulamedina/venv/lib/python3.12/site-packages/airflow/example_dags/example_kubernetes_executor.py took 0.124 seconds
[2024-05-06T21:32:14.140-0500] {processor.py:161} INFO - Started process (PID=59474) to work on /Users/paulamedina/venv/lib/python3.12/site-packages/airflow/example_dags/example_kubernetes_executor.py
[2024-05-06T21:32:14.140-0500] {processor.py:830} INFO - Processing file /Users/paulamedina/venv/lib/python3.12/site-packages/airflow/example_dags/example_kubernetes_executor.py for tasks to queue
[2024-05-06T21:32:14.141-0500] {logging_mixin.py:188} INFO - [2024-05-06T21:32:14.141-0500] {dagbag.py:540} INFO - Filling up the DagBag from /Users/paulamedina/venv/lib/python3.12/site-packages/airflow/example_dags/example_kubernetes_executor.py
[2024-05-06T21:32:14.171-0500] {logging_mixin.py:188} INFO - [2024-05-06T21:32:14.171-0500] {example_kubernetes_executor.py:39} WARNING - The example_kubernetes_executor example DAG requires the kubernetes provider. Please install it with: pip install apache-airflow[cncf.kubernetes]
[2024-05-06T21:32:14.171-0500] {processor.py:842} WARNING - No viable dags retrieved from /Users/paulamedina/venv/lib/python3.12/site-packages/airflow/example_dags/example_kubernetes_executor.py
[2024-05-06T21:32:14.234-0500] {processor.py:183} INFO - Processing /Users/paulamedina/venv/lib/python3.12/site-packages/airflow/example_dags/example_kubernetes_executor.py took 0.096 seconds
[2024-05-06T21:43:47.494-0500] {processor.py:161} INFO - Started process (PID=62068) to work on /Users/paulamedina/venv/lib/python3.12/site-packages/airflow/example_dags/example_kubernetes_executor.py
[2024-05-06T21:43:47.495-0500] {processor.py:830} INFO - Processing file /Users/paulamedina/venv/lib/python3.12/site-packages/airflow/example_dags/example_kubernetes_executor.py for tasks to queue
[2024-05-06T21:43:47.496-0500] {logging_mixin.py:188} INFO - [2024-05-06T21:43:47.496-0500] {dagbag.py:540} INFO - Filling up the DagBag from /Users/paulamedina/venv/lib/python3.12/site-packages/airflow/example_dags/example_kubernetes_executor.py
[2024-05-06T21:43:47.535-0500] {logging_mixin.py:188} INFO - [2024-05-06T21:43:47.535-0500] {example_kubernetes_executor.py:39} WARNING - The example_kubernetes_executor example DAG requires the kubernetes provider. Please install it with: pip install apache-airflow[cncf.kubernetes]
[2024-05-06T21:43:47.535-0500] {processor.py:842} WARNING - No viable dags retrieved from /Users/paulamedina/venv/lib/python3.12/site-packages/airflow/example_dags/example_kubernetes_executor.py
[2024-05-06T21:43:47.619-0500] {processor.py:183} INFO - Processing /Users/paulamedina/venv/lib/python3.12/site-packages/airflow/example_dags/example_kubernetes_executor.py took 0.128 seconds
[2024-05-06T21:44:42.581-0500] {processor.py:161} INFO - Started process (PID=62306) to work on /Users/paulamedina/venv/lib/python3.12/site-packages/airflow/example_dags/example_kubernetes_executor.py
[2024-05-06T21:44:42.583-0500] {processor.py:830} INFO - Processing file /Users/paulamedina/venv/lib/python3.12/site-packages/airflow/example_dags/example_kubernetes_executor.py for tasks to queue
[2024-05-06T21:44:42.583-0500] {logging_mixin.py:188} INFO - [2024-05-06T21:44:42.583-0500] {dagbag.py:540} INFO - Filling up the DagBag from /Users/paulamedina/venv/lib/python3.12/site-packages/airflow/example_dags/example_kubernetes_executor.py
[2024-05-06T21:44:42.631-0500] {logging_mixin.py:188} INFO - [2024-05-06T21:44:42.631-0500] {example_kubernetes_executor.py:39} WARNING - The example_kubernetes_executor example DAG requires the kubernetes provider. Please install it with: pip install apache-airflow[cncf.kubernetes]
[2024-05-06T21:44:42.631-0500] {processor.py:842} WARNING - No viable dags retrieved from /Users/paulamedina/venv/lib/python3.12/site-packages/airflow/example_dags/example_kubernetes_executor.py
[2024-05-06T21:44:42.747-0500] {processor.py:183} INFO - Processing /Users/paulamedina/venv/lib/python3.12/site-packages/airflow/example_dags/example_kubernetes_executor.py took 0.169 seconds
[2024-05-06T21:45:45.161-0500] {processor.py:161} INFO - Started process (PID=62552) to work on /Users/paulamedina/venv/lib/python3.12/site-packages/airflow/example_dags/example_kubernetes_executor.py
[2024-05-06T21:45:45.162-0500] {processor.py:830} INFO - Processing file /Users/paulamedina/venv/lib/python3.12/site-packages/airflow/example_dags/example_kubernetes_executor.py for tasks to queue
[2024-05-06T21:45:45.162-0500] {logging_mixin.py:188} INFO - [2024-05-06T21:45:45.162-0500] {dagbag.py:540} INFO - Filling up the DagBag from /Users/paulamedina/venv/lib/python3.12/site-packages/airflow/example_dags/example_kubernetes_executor.py
[2024-05-06T21:45:45.205-0500] {logging_mixin.py:188} INFO - [2024-05-06T21:45:45.205-0500] {example_kubernetes_executor.py:39} WARNING - The example_kubernetes_executor example DAG requires the kubernetes provider. Please install it with: pip install apache-airflow[cncf.kubernetes]
[2024-05-06T21:45:45.205-0500] {processor.py:842} WARNING - No viable dags retrieved from /Users/paulamedina/venv/lib/python3.12/site-packages/airflow/example_dags/example_kubernetes_executor.py
[2024-05-06T21:45:45.312-0500] {processor.py:183} INFO - Processing /Users/paulamedina/venv/lib/python3.12/site-packages/airflow/example_dags/example_kubernetes_executor.py took 0.155 seconds
[2024-05-06T21:47:02.150-0500] {processor.py:161} INFO - Started process (PID=62852) to work on /Users/paulamedina/venv/lib/python3.12/site-packages/airflow/example_dags/example_kubernetes_executor.py
[2024-05-06T21:47:02.152-0500] {processor.py:830} INFO - Processing file /Users/paulamedina/venv/lib/python3.12/site-packages/airflow/example_dags/example_kubernetes_executor.py for tasks to queue
[2024-05-06T21:47:02.153-0500] {logging_mixin.py:188} INFO - [2024-05-06T21:47:02.152-0500] {dagbag.py:540} INFO - Filling up the DagBag from /Users/paulamedina/venv/lib/python3.12/site-packages/airflow/example_dags/example_kubernetes_executor.py
[2024-05-06T21:47:02.204-0500] {logging_mixin.py:188} INFO - [2024-05-06T21:47:02.204-0500] {example_kubernetes_executor.py:39} WARNING - The example_kubernetes_executor example DAG requires the kubernetes provider. Please install it with: pip install apache-airflow[cncf.kubernetes]
[2024-05-06T21:47:02.205-0500] {processor.py:842} WARNING - No viable dags retrieved from /Users/paulamedina/venv/lib/python3.12/site-packages/airflow/example_dags/example_kubernetes_executor.py
[2024-05-06T21:47:02.328-0500] {processor.py:183} INFO - Processing /Users/paulamedina/venv/lib/python3.12/site-packages/airflow/example_dags/example_kubernetes_executor.py took 0.182 seconds
[2024-05-06T21:50:21.463-0500] {processor.py:161} INFO - Started process (PID=63684) to work on /Users/paulamedina/venv/lib/python3.12/site-packages/airflow/example_dags/example_kubernetes_executor.py
[2024-05-06T21:50:21.466-0500] {processor.py:830} INFO - Processing file /Users/paulamedina/venv/lib/python3.12/site-packages/airflow/example_dags/example_kubernetes_executor.py for tasks to queue
[2024-05-06T21:50:21.467-0500] {logging_mixin.py:188} INFO - [2024-05-06T21:50:21.467-0500] {dagbag.py:540} INFO - Filling up the DagBag from /Users/paulamedina/venv/lib/python3.12/site-packages/airflow/example_dags/example_kubernetes_executor.py
[2024-05-06T21:50:21.544-0500] {logging_mixin.py:188} INFO - [2024-05-06T21:50:21.544-0500] {example_kubernetes_executor.py:39} WARNING - The example_kubernetes_executor example DAG requires the kubernetes provider. Please install it with: pip install apache-airflow[cncf.kubernetes]
[2024-05-06T21:50:21.545-0500] {processor.py:842} WARNING - No viable dags retrieved from /Users/paulamedina/venv/lib/python3.12/site-packages/airflow/example_dags/example_kubernetes_executor.py
[2024-05-06T21:50:21.726-0500] {processor.py:183} INFO - Processing /Users/paulamedina/venv/lib/python3.12/site-packages/airflow/example_dags/example_kubernetes_executor.py took 0.269 seconds
[2024-05-06T21:51:51.359-0500] {processor.py:161} INFO - Started process (PID=64041) to work on /Users/paulamedina/venv/lib/python3.12/site-packages/airflow/example_dags/example_kubernetes_executor.py
[2024-05-06T21:51:51.360-0500] {processor.py:830} INFO - Processing file /Users/paulamedina/venv/lib/python3.12/site-packages/airflow/example_dags/example_kubernetes_executor.py for tasks to queue
[2024-05-06T21:51:51.361-0500] {logging_mixin.py:188} INFO - [2024-05-06T21:51:51.361-0500] {dagbag.py:540} INFO - Filling up the DagBag from /Users/paulamedina/venv/lib/python3.12/site-packages/airflow/example_dags/example_kubernetes_executor.py
[2024-05-06T21:51:51.406-0500] {logging_mixin.py:188} INFO - [2024-05-06T21:51:51.405-0500] {example_kubernetes_executor.py:39} WARNING - The example_kubernetes_executor example DAG requires the kubernetes provider. Please install it with: pip install apache-airflow[cncf.kubernetes]
[2024-05-06T21:51:51.406-0500] {processor.py:842} WARNING - No viable dags retrieved from /Users/paulamedina/venv/lib/python3.12/site-packages/airflow/example_dags/example_kubernetes_executor.py
[2024-05-06T21:51:51.514-0500] {processor.py:183} INFO - Processing /Users/paulamedina/venv/lib/python3.12/site-packages/airflow/example_dags/example_kubernetes_executor.py took 0.158 seconds
[2024-05-06T21:53:08.651-0500] {processor.py:161} INFO - Started process (PID=64333) to work on /Users/paulamedina/venv/lib/python3.12/site-packages/airflow/example_dags/example_kubernetes_executor.py
[2024-05-06T21:53:08.653-0500] {processor.py:830} INFO - Processing file /Users/paulamedina/venv/lib/python3.12/site-packages/airflow/example_dags/example_kubernetes_executor.py for tasks to queue
[2024-05-06T21:53:08.654-0500] {logging_mixin.py:188} INFO - [2024-05-06T21:53:08.653-0500] {dagbag.py:540} INFO - Filling up the DagBag from /Users/paulamedina/venv/lib/python3.12/site-packages/airflow/example_dags/example_kubernetes_executor.py
[2024-05-06T21:53:08.713-0500] {logging_mixin.py:188} INFO - [2024-05-06T21:53:08.713-0500] {example_kubernetes_executor.py:39} WARNING - The example_kubernetes_executor example DAG requires the kubernetes provider. Please install it with: pip install apache-airflow[cncf.kubernetes]
[2024-05-06T21:53:08.714-0500] {processor.py:842} WARNING - No viable dags retrieved from /Users/paulamedina/venv/lib/python3.12/site-packages/airflow/example_dags/example_kubernetes_executor.py
[2024-05-06T21:53:08.862-0500] {processor.py:183} INFO - Processing /Users/paulamedina/venv/lib/python3.12/site-packages/airflow/example_dags/example_kubernetes_executor.py took 0.216 seconds
[2024-05-06T21:54:30.199-0500] {processor.py:161} INFO - Started process (PID=64659) to work on /Users/paulamedina/venv/lib/python3.12/site-packages/airflow/example_dags/example_kubernetes_executor.py
[2024-05-06T21:54:30.201-0500] {processor.py:830} INFO - Processing file /Users/paulamedina/venv/lib/python3.12/site-packages/airflow/example_dags/example_kubernetes_executor.py for tasks to queue
[2024-05-06T21:54:30.202-0500] {logging_mixin.py:188} INFO - [2024-05-06T21:54:30.202-0500] {dagbag.py:540} INFO - Filling up the DagBag from /Users/paulamedina/venv/lib/python3.12/site-packages/airflow/example_dags/example_kubernetes_executor.py
[2024-05-06T21:54:30.257-0500] {logging_mixin.py:188} INFO - [2024-05-06T21:54:30.257-0500] {example_kubernetes_executor.py:39} WARNING - The example_kubernetes_executor example DAG requires the kubernetes provider. Please install it with: pip install apache-airflow[cncf.kubernetes]
[2024-05-06T21:54:30.258-0500] {processor.py:842} WARNING - No viable dags retrieved from /Users/paulamedina/venv/lib/python3.12/site-packages/airflow/example_dags/example_kubernetes_executor.py
[2024-05-06T21:54:30.415-0500] {processor.py:183} INFO - Processing /Users/paulamedina/venv/lib/python3.12/site-packages/airflow/example_dags/example_kubernetes_executor.py took 0.220 seconds
[2024-05-06T21:55:59.272-0500] {processor.py:161} INFO - Started process (PID=65028) to work on /Users/paulamedina/venv/lib/python3.12/site-packages/airflow/example_dags/example_kubernetes_executor.py
[2024-05-06T21:55:59.274-0500] {processor.py:830} INFO - Processing file /Users/paulamedina/venv/lib/python3.12/site-packages/airflow/example_dags/example_kubernetes_executor.py for tasks to queue
[2024-05-06T21:55:59.275-0500] {logging_mixin.py:188} INFO - [2024-05-06T21:55:59.275-0500] {dagbag.py:540} INFO - Filling up the DagBag from /Users/paulamedina/venv/lib/python3.12/site-packages/airflow/example_dags/example_kubernetes_executor.py
[2024-05-06T21:55:59.334-0500] {logging_mixin.py:188} INFO - [2024-05-06T21:55:59.333-0500] {example_kubernetes_executor.py:39} WARNING - The example_kubernetes_executor example DAG requires the kubernetes provider. Please install it with: pip install apache-airflow[cncf.kubernetes]
[2024-05-06T21:55:59.334-0500] {processor.py:842} WARNING - No viable dags retrieved from /Users/paulamedina/venv/lib/python3.12/site-packages/airflow/example_dags/example_kubernetes_executor.py
[2024-05-06T21:55:59.477-0500] {processor.py:183} INFO - Processing /Users/paulamedina/venv/lib/python3.12/site-packages/airflow/example_dags/example_kubernetes_executor.py took 0.210 seconds
[2024-05-06T21:57:33.654-0500] {processor.py:161} INFO - Started process (PID=65382) to work on /Users/paulamedina/venv/lib/python3.12/site-packages/airflow/example_dags/example_kubernetes_executor.py
[2024-05-06T21:57:33.656-0500] {processor.py:830} INFO - Processing file /Users/paulamedina/venv/lib/python3.12/site-packages/airflow/example_dags/example_kubernetes_executor.py for tasks to queue
[2024-05-06T21:57:33.657-0500] {logging_mixin.py:188} INFO - [2024-05-06T21:57:33.657-0500] {dagbag.py:540} INFO - Filling up the DagBag from /Users/paulamedina/venv/lib/python3.12/site-packages/airflow/example_dags/example_kubernetes_executor.py
[2024-05-06T21:57:33.716-0500] {logging_mixin.py:188} INFO - [2024-05-06T21:57:33.716-0500] {example_kubernetes_executor.py:39} WARNING - The example_kubernetes_executor example DAG requires the kubernetes provider. Please install it with: pip install apache-airflow[cncf.kubernetes]
[2024-05-06T21:57:33.717-0500] {processor.py:842} WARNING - No viable dags retrieved from /Users/paulamedina/venv/lib/python3.12/site-packages/airflow/example_dags/example_kubernetes_executor.py
[2024-05-06T21:57:33.923-0500] {processor.py:183} INFO - Processing /Users/paulamedina/venv/lib/python3.12/site-packages/airflow/example_dags/example_kubernetes_executor.py took 0.273 seconds
[2024-05-06T21:59:20.141-0500] {processor.py:161} INFO - Started process (PID=65877) to work on /Users/paulamedina/venv/lib/python3.12/site-packages/airflow/example_dags/example_kubernetes_executor.py
[2024-05-06T21:59:20.144-0500] {processor.py:830} INFO - Processing file /Users/paulamedina/venv/lib/python3.12/site-packages/airflow/example_dags/example_kubernetes_executor.py for tasks to queue
[2024-05-06T21:59:20.145-0500] {logging_mixin.py:188} INFO - [2024-05-06T21:59:20.144-0500] {dagbag.py:540} INFO - Filling up the DagBag from /Users/paulamedina/venv/lib/python3.12/site-packages/airflow/example_dags/example_kubernetes_executor.py
[2024-05-06T21:59:20.209-0500] {logging_mixin.py:188} INFO - [2024-05-06T21:59:20.208-0500] {example_kubernetes_executor.py:39} WARNING - The example_kubernetes_executor example DAG requires the kubernetes provider. Please install it with: pip install apache-airflow[cncf.kubernetes]
[2024-05-06T21:59:20.210-0500] {processor.py:842} WARNING - No viable dags retrieved from /Users/paulamedina/venv/lib/python3.12/site-packages/airflow/example_dags/example_kubernetes_executor.py
[2024-05-06T21:59:20.362-0500] {processor.py:183} INFO - Processing /Users/paulamedina/venv/lib/python3.12/site-packages/airflow/example_dags/example_kubernetes_executor.py took 0.226 seconds
[2024-05-06T22:01:22.996-0500] {processor.py:161} INFO - Started process (PID=66433) to work on /Users/paulamedina/venv/lib/python3.12/site-packages/airflow/example_dags/example_kubernetes_executor.py
[2024-05-06T22:01:22.998-0500] {processor.py:830} INFO - Processing file /Users/paulamedina/venv/lib/python3.12/site-packages/airflow/example_dags/example_kubernetes_executor.py for tasks to queue
[2024-05-06T22:01:22.999-0500] {logging_mixin.py:188} INFO - [2024-05-06T22:01:22.999-0500] {dagbag.py:540} INFO - Filling up the DagBag from /Users/paulamedina/venv/lib/python3.12/site-packages/airflow/example_dags/example_kubernetes_executor.py
[2024-05-06T22:01:23.048-0500] {logging_mixin.py:188} INFO - [2024-05-06T22:01:23.048-0500] {example_kubernetes_executor.py:39} WARNING - The example_kubernetes_executor example DAG requires the kubernetes provider. Please install it with: pip install apache-airflow[cncf.kubernetes]
[2024-05-06T22:01:23.048-0500] {processor.py:842} WARNING - No viable dags retrieved from /Users/paulamedina/venv/lib/python3.12/site-packages/airflow/example_dags/example_kubernetes_executor.py
[2024-05-06T22:01:23.164-0500] {processor.py:183} INFO - Processing /Users/paulamedina/venv/lib/python3.12/site-packages/airflow/example_dags/example_kubernetes_executor.py took 0.172 seconds
