[2024-05-06T19:01:56.487-0500] {processor.py:161} INFO - Started process (PID=26549) to work on /Users/paulamedina/venv/lib/python3.12/site-packages/airflow/example_dags/example_display_name.py
[2024-05-06T19:01:56.488-0500] {processor.py:830} INFO - Processing file /Users/paulamedina/venv/lib/python3.12/site-packages/airflow/example_dags/example_display_name.py for tasks to queue
[2024-05-06T19:01:56.488-0500] {logging_mixin.py:188} INFO - [2024-05-06T19:01:56.488-0500] {dagbag.py:540} INFO - Filling up the DagBag from /Users/paulamedina/venv/lib/python3.12/site-packages/airflow/example_dags/example_display_name.py
[2024-05-06T19:01:56.518-0500] {processor.py:840} INFO - DAG(s) 'example_display_name' retrieved from /Users/paulamedina/venv/lib/python3.12/site-packages/airflow/example_dags/example_display_name.py
[2024-05-06T19:01:56.592-0500] {logging_mixin.py:188} INFO - [2024-05-06T19:01:56.592-0500] {dag.py:3096} INFO - Sync 1 DAGs
[2024-05-06T19:01:56.599-0500] {logging_mixin.py:188} INFO - [2024-05-06T19:01:56.599-0500] {dag.py:3954} INFO - Setting next_dagrun for example_display_name to None, run_after=None
[2024-05-06T19:01:56.613-0500] {processor.py:183} INFO - Processing /Users/paulamedina/venv/lib/python3.12/site-packages/airflow/example_dags/example_display_name.py took 0.128 seconds
[2024-05-06T19:05:15.649-0500] {processor.py:161} INFO - Started process (PID=27263) to work on /Users/paulamedina/venv/lib/python3.12/site-packages/airflow/example_dags/example_display_name.py
[2024-05-06T19:05:15.650-0500] {processor.py:830} INFO - Processing file /Users/paulamedina/venv/lib/python3.12/site-packages/airflow/example_dags/example_display_name.py for tasks to queue
[2024-05-06T19:05:15.650-0500] {logging_mixin.py:188} INFO - [2024-05-06T19:05:15.650-0500] {dagbag.py:540} INFO - Filling up the DagBag from /Users/paulamedina/venv/lib/python3.12/site-packages/airflow/example_dags/example_display_name.py
[2024-05-06T19:05:15.680-0500] {processor.py:840} INFO - DAG(s) 'example_display_name' retrieved from /Users/paulamedina/venv/lib/python3.12/site-packages/airflow/example_dags/example_display_name.py
[2024-05-06T19:05:15.753-0500] {logging_mixin.py:188} INFO - [2024-05-06T19:05:15.753-0500] {dag.py:3096} INFO - Sync 1 DAGs
[2024-05-06T19:05:15.760-0500] {logging_mixin.py:188} INFO - [2024-05-06T19:05:15.760-0500] {dag.py:3954} INFO - Setting next_dagrun for example_display_name to None, run_after=None
[2024-05-06T19:05:15.773-0500] {processor.py:183} INFO - Processing /Users/paulamedina/venv/lib/python3.12/site-packages/airflow/example_dags/example_display_name.py took 0.126 seconds
[2024-05-06T19:08:38.381-0500] {processor.py:161} INFO - Started process (PID=28014) to work on /Users/paulamedina/venv/lib/python3.12/site-packages/airflow/example_dags/example_display_name.py
[2024-05-06T19:08:38.382-0500] {processor.py:830} INFO - Processing file /Users/paulamedina/venv/lib/python3.12/site-packages/airflow/example_dags/example_display_name.py for tasks to queue
[2024-05-06T19:08:38.382-0500] {logging_mixin.py:188} INFO - [2024-05-06T19:08:38.382-0500] {dagbag.py:540} INFO - Filling up the DagBag from /Users/paulamedina/venv/lib/python3.12/site-packages/airflow/example_dags/example_display_name.py
[2024-05-06T19:08:38.412-0500] {processor.py:840} INFO - DAG(s) 'example_display_name' retrieved from /Users/paulamedina/venv/lib/python3.12/site-packages/airflow/example_dags/example_display_name.py
[2024-05-06T19:08:38.484-0500] {logging_mixin.py:188} INFO - [2024-05-06T19:08:38.484-0500] {dag.py:3096} INFO - Sync 1 DAGs
[2024-05-06T19:08:38.491-0500] {logging_mixin.py:188} INFO - [2024-05-06T19:08:38.491-0500] {dag.py:3954} INFO - Setting next_dagrun for example_display_name to None, run_after=None
[2024-05-06T19:08:38.504-0500] {processor.py:183} INFO - Processing /Users/paulamedina/venv/lib/python3.12/site-packages/airflow/example_dags/example_display_name.py took 0.125 seconds
[2024-05-06T19:12:02.558-0500] {processor.py:161} INFO - Started process (PID=28728) to work on /Users/paulamedina/venv/lib/python3.12/site-packages/airflow/example_dags/example_display_name.py
[2024-05-06T19:12:02.559-0500] {processor.py:830} INFO - Processing file /Users/paulamedina/venv/lib/python3.12/site-packages/airflow/example_dags/example_display_name.py for tasks to queue
[2024-05-06T19:12:02.559-0500] {logging_mixin.py:188} INFO - [2024-05-06T19:12:02.559-0500] {dagbag.py:540} INFO - Filling up the DagBag from /Users/paulamedina/venv/lib/python3.12/site-packages/airflow/example_dags/example_display_name.py
[2024-05-06T19:12:02.589-0500] {processor.py:840} INFO - DAG(s) 'example_display_name' retrieved from /Users/paulamedina/venv/lib/python3.12/site-packages/airflow/example_dags/example_display_name.py
[2024-05-06T19:12:02.676-0500] {logging_mixin.py:188} INFO - [2024-05-06T19:12:02.675-0500] {dag.py:3096} INFO - Sync 1 DAGs
[2024-05-06T19:12:02.683-0500] {logging_mixin.py:188} INFO - [2024-05-06T19:12:02.682-0500] {dag.py:3954} INFO - Setting next_dagrun for example_display_name to None, run_after=None
[2024-05-06T19:12:02.698-0500] {processor.py:183} INFO - Processing /Users/paulamedina/venv/lib/python3.12/site-packages/airflow/example_dags/example_display_name.py took 0.141 seconds
[2024-05-06T19:15:57.347-0500] {processor.py:161} INFO - Started process (PID=29559) to work on /Users/paulamedina/venv/lib/python3.12/site-packages/airflow/example_dags/example_display_name.py
[2024-05-06T19:15:57.349-0500] {processor.py:830} INFO - Processing file /Users/paulamedina/venv/lib/python3.12/site-packages/airflow/example_dags/example_display_name.py for tasks to queue
[2024-05-06T19:15:57.350-0500] {logging_mixin.py:188} INFO - [2024-05-06T19:15:57.349-0500] {dagbag.py:540} INFO - Filling up the DagBag from /Users/paulamedina/venv/lib/python3.12/site-packages/airflow/example_dags/example_display_name.py
[2024-05-06T19:15:57.392-0500] {processor.py:840} INFO - DAG(s) 'example_display_name' retrieved from /Users/paulamedina/venv/lib/python3.12/site-packages/airflow/example_dags/example_display_name.py
[2024-05-06T19:15:57.525-0500] {logging_mixin.py:188} INFO - [2024-05-06T19:15:57.524-0500] {dag.py:3096} INFO - Sync 1 DAGs
[2024-05-06T19:15:57.536-0500] {logging_mixin.py:188} INFO - [2024-05-06T19:15:57.536-0500] {dag.py:3954} INFO - Setting next_dagrun for example_display_name to None, run_after=None
[2024-05-06T19:15:57.556-0500] {processor.py:183} INFO - Processing /Users/paulamedina/venv/lib/python3.12/site-packages/airflow/example_dags/example_display_name.py took 0.212 seconds
[2024-05-06T19:20:37.380-0500] {processor.py:161} INFO - Started process (PID=30611) to work on /Users/paulamedina/venv/lib/python3.12/site-packages/airflow/example_dags/example_display_name.py
[2024-05-06T19:20:37.382-0500] {processor.py:830} INFO - Processing file /Users/paulamedina/venv/lib/python3.12/site-packages/airflow/example_dags/example_display_name.py for tasks to queue
[2024-05-06T19:20:37.383-0500] {logging_mixin.py:188} INFO - [2024-05-06T19:20:37.383-0500] {dagbag.py:540} INFO - Filling up the DagBag from /Users/paulamedina/venv/lib/python3.12/site-packages/airflow/example_dags/example_display_name.py
[2024-05-06T19:20:37.436-0500] {processor.py:840} INFO - DAG(s) 'example_display_name' retrieved from /Users/paulamedina/venv/lib/python3.12/site-packages/airflow/example_dags/example_display_name.py
[2024-05-06T19:20:37.567-0500] {logging_mixin.py:188} INFO - [2024-05-06T19:20:37.566-0500] {dag.py:3096} INFO - Sync 1 DAGs
[2024-05-06T19:20:37.580-0500] {logging_mixin.py:188} INFO - [2024-05-06T19:20:37.579-0500] {dag.py:3954} INFO - Setting next_dagrun for example_display_name to None, run_after=None
[2024-05-06T19:20:37.606-0500] {processor.py:183} INFO - Processing /Users/paulamedina/venv/lib/python3.12/site-packages/airflow/example_dags/example_display_name.py took 0.230 seconds
[2024-05-06T19:25:12.293-0500] {processor.py:161} INFO - Started process (PID=31587) to work on /Users/paulamedina/venv/lib/python3.12/site-packages/airflow/example_dags/example_display_name.py
[2024-05-06T19:25:12.294-0500] {processor.py:830} INFO - Processing file /Users/paulamedina/venv/lib/python3.12/site-packages/airflow/example_dags/example_display_name.py for tasks to queue
[2024-05-06T19:25:12.295-0500] {logging_mixin.py:188} INFO - [2024-05-06T19:25:12.294-0500] {dagbag.py:540} INFO - Filling up the DagBag from /Users/paulamedina/venv/lib/python3.12/site-packages/airflow/example_dags/example_display_name.py
[2024-05-06T19:25:12.339-0500] {processor.py:840} INFO - DAG(s) 'example_display_name' retrieved from /Users/paulamedina/venv/lib/python3.12/site-packages/airflow/example_dags/example_display_name.py
[2024-05-06T19:25:12.449-0500] {logging_mixin.py:188} INFO - [2024-05-06T19:25:12.448-0500] {dag.py:3096} INFO - Sync 1 DAGs
[2024-05-06T19:25:12.460-0500] {logging_mixin.py:188} INFO - [2024-05-06T19:25:12.459-0500] {dag.py:3954} INFO - Setting next_dagrun for example_display_name to None, run_after=None
[2024-05-06T19:25:12.479-0500] {processor.py:183} INFO - Processing /Users/paulamedina/venv/lib/python3.12/site-packages/airflow/example_dags/example_display_name.py took 0.189 seconds
[2024-05-06T19:28:56.952-0500] {processor.py:161} INFO - Started process (PID=32390) to work on /Users/paulamedina/venv/lib/python3.12/site-packages/airflow/example_dags/example_display_name.py
[2024-05-06T19:28:56.953-0500] {processor.py:830} INFO - Processing file /Users/paulamedina/venv/lib/python3.12/site-packages/airflow/example_dags/example_display_name.py for tasks to queue
[2024-05-06T19:28:56.953-0500] {logging_mixin.py:188} INFO - [2024-05-06T19:28:56.953-0500] {dagbag.py:540} INFO - Filling up the DagBag from /Users/paulamedina/venv/lib/python3.12/site-packages/airflow/example_dags/example_display_name.py
[2024-05-06T19:28:56.983-0500] {processor.py:840} INFO - DAG(s) 'example_display_name' retrieved from /Users/paulamedina/venv/lib/python3.12/site-packages/airflow/example_dags/example_display_name.py
[2024-05-06T19:28:57.057-0500] {logging_mixin.py:188} INFO - [2024-05-06T19:28:57.057-0500] {dag.py:3096} INFO - Sync 1 DAGs
[2024-05-06T19:28:57.064-0500] {logging_mixin.py:188} INFO - [2024-05-06T19:28:57.064-0500] {dag.py:3954} INFO - Setting next_dagrun for example_display_name to None, run_after=None
[2024-05-06T19:28:57.078-0500] {processor.py:183} INFO - Processing /Users/paulamedina/venv/lib/python3.12/site-packages/airflow/example_dags/example_display_name.py took 0.128 seconds
[2024-05-06T19:32:24.684-0500] {processor.py:161} INFO - Started process (PID=33143) to work on /Users/paulamedina/venv/lib/python3.12/site-packages/airflow/example_dags/example_display_name.py
[2024-05-06T19:32:24.685-0500] {processor.py:830} INFO - Processing file /Users/paulamedina/venv/lib/python3.12/site-packages/airflow/example_dags/example_display_name.py for tasks to queue
[2024-05-06T19:32:24.686-0500] {logging_mixin.py:188} INFO - [2024-05-06T19:32:24.685-0500] {dagbag.py:540} INFO - Filling up the DagBag from /Users/paulamedina/venv/lib/python3.12/site-packages/airflow/example_dags/example_display_name.py
[2024-05-06T19:32:24.722-0500] {processor.py:840} INFO - DAG(s) 'example_display_name' retrieved from /Users/paulamedina/venv/lib/python3.12/site-packages/airflow/example_dags/example_display_name.py
[2024-05-06T19:32:24.811-0500] {logging_mixin.py:188} INFO - [2024-05-06T19:32:24.810-0500] {dag.py:3096} INFO - Sync 1 DAGs
[2024-05-06T19:32:24.819-0500] {logging_mixin.py:188} INFO - [2024-05-06T19:32:24.818-0500] {dag.py:3954} INFO - Setting next_dagrun for example_display_name to None, run_after=None
[2024-05-06T19:32:24.835-0500] {processor.py:183} INFO - Processing /Users/paulamedina/venv/lib/python3.12/site-packages/airflow/example_dags/example_display_name.py took 0.153 seconds
[2024-05-06T19:35:53.678-0500] {processor.py:161} INFO - Started process (PID=33968) to work on /Users/paulamedina/venv/lib/python3.12/site-packages/airflow/example_dags/example_display_name.py
[2024-05-06T19:35:53.679-0500] {processor.py:830} INFO - Processing file /Users/paulamedina/venv/lib/python3.12/site-packages/airflow/example_dags/example_display_name.py for tasks to queue
[2024-05-06T19:35:53.679-0500] {logging_mixin.py:188} INFO - [2024-05-06T19:35:53.679-0500] {dagbag.py:540} INFO - Filling up the DagBag from /Users/paulamedina/venv/lib/python3.12/site-packages/airflow/example_dags/example_display_name.py
[2024-05-06T19:35:53.710-0500] {processor.py:840} INFO - DAG(s) 'example_display_name' retrieved from /Users/paulamedina/venv/lib/python3.12/site-packages/airflow/example_dags/example_display_name.py
[2024-05-06T19:35:53.784-0500] {logging_mixin.py:188} INFO - [2024-05-06T19:35:53.783-0500] {dag.py:3096} INFO - Sync 1 DAGs
[2024-05-06T19:35:53.790-0500] {logging_mixin.py:188} INFO - [2024-05-06T19:35:53.790-0500] {dag.py:3954} INFO - Setting next_dagrun for example_display_name to None, run_after=None
[2024-05-06T19:35:53.806-0500] {processor.py:183} INFO - Processing /Users/paulamedina/venv/lib/python3.12/site-packages/airflow/example_dags/example_display_name.py took 0.130 seconds
[2024-05-06T19:39:13.801-0500] {processor.py:161} INFO - Started process (PID=34688) to work on /Users/paulamedina/venv/lib/python3.12/site-packages/airflow/example_dags/example_display_name.py
[2024-05-06T19:39:13.801-0500] {processor.py:830} INFO - Processing file /Users/paulamedina/venv/lib/python3.12/site-packages/airflow/example_dags/example_display_name.py for tasks to queue
[2024-05-06T19:39:13.802-0500] {logging_mixin.py:188} INFO - [2024-05-06T19:39:13.802-0500] {dagbag.py:540} INFO - Filling up the DagBag from /Users/paulamedina/venv/lib/python3.12/site-packages/airflow/example_dags/example_display_name.py
[2024-05-06T19:39:13.832-0500] {processor.py:840} INFO - DAG(s) 'example_display_name' retrieved from /Users/paulamedina/venv/lib/python3.12/site-packages/airflow/example_dags/example_display_name.py
[2024-05-06T19:39:13.906-0500] {logging_mixin.py:188} INFO - [2024-05-06T19:39:13.906-0500] {dag.py:3096} INFO - Sync 1 DAGs
[2024-05-06T19:39:13.913-0500] {logging_mixin.py:188} INFO - [2024-05-06T19:39:13.913-0500] {dag.py:3954} INFO - Setting next_dagrun for example_display_name to None, run_after=None
[2024-05-06T19:39:13.927-0500] {processor.py:183} INFO - Processing /Users/paulamedina/venv/lib/python3.12/site-packages/airflow/example_dags/example_display_name.py took 0.128 seconds
[2024-05-06T19:42:28.841-0500] {processor.py:161} INFO - Started process (PID=35382) to work on /Users/paulamedina/venv/lib/python3.12/site-packages/airflow/example_dags/example_display_name.py
[2024-05-06T19:42:28.851-0500] {processor.py:830} INFO - Processing file /Users/paulamedina/venv/lib/python3.12/site-packages/airflow/example_dags/example_display_name.py for tasks to queue
[2024-05-06T19:42:28.852-0500] {logging_mixin.py:188} INFO - [2024-05-06T19:42:28.852-0500] {dagbag.py:540} INFO - Filling up the DagBag from /Users/paulamedina/venv/lib/python3.12/site-packages/airflow/example_dags/example_display_name.py
[2024-05-06T19:42:28.892-0500] {processor.py:840} INFO - DAG(s) 'example_display_name' retrieved from /Users/paulamedina/venv/lib/python3.12/site-packages/airflow/example_dags/example_display_name.py
[2024-05-06T19:42:28.972-0500] {logging_mixin.py:188} INFO - [2024-05-06T19:42:28.971-0500] {dag.py:3096} INFO - Sync 1 DAGs
[2024-05-06T19:42:28.978-0500] {logging_mixin.py:188} INFO - [2024-05-06T19:42:28.978-0500] {dag.py:3954} INFO - Setting next_dagrun for example_display_name to None, run_after=None
[2024-05-06T19:42:28.993-0500] {processor.py:183} INFO - Processing /Users/paulamedina/venv/lib/python3.12/site-packages/airflow/example_dags/example_display_name.py took 0.154 seconds
[2024-05-06T19:45:56.236-0500] {processor.py:161} INFO - Started process (PID=36114) to work on /Users/paulamedina/venv/lib/python3.12/site-packages/airflow/example_dags/example_display_name.py
[2024-05-06T19:45:56.237-0500] {processor.py:830} INFO - Processing file /Users/paulamedina/venv/lib/python3.12/site-packages/airflow/example_dags/example_display_name.py for tasks to queue
[2024-05-06T19:45:56.238-0500] {logging_mixin.py:188} INFO - [2024-05-06T19:45:56.238-0500] {dagbag.py:540} INFO - Filling up the DagBag from /Users/paulamedina/venv/lib/python3.12/site-packages/airflow/example_dags/example_display_name.py
[2024-05-06T19:45:56.267-0500] {processor.py:840} INFO - DAG(s) 'example_display_name' retrieved from /Users/paulamedina/venv/lib/python3.12/site-packages/airflow/example_dags/example_display_name.py
[2024-05-06T19:45:56.340-0500] {logging_mixin.py:188} INFO - [2024-05-06T19:45:56.340-0500] {dag.py:3096} INFO - Sync 1 DAGs
[2024-05-06T19:45:56.347-0500] {logging_mixin.py:188} INFO - [2024-05-06T19:45:56.347-0500] {dag.py:3954} INFO - Setting next_dagrun for example_display_name to None, run_after=None
[2024-05-06T19:45:56.361-0500] {processor.py:183} INFO - Processing /Users/paulamedina/venv/lib/python3.12/site-packages/airflow/example_dags/example_display_name.py took 0.127 seconds
[2024-05-06T19:49:22.744-0500] {processor.py:161} INFO - Started process (PID=36849) to work on /Users/paulamedina/venv/lib/python3.12/site-packages/airflow/example_dags/example_display_name.py
[2024-05-06T19:49:22.745-0500] {processor.py:830} INFO - Processing file /Users/paulamedina/venv/lib/python3.12/site-packages/airflow/example_dags/example_display_name.py for tasks to queue
[2024-05-06T19:49:22.745-0500] {logging_mixin.py:188} INFO - [2024-05-06T19:49:22.745-0500] {dagbag.py:540} INFO - Filling up the DagBag from /Users/paulamedina/venv/lib/python3.12/site-packages/airflow/example_dags/example_display_name.py
[2024-05-06T19:49:22.775-0500] {processor.py:840} INFO - DAG(s) 'example_display_name' retrieved from /Users/paulamedina/venv/lib/python3.12/site-packages/airflow/example_dags/example_display_name.py
[2024-05-06T19:49:22.848-0500] {logging_mixin.py:188} INFO - [2024-05-06T19:49:22.848-0500] {dag.py:3096} INFO - Sync 1 DAGs
[2024-05-06T19:49:22.855-0500] {logging_mixin.py:188} INFO - [2024-05-06T19:49:22.855-0500] {dag.py:3954} INFO - Setting next_dagrun for example_display_name to None, run_after=None
[2024-05-06T19:49:22.868-0500] {processor.py:183} INFO - Processing /Users/paulamedina/venv/lib/python3.12/site-packages/airflow/example_dags/example_display_name.py took 0.126 seconds
[2024-05-06T19:52:53.880-0500] {processor.py:161} INFO - Started process (PID=37689) to work on /Users/paulamedina/venv/lib/python3.12/site-packages/airflow/example_dags/example_display_name.py
[2024-05-06T19:52:53.881-0500] {processor.py:830} INFO - Processing file /Users/paulamedina/venv/lib/python3.12/site-packages/airflow/example_dags/example_display_name.py for tasks to queue
[2024-05-06T19:52:53.881-0500] {logging_mixin.py:188} INFO - [2024-05-06T19:52:53.881-0500] {dagbag.py:540} INFO - Filling up the DagBag from /Users/paulamedina/venv/lib/python3.12/site-packages/airflow/example_dags/example_display_name.py
[2024-05-06T19:52:53.912-0500] {processor.py:840} INFO - DAG(s) 'example_display_name' retrieved from /Users/paulamedina/venv/lib/python3.12/site-packages/airflow/example_dags/example_display_name.py
[2024-05-06T19:52:53.987-0500] {logging_mixin.py:188} INFO - [2024-05-06T19:52:53.987-0500] {dag.py:3096} INFO - Sync 1 DAGs
[2024-05-06T19:52:53.994-0500] {logging_mixin.py:188} INFO - [2024-05-06T19:52:53.994-0500] {dag.py:3954} INFO - Setting next_dagrun for example_display_name to None, run_after=None
[2024-05-06T19:52:54.008-0500] {processor.py:183} INFO - Processing /Users/paulamedina/venv/lib/python3.12/site-packages/airflow/example_dags/example_display_name.py took 0.130 seconds
[2024-05-06T19:56:19.829-0500] {processor.py:161} INFO - Started process (PID=38428) to work on /Users/paulamedina/venv/lib/python3.12/site-packages/airflow/example_dags/example_display_name.py
[2024-05-06T19:56:19.830-0500] {processor.py:830} INFO - Processing file /Users/paulamedina/venv/lib/python3.12/site-packages/airflow/example_dags/example_display_name.py for tasks to queue
[2024-05-06T19:56:19.830-0500] {logging_mixin.py:188} INFO - [2024-05-06T19:56:19.830-0500] {dagbag.py:540} INFO - Filling up the DagBag from /Users/paulamedina/venv/lib/python3.12/site-packages/airflow/example_dags/example_display_name.py
[2024-05-06T19:56:19.861-0500] {processor.py:840} INFO - DAG(s) 'example_display_name' retrieved from /Users/paulamedina/venv/lib/python3.12/site-packages/airflow/example_dags/example_display_name.py
[2024-05-06T19:56:19.935-0500] {logging_mixin.py:188} INFO - [2024-05-06T19:56:19.935-0500] {dag.py:3096} INFO - Sync 1 DAGs
[2024-05-06T19:56:19.942-0500] {logging_mixin.py:188} INFO - [2024-05-06T19:56:19.942-0500] {dag.py:3954} INFO - Setting next_dagrun for example_display_name to None, run_after=None
[2024-05-06T19:56:19.955-0500] {processor.py:183} INFO - Processing /Users/paulamedina/venv/lib/python3.12/site-packages/airflow/example_dags/example_display_name.py took 0.128 seconds
[2024-05-06T19:59:50.841-0500] {processor.py:161} INFO - Started process (PID=39167) to work on /Users/paulamedina/venv/lib/python3.12/site-packages/airflow/example_dags/example_display_name.py
[2024-05-06T19:59:50.841-0500] {processor.py:830} INFO - Processing file /Users/paulamedina/venv/lib/python3.12/site-packages/airflow/example_dags/example_display_name.py for tasks to queue
[2024-05-06T19:59:50.842-0500] {logging_mixin.py:188} INFO - [2024-05-06T19:59:50.842-0500] {dagbag.py:540} INFO - Filling up the DagBag from /Users/paulamedina/venv/lib/python3.12/site-packages/airflow/example_dags/example_display_name.py
[2024-05-06T19:59:50.877-0500] {processor.py:840} INFO - DAG(s) 'example_display_name' retrieved from /Users/paulamedina/venv/lib/python3.12/site-packages/airflow/example_dags/example_display_name.py
[2024-05-06T19:59:50.962-0500] {logging_mixin.py:188} INFO - [2024-05-06T19:59:50.962-0500] {dag.py:3096} INFO - Sync 1 DAGs
[2024-05-06T19:59:50.970-0500] {logging_mixin.py:188} INFO - [2024-05-06T19:59:50.970-0500] {dag.py:3954} INFO - Setting next_dagrun for example_display_name to None, run_after=None
[2024-05-06T19:59:50.986-0500] {processor.py:183} INFO - Processing /Users/paulamedina/venv/lib/python3.12/site-packages/airflow/example_dags/example_display_name.py took 0.147 seconds
[2024-05-06T20:03:28.483-0500] {processor.py:161} INFO - Started process (PID=39997) to work on /Users/paulamedina/venv/lib/python3.12/site-packages/airflow/example_dags/example_display_name.py
[2024-05-06T20:03:28.483-0500] {processor.py:830} INFO - Processing file /Users/paulamedina/venv/lib/python3.12/site-packages/airflow/example_dags/example_display_name.py for tasks to queue
[2024-05-06T20:03:28.484-0500] {logging_mixin.py:188} INFO - [2024-05-06T20:03:28.484-0500] {dagbag.py:540} INFO - Filling up the DagBag from /Users/paulamedina/venv/lib/python3.12/site-packages/airflow/example_dags/example_display_name.py
[2024-05-06T20:03:28.519-0500] {processor.py:840} INFO - DAG(s) 'example_display_name' retrieved from /Users/paulamedina/venv/lib/python3.12/site-packages/airflow/example_dags/example_display_name.py
[2024-05-06T20:03:28.604-0500] {logging_mixin.py:188} INFO - [2024-05-06T20:03:28.604-0500] {dag.py:3096} INFO - Sync 1 DAGs
[2024-05-06T20:03:28.612-0500] {logging_mixin.py:188} INFO - [2024-05-06T20:03:28.612-0500] {dag.py:3954} INFO - Setting next_dagrun for example_display_name to None, run_after=None
[2024-05-06T20:03:28.629-0500] {processor.py:183} INFO - Processing /Users/paulamedina/venv/lib/python3.12/site-packages/airflow/example_dags/example_display_name.py took 0.149 seconds
[2024-05-06T20:07:00.493-0500] {processor.py:161} INFO - Started process (PID=40743) to work on /Users/paulamedina/venv/lib/python3.12/site-packages/airflow/example_dags/example_display_name.py
[2024-05-06T20:07:00.494-0500] {processor.py:830} INFO - Processing file /Users/paulamedina/venv/lib/python3.12/site-packages/airflow/example_dags/example_display_name.py for tasks to queue
[2024-05-06T20:07:00.494-0500] {logging_mixin.py:188} INFO - [2024-05-06T20:07:00.494-0500] {dagbag.py:540} INFO - Filling up the DagBag from /Users/paulamedina/venv/lib/python3.12/site-packages/airflow/example_dags/example_display_name.py
[2024-05-06T20:07:00.524-0500] {processor.py:840} INFO - DAG(s) 'example_display_name' retrieved from /Users/paulamedina/venv/lib/python3.12/site-packages/airflow/example_dags/example_display_name.py
[2024-05-06T20:07:00.599-0500] {logging_mixin.py:188} INFO - [2024-05-06T20:07:00.598-0500] {dag.py:3096} INFO - Sync 1 DAGs
[2024-05-06T20:07:00.605-0500] {logging_mixin.py:188} INFO - [2024-05-06T20:07:00.605-0500] {dag.py:3954} INFO - Setting next_dagrun for example_display_name to None, run_after=None
[2024-05-06T20:07:00.619-0500] {processor.py:183} INFO - Processing /Users/paulamedina/venv/lib/python3.12/site-packages/airflow/example_dags/example_display_name.py took 0.128 seconds
[2024-05-06T20:10:23.765-0500] {processor.py:161} INFO - Started process (PID=41537) to work on /Users/paulamedina/venv/lib/python3.12/site-packages/airflow/example_dags/example_display_name.py
[2024-05-06T20:10:23.766-0500] {processor.py:830} INFO - Processing file /Users/paulamedina/venv/lib/python3.12/site-packages/airflow/example_dags/example_display_name.py for tasks to queue
[2024-05-06T20:10:23.766-0500] {logging_mixin.py:188} INFO - [2024-05-06T20:10:23.766-0500] {dagbag.py:540} INFO - Filling up the DagBag from /Users/paulamedina/venv/lib/python3.12/site-packages/airflow/example_dags/example_display_name.py
[2024-05-06T20:10:23.796-0500] {processor.py:840} INFO - DAG(s) 'example_display_name' retrieved from /Users/paulamedina/venv/lib/python3.12/site-packages/airflow/example_dags/example_display_name.py
[2024-05-06T20:10:23.871-0500] {logging_mixin.py:188} INFO - [2024-05-06T20:10:23.870-0500] {dag.py:3096} INFO - Sync 1 DAGs
[2024-05-06T20:10:23.878-0500] {logging_mixin.py:188} INFO - [2024-05-06T20:10:23.878-0500] {dag.py:3954} INFO - Setting next_dagrun for example_display_name to None, run_after=None
[2024-05-06T20:10:23.892-0500] {processor.py:183} INFO - Processing /Users/paulamedina/venv/lib/python3.12/site-packages/airflow/example_dags/example_display_name.py took 0.129 seconds
[2024-05-06T20:13:39.059-0500] {processor.py:161} INFO - Started process (PID=42256) to work on /Users/paulamedina/venv/lib/python3.12/site-packages/airflow/example_dags/example_display_name.py
[2024-05-06T20:13:39.060-0500] {processor.py:830} INFO - Processing file /Users/paulamedina/venv/lib/python3.12/site-packages/airflow/example_dags/example_display_name.py for tasks to queue
[2024-05-06T20:13:39.060-0500] {logging_mixin.py:188} INFO - [2024-05-06T20:13:39.060-0500] {dagbag.py:540} INFO - Filling up the DagBag from /Users/paulamedina/venv/lib/python3.12/site-packages/airflow/example_dags/example_display_name.py
[2024-05-06T20:13:39.095-0500] {processor.py:840} INFO - DAG(s) 'example_display_name' retrieved from /Users/paulamedina/venv/lib/python3.12/site-packages/airflow/example_dags/example_display_name.py
[2024-05-06T20:13:39.181-0500] {logging_mixin.py:188} INFO - [2024-05-06T20:13:39.181-0500] {dag.py:3096} INFO - Sync 1 DAGs
[2024-05-06T20:13:39.189-0500] {logging_mixin.py:188} INFO - [2024-05-06T20:13:39.189-0500] {dag.py:3954} INFO - Setting next_dagrun for example_display_name to None, run_after=None
[2024-05-06T20:13:39.205-0500] {processor.py:183} INFO - Processing /Users/paulamedina/venv/lib/python3.12/site-packages/airflow/example_dags/example_display_name.py took 0.148 seconds
[2024-05-06T20:17:02.612-0500] {processor.py:161} INFO - Started process (PID=42971) to work on /Users/paulamedina/venv/lib/python3.12/site-packages/airflow/example_dags/example_display_name.py
[2024-05-06T20:17:02.612-0500] {processor.py:830} INFO - Processing file /Users/paulamedina/venv/lib/python3.12/site-packages/airflow/example_dags/example_display_name.py for tasks to queue
[2024-05-06T20:17:02.613-0500] {logging_mixin.py:188} INFO - [2024-05-06T20:17:02.613-0500] {dagbag.py:540} INFO - Filling up the DagBag from /Users/paulamedina/venv/lib/python3.12/site-packages/airflow/example_dags/example_display_name.py
[2024-05-06T20:17:02.644-0500] {processor.py:840} INFO - DAG(s) 'example_display_name' retrieved from /Users/paulamedina/venv/lib/python3.12/site-packages/airflow/example_dags/example_display_name.py
[2024-05-06T20:17:02.719-0500] {logging_mixin.py:188} INFO - [2024-05-06T20:17:02.719-0500] {dag.py:3096} INFO - Sync 1 DAGs
[2024-05-06T20:17:02.726-0500] {logging_mixin.py:188} INFO - [2024-05-06T20:17:02.726-0500] {dag.py:3954} INFO - Setting next_dagrun for example_display_name to None, run_after=None
[2024-05-06T20:17:02.739-0500] {processor.py:183} INFO - Processing /Users/paulamedina/venv/lib/python3.12/site-packages/airflow/example_dags/example_display_name.py took 0.130 seconds
[2024-05-06T20:20:30.646-0500] {processor.py:161} INFO - Started process (PID=43702) to work on /Users/paulamedina/venv/lib/python3.12/site-packages/airflow/example_dags/example_display_name.py
[2024-05-06T20:20:30.646-0500] {processor.py:830} INFO - Processing file /Users/paulamedina/venv/lib/python3.12/site-packages/airflow/example_dags/example_display_name.py for tasks to queue
[2024-05-06T20:20:30.647-0500] {logging_mixin.py:188} INFO - [2024-05-06T20:20:30.647-0500] {dagbag.py:540} INFO - Filling up the DagBag from /Users/paulamedina/venv/lib/python3.12/site-packages/airflow/example_dags/example_display_name.py
[2024-05-06T20:20:30.676-0500] {processor.py:840} INFO - DAG(s) 'example_display_name' retrieved from /Users/paulamedina/venv/lib/python3.12/site-packages/airflow/example_dags/example_display_name.py
[2024-05-06T20:20:30.749-0500] {logging_mixin.py:188} INFO - [2024-05-06T20:20:30.749-0500] {dag.py:3096} INFO - Sync 1 DAGs
[2024-05-06T20:20:30.756-0500] {logging_mixin.py:188} INFO - [2024-05-06T20:20:30.756-0500] {dag.py:3954} INFO - Setting next_dagrun for example_display_name to None, run_after=None
[2024-05-06T20:20:30.770-0500] {processor.py:183} INFO - Processing /Users/paulamedina/venv/lib/python3.12/site-packages/airflow/example_dags/example_display_name.py took 0.127 seconds
[2024-05-06T20:23:57.676-0500] {processor.py:161} INFO - Started process (PID=44444) to work on /Users/paulamedina/venv/lib/python3.12/site-packages/airflow/example_dags/example_display_name.py
[2024-05-06T20:23:57.677-0500] {processor.py:830} INFO - Processing file /Users/paulamedina/venv/lib/python3.12/site-packages/airflow/example_dags/example_display_name.py for tasks to queue
[2024-05-06T20:23:57.678-0500] {logging_mixin.py:188} INFO - [2024-05-06T20:23:57.678-0500] {dagbag.py:540} INFO - Filling up the DagBag from /Users/paulamedina/venv/lib/python3.12/site-packages/airflow/example_dags/example_display_name.py
[2024-05-06T20:23:57.708-0500] {processor.py:840} INFO - DAG(s) 'example_display_name' retrieved from /Users/paulamedina/venv/lib/python3.12/site-packages/airflow/example_dags/example_display_name.py
[2024-05-06T20:23:57.784-0500] {logging_mixin.py:188} INFO - [2024-05-06T20:23:57.783-0500] {dag.py:3096} INFO - Sync 1 DAGs
[2024-05-06T20:23:57.792-0500] {logging_mixin.py:188} INFO - [2024-05-06T20:23:57.792-0500] {dag.py:3954} INFO - Setting next_dagrun for example_display_name to None, run_after=None
[2024-05-06T20:23:57.806-0500] {processor.py:183} INFO - Processing /Users/paulamedina/venv/lib/python3.12/site-packages/airflow/example_dags/example_display_name.py took 0.131 seconds
[2024-05-06T20:27:22.199-0500] {processor.py:161} INFO - Started process (PID=45168) to work on /Users/paulamedina/venv/lib/python3.12/site-packages/airflow/example_dags/example_display_name.py
[2024-05-06T20:27:22.199-0500] {processor.py:830} INFO - Processing file /Users/paulamedina/venv/lib/python3.12/site-packages/airflow/example_dags/example_display_name.py for tasks to queue
[2024-05-06T20:27:22.200-0500] {logging_mixin.py:188} INFO - [2024-05-06T20:27:22.200-0500] {dagbag.py:540} INFO - Filling up the DagBag from /Users/paulamedina/venv/lib/python3.12/site-packages/airflow/example_dags/example_display_name.py
[2024-05-06T20:27:22.230-0500] {processor.py:840} INFO - DAG(s) 'example_display_name' retrieved from /Users/paulamedina/venv/lib/python3.12/site-packages/airflow/example_dags/example_display_name.py
[2024-05-06T20:27:22.305-0500] {logging_mixin.py:188} INFO - [2024-05-06T20:27:22.304-0500] {dag.py:3096} INFO - Sync 1 DAGs
[2024-05-06T20:27:22.312-0500] {logging_mixin.py:188} INFO - [2024-05-06T20:27:22.312-0500] {dag.py:3954} INFO - Setting next_dagrun for example_display_name to None, run_after=None
[2024-05-06T20:27:22.326-0500] {processor.py:183} INFO - Processing /Users/paulamedina/venv/lib/python3.12/site-packages/airflow/example_dags/example_display_name.py took 0.129 seconds
[2024-05-06T20:30:46.839-0500] {processor.py:161} INFO - Started process (PID=45992) to work on /Users/paulamedina/venv/lib/python3.12/site-packages/airflow/example_dags/example_display_name.py
[2024-05-06T20:30:46.840-0500] {processor.py:830} INFO - Processing file /Users/paulamedina/venv/lib/python3.12/site-packages/airflow/example_dags/example_display_name.py for tasks to queue
[2024-05-06T20:30:46.841-0500] {logging_mixin.py:188} INFO - [2024-05-06T20:30:46.841-0500] {dagbag.py:540} INFO - Filling up the DagBag from /Users/paulamedina/venv/lib/python3.12/site-packages/airflow/example_dags/example_display_name.py
[2024-05-06T20:30:46.877-0500] {processor.py:840} INFO - DAG(s) 'example_display_name' retrieved from /Users/paulamedina/venv/lib/python3.12/site-packages/airflow/example_dags/example_display_name.py
[2024-05-06T20:30:46.968-0500] {logging_mixin.py:188} INFO - [2024-05-06T20:30:46.967-0500] {dag.py:3096} INFO - Sync 1 DAGs
[2024-05-06T20:30:46.976-0500] {logging_mixin.py:188} INFO - [2024-05-06T20:30:46.976-0500] {dag.py:3954} INFO - Setting next_dagrun for example_display_name to None, run_after=None
[2024-05-06T20:30:46.992-0500] {processor.py:183} INFO - Processing /Users/paulamedina/venv/lib/python3.12/site-packages/airflow/example_dags/example_display_name.py took 0.155 seconds
[2024-05-06T20:34:11.834-0500] {processor.py:161} INFO - Started process (PID=46728) to work on /Users/paulamedina/venv/lib/python3.12/site-packages/airflow/example_dags/example_display_name.py
[2024-05-06T20:34:11.835-0500] {processor.py:830} INFO - Processing file /Users/paulamedina/venv/lib/python3.12/site-packages/airflow/example_dags/example_display_name.py for tasks to queue
[2024-05-06T20:34:11.835-0500] {logging_mixin.py:188} INFO - [2024-05-06T20:34:11.835-0500] {dagbag.py:540} INFO - Filling up the DagBag from /Users/paulamedina/venv/lib/python3.12/site-packages/airflow/example_dags/example_display_name.py
[2024-05-06T20:34:11.866-0500] {processor.py:840} INFO - DAG(s) 'example_display_name' retrieved from /Users/paulamedina/venv/lib/python3.12/site-packages/airflow/example_dags/example_display_name.py
[2024-05-06T20:34:11.942-0500] {logging_mixin.py:188} INFO - [2024-05-06T20:34:11.941-0500] {dag.py:3096} INFO - Sync 1 DAGs
[2024-05-06T20:34:11.948-0500] {logging_mixin.py:188} INFO - [2024-05-06T20:34:11.948-0500] {dag.py:3954} INFO - Setting next_dagrun for example_display_name to None, run_after=None
[2024-05-06T20:34:11.962-0500] {processor.py:183} INFO - Processing /Users/paulamedina/venv/lib/python3.12/site-packages/airflow/example_dags/example_display_name.py took 0.130 seconds
[2024-05-06T20:37:25.353-0500] {processor.py:161} INFO - Started process (PID=47419) to work on /Users/paulamedina/venv/lib/python3.12/site-packages/airflow/example_dags/example_display_name.py
[2024-05-06T20:37:25.354-0500] {processor.py:830} INFO - Processing file /Users/paulamedina/venv/lib/python3.12/site-packages/airflow/example_dags/example_display_name.py for tasks to queue
[2024-05-06T20:37:25.355-0500] {logging_mixin.py:188} INFO - [2024-05-06T20:37:25.355-0500] {dagbag.py:540} INFO - Filling up the DagBag from /Users/paulamedina/venv/lib/python3.12/site-packages/airflow/example_dags/example_display_name.py
[2024-05-06T20:37:25.390-0500] {processor.py:840} INFO - DAG(s) 'example_display_name' retrieved from /Users/paulamedina/venv/lib/python3.12/site-packages/airflow/example_dags/example_display_name.py
[2024-05-06T20:37:25.473-0500] {logging_mixin.py:188} INFO - [2024-05-06T20:37:25.472-0500] {dag.py:3096} INFO - Sync 1 DAGs
[2024-05-06T20:37:25.480-0500] {logging_mixin.py:188} INFO - [2024-05-06T20:37:25.480-0500] {dag.py:3954} INFO - Setting next_dagrun for example_display_name to None, run_after=None
[2024-05-06T20:37:25.495-0500] {processor.py:183} INFO - Processing /Users/paulamedina/venv/lib/python3.12/site-packages/airflow/example_dags/example_display_name.py took 0.144 seconds
[2024-05-06T20:40:53.058-0500] {processor.py:161} INFO - Started process (PID=48154) to work on /Users/paulamedina/venv/lib/python3.12/site-packages/airflow/example_dags/example_display_name.py
[2024-05-06T20:40:53.058-0500] {processor.py:830} INFO - Processing file /Users/paulamedina/venv/lib/python3.12/site-packages/airflow/example_dags/example_display_name.py for tasks to queue
[2024-05-06T20:40:53.059-0500] {logging_mixin.py:188} INFO - [2024-05-06T20:40:53.059-0500] {dagbag.py:540} INFO - Filling up the DagBag from /Users/paulamedina/venv/lib/python3.12/site-packages/airflow/example_dags/example_display_name.py
[2024-05-06T20:40:53.089-0500] {processor.py:840} INFO - DAG(s) 'example_display_name' retrieved from /Users/paulamedina/venv/lib/python3.12/site-packages/airflow/example_dags/example_display_name.py
[2024-05-06T20:40:53.163-0500] {logging_mixin.py:188} INFO - [2024-05-06T20:40:53.162-0500] {dag.py:3096} INFO - Sync 1 DAGs
[2024-05-06T20:40:53.170-0500] {logging_mixin.py:188} INFO - [2024-05-06T20:40:53.170-0500] {dag.py:3954} INFO - Setting next_dagrun for example_display_name to None, run_after=None
[2024-05-06T20:40:53.185-0500] {processor.py:183} INFO - Processing /Users/paulamedina/venv/lib/python3.12/site-packages/airflow/example_dags/example_display_name.py took 0.129 seconds
[2024-05-06T20:44:18.272-0500] {processor.py:161} INFO - Started process (PID=48889) to work on /Users/paulamedina/venv/lib/python3.12/site-packages/airflow/example_dags/example_display_name.py
[2024-05-06T20:44:18.273-0500] {processor.py:830} INFO - Processing file /Users/paulamedina/venv/lib/python3.12/site-packages/airflow/example_dags/example_display_name.py for tasks to queue
[2024-05-06T20:44:18.273-0500] {logging_mixin.py:188} INFO - [2024-05-06T20:44:18.273-0500] {dagbag.py:540} INFO - Filling up the DagBag from /Users/paulamedina/venv/lib/python3.12/site-packages/airflow/example_dags/example_display_name.py
[2024-05-06T20:44:18.303-0500] {processor.py:840} INFO - DAG(s) 'example_display_name' retrieved from /Users/paulamedina/venv/lib/python3.12/site-packages/airflow/example_dags/example_display_name.py
[2024-05-06T20:44:18.378-0500] {logging_mixin.py:188} INFO - [2024-05-06T20:44:18.377-0500] {dag.py:3096} INFO - Sync 1 DAGs
[2024-05-06T20:44:18.384-0500] {logging_mixin.py:188} INFO - [2024-05-06T20:44:18.384-0500] {dag.py:3954} INFO - Setting next_dagrun for example_display_name to None, run_after=None
[2024-05-06T20:44:18.399-0500] {processor.py:183} INFO - Processing /Users/paulamedina/venv/lib/python3.12/site-packages/airflow/example_dags/example_display_name.py took 0.129 seconds
[2024-05-06T20:47:48.155-0500] {processor.py:161} INFO - Started process (PID=49716) to work on /Users/paulamedina/venv/lib/python3.12/site-packages/airflow/example_dags/example_display_name.py
[2024-05-06T20:47:48.156-0500] {processor.py:830} INFO - Processing file /Users/paulamedina/venv/lib/python3.12/site-packages/airflow/example_dags/example_display_name.py for tasks to queue
[2024-05-06T20:47:48.157-0500] {logging_mixin.py:188} INFO - [2024-05-06T20:47:48.156-0500] {dagbag.py:540} INFO - Filling up the DagBag from /Users/paulamedina/venv/lib/python3.12/site-packages/airflow/example_dags/example_display_name.py
[2024-05-06T20:47:48.187-0500] {processor.py:840} INFO - DAG(s) 'example_display_name' retrieved from /Users/paulamedina/venv/lib/python3.12/site-packages/airflow/example_dags/example_display_name.py
[2024-05-06T20:47:48.262-0500] {logging_mixin.py:188} INFO - [2024-05-06T20:47:48.262-0500] {dag.py:3096} INFO - Sync 1 DAGs
[2024-05-06T20:47:48.269-0500] {logging_mixin.py:188} INFO - [2024-05-06T20:47:48.269-0500] {dag.py:3954} INFO - Setting next_dagrun for example_display_name to None, run_after=None
[2024-05-06T20:47:48.282-0500] {processor.py:183} INFO - Processing /Users/paulamedina/venv/lib/python3.12/site-packages/airflow/example_dags/example_display_name.py took 0.128 seconds
[2024-05-06T20:51:17.197-0500] {processor.py:161} INFO - Started process (PID=50449) to work on /Users/paulamedina/venv/lib/python3.12/site-packages/airflow/example_dags/example_display_name.py
[2024-05-06T20:51:17.197-0500] {processor.py:830} INFO - Processing file /Users/paulamedina/venv/lib/python3.12/site-packages/airflow/example_dags/example_display_name.py for tasks to queue
[2024-05-06T20:51:17.198-0500] {logging_mixin.py:188} INFO - [2024-05-06T20:51:17.198-0500] {dagbag.py:540} INFO - Filling up the DagBag from /Users/paulamedina/venv/lib/python3.12/site-packages/airflow/example_dags/example_display_name.py
[2024-05-06T20:51:17.230-0500] {processor.py:840} INFO - DAG(s) 'example_display_name' retrieved from /Users/paulamedina/venv/lib/python3.12/site-packages/airflow/example_dags/example_display_name.py
[2024-05-06T20:51:17.307-0500] {logging_mixin.py:188} INFO - [2024-05-06T20:51:17.307-0500] {dag.py:3096} INFO - Sync 1 DAGs
[2024-05-06T20:51:17.314-0500] {logging_mixin.py:188} INFO - [2024-05-06T20:51:17.314-0500] {dag.py:3954} INFO - Setting next_dagrun for example_display_name to None, run_after=None
[2024-05-06T20:51:17.329-0500] {processor.py:183} INFO - Processing /Users/paulamedina/venv/lib/python3.12/site-packages/airflow/example_dags/example_display_name.py took 0.135 seconds
[2024-05-06T20:54:46.085-0500] {processor.py:161} INFO - Started process (PID=51194) to work on /Users/paulamedina/venv/lib/python3.12/site-packages/airflow/example_dags/example_display_name.py
[2024-05-06T20:54:46.086-0500] {processor.py:830} INFO - Processing file /Users/paulamedina/venv/lib/python3.12/site-packages/airflow/example_dags/example_display_name.py for tasks to queue
[2024-05-06T20:54:46.086-0500] {logging_mixin.py:188} INFO - [2024-05-06T20:54:46.086-0500] {dagbag.py:540} INFO - Filling up the DagBag from /Users/paulamedina/venv/lib/python3.12/site-packages/airflow/example_dags/example_display_name.py
[2024-05-06T20:54:46.119-0500] {processor.py:840} INFO - DAG(s) 'example_display_name' retrieved from /Users/paulamedina/venv/lib/python3.12/site-packages/airflow/example_dags/example_display_name.py
[2024-05-06T20:54:46.194-0500] {logging_mixin.py:188} INFO - [2024-05-06T20:54:46.193-0500] {dag.py:3096} INFO - Sync 1 DAGs
[2024-05-06T20:54:46.201-0500] {logging_mixin.py:188} INFO - [2024-05-06T20:54:46.201-0500] {dag.py:3954} INFO - Setting next_dagrun for example_display_name to None, run_after=None
[2024-05-06T20:54:46.215-0500] {processor.py:183} INFO - Processing /Users/paulamedina/venv/lib/python3.12/site-packages/airflow/example_dags/example_display_name.py took 0.132 seconds
[2024-05-06T20:58:14.262-0500] {processor.py:161} INFO - Started process (PID=51928) to work on /Users/paulamedina/venv/lib/python3.12/site-packages/airflow/example_dags/example_display_name.py
[2024-05-06T20:58:14.277-0500] {processor.py:830} INFO - Processing file /Users/paulamedina/venv/lib/python3.12/site-packages/airflow/example_dags/example_display_name.py for tasks to queue
[2024-05-06T20:58:14.278-0500] {logging_mixin.py:188} INFO - [2024-05-06T20:58:14.278-0500] {dagbag.py:540} INFO - Filling up the DagBag from /Users/paulamedina/venv/lib/python3.12/site-packages/airflow/example_dags/example_display_name.py
[2024-05-06T20:58:14.320-0500] {processor.py:840} INFO - DAG(s) 'example_display_name' retrieved from /Users/paulamedina/venv/lib/python3.12/site-packages/airflow/example_dags/example_display_name.py
[2024-05-06T20:58:14.400-0500] {logging_mixin.py:188} INFO - [2024-05-06T20:58:14.399-0500] {dag.py:3096} INFO - Sync 1 DAGs
[2024-05-06T20:58:14.406-0500] {logging_mixin.py:188} INFO - [2024-05-06T20:58:14.406-0500] {dag.py:3954} INFO - Setting next_dagrun for example_display_name to None, run_after=None
[2024-05-06T20:58:14.421-0500] {processor.py:183} INFO - Processing /Users/paulamedina/venv/lib/python3.12/site-packages/airflow/example_dags/example_display_name.py took 0.161 seconds
[2024-05-06T21:02:09.725-0500] {processor.py:161} INFO - Started process (PID=52832) to work on /Users/paulamedina/venv/lib/python3.12/site-packages/airflow/example_dags/example_display_name.py
[2024-05-06T21:02:09.726-0500] {processor.py:830} INFO - Processing file /Users/paulamedina/venv/lib/python3.12/site-packages/airflow/example_dags/example_display_name.py for tasks to queue
[2024-05-06T21:02:09.726-0500] {logging_mixin.py:188} INFO - [2024-05-06T21:02:09.726-0500] {dagbag.py:540} INFO - Filling up the DagBag from /Users/paulamedina/venv/lib/python3.12/site-packages/airflow/example_dags/example_display_name.py
[2024-05-06T21:02:09.760-0500] {processor.py:840} INFO - DAG(s) 'example_display_name' retrieved from /Users/paulamedina/venv/lib/python3.12/site-packages/airflow/example_dags/example_display_name.py
[2024-05-06T21:02:09.842-0500] {logging_mixin.py:188} INFO - [2024-05-06T21:02:09.842-0500] {dag.py:3096} INFO - Sync 1 DAGs
[2024-05-06T21:02:09.850-0500] {logging_mixin.py:188} INFO - [2024-05-06T21:02:09.850-0500] {dag.py:3954} INFO - Setting next_dagrun for example_display_name to None, run_after=None
[2024-05-06T21:02:09.864-0500] {processor.py:183} INFO - Processing /Users/paulamedina/venv/lib/python3.12/site-packages/airflow/example_dags/example_display_name.py took 0.141 seconds
[2024-05-06T21:05:34.403-0500] {processor.py:161} INFO - Started process (PID=53711) to work on /Users/paulamedina/venv/lib/python3.12/site-packages/airflow/example_dags/example_display_name.py
[2024-05-06T21:05:34.404-0500] {processor.py:830} INFO - Processing file /Users/paulamedina/venv/lib/python3.12/site-packages/airflow/example_dags/example_display_name.py for tasks to queue
[2024-05-06T21:05:34.404-0500] {logging_mixin.py:188} INFO - [2024-05-06T21:05:34.404-0500] {dagbag.py:540} INFO - Filling up the DagBag from /Users/paulamedina/venv/lib/python3.12/site-packages/airflow/example_dags/example_display_name.py
[2024-05-06T21:05:34.439-0500] {processor.py:840} INFO - DAG(s) 'example_display_name' retrieved from /Users/paulamedina/venv/lib/python3.12/site-packages/airflow/example_dags/example_display_name.py
[2024-05-06T21:05:34.525-0500] {logging_mixin.py:188} INFO - [2024-05-06T21:05:34.525-0500] {dag.py:3096} INFO - Sync 1 DAGs
[2024-05-06T21:05:34.534-0500] {logging_mixin.py:188} INFO - [2024-05-06T21:05:34.533-0500] {dag.py:3954} INFO - Setting next_dagrun for example_display_name to None, run_after=None
[2024-05-06T21:05:34.550-0500] {processor.py:183} INFO - Processing /Users/paulamedina/venv/lib/python3.12/site-packages/airflow/example_dags/example_display_name.py took 0.150 seconds
[2024-05-06T21:08:57.303-0500] {processor.py:161} INFO - Started process (PID=54425) to work on /Users/paulamedina/venv/lib/python3.12/site-packages/airflow/example_dags/example_display_name.py
[2024-05-06T21:08:57.303-0500] {processor.py:830} INFO - Processing file /Users/paulamedina/venv/lib/python3.12/site-packages/airflow/example_dags/example_display_name.py for tasks to queue
[2024-05-06T21:08:57.304-0500] {logging_mixin.py:188} INFO - [2024-05-06T21:08:57.304-0500] {dagbag.py:540} INFO - Filling up the DagBag from /Users/paulamedina/venv/lib/python3.12/site-packages/airflow/example_dags/example_display_name.py
[2024-05-06T21:08:57.334-0500] {processor.py:840} INFO - DAG(s) 'example_display_name' retrieved from /Users/paulamedina/venv/lib/python3.12/site-packages/airflow/example_dags/example_display_name.py
[2024-05-06T21:08:57.407-0500] {logging_mixin.py:188} INFO - [2024-05-06T21:08:57.407-0500] {dag.py:3096} INFO - Sync 1 DAGs
[2024-05-06T21:08:57.414-0500] {logging_mixin.py:188} INFO - [2024-05-06T21:08:57.414-0500] {dag.py:3954} INFO - Setting next_dagrun for example_display_name to None, run_after=None
[2024-05-06T21:08:57.428-0500] {processor.py:183} INFO - Processing /Users/paulamedina/venv/lib/python3.12/site-packages/airflow/example_dags/example_display_name.py took 0.127 seconds
[2024-05-06T21:12:20.411-0500] {processor.py:161} INFO - Started process (PID=55142) to work on /Users/paulamedina/venv/lib/python3.12/site-packages/airflow/example_dags/example_display_name.py
[2024-05-06T21:12:20.412-0500] {processor.py:830} INFO - Processing file /Users/paulamedina/venv/lib/python3.12/site-packages/airflow/example_dags/example_display_name.py for tasks to queue
[2024-05-06T21:12:20.413-0500] {logging_mixin.py:188} INFO - [2024-05-06T21:12:20.413-0500] {dagbag.py:540} INFO - Filling up the DagBag from /Users/paulamedina/venv/lib/python3.12/site-packages/airflow/example_dags/example_display_name.py
[2024-05-06T21:12:20.443-0500] {processor.py:840} INFO - DAG(s) 'example_display_name' retrieved from /Users/paulamedina/venv/lib/python3.12/site-packages/airflow/example_dags/example_display_name.py
[2024-05-06T21:12:20.517-0500] {logging_mixin.py:188} INFO - [2024-05-06T21:12:20.517-0500] {dag.py:3096} INFO - Sync 1 DAGs
[2024-05-06T21:12:20.524-0500] {logging_mixin.py:188} INFO - [2024-05-06T21:12:20.524-0500] {dag.py:3954} INFO - Setting next_dagrun for example_display_name to None, run_after=None
[2024-05-06T21:12:20.537-0500] {processor.py:183} INFO - Processing /Users/paulamedina/venv/lib/python3.12/site-packages/airflow/example_dags/example_display_name.py took 0.127 seconds
[2024-05-06T21:15:45.798-0500] {processor.py:161} INFO - Started process (PID=55874) to work on /Users/paulamedina/venv/lib/python3.12/site-packages/airflow/example_dags/example_display_name.py
[2024-05-06T21:15:45.798-0500] {processor.py:830} INFO - Processing file /Users/paulamedina/venv/lib/python3.12/site-packages/airflow/example_dags/example_display_name.py for tasks to queue
[2024-05-06T21:15:45.799-0500] {logging_mixin.py:188} INFO - [2024-05-06T21:15:45.799-0500] {dagbag.py:540} INFO - Filling up the DagBag from /Users/paulamedina/venv/lib/python3.12/site-packages/airflow/example_dags/example_display_name.py
[2024-05-06T21:15:45.829-0500] {processor.py:840} INFO - DAG(s) 'example_display_name' retrieved from /Users/paulamedina/venv/lib/python3.12/site-packages/airflow/example_dags/example_display_name.py
[2024-05-06T21:15:45.904-0500] {logging_mixin.py:188} INFO - [2024-05-06T21:15:45.904-0500] {dag.py:3096} INFO - Sync 1 DAGs
[2024-05-06T21:15:45.911-0500] {logging_mixin.py:188} INFO - [2024-05-06T21:15:45.911-0500] {dag.py:3954} INFO - Setting next_dagrun for example_display_name to None, run_after=None
[2024-05-06T21:15:45.925-0500] {processor.py:183} INFO - Processing /Users/paulamedina/venv/lib/python3.12/site-packages/airflow/example_dags/example_display_name.py took 0.129 seconds
[2024-05-06T21:19:19.241-0500] {processor.py:161} INFO - Started process (PID=56617) to work on /Users/paulamedina/venv/lib/python3.12/site-packages/airflow/example_dags/example_display_name.py
[2024-05-06T21:19:19.242-0500] {processor.py:830} INFO - Processing file /Users/paulamedina/venv/lib/python3.12/site-packages/airflow/example_dags/example_display_name.py for tasks to queue
[2024-05-06T21:19:19.242-0500] {logging_mixin.py:188} INFO - [2024-05-06T21:19:19.242-0500] {dagbag.py:540} INFO - Filling up the DagBag from /Users/paulamedina/venv/lib/python3.12/site-packages/airflow/example_dags/example_display_name.py
[2024-05-06T21:19:19.273-0500] {processor.py:840} INFO - DAG(s) 'example_display_name' retrieved from /Users/paulamedina/venv/lib/python3.12/site-packages/airflow/example_dags/example_display_name.py
[2024-05-06T21:19:19.346-0500] {logging_mixin.py:188} INFO - [2024-05-06T21:19:19.345-0500] {dag.py:3096} INFO - Sync 1 DAGs
[2024-05-06T21:19:19.353-0500] {logging_mixin.py:188} INFO - [2024-05-06T21:19:19.352-0500] {dag.py:3954} INFO - Setting next_dagrun for example_display_name to None, run_after=None
[2024-05-06T21:19:19.367-0500] {processor.py:183} INFO - Processing /Users/paulamedina/venv/lib/python3.12/site-packages/airflow/example_dags/example_display_name.py took 0.128 seconds
[2024-05-06T21:22:50.650-0500] {processor.py:161} INFO - Started process (PID=57445) to work on /Users/paulamedina/venv/lib/python3.12/site-packages/airflow/example_dags/example_display_name.py
[2024-05-06T21:22:50.650-0500] {processor.py:830} INFO - Processing file /Users/paulamedina/venv/lib/python3.12/site-packages/airflow/example_dags/example_display_name.py for tasks to queue
[2024-05-06T21:22:50.651-0500] {logging_mixin.py:188} INFO - [2024-05-06T21:22:50.651-0500] {dagbag.py:540} INFO - Filling up the DagBag from /Users/paulamedina/venv/lib/python3.12/site-packages/airflow/example_dags/example_display_name.py
[2024-05-06T21:22:50.686-0500] {processor.py:840} INFO - DAG(s) 'example_display_name' retrieved from /Users/paulamedina/venv/lib/python3.12/site-packages/airflow/example_dags/example_display_name.py
[2024-05-06T21:22:50.772-0500] {logging_mixin.py:188} INFO - [2024-05-06T21:22:50.771-0500] {dag.py:3096} INFO - Sync 1 DAGs
[2024-05-06T21:22:50.780-0500] {logging_mixin.py:188} INFO - [2024-05-06T21:22:50.780-0500] {dag.py:3954} INFO - Setting next_dagrun for example_display_name to None, run_after=None
[2024-05-06T21:22:50.795-0500] {processor.py:183} INFO - Processing /Users/paulamedina/venv/lib/python3.12/site-packages/airflow/example_dags/example_display_name.py took 0.148 seconds
[2024-05-06T21:26:22.311-0500] {processor.py:161} INFO - Started process (PID=58204) to work on /Users/paulamedina/venv/lib/python3.12/site-packages/airflow/example_dags/example_display_name.py
[2024-05-06T21:26:22.312-0500] {processor.py:830} INFO - Processing file /Users/paulamedina/venv/lib/python3.12/site-packages/airflow/example_dags/example_display_name.py for tasks to queue
[2024-05-06T21:26:22.312-0500] {logging_mixin.py:188} INFO - [2024-05-06T21:26:22.312-0500] {dagbag.py:540} INFO - Filling up the DagBag from /Users/paulamedina/venv/lib/python3.12/site-packages/airflow/example_dags/example_display_name.py
[2024-05-06T21:26:22.343-0500] {processor.py:840} INFO - DAG(s) 'example_display_name' retrieved from /Users/paulamedina/venv/lib/python3.12/site-packages/airflow/example_dags/example_display_name.py
[2024-05-06T21:26:22.421-0500] {logging_mixin.py:188} INFO - [2024-05-06T21:26:22.421-0500] {dag.py:3096} INFO - Sync 1 DAGs
[2024-05-06T21:26:22.428-0500] {logging_mixin.py:188} INFO - [2024-05-06T21:26:22.428-0500] {dag.py:3954} INFO - Setting next_dagrun for example_display_name to None, run_after=None
[2024-05-06T21:26:22.443-0500] {processor.py:183} INFO - Processing /Users/paulamedina/venv/lib/python3.12/site-packages/airflow/example_dags/example_display_name.py took 0.134 seconds
[2024-05-06T21:30:01.904-0500] {processor.py:161} INFO - Started process (PID=58965) to work on /Users/paulamedina/venv/lib/python3.12/site-packages/airflow/example_dags/example_display_name.py
[2024-05-06T21:30:01.905-0500] {processor.py:830} INFO - Processing file /Users/paulamedina/venv/lib/python3.12/site-packages/airflow/example_dags/example_display_name.py for tasks to queue
[2024-05-06T21:30:01.906-0500] {logging_mixin.py:188} INFO - [2024-05-06T21:30:01.906-0500] {dagbag.py:540} INFO - Filling up the DagBag from /Users/paulamedina/venv/lib/python3.12/site-packages/airflow/example_dags/example_display_name.py
[2024-05-06T21:30:01.963-0500] {processor.py:840} INFO - DAG(s) 'example_display_name' retrieved from /Users/paulamedina/venv/lib/python3.12/site-packages/airflow/example_dags/example_display_name.py
[2024-05-06T21:30:02.116-0500] {logging_mixin.py:188} INFO - [2024-05-06T21:30:02.116-0500] {dag.py:3096} INFO - Sync 1 DAGs
[2024-05-06T21:30:02.132-0500] {logging_mixin.py:188} INFO - [2024-05-06T21:30:02.131-0500] {dag.py:3954} INFO - Setting next_dagrun for example_display_name to None, run_after=None
[2024-05-06T21:30:02.159-0500] {processor.py:183} INFO - Processing /Users/paulamedina/venv/lib/python3.12/site-packages/airflow/example_dags/example_display_name.py took 0.259 seconds
[2024-05-06T21:43:51.394-0500] {processor.py:161} INFO - Started process (PID=62085) to work on /Users/paulamedina/venv/lib/python3.12/site-packages/airflow/example_dags/example_display_name.py
[2024-05-06T21:43:51.395-0500] {processor.py:830} INFO - Processing file /Users/paulamedina/venv/lib/python3.12/site-packages/airflow/example_dags/example_display_name.py for tasks to queue
[2024-05-06T21:43:51.396-0500] {logging_mixin.py:188} INFO - [2024-05-06T21:43:51.396-0500] {dagbag.py:540} INFO - Filling up the DagBag from /Users/paulamedina/venv/lib/python3.12/site-packages/airflow/example_dags/example_display_name.py
[2024-05-06T21:43:51.433-0500] {processor.py:840} INFO - DAG(s) 'example_display_name' retrieved from /Users/paulamedina/venv/lib/python3.12/site-packages/airflow/example_dags/example_display_name.py
[2024-05-06T21:43:51.616-0500] {logging_mixin.py:188} INFO - [2024-05-06T21:43:51.615-0500] {override.py:1829} INFO - Created Permission View: can delete on DAG:example_display_name
[2024-05-06T21:43:51.624-0500] {logging_mixin.py:188} INFO - [2024-05-06T21:43:51.624-0500] {override.py:1829} INFO - Created Permission View: can read on DAG:example_display_name
[2024-05-06T21:43:51.629-0500] {logging_mixin.py:188} INFO - [2024-05-06T21:43:51.629-0500] {override.py:1829} INFO - Created Permission View: can edit on DAG:example_display_name
[2024-05-06T21:43:51.630-0500] {logging_mixin.py:188} INFO - [2024-05-06T21:43:51.630-0500] {dag.py:3096} INFO - Sync 1 DAGs
[2024-05-06T21:43:51.641-0500] {logging_mixin.py:188} INFO - [2024-05-06T21:43:51.641-0500] {dag.py:3118} INFO - Creating ORM DAG for example_display_name
[2024-05-06T21:43:51.641-0500] {logging_mixin.py:188} INFO - [2024-05-06T21:43:51.641-0500] {dag.py:3954} INFO - Setting next_dagrun for example_display_name to None, run_after=None
[2024-05-06T21:43:51.655-0500] {processor.py:183} INFO - Processing /Users/paulamedina/venv/lib/python3.12/site-packages/airflow/example_dags/example_display_name.py took 0.264 seconds
[2024-05-06T21:44:47.521-0500] {processor.py:161} INFO - Started process (PID=62322) to work on /Users/paulamedina/venv/lib/python3.12/site-packages/airflow/example_dags/example_display_name.py
[2024-05-06T21:44:47.523-0500] {processor.py:830} INFO - Processing file /Users/paulamedina/venv/lib/python3.12/site-packages/airflow/example_dags/example_display_name.py for tasks to queue
[2024-05-06T21:44:47.524-0500] {logging_mixin.py:188} INFO - [2024-05-06T21:44:47.524-0500] {dagbag.py:540} INFO - Filling up the DagBag from /Users/paulamedina/venv/lib/python3.12/site-packages/airflow/example_dags/example_display_name.py
[2024-05-06T21:44:47.578-0500] {processor.py:840} INFO - DAG(s) 'example_display_name' retrieved from /Users/paulamedina/venv/lib/python3.12/site-packages/airflow/example_dags/example_display_name.py
[2024-05-06T21:44:47.720-0500] {logging_mixin.py:188} INFO - [2024-05-06T21:44:47.719-0500] {dag.py:3096} INFO - Sync 1 DAGs
[2024-05-06T21:44:47.733-0500] {logging_mixin.py:188} INFO - [2024-05-06T21:44:47.733-0500] {dag.py:3954} INFO - Setting next_dagrun for example_display_name to None, run_after=None
[2024-05-06T21:44:47.754-0500] {processor.py:183} INFO - Processing /Users/paulamedina/venv/lib/python3.12/site-packages/airflow/example_dags/example_display_name.py took 0.236 seconds
[2024-05-06T21:46:02.645-0500] {processor.py:161} INFO - Started process (PID=62621) to work on /Users/paulamedina/venv/lib/python3.12/site-packages/airflow/example_dags/example_display_name.py
[2024-05-06T21:46:02.646-0500] {processor.py:830} INFO - Processing file /Users/paulamedina/venv/lib/python3.12/site-packages/airflow/example_dags/example_display_name.py for tasks to queue
[2024-05-06T21:46:02.647-0500] {logging_mixin.py:188} INFO - [2024-05-06T21:46:02.647-0500] {dagbag.py:540} INFO - Filling up the DagBag from /Users/paulamedina/venv/lib/python3.12/site-packages/airflow/example_dags/example_display_name.py
[2024-05-06T21:46:02.696-0500] {processor.py:840} INFO - DAG(s) 'example_display_name' retrieved from /Users/paulamedina/venv/lib/python3.12/site-packages/airflow/example_dags/example_display_name.py
[2024-05-06T21:46:02.827-0500] {logging_mixin.py:188} INFO - [2024-05-06T21:46:02.827-0500] {dag.py:3096} INFO - Sync 1 DAGs
[2024-05-06T21:46:02.839-0500] {logging_mixin.py:188} INFO - [2024-05-06T21:46:02.839-0500] {dag.py:3954} INFO - Setting next_dagrun for example_display_name to None, run_after=None
[2024-05-06T21:46:02.863-0500] {processor.py:183} INFO - Processing /Users/paulamedina/venv/lib/python3.12/site-packages/airflow/example_dags/example_display_name.py took 0.221 seconds
[2024-05-06T21:47:07.723-0500] {processor.py:161} INFO - Started process (PID=62874) to work on /Users/paulamedina/venv/lib/python3.12/site-packages/airflow/example_dags/example_display_name.py
[2024-05-06T21:47:07.725-0500] {processor.py:830} INFO - Processing file /Users/paulamedina/venv/lib/python3.12/site-packages/airflow/example_dags/example_display_name.py for tasks to queue
[2024-05-06T21:47:07.726-0500] {logging_mixin.py:188} INFO - [2024-05-06T21:47:07.725-0500] {dagbag.py:540} INFO - Filling up the DagBag from /Users/paulamedina/venv/lib/python3.12/site-packages/airflow/example_dags/example_display_name.py
[2024-05-06T21:47:07.783-0500] {processor.py:840} INFO - DAG(s) 'example_display_name' retrieved from /Users/paulamedina/venv/lib/python3.12/site-packages/airflow/example_dags/example_display_name.py
[2024-05-06T21:47:07.933-0500] {logging_mixin.py:188} INFO - [2024-05-06T21:47:07.932-0500] {dag.py:3096} INFO - Sync 1 DAGs
[2024-05-06T21:47:07.947-0500] {logging_mixin.py:188} INFO - [2024-05-06T21:47:07.947-0500] {dag.py:3954} INFO - Setting next_dagrun for example_display_name to None, run_after=None
[2024-05-06T21:47:07.969-0500] {processor.py:183} INFO - Processing /Users/paulamedina/venv/lib/python3.12/site-packages/airflow/example_dags/example_display_name.py took 0.250 seconds
[2024-05-06T21:50:30.349-0500] {processor.py:161} INFO - Started process (PID=63725) to work on /Users/paulamedina/venv/lib/python3.12/site-packages/airflow/example_dags/example_display_name.py
[2024-05-06T21:50:30.352-0500] {processor.py:830} INFO - Processing file /Users/paulamedina/venv/lib/python3.12/site-packages/airflow/example_dags/example_display_name.py for tasks to queue
[2024-05-06T21:50:30.354-0500] {logging_mixin.py:188} INFO - [2024-05-06T21:50:30.353-0500] {dagbag.py:540} INFO - Filling up the DagBag from /Users/paulamedina/venv/lib/python3.12/site-packages/airflow/example_dags/example_display_name.py
[2024-05-06T21:50:30.445-0500] {processor.py:840} INFO - DAG(s) 'example_display_name' retrieved from /Users/paulamedina/venv/lib/python3.12/site-packages/airflow/example_dags/example_display_name.py
[2024-05-06T21:50:30.901-0500] {logging_mixin.py:188} INFO - [2024-05-06T21:50:30.900-0500] {dag.py:3096} INFO - Sync 1 DAGs
[2024-05-06T21:50:30.926-0500] {logging_mixin.py:188} INFO - [2024-05-06T21:50:30.925-0500] {dag.py:3954} INFO - Setting next_dagrun for example_display_name to None, run_after=None
[2024-05-06T21:50:30.964-0500] {processor.py:183} INFO - Processing /Users/paulamedina/venv/lib/python3.12/site-packages/airflow/example_dags/example_display_name.py took 0.621 seconds
[2024-05-06T21:52:11.977-0500] {processor.py:161} INFO - Started process (PID=64119) to work on /Users/paulamedina/venv/lib/python3.12/site-packages/airflow/example_dags/example_display_name.py
[2024-05-06T21:52:11.978-0500] {processor.py:830} INFO - Processing file /Users/paulamedina/venv/lib/python3.12/site-packages/airflow/example_dags/example_display_name.py for tasks to queue
[2024-05-06T21:52:11.979-0500] {logging_mixin.py:188} INFO - [2024-05-06T21:52:11.979-0500] {dagbag.py:540} INFO - Filling up the DagBag from /Users/paulamedina/venv/lib/python3.12/site-packages/airflow/example_dags/example_display_name.py
[2024-05-06T21:52:12.025-0500] {processor.py:840} INFO - DAG(s) 'example_display_name' retrieved from /Users/paulamedina/venv/lib/python3.12/site-packages/airflow/example_dags/example_display_name.py
[2024-05-06T21:52:12.155-0500] {logging_mixin.py:188} INFO - [2024-05-06T21:52:12.155-0500] {dag.py:3096} INFO - Sync 1 DAGs
[2024-05-06T21:52:12.167-0500] {logging_mixin.py:188} INFO - [2024-05-06T21:52:12.167-0500] {dag.py:3954} INFO - Setting next_dagrun for example_display_name to None, run_after=None
[2024-05-06T21:52:12.190-0500] {processor.py:183} INFO - Processing /Users/paulamedina/venv/lib/python3.12/site-packages/airflow/example_dags/example_display_name.py took 0.216 seconds
[2024-05-06T21:53:37.941-0500] {processor.py:161} INFO - Started process (PID=64453) to work on /Users/paulamedina/venv/lib/python3.12/site-packages/airflow/example_dags/example_display_name.py
[2024-05-06T21:53:37.942-0500] {processor.py:830} INFO - Processing file /Users/paulamedina/venv/lib/python3.12/site-packages/airflow/example_dags/example_display_name.py for tasks to queue
[2024-05-06T21:53:37.943-0500] {logging_mixin.py:188} INFO - [2024-05-06T21:53:37.942-0500] {dagbag.py:540} INFO - Filling up the DagBag from /Users/paulamedina/venv/lib/python3.12/site-packages/airflow/example_dags/example_display_name.py
[2024-05-06T21:53:37.995-0500] {processor.py:840} INFO - DAG(s) 'example_display_name' retrieved from /Users/paulamedina/venv/lib/python3.12/site-packages/airflow/example_dags/example_display_name.py
[2024-05-06T21:53:38.132-0500] {logging_mixin.py:188} INFO - [2024-05-06T21:53:38.131-0500] {dag.py:3096} INFO - Sync 1 DAGs
[2024-05-06T21:53:38.145-0500] {logging_mixin.py:188} INFO - [2024-05-06T21:53:38.145-0500] {dag.py:3954} INFO - Setting next_dagrun for example_display_name to None, run_after=None
[2024-05-06T21:53:38.166-0500] {processor.py:183} INFO - Processing /Users/paulamedina/venv/lib/python3.12/site-packages/airflow/example_dags/example_display_name.py took 0.229 seconds
[2024-05-06T21:54:58.384-0500] {processor.py:161} INFO - Started process (PID=64782) to work on /Users/paulamedina/venv/lib/python3.12/site-packages/airflow/example_dags/example_display_name.py
[2024-05-06T21:54:58.388-0500] {processor.py:830} INFO - Processing file /Users/paulamedina/venv/lib/python3.12/site-packages/airflow/example_dags/example_display_name.py for tasks to queue
[2024-05-06T21:54:58.389-0500] {logging_mixin.py:188} INFO - [2024-05-06T21:54:58.389-0500] {dagbag.py:540} INFO - Filling up the DagBag from /Users/paulamedina/venv/lib/python3.12/site-packages/airflow/example_dags/example_display_name.py
[2024-05-06T21:54:58.454-0500] {processor.py:840} INFO - DAG(s) 'example_display_name' retrieved from /Users/paulamedina/venv/lib/python3.12/site-packages/airflow/example_dags/example_display_name.py
[2024-05-06T21:54:58.610-0500] {logging_mixin.py:188} INFO - [2024-05-06T21:54:58.609-0500] {dag.py:3096} INFO - Sync 1 DAGs
[2024-05-06T21:54:58.625-0500] {logging_mixin.py:188} INFO - [2024-05-06T21:54:58.624-0500] {dag.py:3954} INFO - Setting next_dagrun for example_display_name to None, run_after=None
[2024-05-06T21:54:58.649-0500] {processor.py:183} INFO - Processing /Users/paulamedina/venv/lib/python3.12/site-packages/airflow/example_dags/example_display_name.py took 0.270 seconds
[2024-05-06T21:56:28.147-0500] {processor.py:161} INFO - Started process (PID=65127) to work on /Users/paulamedina/venv/lib/python3.12/site-packages/airflow/example_dags/example_display_name.py
[2024-05-06T21:56:28.149-0500] {processor.py:830} INFO - Processing file /Users/paulamedina/venv/lib/python3.12/site-packages/airflow/example_dags/example_display_name.py for tasks to queue
[2024-05-06T21:56:28.150-0500] {logging_mixin.py:188} INFO - [2024-05-06T21:56:28.150-0500] {dagbag.py:540} INFO - Filling up the DagBag from /Users/paulamedina/venv/lib/python3.12/site-packages/airflow/example_dags/example_display_name.py
[2024-05-06T21:56:28.270-0500] {processor.py:840} INFO - DAG(s) 'example_display_name' retrieved from /Users/paulamedina/venv/lib/python3.12/site-packages/airflow/example_dags/example_display_name.py
[2024-05-06T21:56:28.497-0500] {logging_mixin.py:188} INFO - [2024-05-06T21:56:28.496-0500] {dag.py:3096} INFO - Sync 1 DAGs
[2024-05-06T21:56:28.514-0500] {logging_mixin.py:188} INFO - [2024-05-06T21:56:28.513-0500] {dag.py:3954} INFO - Setting next_dagrun for example_display_name to None, run_after=None
[2024-05-06T21:56:28.619-0500] {processor.py:183} INFO - Processing /Users/paulamedina/venv/lib/python3.12/site-packages/airflow/example_dags/example_display_name.py took 0.477 seconds
[2024-05-06T21:58:04.877-0500] {processor.py:161} INFO - Started process (PID=65508) to work on /Users/paulamedina/venv/lib/python3.12/site-packages/airflow/example_dags/example_display_name.py
[2024-05-06T21:58:04.880-0500] {processor.py:830} INFO - Processing file /Users/paulamedina/venv/lib/python3.12/site-packages/airflow/example_dags/example_display_name.py for tasks to queue
[2024-05-06T21:58:04.881-0500] {logging_mixin.py:188} INFO - [2024-05-06T21:58:04.881-0500] {dagbag.py:540} INFO - Filling up the DagBag from /Users/paulamedina/venv/lib/python3.12/site-packages/airflow/example_dags/example_display_name.py
[2024-05-06T21:58:04.948-0500] {processor.py:840} INFO - DAG(s) 'example_display_name' retrieved from /Users/paulamedina/venv/lib/python3.12/site-packages/airflow/example_dags/example_display_name.py
[2024-05-06T21:58:05.205-0500] {logging_mixin.py:188} INFO - [2024-05-06T21:58:05.204-0500] {dag.py:3096} INFO - Sync 1 DAGs
[2024-05-06T21:58:05.229-0500] {logging_mixin.py:188} INFO - [2024-05-06T21:58:05.228-0500] {dag.py:3954} INFO - Setting next_dagrun for example_display_name to None, run_after=None
[2024-05-06T21:58:05.280-0500] {processor.py:183} INFO - Processing /Users/paulamedina/venv/lib/python3.12/site-packages/airflow/example_dags/example_display_name.py took 0.410 seconds
[2024-05-06T21:59:59.669-0500] {processor.py:161} INFO - Started process (PID=66077) to work on /Users/paulamedina/venv/lib/python3.12/site-packages/airflow/example_dags/example_display_name.py
[2024-05-06T21:59:59.672-0500] {processor.py:830} INFO - Processing file /Users/paulamedina/venv/lib/python3.12/site-packages/airflow/example_dags/example_display_name.py for tasks to queue
[2024-05-06T21:59:59.673-0500] {logging_mixin.py:188} INFO - [2024-05-06T21:59:59.672-0500] {dagbag.py:540} INFO - Filling up the DagBag from /Users/paulamedina/venv/lib/python3.12/site-packages/airflow/example_dags/example_display_name.py
[2024-05-06T21:59:59.749-0500] {processor.py:840} INFO - DAG(s) 'example_display_name' retrieved from /Users/paulamedina/venv/lib/python3.12/site-packages/airflow/example_dags/example_display_name.py
[2024-05-06T21:59:59.949-0500] {logging_mixin.py:188} INFO - [2024-05-06T21:59:59.949-0500] {dag.py:3096} INFO - Sync 1 DAGs
[2024-05-06T21:59:59.968-0500] {logging_mixin.py:188} INFO - [2024-05-06T21:59:59.968-0500] {dag.py:3954} INFO - Setting next_dagrun for example_display_name to None, run_after=None
[2024-05-06T21:59:59.997-0500] {processor.py:183} INFO - Processing /Users/paulamedina/venv/lib/python3.12/site-packages/airflow/example_dags/example_display_name.py took 0.333 seconds
[2024-05-06T22:01:44.714-0500] {processor.py:161} INFO - Started process (PID=66566) to work on /Users/paulamedina/venv/lib/python3.12/site-packages/airflow/example_dags/example_display_name.py
[2024-05-06T22:01:44.716-0500] {processor.py:830} INFO - Processing file /Users/paulamedina/venv/lib/python3.12/site-packages/airflow/example_dags/example_display_name.py for tasks to queue
[2024-05-06T22:01:44.716-0500] {logging_mixin.py:188} INFO - [2024-05-06T22:01:44.716-0500] {dagbag.py:540} INFO - Filling up the DagBag from /Users/paulamedina/venv/lib/python3.12/site-packages/airflow/example_dags/example_display_name.py
[2024-05-06T22:01:44.767-0500] {processor.py:840} INFO - DAG(s) 'example_display_name' retrieved from /Users/paulamedina/venv/lib/python3.12/site-packages/airflow/example_dags/example_display_name.py
[2024-05-06T22:01:44.905-0500] {logging_mixin.py:188} INFO - [2024-05-06T22:01:44.904-0500] {dag.py:3096} INFO - Sync 1 DAGs
[2024-05-06T22:01:44.918-0500] {logging_mixin.py:188} INFO - [2024-05-06T22:01:44.918-0500] {dag.py:3954} INFO - Setting next_dagrun for example_display_name to None, run_after=None
[2024-05-06T22:01:44.939-0500] {processor.py:183} INFO - Processing /Users/paulamedina/venv/lib/python3.12/site-packages/airflow/example_dags/example_display_name.py took 0.229 seconds
