[2024-05-06T19:03:33.472-0500] {processor.py:161} INFO - Started process (PID=26908) to work on /Users/paulamedina/venv/lib/python3.12/site-packages/airflow/example_dags/example_branch_operator_decorator.py
[2024-05-06T19:03:33.472-0500] {processor.py:830} INFO - Processing file /Users/paulamedina/venv/lib/python3.12/site-packages/airflow/example_dags/example_branch_operator_decorator.py for tasks to queue
[2024-05-06T19:03:33.473-0500] {logging_mixin.py:188} INFO - [2024-05-06T19:03:33.473-0500] {dagbag.py:540} INFO - Filling up the DagBag from /Users/paulamedina/venv/lib/python3.12/site-packages/airflow/example_dags/example_branch_operator_decorator.py
[2024-05-06T19:03:33.490-0500] {processor.py:842} WARNING - No viable dags retrieved from /Users/paulamedina/venv/lib/python3.12/site-packages/airflow/example_dags/example_branch_operator_decorator.py
[2024-05-06T19:03:33.550-0500] {processor.py:183} INFO - Processing /Users/paulamedina/venv/lib/python3.12/site-packages/airflow/example_dags/example_branch_operator_decorator.py took 0.081 seconds
[2024-05-06T19:06:48.191-0500] {processor.py:161} INFO - Started process (PID=27611) to work on /Users/paulamedina/venv/lib/python3.12/site-packages/airflow/example_dags/example_branch_operator_decorator.py
[2024-05-06T19:06:48.192-0500] {processor.py:830} INFO - Processing file /Users/paulamedina/venv/lib/python3.12/site-packages/airflow/example_dags/example_branch_operator_decorator.py for tasks to queue
[2024-05-06T19:06:48.192-0500] {logging_mixin.py:188} INFO - [2024-05-06T19:06:48.192-0500] {dagbag.py:540} INFO - Filling up the DagBag from /Users/paulamedina/venv/lib/python3.12/site-packages/airflow/example_dags/example_branch_operator_decorator.py
[2024-05-06T19:06:48.209-0500] {processor.py:842} WARNING - No viable dags retrieved from /Users/paulamedina/venv/lib/python3.12/site-packages/airflow/example_dags/example_branch_operator_decorator.py
[2024-05-06T19:06:48.270-0500] {processor.py:183} INFO - Processing /Users/paulamedina/venv/lib/python3.12/site-packages/airflow/example_dags/example_branch_operator_decorator.py took 0.081 seconds
[2024-05-06T19:10:13.916-0500] {processor.py:161} INFO - Started process (PID=28343) to work on /Users/paulamedina/venv/lib/python3.12/site-packages/airflow/example_dags/example_branch_operator_decorator.py
[2024-05-06T19:10:13.916-0500] {processor.py:830} INFO - Processing file /Users/paulamedina/venv/lib/python3.12/site-packages/airflow/example_dags/example_branch_operator_decorator.py for tasks to queue
[2024-05-06T19:10:13.917-0500] {logging_mixin.py:188} INFO - [2024-05-06T19:10:13.917-0500] {dagbag.py:540} INFO - Filling up the DagBag from /Users/paulamedina/venv/lib/python3.12/site-packages/airflow/example_dags/example_branch_operator_decorator.py
[2024-05-06T19:10:13.934-0500] {processor.py:842} WARNING - No viable dags retrieved from /Users/paulamedina/venv/lib/python3.12/site-packages/airflow/example_dags/example_branch_operator_decorator.py
[2024-05-06T19:10:13.996-0500] {processor.py:183} INFO - Processing /Users/paulamedina/venv/lib/python3.12/site-packages/airflow/example_dags/example_branch_operator_decorator.py took 0.082 seconds
[2024-05-06T19:13:49.927-0500] {processor.py:161} INFO - Started process (PID=29113) to work on /Users/paulamedina/venv/lib/python3.12/site-packages/airflow/example_dags/example_branch_operator_decorator.py
[2024-05-06T19:13:49.929-0500] {processor.py:830} INFO - Processing file /Users/paulamedina/venv/lib/python3.12/site-packages/airflow/example_dags/example_branch_operator_decorator.py for tasks to queue
[2024-05-06T19:13:49.930-0500] {logging_mixin.py:188} INFO - [2024-05-06T19:13:49.930-0500] {dagbag.py:540} INFO - Filling up the DagBag from /Users/paulamedina/venv/lib/python3.12/site-packages/airflow/example_dags/example_branch_operator_decorator.py
[2024-05-06T19:13:49.955-0500] {processor.py:842} WARNING - No viable dags retrieved from /Users/paulamedina/venv/lib/python3.12/site-packages/airflow/example_dags/example_branch_operator_decorator.py
[2024-05-06T19:13:50.042-0500] {processor.py:183} INFO - Processing /Users/paulamedina/venv/lib/python3.12/site-packages/airflow/example_dags/example_branch_operator_decorator.py took 0.117 seconds
[2024-05-06T19:18:22.171-0500] {processor.py:161} INFO - Started process (PID=30149) to work on /Users/paulamedina/venv/lib/python3.12/site-packages/airflow/example_dags/example_branch_operator_decorator.py
[2024-05-06T19:18:22.173-0500] {processor.py:830} INFO - Processing file /Users/paulamedina/venv/lib/python3.12/site-packages/airflow/example_dags/example_branch_operator_decorator.py for tasks to queue
[2024-05-06T19:18:22.174-0500] {logging_mixin.py:188} INFO - [2024-05-06T19:18:22.173-0500] {dagbag.py:540} INFO - Filling up the DagBag from /Users/paulamedina/venv/lib/python3.12/site-packages/airflow/example_dags/example_branch_operator_decorator.py
[2024-05-06T19:18:22.199-0500] {processor.py:842} WARNING - No viable dags retrieved from /Users/paulamedina/venv/lib/python3.12/site-packages/airflow/example_dags/example_branch_operator_decorator.py
[2024-05-06T19:18:22.282-0500] {processor.py:183} INFO - Processing /Users/paulamedina/venv/lib/python3.12/site-packages/airflow/example_dags/example_branch_operator_decorator.py took 0.114 seconds
[2024-05-06T19:22:43.795-0500] {processor.py:161} INFO - Started process (PID=31069) to work on /Users/paulamedina/venv/lib/python3.12/site-packages/airflow/example_dags/example_branch_operator_decorator.py
[2024-05-06T19:22:43.796-0500] {processor.py:830} INFO - Processing file /Users/paulamedina/venv/lib/python3.12/site-packages/airflow/example_dags/example_branch_operator_decorator.py for tasks to queue
[2024-05-06T19:22:43.797-0500] {logging_mixin.py:188} INFO - [2024-05-06T19:22:43.797-0500] {dagbag.py:540} INFO - Filling up the DagBag from /Users/paulamedina/venv/lib/python3.12/site-packages/airflow/example_dags/example_branch_operator_decorator.py
[2024-05-06T19:22:43.831-0500] {processor.py:842} WARNING - No viable dags retrieved from /Users/paulamedina/venv/lib/python3.12/site-packages/airflow/example_dags/example_branch_operator_decorator.py
[2024-05-06T19:22:43.954-0500] {processor.py:183} INFO - Processing /Users/paulamedina/venv/lib/python3.12/site-packages/airflow/example_dags/example_branch_operator_decorator.py took 0.162 seconds
[2024-05-06T19:27:09.610-0500] {processor.py:161} INFO - Started process (PID=32009) to work on /Users/paulamedina/venv/lib/python3.12/site-packages/airflow/example_dags/example_branch_operator_decorator.py
[2024-05-06T19:27:09.611-0500] {processor.py:830} INFO - Processing file /Users/paulamedina/venv/lib/python3.12/site-packages/airflow/example_dags/example_branch_operator_decorator.py for tasks to queue
[2024-05-06T19:27:09.611-0500] {logging_mixin.py:188} INFO - [2024-05-06T19:27:09.611-0500] {dagbag.py:540} INFO - Filling up the DagBag from /Users/paulamedina/venv/lib/python3.12/site-packages/airflow/example_dags/example_branch_operator_decorator.py
[2024-05-06T19:27:09.628-0500] {processor.py:842} WARNING - No viable dags retrieved from /Users/paulamedina/venv/lib/python3.12/site-packages/airflow/example_dags/example_branch_operator_decorator.py
[2024-05-06T19:27:09.692-0500] {processor.py:183} INFO - Processing /Users/paulamedina/venv/lib/python3.12/site-packages/airflow/example_dags/example_branch_operator_decorator.py took 0.084 seconds
[2024-05-06T19:30:39.176-0500] {processor.py:161} INFO - Started process (PID=32761) to work on /Users/paulamedina/venv/lib/python3.12/site-packages/airflow/example_dags/example_branch_operator_decorator.py
[2024-05-06T19:30:39.177-0500] {processor.py:830} INFO - Processing file /Users/paulamedina/venv/lib/python3.12/site-packages/airflow/example_dags/example_branch_operator_decorator.py for tasks to queue
[2024-05-06T19:30:39.178-0500] {logging_mixin.py:188} INFO - [2024-05-06T19:30:39.178-0500] {dagbag.py:540} INFO - Filling up the DagBag from /Users/paulamedina/venv/lib/python3.12/site-packages/airflow/example_dags/example_branch_operator_decorator.py
[2024-05-06T19:30:39.198-0500] {processor.py:842} WARNING - No viable dags retrieved from /Users/paulamedina/venv/lib/python3.12/site-packages/airflow/example_dags/example_branch_operator_decorator.py
[2024-05-06T19:30:39.270-0500] {processor.py:183} INFO - Processing /Users/paulamedina/venv/lib/python3.12/site-packages/airflow/example_dags/example_branch_operator_decorator.py took 0.096 seconds
[2024-05-06T19:34:03.090-0500] {processor.py:161} INFO - Started process (PID=33492) to work on /Users/paulamedina/venv/lib/python3.12/site-packages/airflow/example_dags/example_branch_operator_decorator.py
[2024-05-06T19:34:03.091-0500] {processor.py:830} INFO - Processing file /Users/paulamedina/venv/lib/python3.12/site-packages/airflow/example_dags/example_branch_operator_decorator.py for tasks to queue
[2024-05-06T19:34:03.092-0500] {logging_mixin.py:188} INFO - [2024-05-06T19:34:03.092-0500] {dagbag.py:540} INFO - Filling up the DagBag from /Users/paulamedina/venv/lib/python3.12/site-packages/airflow/example_dags/example_branch_operator_decorator.py
[2024-05-06T19:34:03.109-0500] {processor.py:842} WARNING - No viable dags retrieved from /Users/paulamedina/venv/lib/python3.12/site-packages/airflow/example_dags/example_branch_operator_decorator.py
[2024-05-06T19:34:03.170-0500] {processor.py:183} INFO - Processing /Users/paulamedina/venv/lib/python3.12/site-packages/airflow/example_dags/example_branch_operator_decorator.py took 0.082 seconds
[2024-05-06T19:37:26.390-0500] {processor.py:161} INFO - Started process (PID=34302) to work on /Users/paulamedina/venv/lib/python3.12/site-packages/airflow/example_dags/example_branch_operator_decorator.py
[2024-05-06T19:37:26.391-0500] {processor.py:830} INFO - Processing file /Users/paulamedina/venv/lib/python3.12/site-packages/airflow/example_dags/example_branch_operator_decorator.py for tasks to queue
[2024-05-06T19:37:26.392-0500] {logging_mixin.py:188} INFO - [2024-05-06T19:37:26.392-0500] {dagbag.py:540} INFO - Filling up the DagBag from /Users/paulamedina/venv/lib/python3.12/site-packages/airflow/example_dags/example_branch_operator_decorator.py
[2024-05-06T19:37:26.412-0500] {processor.py:842} WARNING - No viable dags retrieved from /Users/paulamedina/venv/lib/python3.12/site-packages/airflow/example_dags/example_branch_operator_decorator.py
[2024-05-06T19:37:26.475-0500] {processor.py:183} INFO - Processing /Users/paulamedina/venv/lib/python3.12/site-packages/airflow/example_dags/example_branch_operator_decorator.py took 0.088 seconds
[2024-05-06T19:40:47.314-0500] {processor.py:161} INFO - Started process (PID=35010) to work on /Users/paulamedina/venv/lib/python3.12/site-packages/airflow/example_dags/example_branch_operator_decorator.py
[2024-05-06T19:40:47.315-0500] {processor.py:830} INFO - Processing file /Users/paulamedina/venv/lib/python3.12/site-packages/airflow/example_dags/example_branch_operator_decorator.py for tasks to queue
[2024-05-06T19:40:47.316-0500] {logging_mixin.py:188} INFO - [2024-05-06T19:40:47.315-0500] {dagbag.py:540} INFO - Filling up the DagBag from /Users/paulamedina/venv/lib/python3.12/site-packages/airflow/example_dags/example_branch_operator_decorator.py
[2024-05-06T19:40:47.332-0500] {processor.py:842} WARNING - No viable dags retrieved from /Users/paulamedina/venv/lib/python3.12/site-packages/airflow/example_dags/example_branch_operator_decorator.py
[2024-05-06T19:40:47.395-0500] {processor.py:183} INFO - Processing /Users/paulamedina/venv/lib/python3.12/site-packages/airflow/example_dags/example_branch_operator_decorator.py took 0.082 seconds
[2024-05-06T19:44:03.666-0500] {processor.py:161} INFO - Started process (PID=35707) to work on /Users/paulamedina/venv/lib/python3.12/site-packages/airflow/example_dags/example_branch_operator_decorator.py
[2024-05-06T19:44:03.667-0500] {processor.py:830} INFO - Processing file /Users/paulamedina/venv/lib/python3.12/site-packages/airflow/example_dags/example_branch_operator_decorator.py for tasks to queue
[2024-05-06T19:44:03.667-0500] {logging_mixin.py:188} INFO - [2024-05-06T19:44:03.667-0500] {dagbag.py:540} INFO - Filling up the DagBag from /Users/paulamedina/venv/lib/python3.12/site-packages/airflow/example_dags/example_branch_operator_decorator.py
[2024-05-06T19:44:03.685-0500] {processor.py:842} WARNING - No viable dags retrieved from /Users/paulamedina/venv/lib/python3.12/site-packages/airflow/example_dags/example_branch_operator_decorator.py
[2024-05-06T19:44:03.754-0500] {processor.py:183} INFO - Processing /Users/paulamedina/venv/lib/python3.12/site-packages/airflow/example_dags/example_branch_operator_decorator.py took 0.090 seconds
[2024-05-06T19:47:38.456-0500] {processor.py:161} INFO - Started process (PID=36479) to work on /Users/paulamedina/venv/lib/python3.12/site-packages/airflow/example_dags/example_branch_operator_decorator.py
[2024-05-06T19:47:38.457-0500] {processor.py:830} INFO - Processing file /Users/paulamedina/venv/lib/python3.12/site-packages/airflow/example_dags/example_branch_operator_decorator.py for tasks to queue
[2024-05-06T19:47:38.457-0500] {logging_mixin.py:188} INFO - [2024-05-06T19:47:38.457-0500] {dagbag.py:540} INFO - Filling up the DagBag from /Users/paulamedina/venv/lib/python3.12/site-packages/airflow/example_dags/example_branch_operator_decorator.py
[2024-05-06T19:47:38.477-0500] {processor.py:842} WARNING - No viable dags retrieved from /Users/paulamedina/venv/lib/python3.12/site-packages/airflow/example_dags/example_branch_operator_decorator.py
[2024-05-06T19:47:38.546-0500] {processor.py:183} INFO - Processing /Users/paulamedina/venv/lib/python3.12/site-packages/airflow/example_dags/example_branch_operator_decorator.py took 0.092 seconds
[2024-05-06T19:51:03.049-0500] {processor.py:161} INFO - Started process (PID=37296) to work on /Users/paulamedina/venv/lib/python3.12/site-packages/airflow/example_dags/example_branch_operator_decorator.py
[2024-05-06T19:51:03.050-0500] {processor.py:830} INFO - Processing file /Users/paulamedina/venv/lib/python3.12/site-packages/airflow/example_dags/example_branch_operator_decorator.py for tasks to queue
[2024-05-06T19:51:03.051-0500] {logging_mixin.py:188} INFO - [2024-05-06T19:51:03.051-0500] {dagbag.py:540} INFO - Filling up the DagBag from /Users/paulamedina/venv/lib/python3.12/site-packages/airflow/example_dags/example_branch_operator_decorator.py
[2024-05-06T19:51:03.070-0500] {processor.py:842} WARNING - No viable dags retrieved from /Users/paulamedina/venv/lib/python3.12/site-packages/airflow/example_dags/example_branch_operator_decorator.py
[2024-05-06T19:51:03.141-0500] {processor.py:183} INFO - Processing /Users/paulamedina/venv/lib/python3.12/site-packages/airflow/example_dags/example_branch_operator_decorator.py took 0.094 seconds
[2024-05-06T19:54:34.176-0500] {processor.py:161} INFO - Started process (PID=38046) to work on /Users/paulamedina/venv/lib/python3.12/site-packages/airflow/example_dags/example_branch_operator_decorator.py
[2024-05-06T19:54:34.177-0500] {processor.py:830} INFO - Processing file /Users/paulamedina/venv/lib/python3.12/site-packages/airflow/example_dags/example_branch_operator_decorator.py for tasks to queue
[2024-05-06T19:54:34.178-0500] {logging_mixin.py:188} INFO - [2024-05-06T19:54:34.177-0500] {dagbag.py:540} INFO - Filling up the DagBag from /Users/paulamedina/venv/lib/python3.12/site-packages/airflow/example_dags/example_branch_operator_decorator.py
[2024-05-06T19:54:34.197-0500] {processor.py:842} WARNING - No viable dags retrieved from /Users/paulamedina/venv/lib/python3.12/site-packages/airflow/example_dags/example_branch_operator_decorator.py
[2024-05-06T19:54:34.268-0500] {processor.py:183} INFO - Processing /Users/paulamedina/venv/lib/python3.12/site-packages/airflow/example_dags/example_branch_operator_decorator.py took 0.094 seconds
[2024-05-06T19:58:01.395-0500] {processor.py:161} INFO - Started process (PID=38782) to work on /Users/paulamedina/venv/lib/python3.12/site-packages/airflow/example_dags/example_branch_operator_decorator.py
[2024-05-06T19:58:01.396-0500] {processor.py:830} INFO - Processing file /Users/paulamedina/venv/lib/python3.12/site-packages/airflow/example_dags/example_branch_operator_decorator.py for tasks to queue
[2024-05-06T19:58:01.396-0500] {logging_mixin.py:188} INFO - [2024-05-06T19:58:01.396-0500] {dagbag.py:540} INFO - Filling up the DagBag from /Users/paulamedina/venv/lib/python3.12/site-packages/airflow/example_dags/example_branch_operator_decorator.py
[2024-05-06T19:58:01.413-0500] {processor.py:842} WARNING - No viable dags retrieved from /Users/paulamedina/venv/lib/python3.12/site-packages/airflow/example_dags/example_branch_operator_decorator.py
[2024-05-06T19:58:01.476-0500] {processor.py:183} INFO - Processing /Users/paulamedina/venv/lib/python3.12/site-packages/airflow/example_dags/example_branch_operator_decorator.py took 0.083 seconds
[2024-05-06T20:01:40.435-0500] {processor.py:161} INFO - Started process (PID=39596) to work on /Users/paulamedina/venv/lib/python3.12/site-packages/airflow/example_dags/example_branch_operator_decorator.py
[2024-05-06T20:01:40.435-0500] {processor.py:830} INFO - Processing file /Users/paulamedina/venv/lib/python3.12/site-packages/airflow/example_dags/example_branch_operator_decorator.py for tasks to queue
[2024-05-06T20:01:40.436-0500] {logging_mixin.py:188} INFO - [2024-05-06T20:01:40.436-0500] {dagbag.py:540} INFO - Filling up the DagBag from /Users/paulamedina/venv/lib/python3.12/site-packages/airflow/example_dags/example_branch_operator_decorator.py
[2024-05-06T20:01:40.452-0500] {processor.py:842} WARNING - No viable dags retrieved from /Users/paulamedina/venv/lib/python3.12/site-packages/airflow/example_dags/example_branch_operator_decorator.py
[2024-05-06T20:01:40.513-0500] {processor.py:183} INFO - Processing /Users/paulamedina/venv/lib/python3.12/site-packages/airflow/example_dags/example_branch_operator_decorator.py took 0.080 seconds
[2024-05-06T20:05:09.185-0500] {processor.py:161} INFO - Started process (PID=40348) to work on /Users/paulamedina/venv/lib/python3.12/site-packages/airflow/example_dags/example_branch_operator_decorator.py
[2024-05-06T20:05:09.186-0500] {processor.py:830} INFO - Processing file /Users/paulamedina/venv/lib/python3.12/site-packages/airflow/example_dags/example_branch_operator_decorator.py for tasks to queue
[2024-05-06T20:05:09.186-0500] {logging_mixin.py:188} INFO - [2024-05-06T20:05:09.186-0500] {dagbag.py:540} INFO - Filling up the DagBag from /Users/paulamedina/venv/lib/python3.12/site-packages/airflow/example_dags/example_branch_operator_decorator.py
[2024-05-06T20:05:09.204-0500] {processor.py:842} WARNING - No viable dags retrieved from /Users/paulamedina/venv/lib/python3.12/site-packages/airflow/example_dags/example_branch_operator_decorator.py
[2024-05-06T20:05:09.267-0500] {processor.py:183} INFO - Processing /Users/paulamedina/venv/lib/python3.12/site-packages/airflow/example_dags/example_branch_operator_decorator.py took 0.084 seconds
[2024-05-06T20:08:39.227-0500] {processor.py:161} INFO - Started process (PID=41096) to work on /Users/paulamedina/venv/lib/python3.12/site-packages/airflow/example_dags/example_branch_operator_decorator.py
[2024-05-06T20:08:39.228-0500] {processor.py:830} INFO - Processing file /Users/paulamedina/venv/lib/python3.12/site-packages/airflow/example_dags/example_branch_operator_decorator.py for tasks to queue
[2024-05-06T20:08:39.229-0500] {logging_mixin.py:188} INFO - [2024-05-06T20:08:39.228-0500] {dagbag.py:540} INFO - Filling up the DagBag from /Users/paulamedina/venv/lib/python3.12/site-packages/airflow/example_dags/example_branch_operator_decorator.py
[2024-05-06T20:08:39.248-0500] {processor.py:842} WARNING - No viable dags retrieved from /Users/paulamedina/venv/lib/python3.12/site-packages/airflow/example_dags/example_branch_operator_decorator.py
[2024-05-06T20:08:39.318-0500] {processor.py:183} INFO - Processing /Users/paulamedina/venv/lib/python3.12/site-packages/airflow/example_dags/example_branch_operator_decorator.py took 0.093 seconds
[2024-05-06T20:11:58.529-0500] {processor.py:161} INFO - Started process (PID=41892) to work on /Users/paulamedina/venv/lib/python3.12/site-packages/airflow/example_dags/example_branch_operator_decorator.py
[2024-05-06T20:11:58.529-0500] {processor.py:830} INFO - Processing file /Users/paulamedina/venv/lib/python3.12/site-packages/airflow/example_dags/example_branch_operator_decorator.py for tasks to queue
[2024-05-06T20:11:58.530-0500] {logging_mixin.py:188} INFO - [2024-05-06T20:11:58.530-0500] {dagbag.py:540} INFO - Filling up the DagBag from /Users/paulamedina/venv/lib/python3.12/site-packages/airflow/example_dags/example_branch_operator_decorator.py
[2024-05-06T20:11:58.547-0500] {processor.py:842} WARNING - No viable dags retrieved from /Users/paulamedina/venv/lib/python3.12/site-packages/airflow/example_dags/example_branch_operator_decorator.py
[2024-05-06T20:11:58.608-0500] {processor.py:183} INFO - Processing /Users/paulamedina/venv/lib/python3.12/site-packages/airflow/example_dags/example_branch_operator_decorator.py took 0.082 seconds
[2024-05-06T20:15:15.160-0500] {processor.py:161} INFO - Started process (PID=42586) to work on /Users/paulamedina/venv/lib/python3.12/site-packages/airflow/example_dags/example_branch_operator_decorator.py
[2024-05-06T20:15:15.161-0500] {processor.py:830} INFO - Processing file /Users/paulamedina/venv/lib/python3.12/site-packages/airflow/example_dags/example_branch_operator_decorator.py for tasks to queue
[2024-05-06T20:15:15.161-0500] {logging_mixin.py:188} INFO - [2024-05-06T20:15:15.161-0500] {dagbag.py:540} INFO - Filling up the DagBag from /Users/paulamedina/venv/lib/python3.12/site-packages/airflow/example_dags/example_branch_operator_decorator.py
[2024-05-06T20:15:15.182-0500] {processor.py:842} WARNING - No viable dags retrieved from /Users/paulamedina/venv/lib/python3.12/site-packages/airflow/example_dags/example_branch_operator_decorator.py
[2024-05-06T20:15:15.246-0500] {processor.py:183} INFO - Processing /Users/paulamedina/venv/lib/python3.12/site-packages/airflow/example_dags/example_branch_operator_decorator.py took 0.088 seconds
[2024-05-06T20:18:42.405-0500] {processor.py:161} INFO - Started process (PID=43313) to work on /Users/paulamedina/venv/lib/python3.12/site-packages/airflow/example_dags/example_branch_operator_decorator.py
[2024-05-06T20:18:42.406-0500] {processor.py:830} INFO - Processing file /Users/paulamedina/venv/lib/python3.12/site-packages/airflow/example_dags/example_branch_operator_decorator.py for tasks to queue
[2024-05-06T20:18:42.407-0500] {logging_mixin.py:188} INFO - [2024-05-06T20:18:42.407-0500] {dagbag.py:540} INFO - Filling up the DagBag from /Users/paulamedina/venv/lib/python3.12/site-packages/airflow/example_dags/example_branch_operator_decorator.py
[2024-05-06T20:18:42.428-0500] {processor.py:842} WARNING - No viable dags retrieved from /Users/paulamedina/venv/lib/python3.12/site-packages/airflow/example_dags/example_branch_operator_decorator.py
[2024-05-06T20:18:42.505-0500] {processor.py:183} INFO - Processing /Users/paulamedina/venv/lib/python3.12/site-packages/airflow/example_dags/example_branch_operator_decorator.py took 0.102 seconds
[2024-05-06T20:22:11.233-0500] {processor.py:161} INFO - Started process (PID=44066) to work on /Users/paulamedina/venv/lib/python3.12/site-packages/airflow/example_dags/example_branch_operator_decorator.py
[2024-05-06T20:22:11.234-0500] {processor.py:830} INFO - Processing file /Users/paulamedina/venv/lib/python3.12/site-packages/airflow/example_dags/example_branch_operator_decorator.py for tasks to queue
[2024-05-06T20:22:11.235-0500] {logging_mixin.py:188} INFO - [2024-05-06T20:22:11.235-0500] {dagbag.py:540} INFO - Filling up the DagBag from /Users/paulamedina/venv/lib/python3.12/site-packages/airflow/example_dags/example_branch_operator_decorator.py
[2024-05-06T20:22:11.252-0500] {processor.py:842} WARNING - No viable dags retrieved from /Users/paulamedina/venv/lib/python3.12/site-packages/airflow/example_dags/example_branch_operator_decorator.py
[2024-05-06T20:22:11.313-0500] {processor.py:183} INFO - Processing /Users/paulamedina/venv/lib/python3.12/site-packages/airflow/example_dags/example_branch_operator_decorator.py took 0.081 seconds
[2024-05-06T20:25:33.144-0500] {processor.py:161} INFO - Started process (PID=44779) to work on /Users/paulamedina/venv/lib/python3.12/site-packages/airflow/example_dags/example_branch_operator_decorator.py
[2024-05-06T20:25:33.145-0500] {processor.py:830} INFO - Processing file /Users/paulamedina/venv/lib/python3.12/site-packages/airflow/example_dags/example_branch_operator_decorator.py for tasks to queue
[2024-05-06T20:25:33.145-0500] {logging_mixin.py:188} INFO - [2024-05-06T20:25:33.145-0500] {dagbag.py:540} INFO - Filling up the DagBag from /Users/paulamedina/venv/lib/python3.12/site-packages/airflow/example_dags/example_branch_operator_decorator.py
[2024-05-06T20:25:33.167-0500] {processor.py:842} WARNING - No viable dags retrieved from /Users/paulamedina/venv/lib/python3.12/site-packages/airflow/example_dags/example_branch_operator_decorator.py
[2024-05-06T20:25:33.239-0500] {processor.py:183} INFO - Processing /Users/paulamedina/venv/lib/python3.12/site-packages/airflow/example_dags/example_branch_operator_decorator.py took 0.097 seconds
[2024-05-06T20:28:59.348-0500] {processor.py:161} INFO - Started process (PID=45601) to work on /Users/paulamedina/venv/lib/python3.12/site-packages/airflow/example_dags/example_branch_operator_decorator.py
[2024-05-06T20:28:59.349-0500] {processor.py:830} INFO - Processing file /Users/paulamedina/venv/lib/python3.12/site-packages/airflow/example_dags/example_branch_operator_decorator.py for tasks to queue
[2024-05-06T20:28:59.349-0500] {logging_mixin.py:188} INFO - [2024-05-06T20:28:59.349-0500] {dagbag.py:540} INFO - Filling up the DagBag from /Users/paulamedina/venv/lib/python3.12/site-packages/airflow/example_dags/example_branch_operator_decorator.py
[2024-05-06T20:28:59.367-0500] {processor.py:842} WARNING - No viable dags retrieved from /Users/paulamedina/venv/lib/python3.12/site-packages/airflow/example_dags/example_branch_operator_decorator.py
[2024-05-06T20:28:59.429-0500] {processor.py:183} INFO - Processing /Users/paulamedina/venv/lib/python3.12/site-packages/airflow/example_dags/example_branch_operator_decorator.py took 0.084 seconds
[2024-05-06T20:32:22.119-0500] {processor.py:161} INFO - Started process (PID=46337) to work on /Users/paulamedina/venv/lib/python3.12/site-packages/airflow/example_dags/example_branch_operator_decorator.py
[2024-05-06T20:32:22.120-0500] {processor.py:830} INFO - Processing file /Users/paulamedina/venv/lib/python3.12/site-packages/airflow/example_dags/example_branch_operator_decorator.py for tasks to queue
[2024-05-06T20:32:22.120-0500] {logging_mixin.py:188} INFO - [2024-05-06T20:32:22.120-0500] {dagbag.py:540} INFO - Filling up the DagBag from /Users/paulamedina/venv/lib/python3.12/site-packages/airflow/example_dags/example_branch_operator_decorator.py
[2024-05-06T20:32:22.137-0500] {processor.py:842} WARNING - No viable dags retrieved from /Users/paulamedina/venv/lib/python3.12/site-packages/airflow/example_dags/example_branch_operator_decorator.py
[2024-05-06T20:32:22.199-0500] {processor.py:183} INFO - Processing /Users/paulamedina/venv/lib/python3.12/site-packages/airflow/example_dags/example_branch_operator_decorator.py took 0.081 seconds
[2024-05-06T20:35:44.863-0500] {processor.py:161} INFO - Started process (PID=47053) to work on /Users/paulamedina/venv/lib/python3.12/site-packages/airflow/example_dags/example_branch_operator_decorator.py
[2024-05-06T20:35:44.864-0500] {processor.py:830} INFO - Processing file /Users/paulamedina/venv/lib/python3.12/site-packages/airflow/example_dags/example_branch_operator_decorator.py for tasks to queue
[2024-05-06T20:35:44.864-0500] {logging_mixin.py:188} INFO - [2024-05-06T20:35:44.864-0500] {dagbag.py:540} INFO - Filling up the DagBag from /Users/paulamedina/venv/lib/python3.12/site-packages/airflow/example_dags/example_branch_operator_decorator.py
[2024-05-06T20:35:44.884-0500] {processor.py:842} WARNING - No viable dags retrieved from /Users/paulamedina/venv/lib/python3.12/site-packages/airflow/example_dags/example_branch_operator_decorator.py
[2024-05-06T20:35:44.954-0500] {processor.py:183} INFO - Processing /Users/paulamedina/venv/lib/python3.12/site-packages/airflow/example_dags/example_branch_operator_decorator.py took 0.094 seconds
[2024-05-06T20:39:02.285-0500] {processor.py:161} INFO - Started process (PID=47753) to work on /Users/paulamedina/venv/lib/python3.12/site-packages/airflow/example_dags/example_branch_operator_decorator.py
[2024-05-06T20:39:02.285-0500] {processor.py:830} INFO - Processing file /Users/paulamedina/venv/lib/python3.12/site-packages/airflow/example_dags/example_branch_operator_decorator.py for tasks to queue
[2024-05-06T20:39:02.286-0500] {logging_mixin.py:188} INFO - [2024-05-06T20:39:02.286-0500] {dagbag.py:540} INFO - Filling up the DagBag from /Users/paulamedina/venv/lib/python3.12/site-packages/airflow/example_dags/example_branch_operator_decorator.py
[2024-05-06T20:39:02.302-0500] {processor.py:842} WARNING - No viable dags retrieved from /Users/paulamedina/venv/lib/python3.12/site-packages/airflow/example_dags/example_branch_operator_decorator.py
[2024-05-06T20:39:02.364-0500] {processor.py:183} INFO - Processing /Users/paulamedina/venv/lib/python3.12/site-packages/airflow/example_dags/example_branch_operator_decorator.py took 0.082 seconds
[2024-05-06T20:42:31.068-0500] {processor.py:161} INFO - Started process (PID=48502) to work on /Users/paulamedina/venv/lib/python3.12/site-packages/airflow/example_dags/example_branch_operator_decorator.py
[2024-05-06T20:42:31.068-0500] {processor.py:830} INFO - Processing file /Users/paulamedina/venv/lib/python3.12/site-packages/airflow/example_dags/example_branch_operator_decorator.py for tasks to queue
[2024-05-06T20:42:31.069-0500] {logging_mixin.py:188} INFO - [2024-05-06T20:42:31.069-0500] {dagbag.py:540} INFO - Filling up the DagBag from /Users/paulamedina/venv/lib/python3.12/site-packages/airflow/example_dags/example_branch_operator_decorator.py
[2024-05-06T20:42:31.091-0500] {processor.py:842} WARNING - No viable dags retrieved from /Users/paulamedina/venv/lib/python3.12/site-packages/airflow/example_dags/example_branch_operator_decorator.py
[2024-05-06T20:42:31.162-0500] {processor.py:183} INFO - Processing /Users/paulamedina/venv/lib/python3.12/site-packages/airflow/example_dags/example_branch_operator_decorator.py took 0.096 seconds
[2024-05-06T20:45:56.188-0500] {processor.py:161} INFO - Started process (PID=49229) to work on /Users/paulamedina/venv/lib/python3.12/site-packages/airflow/example_dags/example_branch_operator_decorator.py
[2024-05-06T20:45:56.189-0500] {processor.py:830} INFO - Processing file /Users/paulamedina/venv/lib/python3.12/site-packages/airflow/example_dags/example_branch_operator_decorator.py for tasks to queue
[2024-05-06T20:45:56.190-0500] {logging_mixin.py:188} INFO - [2024-05-06T20:45:56.190-0500] {dagbag.py:540} INFO - Filling up the DagBag from /Users/paulamedina/venv/lib/python3.12/site-packages/airflow/example_dags/example_branch_operator_decorator.py
[2024-05-06T20:45:56.210-0500] {processor.py:842} WARNING - No viable dags retrieved from /Users/paulamedina/venv/lib/python3.12/site-packages/airflow/example_dags/example_branch_operator_decorator.py
[2024-05-06T20:45:56.275-0500] {processor.py:183} INFO - Processing /Users/paulamedina/venv/lib/python3.12/site-packages/airflow/example_dags/example_branch_operator_decorator.py took 0.089 seconds
[2024-05-06T20:49:26.826-0500] {processor.py:161} INFO - Started process (PID=50071) to work on /Users/paulamedina/venv/lib/python3.12/site-packages/airflow/example_dags/example_branch_operator_decorator.py
[2024-05-06T20:49:26.827-0500] {processor.py:830} INFO - Processing file /Users/paulamedina/venv/lib/python3.12/site-packages/airflow/example_dags/example_branch_operator_decorator.py for tasks to queue
[2024-05-06T20:49:26.827-0500] {logging_mixin.py:188} INFO - [2024-05-06T20:49:26.827-0500] {dagbag.py:540} INFO - Filling up the DagBag from /Users/paulamedina/venv/lib/python3.12/site-packages/airflow/example_dags/example_branch_operator_decorator.py
[2024-05-06T20:49:26.848-0500] {processor.py:842} WARNING - No viable dags retrieved from /Users/paulamedina/venv/lib/python3.12/site-packages/airflow/example_dags/example_branch_operator_decorator.py
[2024-05-06T20:49:26.919-0500] {processor.py:183} INFO - Processing /Users/paulamedina/venv/lib/python3.12/site-packages/airflow/example_dags/example_branch_operator_decorator.py took 0.095 seconds
[2024-05-06T20:52:57.948-0500] {processor.py:161} INFO - Started process (PID=50804) to work on /Users/paulamedina/venv/lib/python3.12/site-packages/airflow/example_dags/example_branch_operator_decorator.py
[2024-05-06T20:52:57.949-0500] {processor.py:830} INFO - Processing file /Users/paulamedina/venv/lib/python3.12/site-packages/airflow/example_dags/example_branch_operator_decorator.py for tasks to queue
[2024-05-06T20:52:57.949-0500] {logging_mixin.py:188} INFO - [2024-05-06T20:52:57.949-0500] {dagbag.py:540} INFO - Filling up the DagBag from /Users/paulamedina/venv/lib/python3.12/site-packages/airflow/example_dags/example_branch_operator_decorator.py
[2024-05-06T20:52:57.966-0500] {processor.py:842} WARNING - No viable dags retrieved from /Users/paulamedina/venv/lib/python3.12/site-packages/airflow/example_dags/example_branch_operator_decorator.py
[2024-05-06T20:52:58.026-0500] {processor.py:183} INFO - Processing /Users/paulamedina/venv/lib/python3.12/site-packages/airflow/example_dags/example_branch_operator_decorator.py took 0.080 seconds
[2024-05-06T20:56:23.088-0500] {processor.py:161} INFO - Started process (PID=51527) to work on /Users/paulamedina/venv/lib/python3.12/site-packages/airflow/example_dags/example_branch_operator_decorator.py
[2024-05-06T20:56:23.089-0500] {processor.py:830} INFO - Processing file /Users/paulamedina/venv/lib/python3.12/site-packages/airflow/example_dags/example_branch_operator_decorator.py for tasks to queue
[2024-05-06T20:56:23.089-0500] {logging_mixin.py:188} INFO - [2024-05-06T20:56:23.089-0500] {dagbag.py:540} INFO - Filling up the DagBag from /Users/paulamedina/venv/lib/python3.12/site-packages/airflow/example_dags/example_branch_operator_decorator.py
[2024-05-06T20:56:23.107-0500] {processor.py:842} WARNING - No viable dags retrieved from /Users/paulamedina/venv/lib/python3.12/site-packages/airflow/example_dags/example_branch_operator_decorator.py
[2024-05-06T20:56:23.172-0500] {processor.py:183} INFO - Processing /Users/paulamedina/venv/lib/python3.12/site-packages/airflow/example_dags/example_branch_operator_decorator.py took 0.085 seconds
[2024-05-06T20:59:58.159-0500] {processor.py:161} INFO - Started process (PID=52298) to work on /Users/paulamedina/venv/lib/python3.12/site-packages/airflow/example_dags/example_branch_operator_decorator.py
[2024-05-06T20:59:58.160-0500] {processor.py:830} INFO - Processing file /Users/paulamedina/venv/lib/python3.12/site-packages/airflow/example_dags/example_branch_operator_decorator.py for tasks to queue
[2024-05-06T20:59:58.160-0500] {logging_mixin.py:188} INFO - [2024-05-06T20:59:58.160-0500] {dagbag.py:540} INFO - Filling up the DagBag from /Users/paulamedina/venv/lib/python3.12/site-packages/airflow/example_dags/example_branch_operator_decorator.py
[2024-05-06T20:59:58.180-0500] {processor.py:842} WARNING - No viable dags retrieved from /Users/paulamedina/venv/lib/python3.12/site-packages/airflow/example_dags/example_branch_operator_decorator.py
[2024-05-06T20:59:58.251-0500] {processor.py:183} INFO - Processing /Users/paulamedina/venv/lib/python3.12/site-packages/airflow/example_dags/example_branch_operator_decorator.py took 0.094 seconds
[2024-05-06T21:03:47.721-0500] {processor.py:161} INFO - Started process (PID=53236) to work on /Users/paulamedina/venv/lib/python3.12/site-packages/airflow/example_dags/example_branch_operator_decorator.py
[2024-05-06T21:03:47.722-0500] {processor.py:830} INFO - Processing file /Users/paulamedina/venv/lib/python3.12/site-packages/airflow/example_dags/example_branch_operator_decorator.py for tasks to queue
[2024-05-06T21:03:47.722-0500] {logging_mixin.py:188} INFO - [2024-05-06T21:03:47.722-0500] {dagbag.py:540} INFO - Filling up the DagBag from /Users/paulamedina/venv/lib/python3.12/site-packages/airflow/example_dags/example_branch_operator_decorator.py
[2024-05-06T21:03:47.739-0500] {processor.py:842} WARNING - No viable dags retrieved from /Users/paulamedina/venv/lib/python3.12/site-packages/airflow/example_dags/example_branch_operator_decorator.py
[2024-05-06T21:03:47.800-0500] {processor.py:183} INFO - Processing /Users/paulamedina/venv/lib/python3.12/site-packages/airflow/example_dags/example_branch_operator_decorator.py took 0.081 seconds
[2024-05-06T21:07:09.704-0500] {processor.py:161} INFO - Started process (PID=54045) to work on /Users/paulamedina/venv/lib/python3.12/site-packages/airflow/example_dags/example_branch_operator_decorator.py
[2024-05-06T21:07:09.705-0500] {processor.py:830} INFO - Processing file /Users/paulamedina/venv/lib/python3.12/site-packages/airflow/example_dags/example_branch_operator_decorator.py for tasks to queue
[2024-05-06T21:07:09.705-0500] {logging_mixin.py:188} INFO - [2024-05-06T21:07:09.705-0500] {dagbag.py:540} INFO - Filling up the DagBag from /Users/paulamedina/venv/lib/python3.12/site-packages/airflow/example_dags/example_branch_operator_decorator.py
[2024-05-06T21:07:09.725-0500] {processor.py:842} WARNING - No viable dags retrieved from /Users/paulamedina/venv/lib/python3.12/site-packages/airflow/example_dags/example_branch_operator_decorator.py
[2024-05-06T21:07:09.794-0500] {processor.py:183} INFO - Processing /Users/paulamedina/venv/lib/python3.12/site-packages/airflow/example_dags/example_branch_operator_decorator.py took 0.093 seconds
[2024-05-06T21:10:34.162-0500] {processor.py:161} INFO - Started process (PID=54754) to work on /Users/paulamedina/venv/lib/python3.12/site-packages/airflow/example_dags/example_branch_operator_decorator.py
[2024-05-06T21:10:34.163-0500] {processor.py:830} INFO - Processing file /Users/paulamedina/venv/lib/python3.12/site-packages/airflow/example_dags/example_branch_operator_decorator.py for tasks to queue
[2024-05-06T21:10:34.163-0500] {logging_mixin.py:188} INFO - [2024-05-06T21:10:34.163-0500] {dagbag.py:540} INFO - Filling up the DagBag from /Users/paulamedina/venv/lib/python3.12/site-packages/airflow/example_dags/example_branch_operator_decorator.py
[2024-05-06T21:10:34.181-0500] {processor.py:842} WARNING - No viable dags retrieved from /Users/paulamedina/venv/lib/python3.12/site-packages/airflow/example_dags/example_branch_operator_decorator.py
[2024-05-06T21:10:34.241-0500] {processor.py:183} INFO - Processing /Users/paulamedina/venv/lib/python3.12/site-packages/airflow/example_dags/example_branch_operator_decorator.py took 0.081 seconds
[2024-05-06T21:14:00.402-0500] {processor.py:161} INFO - Started process (PID=55497) to work on /Users/paulamedina/venv/lib/python3.12/site-packages/airflow/example_dags/example_branch_operator_decorator.py
[2024-05-06T21:14:00.403-0500] {processor.py:830} INFO - Processing file /Users/paulamedina/venv/lib/python3.12/site-packages/airflow/example_dags/example_branch_operator_decorator.py for tasks to queue
[2024-05-06T21:14:00.404-0500] {logging_mixin.py:188} INFO - [2024-05-06T21:14:00.403-0500] {dagbag.py:540} INFO - Filling up the DagBag from /Users/paulamedina/venv/lib/python3.12/site-packages/airflow/example_dags/example_branch_operator_decorator.py
[2024-05-06T21:14:00.421-0500] {processor.py:842} WARNING - No viable dags retrieved from /Users/paulamedina/venv/lib/python3.12/site-packages/airflow/example_dags/example_branch_operator_decorator.py
[2024-05-06T21:14:00.486-0500] {processor.py:183} INFO - Processing /Users/paulamedina/venv/lib/python3.12/site-packages/airflow/example_dags/example_branch_operator_decorator.py took 0.086 seconds
[2024-05-06T21:17:29.003-0500] {processor.py:161} INFO - Started process (PID=56225) to work on /Users/paulamedina/venv/lib/python3.12/site-packages/airflow/example_dags/example_branch_operator_decorator.py
[2024-05-06T21:17:29.003-0500] {processor.py:830} INFO - Processing file /Users/paulamedina/venv/lib/python3.12/site-packages/airflow/example_dags/example_branch_operator_decorator.py for tasks to queue
[2024-05-06T21:17:29.004-0500] {logging_mixin.py:188} INFO - [2024-05-06T21:17:29.004-0500] {dagbag.py:540} INFO - Filling up the DagBag from /Users/paulamedina/venv/lib/python3.12/site-packages/airflow/example_dags/example_branch_operator_decorator.py
[2024-05-06T21:17:29.023-0500] {processor.py:842} WARNING - No viable dags retrieved from /Users/paulamedina/venv/lib/python3.12/site-packages/airflow/example_dags/example_branch_operator_decorator.py
[2024-05-06T21:17:29.087-0500] {processor.py:183} INFO - Processing /Users/paulamedina/venv/lib/python3.12/site-packages/airflow/example_dags/example_branch_operator_decorator.py took 0.086 seconds
[2024-05-06T21:21:00.615-0500] {processor.py:161} INFO - Started process (PID=57070) to work on /Users/paulamedina/venv/lib/python3.12/site-packages/airflow/example_dags/example_branch_operator_decorator.py
[2024-05-06T21:21:00.616-0500] {processor.py:830} INFO - Processing file /Users/paulamedina/venv/lib/python3.12/site-packages/airflow/example_dags/example_branch_operator_decorator.py for tasks to queue
[2024-05-06T21:21:00.616-0500] {logging_mixin.py:188} INFO - [2024-05-06T21:21:00.616-0500] {dagbag.py:540} INFO - Filling up the DagBag from /Users/paulamedina/venv/lib/python3.12/site-packages/airflow/example_dags/example_branch_operator_decorator.py
[2024-05-06T21:21:00.634-0500] {processor.py:842} WARNING - No viable dags retrieved from /Users/paulamedina/venv/lib/python3.12/site-packages/airflow/example_dags/example_branch_operator_decorator.py
[2024-05-06T21:21:00.695-0500] {processor.py:183} INFO - Processing /Users/paulamedina/venv/lib/python3.12/site-packages/airflow/example_dags/example_branch_operator_decorator.py took 0.082 seconds
[2024-05-06T21:24:31.037-0500] {processor.py:161} INFO - Started process (PID=57806) to work on /Users/paulamedina/venv/lib/python3.12/site-packages/airflow/example_dags/example_branch_operator_decorator.py
[2024-05-06T21:24:31.038-0500] {processor.py:830} INFO - Processing file /Users/paulamedina/venv/lib/python3.12/site-packages/airflow/example_dags/example_branch_operator_decorator.py for tasks to queue
[2024-05-06T21:24:31.039-0500] {logging_mixin.py:188} INFO - [2024-05-06T21:24:31.038-0500] {dagbag.py:540} INFO - Filling up the DagBag from /Users/paulamedina/venv/lib/python3.12/site-packages/airflow/example_dags/example_branch_operator_decorator.py
[2024-05-06T21:24:31.060-0500] {processor.py:842} WARNING - No viable dags retrieved from /Users/paulamedina/venv/lib/python3.12/site-packages/airflow/example_dags/example_branch_operator_decorator.py
[2024-05-06T21:24:31.126-0500] {processor.py:183} INFO - Processing /Users/paulamedina/venv/lib/python3.12/site-packages/airflow/example_dags/example_branch_operator_decorator.py took 0.091 seconds
[2024-05-06T21:28:02.338-0500] {processor.py:161} INFO - Started process (PID=58560) to work on /Users/paulamedina/venv/lib/python3.12/site-packages/airflow/example_dags/example_branch_operator_decorator.py
[2024-05-06T21:28:02.339-0500] {processor.py:830} INFO - Processing file /Users/paulamedina/venv/lib/python3.12/site-packages/airflow/example_dags/example_branch_operator_decorator.py for tasks to queue
[2024-05-06T21:28:02.340-0500] {logging_mixin.py:188} INFO - [2024-05-06T21:28:02.340-0500] {dagbag.py:540} INFO - Filling up the DagBag from /Users/paulamedina/venv/lib/python3.12/site-packages/airflow/example_dags/example_branch_operator_decorator.py
[2024-05-06T21:28:02.360-0500] {processor.py:842} WARNING - No viable dags retrieved from /Users/paulamedina/venv/lib/python3.12/site-packages/airflow/example_dags/example_branch_operator_decorator.py
[2024-05-06T21:28:02.432-0500] {processor.py:183} INFO - Processing /Users/paulamedina/venv/lib/python3.12/site-packages/airflow/example_dags/example_branch_operator_decorator.py took 0.096 seconds
[2024-05-06T21:32:16.741-0500] {processor.py:161} INFO - Started process (PID=59487) to work on /Users/paulamedina/venv/lib/python3.12/site-packages/airflow/example_dags/example_branch_operator_decorator.py
[2024-05-06T21:32:16.742-0500] {processor.py:830} INFO - Processing file /Users/paulamedina/venv/lib/python3.12/site-packages/airflow/example_dags/example_branch_operator_decorator.py for tasks to queue
[2024-05-06T21:32:16.743-0500] {logging_mixin.py:188} INFO - [2024-05-06T21:32:16.742-0500] {dagbag.py:540} INFO - Filling up the DagBag from /Users/paulamedina/venv/lib/python3.12/site-packages/airflow/example_dags/example_branch_operator_decorator.py
[2024-05-06T21:32:16.766-0500] {processor.py:842} WARNING - No viable dags retrieved from /Users/paulamedina/venv/lib/python3.12/site-packages/airflow/example_dags/example_branch_operator_decorator.py
[2024-05-06T21:32:16.848-0500] {processor.py:183} INFO - Processing /Users/paulamedina/venv/lib/python3.12/site-packages/airflow/example_dags/example_branch_operator_decorator.py took 0.109 seconds
[2024-05-06T21:43:56.486-0500] {processor.py:161} INFO - Started process (PID=62108) to work on /Users/paulamedina/venv/lib/python3.12/site-packages/airflow/example_dags/example_branch_operator_decorator.py
[2024-05-06T21:43:56.487-0500] {processor.py:830} INFO - Processing file /Users/paulamedina/venv/lib/python3.12/site-packages/airflow/example_dags/example_branch_operator_decorator.py for tasks to queue
[2024-05-06T21:43:56.488-0500] {logging_mixin.py:188} INFO - [2024-05-06T21:43:56.488-0500] {dagbag.py:540} INFO - Filling up the DagBag from /Users/paulamedina/venv/lib/python3.12/site-packages/airflow/example_dags/example_branch_operator_decorator.py
[2024-05-06T21:43:56.526-0500] {processor.py:842} WARNING - No viable dags retrieved from /Users/paulamedina/venv/lib/python3.12/site-packages/airflow/example_dags/example_branch_operator_decorator.py
[2024-05-06T21:43:56.615-0500] {processor.py:183} INFO - Processing /Users/paulamedina/venv/lib/python3.12/site-packages/airflow/example_dags/example_branch_operator_decorator.py took 0.133 seconds
[2024-05-06T21:45:09.805-0500] {processor.py:161} INFO - Started process (PID=62405) to work on /Users/paulamedina/venv/lib/python3.12/site-packages/airflow/example_dags/example_branch_operator_decorator.py
[2024-05-06T21:45:09.807-0500] {processor.py:830} INFO - Processing file /Users/paulamedina/venv/lib/python3.12/site-packages/airflow/example_dags/example_branch_operator_decorator.py for tasks to queue
[2024-05-06T21:45:09.808-0500] {logging_mixin.py:188} INFO - [2024-05-06T21:45:09.807-0500] {dagbag.py:540} INFO - Filling up the DagBag from /Users/paulamedina/venv/lib/python3.12/site-packages/airflow/example_dags/example_branch_operator_decorator.py
[2024-05-06T21:45:09.837-0500] {processor.py:842} WARNING - No viable dags retrieved from /Users/paulamedina/venv/lib/python3.12/site-packages/airflow/example_dags/example_branch_operator_decorator.py
[2024-05-06T21:45:09.948-0500] {processor.py:183} INFO - Processing /Users/paulamedina/venv/lib/python3.12/site-packages/airflow/example_dags/example_branch_operator_decorator.py took 0.147 seconds
[2024-05-06T21:46:09.977-0500] {processor.py:161} INFO - Started process (PID=62644) to work on /Users/paulamedina/venv/lib/python3.12/site-packages/airflow/example_dags/example_branch_operator_decorator.py
[2024-05-06T21:46:09.979-0500] {processor.py:830} INFO - Processing file /Users/paulamedina/venv/lib/python3.12/site-packages/airflow/example_dags/example_branch_operator_decorator.py for tasks to queue
[2024-05-06T21:46:09.979-0500] {logging_mixin.py:188} INFO - [2024-05-06T21:46:09.979-0500] {dagbag.py:540} INFO - Filling up the DagBag from /Users/paulamedina/venv/lib/python3.12/site-packages/airflow/example_dags/example_branch_operator_decorator.py
[2024-05-06T21:46:10.007-0500] {processor.py:842} WARNING - No viable dags retrieved from /Users/paulamedina/venv/lib/python3.12/site-packages/airflow/example_dags/example_branch_operator_decorator.py
[2024-05-06T21:46:10.115-0500] {processor.py:183} INFO - Processing /Users/paulamedina/venv/lib/python3.12/site-packages/airflow/example_dags/example_branch_operator_decorator.py took 0.141 seconds
[2024-05-06T21:47:16.104-0500] {processor.py:161} INFO - Started process (PID=62903) to work on /Users/paulamedina/venv/lib/python3.12/site-packages/airflow/example_dags/example_branch_operator_decorator.py
[2024-05-06T21:47:16.106-0500] {processor.py:830} INFO - Processing file /Users/paulamedina/venv/lib/python3.12/site-packages/airflow/example_dags/example_branch_operator_decorator.py for tasks to queue
[2024-05-06T21:47:16.107-0500] {logging_mixin.py:188} INFO - [2024-05-06T21:47:16.107-0500] {dagbag.py:540} INFO - Filling up the DagBag from /Users/paulamedina/venv/lib/python3.12/site-packages/airflow/example_dags/example_branch_operator_decorator.py
[2024-05-06T21:47:16.140-0500] {processor.py:842} WARNING - No viable dags retrieved from /Users/paulamedina/venv/lib/python3.12/site-packages/airflow/example_dags/example_branch_operator_decorator.py
[2024-05-06T21:47:16.263-0500] {processor.py:183} INFO - Processing /Users/paulamedina/venv/lib/python3.12/site-packages/airflow/example_dags/example_branch_operator_decorator.py took 0.163 seconds
[2024-05-06T21:50:43.287-0500] {processor.py:161} INFO - Started process (PID=63767) to work on /Users/paulamedina/venv/lib/python3.12/site-packages/airflow/example_dags/example_branch_operator_decorator.py
[2024-05-06T21:50:43.290-0500] {processor.py:830} INFO - Processing file /Users/paulamedina/venv/lib/python3.12/site-packages/airflow/example_dags/example_branch_operator_decorator.py for tasks to queue
[2024-05-06T21:50:43.292-0500] {logging_mixin.py:188} INFO - [2024-05-06T21:50:43.291-0500] {dagbag.py:540} INFO - Filling up the DagBag from /Users/paulamedina/venv/lib/python3.12/site-packages/airflow/example_dags/example_branch_operator_decorator.py
[2024-05-06T21:50:43.346-0500] {processor.py:842} WARNING - No viable dags retrieved from /Users/paulamedina/venv/lib/python3.12/site-packages/airflow/example_dags/example_branch_operator_decorator.py
[2024-05-06T21:50:43.534-0500] {processor.py:183} INFO - Processing /Users/paulamedina/venv/lib/python3.12/site-packages/airflow/example_dags/example_branch_operator_decorator.py took 0.253 seconds
[2024-05-06T21:52:19.845-0500] {processor.py:161} INFO - Started process (PID=64148) to work on /Users/paulamedina/venv/lib/python3.12/site-packages/airflow/example_dags/example_branch_operator_decorator.py
[2024-05-06T21:52:19.846-0500] {processor.py:830} INFO - Processing file /Users/paulamedina/venv/lib/python3.12/site-packages/airflow/example_dags/example_branch_operator_decorator.py for tasks to queue
[2024-05-06T21:52:19.847-0500] {logging_mixin.py:188} INFO - [2024-05-06T21:52:19.847-0500] {dagbag.py:540} INFO - Filling up the DagBag from /Users/paulamedina/venv/lib/python3.12/site-packages/airflow/example_dags/example_branch_operator_decorator.py
[2024-05-06T21:52:19.878-0500] {processor.py:842} WARNING - No viable dags retrieved from /Users/paulamedina/venv/lib/python3.12/site-packages/airflow/example_dags/example_branch_operator_decorator.py
[2024-05-06T21:52:19.997-0500] {processor.py:183} INFO - Processing /Users/paulamedina/venv/lib/python3.12/site-packages/airflow/example_dags/example_branch_operator_decorator.py took 0.157 seconds
[2024-05-06T21:53:45.814-0500] {processor.py:161} INFO - Started process (PID=64483) to work on /Users/paulamedina/venv/lib/python3.12/site-packages/airflow/example_dags/example_branch_operator_decorator.py
[2024-05-06T21:53:45.816-0500] {processor.py:830} INFO - Processing file /Users/paulamedina/venv/lib/python3.12/site-packages/airflow/example_dags/example_branch_operator_decorator.py for tasks to queue
[2024-05-06T21:53:45.818-0500] {logging_mixin.py:188} INFO - [2024-05-06T21:53:45.817-0500] {dagbag.py:540} INFO - Filling up the DagBag from /Users/paulamedina/venv/lib/python3.12/site-packages/airflow/example_dags/example_branch_operator_decorator.py
[2024-05-06T21:53:45.847-0500] {processor.py:842} WARNING - No viable dags retrieved from /Users/paulamedina/venv/lib/python3.12/site-packages/airflow/example_dags/example_branch_operator_decorator.py
[2024-05-06T21:53:45.954-0500] {processor.py:183} INFO - Processing /Users/paulamedina/venv/lib/python3.12/site-packages/airflow/example_dags/example_branch_operator_decorator.py took 0.144 seconds
[2024-05-06T21:55:06.747-0500] {processor.py:161} INFO - Started process (PID=64811) to work on /Users/paulamedina/venv/lib/python3.12/site-packages/airflow/example_dags/example_branch_operator_decorator.py
[2024-05-06T21:55:06.749-0500] {processor.py:830} INFO - Processing file /Users/paulamedina/venv/lib/python3.12/site-packages/airflow/example_dags/example_branch_operator_decorator.py for tasks to queue
[2024-05-06T21:55:06.750-0500] {logging_mixin.py:188} INFO - [2024-05-06T21:55:06.750-0500] {dagbag.py:540} INFO - Filling up the DagBag from /Users/paulamedina/venv/lib/python3.12/site-packages/airflow/example_dags/example_branch_operator_decorator.py
[2024-05-06T21:55:06.781-0500] {processor.py:842} WARNING - No viable dags retrieved from /Users/paulamedina/venv/lib/python3.12/site-packages/airflow/example_dags/example_branch_operator_decorator.py
[2024-05-06T21:55:06.907-0500] {processor.py:183} INFO - Processing /Users/paulamedina/venv/lib/python3.12/site-packages/airflow/example_dags/example_branch_operator_decorator.py took 0.164 seconds
[2024-05-06T21:56:36.524-0500] {processor.py:161} INFO - Started process (PID=65169) to work on /Users/paulamedina/venv/lib/python3.12/site-packages/airflow/example_dags/example_branch_operator_decorator.py
[2024-05-06T21:56:36.525-0500] {processor.py:830} INFO - Processing file /Users/paulamedina/venv/lib/python3.12/site-packages/airflow/example_dags/example_branch_operator_decorator.py for tasks to queue
[2024-05-06T21:56:36.526-0500] {logging_mixin.py:188} INFO - [2024-05-06T21:56:36.526-0500] {dagbag.py:540} INFO - Filling up the DagBag from /Users/paulamedina/venv/lib/python3.12/site-packages/airflow/example_dags/example_branch_operator_decorator.py
[2024-05-06T21:56:36.558-0500] {processor.py:842} WARNING - No viable dags retrieved from /Users/paulamedina/venv/lib/python3.12/site-packages/airflow/example_dags/example_branch_operator_decorator.py
[2024-05-06T21:56:36.687-0500] {processor.py:183} INFO - Processing /Users/paulamedina/venv/lib/python3.12/site-packages/airflow/example_dags/example_branch_operator_decorator.py took 0.166 seconds
[2024-05-06T21:58:12.545-0500] {processor.py:161} INFO - Started process (PID=65531) to work on /Users/paulamedina/venv/lib/python3.12/site-packages/airflow/example_dags/example_branch_operator_decorator.py
[2024-05-06T21:58:12.547-0500] {processor.py:830} INFO - Processing file /Users/paulamedina/venv/lib/python3.12/site-packages/airflow/example_dags/example_branch_operator_decorator.py for tasks to queue
[2024-05-06T21:58:12.548-0500] {logging_mixin.py:188} INFO - [2024-05-06T21:58:12.548-0500] {dagbag.py:540} INFO - Filling up the DagBag from /Users/paulamedina/venv/lib/python3.12/site-packages/airflow/example_dags/example_branch_operator_decorator.py
[2024-05-06T21:58:12.585-0500] {processor.py:842} WARNING - No viable dags retrieved from /Users/paulamedina/venv/lib/python3.12/site-packages/airflow/example_dags/example_branch_operator_decorator.py
[2024-05-06T21:58:12.712-0500] {processor.py:183} INFO - Processing /Users/paulamedina/venv/lib/python3.12/site-packages/airflow/example_dags/example_branch_operator_decorator.py took 0.171 seconds
[2024-05-06T22:00:10.833-0500] {processor.py:161} INFO - Started process (PID=66131) to work on /Users/paulamedina/venv/lib/python3.12/site-packages/airflow/example_dags/example_branch_operator_decorator.py
[2024-05-06T22:00:10.835-0500] {processor.py:830} INFO - Processing file /Users/paulamedina/venv/lib/python3.12/site-packages/airflow/example_dags/example_branch_operator_decorator.py for tasks to queue
[2024-05-06T22:00:10.836-0500] {logging_mixin.py:188} INFO - [2024-05-06T22:00:10.836-0500] {dagbag.py:540} INFO - Filling up the DagBag from /Users/paulamedina/venv/lib/python3.12/site-packages/airflow/example_dags/example_branch_operator_decorator.py
[2024-05-06T22:00:10.879-0500] {processor.py:842} WARNING - No viable dags retrieved from /Users/paulamedina/venv/lib/python3.12/site-packages/airflow/example_dags/example_branch_operator_decorator.py
[2024-05-06T22:00:11.041-0500] {processor.py:183} INFO - Processing /Users/paulamedina/venv/lib/python3.12/site-packages/airflow/example_dags/example_branch_operator_decorator.py took 0.214 seconds
[2024-05-06T22:01:52.294-0500] {processor.py:161} INFO - Started process (PID=66600) to work on /Users/paulamedina/venv/lib/python3.12/site-packages/airflow/example_dags/example_branch_operator_decorator.py
[2024-05-06T22:01:52.296-0500] {processor.py:830} INFO - Processing file /Users/paulamedina/venv/lib/python3.12/site-packages/airflow/example_dags/example_branch_operator_decorator.py for tasks to queue
[2024-05-06T22:01:52.297-0500] {logging_mixin.py:188} INFO - [2024-05-06T22:01:52.297-0500] {dagbag.py:540} INFO - Filling up the DagBag from /Users/paulamedina/venv/lib/python3.12/site-packages/airflow/example_dags/example_branch_operator_decorator.py
[2024-05-06T22:01:52.329-0500] {processor.py:842} WARNING - No viable dags retrieved from /Users/paulamedina/venv/lib/python3.12/site-packages/airflow/example_dags/example_branch_operator_decorator.py
[2024-05-06T22:01:52.446-0500] {processor.py:183} INFO - Processing /Users/paulamedina/venv/lib/python3.12/site-packages/airflow/example_dags/example_branch_operator_decorator.py took 0.156 seconds
