[2024-05-06T19:02:07.118-0500] {processor.py:161} INFO - Started process (PID=26583) to work on /Users/paulamedina/venv/lib/python3.12/site-packages/airflow/example_dags/example_branch_python_dop_operator_3.py
[2024-05-06T19:02:07.118-0500] {processor.py:830} INFO - Processing file /Users/paulamedina/venv/lib/python3.12/site-packages/airflow/example_dags/example_branch_python_dop_operator_3.py for tasks to queue
[2024-05-06T19:02:07.119-0500] {logging_mixin.py:188} INFO - [2024-05-06T19:02:07.119-0500] {dagbag.py:540} INFO - Filling up the DagBag from /Users/paulamedina/venv/lib/python3.12/site-packages/airflow/example_dags/example_branch_python_dop_operator_3.py
[2024-05-06T19:02:07.150-0500] {processor.py:840} INFO - DAG(s) 'example_branch_dop_operator_v3' retrieved from /Users/paulamedina/venv/lib/python3.12/site-packages/airflow/example_dags/example_branch_python_dop_operator_3.py
[2024-05-06T19:02:07.225-0500] {logging_mixin.py:188} INFO - [2024-05-06T19:02:07.224-0500] {dag.py:3096} INFO - Sync 1 DAGs
[2024-05-06T19:02:07.239-0500] {logging_mixin.py:188} INFO - [2024-05-06T19:02:07.239-0500] {dag.py:3954} INFO - Setting next_dagrun for example_branch_dop_operator_v3 to 2024-05-07 00:01:00+00:00, run_after=2024-05-07 00:02:00+00:00
[2024-05-06T19:02:07.255-0500] {processor.py:183} INFO - Processing /Users/paulamedina/venv/lib/python3.12/site-packages/airflow/example_dags/example_branch_python_dop_operator_3.py took 0.139 seconds
[2024-05-06T19:05:25.471-0500] {processor.py:161} INFO - Started process (PID=27316) to work on /Users/paulamedina/venv/lib/python3.12/site-packages/airflow/example_dags/example_branch_python_dop_operator_3.py
[2024-05-06T19:05:25.472-0500] {processor.py:830} INFO - Processing file /Users/paulamedina/venv/lib/python3.12/site-packages/airflow/example_dags/example_branch_python_dop_operator_3.py for tasks to queue
[2024-05-06T19:05:25.472-0500] {logging_mixin.py:188} INFO - [2024-05-06T19:05:25.472-0500] {dagbag.py:540} INFO - Filling up the DagBag from /Users/paulamedina/venv/lib/python3.12/site-packages/airflow/example_dags/example_branch_python_dop_operator_3.py
[2024-05-06T19:05:25.504-0500] {processor.py:840} INFO - DAG(s) 'example_branch_dop_operator_v3' retrieved from /Users/paulamedina/venv/lib/python3.12/site-packages/airflow/example_dags/example_branch_python_dop_operator_3.py
[2024-05-06T19:05:25.580-0500] {logging_mixin.py:188} INFO - [2024-05-06T19:05:25.580-0500] {dag.py:3096} INFO - Sync 1 DAGs
[2024-05-06T19:05:25.601-0500] {logging_mixin.py:188} INFO - [2024-05-06T19:05:25.601-0500] {dag.py:3954} INFO - Setting next_dagrun for example_branch_dop_operator_v3 to 2024-05-07 00:04:00+00:00, run_after=2024-05-07 00:05:00+00:00
[2024-05-06T19:05:25.625-0500] {processor.py:183} INFO - Processing /Users/paulamedina/venv/lib/python3.12/site-packages/airflow/example_dags/example_branch_python_dop_operator_3.py took 0.156 seconds
[2024-05-06T19:08:49.003-0500] {processor.py:161} INFO - Started process (PID=28048) to work on /Users/paulamedina/venv/lib/python3.12/site-packages/airflow/example_dags/example_branch_python_dop_operator_3.py
[2024-05-06T19:08:49.003-0500] {processor.py:830} INFO - Processing file /Users/paulamedina/venv/lib/python3.12/site-packages/airflow/example_dags/example_branch_python_dop_operator_3.py for tasks to queue
[2024-05-06T19:08:49.004-0500] {logging_mixin.py:188} INFO - [2024-05-06T19:08:49.004-0500] {dagbag.py:540} INFO - Filling up the DagBag from /Users/paulamedina/venv/lib/python3.12/site-packages/airflow/example_dags/example_branch_python_dop_operator_3.py
[2024-05-06T19:08:49.036-0500] {processor.py:840} INFO - DAG(s) 'example_branch_dop_operator_v3' retrieved from /Users/paulamedina/venv/lib/python3.12/site-packages/airflow/example_dags/example_branch_python_dop_operator_3.py
[2024-05-06T19:08:49.111-0500] {logging_mixin.py:188} INFO - [2024-05-06T19:08:49.111-0500] {dag.py:3096} INFO - Sync 1 DAGs
[2024-05-06T19:08:49.126-0500] {logging_mixin.py:188} INFO - [2024-05-06T19:08:49.126-0500] {dag.py:3954} INFO - Setting next_dagrun for example_branch_dop_operator_v3 to 2024-05-07 00:07:00+00:00, run_after=2024-05-07 00:08:00+00:00
[2024-05-06T19:08:49.143-0500] {processor.py:183} INFO - Processing /Users/paulamedina/venv/lib/python3.12/site-packages/airflow/example_dags/example_branch_python_dop_operator_3.py took 0.142 seconds
[2024-05-06T19:12:12.362-0500] {processor.py:161} INFO - Started process (PID=28762) to work on /Users/paulamedina/venv/lib/python3.12/site-packages/airflow/example_dags/example_branch_python_dop_operator_3.py
[2024-05-06T19:12:12.364-0500] {processor.py:830} INFO - Processing file /Users/paulamedina/venv/lib/python3.12/site-packages/airflow/example_dags/example_branch_python_dop_operator_3.py for tasks to queue
[2024-05-06T19:12:12.365-0500] {logging_mixin.py:188} INFO - [2024-05-06T19:12:12.365-0500] {dagbag.py:540} INFO - Filling up the DagBag from /Users/paulamedina/venv/lib/python3.12/site-packages/airflow/example_dags/example_branch_python_dop_operator_3.py
[2024-05-06T19:12:12.424-0500] {processor.py:840} INFO - DAG(s) 'example_branch_dop_operator_v3' retrieved from /Users/paulamedina/venv/lib/python3.12/site-packages/airflow/example_dags/example_branch_python_dop_operator_3.py
[2024-05-06T19:12:12.536-0500] {logging_mixin.py:188} INFO - [2024-05-06T19:12:12.535-0500] {dag.py:3096} INFO - Sync 1 DAGs
[2024-05-06T19:12:12.554-0500] {logging_mixin.py:188} INFO - [2024-05-06T19:12:12.554-0500] {dag.py:3954} INFO - Setting next_dagrun for example_branch_dop_operator_v3 to 2024-05-07 00:11:00+00:00, run_after=2024-05-07 00:12:00+00:00
[2024-05-06T19:12:12.573-0500] {processor.py:183} INFO - Processing /Users/paulamedina/venv/lib/python3.12/site-packages/airflow/example_dags/example_branch_python_dop_operator_3.py took 0.214 seconds
[2024-05-06T19:16:11.196-0500] {processor.py:161} INFO - Started process (PID=29606) to work on /Users/paulamedina/venv/lib/python3.12/site-packages/airflow/example_dags/example_branch_python_dop_operator_3.py
[2024-05-06T19:16:11.197-0500] {processor.py:830} INFO - Processing file /Users/paulamedina/venv/lib/python3.12/site-packages/airflow/example_dags/example_branch_python_dop_operator_3.py for tasks to queue
[2024-05-06T19:16:11.198-0500] {logging_mixin.py:188} INFO - [2024-05-06T19:16:11.197-0500] {dagbag.py:540} INFO - Filling up the DagBag from /Users/paulamedina/venv/lib/python3.12/site-packages/airflow/example_dags/example_branch_python_dop_operator_3.py
[2024-05-06T19:16:11.245-0500] {processor.py:840} INFO - DAG(s) 'example_branch_dop_operator_v3' retrieved from /Users/paulamedina/venv/lib/python3.12/site-packages/airflow/example_dags/example_branch_python_dop_operator_3.py
[2024-05-06T19:16:11.358-0500] {logging_mixin.py:188} INFO - [2024-05-06T19:16:11.358-0500] {dag.py:3096} INFO - Sync 1 DAGs
[2024-05-06T19:16:11.378-0500] {logging_mixin.py:188} INFO - [2024-05-06T19:16:11.378-0500] {dag.py:3954} INFO - Setting next_dagrun for example_branch_dop_operator_v3 to 2024-05-07 00:15:00+00:00, run_after=2024-05-07 00:16:00+00:00
[2024-05-06T19:16:11.403-0500] {processor.py:183} INFO - Processing /Users/paulamedina/venv/lib/python3.12/site-packages/airflow/example_dags/example_branch_python_dop_operator_3.py took 0.223 seconds
[2024-05-06T19:20:49.798-0500] {processor.py:161} INFO - Started process (PID=30664) to work on /Users/paulamedina/venv/lib/python3.12/site-packages/airflow/example_dags/example_branch_python_dop_operator_3.py
[2024-05-06T19:20:49.800-0500] {processor.py:830} INFO - Processing file /Users/paulamedina/venv/lib/python3.12/site-packages/airflow/example_dags/example_branch_python_dop_operator_3.py for tasks to queue
[2024-05-06T19:20:49.801-0500] {logging_mixin.py:188} INFO - [2024-05-06T19:20:49.801-0500] {dagbag.py:540} INFO - Filling up the DagBag from /Users/paulamedina/venv/lib/python3.12/site-packages/airflow/example_dags/example_branch_python_dop_operator_3.py
[2024-05-06T19:20:49.851-0500] {processor.py:840} INFO - DAG(s) 'example_branch_dop_operator_v3' retrieved from /Users/paulamedina/venv/lib/python3.12/site-packages/airflow/example_dags/example_branch_python_dop_operator_3.py
[2024-05-06T19:20:49.969-0500] {logging_mixin.py:188} INFO - [2024-05-06T19:20:49.969-0500] {dag.py:3096} INFO - Sync 1 DAGs
[2024-05-06T19:20:49.991-0500] {logging_mixin.py:188} INFO - [2024-05-06T19:20:49.991-0500] {dag.py:3954} INFO - Setting next_dagrun for example_branch_dop_operator_v3 to 2024-05-07 00:19:00+00:00, run_after=2024-05-07 00:20:00+00:00
[2024-05-06T19:20:50.019-0500] {processor.py:183} INFO - Processing /Users/paulamedina/venv/lib/python3.12/site-packages/airflow/example_dags/example_branch_python_dop_operator_3.py took 0.224 seconds
[2024-05-06T19:25:27.131-0500] {processor.py:161} INFO - Started process (PID=31636) to work on /Users/paulamedina/venv/lib/python3.12/site-packages/airflow/example_dags/example_branch_python_dop_operator_3.py
[2024-05-06T19:25:27.132-0500] {processor.py:830} INFO - Processing file /Users/paulamedina/venv/lib/python3.12/site-packages/airflow/example_dags/example_branch_python_dop_operator_3.py for tasks to queue
[2024-05-06T19:25:27.133-0500] {logging_mixin.py:188} INFO - [2024-05-06T19:25:27.133-0500] {dagbag.py:540} INFO - Filling up the DagBag from /Users/paulamedina/venv/lib/python3.12/site-packages/airflow/example_dags/example_branch_python_dop_operator_3.py
[2024-05-06T19:25:27.179-0500] {processor.py:840} INFO - DAG(s) 'example_branch_dop_operator_v3' retrieved from /Users/paulamedina/venv/lib/python3.12/site-packages/airflow/example_dags/example_branch_python_dop_operator_3.py
[2024-05-06T19:25:27.398-0500] {logging_mixin.py:188} INFO - [2024-05-06T19:25:27.397-0500] {dag.py:3096} INFO - Sync 1 DAGs
[2024-05-06T19:25:27.419-0500] {logging_mixin.py:188} INFO - [2024-05-06T19:25:27.418-0500] {dag.py:3954} INFO - Setting next_dagrun for example_branch_dop_operator_v3 to 2024-05-07 00:24:00+00:00, run_after=2024-05-07 00:25:00+00:00
[2024-05-06T19:25:27.440-0500] {processor.py:183} INFO - Processing /Users/paulamedina/venv/lib/python3.12/site-packages/airflow/example_dags/example_branch_python_dop_operator_3.py took 0.312 seconds
[2024-05-06T19:29:07.556-0500] {processor.py:161} INFO - Started process (PID=32424) to work on /Users/paulamedina/venv/lib/python3.12/site-packages/airflow/example_dags/example_branch_python_dop_operator_3.py
[2024-05-06T19:29:07.556-0500] {processor.py:830} INFO - Processing file /Users/paulamedina/venv/lib/python3.12/site-packages/airflow/example_dags/example_branch_python_dop_operator_3.py for tasks to queue
[2024-05-06T19:29:07.557-0500] {logging_mixin.py:188} INFO - [2024-05-06T19:29:07.557-0500] {dagbag.py:540} INFO - Filling up the DagBag from /Users/paulamedina/venv/lib/python3.12/site-packages/airflow/example_dags/example_branch_python_dop_operator_3.py
[2024-05-06T19:29:07.589-0500] {processor.py:840} INFO - DAG(s) 'example_branch_dop_operator_v3' retrieved from /Users/paulamedina/venv/lib/python3.12/site-packages/airflow/example_dags/example_branch_python_dop_operator_3.py
[2024-05-06T19:29:07.669-0500] {logging_mixin.py:188} INFO - [2024-05-06T19:29:07.669-0500] {dag.py:3096} INFO - Sync 1 DAGs
[2024-05-06T19:29:07.683-0500] {logging_mixin.py:188} INFO - [2024-05-06T19:29:07.683-0500] {dag.py:3954} INFO - Setting next_dagrun for example_branch_dop_operator_v3 to 2024-05-07 00:28:00+00:00, run_after=2024-05-07 00:29:00+00:00
[2024-05-06T19:29:07.698-0500] {processor.py:183} INFO - Processing /Users/paulamedina/venv/lib/python3.12/site-packages/airflow/example_dags/example_branch_python_dop_operator_3.py took 0.145 seconds
[2024-05-06T19:32:35.324-0500] {processor.py:161} INFO - Started process (PID=33178) to work on /Users/paulamedina/venv/lib/python3.12/site-packages/airflow/example_dags/example_branch_python_dop_operator_3.py
[2024-05-06T19:32:35.324-0500] {processor.py:830} INFO - Processing file /Users/paulamedina/venv/lib/python3.12/site-packages/airflow/example_dags/example_branch_python_dop_operator_3.py for tasks to queue
[2024-05-06T19:32:35.325-0500] {logging_mixin.py:188} INFO - [2024-05-06T19:32:35.325-0500] {dagbag.py:540} INFO - Filling up the DagBag from /Users/paulamedina/venv/lib/python3.12/site-packages/airflow/example_dags/example_branch_python_dop_operator_3.py
[2024-05-06T19:32:35.357-0500] {processor.py:840} INFO - DAG(s) 'example_branch_dop_operator_v3' retrieved from /Users/paulamedina/venv/lib/python3.12/site-packages/airflow/example_dags/example_branch_python_dop_operator_3.py
[2024-05-06T19:32:35.430-0500] {logging_mixin.py:188} INFO - [2024-05-06T19:32:35.430-0500] {dag.py:3096} INFO - Sync 1 DAGs
[2024-05-06T19:32:35.444-0500] {logging_mixin.py:188} INFO - [2024-05-06T19:32:35.444-0500] {dag.py:3954} INFO - Setting next_dagrun for example_branch_dop_operator_v3 to 2024-05-07 00:31:00+00:00, run_after=2024-05-07 00:32:00+00:00
[2024-05-06T19:32:35.460-0500] {processor.py:183} INFO - Processing /Users/paulamedina/venv/lib/python3.12/site-packages/airflow/example_dags/example_branch_python_dop_operator_3.py took 0.138 seconds
[2024-05-06T19:36:04.411-0500] {processor.py:161} INFO - Started process (PID=34018) to work on /Users/paulamedina/venv/lib/python3.12/site-packages/airflow/example_dags/example_branch_python_dop_operator_3.py
[2024-05-06T19:36:04.412-0500] {processor.py:830} INFO - Processing file /Users/paulamedina/venv/lib/python3.12/site-packages/airflow/example_dags/example_branch_python_dop_operator_3.py for tasks to queue
[2024-05-06T19:36:04.413-0500] {logging_mixin.py:188} INFO - [2024-05-06T19:36:04.412-0500] {dagbag.py:540} INFO - Filling up the DagBag from /Users/paulamedina/venv/lib/python3.12/site-packages/airflow/example_dags/example_branch_python_dop_operator_3.py
[2024-05-06T19:36:04.444-0500] {processor.py:840} INFO - DAG(s) 'example_branch_dop_operator_v3' retrieved from /Users/paulamedina/venv/lib/python3.12/site-packages/airflow/example_dags/example_branch_python_dop_operator_3.py
[2024-05-06T19:36:04.520-0500] {logging_mixin.py:188} INFO - [2024-05-06T19:36:04.520-0500] {dag.py:3096} INFO - Sync 1 DAGs
[2024-05-06T19:36:04.535-0500] {logging_mixin.py:188} INFO - [2024-05-06T19:36:04.535-0500] {dag.py:3954} INFO - Setting next_dagrun for example_branch_dop_operator_v3 to 2024-05-07 00:35:00+00:00, run_after=2024-05-07 00:36:00+00:00
[2024-05-06T19:36:04.551-0500] {processor.py:183} INFO - Processing /Users/paulamedina/venv/lib/python3.12/site-packages/airflow/example_dags/example_branch_python_dop_operator_3.py took 0.142 seconds
[2024-05-06T19:39:23.480-0500] {processor.py:161} INFO - Started process (PID=34722) to work on /Users/paulamedina/venv/lib/python3.12/site-packages/airflow/example_dags/example_branch_python_dop_operator_3.py
[2024-05-06T19:39:23.480-0500] {processor.py:830} INFO - Processing file /Users/paulamedina/venv/lib/python3.12/site-packages/airflow/example_dags/example_branch_python_dop_operator_3.py for tasks to queue
[2024-05-06T19:39:23.481-0500] {logging_mixin.py:188} INFO - [2024-05-06T19:39:23.481-0500] {dagbag.py:540} INFO - Filling up the DagBag from /Users/paulamedina/venv/lib/python3.12/site-packages/airflow/example_dags/example_branch_python_dop_operator_3.py
[2024-05-06T19:39:23.520-0500] {processor.py:840} INFO - DAG(s) 'example_branch_dop_operator_v3' retrieved from /Users/paulamedina/venv/lib/python3.12/site-packages/airflow/example_dags/example_branch_python_dop_operator_3.py
[2024-05-06T19:39:23.599-0500] {logging_mixin.py:188} INFO - [2024-05-06T19:39:23.599-0500] {dag.py:3096} INFO - Sync 1 DAGs
[2024-05-06T19:39:23.613-0500] {logging_mixin.py:188} INFO - [2024-05-06T19:39:23.613-0500] {dag.py:3954} INFO - Setting next_dagrun for example_branch_dop_operator_v3 to 2024-05-07 00:38:00+00:00, run_after=2024-05-07 00:39:00+00:00
[2024-05-06T19:39:23.629-0500] {processor.py:183} INFO - Processing /Users/paulamedina/venv/lib/python3.12/site-packages/airflow/example_dags/example_branch_python_dop_operator_3.py took 0.151 seconds
[2024-05-06T19:42:37.444-0500] {processor.py:161} INFO - Started process (PID=35410) to work on /Users/paulamedina/venv/lib/python3.12/site-packages/airflow/example_dags/example_branch_python_dop_operator_3.py
[2024-05-06T19:42:37.445-0500] {processor.py:830} INFO - Processing file /Users/paulamedina/venv/lib/python3.12/site-packages/airflow/example_dags/example_branch_python_dop_operator_3.py for tasks to queue
[2024-05-06T19:42:37.446-0500] {logging_mixin.py:188} INFO - [2024-05-06T19:42:37.445-0500] {dagbag.py:540} INFO - Filling up the DagBag from /Users/paulamedina/venv/lib/python3.12/site-packages/airflow/example_dags/example_branch_python_dop_operator_3.py
[2024-05-06T19:42:37.482-0500] {processor.py:840} INFO - DAG(s) 'example_branch_dop_operator_v3' retrieved from /Users/paulamedina/venv/lib/python3.12/site-packages/airflow/example_dags/example_branch_python_dop_operator_3.py
[2024-05-06T19:42:37.565-0500] {logging_mixin.py:188} INFO - [2024-05-06T19:42:37.565-0500] {dag.py:3096} INFO - Sync 1 DAGs
[2024-05-06T19:42:37.581-0500] {logging_mixin.py:188} INFO - [2024-05-06T19:42:37.581-0500] {dag.py:3954} INFO - Setting next_dagrun for example_branch_dop_operator_v3 to 2024-05-07 00:41:00+00:00, run_after=2024-05-07 00:42:00+00:00
[2024-05-06T19:42:37.597-0500] {processor.py:183} INFO - Processing /Users/paulamedina/venv/lib/python3.12/site-packages/airflow/example_dags/example_branch_python_dop_operator_3.py took 0.155 seconds
[2024-05-06T19:46:07.214-0500] {processor.py:161} INFO - Started process (PID=36161) to work on /Users/paulamedina/venv/lib/python3.12/site-packages/airflow/example_dags/example_branch_python_dop_operator_3.py
[2024-05-06T19:46:07.215-0500] {processor.py:830} INFO - Processing file /Users/paulamedina/venv/lib/python3.12/site-packages/airflow/example_dags/example_branch_python_dop_operator_3.py for tasks to queue
[2024-05-06T19:46:07.216-0500] {logging_mixin.py:188} INFO - [2024-05-06T19:46:07.215-0500] {dagbag.py:540} INFO - Filling up the DagBag from /Users/paulamedina/venv/lib/python3.12/site-packages/airflow/example_dags/example_branch_python_dop_operator_3.py
[2024-05-06T19:46:07.253-0500] {processor.py:840} INFO - DAG(s) 'example_branch_dop_operator_v3' retrieved from /Users/paulamedina/venv/lib/python3.12/site-packages/airflow/example_dags/example_branch_python_dop_operator_3.py
[2024-05-06T19:46:07.344-0500] {logging_mixin.py:188} INFO - [2024-05-06T19:46:07.343-0500] {dag.py:3096} INFO - Sync 1 DAGs
[2024-05-06T19:46:07.360-0500] {logging_mixin.py:188} INFO - [2024-05-06T19:46:07.360-0500] {dag.py:3954} INFO - Setting next_dagrun for example_branch_dop_operator_v3 to 2024-05-07 00:45:00+00:00, run_after=2024-05-07 00:46:00+00:00
[2024-05-06T19:46:07.381-0500] {processor.py:183} INFO - Processing /Users/paulamedina/venv/lib/python3.12/site-packages/airflow/example_dags/example_branch_python_dop_operator_3.py took 0.170 seconds
[2024-05-06T19:49:33.709-0500] {processor.py:161} INFO - Started process (PID=36891) to work on /Users/paulamedina/venv/lib/python3.12/site-packages/airflow/example_dags/example_branch_python_dop_operator_3.py
[2024-05-06T19:49:33.710-0500] {processor.py:830} INFO - Processing file /Users/paulamedina/venv/lib/python3.12/site-packages/airflow/example_dags/example_branch_python_dop_operator_3.py for tasks to queue
[2024-05-06T19:49:33.711-0500] {logging_mixin.py:188} INFO - [2024-05-06T19:49:33.711-0500] {dagbag.py:540} INFO - Filling up the DagBag from /Users/paulamedina/venv/lib/python3.12/site-packages/airflow/example_dags/example_branch_python_dop_operator_3.py
[2024-05-06T19:49:33.748-0500] {processor.py:840} INFO - DAG(s) 'example_branch_dop_operator_v3' retrieved from /Users/paulamedina/venv/lib/python3.12/site-packages/airflow/example_dags/example_branch_python_dop_operator_3.py
[2024-05-06T19:49:33.835-0500] {logging_mixin.py:188} INFO - [2024-05-06T19:49:33.834-0500] {dag.py:3096} INFO - Sync 1 DAGs
[2024-05-06T19:49:33.850-0500] {logging_mixin.py:188} INFO - [2024-05-06T19:49:33.850-0500] {dag.py:3954} INFO - Setting next_dagrun for example_branch_dop_operator_v3 to 2024-05-07 00:48:00+00:00, run_after=2024-05-07 00:49:00+00:00
[2024-05-06T19:49:33.867-0500] {processor.py:183} INFO - Processing /Users/paulamedina/venv/lib/python3.12/site-packages/airflow/example_dags/example_branch_python_dop_operator_3.py took 0.160 seconds
[2024-05-06T19:53:04.505-0500] {processor.py:161} INFO - Started process (PID=37723) to work on /Users/paulamedina/venv/lib/python3.12/site-packages/airflow/example_dags/example_branch_python_dop_operator_3.py
[2024-05-06T19:53:04.505-0500] {processor.py:830} INFO - Processing file /Users/paulamedina/venv/lib/python3.12/site-packages/airflow/example_dags/example_branch_python_dop_operator_3.py for tasks to queue
[2024-05-06T19:53:04.506-0500] {logging_mixin.py:188} INFO - [2024-05-06T19:53:04.506-0500] {dagbag.py:540} INFO - Filling up the DagBag from /Users/paulamedina/venv/lib/python3.12/site-packages/airflow/example_dags/example_branch_python_dop_operator_3.py
[2024-05-06T19:53:04.537-0500] {processor.py:840} INFO - DAG(s) 'example_branch_dop_operator_v3' retrieved from /Users/paulamedina/venv/lib/python3.12/site-packages/airflow/example_dags/example_branch_python_dop_operator_3.py
[2024-05-06T19:53:04.611-0500] {logging_mixin.py:188} INFO - [2024-05-06T19:53:04.611-0500] {dag.py:3096} INFO - Sync 1 DAGs
[2024-05-06T19:53:04.625-0500] {logging_mixin.py:188} INFO - [2024-05-06T19:53:04.625-0500] {dag.py:3954} INFO - Setting next_dagrun for example_branch_dop_operator_v3 to 2024-05-07 00:52:00+00:00, run_after=2024-05-07 00:53:00+00:00
[2024-05-06T19:53:04.640-0500] {processor.py:183} INFO - Processing /Users/paulamedina/venv/lib/python3.12/site-packages/airflow/example_dags/example_branch_python_dop_operator_3.py took 0.138 seconds
[2024-05-06T19:56:30.653-0500] {processor.py:161} INFO - Started process (PID=38463) to work on /Users/paulamedina/venv/lib/python3.12/site-packages/airflow/example_dags/example_branch_python_dop_operator_3.py
[2024-05-06T19:56:30.654-0500] {processor.py:830} INFO - Processing file /Users/paulamedina/venv/lib/python3.12/site-packages/airflow/example_dags/example_branch_python_dop_operator_3.py for tasks to queue
[2024-05-06T19:56:30.654-0500] {logging_mixin.py:188} INFO - [2024-05-06T19:56:30.654-0500] {dagbag.py:540} INFO - Filling up the DagBag from /Users/paulamedina/venv/lib/python3.12/site-packages/airflow/example_dags/example_branch_python_dop_operator_3.py
[2024-05-06T19:56:30.686-0500] {processor.py:840} INFO - DAG(s) 'example_branch_dop_operator_v3' retrieved from /Users/paulamedina/venv/lib/python3.12/site-packages/airflow/example_dags/example_branch_python_dop_operator_3.py
[2024-05-06T19:56:30.762-0500] {logging_mixin.py:188} INFO - [2024-05-06T19:56:30.762-0500] {dag.py:3096} INFO - Sync 1 DAGs
[2024-05-06T19:56:30.776-0500] {logging_mixin.py:188} INFO - [2024-05-06T19:56:30.776-0500] {dag.py:3954} INFO - Setting next_dagrun for example_branch_dop_operator_v3 to 2024-05-07 00:55:00+00:00, run_after=2024-05-07 00:56:00+00:00
[2024-05-06T19:56:30.790-0500] {processor.py:183} INFO - Processing /Users/paulamedina/venv/lib/python3.12/site-packages/airflow/example_dags/example_branch_python_dop_operator_3.py took 0.139 seconds
[2024-05-06T20:00:02.256-0500] {processor.py:161} INFO - Started process (PID=39213) to work on /Users/paulamedina/venv/lib/python3.12/site-packages/airflow/example_dags/example_branch_python_dop_operator_3.py
[2024-05-06T20:00:02.257-0500] {processor.py:830} INFO - Processing file /Users/paulamedina/venv/lib/python3.12/site-packages/airflow/example_dags/example_branch_python_dop_operator_3.py for tasks to queue
[2024-05-06T20:00:02.257-0500] {logging_mixin.py:188} INFO - [2024-05-06T20:00:02.257-0500] {dagbag.py:540} INFO - Filling up the DagBag from /Users/paulamedina/venv/lib/python3.12/site-packages/airflow/example_dags/example_branch_python_dop_operator_3.py
[2024-05-06T20:00:02.296-0500] {processor.py:840} INFO - DAG(s) 'example_branch_dop_operator_v3' retrieved from /Users/paulamedina/venv/lib/python3.12/site-packages/airflow/example_dags/example_branch_python_dop_operator_3.py
[2024-05-06T20:00:02.381-0500] {logging_mixin.py:188} INFO - [2024-05-06T20:00:02.380-0500] {dag.py:3096} INFO - Sync 1 DAGs
[2024-05-06T20:00:02.397-0500] {logging_mixin.py:188} INFO - [2024-05-06T20:00:02.397-0500] {dag.py:3954} INFO - Setting next_dagrun for example_branch_dop_operator_v3 to 2024-05-07 00:59:00+00:00, run_after=2024-05-07 01:00:00+00:00
[2024-05-06T20:00:02.414-0500] {processor.py:183} INFO - Processing /Users/paulamedina/venv/lib/python3.12/site-packages/airflow/example_dags/example_branch_python_dop_operator_3.py took 0.161 seconds
[2024-05-06T20:03:39.224-0500] {processor.py:161} INFO - Started process (PID=40031) to work on /Users/paulamedina/venv/lib/python3.12/site-packages/airflow/example_dags/example_branch_python_dop_operator_3.py
[2024-05-06T20:03:39.225-0500] {processor.py:830} INFO - Processing file /Users/paulamedina/venv/lib/python3.12/site-packages/airflow/example_dags/example_branch_python_dop_operator_3.py for tasks to queue
[2024-05-06T20:03:39.225-0500] {logging_mixin.py:188} INFO - [2024-05-06T20:03:39.225-0500] {dagbag.py:540} INFO - Filling up the DagBag from /Users/paulamedina/venv/lib/python3.12/site-packages/airflow/example_dags/example_branch_python_dop_operator_3.py
[2024-05-06T20:03:39.256-0500] {processor.py:840} INFO - DAG(s) 'example_branch_dop_operator_v3' retrieved from /Users/paulamedina/venv/lib/python3.12/site-packages/airflow/example_dags/example_branch_python_dop_operator_3.py
[2024-05-06T20:03:39.330-0500] {logging_mixin.py:188} INFO - [2024-05-06T20:03:39.330-0500] {dag.py:3096} INFO - Sync 1 DAGs
[2024-05-06T20:03:39.344-0500] {logging_mixin.py:188} INFO - [2024-05-06T20:03:39.344-0500] {dag.py:3954} INFO - Setting next_dagrun for example_branch_dop_operator_v3 to 2024-05-07 01:02:00+00:00, run_after=2024-05-07 01:03:00+00:00
[2024-05-06T20:03:39.359-0500] {processor.py:183} INFO - Processing /Users/paulamedina/venv/lib/python3.12/site-packages/airflow/example_dags/example_branch_python_dop_operator_3.py took 0.137 seconds
[2024-05-06T20:07:11.126-0500] {processor.py:161} INFO - Started process (PID=40783) to work on /Users/paulamedina/venv/lib/python3.12/site-packages/airflow/example_dags/example_branch_python_dop_operator_3.py
[2024-05-06T20:07:11.127-0500] {processor.py:830} INFO - Processing file /Users/paulamedina/venv/lib/python3.12/site-packages/airflow/example_dags/example_branch_python_dop_operator_3.py for tasks to queue
[2024-05-06T20:07:11.127-0500] {logging_mixin.py:188} INFO - [2024-05-06T20:07:11.127-0500] {dagbag.py:540} INFO - Filling up the DagBag from /Users/paulamedina/venv/lib/python3.12/site-packages/airflow/example_dags/example_branch_python_dop_operator_3.py
[2024-05-06T20:07:11.158-0500] {processor.py:840} INFO - DAG(s) 'example_branch_dop_operator_v3' retrieved from /Users/paulamedina/venv/lib/python3.12/site-packages/airflow/example_dags/example_branch_python_dop_operator_3.py
[2024-05-06T20:07:11.234-0500] {logging_mixin.py:188} INFO - [2024-05-06T20:07:11.233-0500] {dag.py:3096} INFO - Sync 1 DAGs
[2024-05-06T20:07:11.248-0500] {logging_mixin.py:188} INFO - [2024-05-06T20:07:11.247-0500] {dag.py:3954} INFO - Setting next_dagrun for example_branch_dop_operator_v3 to 2024-05-07 01:06:00+00:00, run_after=2024-05-07 01:07:00+00:00
[2024-05-06T20:07:11.263-0500] {processor.py:183} INFO - Processing /Users/paulamedina/venv/lib/python3.12/site-packages/airflow/example_dags/example_branch_python_dop_operator_3.py took 0.139 seconds
[2024-05-06T20:10:34.948-0500] {processor.py:161} INFO - Started process (PID=41599) to work on /Users/paulamedina/venv/lib/python3.12/site-packages/airflow/example_dags/example_branch_python_dop_operator_3.py
[2024-05-06T20:10:34.949-0500] {processor.py:830} INFO - Processing file /Users/paulamedina/venv/lib/python3.12/site-packages/airflow/example_dags/example_branch_python_dop_operator_3.py for tasks to queue
[2024-05-06T20:10:34.949-0500] {logging_mixin.py:188} INFO - [2024-05-06T20:10:34.949-0500] {dagbag.py:540} INFO - Filling up the DagBag from /Users/paulamedina/venv/lib/python3.12/site-packages/airflow/example_dags/example_branch_python_dop_operator_3.py
[2024-05-06T20:10:34.987-0500] {processor.py:840} INFO - DAG(s) 'example_branch_dop_operator_v3' retrieved from /Users/paulamedina/venv/lib/python3.12/site-packages/airflow/example_dags/example_branch_python_dop_operator_3.py
[2024-05-06T20:10:35.073-0500] {logging_mixin.py:188} INFO - [2024-05-06T20:10:35.073-0500] {dag.py:3096} INFO - Sync 1 DAGs
[2024-05-06T20:10:35.090-0500] {logging_mixin.py:188} INFO - [2024-05-06T20:10:35.090-0500] {dag.py:3954} INFO - Setting next_dagrun for example_branch_dop_operator_v3 to 2024-05-07 01:09:00+00:00, run_after=2024-05-07 01:10:00+00:00
[2024-05-06T20:10:35.107-0500] {processor.py:183} INFO - Processing /Users/paulamedina/venv/lib/python3.12/site-packages/airflow/example_dags/example_branch_python_dop_operator_3.py took 0.162 seconds
[2024-05-06T20:13:50.076-0500] {processor.py:161} INFO - Started process (PID=42290) to work on /Users/paulamedina/venv/lib/python3.12/site-packages/airflow/example_dags/example_branch_python_dop_operator_3.py
[2024-05-06T20:13:50.077-0500] {processor.py:830} INFO - Processing file /Users/paulamedina/venv/lib/python3.12/site-packages/airflow/example_dags/example_branch_python_dop_operator_3.py for tasks to queue
[2024-05-06T20:13:50.077-0500] {logging_mixin.py:188} INFO - [2024-05-06T20:13:50.077-0500] {dagbag.py:540} INFO - Filling up the DagBag from /Users/paulamedina/venv/lib/python3.12/site-packages/airflow/example_dags/example_branch_python_dop_operator_3.py
[2024-05-06T20:13:50.109-0500] {processor.py:840} INFO - DAG(s) 'example_branch_dop_operator_v3' retrieved from /Users/paulamedina/venv/lib/python3.12/site-packages/airflow/example_dags/example_branch_python_dop_operator_3.py
[2024-05-06T20:13:50.190-0500] {logging_mixin.py:188} INFO - [2024-05-06T20:13:50.190-0500] {dag.py:3096} INFO - Sync 1 DAGs
[2024-05-06T20:13:50.204-0500] {logging_mixin.py:188} INFO - [2024-05-06T20:13:50.204-0500] {dag.py:3954} INFO - Setting next_dagrun for example_branch_dop_operator_v3 to 2024-05-07 01:12:00+00:00, run_after=2024-05-07 01:13:00+00:00
[2024-05-06T20:13:50.221-0500] {processor.py:183} INFO - Processing /Users/paulamedina/venv/lib/python3.12/site-packages/airflow/example_dags/example_branch_python_dop_operator_3.py took 0.148 seconds
[2024-05-06T20:17:13.277-0500] {processor.py:161} INFO - Started process (PID=43005) to work on /Users/paulamedina/venv/lib/python3.12/site-packages/airflow/example_dags/example_branch_python_dop_operator_3.py
[2024-05-06T20:17:13.277-0500] {processor.py:830} INFO - Processing file /Users/paulamedina/venv/lib/python3.12/site-packages/airflow/example_dags/example_branch_python_dop_operator_3.py for tasks to queue
[2024-05-06T20:17:13.278-0500] {logging_mixin.py:188} INFO - [2024-05-06T20:17:13.278-0500] {dagbag.py:540} INFO - Filling up the DagBag from /Users/paulamedina/venv/lib/python3.12/site-packages/airflow/example_dags/example_branch_python_dop_operator_3.py
[2024-05-06T20:17:13.310-0500] {processor.py:840} INFO - DAG(s) 'example_branch_dop_operator_v3' retrieved from /Users/paulamedina/venv/lib/python3.12/site-packages/airflow/example_dags/example_branch_python_dop_operator_3.py
[2024-05-06T20:17:13.391-0500] {logging_mixin.py:188} INFO - [2024-05-06T20:17:13.391-0500] {dag.py:3096} INFO - Sync 1 DAGs
[2024-05-06T20:17:13.405-0500] {logging_mixin.py:188} INFO - [2024-05-06T20:17:13.405-0500] {dag.py:3954} INFO - Setting next_dagrun for example_branch_dop_operator_v3 to 2024-05-07 01:16:00+00:00, run_after=2024-05-07 01:17:00+00:00
[2024-05-06T20:17:13.421-0500] {processor.py:183} INFO - Processing /Users/paulamedina/venv/lib/python3.12/site-packages/airflow/example_dags/example_branch_python_dop_operator_3.py took 0.146 seconds
[2024-05-06T20:20:41.469-0500] {processor.py:161} INFO - Started process (PID=43737) to work on /Users/paulamedina/venv/lib/python3.12/site-packages/airflow/example_dags/example_branch_python_dop_operator_3.py
[2024-05-06T20:20:41.470-0500] {processor.py:830} INFO - Processing file /Users/paulamedina/venv/lib/python3.12/site-packages/airflow/example_dags/example_branch_python_dop_operator_3.py for tasks to queue
[2024-05-06T20:20:41.471-0500] {logging_mixin.py:188} INFO - [2024-05-06T20:20:41.470-0500] {dagbag.py:540} INFO - Filling up the DagBag from /Users/paulamedina/venv/lib/python3.12/site-packages/airflow/example_dags/example_branch_python_dop_operator_3.py
[2024-05-06T20:20:41.508-0500] {processor.py:840} INFO - DAG(s) 'example_branch_dop_operator_v3' retrieved from /Users/paulamedina/venv/lib/python3.12/site-packages/airflow/example_dags/example_branch_python_dop_operator_3.py
[2024-05-06T20:20:41.593-0500] {logging_mixin.py:188} INFO - [2024-05-06T20:20:41.592-0500] {dag.py:3096} INFO - Sync 1 DAGs
[2024-05-06T20:20:41.609-0500] {logging_mixin.py:188} INFO - [2024-05-06T20:20:41.609-0500] {dag.py:3954} INFO - Setting next_dagrun for example_branch_dop_operator_v3 to 2024-05-07 01:19:00+00:00, run_after=2024-05-07 01:20:00+00:00
[2024-05-06T20:20:41.626-0500] {processor.py:183} INFO - Processing /Users/paulamedina/venv/lib/python3.12/site-packages/airflow/example_dags/example_branch_python_dop_operator_3.py took 0.159 seconds
[2024-05-06T20:24:06.916-0500] {processor.py:161} INFO - Started process (PID=44472) to work on /Users/paulamedina/venv/lib/python3.12/site-packages/airflow/example_dags/example_branch_python_dop_operator_3.py
[2024-05-06T20:24:06.917-0500] {processor.py:830} INFO - Processing file /Users/paulamedina/venv/lib/python3.12/site-packages/airflow/example_dags/example_branch_python_dop_operator_3.py for tasks to queue
[2024-05-06T20:24:06.917-0500] {logging_mixin.py:188} INFO - [2024-05-06T20:24:06.917-0500] {dagbag.py:540} INFO - Filling up the DagBag from /Users/paulamedina/venv/lib/python3.12/site-packages/airflow/example_dags/example_branch_python_dop_operator_3.py
[2024-05-06T20:24:06.949-0500] {processor.py:840} INFO - DAG(s) 'example_branch_dop_operator_v3' retrieved from /Users/paulamedina/venv/lib/python3.12/site-packages/airflow/example_dags/example_branch_python_dop_operator_3.py
[2024-05-06T20:24:07.022-0500] {logging_mixin.py:188} INFO - [2024-05-06T20:24:07.022-0500] {dag.py:3096} INFO - Sync 1 DAGs
[2024-05-06T20:24:07.036-0500] {logging_mixin.py:188} INFO - [2024-05-06T20:24:07.036-0500] {dag.py:3954} INFO - Setting next_dagrun for example_branch_dop_operator_v3 to 2024-05-07 01:23:00+00:00, run_after=2024-05-07 01:24:00+00:00
[2024-05-06T20:24:07.050-0500] {processor.py:183} INFO - Processing /Users/paulamedina/venv/lib/python3.12/site-packages/airflow/example_dags/example_branch_python_dop_operator_3.py took 0.136 seconds
[2024-05-06T20:27:32.844-0500] {processor.py:161} INFO - Started process (PID=45203) to work on /Users/paulamedina/venv/lib/python3.12/site-packages/airflow/example_dags/example_branch_python_dop_operator_3.py
[2024-05-06T20:27:32.845-0500] {processor.py:830} INFO - Processing file /Users/paulamedina/venv/lib/python3.12/site-packages/airflow/example_dags/example_branch_python_dop_operator_3.py for tasks to queue
[2024-05-06T20:27:32.845-0500] {logging_mixin.py:188} INFO - [2024-05-06T20:27:32.845-0500] {dagbag.py:540} INFO - Filling up the DagBag from /Users/paulamedina/venv/lib/python3.12/site-packages/airflow/example_dags/example_branch_python_dop_operator_3.py
[2024-05-06T20:27:32.876-0500] {processor.py:840} INFO - DAG(s) 'example_branch_dop_operator_v3' retrieved from /Users/paulamedina/venv/lib/python3.12/site-packages/airflow/example_dags/example_branch_python_dop_operator_3.py
[2024-05-06T20:27:32.951-0500] {logging_mixin.py:188} INFO - [2024-05-06T20:27:32.951-0500] {dag.py:3096} INFO - Sync 1 DAGs
[2024-05-06T20:27:32.964-0500] {logging_mixin.py:188} INFO - [2024-05-06T20:27:32.964-0500] {dag.py:3954} INFO - Setting next_dagrun for example_branch_dop_operator_v3 to 2024-05-07 01:26:00+00:00, run_after=2024-05-07 01:27:00+00:00
[2024-05-06T20:27:32.982-0500] {processor.py:183} INFO - Processing /Users/paulamedina/venv/lib/python3.12/site-packages/airflow/example_dags/example_branch_python_dop_operator_3.py took 0.140 seconds
[2024-05-06T20:30:57.646-0500] {processor.py:161} INFO - Started process (PID=46040) to work on /Users/paulamedina/venv/lib/python3.12/site-packages/airflow/example_dags/example_branch_python_dop_operator_3.py
[2024-05-06T20:30:57.646-0500] {processor.py:830} INFO - Processing file /Users/paulamedina/venv/lib/python3.12/site-packages/airflow/example_dags/example_branch_python_dop_operator_3.py for tasks to queue
[2024-05-06T20:30:57.647-0500] {logging_mixin.py:188} INFO - [2024-05-06T20:30:57.647-0500] {dagbag.py:540} INFO - Filling up the DagBag from /Users/paulamedina/venv/lib/python3.12/site-packages/airflow/example_dags/example_branch_python_dop_operator_3.py
[2024-05-06T20:30:57.685-0500] {processor.py:840} INFO - DAG(s) 'example_branch_dop_operator_v3' retrieved from /Users/paulamedina/venv/lib/python3.12/site-packages/airflow/example_dags/example_branch_python_dop_operator_3.py
[2024-05-06T20:30:57.770-0500] {logging_mixin.py:188} INFO - [2024-05-06T20:30:57.770-0500] {dag.py:3096} INFO - Sync 1 DAGs
[2024-05-06T20:30:57.786-0500] {logging_mixin.py:188} INFO - [2024-05-06T20:30:57.786-0500] {dag.py:3954} INFO - Setting next_dagrun for example_branch_dop_operator_v3 to 2024-05-07 01:29:00+00:00, run_after=2024-05-07 01:30:00+00:00
[2024-05-06T20:30:57.802-0500] {processor.py:183} INFO - Processing /Users/paulamedina/venv/lib/python3.12/site-packages/airflow/example_dags/example_branch_python_dop_operator_3.py took 0.159 seconds
[2024-05-06T20:34:21.205-0500] {processor.py:161} INFO - Started process (PID=46762) to work on /Users/paulamedina/venv/lib/python3.12/site-packages/airflow/example_dags/example_branch_python_dop_operator_3.py
[2024-05-06T20:34:21.205-0500] {processor.py:830} INFO - Processing file /Users/paulamedina/venv/lib/python3.12/site-packages/airflow/example_dags/example_branch_python_dop_operator_3.py for tasks to queue
[2024-05-06T20:34:21.206-0500] {logging_mixin.py:188} INFO - [2024-05-06T20:34:21.206-0500] {dagbag.py:540} INFO - Filling up the DagBag from /Users/paulamedina/venv/lib/python3.12/site-packages/airflow/example_dags/example_branch_python_dop_operator_3.py
[2024-05-06T20:34:21.242-0500] {processor.py:840} INFO - DAG(s) 'example_branch_dop_operator_v3' retrieved from /Users/paulamedina/venv/lib/python3.12/site-packages/airflow/example_dags/example_branch_python_dop_operator_3.py
[2024-05-06T20:34:21.327-0500] {logging_mixin.py:188} INFO - [2024-05-06T20:34:21.327-0500] {dag.py:3096} INFO - Sync 1 DAGs
[2024-05-06T20:34:21.343-0500] {logging_mixin.py:188} INFO - [2024-05-06T20:34:21.343-0500] {dag.py:3954} INFO - Setting next_dagrun for example_branch_dop_operator_v3 to 2024-05-07 01:33:00+00:00, run_after=2024-05-07 01:34:00+00:00
[2024-05-06T20:34:21.360-0500] {processor.py:183} INFO - Processing /Users/paulamedina/venv/lib/python3.12/site-packages/airflow/example_dags/example_branch_python_dop_operator_3.py took 0.158 seconds
[2024-05-06T20:37:35.769-0500] {processor.py:161} INFO - Started process (PID=47454) to work on /Users/paulamedina/venv/lib/python3.12/site-packages/airflow/example_dags/example_branch_python_dop_operator_3.py
[2024-05-06T20:37:35.770-0500] {processor.py:830} INFO - Processing file /Users/paulamedina/venv/lib/python3.12/site-packages/airflow/example_dags/example_branch_python_dop_operator_3.py for tasks to queue
[2024-05-06T20:37:35.771-0500] {logging_mixin.py:188} INFO - [2024-05-06T20:37:35.771-0500] {dagbag.py:540} INFO - Filling up the DagBag from /Users/paulamedina/venv/lib/python3.12/site-packages/airflow/example_dags/example_branch_python_dop_operator_3.py
[2024-05-06T20:37:35.808-0500] {processor.py:840} INFO - DAG(s) 'example_branch_dop_operator_v3' retrieved from /Users/paulamedina/venv/lib/python3.12/site-packages/airflow/example_dags/example_branch_python_dop_operator_3.py
[2024-05-06T20:37:35.894-0500] {logging_mixin.py:188} INFO - [2024-05-06T20:37:35.893-0500] {dag.py:3096} INFO - Sync 1 DAGs
[2024-05-06T20:37:35.910-0500] {logging_mixin.py:188} INFO - [2024-05-06T20:37:35.910-0500] {dag.py:3954} INFO - Setting next_dagrun for example_branch_dop_operator_v3 to 2024-05-07 01:36:00+00:00, run_after=2024-05-07 01:37:00+00:00
[2024-05-06T20:37:35.927-0500] {processor.py:183} INFO - Processing /Users/paulamedina/venv/lib/python3.12/site-packages/airflow/example_dags/example_branch_python_dop_operator_3.py took 0.160 seconds
[2024-05-06T20:41:03.707-0500] {processor.py:161} INFO - Started process (PID=48188) to work on /Users/paulamedina/venv/lib/python3.12/site-packages/airflow/example_dags/example_branch_python_dop_operator_3.py
[2024-05-06T20:41:03.708-0500] {processor.py:830} INFO - Processing file /Users/paulamedina/venv/lib/python3.12/site-packages/airflow/example_dags/example_branch_python_dop_operator_3.py for tasks to queue
[2024-05-06T20:41:03.709-0500] {logging_mixin.py:188} INFO - [2024-05-06T20:41:03.708-0500] {dagbag.py:540} INFO - Filling up the DagBag from /Users/paulamedina/venv/lib/python3.12/site-packages/airflow/example_dags/example_branch_python_dop_operator_3.py
[2024-05-06T20:41:03.741-0500] {processor.py:840} INFO - DAG(s) 'example_branch_dop_operator_v3' retrieved from /Users/paulamedina/venv/lib/python3.12/site-packages/airflow/example_dags/example_branch_python_dop_operator_3.py
[2024-05-06T20:41:03.814-0500] {logging_mixin.py:188} INFO - [2024-05-06T20:41:03.814-0500] {dag.py:3096} INFO - Sync 1 DAGs
[2024-05-06T20:41:03.828-0500] {logging_mixin.py:188} INFO - [2024-05-06T20:41:03.828-0500] {dag.py:3954} INFO - Setting next_dagrun for example_branch_dop_operator_v3 to 2024-05-07 01:40:00+00:00, run_after=2024-05-07 01:41:00+00:00
[2024-05-06T20:41:03.843-0500] {processor.py:183} INFO - Processing /Users/paulamedina/venv/lib/python3.12/site-packages/airflow/example_dags/example_branch_python_dop_operator_3.py took 0.137 seconds
[2024-05-06T20:44:28.398-0500] {processor.py:161} INFO - Started process (PID=48925) to work on /Users/paulamedina/venv/lib/python3.12/site-packages/airflow/example_dags/example_branch_python_dop_operator_3.py
[2024-05-06T20:44:28.398-0500] {processor.py:830} INFO - Processing file /Users/paulamedina/venv/lib/python3.12/site-packages/airflow/example_dags/example_branch_python_dop_operator_3.py for tasks to queue
[2024-05-06T20:44:28.399-0500] {logging_mixin.py:188} INFO - [2024-05-06T20:44:28.399-0500] {dagbag.py:540} INFO - Filling up the DagBag from /Users/paulamedina/venv/lib/python3.12/site-packages/airflow/example_dags/example_branch_python_dop_operator_3.py
[2024-05-06T20:44:28.431-0500] {processor.py:840} INFO - DAG(s) 'example_branch_dop_operator_v3' retrieved from /Users/paulamedina/venv/lib/python3.12/site-packages/airflow/example_dags/example_branch_python_dop_operator_3.py
[2024-05-06T20:44:28.506-0500] {logging_mixin.py:188} INFO - [2024-05-06T20:44:28.505-0500] {dag.py:3096} INFO - Sync 1 DAGs
[2024-05-06T20:44:28.519-0500] {logging_mixin.py:188} INFO - [2024-05-06T20:44:28.519-0500] {dag.py:3954} INFO - Setting next_dagrun for example_branch_dop_operator_v3 to 2024-05-07 01:43:00+00:00, run_after=2024-05-07 01:44:00+00:00
[2024-05-06T20:44:28.534-0500] {processor.py:183} INFO - Processing /Users/paulamedina/venv/lib/python3.12/site-packages/airflow/example_dags/example_branch_python_dop_operator_3.py took 0.138 seconds
[2024-05-06T20:47:58.783-0500] {processor.py:161} INFO - Started process (PID=49750) to work on /Users/paulamedina/venv/lib/python3.12/site-packages/airflow/example_dags/example_branch_python_dop_operator_3.py
[2024-05-06T20:47:58.783-0500] {processor.py:830} INFO - Processing file /Users/paulamedina/venv/lib/python3.12/site-packages/airflow/example_dags/example_branch_python_dop_operator_3.py for tasks to queue
[2024-05-06T20:47:58.784-0500] {logging_mixin.py:188} INFO - [2024-05-06T20:47:58.784-0500] {dagbag.py:540} INFO - Filling up the DagBag from /Users/paulamedina/venv/lib/python3.12/site-packages/airflow/example_dags/example_branch_python_dop_operator_3.py
[2024-05-06T20:47:58.815-0500] {processor.py:840} INFO - DAG(s) 'example_branch_dop_operator_v3' retrieved from /Users/paulamedina/venv/lib/python3.12/site-packages/airflow/example_dags/example_branch_python_dop_operator_3.py
[2024-05-06T20:47:58.891-0500] {logging_mixin.py:188} INFO - [2024-05-06T20:47:58.891-0500] {dag.py:3096} INFO - Sync 1 DAGs
[2024-05-06T20:47:58.905-0500] {logging_mixin.py:188} INFO - [2024-05-06T20:47:58.905-0500] {dag.py:3954} INFO - Setting next_dagrun for example_branch_dop_operator_v3 to 2024-05-07 01:46:00+00:00, run_after=2024-05-07 01:47:00+00:00
[2024-05-06T20:47:58.925-0500] {processor.py:183} INFO - Processing /Users/paulamedina/venv/lib/python3.12/site-packages/airflow/example_dags/example_branch_python_dop_operator_3.py took 0.145 seconds
[2024-05-06T20:51:27.913-0500] {processor.py:161} INFO - Started process (PID=50497) to work on /Users/paulamedina/venv/lib/python3.12/site-packages/airflow/example_dags/example_branch_python_dop_operator_3.py
[2024-05-06T20:51:27.913-0500] {processor.py:830} INFO - Processing file /Users/paulamedina/venv/lib/python3.12/site-packages/airflow/example_dags/example_branch_python_dop_operator_3.py for tasks to queue
[2024-05-06T20:51:27.914-0500] {logging_mixin.py:188} INFO - [2024-05-06T20:51:27.914-0500] {dagbag.py:540} INFO - Filling up the DagBag from /Users/paulamedina/venv/lib/python3.12/site-packages/airflow/example_dags/example_branch_python_dop_operator_3.py
[2024-05-06T20:51:27.947-0500] {processor.py:840} INFO - DAG(s) 'example_branch_dop_operator_v3' retrieved from /Users/paulamedina/venv/lib/python3.12/site-packages/airflow/example_dags/example_branch_python_dop_operator_3.py
[2024-05-06T20:51:28.021-0500] {logging_mixin.py:188} INFO - [2024-05-06T20:51:28.020-0500] {dag.py:3096} INFO - Sync 1 DAGs
[2024-05-06T20:51:28.034-0500] {logging_mixin.py:188} INFO - [2024-05-06T20:51:28.034-0500] {dag.py:3954} INFO - Setting next_dagrun for example_branch_dop_operator_v3 to 2024-05-07 01:50:00+00:00, run_after=2024-05-07 01:51:00+00:00
[2024-05-06T20:51:28.049-0500] {processor.py:183} INFO - Processing /Users/paulamedina/venv/lib/python3.12/site-packages/airflow/example_dags/example_branch_python_dop_operator_3.py took 0.138 seconds
[2024-05-06T20:54:56.994-0500] {processor.py:161} INFO - Started process (PID=51229) to work on /Users/paulamedina/venv/lib/python3.12/site-packages/airflow/example_dags/example_branch_python_dop_operator_3.py
[2024-05-06T20:54:56.995-0500] {processor.py:830} INFO - Processing file /Users/paulamedina/venv/lib/python3.12/site-packages/airflow/example_dags/example_branch_python_dop_operator_3.py for tasks to queue
[2024-05-06T20:54:56.996-0500] {logging_mixin.py:188} INFO - [2024-05-06T20:54:56.996-0500] {dagbag.py:540} INFO - Filling up the DagBag from /Users/paulamedina/venv/lib/python3.12/site-packages/airflow/example_dags/example_branch_python_dop_operator_3.py
[2024-05-06T20:54:57.033-0500] {processor.py:840} INFO - DAG(s) 'example_branch_dop_operator_v3' retrieved from /Users/paulamedina/venv/lib/python3.12/site-packages/airflow/example_dags/example_branch_python_dop_operator_3.py
[2024-05-06T20:54:57.123-0500] {logging_mixin.py:188} INFO - [2024-05-06T20:54:57.122-0500] {dag.py:3096} INFO - Sync 1 DAGs
[2024-05-06T20:54:57.140-0500] {logging_mixin.py:188} INFO - [2024-05-06T20:54:57.140-0500] {dag.py:3954} INFO - Setting next_dagrun for example_branch_dop_operator_v3 to 2024-05-07 01:53:00+00:00, run_after=2024-05-07 01:54:00+00:00
[2024-05-06T20:54:57.158-0500] {processor.py:183} INFO - Processing /Users/paulamedina/venv/lib/python3.12/site-packages/airflow/example_dags/example_branch_python_dop_operator_3.py took 0.166 seconds
[2024-05-06T20:58:25.087-0500] {processor.py:161} INFO - Started process (PID=51962) to work on /Users/paulamedina/venv/lib/python3.12/site-packages/airflow/example_dags/example_branch_python_dop_operator_3.py
[2024-05-06T20:58:25.088-0500] {processor.py:830} INFO - Processing file /Users/paulamedina/venv/lib/python3.12/site-packages/airflow/example_dags/example_branch_python_dop_operator_3.py for tasks to queue
[2024-05-06T20:58:25.088-0500] {logging_mixin.py:188} INFO - [2024-05-06T20:58:25.088-0500] {dagbag.py:540} INFO - Filling up the DagBag from /Users/paulamedina/venv/lib/python3.12/site-packages/airflow/example_dags/example_branch_python_dop_operator_3.py
[2024-05-06T20:58:25.121-0500] {processor.py:840} INFO - DAG(s) 'example_branch_dop_operator_v3' retrieved from /Users/paulamedina/venv/lib/python3.12/site-packages/airflow/example_dags/example_branch_python_dop_operator_3.py
[2024-05-06T20:58:25.196-0500] {logging_mixin.py:188} INFO - [2024-05-06T20:58:25.196-0500] {dag.py:3096} INFO - Sync 1 DAGs
[2024-05-06T20:58:25.209-0500] {logging_mixin.py:188} INFO - [2024-05-06T20:58:25.209-0500] {dag.py:3954} INFO - Setting next_dagrun for example_branch_dop_operator_v3 to 2024-05-07 01:57:00+00:00, run_after=2024-05-07 01:58:00+00:00
[2024-05-06T20:58:25.224-0500] {processor.py:183} INFO - Processing /Users/paulamedina/venv/lib/python3.12/site-packages/airflow/example_dags/example_branch_python_dop_operator_3.py took 0.139 seconds
[2024-05-06T21:02:20.717-0500] {processor.py:161} INFO - Started process (PID=52898) to work on /Users/paulamedina/venv/lib/python3.12/site-packages/airflow/example_dags/example_branch_python_dop_operator_3.py
[2024-05-06T21:02:20.718-0500] {processor.py:830} INFO - Processing file /Users/paulamedina/venv/lib/python3.12/site-packages/airflow/example_dags/example_branch_python_dop_operator_3.py for tasks to queue
[2024-05-06T21:02:20.719-0500] {logging_mixin.py:188} INFO - [2024-05-06T21:02:20.719-0500] {dagbag.py:540} INFO - Filling up the DagBag from /Users/paulamedina/venv/lib/python3.12/site-packages/airflow/example_dags/example_branch_python_dop_operator_3.py
[2024-05-06T21:02:20.756-0500] {processor.py:840} INFO - DAG(s) 'example_branch_dop_operator_v3' retrieved from /Users/paulamedina/venv/lib/python3.12/site-packages/airflow/example_dags/example_branch_python_dop_operator_3.py
[2024-05-06T21:02:20.842-0500] {logging_mixin.py:188} INFO - [2024-05-06T21:02:20.842-0500] {dag.py:3096} INFO - Sync 1 DAGs
[2024-05-06T21:02:20.858-0500] {logging_mixin.py:188} INFO - [2024-05-06T21:02:20.858-0500] {dag.py:3954} INFO - Setting next_dagrun for example_branch_dop_operator_v3 to 2024-05-07 02:01:00+00:00, run_after=2024-05-07 02:02:00+00:00
[2024-05-06T21:02:20.876-0500] {processor.py:183} INFO - Processing /Users/paulamedina/venv/lib/python3.12/site-packages/airflow/example_dags/example_branch_python_dop_operator_3.py took 0.161 seconds
[2024-05-06T21:05:45.736-0500] {processor.py:161} INFO - Started process (PID=53745) to work on /Users/paulamedina/venv/lib/python3.12/site-packages/airflow/example_dags/example_branch_python_dop_operator_3.py
[2024-05-06T21:05:45.737-0500] {processor.py:830} INFO - Processing file /Users/paulamedina/venv/lib/python3.12/site-packages/airflow/example_dags/example_branch_python_dop_operator_3.py for tasks to queue
[2024-05-06T21:05:45.738-0500] {logging_mixin.py:188} INFO - [2024-05-06T21:05:45.737-0500] {dagbag.py:540} INFO - Filling up the DagBag from /Users/paulamedina/venv/lib/python3.12/site-packages/airflow/example_dags/example_branch_python_dop_operator_3.py
[2024-05-06T21:05:45.775-0500] {processor.py:840} INFO - DAG(s) 'example_branch_dop_operator_v3' retrieved from /Users/paulamedina/venv/lib/python3.12/site-packages/airflow/example_dags/example_branch_python_dop_operator_3.py
[2024-05-06T21:05:45.860-0500] {logging_mixin.py:188} INFO - [2024-05-06T21:05:45.860-0500] {dag.py:3096} INFO - Sync 1 DAGs
[2024-05-06T21:05:45.876-0500] {logging_mixin.py:188} INFO - [2024-05-06T21:05:45.876-0500] {dag.py:3954} INFO - Setting next_dagrun for example_branch_dop_operator_v3 to 2024-05-07 02:04:00+00:00, run_after=2024-05-07 02:05:00+00:00
[2024-05-06T21:05:45.893-0500] {processor.py:183} INFO - Processing /Users/paulamedina/venv/lib/python3.12/site-packages/airflow/example_dags/example_branch_python_dop_operator_3.py took 0.159 seconds
[2024-05-06T21:09:06.624-0500] {processor.py:161} INFO - Started process (PID=54453) to work on /Users/paulamedina/venv/lib/python3.12/site-packages/airflow/example_dags/example_branch_python_dop_operator_3.py
[2024-05-06T21:09:06.625-0500] {processor.py:830} INFO - Processing file /Users/paulamedina/venv/lib/python3.12/site-packages/airflow/example_dags/example_branch_python_dop_operator_3.py for tasks to queue
[2024-05-06T21:09:06.625-0500] {logging_mixin.py:188} INFO - [2024-05-06T21:09:06.625-0500] {dagbag.py:540} INFO - Filling up the DagBag from /Users/paulamedina/venv/lib/python3.12/site-packages/airflow/example_dags/example_branch_python_dop_operator_3.py
[2024-05-06T21:09:06.656-0500] {processor.py:840} INFO - DAG(s) 'example_branch_dop_operator_v3' retrieved from /Users/paulamedina/venv/lib/python3.12/site-packages/airflow/example_dags/example_branch_python_dop_operator_3.py
[2024-05-06T21:09:06.730-0500] {logging_mixin.py:188} INFO - [2024-05-06T21:09:06.730-0500] {dag.py:3096} INFO - Sync 1 DAGs
[2024-05-06T21:09:06.744-0500] {logging_mixin.py:188} INFO - [2024-05-06T21:09:06.744-0500] {dag.py:3954} INFO - Setting next_dagrun for example_branch_dop_operator_v3 to 2024-05-07 02:08:00+00:00, run_after=2024-05-07 02:09:00+00:00
[2024-05-06T21:09:06.759-0500] {processor.py:183} INFO - Processing /Users/paulamedina/venv/lib/python3.12/site-packages/airflow/example_dags/example_branch_python_dop_operator_3.py took 0.137 seconds
[2024-05-06T21:12:31.005-0500] {processor.py:161} INFO - Started process (PID=55176) to work on /Users/paulamedina/venv/lib/python3.12/site-packages/airflow/example_dags/example_branch_python_dop_operator_3.py
[2024-05-06T21:12:31.006-0500] {processor.py:830} INFO - Processing file /Users/paulamedina/venv/lib/python3.12/site-packages/airflow/example_dags/example_branch_python_dop_operator_3.py for tasks to queue
[2024-05-06T21:12:31.006-0500] {logging_mixin.py:188} INFO - [2024-05-06T21:12:31.006-0500] {dagbag.py:540} INFO - Filling up the DagBag from /Users/paulamedina/venv/lib/python3.12/site-packages/airflow/example_dags/example_branch_python_dop_operator_3.py
[2024-05-06T21:12:31.038-0500] {processor.py:840} INFO - DAG(s) 'example_branch_dop_operator_v3' retrieved from /Users/paulamedina/venv/lib/python3.12/site-packages/airflow/example_dags/example_branch_python_dop_operator_3.py
[2024-05-06T21:12:31.113-0500] {logging_mixin.py:188} INFO - [2024-05-06T21:12:31.113-0500] {dag.py:3096} INFO - Sync 1 DAGs
[2024-05-06T21:12:31.127-0500] {logging_mixin.py:188} INFO - [2024-05-06T21:12:31.126-0500] {dag.py:3954} INFO - Setting next_dagrun for example_branch_dop_operator_v3 to 2024-05-07 02:11:00+00:00, run_after=2024-05-07 02:12:00+00:00
[2024-05-06T21:12:31.142-0500] {processor.py:183} INFO - Processing /Users/paulamedina/venv/lib/python3.12/site-packages/airflow/example_dags/example_branch_python_dop_operator_3.py took 0.139 seconds
[2024-05-06T21:15:57.042-0500] {processor.py:161} INFO - Started process (PID=55911) to work on /Users/paulamedina/venv/lib/python3.12/site-packages/airflow/example_dags/example_branch_python_dop_operator_3.py
[2024-05-06T21:15:57.043-0500] {processor.py:830} INFO - Processing file /Users/paulamedina/venv/lib/python3.12/site-packages/airflow/example_dags/example_branch_python_dop_operator_3.py for tasks to queue
[2024-05-06T21:15:57.044-0500] {logging_mixin.py:188} INFO - [2024-05-06T21:15:57.043-0500] {dagbag.py:540} INFO - Filling up the DagBag from /Users/paulamedina/venv/lib/python3.12/site-packages/airflow/example_dags/example_branch_python_dop_operator_3.py
[2024-05-06T21:15:57.080-0500] {processor.py:840} INFO - DAG(s) 'example_branch_dop_operator_v3' retrieved from /Users/paulamedina/venv/lib/python3.12/site-packages/airflow/example_dags/example_branch_python_dop_operator_3.py
[2024-05-06T21:15:57.166-0500] {logging_mixin.py:188} INFO - [2024-05-06T21:15:57.166-0500] {dag.py:3096} INFO - Sync 1 DAGs
[2024-05-06T21:15:57.182-0500] {logging_mixin.py:188} INFO - [2024-05-06T21:15:57.182-0500] {dag.py:3954} INFO - Setting next_dagrun for example_branch_dop_operator_v3 to 2024-05-07 02:14:00+00:00, run_after=2024-05-07 02:15:00+00:00
[2024-05-06T21:15:57.199-0500] {processor.py:183} INFO - Processing /Users/paulamedina/venv/lib/python3.12/site-packages/airflow/example_dags/example_branch_python_dop_operator_3.py took 0.159 seconds
[2024-05-06T21:19:29.970-0500] {processor.py:161} INFO - Started process (PID=56653) to work on /Users/paulamedina/venv/lib/python3.12/site-packages/airflow/example_dags/example_branch_python_dop_operator_3.py
[2024-05-06T21:19:29.971-0500] {processor.py:830} INFO - Processing file /Users/paulamedina/venv/lib/python3.12/site-packages/airflow/example_dags/example_branch_python_dop_operator_3.py for tasks to queue
[2024-05-06T21:19:29.971-0500] {logging_mixin.py:188} INFO - [2024-05-06T21:19:29.971-0500] {dagbag.py:540} INFO - Filling up the DagBag from /Users/paulamedina/venv/lib/python3.12/site-packages/airflow/example_dags/example_branch_python_dop_operator_3.py
[2024-05-06T21:19:30.003-0500] {processor.py:840} INFO - DAG(s) 'example_branch_dop_operator_v3' retrieved from /Users/paulamedina/venv/lib/python3.12/site-packages/airflow/example_dags/example_branch_python_dop_operator_3.py
[2024-05-06T21:19:30.076-0500] {logging_mixin.py:188} INFO - [2024-05-06T21:19:30.076-0500] {dag.py:3096} INFO - Sync 1 DAGs
[2024-05-06T21:19:30.090-0500] {logging_mixin.py:188} INFO - [2024-05-06T21:19:30.090-0500] {dag.py:3954} INFO - Setting next_dagrun for example_branch_dop_operator_v3 to 2024-05-07 02:18:00+00:00, run_after=2024-05-07 02:19:00+00:00
[2024-05-06T21:19:30.106-0500] {processor.py:183} INFO - Processing /Users/paulamedina/venv/lib/python3.12/site-packages/airflow/example_dags/example_branch_python_dop_operator_3.py took 0.138 seconds
[2024-05-06T21:23:01.645-0500] {processor.py:161} INFO - Started process (PID=57498) to work on /Users/paulamedina/venv/lib/python3.12/site-packages/airflow/example_dags/example_branch_python_dop_operator_3.py
[2024-05-06T21:23:01.646-0500] {processor.py:830} INFO - Processing file /Users/paulamedina/venv/lib/python3.12/site-packages/airflow/example_dags/example_branch_python_dop_operator_3.py for tasks to queue
[2024-05-06T21:23:01.647-0500] {logging_mixin.py:188} INFO - [2024-05-06T21:23:01.646-0500] {dagbag.py:540} INFO - Filling up the DagBag from /Users/paulamedina/venv/lib/python3.12/site-packages/airflow/example_dags/example_branch_python_dop_operator_3.py
[2024-05-06T21:23:01.679-0500] {processor.py:840} INFO - DAG(s) 'example_branch_dop_operator_v3' retrieved from /Users/paulamedina/venv/lib/python3.12/site-packages/airflow/example_dags/example_branch_python_dop_operator_3.py
[2024-05-06T21:23:01.752-0500] {logging_mixin.py:188} INFO - [2024-05-06T21:23:01.752-0500] {dag.py:3096} INFO - Sync 1 DAGs
[2024-05-06T21:23:01.766-0500] {logging_mixin.py:188} INFO - [2024-05-06T21:23:01.765-0500] {dag.py:3954} INFO - Setting next_dagrun for example_branch_dop_operator_v3 to 2024-05-07 02:22:00+00:00, run_after=2024-05-07 02:23:00+00:00
[2024-05-06T21:23:01.781-0500] {processor.py:183} INFO - Processing /Users/paulamedina/venv/lib/python3.12/site-packages/airflow/example_dags/example_branch_python_dop_operator_3.py took 0.138 seconds
[2024-05-06T21:26:32.980-0500] {processor.py:161} INFO - Started process (PID=58239) to work on /Users/paulamedina/venv/lib/python3.12/site-packages/airflow/example_dags/example_branch_python_dop_operator_3.py
[2024-05-06T21:26:32.981-0500] {processor.py:830} INFO - Processing file /Users/paulamedina/venv/lib/python3.12/site-packages/airflow/example_dags/example_branch_python_dop_operator_3.py for tasks to queue
[2024-05-06T21:26:32.981-0500] {logging_mixin.py:188} INFO - [2024-05-06T21:26:32.981-0500] {dagbag.py:540} INFO - Filling up the DagBag from /Users/paulamedina/venv/lib/python3.12/site-packages/airflow/example_dags/example_branch_python_dop_operator_3.py
[2024-05-06T21:26:33.012-0500] {processor.py:840} INFO - DAG(s) 'example_branch_dop_operator_v3' retrieved from /Users/paulamedina/venv/lib/python3.12/site-packages/airflow/example_dags/example_branch_python_dop_operator_3.py
[2024-05-06T21:26:33.087-0500] {logging_mixin.py:188} INFO - [2024-05-06T21:26:33.087-0500] {dag.py:3096} INFO - Sync 1 DAGs
[2024-05-06T21:26:33.102-0500] {logging_mixin.py:188} INFO - [2024-05-06T21:26:33.101-0500] {dag.py:3954} INFO - Setting next_dagrun for example_branch_dop_operator_v3 to 2024-05-07 02:25:00+00:00, run_after=2024-05-07 02:26:00+00:00
[2024-05-06T21:26:33.117-0500] {processor.py:183} INFO - Processing /Users/paulamedina/venv/lib/python3.12/site-packages/airflow/example_dags/example_branch_python_dop_operator_3.py took 0.139 seconds
[2024-05-06T21:30:19.064-0500] {processor.py:161} INFO - Started process (PID=59055) to work on /Users/paulamedina/venv/lib/python3.12/site-packages/airflow/example_dags/example_branch_python_dop_operator_3.py
[2024-05-06T21:30:19.065-0500] {processor.py:830} INFO - Processing file /Users/paulamedina/venv/lib/python3.12/site-packages/airflow/example_dags/example_branch_python_dop_operator_3.py for tasks to queue
[2024-05-06T21:30:19.067-0500] {logging_mixin.py:188} INFO - [2024-05-06T21:30:19.066-0500] {dagbag.py:540} INFO - Filling up the DagBag from /Users/paulamedina/venv/lib/python3.12/site-packages/airflow/example_dags/example_branch_python_dop_operator_3.py
[2024-05-06T21:30:19.146-0500] {processor.py:840} INFO - DAG(s) 'example_branch_dop_operator_v3' retrieved from /Users/paulamedina/venv/lib/python3.12/site-packages/airflow/example_dags/example_branch_python_dop_operator_3.py
[2024-05-06T21:30:19.337-0500] {logging_mixin.py:188} INFO - [2024-05-06T21:30:19.336-0500] {dag.py:3096} INFO - Sync 1 DAGs
[2024-05-06T21:30:19.374-0500] {logging_mixin.py:188} INFO - [2024-05-06T21:30:19.373-0500] {dag.py:3954} INFO - Setting next_dagrun for example_branch_dop_operator_v3 to 2024-05-07 02:29:00+00:00, run_after=2024-05-07 02:30:00+00:00
[2024-05-06T21:30:19.410-0500] {processor.py:183} INFO - Processing /Users/paulamedina/venv/lib/python3.12/site-packages/airflow/example_dags/example_branch_python_dop_operator_3.py took 0.351 seconds
[2024-05-06T21:37:01.726-0500] {processor.py:161} INFO - Started process (PID=60563) to work on /Users/paulamedina/venv/lib/python3.12/site-packages/airflow/example_dags/example_branch_python_dop_operator_3.py
[2024-05-06T21:37:01.728-0500] {processor.py:830} INFO - Processing file /Users/paulamedina/venv/lib/python3.12/site-packages/airflow/example_dags/example_branch_python_dop_operator_3.py for tasks to queue
[2024-05-06T21:37:01.729-0500] {logging_mixin.py:188} INFO - [2024-05-06T21:37:01.728-0500] {dagbag.py:540} INFO - Filling up the DagBag from /Users/paulamedina/venv/lib/python3.12/site-packages/airflow/example_dags/example_branch_python_dop_operator_3.py
[2024-05-06T21:37:01.771-0500] {processor.py:840} INFO - DAG(s) 'example_branch_dop_operator_v3' retrieved from /Users/paulamedina/venv/lib/python3.12/site-packages/airflow/example_dags/example_branch_python_dop_operator_3.py
[2024-05-06T21:37:01.931-0500] {logging_mixin.py:188} INFO - [2024-05-06T21:37:01.931-0500] {dag.py:3096} INFO - Sync 1 DAGs
[2024-05-06T21:37:01.949-0500] {logging_mixin.py:188} INFO - [2024-05-06T21:37:01.949-0500] {dag.py:3954} INFO - Setting next_dagrun for example_branch_dop_operator_v3 to 2024-05-07 02:36:00+00:00, run_after=2024-05-07 02:37:00+00:00
[2024-05-06T21:37:01.967-0500] {processor.py:183} INFO - Processing /Users/paulamedina/venv/lib/python3.12/site-packages/airflow/example_dags/example_branch_python_dop_operator_3.py took 0.243 seconds
[2024-05-06T21:43:55.818-0500] {processor.py:161} INFO - Started process (PID=62101) to work on /Users/paulamedina/venv/lib/python3.12/site-packages/airflow/example_dags/example_branch_python_dop_operator_3.py
[2024-05-06T21:43:55.820-0500] {processor.py:830} INFO - Processing file /Users/paulamedina/venv/lib/python3.12/site-packages/airflow/example_dags/example_branch_python_dop_operator_3.py for tasks to queue
[2024-05-06T21:43:55.821-0500] {logging_mixin.py:188} INFO - [2024-05-06T21:43:55.821-0500] {dagbag.py:540} INFO - Filling up the DagBag from /Users/paulamedina/venv/lib/python3.12/site-packages/airflow/example_dags/example_branch_python_dop_operator_3.py
[2024-05-06T21:43:55.879-0500] {processor.py:840} INFO - DAG(s) 'example_branch_dop_operator_v3' retrieved from /Users/paulamedina/venv/lib/python3.12/site-packages/airflow/example_dags/example_branch_python_dop_operator_3.py
[2024-05-06T21:43:56.107-0500] {logging_mixin.py:188} INFO - [2024-05-06T21:43:56.107-0500] {override.py:1829} INFO - Created Permission View: can delete on DAG:example_branch_dop_operator_v3
[2024-05-06T21:43:56.118-0500] {logging_mixin.py:188} INFO - [2024-05-06T21:43:56.117-0500] {override.py:1829} INFO - Created Permission View: can edit on DAG:example_branch_dop_operator_v3
[2024-05-06T21:43:56.124-0500] {logging_mixin.py:188} INFO - [2024-05-06T21:43:56.124-0500] {override.py:1829} INFO - Created Permission View: can read on DAG:example_branch_dop_operator_v3
[2024-05-06T21:43:56.126-0500] {logging_mixin.py:188} INFO - [2024-05-06T21:43:56.125-0500] {dag.py:3096} INFO - Sync 1 DAGs
[2024-05-06T21:43:56.141-0500] {logging_mixin.py:188} INFO - [2024-05-06T21:43:56.141-0500] {dag.py:3118} INFO - Creating ORM DAG for example_branch_dop_operator_v3
[2024-05-06T21:43:56.158-0500] {logging_mixin.py:188} INFO - [2024-05-06T21:43:56.157-0500] {dag.py:3954} INFO - Setting next_dagrun for example_branch_dop_operator_v3 to 2024-05-07 02:42:00+00:00, run_after=2024-05-07 02:43:00+00:00
[2024-05-06T21:43:56.176-0500] {processor.py:183} INFO - Processing /Users/paulamedina/venv/lib/python3.12/site-packages/airflow/example_dags/example_branch_python_dop_operator_3.py took 0.363 seconds
[2024-05-06T21:45:08.540-0500] {processor.py:161} INFO - Started process (PID=62398) to work on /Users/paulamedina/venv/lib/python3.12/site-packages/airflow/example_dags/example_branch_python_dop_operator_3.py
[2024-05-06T21:45:08.542-0500] {processor.py:830} INFO - Processing file /Users/paulamedina/venv/lib/python3.12/site-packages/airflow/example_dags/example_branch_python_dop_operator_3.py for tasks to queue
[2024-05-06T21:45:08.543-0500] {logging_mixin.py:188} INFO - [2024-05-06T21:45:08.543-0500] {dagbag.py:540} INFO - Filling up the DagBag from /Users/paulamedina/venv/lib/python3.12/site-packages/airflow/example_dags/example_branch_python_dop_operator_3.py
[2024-05-06T21:45:08.599-0500] {processor.py:840} INFO - DAG(s) 'example_branch_dop_operator_v3' retrieved from /Users/paulamedina/venv/lib/python3.12/site-packages/airflow/example_dags/example_branch_python_dop_operator_3.py
[2024-05-06T21:45:08.744-0500] {logging_mixin.py:188} INFO - [2024-05-06T21:45:08.744-0500] {dag.py:3096} INFO - Sync 1 DAGs
[2024-05-06T21:45:08.771-0500] {logging_mixin.py:188} INFO - [2024-05-06T21:45:08.771-0500] {dag.py:3954} INFO - Setting next_dagrun for example_branch_dop_operator_v3 to 2024-05-07 02:44:00+00:00, run_after=2024-05-07 02:45:00+00:00
[2024-05-06T21:45:08.794-0500] {processor.py:183} INFO - Processing /Users/paulamedina/venv/lib/python3.12/site-packages/airflow/example_dags/example_branch_python_dop_operator_3.py took 0.257 seconds
[2024-05-06T21:46:07.832-0500] {processor.py:161} INFO - Started process (PID=62637) to work on /Users/paulamedina/venv/lib/python3.12/site-packages/airflow/example_dags/example_branch_python_dop_operator_3.py
[2024-05-06T21:46:07.833-0500] {processor.py:830} INFO - Processing file /Users/paulamedina/venv/lib/python3.12/site-packages/airflow/example_dags/example_branch_python_dop_operator_3.py for tasks to queue
[2024-05-06T21:46:07.834-0500] {logging_mixin.py:188} INFO - [2024-05-06T21:46:07.834-0500] {dagbag.py:540} INFO - Filling up the DagBag from /Users/paulamedina/venv/lib/python3.12/site-packages/airflow/example_dags/example_branch_python_dop_operator_3.py
[2024-05-06T21:46:07.886-0500] {processor.py:840} INFO - DAG(s) 'example_branch_dop_operator_v3' retrieved from /Users/paulamedina/venv/lib/python3.12/site-packages/airflow/example_dags/example_branch_python_dop_operator_3.py
[2024-05-06T21:46:08.017-0500] {logging_mixin.py:188} INFO - [2024-05-06T21:46:08.017-0500] {dag.py:3096} INFO - Sync 1 DAGs
[2024-05-06T21:46:08.042-0500] {logging_mixin.py:188} INFO - [2024-05-06T21:46:08.041-0500] {dag.py:3954} INFO - Setting next_dagrun for example_branch_dop_operator_v3 to 2024-05-07 02:45:00+00:00, run_after=2024-05-07 02:46:00+00:00
[2024-05-06T21:46:08.063-0500] {processor.py:183} INFO - Processing /Users/paulamedina/venv/lib/python3.12/site-packages/airflow/example_dags/example_branch_python_dop_operator_3.py took 0.234 seconds
[2024-05-06T21:47:14.767-0500] {processor.py:161} INFO - Started process (PID=62896) to work on /Users/paulamedina/venv/lib/python3.12/site-packages/airflow/example_dags/example_branch_python_dop_operator_3.py
[2024-05-06T21:47:14.770-0500] {processor.py:830} INFO - Processing file /Users/paulamedina/venv/lib/python3.12/site-packages/airflow/example_dags/example_branch_python_dop_operator_3.py for tasks to queue
[2024-05-06T21:47:14.771-0500] {logging_mixin.py:188} INFO - [2024-05-06T21:47:14.770-0500] {dagbag.py:540} INFO - Filling up the DagBag from /Users/paulamedina/venv/lib/python3.12/site-packages/airflow/example_dags/example_branch_python_dop_operator_3.py
[2024-05-06T21:47:14.831-0500] {processor.py:840} INFO - DAG(s) 'example_branch_dop_operator_v3' retrieved from /Users/paulamedina/venv/lib/python3.12/site-packages/airflow/example_dags/example_branch_python_dop_operator_3.py
[2024-05-06T21:47:14.980-0500] {logging_mixin.py:188} INFO - [2024-05-06T21:47:14.980-0500] {dag.py:3096} INFO - Sync 1 DAGs
[2024-05-06T21:47:15.008-0500] {logging_mixin.py:188} INFO - [2024-05-06T21:47:15.008-0500] {dag.py:3954} INFO - Setting next_dagrun for example_branch_dop_operator_v3 to 2024-05-07 02:46:00+00:00, run_after=2024-05-07 02:47:00+00:00
[2024-05-06T21:47:15.032-0500] {processor.py:183} INFO - Processing /Users/paulamedina/venv/lib/python3.12/site-packages/airflow/example_dags/example_branch_python_dop_operator_3.py took 0.269 seconds
[2024-05-06T21:50:40.581-0500] {processor.py:161} INFO - Started process (PID=63753) to work on /Users/paulamedina/venv/lib/python3.12/site-packages/airflow/example_dags/example_branch_python_dop_operator_3.py
[2024-05-06T21:50:40.583-0500] {processor.py:830} INFO - Processing file /Users/paulamedina/venv/lib/python3.12/site-packages/airflow/example_dags/example_branch_python_dop_operator_3.py for tasks to queue
[2024-05-06T21:50:40.585-0500] {logging_mixin.py:188} INFO - [2024-05-06T21:50:40.584-0500] {dagbag.py:540} INFO - Filling up the DagBag from /Users/paulamedina/venv/lib/python3.12/site-packages/airflow/example_dags/example_branch_python_dop_operator_3.py
[2024-05-06T21:50:40.697-0500] {processor.py:840} INFO - DAG(s) 'example_branch_dop_operator_v3' retrieved from /Users/paulamedina/venv/lib/python3.12/site-packages/airflow/example_dags/example_branch_python_dop_operator_3.py
[2024-05-06T21:50:41.186-0500] {logging_mixin.py:188} INFO - [2024-05-06T21:50:41.186-0500] {dag.py:3096} INFO - Sync 1 DAGs
[2024-05-06T21:50:41.233-0500] {logging_mixin.py:188} INFO - [2024-05-06T21:50:41.233-0500] {dag.py:3954} INFO - Setting next_dagrun for example_branch_dop_operator_v3 to 2024-05-07 02:49:00+00:00, run_after=2024-05-07 02:50:00+00:00
[2024-05-06T21:50:41.272-0500] {processor.py:183} INFO - Processing /Users/paulamedina/venv/lib/python3.12/site-packages/airflow/example_dags/example_branch_python_dop_operator_3.py took 0.698 seconds
[2024-05-06T21:52:17.552-0500] {processor.py:161} INFO - Started process (PID=64141) to work on /Users/paulamedina/venv/lib/python3.12/site-packages/airflow/example_dags/example_branch_python_dop_operator_3.py
[2024-05-06T21:52:17.554-0500] {processor.py:830} INFO - Processing file /Users/paulamedina/venv/lib/python3.12/site-packages/airflow/example_dags/example_branch_python_dop_operator_3.py for tasks to queue
[2024-05-06T21:52:17.555-0500] {logging_mixin.py:188} INFO - [2024-05-06T21:52:17.554-0500] {dagbag.py:540} INFO - Filling up the DagBag from /Users/paulamedina/venv/lib/python3.12/site-packages/airflow/example_dags/example_branch_python_dop_operator_3.py
[2024-05-06T21:52:17.611-0500] {processor.py:840} INFO - DAG(s) 'example_branch_dop_operator_v3' retrieved from /Users/paulamedina/venv/lib/python3.12/site-packages/airflow/example_dags/example_branch_python_dop_operator_3.py
[2024-05-06T21:52:17.753-0500] {logging_mixin.py:188} INFO - [2024-05-06T21:52:17.752-0500] {dag.py:3096} INFO - Sync 1 DAGs
[2024-05-06T21:52:17.779-0500] {logging_mixin.py:188} INFO - [2024-05-06T21:52:17.779-0500] {dag.py:3954} INFO - Setting next_dagrun for example_branch_dop_operator_v3 to 2024-05-07 02:51:00+00:00, run_after=2024-05-07 02:52:00+00:00
[2024-05-06T21:52:17.801-0500] {processor.py:183} INFO - Processing /Users/paulamedina/venv/lib/python3.12/site-packages/airflow/example_dags/example_branch_python_dop_operator_3.py took 0.253 seconds
[2024-05-06T21:53:43.695-0500] {processor.py:161} INFO - Started process (PID=64476) to work on /Users/paulamedina/venv/lib/python3.12/site-packages/airflow/example_dags/example_branch_python_dop_operator_3.py
[2024-05-06T21:53:43.697-0500] {processor.py:830} INFO - Processing file /Users/paulamedina/venv/lib/python3.12/site-packages/airflow/example_dags/example_branch_python_dop_operator_3.py for tasks to queue
[2024-05-06T21:53:43.698-0500] {logging_mixin.py:188} INFO - [2024-05-06T21:53:43.697-0500] {dagbag.py:540} INFO - Filling up the DagBag from /Users/paulamedina/venv/lib/python3.12/site-packages/airflow/example_dags/example_branch_python_dop_operator_3.py
[2024-05-06T21:53:43.754-0500] {processor.py:840} INFO - DAG(s) 'example_branch_dop_operator_v3' retrieved from /Users/paulamedina/venv/lib/python3.12/site-packages/airflow/example_dags/example_branch_python_dop_operator_3.py
[2024-05-06T21:53:43.889-0500] {logging_mixin.py:188} INFO - [2024-05-06T21:53:43.889-0500] {dag.py:3096} INFO - Sync 1 DAGs
[2024-05-06T21:53:43.916-0500] {logging_mixin.py:188} INFO - [2024-05-06T21:53:43.915-0500] {dag.py:3954} INFO - Setting next_dagrun for example_branch_dop_operator_v3 to 2024-05-07 02:52:00+00:00, run_after=2024-05-07 02:53:00+00:00
[2024-05-06T21:53:43.937-0500] {processor.py:183} INFO - Processing /Users/paulamedina/venv/lib/python3.12/site-packages/airflow/example_dags/example_branch_python_dop_operator_3.py took 0.246 seconds
[2024-05-06T21:55:04.919-0500] {processor.py:161} INFO - Started process (PID=64804) to work on /Users/paulamedina/venv/lib/python3.12/site-packages/airflow/example_dags/example_branch_python_dop_operator_3.py
[2024-05-06T21:55:04.921-0500] {processor.py:830} INFO - Processing file /Users/paulamedina/venv/lib/python3.12/site-packages/airflow/example_dags/example_branch_python_dop_operator_3.py for tasks to queue
[2024-05-06T21:55:04.922-0500] {logging_mixin.py:188} INFO - [2024-05-06T21:55:04.921-0500] {dagbag.py:540} INFO - Filling up the DagBag from /Users/paulamedina/venv/lib/python3.12/site-packages/airflow/example_dags/example_branch_python_dop_operator_3.py
[2024-05-06T21:55:04.982-0500] {processor.py:840} INFO - DAG(s) 'example_branch_dop_operator_v3' retrieved from /Users/paulamedina/venv/lib/python3.12/site-packages/airflow/example_dags/example_branch_python_dop_operator_3.py
[2024-05-06T21:55:05.135-0500] {logging_mixin.py:188} INFO - [2024-05-06T21:55:05.135-0500] {dag.py:3096} INFO - Sync 1 DAGs
[2024-05-06T21:55:05.164-0500] {logging_mixin.py:188} INFO - [2024-05-06T21:55:05.164-0500] {dag.py:3954} INFO - Setting next_dagrun for example_branch_dop_operator_v3 to 2024-05-07 02:54:00+00:00, run_after=2024-05-07 02:55:00+00:00
[2024-05-06T21:55:05.189-0500] {processor.py:183} INFO - Processing /Users/paulamedina/venv/lib/python3.12/site-packages/airflow/example_dags/example_branch_python_dop_operator_3.py took 0.274 seconds
[2024-05-06T21:56:34.806-0500] {processor.py:161} INFO - Started process (PID=65152) to work on /Users/paulamedina/venv/lib/python3.12/site-packages/airflow/example_dags/example_branch_python_dop_operator_3.py
[2024-05-06T21:56:34.808-0500] {processor.py:830} INFO - Processing file /Users/paulamedina/venv/lib/python3.12/site-packages/airflow/example_dags/example_branch_python_dop_operator_3.py for tasks to queue
[2024-05-06T21:56:34.809-0500] {logging_mixin.py:188} INFO - [2024-05-06T21:56:34.809-0500] {dagbag.py:540} INFO - Filling up the DagBag from /Users/paulamedina/venv/lib/python3.12/site-packages/airflow/example_dags/example_branch_python_dop_operator_3.py
[2024-05-06T21:56:34.869-0500] {processor.py:840} INFO - DAG(s) 'example_branch_dop_operator_v3' retrieved from /Users/paulamedina/venv/lib/python3.12/site-packages/airflow/example_dags/example_branch_python_dop_operator_3.py
[2024-05-06T21:56:35.018-0500] {logging_mixin.py:188} INFO - [2024-05-06T21:56:35.017-0500] {dag.py:3096} INFO - Sync 1 DAGs
[2024-05-06T21:56:35.045-0500] {logging_mixin.py:188} INFO - [2024-05-06T21:56:35.045-0500] {dag.py:3954} INFO - Setting next_dagrun for example_branch_dop_operator_v3 to 2024-05-07 02:55:00+00:00, run_after=2024-05-07 02:56:00+00:00
[2024-05-06T21:56:35.068-0500] {processor.py:183} INFO - Processing /Users/paulamedina/venv/lib/python3.12/site-packages/airflow/example_dags/example_branch_python_dop_operator_3.py took 0.266 seconds
[2024-05-06T21:58:11.000-0500] {processor.py:161} INFO - Started process (PID=65530) to work on /Users/paulamedina/venv/lib/python3.12/site-packages/airflow/example_dags/example_branch_python_dop_operator_3.py
[2024-05-06T21:58:11.002-0500] {processor.py:830} INFO - Processing file /Users/paulamedina/venv/lib/python3.12/site-packages/airflow/example_dags/example_branch_python_dop_operator_3.py for tasks to queue
[2024-05-06T21:58:11.002-0500] {logging_mixin.py:188} INFO - [2024-05-06T21:58:11.002-0500] {dagbag.py:540} INFO - Filling up the DagBag from /Users/paulamedina/venv/lib/python3.12/site-packages/airflow/example_dags/example_branch_python_dop_operator_3.py
[2024-05-06T21:58:11.059-0500] {processor.py:840} INFO - DAG(s) 'example_branch_dop_operator_v3' retrieved from /Users/paulamedina/venv/lib/python3.12/site-packages/airflow/example_dags/example_branch_python_dop_operator_3.py
[2024-05-06T21:58:11.205-0500] {logging_mixin.py:188} INFO - [2024-05-06T21:58:11.205-0500] {dag.py:3096} INFO - Sync 1 DAGs
[2024-05-06T21:58:11.233-0500] {logging_mixin.py:188} INFO - [2024-05-06T21:58:11.233-0500] {dag.py:3954} INFO - Setting next_dagrun for example_branch_dop_operator_v3 to 2024-05-07 02:57:00+00:00, run_after=2024-05-07 02:58:00+00:00
[2024-05-06T21:58:11.257-0500] {processor.py:183} INFO - Processing /Users/paulamedina/venv/lib/python3.12/site-packages/airflow/example_dags/example_branch_python_dop_operator_3.py took 0.261 seconds
[2024-05-06T22:00:09.058-0500] {processor.py:161} INFO - Started process (PID=66129) to work on /Users/paulamedina/venv/lib/python3.12/site-packages/airflow/example_dags/example_branch_python_dop_operator_3.py
[2024-05-06T22:00:09.061-0500] {processor.py:830} INFO - Processing file /Users/paulamedina/venv/lib/python3.12/site-packages/airflow/example_dags/example_branch_python_dop_operator_3.py for tasks to queue
[2024-05-06T22:00:09.062-0500] {logging_mixin.py:188} INFO - [2024-05-06T22:00:09.061-0500] {dagbag.py:540} INFO - Filling up the DagBag from /Users/paulamedina/venv/lib/python3.12/site-packages/airflow/example_dags/example_branch_python_dop_operator_3.py
[2024-05-06T22:00:09.143-0500] {processor.py:840} INFO - DAG(s) 'example_branch_dop_operator_v3' retrieved from /Users/paulamedina/venv/lib/python3.12/site-packages/airflow/example_dags/example_branch_python_dop_operator_3.py
[2024-05-06T22:00:09.343-0500] {logging_mixin.py:188} INFO - [2024-05-06T22:00:09.342-0500] {dag.py:3096} INFO - Sync 1 DAGs
[2024-05-06T22:00:09.380-0500] {logging_mixin.py:188} INFO - [2024-05-06T22:00:09.380-0500] {dag.py:3954} INFO - Setting next_dagrun for example_branch_dop_operator_v3 to 2024-05-07 02:59:00+00:00, run_after=2024-05-07 03:00:00+00:00
[2024-05-06T22:00:09.411-0500] {processor.py:183} INFO - Processing /Users/paulamedina/venv/lib/python3.12/site-packages/airflow/example_dags/example_branch_python_dop_operator_3.py took 0.360 seconds
[2024-05-06T22:01:50.201-0500] {processor.py:161} INFO - Started process (PID=66591) to work on /Users/paulamedina/venv/lib/python3.12/site-packages/airflow/example_dags/example_branch_python_dop_operator_3.py
[2024-05-06T22:01:50.203-0500] {processor.py:830} INFO - Processing file /Users/paulamedina/venv/lib/python3.12/site-packages/airflow/example_dags/example_branch_python_dop_operator_3.py for tasks to queue
[2024-05-06T22:01:50.204-0500] {logging_mixin.py:188} INFO - [2024-05-06T22:01:50.203-0500] {dagbag.py:540} INFO - Filling up the DagBag from /Users/paulamedina/venv/lib/python3.12/site-packages/airflow/example_dags/example_branch_python_dop_operator_3.py
[2024-05-06T22:01:50.265-0500] {processor.py:840} INFO - DAG(s) 'example_branch_dop_operator_v3' retrieved from /Users/paulamedina/venv/lib/python3.12/site-packages/airflow/example_dags/example_branch_python_dop_operator_3.py
[2024-05-06T22:01:50.409-0500] {logging_mixin.py:188} INFO - [2024-05-06T22:01:50.408-0500] {dag.py:3096} INFO - Sync 1 DAGs
[2024-05-06T22:01:50.437-0500] {logging_mixin.py:188} INFO - [2024-05-06T22:01:50.436-0500] {dag.py:3954} INFO - Setting next_dagrun for example_branch_dop_operator_v3 to 2024-05-07 03:00:00+00:00, run_after=2024-05-07 03:01:00+00:00
[2024-05-06T22:01:50.461-0500] {processor.py:183} INFO - Processing /Users/paulamedina/venv/lib/python3.12/site-packages/airflow/example_dags/example_branch_python_dop_operator_3.py took 0.264 seconds
