[2024-05-06T19:01:53.885-0500] {processor.py:161} INFO - Started process (PID=26536) to work on /Users/paulamedina/venv/lib/python3.12/site-packages/airflow/example_dags/example_dynamic_task_mapping.py
[2024-05-06T19:01:53.886-0500] {processor.py:830} INFO - Processing file /Users/paulamedina/venv/lib/python3.12/site-packages/airflow/example_dags/example_dynamic_task_mapping.py for tasks to queue
[2024-05-06T19:01:53.887-0500] {logging_mixin.py:188} INFO - [2024-05-06T19:01:53.886-0500] {dagbag.py:540} INFO - Filling up the DagBag from /Users/paulamedina/venv/lib/python3.12/site-packages/airflow/example_dags/example_dynamic_task_mapping.py
[2024-05-06T19:01:53.918-0500] {processor.py:840} INFO - DAG(s) 'example_dynamic_task_mapping' retrieved from /Users/paulamedina/venv/lib/python3.12/site-packages/airflow/example_dags/example_dynamic_task_mapping.py
[2024-05-06T19:01:53.994-0500] {logging_mixin.py:188} INFO - [2024-05-06T19:01:53.994-0500] {dag.py:3096} INFO - Sync 1 DAGs
[2024-05-06T19:01:54.006-0500] {logging_mixin.py:188} INFO - [2024-05-06T19:01:54.006-0500] {dag.py:3954} INFO - Setting next_dagrun for example_dynamic_task_mapping to 2022-03-04 00:00:00+00:00, run_after=2022-03-05 00:00:00+00:00
[2024-05-06T19:01:54.022-0500] {processor.py:183} INFO - Processing /Users/paulamedina/venv/lib/python3.12/site-packages/airflow/example_dags/example_dynamic_task_mapping.py took 0.139 seconds
[2024-05-06T19:05:13.085-0500] {processor.py:161} INFO - Started process (PID=27256) to work on /Users/paulamedina/venv/lib/python3.12/site-packages/airflow/example_dags/example_dynamic_task_mapping.py
[2024-05-06T19:05:13.085-0500] {processor.py:830} INFO - Processing file /Users/paulamedina/venv/lib/python3.12/site-packages/airflow/example_dags/example_dynamic_task_mapping.py for tasks to queue
[2024-05-06T19:05:13.086-0500] {logging_mixin.py:188} INFO - [2024-05-06T19:05:13.086-0500] {dagbag.py:540} INFO - Filling up the DagBag from /Users/paulamedina/venv/lib/python3.12/site-packages/airflow/example_dags/example_dynamic_task_mapping.py
[2024-05-06T19:05:13.116-0500] {processor.py:840} INFO - DAG(s) 'example_dynamic_task_mapping' retrieved from /Users/paulamedina/venv/lib/python3.12/site-packages/airflow/example_dags/example_dynamic_task_mapping.py
[2024-05-06T19:05:13.190-0500] {logging_mixin.py:188} INFO - [2024-05-06T19:05:13.190-0500] {dag.py:3096} INFO - Sync 1 DAGs
[2024-05-06T19:05:13.202-0500] {logging_mixin.py:188} INFO - [2024-05-06T19:05:13.202-0500] {dag.py:3954} INFO - Setting next_dagrun for example_dynamic_task_mapping to 2022-03-04 00:00:00+00:00, run_after=2022-03-05 00:00:00+00:00
[2024-05-06T19:05:13.216-0500] {processor.py:183} INFO - Processing /Users/paulamedina/venv/lib/python3.12/site-packages/airflow/example_dags/example_dynamic_task_mapping.py took 0.133 seconds
[2024-05-06T19:08:35.794-0500] {processor.py:161} INFO - Started process (PID=28002) to work on /Users/paulamedina/venv/lib/python3.12/site-packages/airflow/example_dags/example_dynamic_task_mapping.py
[2024-05-06T19:08:35.795-0500] {processor.py:830} INFO - Processing file /Users/paulamedina/venv/lib/python3.12/site-packages/airflow/example_dags/example_dynamic_task_mapping.py for tasks to queue
[2024-05-06T19:08:35.795-0500] {logging_mixin.py:188} INFO - [2024-05-06T19:08:35.795-0500] {dagbag.py:540} INFO - Filling up the DagBag from /Users/paulamedina/venv/lib/python3.12/site-packages/airflow/example_dags/example_dynamic_task_mapping.py
[2024-05-06T19:08:35.825-0500] {processor.py:840} INFO - DAG(s) 'example_dynamic_task_mapping' retrieved from /Users/paulamedina/venv/lib/python3.12/site-packages/airflow/example_dags/example_dynamic_task_mapping.py
[2024-05-06T19:08:35.899-0500] {logging_mixin.py:188} INFO - [2024-05-06T19:08:35.899-0500] {dag.py:3096} INFO - Sync 1 DAGs
[2024-05-06T19:08:35.910-0500] {logging_mixin.py:188} INFO - [2024-05-06T19:08:35.910-0500] {dag.py:3954} INFO - Setting next_dagrun for example_dynamic_task_mapping to 2022-03-04 00:00:00+00:00, run_after=2022-03-05 00:00:00+00:00
[2024-05-06T19:08:35.926-0500] {processor.py:183} INFO - Processing /Users/paulamedina/venv/lib/python3.12/site-packages/airflow/example_dags/example_dynamic_task_mapping.py took 0.133 seconds
[2024-05-06T19:12:00.444-0500] {processor.py:161} INFO - Started process (PID=28721) to work on /Users/paulamedina/venv/lib/python3.12/site-packages/airflow/example_dags/example_dynamic_task_mapping.py
[2024-05-06T19:12:00.445-0500] {processor.py:830} INFO - Processing file /Users/paulamedina/venv/lib/python3.12/site-packages/airflow/example_dags/example_dynamic_task_mapping.py for tasks to queue
[2024-05-06T19:12:00.445-0500] {logging_mixin.py:188} INFO - [2024-05-06T19:12:00.445-0500] {dagbag.py:540} INFO - Filling up the DagBag from /Users/paulamedina/venv/lib/python3.12/site-packages/airflow/example_dags/example_dynamic_task_mapping.py
[2024-05-06T19:12:00.474-0500] {processor.py:840} INFO - DAG(s) 'example_dynamic_task_mapping' retrieved from /Users/paulamedina/venv/lib/python3.12/site-packages/airflow/example_dags/example_dynamic_task_mapping.py
[2024-05-06T19:12:00.548-0500] {logging_mixin.py:188} INFO - [2024-05-06T19:12:00.548-0500] {dag.py:3096} INFO - Sync 1 DAGs
[2024-05-06T19:12:00.559-0500] {logging_mixin.py:188} INFO - [2024-05-06T19:12:00.559-0500] {dag.py:3954} INFO - Setting next_dagrun for example_dynamic_task_mapping to 2022-03-04 00:00:00+00:00, run_after=2022-03-05 00:00:00+00:00
[2024-05-06T19:12:00.575-0500] {processor.py:183} INFO - Processing /Users/paulamedina/venv/lib/python3.12/site-packages/airflow/example_dags/example_dynamic_task_mapping.py took 0.132 seconds
[2024-05-06T19:15:54.090-0500] {processor.py:161} INFO - Started process (PID=29546) to work on /Users/paulamedina/venv/lib/python3.12/site-packages/airflow/example_dags/example_dynamic_task_mapping.py
[2024-05-06T19:15:54.092-0500] {processor.py:830} INFO - Processing file /Users/paulamedina/venv/lib/python3.12/site-packages/airflow/example_dags/example_dynamic_task_mapping.py for tasks to queue
[2024-05-06T19:15:54.093-0500] {logging_mixin.py:188} INFO - [2024-05-06T19:15:54.093-0500] {dagbag.py:540} INFO - Filling up the DagBag from /Users/paulamedina/venv/lib/python3.12/site-packages/airflow/example_dags/example_dynamic_task_mapping.py
[2024-05-06T19:15:54.135-0500] {processor.py:840} INFO - DAG(s) 'example_dynamic_task_mapping' retrieved from /Users/paulamedina/venv/lib/python3.12/site-packages/airflow/example_dags/example_dynamic_task_mapping.py
[2024-05-06T19:15:54.236-0500] {logging_mixin.py:188} INFO - [2024-05-06T19:15:54.236-0500] {dag.py:3096} INFO - Sync 1 DAGs
[2024-05-06T19:15:54.253-0500] {logging_mixin.py:188} INFO - [2024-05-06T19:15:54.252-0500] {dag.py:3954} INFO - Setting next_dagrun for example_dynamic_task_mapping to 2022-03-04 00:00:00+00:00, run_after=2022-03-05 00:00:00+00:00
[2024-05-06T19:15:54.272-0500] {processor.py:183} INFO - Processing /Users/paulamedina/venv/lib/python3.12/site-packages/airflow/example_dags/example_dynamic_task_mapping.py took 0.184 seconds
[2024-05-06T19:20:34.387-0500] {processor.py:161} INFO - Started process (PID=30604) to work on /Users/paulamedina/venv/lib/python3.12/site-packages/airflow/example_dags/example_dynamic_task_mapping.py
[2024-05-06T19:20:34.390-0500] {processor.py:830} INFO - Processing file /Users/paulamedina/venv/lib/python3.12/site-packages/airflow/example_dags/example_dynamic_task_mapping.py for tasks to queue
[2024-05-06T19:20:34.391-0500] {logging_mixin.py:188} INFO - [2024-05-06T19:20:34.391-0500] {dagbag.py:540} INFO - Filling up the DagBag from /Users/paulamedina/venv/lib/python3.12/site-packages/airflow/example_dags/example_dynamic_task_mapping.py
[2024-05-06T19:20:34.433-0500] {processor.py:840} INFO - DAG(s) 'example_dynamic_task_mapping' retrieved from /Users/paulamedina/venv/lib/python3.12/site-packages/airflow/example_dags/example_dynamic_task_mapping.py
[2024-05-06T19:20:34.537-0500] {logging_mixin.py:188} INFO - [2024-05-06T19:20:34.537-0500] {dag.py:3096} INFO - Sync 1 DAGs
[2024-05-06T19:20:34.554-0500] {logging_mixin.py:188} INFO - [2024-05-06T19:20:34.553-0500] {dag.py:3954} INFO - Setting next_dagrun for example_dynamic_task_mapping to 2022-03-04 00:00:00+00:00, run_after=2022-03-05 00:00:00+00:00
[2024-05-06T19:20:34.573-0500] {processor.py:183} INFO - Processing /Users/paulamedina/venv/lib/python3.12/site-packages/airflow/example_dags/example_dynamic_task_mapping.py took 0.189 seconds
[2024-05-06T19:25:09.096-0500] {processor.py:161} INFO - Started process (PID=31580) to work on /Users/paulamedina/venv/lib/python3.12/site-packages/airflow/example_dags/example_dynamic_task_mapping.py
[2024-05-06T19:25:09.097-0500] {processor.py:830} INFO - Processing file /Users/paulamedina/venv/lib/python3.12/site-packages/airflow/example_dags/example_dynamic_task_mapping.py for tasks to queue
[2024-05-06T19:25:09.098-0500] {logging_mixin.py:188} INFO - [2024-05-06T19:25:09.098-0500] {dagbag.py:540} INFO - Filling up the DagBag from /Users/paulamedina/venv/lib/python3.12/site-packages/airflow/example_dags/example_dynamic_task_mapping.py
[2024-05-06T19:25:09.142-0500] {processor.py:840} INFO - DAG(s) 'example_dynamic_task_mapping' retrieved from /Users/paulamedina/venv/lib/python3.12/site-packages/airflow/example_dags/example_dynamic_task_mapping.py
[2024-05-06T19:25:09.244-0500] {logging_mixin.py:188} INFO - [2024-05-06T19:25:09.243-0500] {dag.py:3096} INFO - Sync 1 DAGs
[2024-05-06T19:25:09.260-0500] {logging_mixin.py:188} INFO - [2024-05-06T19:25:09.259-0500] {dag.py:3954} INFO - Setting next_dagrun for example_dynamic_task_mapping to 2022-03-04 00:00:00+00:00, run_after=2022-03-05 00:00:00+00:00
[2024-05-06T19:25:09.279-0500] {processor.py:183} INFO - Processing /Users/paulamedina/venv/lib/python3.12/site-packages/airflow/example_dags/example_dynamic_task_mapping.py took 0.187 seconds
[2024-05-06T19:28:54.380-0500] {processor.py:161} INFO - Started process (PID=32377) to work on /Users/paulamedina/venv/lib/python3.12/site-packages/airflow/example_dags/example_dynamic_task_mapping.py
[2024-05-06T19:28:54.380-0500] {processor.py:830} INFO - Processing file /Users/paulamedina/venv/lib/python3.12/site-packages/airflow/example_dags/example_dynamic_task_mapping.py for tasks to queue
[2024-05-06T19:28:54.381-0500] {logging_mixin.py:188} INFO - [2024-05-06T19:28:54.381-0500] {dagbag.py:540} INFO - Filling up the DagBag from /Users/paulamedina/venv/lib/python3.12/site-packages/airflow/example_dags/example_dynamic_task_mapping.py
[2024-05-06T19:28:54.410-0500] {processor.py:840} INFO - DAG(s) 'example_dynamic_task_mapping' retrieved from /Users/paulamedina/venv/lib/python3.12/site-packages/airflow/example_dags/example_dynamic_task_mapping.py
[2024-05-06T19:28:54.484-0500] {logging_mixin.py:188} INFO - [2024-05-06T19:28:54.484-0500] {dag.py:3096} INFO - Sync 1 DAGs
[2024-05-06T19:28:54.495-0500] {logging_mixin.py:188} INFO - [2024-05-06T19:28:54.495-0500] {dag.py:3954} INFO - Setting next_dagrun for example_dynamic_task_mapping to 2022-03-04 00:00:00+00:00, run_after=2022-03-05 00:00:00+00:00
[2024-05-06T19:28:54.510-0500] {processor.py:183} INFO - Processing /Users/paulamedina/venv/lib/python3.12/site-packages/airflow/example_dags/example_dynamic_task_mapping.py took 0.133 seconds
[2024-05-06T19:32:22.949-0500] {processor.py:161} INFO - Started process (PID=33136) to work on /Users/paulamedina/venv/lib/python3.12/site-packages/airflow/example_dags/example_dynamic_task_mapping.py
[2024-05-06T19:32:22.949-0500] {processor.py:830} INFO - Processing file /Users/paulamedina/venv/lib/python3.12/site-packages/airflow/example_dags/example_dynamic_task_mapping.py for tasks to queue
[2024-05-06T19:32:22.950-0500] {logging_mixin.py:188} INFO - [2024-05-06T19:32:22.950-0500] {dagbag.py:540} INFO - Filling up the DagBag from /Users/paulamedina/venv/lib/python3.12/site-packages/airflow/example_dags/example_dynamic_task_mapping.py
[2024-05-06T19:32:22.981-0500] {processor.py:840} INFO - DAG(s) 'example_dynamic_task_mapping' retrieved from /Users/paulamedina/venv/lib/python3.12/site-packages/airflow/example_dags/example_dynamic_task_mapping.py
[2024-05-06T19:32:23.055-0500] {logging_mixin.py:188} INFO - [2024-05-06T19:32:23.054-0500] {dag.py:3096} INFO - Sync 1 DAGs
[2024-05-06T19:32:23.066-0500] {logging_mixin.py:188} INFO - [2024-05-06T19:32:23.066-0500] {dag.py:3954} INFO - Setting next_dagrun for example_dynamic_task_mapping to 2022-03-04 00:00:00+00:00, run_after=2022-03-05 00:00:00+00:00
[2024-05-06T19:32:23.079-0500] {processor.py:183} INFO - Processing /Users/paulamedina/venv/lib/python3.12/site-packages/airflow/example_dags/example_dynamic_task_mapping.py took 0.133 seconds
[2024-05-06T19:35:51.092-0500] {processor.py:161} INFO - Started process (PID=33952) to work on /Users/paulamedina/venv/lib/python3.12/site-packages/airflow/example_dags/example_dynamic_task_mapping.py
[2024-05-06T19:35:51.093-0500] {processor.py:830} INFO - Processing file /Users/paulamedina/venv/lib/python3.12/site-packages/airflow/example_dags/example_dynamic_task_mapping.py for tasks to queue
[2024-05-06T19:35:51.093-0500] {logging_mixin.py:188} INFO - [2024-05-06T19:35:51.093-0500] {dagbag.py:540} INFO - Filling up the DagBag from /Users/paulamedina/venv/lib/python3.12/site-packages/airflow/example_dags/example_dynamic_task_mapping.py
[2024-05-06T19:35:51.123-0500] {processor.py:840} INFO - DAG(s) 'example_dynamic_task_mapping' retrieved from /Users/paulamedina/venv/lib/python3.12/site-packages/airflow/example_dags/example_dynamic_task_mapping.py
[2024-05-06T19:35:51.198-0500] {logging_mixin.py:188} INFO - [2024-05-06T19:35:51.198-0500] {dag.py:3096} INFO - Sync 1 DAGs
[2024-05-06T19:35:51.209-0500] {logging_mixin.py:188} INFO - [2024-05-06T19:35:51.209-0500] {dag.py:3954} INFO - Setting next_dagrun for example_dynamic_task_mapping to 2022-03-04 00:00:00+00:00, run_after=2022-03-05 00:00:00+00:00
[2024-05-06T19:35:51.226-0500] {processor.py:183} INFO - Processing /Users/paulamedina/venv/lib/python3.12/site-packages/airflow/example_dags/example_dynamic_task_mapping.py took 0.136 seconds
[2024-05-06T19:39:11.664-0500] {processor.py:161} INFO - Started process (PID=34681) to work on /Users/paulamedina/venv/lib/python3.12/site-packages/airflow/example_dags/example_dynamic_task_mapping.py
[2024-05-06T19:39:11.664-0500] {processor.py:830} INFO - Processing file /Users/paulamedina/venv/lib/python3.12/site-packages/airflow/example_dags/example_dynamic_task_mapping.py for tasks to queue
[2024-05-06T19:39:11.665-0500] {logging_mixin.py:188} INFO - [2024-05-06T19:39:11.665-0500] {dagbag.py:540} INFO - Filling up the DagBag from /Users/paulamedina/venv/lib/python3.12/site-packages/airflow/example_dags/example_dynamic_task_mapping.py
[2024-05-06T19:39:11.700-0500] {processor.py:840} INFO - DAG(s) 'example_dynamic_task_mapping' retrieved from /Users/paulamedina/venv/lib/python3.12/site-packages/airflow/example_dags/example_dynamic_task_mapping.py
[2024-05-06T19:39:11.786-0500] {logging_mixin.py:188} INFO - [2024-05-06T19:39:11.785-0500] {dag.py:3096} INFO - Sync 1 DAGs
[2024-05-06T19:39:11.799-0500] {logging_mixin.py:188} INFO - [2024-05-06T19:39:11.799-0500] {dag.py:3954} INFO - Setting next_dagrun for example_dynamic_task_mapping to 2022-03-04 00:00:00+00:00, run_after=2022-03-05 00:00:00+00:00
[2024-05-06T19:39:11.816-0500] {processor.py:183} INFO - Processing /Users/paulamedina/venv/lib/python3.12/site-packages/airflow/example_dags/example_dynamic_task_mapping.py took 0.155 seconds
[2024-05-06T19:42:26.590-0500] {processor.py:161} INFO - Started process (PID=35369) to work on /Users/paulamedina/venv/lib/python3.12/site-packages/airflow/example_dags/example_dynamic_task_mapping.py
[2024-05-06T19:42:26.591-0500] {processor.py:830} INFO - Processing file /Users/paulamedina/venv/lib/python3.12/site-packages/airflow/example_dags/example_dynamic_task_mapping.py for tasks to queue
[2024-05-06T19:42:26.591-0500] {logging_mixin.py:188} INFO - [2024-05-06T19:42:26.591-0500] {dagbag.py:540} INFO - Filling up the DagBag from /Users/paulamedina/venv/lib/python3.12/site-packages/airflow/example_dags/example_dynamic_task_mapping.py
[2024-05-06T19:42:26.621-0500] {processor.py:840} INFO - DAG(s) 'example_dynamic_task_mapping' retrieved from /Users/paulamedina/venv/lib/python3.12/site-packages/airflow/example_dags/example_dynamic_task_mapping.py
[2024-05-06T19:42:26.695-0500] {logging_mixin.py:188} INFO - [2024-05-06T19:42:26.695-0500] {dag.py:3096} INFO - Sync 1 DAGs
[2024-05-06T19:42:26.707-0500] {logging_mixin.py:188} INFO - [2024-05-06T19:42:26.707-0500] {dag.py:3954} INFO - Setting next_dagrun for example_dynamic_task_mapping to 2022-03-04 00:00:00+00:00, run_after=2022-03-05 00:00:00+00:00
[2024-05-06T19:42:26.721-0500] {processor.py:183} INFO - Processing /Users/paulamedina/venv/lib/python3.12/site-packages/airflow/example_dags/example_dynamic_task_mapping.py took 0.133 seconds
[2024-05-06T19:45:53.654-0500] {processor.py:161} INFO - Started process (PID=36101) to work on /Users/paulamedina/venv/lib/python3.12/site-packages/airflow/example_dags/example_dynamic_task_mapping.py
[2024-05-06T19:45:53.655-0500] {processor.py:830} INFO - Processing file /Users/paulamedina/venv/lib/python3.12/site-packages/airflow/example_dags/example_dynamic_task_mapping.py for tasks to queue
[2024-05-06T19:45:53.655-0500] {logging_mixin.py:188} INFO - [2024-05-06T19:45:53.655-0500] {dagbag.py:540} INFO - Filling up the DagBag from /Users/paulamedina/venv/lib/python3.12/site-packages/airflow/example_dags/example_dynamic_task_mapping.py
[2024-05-06T19:45:53.686-0500] {processor.py:840} INFO - DAG(s) 'example_dynamic_task_mapping' retrieved from /Users/paulamedina/venv/lib/python3.12/site-packages/airflow/example_dags/example_dynamic_task_mapping.py
[2024-05-06T19:45:53.761-0500] {logging_mixin.py:188} INFO - [2024-05-06T19:45:53.761-0500] {dag.py:3096} INFO - Sync 1 DAGs
[2024-05-06T19:45:53.772-0500] {logging_mixin.py:188} INFO - [2024-05-06T19:45:53.772-0500] {dag.py:3954} INFO - Setting next_dagrun for example_dynamic_task_mapping to 2022-03-04 00:00:00+00:00, run_after=2022-03-05 00:00:00+00:00
[2024-05-06T19:45:53.788-0500] {processor.py:183} INFO - Processing /Users/paulamedina/venv/lib/python3.12/site-packages/airflow/example_dags/example_dynamic_task_mapping.py took 0.136 seconds
[2024-05-06T19:49:20.148-0500] {processor.py:161} INFO - Started process (PID=36842) to work on /Users/paulamedina/venv/lib/python3.12/site-packages/airflow/example_dags/example_dynamic_task_mapping.py
[2024-05-06T19:49:20.149-0500] {processor.py:830} INFO - Processing file /Users/paulamedina/venv/lib/python3.12/site-packages/airflow/example_dags/example_dynamic_task_mapping.py for tasks to queue
[2024-05-06T19:49:20.149-0500] {logging_mixin.py:188} INFO - [2024-05-06T19:49:20.149-0500] {dagbag.py:540} INFO - Filling up the DagBag from /Users/paulamedina/venv/lib/python3.12/site-packages/airflow/example_dags/example_dynamic_task_mapping.py
[2024-05-06T19:49:20.179-0500] {processor.py:840} INFO - DAG(s) 'example_dynamic_task_mapping' retrieved from /Users/paulamedina/venv/lib/python3.12/site-packages/airflow/example_dags/example_dynamic_task_mapping.py
[2024-05-06T19:49:20.255-0500] {logging_mixin.py:188} INFO - [2024-05-06T19:49:20.254-0500] {dag.py:3096} INFO - Sync 1 DAGs
[2024-05-06T19:49:20.266-0500] {logging_mixin.py:188} INFO - [2024-05-06T19:49:20.266-0500] {dag.py:3954} INFO - Setting next_dagrun for example_dynamic_task_mapping to 2022-03-04 00:00:00+00:00, run_after=2022-03-05 00:00:00+00:00
[2024-05-06T19:49:20.281-0500] {processor.py:183} INFO - Processing /Users/paulamedina/venv/lib/python3.12/site-packages/airflow/example_dags/example_dynamic_task_mapping.py took 0.135 seconds
[2024-05-06T19:52:51.299-0500] {processor.py:161} INFO - Started process (PID=37682) to work on /Users/paulamedina/venv/lib/python3.12/site-packages/airflow/example_dags/example_dynamic_task_mapping.py
[2024-05-06T19:52:51.299-0500] {processor.py:830} INFO - Processing file /Users/paulamedina/venv/lib/python3.12/site-packages/airflow/example_dags/example_dynamic_task_mapping.py for tasks to queue
[2024-05-06T19:52:51.300-0500] {logging_mixin.py:188} INFO - [2024-05-06T19:52:51.300-0500] {dagbag.py:540} INFO - Filling up the DagBag from /Users/paulamedina/venv/lib/python3.12/site-packages/airflow/example_dags/example_dynamic_task_mapping.py
[2024-05-06T19:52:51.329-0500] {processor.py:840} INFO - DAG(s) 'example_dynamic_task_mapping' retrieved from /Users/paulamedina/venv/lib/python3.12/site-packages/airflow/example_dags/example_dynamic_task_mapping.py
[2024-05-06T19:52:51.404-0500] {logging_mixin.py:188} INFO - [2024-05-06T19:52:51.404-0500] {dag.py:3096} INFO - Sync 1 DAGs
[2024-05-06T19:52:51.417-0500] {logging_mixin.py:188} INFO - [2024-05-06T19:52:51.417-0500] {dag.py:3954} INFO - Setting next_dagrun for example_dynamic_task_mapping to 2022-03-04 00:00:00+00:00, run_after=2022-03-05 00:00:00+00:00
[2024-05-06T19:52:51.432-0500] {processor.py:183} INFO - Processing /Users/paulamedina/venv/lib/python3.12/site-packages/airflow/example_dags/example_dynamic_task_mapping.py took 0.135 seconds
[2024-05-06T19:56:17.224-0500] {processor.py:161} INFO - Started process (PID=38403) to work on /Users/paulamedina/venv/lib/python3.12/site-packages/airflow/example_dags/example_dynamic_task_mapping.py
[2024-05-06T19:56:17.224-0500] {processor.py:830} INFO - Processing file /Users/paulamedina/venv/lib/python3.12/site-packages/airflow/example_dags/example_dynamic_task_mapping.py for tasks to queue
[2024-05-06T19:56:17.225-0500] {logging_mixin.py:188} INFO - [2024-05-06T19:56:17.225-0500] {dagbag.py:540} INFO - Filling up the DagBag from /Users/paulamedina/venv/lib/python3.12/site-packages/airflow/example_dags/example_dynamic_task_mapping.py
[2024-05-06T19:56:17.255-0500] {processor.py:840} INFO - DAG(s) 'example_dynamic_task_mapping' retrieved from /Users/paulamedina/venv/lib/python3.12/site-packages/airflow/example_dags/example_dynamic_task_mapping.py
[2024-05-06T19:56:17.330-0500] {logging_mixin.py:188} INFO - [2024-05-06T19:56:17.330-0500] {dag.py:3096} INFO - Sync 1 DAGs
[2024-05-06T19:56:17.342-0500] {logging_mixin.py:188} INFO - [2024-05-06T19:56:17.341-0500] {dag.py:3954} INFO - Setting next_dagrun for example_dynamic_task_mapping to 2022-03-04 00:00:00+00:00, run_after=2022-03-05 00:00:00+00:00
[2024-05-06T19:56:17.357-0500] {processor.py:183} INFO - Processing /Users/paulamedina/venv/lib/python3.12/site-packages/airflow/example_dags/example_dynamic_task_mapping.py took 0.135 seconds
[2024-05-06T19:59:48.076-0500] {processor.py:161} INFO - Started process (PID=39160) to work on /Users/paulamedina/venv/lib/python3.12/site-packages/airflow/example_dags/example_dynamic_task_mapping.py
[2024-05-06T19:59:48.077-0500] {processor.py:830} INFO - Processing file /Users/paulamedina/venv/lib/python3.12/site-packages/airflow/example_dags/example_dynamic_task_mapping.py for tasks to queue
[2024-05-06T19:59:48.077-0500] {logging_mixin.py:188} INFO - [2024-05-06T19:59:48.077-0500] {dagbag.py:540} INFO - Filling up the DagBag from /Users/paulamedina/venv/lib/python3.12/site-packages/airflow/example_dags/example_dynamic_task_mapping.py
[2024-05-06T19:59:48.112-0500] {processor.py:840} INFO - DAG(s) 'example_dynamic_task_mapping' retrieved from /Users/paulamedina/venv/lib/python3.12/site-packages/airflow/example_dags/example_dynamic_task_mapping.py
[2024-05-06T19:59:48.199-0500] {logging_mixin.py:188} INFO - [2024-05-06T19:59:48.198-0500] {dag.py:3096} INFO - Sync 1 DAGs
[2024-05-06T19:59:48.212-0500] {logging_mixin.py:188} INFO - [2024-05-06T19:59:48.212-0500] {dag.py:3954} INFO - Setting next_dagrun for example_dynamic_task_mapping to 2022-03-04 00:00:00+00:00, run_after=2022-03-05 00:00:00+00:00
[2024-05-06T19:59:48.227-0500] {processor.py:183} INFO - Processing /Users/paulamedina/venv/lib/python3.12/site-packages/airflow/example_dags/example_dynamic_task_mapping.py took 0.154 seconds
[2024-05-06T20:03:25.730-0500] {processor.py:161} INFO - Started process (PID=39977) to work on /Users/paulamedina/venv/lib/python3.12/site-packages/airflow/example_dags/example_dynamic_task_mapping.py
[2024-05-06T20:03:25.731-0500] {processor.py:830} INFO - Processing file /Users/paulamedina/venv/lib/python3.12/site-packages/airflow/example_dags/example_dynamic_task_mapping.py for tasks to queue
[2024-05-06T20:03:25.731-0500] {logging_mixin.py:188} INFO - [2024-05-06T20:03:25.731-0500] {dagbag.py:540} INFO - Filling up the DagBag from /Users/paulamedina/venv/lib/python3.12/site-packages/airflow/example_dags/example_dynamic_task_mapping.py
[2024-05-06T20:03:25.761-0500] {processor.py:840} INFO - DAG(s) 'example_dynamic_task_mapping' retrieved from /Users/paulamedina/venv/lib/python3.12/site-packages/airflow/example_dags/example_dynamic_task_mapping.py
[2024-05-06T20:03:25.835-0500] {logging_mixin.py:188} INFO - [2024-05-06T20:03:25.835-0500] {dag.py:3096} INFO - Sync 1 DAGs
[2024-05-06T20:03:25.847-0500] {logging_mixin.py:188} INFO - [2024-05-06T20:03:25.846-0500] {dag.py:3954} INFO - Setting next_dagrun for example_dynamic_task_mapping to 2022-03-04 00:00:00+00:00, run_after=2022-03-05 00:00:00+00:00
[2024-05-06T20:03:25.862-0500] {processor.py:183} INFO - Processing /Users/paulamedina/venv/lib/python3.12/site-packages/airflow/example_dags/example_dynamic_task_mapping.py took 0.133 seconds
[2024-05-06T20:06:57.889-0500] {processor.py:161} INFO - Started process (PID=40736) to work on /Users/paulamedina/venv/lib/python3.12/site-packages/airflow/example_dags/example_dynamic_task_mapping.py
[2024-05-06T20:06:57.889-0500] {processor.py:830} INFO - Processing file /Users/paulamedina/venv/lib/python3.12/site-packages/airflow/example_dags/example_dynamic_task_mapping.py for tasks to queue
[2024-05-06T20:06:57.890-0500] {logging_mixin.py:188} INFO - [2024-05-06T20:06:57.890-0500] {dagbag.py:540} INFO - Filling up the DagBag from /Users/paulamedina/venv/lib/python3.12/site-packages/airflow/example_dags/example_dynamic_task_mapping.py
[2024-05-06T20:06:57.918-0500] {processor.py:840} INFO - DAG(s) 'example_dynamic_task_mapping' retrieved from /Users/paulamedina/venv/lib/python3.12/site-packages/airflow/example_dags/example_dynamic_task_mapping.py
[2024-05-06T20:06:57.992-0500] {logging_mixin.py:188} INFO - [2024-05-06T20:06:57.992-0500] {dag.py:3096} INFO - Sync 1 DAGs
[2024-05-06T20:06:58.005-0500] {logging_mixin.py:188} INFO - [2024-05-06T20:06:58.004-0500] {dag.py:3954} INFO - Setting next_dagrun for example_dynamic_task_mapping to 2022-03-04 00:00:00+00:00, run_after=2022-03-05 00:00:00+00:00
[2024-05-06T20:06:58.019-0500] {processor.py:183} INFO - Processing /Users/paulamedina/venv/lib/python3.12/site-packages/airflow/example_dags/example_dynamic_task_mapping.py took 0.132 seconds
[2024-05-06T20:10:21.163-0500] {processor.py:161} INFO - Started process (PID=41507) to work on /Users/paulamedina/venv/lib/python3.12/site-packages/airflow/example_dags/example_dynamic_task_mapping.py
[2024-05-06T20:10:21.164-0500] {processor.py:830} INFO - Processing file /Users/paulamedina/venv/lib/python3.12/site-packages/airflow/example_dags/example_dynamic_task_mapping.py for tasks to queue
[2024-05-06T20:10:21.164-0500] {logging_mixin.py:188} INFO - [2024-05-06T20:10:21.164-0500] {dagbag.py:540} INFO - Filling up the DagBag from /Users/paulamedina/venv/lib/python3.12/site-packages/airflow/example_dags/example_dynamic_task_mapping.py
[2024-05-06T20:10:21.194-0500] {processor.py:840} INFO - DAG(s) 'example_dynamic_task_mapping' retrieved from /Users/paulamedina/venv/lib/python3.12/site-packages/airflow/example_dags/example_dynamic_task_mapping.py
[2024-05-06T20:10:21.272-0500] {logging_mixin.py:188} INFO - [2024-05-06T20:10:21.272-0500] {dag.py:3096} INFO - Sync 1 DAGs
[2024-05-06T20:10:21.284-0500] {logging_mixin.py:188} INFO - [2024-05-06T20:10:21.284-0500] {dag.py:3954} INFO - Setting next_dagrun for example_dynamic_task_mapping to 2022-03-04 00:00:00+00:00, run_after=2022-03-05 00:00:00+00:00
[2024-05-06T20:10:21.299-0500] {processor.py:183} INFO - Processing /Users/paulamedina/venv/lib/python3.12/site-packages/airflow/example_dags/example_dynamic_task_mapping.py took 0.138 seconds
[2024-05-06T20:13:36.852-0500] {processor.py:161} INFO - Started process (PID=42230) to work on /Users/paulamedina/venv/lib/python3.12/site-packages/airflow/example_dags/example_dynamic_task_mapping.py
[2024-05-06T20:13:36.853-0500] {processor.py:830} INFO - Processing file /Users/paulamedina/venv/lib/python3.12/site-packages/airflow/example_dags/example_dynamic_task_mapping.py for tasks to queue
[2024-05-06T20:13:36.854-0500] {logging_mixin.py:188} INFO - [2024-05-06T20:13:36.853-0500] {dagbag.py:540} INFO - Filling up the DagBag from /Users/paulamedina/venv/lib/python3.12/site-packages/airflow/example_dags/example_dynamic_task_mapping.py
[2024-05-06T20:13:36.889-0500] {processor.py:840} INFO - DAG(s) 'example_dynamic_task_mapping' retrieved from /Users/paulamedina/venv/lib/python3.12/site-packages/airflow/example_dags/example_dynamic_task_mapping.py
[2024-05-06T20:13:36.978-0500] {logging_mixin.py:188} INFO - [2024-05-06T20:13:36.977-0500] {dag.py:3096} INFO - Sync 1 DAGs
[2024-05-06T20:13:36.991-0500] {logging_mixin.py:188} INFO - [2024-05-06T20:13:36.991-0500] {dag.py:3954} INFO - Setting next_dagrun for example_dynamic_task_mapping to 2022-03-04 00:00:00+00:00, run_after=2022-03-05 00:00:00+00:00
[2024-05-06T20:13:37.007-0500] {processor.py:183} INFO - Processing /Users/paulamedina/venv/lib/python3.12/site-packages/airflow/example_dags/example_dynamic_task_mapping.py took 0.157 seconds
[2024-05-06T20:17:00.002-0500] {processor.py:161} INFO - Started process (PID=42964) to work on /Users/paulamedina/venv/lib/python3.12/site-packages/airflow/example_dags/example_dynamic_task_mapping.py
[2024-05-06T20:17:00.003-0500] {processor.py:830} INFO - Processing file /Users/paulamedina/venv/lib/python3.12/site-packages/airflow/example_dags/example_dynamic_task_mapping.py for tasks to queue
[2024-05-06T20:17:00.004-0500] {logging_mixin.py:188} INFO - [2024-05-06T20:17:00.004-0500] {dagbag.py:540} INFO - Filling up the DagBag from /Users/paulamedina/venv/lib/python3.12/site-packages/airflow/example_dags/example_dynamic_task_mapping.py
[2024-05-06T20:17:00.045-0500] {processor.py:840} INFO - DAG(s) 'example_dynamic_task_mapping' retrieved from /Users/paulamedina/venv/lib/python3.12/site-packages/airflow/example_dags/example_dynamic_task_mapping.py
[2024-05-06T20:17:00.127-0500] {logging_mixin.py:188} INFO - [2024-05-06T20:17:00.126-0500] {dag.py:3096} INFO - Sync 1 DAGs
[2024-05-06T20:17:00.138-0500] {logging_mixin.py:188} INFO - [2024-05-06T20:17:00.138-0500] {dag.py:3954} INFO - Setting next_dagrun for example_dynamic_task_mapping to 2022-03-04 00:00:00+00:00, run_after=2022-03-05 00:00:00+00:00
[2024-05-06T20:17:00.154-0500] {processor.py:183} INFO - Processing /Users/paulamedina/venv/lib/python3.12/site-packages/airflow/example_dags/example_dynamic_task_mapping.py took 0.154 seconds
[2024-05-06T20:20:28.030-0500] {processor.py:161} INFO - Started process (PID=43695) to work on /Users/paulamedina/venv/lib/python3.12/site-packages/airflow/example_dags/example_dynamic_task_mapping.py
[2024-05-06T20:20:28.031-0500] {processor.py:830} INFO - Processing file /Users/paulamedina/venv/lib/python3.12/site-packages/airflow/example_dags/example_dynamic_task_mapping.py for tasks to queue
[2024-05-06T20:20:28.032-0500] {logging_mixin.py:188} INFO - [2024-05-06T20:20:28.031-0500] {dagbag.py:540} INFO - Filling up the DagBag from /Users/paulamedina/venv/lib/python3.12/site-packages/airflow/example_dags/example_dynamic_task_mapping.py
[2024-05-06T20:20:28.065-0500] {processor.py:840} INFO - DAG(s) 'example_dynamic_task_mapping' retrieved from /Users/paulamedina/venv/lib/python3.12/site-packages/airflow/example_dags/example_dynamic_task_mapping.py
[2024-05-06T20:20:28.140-0500] {logging_mixin.py:188} INFO - [2024-05-06T20:20:28.140-0500] {dag.py:3096} INFO - Sync 1 DAGs
[2024-05-06T20:20:28.151-0500] {logging_mixin.py:188} INFO - [2024-05-06T20:20:28.151-0500] {dag.py:3954} INFO - Setting next_dagrun for example_dynamic_task_mapping to 2022-03-04 00:00:00+00:00, run_after=2022-03-05 00:00:00+00:00
[2024-05-06T20:20:28.166-0500] {processor.py:183} INFO - Processing /Users/paulamedina/venv/lib/python3.12/site-packages/airflow/example_dags/example_dynamic_task_mapping.py took 0.137 seconds
[2024-05-06T20:23:55.095-0500] {processor.py:161} INFO - Started process (PID=44437) to work on /Users/paulamedina/venv/lib/python3.12/site-packages/airflow/example_dags/example_dynamic_task_mapping.py
[2024-05-06T20:23:55.096-0500] {processor.py:830} INFO - Processing file /Users/paulamedina/venv/lib/python3.12/site-packages/airflow/example_dags/example_dynamic_task_mapping.py for tasks to queue
[2024-05-06T20:23:55.096-0500] {logging_mixin.py:188} INFO - [2024-05-06T20:23:55.096-0500] {dagbag.py:540} INFO - Filling up the DagBag from /Users/paulamedina/venv/lib/python3.12/site-packages/airflow/example_dags/example_dynamic_task_mapping.py
[2024-05-06T20:23:55.126-0500] {processor.py:840} INFO - DAG(s) 'example_dynamic_task_mapping' retrieved from /Users/paulamedina/venv/lib/python3.12/site-packages/airflow/example_dags/example_dynamic_task_mapping.py
[2024-05-06T20:23:55.201-0500] {logging_mixin.py:188} INFO - [2024-05-06T20:23:55.201-0500] {dag.py:3096} INFO - Sync 1 DAGs
[2024-05-06T20:23:55.213-0500] {logging_mixin.py:188} INFO - [2024-05-06T20:23:55.213-0500] {dag.py:3954} INFO - Setting next_dagrun for example_dynamic_task_mapping to 2022-03-04 00:00:00+00:00, run_after=2022-03-05 00:00:00+00:00
[2024-05-06T20:23:55.228-0500] {processor.py:183} INFO - Processing /Users/paulamedina/venv/lib/python3.12/site-packages/airflow/example_dags/example_dynamic_task_mapping.py took 0.135 seconds
[2024-05-06T20:27:19.611-0500] {processor.py:161} INFO - Started process (PID=45155) to work on /Users/paulamedina/venv/lib/python3.12/site-packages/airflow/example_dags/example_dynamic_task_mapping.py
[2024-05-06T20:27:19.611-0500] {processor.py:830} INFO - Processing file /Users/paulamedina/venv/lib/python3.12/site-packages/airflow/example_dags/example_dynamic_task_mapping.py for tasks to queue
[2024-05-06T20:27:19.612-0500] {logging_mixin.py:188} INFO - [2024-05-06T20:27:19.612-0500] {dagbag.py:540} INFO - Filling up the DagBag from /Users/paulamedina/venv/lib/python3.12/site-packages/airflow/example_dags/example_dynamic_task_mapping.py
[2024-05-06T20:27:19.648-0500] {processor.py:840} INFO - DAG(s) 'example_dynamic_task_mapping' retrieved from /Users/paulamedina/venv/lib/python3.12/site-packages/airflow/example_dags/example_dynamic_task_mapping.py
[2024-05-06T20:27:19.733-0500] {logging_mixin.py:188} INFO - [2024-05-06T20:27:19.733-0500] {dag.py:3096} INFO - Sync 1 DAGs
[2024-05-06T20:27:19.747-0500] {logging_mixin.py:188} INFO - [2024-05-06T20:27:19.747-0500] {dag.py:3954} INFO - Setting next_dagrun for example_dynamic_task_mapping to 2022-03-04 00:00:00+00:00, run_after=2022-03-05 00:00:00+00:00
[2024-05-06T20:27:19.764-0500] {processor.py:183} INFO - Processing /Users/paulamedina/venv/lib/python3.12/site-packages/airflow/example_dags/example_dynamic_task_mapping.py took 0.156 seconds
[2024-05-06T20:30:44.966-0500] {processor.py:161} INFO - Started process (PID=45985) to work on /Users/paulamedina/venv/lib/python3.12/site-packages/airflow/example_dags/example_dynamic_task_mapping.py
[2024-05-06T20:30:44.967-0500] {processor.py:830} INFO - Processing file /Users/paulamedina/venv/lib/python3.12/site-packages/airflow/example_dags/example_dynamic_task_mapping.py for tasks to queue
[2024-05-06T20:30:44.967-0500] {logging_mixin.py:188} INFO - [2024-05-06T20:30:44.967-0500] {dagbag.py:540} INFO - Filling up the DagBag from /Users/paulamedina/venv/lib/python3.12/site-packages/airflow/example_dags/example_dynamic_task_mapping.py
[2024-05-06T20:30:45.003-0500] {processor.py:840} INFO - DAG(s) 'example_dynamic_task_mapping' retrieved from /Users/paulamedina/venv/lib/python3.12/site-packages/airflow/example_dags/example_dynamic_task_mapping.py
[2024-05-06T20:30:45.095-0500] {logging_mixin.py:188} INFO - [2024-05-06T20:30:45.095-0500] {dag.py:3096} INFO - Sync 1 DAGs
[2024-05-06T20:30:45.109-0500] {logging_mixin.py:188} INFO - [2024-05-06T20:30:45.109-0500] {dag.py:3954} INFO - Setting next_dagrun for example_dynamic_task_mapping to 2022-03-04 00:00:00+00:00, run_after=2022-03-05 00:00:00+00:00
[2024-05-06T20:30:45.126-0500] {processor.py:183} INFO - Processing /Users/paulamedina/venv/lib/python3.12/site-packages/airflow/example_dags/example_dynamic_task_mapping.py took 0.163 seconds
[2024-05-06T20:34:09.217-0500] {processor.py:161} INFO - Started process (PID=46721) to work on /Users/paulamedina/venv/lib/python3.12/site-packages/airflow/example_dags/example_dynamic_task_mapping.py
[2024-05-06T20:34:09.217-0500] {processor.py:830} INFO - Processing file /Users/paulamedina/venv/lib/python3.12/site-packages/airflow/example_dags/example_dynamic_task_mapping.py for tasks to queue
[2024-05-06T20:34:09.218-0500] {logging_mixin.py:188} INFO - [2024-05-06T20:34:09.218-0500] {dagbag.py:540} INFO - Filling up the DagBag from /Users/paulamedina/venv/lib/python3.12/site-packages/airflow/example_dags/example_dynamic_task_mapping.py
[2024-05-06T20:34:09.254-0500] {processor.py:840} INFO - DAG(s) 'example_dynamic_task_mapping' retrieved from /Users/paulamedina/venv/lib/python3.12/site-packages/airflow/example_dags/example_dynamic_task_mapping.py
[2024-05-06T20:34:09.340-0500] {logging_mixin.py:188} INFO - [2024-05-06T20:34:09.339-0500] {dag.py:3096} INFO - Sync 1 DAGs
[2024-05-06T20:34:09.353-0500] {logging_mixin.py:188} INFO - [2024-05-06T20:34:09.353-0500] {dag.py:3954} INFO - Setting next_dagrun for example_dynamic_task_mapping to 2022-03-04 00:00:00+00:00, run_after=2022-03-05 00:00:00+00:00
[2024-05-06T20:34:09.370-0500] {processor.py:183} INFO - Processing /Users/paulamedina/venv/lib/python3.12/site-packages/airflow/example_dags/example_dynamic_task_mapping.py took 0.156 seconds
[2024-05-06T20:37:23.255-0500] {processor.py:161} INFO - Started process (PID=47411) to work on /Users/paulamedina/venv/lib/python3.12/site-packages/airflow/example_dags/example_dynamic_task_mapping.py
[2024-05-06T20:37:23.256-0500] {processor.py:830} INFO - Processing file /Users/paulamedina/venv/lib/python3.12/site-packages/airflow/example_dags/example_dynamic_task_mapping.py for tasks to queue
[2024-05-06T20:37:23.256-0500] {logging_mixin.py:188} INFO - [2024-05-06T20:37:23.256-0500] {dagbag.py:540} INFO - Filling up the DagBag from /Users/paulamedina/venv/lib/python3.12/site-packages/airflow/example_dags/example_dynamic_task_mapping.py
[2024-05-06T20:37:23.291-0500] {processor.py:840} INFO - DAG(s) 'example_dynamic_task_mapping' retrieved from /Users/paulamedina/venv/lib/python3.12/site-packages/airflow/example_dags/example_dynamic_task_mapping.py
[2024-05-06T20:37:23.378-0500] {logging_mixin.py:188} INFO - [2024-05-06T20:37:23.377-0500] {dag.py:3096} INFO - Sync 1 DAGs
[2024-05-06T20:37:23.391-0500] {logging_mixin.py:188} INFO - [2024-05-06T20:37:23.391-0500] {dag.py:3954} INFO - Setting next_dagrun for example_dynamic_task_mapping to 2022-03-04 00:00:00+00:00, run_after=2022-03-05 00:00:00+00:00
[2024-05-06T20:37:23.406-0500] {processor.py:183} INFO - Processing /Users/paulamedina/venv/lib/python3.12/site-packages/airflow/example_dags/example_dynamic_task_mapping.py took 0.154 seconds
[2024-05-06T20:40:50.462-0500] {processor.py:161} INFO - Started process (PID=48137) to work on /Users/paulamedina/venv/lib/python3.12/site-packages/airflow/example_dags/example_dynamic_task_mapping.py
[2024-05-06T20:40:50.463-0500] {processor.py:830} INFO - Processing file /Users/paulamedina/venv/lib/python3.12/site-packages/airflow/example_dags/example_dynamic_task_mapping.py for tasks to queue
[2024-05-06T20:40:50.463-0500] {logging_mixin.py:188} INFO - [2024-05-06T20:40:50.463-0500] {dagbag.py:540} INFO - Filling up the DagBag from /Users/paulamedina/venv/lib/python3.12/site-packages/airflow/example_dags/example_dynamic_task_mapping.py
[2024-05-06T20:40:50.494-0500] {processor.py:840} INFO - DAG(s) 'example_dynamic_task_mapping' retrieved from /Users/paulamedina/venv/lib/python3.12/site-packages/airflow/example_dags/example_dynamic_task_mapping.py
[2024-05-06T20:40:50.571-0500] {logging_mixin.py:188} INFO - [2024-05-06T20:40:50.570-0500] {dag.py:3096} INFO - Sync 1 DAGs
[2024-05-06T20:40:50.582-0500] {logging_mixin.py:188} INFO - [2024-05-06T20:40:50.582-0500] {dag.py:3954} INFO - Setting next_dagrun for example_dynamic_task_mapping to 2022-03-04 00:00:00+00:00, run_after=2022-03-05 00:00:00+00:00
[2024-05-06T20:40:50.597-0500] {processor.py:183} INFO - Processing /Users/paulamedina/venv/lib/python3.12/site-packages/airflow/example_dags/example_dynamic_task_mapping.py took 0.137 seconds
[2024-05-06T20:44:15.670-0500] {processor.py:161} INFO - Started process (PID=48876) to work on /Users/paulamedina/venv/lib/python3.12/site-packages/airflow/example_dags/example_dynamic_task_mapping.py
[2024-05-06T20:44:15.671-0500] {processor.py:830} INFO - Processing file /Users/paulamedina/venv/lib/python3.12/site-packages/airflow/example_dags/example_dynamic_task_mapping.py for tasks to queue
[2024-05-06T20:44:15.672-0500] {logging_mixin.py:188} INFO - [2024-05-06T20:44:15.672-0500] {dagbag.py:540} INFO - Filling up the DagBag from /Users/paulamedina/venv/lib/python3.12/site-packages/airflow/example_dags/example_dynamic_task_mapping.py
[2024-05-06T20:44:15.706-0500] {processor.py:840} INFO - DAG(s) 'example_dynamic_task_mapping' retrieved from /Users/paulamedina/venv/lib/python3.12/site-packages/airflow/example_dags/example_dynamic_task_mapping.py
[2024-05-06T20:44:15.792-0500] {logging_mixin.py:188} INFO - [2024-05-06T20:44:15.792-0500] {dag.py:3096} INFO - Sync 1 DAGs
[2024-05-06T20:44:15.806-0500] {logging_mixin.py:188} INFO - [2024-05-06T20:44:15.805-0500] {dag.py:3954} INFO - Setting next_dagrun for example_dynamic_task_mapping to 2022-03-04 00:00:00+00:00, run_after=2022-03-05 00:00:00+00:00
[2024-05-06T20:44:15.822-0500] {processor.py:183} INFO - Processing /Users/paulamedina/venv/lib/python3.12/site-packages/airflow/example_dags/example_dynamic_task_mapping.py took 0.154 seconds
[2024-05-06T20:47:45.577-0500] {processor.py:161} INFO - Started process (PID=49709) to work on /Users/paulamedina/venv/lib/python3.12/site-packages/airflow/example_dags/example_dynamic_task_mapping.py
[2024-05-06T20:47:45.578-0500] {processor.py:830} INFO - Processing file /Users/paulamedina/venv/lib/python3.12/site-packages/airflow/example_dags/example_dynamic_task_mapping.py for tasks to queue
[2024-05-06T20:47:45.578-0500] {logging_mixin.py:188} INFO - [2024-05-06T20:47:45.578-0500] {dagbag.py:540} INFO - Filling up the DagBag from /Users/paulamedina/venv/lib/python3.12/site-packages/airflow/example_dags/example_dynamic_task_mapping.py
[2024-05-06T20:47:45.608-0500] {processor.py:840} INFO - DAG(s) 'example_dynamic_task_mapping' retrieved from /Users/paulamedina/venv/lib/python3.12/site-packages/airflow/example_dags/example_dynamic_task_mapping.py
[2024-05-06T20:47:45.682-0500] {logging_mixin.py:188} INFO - [2024-05-06T20:47:45.682-0500] {dag.py:3096} INFO - Sync 1 DAGs
[2024-05-06T20:47:45.693-0500] {logging_mixin.py:188} INFO - [2024-05-06T20:47:45.693-0500] {dag.py:3954} INFO - Setting next_dagrun for example_dynamic_task_mapping to 2022-03-04 00:00:00+00:00, run_after=2022-03-05 00:00:00+00:00
[2024-05-06T20:47:45.708-0500] {processor.py:183} INFO - Processing /Users/paulamedina/venv/lib/python3.12/site-packages/airflow/example_dags/example_dynamic_task_mapping.py took 0.133 seconds
[2024-05-06T20:51:14.513-0500] {processor.py:161} INFO - Started process (PID=50442) to work on /Users/paulamedina/venv/lib/python3.12/site-packages/airflow/example_dags/example_dynamic_task_mapping.py
[2024-05-06T20:51:14.514-0500] {processor.py:830} INFO - Processing file /Users/paulamedina/venv/lib/python3.12/site-packages/airflow/example_dags/example_dynamic_task_mapping.py for tasks to queue
[2024-05-06T20:51:14.514-0500] {logging_mixin.py:188} INFO - [2024-05-06T20:51:14.514-0500] {dagbag.py:540} INFO - Filling up the DagBag from /Users/paulamedina/venv/lib/python3.12/site-packages/airflow/example_dags/example_dynamic_task_mapping.py
[2024-05-06T20:51:14.545-0500] {processor.py:840} INFO - DAG(s) 'example_dynamic_task_mapping' retrieved from /Users/paulamedina/venv/lib/python3.12/site-packages/airflow/example_dags/example_dynamic_task_mapping.py
[2024-05-06T20:51:14.619-0500] {logging_mixin.py:188} INFO - [2024-05-06T20:51:14.619-0500] {dag.py:3096} INFO - Sync 1 DAGs
[2024-05-06T20:51:14.630-0500] {logging_mixin.py:188} INFO - [2024-05-06T20:51:14.630-0500] {dag.py:3954} INFO - Setting next_dagrun for example_dynamic_task_mapping to 2022-03-04 00:00:00+00:00, run_after=2022-03-05 00:00:00+00:00
[2024-05-06T20:51:14.645-0500] {processor.py:183} INFO - Processing /Users/paulamedina/venv/lib/python3.12/site-packages/airflow/example_dags/example_dynamic_task_mapping.py took 0.134 seconds
[2024-05-06T20:54:43.480-0500] {processor.py:161} INFO - Started process (PID=51181) to work on /Users/paulamedina/venv/lib/python3.12/site-packages/airflow/example_dags/example_dynamic_task_mapping.py
[2024-05-06T20:54:43.481-0500] {processor.py:830} INFO - Processing file /Users/paulamedina/venv/lib/python3.12/site-packages/airflow/example_dags/example_dynamic_task_mapping.py for tasks to queue
[2024-05-06T20:54:43.482-0500] {logging_mixin.py:188} INFO - [2024-05-06T20:54:43.481-0500] {dagbag.py:540} INFO - Filling up the DagBag from /Users/paulamedina/venv/lib/python3.12/site-packages/airflow/example_dags/example_dynamic_task_mapping.py
[2024-05-06T20:54:43.517-0500] {processor.py:840} INFO - DAG(s) 'example_dynamic_task_mapping' retrieved from /Users/paulamedina/venv/lib/python3.12/site-packages/airflow/example_dags/example_dynamic_task_mapping.py
[2024-05-06T20:54:43.603-0500] {logging_mixin.py:188} INFO - [2024-05-06T20:54:43.603-0500] {dag.py:3096} INFO - Sync 1 DAGs
[2024-05-06T20:54:43.616-0500] {logging_mixin.py:188} INFO - [2024-05-06T20:54:43.616-0500] {dag.py:3954} INFO - Setting next_dagrun for example_dynamic_task_mapping to 2022-03-04 00:00:00+00:00, run_after=2022-03-05 00:00:00+00:00
[2024-05-06T20:54:43.633-0500] {processor.py:183} INFO - Processing /Users/paulamedina/venv/lib/python3.12/site-packages/airflow/example_dags/example_dynamic_task_mapping.py took 0.155 seconds
[2024-05-06T20:58:11.659-0500] {processor.py:161} INFO - Started process (PID=51921) to work on /Users/paulamedina/venv/lib/python3.12/site-packages/airflow/example_dags/example_dynamic_task_mapping.py
[2024-05-06T20:58:11.660-0500] {processor.py:830} INFO - Processing file /Users/paulamedina/venv/lib/python3.12/site-packages/airflow/example_dags/example_dynamic_task_mapping.py for tasks to queue
[2024-05-06T20:58:11.661-0500] {logging_mixin.py:188} INFO - [2024-05-06T20:58:11.660-0500] {dagbag.py:540} INFO - Filling up the DagBag from /Users/paulamedina/venv/lib/python3.12/site-packages/airflow/example_dags/example_dynamic_task_mapping.py
[2024-05-06T20:58:11.690-0500] {processor.py:840} INFO - DAG(s) 'example_dynamic_task_mapping' retrieved from /Users/paulamedina/venv/lib/python3.12/site-packages/airflow/example_dags/example_dynamic_task_mapping.py
[2024-05-06T20:58:11.764-0500] {logging_mixin.py:188} INFO - [2024-05-06T20:58:11.763-0500] {dag.py:3096} INFO - Sync 1 DAGs
[2024-05-06T20:58:11.775-0500] {logging_mixin.py:188} INFO - [2024-05-06T20:58:11.775-0500] {dag.py:3954} INFO - Setting next_dagrun for example_dynamic_task_mapping to 2022-03-04 00:00:00+00:00, run_after=2022-03-05 00:00:00+00:00
[2024-05-06T20:58:11.789-0500] {processor.py:183} INFO - Processing /Users/paulamedina/venv/lib/python3.12/site-packages/airflow/example_dags/example_dynamic_task_mapping.py took 0.131 seconds
[2024-05-06T21:02:06.999-0500] {processor.py:161} INFO - Started process (PID=52794) to work on /Users/paulamedina/venv/lib/python3.12/site-packages/airflow/example_dags/example_dynamic_task_mapping.py
[2024-05-06T21:02:07.000-0500] {processor.py:830} INFO - Processing file /Users/paulamedina/venv/lib/python3.12/site-packages/airflow/example_dags/example_dynamic_task_mapping.py for tasks to queue
[2024-05-06T21:02:07.000-0500] {logging_mixin.py:188} INFO - [2024-05-06T21:02:07.000-0500] {dagbag.py:540} INFO - Filling up the DagBag from /Users/paulamedina/venv/lib/python3.12/site-packages/airflow/example_dags/example_dynamic_task_mapping.py
[2024-05-06T21:02:07.038-0500] {processor.py:840} INFO - DAG(s) 'example_dynamic_task_mapping' retrieved from /Users/paulamedina/venv/lib/python3.12/site-packages/airflow/example_dags/example_dynamic_task_mapping.py
[2024-05-06T21:02:07.125-0500] {logging_mixin.py:188} INFO - [2024-05-06T21:02:07.124-0500] {dag.py:3096} INFO - Sync 1 DAGs
[2024-05-06T21:02:07.140-0500] {logging_mixin.py:188} INFO - [2024-05-06T21:02:07.140-0500] {dag.py:3954} INFO - Setting next_dagrun for example_dynamic_task_mapping to 2022-03-04 00:00:00+00:00, run_after=2022-03-05 00:00:00+00:00
[2024-05-06T21:02:07.161-0500] {processor.py:183} INFO - Processing /Users/paulamedina/venv/lib/python3.12/site-packages/airflow/example_dags/example_dynamic_task_mapping.py took 0.165 seconds
[2024-05-06T21:05:31.628-0500] {processor.py:161} INFO - Started process (PID=53685) to work on /Users/paulamedina/venv/lib/python3.12/site-packages/airflow/example_dags/example_dynamic_task_mapping.py
[2024-05-06T21:05:31.629-0500] {processor.py:830} INFO - Processing file /Users/paulamedina/venv/lib/python3.12/site-packages/airflow/example_dags/example_dynamic_task_mapping.py for tasks to queue
[2024-05-06T21:05:31.630-0500] {logging_mixin.py:188} INFO - [2024-05-06T21:05:31.629-0500] {dagbag.py:540} INFO - Filling up the DagBag from /Users/paulamedina/venv/lib/python3.12/site-packages/airflow/example_dags/example_dynamic_task_mapping.py
[2024-05-06T21:05:31.664-0500] {processor.py:840} INFO - DAG(s) 'example_dynamic_task_mapping' retrieved from /Users/paulamedina/venv/lib/python3.12/site-packages/airflow/example_dags/example_dynamic_task_mapping.py
[2024-05-06T21:05:31.750-0500] {logging_mixin.py:188} INFO - [2024-05-06T21:05:31.750-0500] {dag.py:3096} INFO - Sync 1 DAGs
[2024-05-06T21:05:31.764-0500] {logging_mixin.py:188} INFO - [2024-05-06T21:05:31.763-0500] {dag.py:3954} INFO - Setting next_dagrun for example_dynamic_task_mapping to 2022-03-04 00:00:00+00:00, run_after=2022-03-05 00:00:00+00:00
[2024-05-06T21:05:31.782-0500] {processor.py:183} INFO - Processing /Users/paulamedina/venv/lib/python3.12/site-packages/airflow/example_dags/example_dynamic_task_mapping.py took 0.156 seconds
[2024-05-06T21:08:54.714-0500] {processor.py:161} INFO - Started process (PID=54412) to work on /Users/paulamedina/venv/lib/python3.12/site-packages/airflow/example_dags/example_dynamic_task_mapping.py
[2024-05-06T21:08:54.715-0500] {processor.py:830} INFO - Processing file /Users/paulamedina/venv/lib/python3.12/site-packages/airflow/example_dags/example_dynamic_task_mapping.py for tasks to queue
[2024-05-06T21:08:54.715-0500] {logging_mixin.py:188} INFO - [2024-05-06T21:08:54.715-0500] {dagbag.py:540} INFO - Filling up the DagBag from /Users/paulamedina/venv/lib/python3.12/site-packages/airflow/example_dags/example_dynamic_task_mapping.py
[2024-05-06T21:08:54.745-0500] {processor.py:840} INFO - DAG(s) 'example_dynamic_task_mapping' retrieved from /Users/paulamedina/venv/lib/python3.12/site-packages/airflow/example_dags/example_dynamic_task_mapping.py
[2024-05-06T21:08:54.819-0500] {logging_mixin.py:188} INFO - [2024-05-06T21:08:54.819-0500] {dag.py:3096} INFO - Sync 1 DAGs
[2024-05-06T21:08:54.830-0500] {logging_mixin.py:188} INFO - [2024-05-06T21:08:54.830-0500] {dag.py:3954} INFO - Setting next_dagrun for example_dynamic_task_mapping to 2022-03-04 00:00:00+00:00, run_after=2022-03-05 00:00:00+00:00
[2024-05-06T21:08:54.845-0500] {processor.py:183} INFO - Processing /Users/paulamedina/venv/lib/python3.12/site-packages/airflow/example_dags/example_dynamic_task_mapping.py took 0.134 seconds
[2024-05-06T21:12:17.839-0500] {processor.py:161} INFO - Started process (PID=55128) to work on /Users/paulamedina/venv/lib/python3.12/site-packages/airflow/example_dags/example_dynamic_task_mapping.py
[2024-05-06T21:12:17.840-0500] {processor.py:830} INFO - Processing file /Users/paulamedina/venv/lib/python3.12/site-packages/airflow/example_dags/example_dynamic_task_mapping.py for tasks to queue
[2024-05-06T21:12:17.841-0500] {logging_mixin.py:188} INFO - [2024-05-06T21:12:17.840-0500] {dagbag.py:540} INFO - Filling up the DagBag from /Users/paulamedina/venv/lib/python3.12/site-packages/airflow/example_dags/example_dynamic_task_mapping.py
[2024-05-06T21:12:17.871-0500] {processor.py:840} INFO - DAG(s) 'example_dynamic_task_mapping' retrieved from /Users/paulamedina/venv/lib/python3.12/site-packages/airflow/example_dags/example_dynamic_task_mapping.py
[2024-05-06T21:12:17.945-0500] {logging_mixin.py:188} INFO - [2024-05-06T21:12:17.944-0500] {dag.py:3096} INFO - Sync 1 DAGs
[2024-05-06T21:12:17.956-0500] {logging_mixin.py:188} INFO - [2024-05-06T21:12:17.956-0500] {dag.py:3954} INFO - Setting next_dagrun for example_dynamic_task_mapping to 2022-03-04 00:00:00+00:00, run_after=2022-03-05 00:00:00+00:00
[2024-05-06T21:12:17.971-0500] {processor.py:183} INFO - Processing /Users/paulamedina/venv/lib/python3.12/site-packages/airflow/example_dags/example_dynamic_task_mapping.py took 0.134 seconds
[2024-05-06T21:15:43.202-0500] {processor.py:161} INFO - Started process (PID=55853) to work on /Users/paulamedina/venv/lib/python3.12/site-packages/airflow/example_dags/example_dynamic_task_mapping.py
[2024-05-06T21:15:43.202-0500] {processor.py:830} INFO - Processing file /Users/paulamedina/venv/lib/python3.12/site-packages/airflow/example_dags/example_dynamic_task_mapping.py for tasks to queue
[2024-05-06T21:15:43.203-0500] {logging_mixin.py:188} INFO - [2024-05-06T21:15:43.203-0500] {dagbag.py:540} INFO - Filling up the DagBag from /Users/paulamedina/venv/lib/python3.12/site-packages/airflow/example_dags/example_dynamic_task_mapping.py
[2024-05-06T21:15:43.232-0500] {processor.py:840} INFO - DAG(s) 'example_dynamic_task_mapping' retrieved from /Users/paulamedina/venv/lib/python3.12/site-packages/airflow/example_dags/example_dynamic_task_mapping.py
[2024-05-06T21:15:43.307-0500] {logging_mixin.py:188} INFO - [2024-05-06T21:15:43.307-0500] {dag.py:3096} INFO - Sync 1 DAGs
[2024-05-06T21:15:43.318-0500] {logging_mixin.py:188} INFO - [2024-05-06T21:15:43.318-0500] {dag.py:3954} INFO - Setting next_dagrun for example_dynamic_task_mapping to 2022-03-04 00:00:00+00:00, run_after=2022-03-05 00:00:00+00:00
[2024-05-06T21:15:43.333-0500] {processor.py:183} INFO - Processing /Users/paulamedina/venv/lib/python3.12/site-packages/airflow/example_dags/example_dynamic_task_mapping.py took 0.134 seconds
[2024-05-06T21:19:16.633-0500] {processor.py:161} INFO - Started process (PID=56604) to work on /Users/paulamedina/venv/lib/python3.12/site-packages/airflow/example_dags/example_dynamic_task_mapping.py
[2024-05-06T21:19:16.633-0500] {processor.py:830} INFO - Processing file /Users/paulamedina/venv/lib/python3.12/site-packages/airflow/example_dags/example_dynamic_task_mapping.py for tasks to queue
[2024-05-06T21:19:16.634-0500] {logging_mixin.py:188} INFO - [2024-05-06T21:19:16.634-0500] {dagbag.py:540} INFO - Filling up the DagBag from /Users/paulamedina/venv/lib/python3.12/site-packages/airflow/example_dags/example_dynamic_task_mapping.py
[2024-05-06T21:19:16.666-0500] {processor.py:840} INFO - DAG(s) 'example_dynamic_task_mapping' retrieved from /Users/paulamedina/venv/lib/python3.12/site-packages/airflow/example_dags/example_dynamic_task_mapping.py
[2024-05-06T21:19:16.740-0500] {logging_mixin.py:188} INFO - [2024-05-06T21:19:16.740-0500] {dag.py:3096} INFO - Sync 1 DAGs
[2024-05-06T21:19:16.752-0500] {logging_mixin.py:188} INFO - [2024-05-06T21:19:16.752-0500] {dag.py:3954} INFO - Setting next_dagrun for example_dynamic_task_mapping to 2022-03-04 00:00:00+00:00, run_after=2022-03-05 00:00:00+00:00
[2024-05-06T21:19:16.767-0500] {processor.py:183} INFO - Processing /Users/paulamedina/venv/lib/python3.12/site-packages/airflow/example_dags/example_dynamic_task_mapping.py took 0.137 seconds
[2024-05-06T21:22:47.870-0500] {processor.py:161} INFO - Started process (PID=57438) to work on /Users/paulamedina/venv/lib/python3.12/site-packages/airflow/example_dags/example_dynamic_task_mapping.py
[2024-05-06T21:22:47.871-0500] {processor.py:830} INFO - Processing file /Users/paulamedina/venv/lib/python3.12/site-packages/airflow/example_dags/example_dynamic_task_mapping.py for tasks to queue
[2024-05-06T21:22:47.872-0500] {logging_mixin.py:188} INFO - [2024-05-06T21:22:47.871-0500] {dagbag.py:540} INFO - Filling up the DagBag from /Users/paulamedina/venv/lib/python3.12/site-packages/airflow/example_dags/example_dynamic_task_mapping.py
[2024-05-06T21:22:47.906-0500] {processor.py:840} INFO - DAG(s) 'example_dynamic_task_mapping' retrieved from /Users/paulamedina/venv/lib/python3.12/site-packages/airflow/example_dags/example_dynamic_task_mapping.py
[2024-05-06T21:22:47.992-0500] {logging_mixin.py:188} INFO - [2024-05-06T21:22:47.991-0500] {dag.py:3096} INFO - Sync 1 DAGs
[2024-05-06T21:22:48.005-0500] {logging_mixin.py:188} INFO - [2024-05-06T21:22:48.005-0500] {dag.py:3954} INFO - Setting next_dagrun for example_dynamic_task_mapping to 2022-03-04 00:00:00+00:00, run_after=2022-03-05 00:00:00+00:00
[2024-05-06T21:22:48.022-0500] {processor.py:183} INFO - Processing /Users/paulamedina/venv/lib/python3.12/site-packages/airflow/example_dags/example_dynamic_task_mapping.py took 0.154 seconds
[2024-05-06T21:26:19.640-0500] {processor.py:161} INFO - Started process (PID=58191) to work on /Users/paulamedina/venv/lib/python3.12/site-packages/airflow/example_dags/example_dynamic_task_mapping.py
[2024-05-06T21:26:19.640-0500] {processor.py:830} INFO - Processing file /Users/paulamedina/venv/lib/python3.12/site-packages/airflow/example_dags/example_dynamic_task_mapping.py for tasks to queue
[2024-05-06T21:26:19.641-0500] {logging_mixin.py:188} INFO - [2024-05-06T21:26:19.641-0500] {dagbag.py:540} INFO - Filling up the DagBag from /Users/paulamedina/venv/lib/python3.12/site-packages/airflow/example_dags/example_dynamic_task_mapping.py
[2024-05-06T21:26:19.671-0500] {processor.py:840} INFO - DAG(s) 'example_dynamic_task_mapping' retrieved from /Users/paulamedina/venv/lib/python3.12/site-packages/airflow/example_dags/example_dynamic_task_mapping.py
[2024-05-06T21:26:19.747-0500] {logging_mixin.py:188} INFO - [2024-05-06T21:26:19.747-0500] {dag.py:3096} INFO - Sync 1 DAGs
[2024-05-06T21:26:19.758-0500] {logging_mixin.py:188} INFO - [2024-05-06T21:26:19.758-0500] {dag.py:3954} INFO - Setting next_dagrun for example_dynamic_task_mapping to 2022-03-04 00:00:00+00:00, run_after=2022-03-05 00:00:00+00:00
[2024-05-06T21:26:19.774-0500] {processor.py:183} INFO - Processing /Users/paulamedina/venv/lib/python3.12/site-packages/airflow/example_dags/example_dynamic_task_mapping.py took 0.136 seconds
[2024-05-06T21:29:57.805-0500] {processor.py:161} INFO - Started process (PID=58952) to work on /Users/paulamedina/venv/lib/python3.12/site-packages/airflow/example_dags/example_dynamic_task_mapping.py
[2024-05-06T21:29:57.806-0500] {processor.py:830} INFO - Processing file /Users/paulamedina/venv/lib/python3.12/site-packages/airflow/example_dags/example_dynamic_task_mapping.py for tasks to queue
[2024-05-06T21:29:57.807-0500] {logging_mixin.py:188} INFO - [2024-05-06T21:29:57.807-0500] {dagbag.py:540} INFO - Filling up the DagBag from /Users/paulamedina/venv/lib/python3.12/site-packages/airflow/example_dags/example_dynamic_task_mapping.py
[2024-05-06T21:29:57.854-0500] {processor.py:840} INFO - DAG(s) 'example_dynamic_task_mapping' retrieved from /Users/paulamedina/venv/lib/python3.12/site-packages/airflow/example_dags/example_dynamic_task_mapping.py
[2024-05-06T21:29:57.971-0500] {logging_mixin.py:188} INFO - [2024-05-06T21:29:57.970-0500] {dag.py:3096} INFO - Sync 1 DAGs
[2024-05-06T21:29:57.989-0500] {logging_mixin.py:188} INFO - [2024-05-06T21:29:57.989-0500] {dag.py:3954} INFO - Setting next_dagrun for example_dynamic_task_mapping to 2022-03-04 00:00:00+00:00, run_after=2022-03-05 00:00:00+00:00
[2024-05-06T21:29:58.010-0500] {processor.py:183} INFO - Processing /Users/paulamedina/venv/lib/python3.12/site-packages/airflow/example_dags/example_dynamic_task_mapping.py took 0.208 seconds
[2024-05-06T21:34:09.593-0500] {processor.py:161} INFO - Started process (PID=59881) to work on /Users/paulamedina/venv/lib/python3.12/site-packages/airflow/example_dags/example_dynamic_task_mapping.py
[2024-05-06T21:34:09.594-0500] {processor.py:830} INFO - Processing file /Users/paulamedina/venv/lib/python3.12/site-packages/airflow/example_dags/example_dynamic_task_mapping.py for tasks to queue
[2024-05-06T21:34:09.595-0500] {logging_mixin.py:188} INFO - [2024-05-06T21:34:09.595-0500] {dagbag.py:540} INFO - Filling up the DagBag from /Users/paulamedina/venv/lib/python3.12/site-packages/airflow/example_dags/example_dynamic_task_mapping.py
[2024-05-06T21:34:09.631-0500] {processor.py:840} INFO - DAG(s) 'example_dynamic_task_mapping' retrieved from /Users/paulamedina/venv/lib/python3.12/site-packages/airflow/example_dags/example_dynamic_task_mapping.py
[2024-05-06T21:34:09.713-0500] {logging_mixin.py:188} INFO - [2024-05-06T21:34:09.713-0500] {dag.py:3096} INFO - Sync 1 DAGs
[2024-05-06T21:34:09.725-0500] {logging_mixin.py:188} INFO - [2024-05-06T21:34:09.725-0500] {dag.py:3954} INFO - Setting next_dagrun for example_dynamic_task_mapping to 2022-03-04 00:00:00+00:00, run_after=2022-03-05 00:00:00+00:00
[2024-05-06T21:34:09.740-0500] {processor.py:183} INFO - Processing /Users/paulamedina/venv/lib/python3.12/site-packages/airflow/example_dags/example_dynamic_task_mapping.py took 0.149 seconds
[2024-05-06T21:43:49.880-0500] {processor.py:161} INFO - Started process (PID=62084) to work on /Users/paulamedina/venv/lib/python3.12/site-packages/airflow/example_dags/example_dynamic_task_mapping.py
[2024-05-06T21:43:49.882-0500] {processor.py:830} INFO - Processing file /Users/paulamedina/venv/lib/python3.12/site-packages/airflow/example_dags/example_dynamic_task_mapping.py for tasks to queue
[2024-05-06T21:43:49.883-0500] {logging_mixin.py:188} INFO - [2024-05-06T21:43:49.882-0500] {dagbag.py:540} INFO - Filling up the DagBag from /Users/paulamedina/venv/lib/python3.12/site-packages/airflow/example_dags/example_dynamic_task_mapping.py
[2024-05-06T21:43:49.927-0500] {processor.py:840} INFO - DAG(s) 'example_dynamic_task_mapping' retrieved from /Users/paulamedina/venv/lib/python3.12/site-packages/airflow/example_dags/example_dynamic_task_mapping.py
[2024-05-06T21:43:50.105-0500] {logging_mixin.py:188} INFO - [2024-05-06T21:43:50.105-0500] {override.py:1829} INFO - Created Permission View: can delete on DAG:example_dynamic_task_mapping
[2024-05-06T21:43:50.114-0500] {logging_mixin.py:188} INFO - [2024-05-06T21:43:50.114-0500] {override.py:1829} INFO - Created Permission View: can edit on DAG:example_dynamic_task_mapping
[2024-05-06T21:43:50.119-0500] {logging_mixin.py:188} INFO - [2024-05-06T21:43:50.119-0500] {override.py:1829} INFO - Created Permission View: can read on DAG:example_dynamic_task_mapping
[2024-05-06T21:43:50.119-0500] {logging_mixin.py:188} INFO - [2024-05-06T21:43:50.119-0500] {dag.py:3096} INFO - Sync 1 DAGs
[2024-05-06T21:43:50.129-0500] {logging_mixin.py:188} INFO - [2024-05-06T21:43:50.128-0500] {dag.py:3118} INFO - Creating ORM DAG for example_dynamic_task_mapping
[2024-05-06T21:43:50.136-0500] {logging_mixin.py:188} INFO - [2024-05-06T21:43:50.136-0500] {dag.py:3954} INFO - Setting next_dagrun for example_dynamic_task_mapping to 2022-03-04 00:00:00+00:00, run_after=2022-03-05 00:00:00+00:00
[2024-05-06T21:43:50.150-0500] {processor.py:183} INFO - Processing /Users/paulamedina/venv/lib/python3.12/site-packages/airflow/example_dags/example_dynamic_task_mapping.py took 0.273 seconds
[2024-05-06T21:44:45.645-0500] {processor.py:161} INFO - Started process (PID=62315) to work on /Users/paulamedina/venv/lib/python3.12/site-packages/airflow/example_dags/example_dynamic_task_mapping.py
[2024-05-06T21:44:45.647-0500] {processor.py:830} INFO - Processing file /Users/paulamedina/venv/lib/python3.12/site-packages/airflow/example_dags/example_dynamic_task_mapping.py for tasks to queue
[2024-05-06T21:44:45.648-0500] {logging_mixin.py:188} INFO - [2024-05-06T21:44:45.648-0500] {dagbag.py:540} INFO - Filling up the DagBag from /Users/paulamedina/venv/lib/python3.12/site-packages/airflow/example_dags/example_dynamic_task_mapping.py
[2024-05-06T21:44:45.702-0500] {processor.py:840} INFO - DAG(s) 'example_dynamic_task_mapping' retrieved from /Users/paulamedina/venv/lib/python3.12/site-packages/airflow/example_dags/example_dynamic_task_mapping.py
[2024-05-06T21:44:45.842-0500] {logging_mixin.py:188} INFO - [2024-05-06T21:44:45.841-0500] {dag.py:3096} INFO - Sync 1 DAGs
[2024-05-06T21:44:45.864-0500] {logging_mixin.py:188} INFO - [2024-05-06T21:44:45.864-0500] {dag.py:3954} INFO - Setting next_dagrun for example_dynamic_task_mapping to 2022-03-04 00:00:00+00:00, run_after=2022-03-05 00:00:00+00:00
[2024-05-06T21:44:45.886-0500] {processor.py:183} INFO - Processing /Users/paulamedina/venv/lib/python3.12/site-packages/airflow/example_dags/example_dynamic_task_mapping.py took 0.244 seconds
[2024-05-06T21:46:02.620-0500] {processor.py:161} INFO - Started process (PID=62620) to work on /Users/paulamedina/venv/lib/python3.12/site-packages/airflow/example_dags/example_dynamic_task_mapping.py
[2024-05-06T21:46:02.621-0500] {processor.py:830} INFO - Processing file /Users/paulamedina/venv/lib/python3.12/site-packages/airflow/example_dags/example_dynamic_task_mapping.py for tasks to queue
[2024-05-06T21:46:02.622-0500] {logging_mixin.py:188} INFO - [2024-05-06T21:46:02.622-0500] {dagbag.py:540} INFO - Filling up the DagBag from /Users/paulamedina/venv/lib/python3.12/site-packages/airflow/example_dags/example_dynamic_task_mapping.py
[2024-05-06T21:46:02.671-0500] {processor.py:840} INFO - DAG(s) 'example_dynamic_task_mapping' retrieved from /Users/paulamedina/venv/lib/python3.12/site-packages/airflow/example_dags/example_dynamic_task_mapping.py
[2024-05-06T21:46:02.804-0500] {logging_mixin.py:188} INFO - [2024-05-06T21:46:02.804-0500] {dag.py:3096} INFO - Sync 1 DAGs
[2024-05-06T21:46:02.826-0500] {logging_mixin.py:188} INFO - [2024-05-06T21:46:02.826-0500] {dag.py:3954} INFO - Setting next_dagrun for example_dynamic_task_mapping to 2022-03-04 00:00:00+00:00, run_after=2022-03-05 00:00:00+00:00
[2024-05-06T21:46:02.848-0500] {processor.py:183} INFO - Processing /Users/paulamedina/venv/lib/python3.12/site-packages/airflow/example_dags/example_dynamic_task_mapping.py took 0.231 seconds
[2024-05-06T21:47:07.709-0500] {processor.py:161} INFO - Started process (PID=62873) to work on /Users/paulamedina/venv/lib/python3.12/site-packages/airflow/example_dags/example_dynamic_task_mapping.py
[2024-05-06T21:47:07.711-0500] {processor.py:830} INFO - Processing file /Users/paulamedina/venv/lib/python3.12/site-packages/airflow/example_dags/example_dynamic_task_mapping.py for tasks to queue
[2024-05-06T21:47:07.712-0500] {logging_mixin.py:188} INFO - [2024-05-06T21:47:07.712-0500] {dagbag.py:540} INFO - Filling up the DagBag from /Users/paulamedina/venv/lib/python3.12/site-packages/airflow/example_dags/example_dynamic_task_mapping.py
[2024-05-06T21:47:07.771-0500] {processor.py:840} INFO - DAG(s) 'example_dynamic_task_mapping' retrieved from /Users/paulamedina/venv/lib/python3.12/site-packages/airflow/example_dags/example_dynamic_task_mapping.py
[2024-05-06T21:47:07.924-0500] {logging_mixin.py:188} INFO - [2024-05-06T21:47:07.923-0500] {dag.py:3096} INFO - Sync 1 DAGs
[2024-05-06T21:47:07.948-0500] {logging_mixin.py:188} INFO - [2024-05-06T21:47:07.948-0500] {dag.py:3954} INFO - Setting next_dagrun for example_dynamic_task_mapping to 2022-03-04 00:00:00+00:00, run_after=2022-03-05 00:00:00+00:00
[2024-05-06T21:47:07.971-0500] {processor.py:183} INFO - Processing /Users/paulamedina/venv/lib/python3.12/site-packages/airflow/example_dags/example_dynamic_task_mapping.py took 0.265 seconds
[2024-05-06T21:50:28.448-0500] {processor.py:161} INFO - Started process (PID=63718) to work on /Users/paulamedina/venv/lib/python3.12/site-packages/airflow/example_dags/example_dynamic_task_mapping.py
[2024-05-06T21:50:28.451-0500] {processor.py:830} INFO - Processing file /Users/paulamedina/venv/lib/python3.12/site-packages/airflow/example_dags/example_dynamic_task_mapping.py for tasks to queue
[2024-05-06T21:50:28.453-0500] {logging_mixin.py:188} INFO - [2024-05-06T21:50:28.452-0500] {dagbag.py:540} INFO - Filling up the DagBag from /Users/paulamedina/venv/lib/python3.12/site-packages/airflow/example_dags/example_dynamic_task_mapping.py
[2024-05-06T21:50:28.545-0500] {processor.py:840} INFO - DAG(s) 'example_dynamic_task_mapping' retrieved from /Users/paulamedina/venv/lib/python3.12/site-packages/airflow/example_dags/example_dynamic_task_mapping.py
[2024-05-06T21:50:29.051-0500] {logging_mixin.py:188} INFO - [2024-05-06T21:50:29.050-0500] {dag.py:3096} INFO - Sync 1 DAGs
[2024-05-06T21:50:29.091-0500] {logging_mixin.py:188} INFO - [2024-05-06T21:50:29.090-0500] {dag.py:3954} INFO - Setting next_dagrun for example_dynamic_task_mapping to 2022-03-04 00:00:00+00:00, run_after=2022-03-05 00:00:00+00:00
[2024-05-06T21:50:29.128-0500] {processor.py:183} INFO - Processing /Users/paulamedina/venv/lib/python3.12/site-packages/airflow/example_dags/example_dynamic_task_mapping.py took 0.687 seconds
[2024-05-06T21:52:11.895-0500] {processor.py:161} INFO - Started process (PID=64118) to work on /Users/paulamedina/venv/lib/python3.12/site-packages/airflow/example_dags/example_dynamic_task_mapping.py
[2024-05-06T21:52:11.897-0500] {processor.py:830} INFO - Processing file /Users/paulamedina/venv/lib/python3.12/site-packages/airflow/example_dags/example_dynamic_task_mapping.py for tasks to queue
[2024-05-06T21:52:11.898-0500] {logging_mixin.py:188} INFO - [2024-05-06T21:52:11.898-0500] {dagbag.py:540} INFO - Filling up the DagBag from /Users/paulamedina/venv/lib/python3.12/site-packages/airflow/example_dags/example_dynamic_task_mapping.py
[2024-05-06T21:52:11.946-0500] {processor.py:840} INFO - DAG(s) 'example_dynamic_task_mapping' retrieved from /Users/paulamedina/venv/lib/python3.12/site-packages/airflow/example_dags/example_dynamic_task_mapping.py
[2024-05-06T21:52:12.074-0500] {logging_mixin.py:188} INFO - [2024-05-06T21:52:12.074-0500] {dag.py:3096} INFO - Sync 1 DAGs
[2024-05-06T21:52:12.096-0500] {logging_mixin.py:188} INFO - [2024-05-06T21:52:12.096-0500] {dag.py:3954} INFO - Setting next_dagrun for example_dynamic_task_mapping to 2022-03-04 00:00:00+00:00, run_after=2022-03-05 00:00:00+00:00
[2024-05-06T21:52:12.115-0500] {processor.py:183} INFO - Processing /Users/paulamedina/venv/lib/python3.12/site-packages/airflow/example_dags/example_dynamic_task_mapping.py took 0.223 seconds
[2024-05-06T21:53:37.940-0500] {processor.py:161} INFO - Started process (PID=64452) to work on /Users/paulamedina/venv/lib/python3.12/site-packages/airflow/example_dags/example_dynamic_task_mapping.py
[2024-05-06T21:53:37.941-0500] {processor.py:830} INFO - Processing file /Users/paulamedina/venv/lib/python3.12/site-packages/airflow/example_dags/example_dynamic_task_mapping.py for tasks to queue
[2024-05-06T21:53:37.942-0500] {logging_mixin.py:188} INFO - [2024-05-06T21:53:37.942-0500] {dagbag.py:540} INFO - Filling up the DagBag from /Users/paulamedina/venv/lib/python3.12/site-packages/airflow/example_dags/example_dynamic_task_mapping.py
[2024-05-06T21:53:37.994-0500] {processor.py:840} INFO - DAG(s) 'example_dynamic_task_mapping' retrieved from /Users/paulamedina/venv/lib/python3.12/site-packages/airflow/example_dags/example_dynamic_task_mapping.py
[2024-05-06T21:53:38.131-0500] {logging_mixin.py:188} INFO - [2024-05-06T21:53:38.131-0500] {dag.py:3096} INFO - Sync 1 DAGs
[2024-05-06T21:53:38.154-0500] {logging_mixin.py:188} INFO - [2024-05-06T21:53:38.154-0500] {dag.py:3954} INFO - Setting next_dagrun for example_dynamic_task_mapping to 2022-03-04 00:00:00+00:00, run_after=2022-03-05 00:00:00+00:00
[2024-05-06T21:53:38.176-0500] {processor.py:183} INFO - Processing /Users/paulamedina/venv/lib/python3.12/site-packages/airflow/example_dags/example_dynamic_task_mapping.py took 0.240 seconds
[2024-05-06T21:54:57.722-0500] {processor.py:161} INFO - Started process (PID=64775) to work on /Users/paulamedina/venv/lib/python3.12/site-packages/airflow/example_dags/example_dynamic_task_mapping.py
[2024-05-06T21:54:57.724-0500] {processor.py:830} INFO - Processing file /Users/paulamedina/venv/lib/python3.12/site-packages/airflow/example_dags/example_dynamic_task_mapping.py for tasks to queue
[2024-05-06T21:54:57.725-0500] {logging_mixin.py:188} INFO - [2024-05-06T21:54:57.725-0500] {dagbag.py:540} INFO - Filling up the DagBag from /Users/paulamedina/venv/lib/python3.12/site-packages/airflow/example_dags/example_dynamic_task_mapping.py
[2024-05-06T21:54:57.787-0500] {processor.py:840} INFO - DAG(s) 'example_dynamic_task_mapping' retrieved from /Users/paulamedina/venv/lib/python3.12/site-packages/airflow/example_dags/example_dynamic_task_mapping.py
[2024-05-06T21:54:57.954-0500] {logging_mixin.py:188} INFO - [2024-05-06T21:54:57.953-0500] {dag.py:3096} INFO - Sync 1 DAGs
[2024-05-06T21:54:57.985-0500] {logging_mixin.py:188} INFO - [2024-05-06T21:54:57.984-0500] {dag.py:3954} INFO - Setting next_dagrun for example_dynamic_task_mapping to 2022-03-04 00:00:00+00:00, run_after=2022-03-05 00:00:00+00:00
[2024-05-06T21:54:58.021-0500] {processor.py:183} INFO - Processing /Users/paulamedina/venv/lib/python3.12/site-packages/airflow/example_dags/example_dynamic_task_mapping.py took 0.303 seconds
[2024-05-06T21:56:27.356-0500] {processor.py:161} INFO - Started process (PID=65126) to work on /Users/paulamedina/venv/lib/python3.12/site-packages/airflow/example_dags/example_dynamic_task_mapping.py
[2024-05-06T21:56:27.358-0500] {processor.py:830} INFO - Processing file /Users/paulamedina/venv/lib/python3.12/site-packages/airflow/example_dags/example_dynamic_task_mapping.py for tasks to queue
[2024-05-06T21:56:27.359-0500] {logging_mixin.py:188} INFO - [2024-05-06T21:56:27.359-0500] {dagbag.py:540} INFO - Filling up the DagBag from /Users/paulamedina/venv/lib/python3.12/site-packages/airflow/example_dags/example_dynamic_task_mapping.py
[2024-05-06T21:56:27.418-0500] {processor.py:840} INFO - DAG(s) 'example_dynamic_task_mapping' retrieved from /Users/paulamedina/venv/lib/python3.12/site-packages/airflow/example_dags/example_dynamic_task_mapping.py
[2024-05-06T21:56:27.571-0500] {logging_mixin.py:188} INFO - [2024-05-06T21:56:27.571-0500] {dag.py:3096} INFO - Sync 1 DAGs
[2024-05-06T21:56:27.596-0500] {logging_mixin.py:188} INFO - [2024-05-06T21:56:27.596-0500] {dag.py:3954} INFO - Setting next_dagrun for example_dynamic_task_mapping to 2022-03-04 00:00:00+00:00, run_after=2022-03-05 00:00:00+00:00
[2024-05-06T21:56:27.621-0500] {processor.py:183} INFO - Processing /Users/paulamedina/venv/lib/python3.12/site-packages/airflow/example_dags/example_dynamic_task_mapping.py took 0.269 seconds
[2024-05-06T21:58:03.953-0500] {processor.py:161} INFO - Started process (PID=65501) to work on /Users/paulamedina/venv/lib/python3.12/site-packages/airflow/example_dags/example_dynamic_task_mapping.py
[2024-05-06T21:58:03.955-0500] {processor.py:830} INFO - Processing file /Users/paulamedina/venv/lib/python3.12/site-packages/airflow/example_dags/example_dynamic_task_mapping.py for tasks to queue
[2024-05-06T21:58:03.956-0500] {logging_mixin.py:188} INFO - [2024-05-06T21:58:03.955-0500] {dagbag.py:540} INFO - Filling up the DagBag from /Users/paulamedina/venv/lib/python3.12/site-packages/airflow/example_dags/example_dynamic_task_mapping.py
[2024-05-06T21:58:04.021-0500] {processor.py:840} INFO - DAG(s) 'example_dynamic_task_mapping' retrieved from /Users/paulamedina/venv/lib/python3.12/site-packages/airflow/example_dags/example_dynamic_task_mapping.py
[2024-05-06T21:58:04.179-0500] {logging_mixin.py:188} INFO - [2024-05-06T21:58:04.178-0500] {dag.py:3096} INFO - Sync 1 DAGs
[2024-05-06T21:58:04.203-0500] {logging_mixin.py:188} INFO - [2024-05-06T21:58:04.203-0500] {dag.py:3954} INFO - Setting next_dagrun for example_dynamic_task_mapping to 2022-03-04 00:00:00+00:00, run_after=2022-03-05 00:00:00+00:00
[2024-05-06T21:58:04.228-0500] {processor.py:183} INFO - Processing /Users/paulamedina/venv/lib/python3.12/site-packages/airflow/example_dags/example_dynamic_task_mapping.py took 0.279 seconds
[2024-05-06T21:59:58.247-0500] {processor.py:161} INFO - Started process (PID=66076) to work on /Users/paulamedina/venv/lib/python3.12/site-packages/airflow/example_dags/example_dynamic_task_mapping.py
[2024-05-06T21:59:58.250-0500] {processor.py:830} INFO - Processing file /Users/paulamedina/venv/lib/python3.12/site-packages/airflow/example_dags/example_dynamic_task_mapping.py for tasks to queue
[2024-05-06T21:59:58.251-0500] {logging_mixin.py:188} INFO - [2024-05-06T21:59:58.250-0500] {dagbag.py:540} INFO - Filling up the DagBag from /Users/paulamedina/venv/lib/python3.12/site-packages/airflow/example_dags/example_dynamic_task_mapping.py
[2024-05-06T21:59:58.319-0500] {processor.py:840} INFO - DAG(s) 'example_dynamic_task_mapping' retrieved from /Users/paulamedina/venv/lib/python3.12/site-packages/airflow/example_dags/example_dynamic_task_mapping.py
[2024-05-06T21:59:58.499-0500] {logging_mixin.py:188} INFO - [2024-05-06T21:59:58.498-0500] {dag.py:3096} INFO - Sync 1 DAGs
[2024-05-06T21:59:58.530-0500] {logging_mixin.py:188} INFO - [2024-05-06T21:59:58.530-0500] {dag.py:3954} INFO - Setting next_dagrun for example_dynamic_task_mapping to 2022-03-04 00:00:00+00:00, run_after=2022-03-05 00:00:00+00:00
[2024-05-06T21:59:58.563-0500] {processor.py:183} INFO - Processing /Users/paulamedina/venv/lib/python3.12/site-packages/airflow/example_dags/example_dynamic_task_mapping.py took 0.320 seconds
[2024-05-06T22:01:44.656-0500] {processor.py:161} INFO - Started process (PID=66565) to work on /Users/paulamedina/venv/lib/python3.12/site-packages/airflow/example_dags/example_dynamic_task_mapping.py
[2024-05-06T22:01:44.658-0500] {processor.py:830} INFO - Processing file /Users/paulamedina/venv/lib/python3.12/site-packages/airflow/example_dags/example_dynamic_task_mapping.py for tasks to queue
[2024-05-06T22:01:44.659-0500] {logging_mixin.py:188} INFO - [2024-05-06T22:01:44.658-0500] {dagbag.py:540} INFO - Filling up the DagBag from /Users/paulamedina/venv/lib/python3.12/site-packages/airflow/example_dags/example_dynamic_task_mapping.py
[2024-05-06T22:01:44.710-0500] {processor.py:840} INFO - DAG(s) 'example_dynamic_task_mapping' retrieved from /Users/paulamedina/venv/lib/python3.12/site-packages/airflow/example_dags/example_dynamic_task_mapping.py
[2024-05-06T22:01:44.844-0500] {logging_mixin.py:188} INFO - [2024-05-06T22:01:44.843-0500] {dag.py:3096} INFO - Sync 1 DAGs
[2024-05-06T22:01:44.867-0500] {logging_mixin.py:188} INFO - [2024-05-06T22:01:44.866-0500] {dag.py:3954} INFO - Setting next_dagrun for example_dynamic_task_mapping to 2022-03-04 00:00:00+00:00, run_after=2022-03-05 00:00:00+00:00
[2024-05-06T22:01:44.888-0500] {processor.py:183} INFO - Processing /Users/paulamedina/venv/lib/python3.12/site-packages/airflow/example_dags/example_dynamic_task_mapping.py took 0.235 seconds
