[2024-05-06T19:00:00.989-0500] {processor.py:161} INFO - Started process (PID=26106) to work on /Users/paulamedina/venv/lib/python3.12/site-packages/airflow/example_dags/example_branch_day_of_week_operator.py
[2024-05-06T19:00:00.990-0500] {processor.py:830} INFO - Processing file /Users/paulamedina/venv/lib/python3.12/site-packages/airflow/example_dags/example_branch_day_of_week_operator.py for tasks to queue
[2024-05-06T19:00:00.991-0500] {logging_mixin.py:188} INFO - [2024-05-06T19:00:00.991-0500] {dagbag.py:540} INFO - Filling up the DagBag from /Users/paulamedina/venv/lib/python3.12/site-packages/airflow/example_dags/example_branch_day_of_week_operator.py
[2024-05-06T19:00:01.004-0500] {processor.py:840} INFO - DAG(s) 'example_weekday_branch_operator' retrieved from /Users/paulamedina/venv/lib/python3.12/site-packages/airflow/example_dags/example_branch_day_of_week_operator.py
[2024-05-06T19:00:01.112-0500] {logging_mixin.py:188} INFO - [2024-05-06T19:00:01.112-0500] {dag.py:3096} INFO - Sync 1 DAGs
[2024-05-06T19:00:01.130-0500] {logging_mixin.py:188} INFO - [2024-05-06T19:00:01.130-0500] {dag.py:3954} INFO - Setting next_dagrun for example_weekday_branch_operator to 2024-05-06 00:00:00+00:00, run_after=2024-05-07 00:00:00+00:00
[2024-05-06T19:00:01.152-0500] {processor.py:183} INFO - Processing /Users/paulamedina/venv/lib/python3.12/site-packages/airflow/example_dags/example_branch_day_of_week_operator.py took 0.165 seconds
[2024-05-06T19:03:40.646-0500] {processor.py:161} INFO - Started process (PID=26935) to work on /Users/paulamedina/venv/lib/python3.12/site-packages/airflow/example_dags/example_branch_day_of_week_operator.py
[2024-05-06T19:03:40.647-0500] {processor.py:830} INFO - Processing file /Users/paulamedina/venv/lib/python3.12/site-packages/airflow/example_dags/example_branch_day_of_week_operator.py for tasks to queue
[2024-05-06T19:03:40.647-0500] {logging_mixin.py:188} INFO - [2024-05-06T19:03:40.647-0500] {dagbag.py:540} INFO - Filling up the DagBag from /Users/paulamedina/venv/lib/python3.12/site-packages/airflow/example_dags/example_branch_day_of_week_operator.py
[2024-05-06T19:03:40.657-0500] {processor.py:840} INFO - DAG(s) 'example_weekday_branch_operator' retrieved from /Users/paulamedina/venv/lib/python3.12/site-packages/airflow/example_dags/example_branch_day_of_week_operator.py
[2024-05-06T19:03:40.737-0500] {logging_mixin.py:188} INFO - [2024-05-06T19:03:40.737-0500] {dag.py:3096} INFO - Sync 1 DAGs
[2024-05-06T19:03:40.752-0500] {logging_mixin.py:188} INFO - [2024-05-06T19:03:40.752-0500] {dag.py:3954} INFO - Setting next_dagrun for example_weekday_branch_operator to 2024-05-06 00:00:00+00:00, run_after=2024-05-07 00:00:00+00:00
[2024-05-06T19:03:40.768-0500] {processor.py:183} INFO - Processing /Users/paulamedina/venv/lib/python3.12/site-packages/airflow/example_dags/example_branch_day_of_week_operator.py took 0.124 seconds
[2024-05-06T19:06:55.761-0500] {processor.py:161} INFO - Started process (PID=27638) to work on /Users/paulamedina/venv/lib/python3.12/site-packages/airflow/example_dags/example_branch_day_of_week_operator.py
[2024-05-06T19:06:55.762-0500] {processor.py:830} INFO - Processing file /Users/paulamedina/venv/lib/python3.12/site-packages/airflow/example_dags/example_branch_day_of_week_operator.py for tasks to queue
[2024-05-06T19:06:55.762-0500] {logging_mixin.py:188} INFO - [2024-05-06T19:06:55.762-0500] {dagbag.py:540} INFO - Filling up the DagBag from /Users/paulamedina/venv/lib/python3.12/site-packages/airflow/example_dags/example_branch_day_of_week_operator.py
[2024-05-06T19:06:55.771-0500] {processor.py:840} INFO - DAG(s) 'example_weekday_branch_operator' retrieved from /Users/paulamedina/venv/lib/python3.12/site-packages/airflow/example_dags/example_branch_day_of_week_operator.py
[2024-05-06T19:06:55.848-0500] {logging_mixin.py:188} INFO - [2024-05-06T19:06:55.847-0500] {dag.py:3096} INFO - Sync 1 DAGs
[2024-05-06T19:06:55.861-0500] {logging_mixin.py:188} INFO - [2024-05-06T19:06:55.861-0500] {dag.py:3954} INFO - Setting next_dagrun for example_weekday_branch_operator to 2024-05-06 00:00:00+00:00, run_after=2024-05-07 00:00:00+00:00
[2024-05-06T19:06:55.875-0500] {processor.py:183} INFO - Processing /Users/paulamedina/venv/lib/python3.12/site-packages/airflow/example_dags/example_branch_day_of_week_operator.py took 0.116 seconds
[2024-05-06T19:10:21.591-0500] {processor.py:161} INFO - Started process (PID=28365) to work on /Users/paulamedina/venv/lib/python3.12/site-packages/airflow/example_dags/example_branch_day_of_week_operator.py
[2024-05-06T19:10:21.592-0500] {processor.py:830} INFO - Processing file /Users/paulamedina/venv/lib/python3.12/site-packages/airflow/example_dags/example_branch_day_of_week_operator.py for tasks to queue
[2024-05-06T19:10:21.592-0500] {logging_mixin.py:188} INFO - [2024-05-06T19:10:21.592-0500] {dagbag.py:540} INFO - Filling up the DagBag from /Users/paulamedina/venv/lib/python3.12/site-packages/airflow/example_dags/example_branch_day_of_week_operator.py
[2024-05-06T19:10:21.602-0500] {processor.py:840} INFO - DAG(s) 'example_weekday_branch_operator' retrieved from /Users/paulamedina/venv/lib/python3.12/site-packages/airflow/example_dags/example_branch_day_of_week_operator.py
[2024-05-06T19:10:21.680-0500] {logging_mixin.py:188} INFO - [2024-05-06T19:10:21.679-0500] {dag.py:3096} INFO - Sync 1 DAGs
[2024-05-06T19:10:21.693-0500] {logging_mixin.py:188} INFO - [2024-05-06T19:10:21.693-0500] {dag.py:3954} INFO - Setting next_dagrun for example_weekday_branch_operator to 2024-05-06 00:00:00+00:00, run_after=2024-05-07 00:00:00+00:00
[2024-05-06T19:10:21.706-0500] {processor.py:183} INFO - Processing /Users/paulamedina/venv/lib/python3.12/site-packages/airflow/example_dags/example_branch_day_of_week_operator.py took 0.117 seconds
[2024-05-06T19:13:58.007-0500] {processor.py:161} INFO - Started process (PID=29140) to work on /Users/paulamedina/venv/lib/python3.12/site-packages/airflow/example_dags/example_branch_day_of_week_operator.py
[2024-05-06T19:13:58.009-0500] {processor.py:830} INFO - Processing file /Users/paulamedina/venv/lib/python3.12/site-packages/airflow/example_dags/example_branch_day_of_week_operator.py for tasks to queue
[2024-05-06T19:13:58.010-0500] {logging_mixin.py:188} INFO - [2024-05-06T19:13:58.010-0500] {dagbag.py:540} INFO - Filling up the DagBag from /Users/paulamedina/venv/lib/python3.12/site-packages/airflow/example_dags/example_branch_day_of_week_operator.py
[2024-05-06T19:13:58.024-0500] {processor.py:840} INFO - DAG(s) 'example_weekday_branch_operator' retrieved from /Users/paulamedina/venv/lib/python3.12/site-packages/airflow/example_dags/example_branch_day_of_week_operator.py
[2024-05-06T19:13:58.128-0500] {logging_mixin.py:188} INFO - [2024-05-06T19:13:58.128-0500] {dag.py:3096} INFO - Sync 1 DAGs
[2024-05-06T19:13:58.146-0500] {logging_mixin.py:188} INFO - [2024-05-06T19:13:58.146-0500] {dag.py:3954} INFO - Setting next_dagrun for example_weekday_branch_operator to 2024-05-06 00:00:00+00:00, run_after=2024-05-07 00:00:00+00:00
[2024-05-06T19:13:58.166-0500] {processor.py:183} INFO - Processing /Users/paulamedina/venv/lib/python3.12/site-packages/airflow/example_dags/example_branch_day_of_week_operator.py took 0.161 seconds
[2024-05-06T19:18:31.374-0500] {processor.py:161} INFO - Started process (PID=30176) to work on /Users/paulamedina/venv/lib/python3.12/site-packages/airflow/example_dags/example_branch_day_of_week_operator.py
[2024-05-06T19:18:31.376-0500] {processor.py:830} INFO - Processing file /Users/paulamedina/venv/lib/python3.12/site-packages/airflow/example_dags/example_branch_day_of_week_operator.py for tasks to queue
[2024-05-06T19:18:31.377-0500] {logging_mixin.py:188} INFO - [2024-05-06T19:18:31.376-0500] {dagbag.py:540} INFO - Filling up the DagBag from /Users/paulamedina/venv/lib/python3.12/site-packages/airflow/example_dags/example_branch_day_of_week_operator.py
[2024-05-06T19:18:31.390-0500] {processor.py:840} INFO - DAG(s) 'example_weekday_branch_operator' retrieved from /Users/paulamedina/venv/lib/python3.12/site-packages/airflow/example_dags/example_branch_day_of_week_operator.py
[2024-05-06T19:18:31.481-0500] {logging_mixin.py:188} INFO - [2024-05-06T19:18:31.481-0500] {dag.py:3096} INFO - Sync 1 DAGs
[2024-05-06T19:18:31.497-0500] {logging_mixin.py:188} INFO - [2024-05-06T19:18:31.497-0500] {dag.py:3954} INFO - Setting next_dagrun for example_weekday_branch_operator to 2024-05-06 00:00:00+00:00, run_after=2024-05-07 00:00:00+00:00
[2024-05-06T19:18:31.514-0500] {processor.py:183} INFO - Processing /Users/paulamedina/venv/lib/python3.12/site-packages/airflow/example_dags/example_branch_day_of_week_operator.py took 0.142 seconds
[2024-05-06T19:22:55.463-0500] {processor.py:161} INFO - Started process (PID=31104) to work on /Users/paulamedina/venv/lib/python3.12/site-packages/airflow/example_dags/example_branch_day_of_week_operator.py
[2024-05-06T19:22:55.464-0500] {processor.py:830} INFO - Processing file /Users/paulamedina/venv/lib/python3.12/site-packages/airflow/example_dags/example_branch_day_of_week_operator.py for tasks to queue
[2024-05-06T19:22:55.465-0500] {logging_mixin.py:188} INFO - [2024-05-06T19:22:55.465-0500] {dagbag.py:540} INFO - Filling up the DagBag from /Users/paulamedina/venv/lib/python3.12/site-packages/airflow/example_dags/example_branch_day_of_week_operator.py
[2024-05-06T19:22:55.481-0500] {processor.py:840} INFO - DAG(s) 'example_weekday_branch_operator' retrieved from /Users/paulamedina/venv/lib/python3.12/site-packages/airflow/example_dags/example_branch_day_of_week_operator.py
[2024-05-06T19:22:55.626-0500] {logging_mixin.py:188} INFO - [2024-05-06T19:22:55.625-0500] {dag.py:3096} INFO - Sync 1 DAGs
[2024-05-06T19:22:55.730-0500] {logging_mixin.py:188} INFO - [2024-05-06T19:22:55.729-0500] {dag.py:3954} INFO - Setting next_dagrun for example_weekday_branch_operator to 2024-05-06 00:00:00+00:00, run_after=2024-05-07 00:00:00+00:00
[2024-05-06T19:22:55.761-0500] {processor.py:183} INFO - Processing /Users/paulamedina/venv/lib/python3.12/site-packages/airflow/example_dags/example_branch_day_of_week_operator.py took 0.302 seconds
[2024-05-06T19:27:17.246-0500] {processor.py:161} INFO - Started process (PID=32036) to work on /Users/paulamedina/venv/lib/python3.12/site-packages/airflow/example_dags/example_branch_day_of_week_operator.py
[2024-05-06T19:27:17.247-0500] {processor.py:830} INFO - Processing file /Users/paulamedina/venv/lib/python3.12/site-packages/airflow/example_dags/example_branch_day_of_week_operator.py for tasks to queue
[2024-05-06T19:27:17.247-0500] {logging_mixin.py:188} INFO - [2024-05-06T19:27:17.247-0500] {dagbag.py:540} INFO - Filling up the DagBag from /Users/paulamedina/venv/lib/python3.12/site-packages/airflow/example_dags/example_branch_day_of_week_operator.py
[2024-05-06T19:27:17.256-0500] {processor.py:840} INFO - DAG(s) 'example_weekday_branch_operator' retrieved from /Users/paulamedina/venv/lib/python3.12/site-packages/airflow/example_dags/example_branch_day_of_week_operator.py
[2024-05-06T19:27:17.334-0500] {logging_mixin.py:188} INFO - [2024-05-06T19:27:17.334-0500] {dag.py:3096} INFO - Sync 1 DAGs
[2024-05-06T19:27:17.347-0500] {logging_mixin.py:188} INFO - [2024-05-06T19:27:17.346-0500] {dag.py:3954} INFO - Setting next_dagrun for example_weekday_branch_operator to 2024-05-06 00:00:00+00:00, run_after=2024-05-07 00:00:00+00:00
[2024-05-06T19:27:17.359-0500] {processor.py:183} INFO - Processing /Users/paulamedina/venv/lib/python3.12/site-packages/airflow/example_dags/example_branch_day_of_week_operator.py took 0.116 seconds
[2024-05-06T19:30:47.301-0500] {processor.py:161} INFO - Started process (PID=32788) to work on /Users/paulamedina/venv/lib/python3.12/site-packages/airflow/example_dags/example_branch_day_of_week_operator.py
[2024-05-06T19:30:47.301-0500] {processor.py:830} INFO - Processing file /Users/paulamedina/venv/lib/python3.12/site-packages/airflow/example_dags/example_branch_day_of_week_operator.py for tasks to queue
[2024-05-06T19:30:47.302-0500] {logging_mixin.py:188} INFO - [2024-05-06T19:30:47.302-0500] {dagbag.py:540} INFO - Filling up the DagBag from /Users/paulamedina/venv/lib/python3.12/site-packages/airflow/example_dags/example_branch_day_of_week_operator.py
[2024-05-06T19:30:47.314-0500] {processor.py:840} INFO - DAG(s) 'example_weekday_branch_operator' retrieved from /Users/paulamedina/venv/lib/python3.12/site-packages/airflow/example_dags/example_branch_day_of_week_operator.py
[2024-05-06T19:30:47.405-0500] {logging_mixin.py:188} INFO - [2024-05-06T19:30:47.404-0500] {dag.py:3096} INFO - Sync 1 DAGs
[2024-05-06T19:30:47.420-0500] {logging_mixin.py:188} INFO - [2024-05-06T19:30:47.419-0500] {dag.py:3954} INFO - Setting next_dagrun for example_weekday_branch_operator to 2024-05-06 00:00:00+00:00, run_after=2024-05-07 00:00:00+00:00
[2024-05-06T19:30:47.436-0500] {processor.py:183} INFO - Processing /Users/paulamedina/venv/lib/python3.12/site-packages/airflow/example_dags/example_branch_day_of_week_operator.py took 0.138 seconds
[2024-05-06T19:34:10.672-0500] {processor.py:161} INFO - Started process (PID=33519) to work on /Users/paulamedina/venv/lib/python3.12/site-packages/airflow/example_dags/example_branch_day_of_week_operator.py
[2024-05-06T19:34:10.672-0500] {processor.py:830} INFO - Processing file /Users/paulamedina/venv/lib/python3.12/site-packages/airflow/example_dags/example_branch_day_of_week_operator.py for tasks to queue
[2024-05-06T19:34:10.673-0500] {logging_mixin.py:188} INFO - [2024-05-06T19:34:10.673-0500] {dagbag.py:540} INFO - Filling up the DagBag from /Users/paulamedina/venv/lib/python3.12/site-packages/airflow/example_dags/example_branch_day_of_week_operator.py
[2024-05-06T19:34:10.682-0500] {processor.py:840} INFO - DAG(s) 'example_weekday_branch_operator' retrieved from /Users/paulamedina/venv/lib/python3.12/site-packages/airflow/example_dags/example_branch_day_of_week_operator.py
[2024-05-06T19:34:10.758-0500] {logging_mixin.py:188} INFO - [2024-05-06T19:34:10.757-0500] {dag.py:3096} INFO - Sync 1 DAGs
[2024-05-06T19:34:10.771-0500] {logging_mixin.py:188} INFO - [2024-05-06T19:34:10.771-0500] {dag.py:3954} INFO - Setting next_dagrun for example_weekday_branch_operator to 2024-05-06 00:00:00+00:00, run_after=2024-05-07 00:00:00+00:00
[2024-05-06T19:34:10.787-0500] {processor.py:183} INFO - Processing /Users/paulamedina/venv/lib/python3.12/site-packages/airflow/example_dags/example_branch_day_of_week_operator.py took 0.117 seconds
[2024-05-06T19:37:34.022-0500] {processor.py:161} INFO - Started process (PID=34330) to work on /Users/paulamedina/venv/lib/python3.12/site-packages/airflow/example_dags/example_branch_day_of_week_operator.py
[2024-05-06T19:37:34.023-0500] {processor.py:830} INFO - Processing file /Users/paulamedina/venv/lib/python3.12/site-packages/airflow/example_dags/example_branch_day_of_week_operator.py for tasks to queue
[2024-05-06T19:37:34.023-0500] {logging_mixin.py:188} INFO - [2024-05-06T19:37:34.023-0500] {dagbag.py:540} INFO - Filling up the DagBag from /Users/paulamedina/venv/lib/python3.12/site-packages/airflow/example_dags/example_branch_day_of_week_operator.py
[2024-05-06T19:37:34.032-0500] {processor.py:840} INFO - DAG(s) 'example_weekday_branch_operator' retrieved from /Users/paulamedina/venv/lib/python3.12/site-packages/airflow/example_dags/example_branch_day_of_week_operator.py
[2024-05-06T19:37:34.110-0500] {logging_mixin.py:188} INFO - [2024-05-06T19:37:34.110-0500] {dag.py:3096} INFO - Sync 1 DAGs
[2024-05-06T19:37:34.123-0500] {logging_mixin.py:188} INFO - [2024-05-06T19:37:34.123-0500] {dag.py:3954} INFO - Setting next_dagrun for example_weekday_branch_operator to 2024-05-06 00:00:00+00:00, run_after=2024-05-07 00:00:00+00:00
[2024-05-06T19:37:34.137-0500] {processor.py:183} INFO - Processing /Users/paulamedina/venv/lib/python3.12/site-packages/airflow/example_dags/example_branch_day_of_week_operator.py took 0.117 seconds
[2024-05-06T19:40:54.976-0500] {processor.py:161} INFO - Started process (PID=35040) to work on /Users/paulamedina/venv/lib/python3.12/site-packages/airflow/example_dags/example_branch_day_of_week_operator.py
[2024-05-06T19:40:54.977-0500] {processor.py:830} INFO - Processing file /Users/paulamedina/venv/lib/python3.12/site-packages/airflow/example_dags/example_branch_day_of_week_operator.py for tasks to queue
[2024-05-06T19:40:54.978-0500] {logging_mixin.py:188} INFO - [2024-05-06T19:40:54.978-0500] {dagbag.py:540} INFO - Filling up the DagBag from /Users/paulamedina/venv/lib/python3.12/site-packages/airflow/example_dags/example_branch_day_of_week_operator.py
[2024-05-06T19:40:54.987-0500] {processor.py:840} INFO - DAG(s) 'example_weekday_branch_operator' retrieved from /Users/paulamedina/venv/lib/python3.12/site-packages/airflow/example_dags/example_branch_day_of_week_operator.py
[2024-05-06T19:40:55.063-0500] {logging_mixin.py:188} INFO - [2024-05-06T19:40:55.063-0500] {dag.py:3096} INFO - Sync 1 DAGs
[2024-05-06T19:40:55.076-0500] {logging_mixin.py:188} INFO - [2024-05-06T19:40:55.076-0500] {dag.py:3954} INFO - Setting next_dagrun for example_weekday_branch_operator to 2024-05-06 00:00:00+00:00, run_after=2024-05-07 00:00:00+00:00
[2024-05-06T19:40:55.091-0500] {processor.py:183} INFO - Processing /Users/paulamedina/venv/lib/python3.12/site-packages/airflow/example_dags/example_branch_day_of_week_operator.py took 0.117 seconds
[2024-05-06T19:44:11.734-0500] {processor.py:161} INFO - Started process (PID=35747) to work on /Users/paulamedina/venv/lib/python3.12/site-packages/airflow/example_dags/example_branch_day_of_week_operator.py
[2024-05-06T19:44:11.734-0500] {processor.py:830} INFO - Processing file /Users/paulamedina/venv/lib/python3.12/site-packages/airflow/example_dags/example_branch_day_of_week_operator.py for tasks to queue
[2024-05-06T19:44:11.735-0500] {logging_mixin.py:188} INFO - [2024-05-06T19:44:11.735-0500] {dagbag.py:540} INFO - Filling up the DagBag from /Users/paulamedina/venv/lib/python3.12/site-packages/airflow/example_dags/example_branch_day_of_week_operator.py
[2024-05-06T19:44:11.745-0500] {processor.py:840} INFO - DAG(s) 'example_weekday_branch_operator' retrieved from /Users/paulamedina/venv/lib/python3.12/site-packages/airflow/example_dags/example_branch_day_of_week_operator.py
[2024-05-06T19:44:11.827-0500] {logging_mixin.py:188} INFO - [2024-05-06T19:44:11.827-0500] {dag.py:3096} INFO - Sync 1 DAGs
[2024-05-06T19:44:11.842-0500] {logging_mixin.py:188} INFO - [2024-05-06T19:44:11.842-0500] {dag.py:3954} INFO - Setting next_dagrun for example_weekday_branch_operator to 2024-05-06 00:00:00+00:00, run_after=2024-05-07 00:00:00+00:00
[2024-05-06T19:44:11.857-0500] {processor.py:183} INFO - Processing /Users/paulamedina/venv/lib/python3.12/site-packages/airflow/example_dags/example_branch_day_of_week_operator.py took 0.126 seconds
[2024-05-06T19:47:46.169-0500] {processor.py:161} INFO - Started process (PID=36506) to work on /Users/paulamedina/venv/lib/python3.12/site-packages/airflow/example_dags/example_branch_day_of_week_operator.py
[2024-05-06T19:47:46.170-0500] {processor.py:830} INFO - Processing file /Users/paulamedina/venv/lib/python3.12/site-packages/airflow/example_dags/example_branch_day_of_week_operator.py for tasks to queue
[2024-05-06T19:47:46.170-0500] {logging_mixin.py:188} INFO - [2024-05-06T19:47:46.170-0500] {dagbag.py:540} INFO - Filling up the DagBag from /Users/paulamedina/venv/lib/python3.12/site-packages/airflow/example_dags/example_branch_day_of_week_operator.py
[2024-05-06T19:47:46.181-0500] {processor.py:840} INFO - DAG(s) 'example_weekday_branch_operator' retrieved from /Users/paulamedina/venv/lib/python3.12/site-packages/airflow/example_dags/example_branch_day_of_week_operator.py
[2024-05-06T19:47:46.262-0500] {logging_mixin.py:188} INFO - [2024-05-06T19:47:46.262-0500] {dag.py:3096} INFO - Sync 1 DAGs
[2024-05-06T19:47:46.275-0500] {logging_mixin.py:188} INFO - [2024-05-06T19:47:46.274-0500] {dag.py:3954} INFO - Setting next_dagrun for example_weekday_branch_operator to 2024-05-06 00:00:00+00:00, run_after=2024-05-07 00:00:00+00:00
[2024-05-06T19:47:46.288-0500] {processor.py:183} INFO - Processing /Users/paulamedina/venv/lib/python3.12/site-packages/airflow/example_dags/example_branch_day_of_week_operator.py took 0.122 seconds
[2024-05-06T19:51:10.854-0500] {processor.py:161} INFO - Started process (PID=37317) to work on /Users/paulamedina/venv/lib/python3.12/site-packages/airflow/example_dags/example_branch_day_of_week_operator.py
[2024-05-06T19:51:10.855-0500] {processor.py:830} INFO - Processing file /Users/paulamedina/venv/lib/python3.12/site-packages/airflow/example_dags/example_branch_day_of_week_operator.py for tasks to queue
[2024-05-06T19:51:10.855-0500] {logging_mixin.py:188} INFO - [2024-05-06T19:51:10.855-0500] {dagbag.py:540} INFO - Filling up the DagBag from /Users/paulamedina/venv/lib/python3.12/site-packages/airflow/example_dags/example_branch_day_of_week_operator.py
[2024-05-06T19:51:10.864-0500] {processor.py:840} INFO - DAG(s) 'example_weekday_branch_operator' retrieved from /Users/paulamedina/venv/lib/python3.12/site-packages/airflow/example_dags/example_branch_day_of_week_operator.py
[2024-05-06T19:51:10.944-0500] {logging_mixin.py:188} INFO - [2024-05-06T19:51:10.944-0500] {dag.py:3096} INFO - Sync 1 DAGs
[2024-05-06T19:51:10.959-0500] {logging_mixin.py:188} INFO - [2024-05-06T19:51:10.959-0500] {dag.py:3954} INFO - Setting next_dagrun for example_weekday_branch_operator to 2024-05-06 00:00:00+00:00, run_after=2024-05-07 00:00:00+00:00
[2024-05-06T19:51:10.975-0500] {processor.py:183} INFO - Processing /Users/paulamedina/venv/lib/python3.12/site-packages/airflow/example_dags/example_branch_day_of_week_operator.py took 0.123 seconds
[2024-05-06T19:54:41.022-0500] {processor.py:161} INFO - Started process (PID=38073) to work on /Users/paulamedina/venv/lib/python3.12/site-packages/airflow/example_dags/example_branch_day_of_week_operator.py
[2024-05-06T19:54:41.022-0500] {processor.py:830} INFO - Processing file /Users/paulamedina/venv/lib/python3.12/site-packages/airflow/example_dags/example_branch_day_of_week_operator.py for tasks to queue
[2024-05-06T19:54:41.023-0500] {logging_mixin.py:188} INFO - [2024-05-06T19:54:41.023-0500] {dagbag.py:540} INFO - Filling up the DagBag from /Users/paulamedina/venv/lib/python3.12/site-packages/airflow/example_dags/example_branch_day_of_week_operator.py
[2024-05-06T19:54:41.034-0500] {processor.py:840} INFO - DAG(s) 'example_weekday_branch_operator' retrieved from /Users/paulamedina/venv/lib/python3.12/site-packages/airflow/example_dags/example_branch_day_of_week_operator.py
[2024-05-06T19:54:41.122-0500] {logging_mixin.py:188} INFO - [2024-05-06T19:54:41.122-0500] {dag.py:3096} INFO - Sync 1 DAGs
[2024-05-06T19:54:41.137-0500] {logging_mixin.py:188} INFO - [2024-05-06T19:54:41.137-0500] {dag.py:3954} INFO - Setting next_dagrun for example_weekday_branch_operator to 2024-05-06 00:00:00+00:00, run_after=2024-05-07 00:00:00+00:00
[2024-05-06T19:54:41.153-0500] {processor.py:183} INFO - Processing /Users/paulamedina/venv/lib/python3.12/site-packages/airflow/example_dags/example_branch_day_of_week_operator.py took 0.133 seconds
[2024-05-06T19:58:09.031-0500] {processor.py:161} INFO - Started process (PID=38803) to work on /Users/paulamedina/venv/lib/python3.12/site-packages/airflow/example_dags/example_branch_day_of_week_operator.py
[2024-05-06T19:58:09.032-0500] {processor.py:830} INFO - Processing file /Users/paulamedina/venv/lib/python3.12/site-packages/airflow/example_dags/example_branch_day_of_week_operator.py for tasks to queue
[2024-05-06T19:58:09.032-0500] {logging_mixin.py:188} INFO - [2024-05-06T19:58:09.032-0500] {dagbag.py:540} INFO - Filling up the DagBag from /Users/paulamedina/venv/lib/python3.12/site-packages/airflow/example_dags/example_branch_day_of_week_operator.py
[2024-05-06T19:58:09.041-0500] {processor.py:840} INFO - DAG(s) 'example_weekday_branch_operator' retrieved from /Users/paulamedina/venv/lib/python3.12/site-packages/airflow/example_dags/example_branch_day_of_week_operator.py
[2024-05-06T19:58:09.118-0500] {logging_mixin.py:188} INFO - [2024-05-06T19:58:09.118-0500] {dag.py:3096} INFO - Sync 1 DAGs
[2024-05-06T19:58:09.131-0500] {logging_mixin.py:188} INFO - [2024-05-06T19:58:09.131-0500] {dag.py:3954} INFO - Setting next_dagrun for example_weekday_branch_operator to 2024-05-06 00:00:00+00:00, run_after=2024-05-07 00:00:00+00:00
[2024-05-06T19:58:09.145-0500] {processor.py:183} INFO - Processing /Users/paulamedina/venv/lib/python3.12/site-packages/airflow/example_dags/example_branch_day_of_week_operator.py took 0.116 seconds
[2024-05-06T20:01:48.048-0500] {processor.py:161} INFO - Started process (PID=39623) to work on /Users/paulamedina/venv/lib/python3.12/site-packages/airflow/example_dags/example_branch_day_of_week_operator.py
[2024-05-06T20:01:48.049-0500] {processor.py:830} INFO - Processing file /Users/paulamedina/venv/lib/python3.12/site-packages/airflow/example_dags/example_branch_day_of_week_operator.py for tasks to queue
[2024-05-06T20:01:48.049-0500] {logging_mixin.py:188} INFO - [2024-05-06T20:01:48.049-0500] {dagbag.py:540} INFO - Filling up the DagBag from /Users/paulamedina/venv/lib/python3.12/site-packages/airflow/example_dags/example_branch_day_of_week_operator.py
[2024-05-06T20:01:48.058-0500] {processor.py:840} INFO - DAG(s) 'example_weekday_branch_operator' retrieved from /Users/paulamedina/venv/lib/python3.12/site-packages/airflow/example_dags/example_branch_day_of_week_operator.py
[2024-05-06T20:01:48.135-0500] {logging_mixin.py:188} INFO - [2024-05-06T20:01:48.134-0500] {dag.py:3096} INFO - Sync 1 DAGs
[2024-05-06T20:01:48.148-0500] {logging_mixin.py:188} INFO - [2024-05-06T20:01:48.148-0500] {dag.py:3954} INFO - Setting next_dagrun for example_weekday_branch_operator to 2024-05-06 00:00:00+00:00, run_after=2024-05-07 00:00:00+00:00
[2024-05-06T20:01:48.161-0500] {processor.py:183} INFO - Processing /Users/paulamedina/venv/lib/python3.12/site-packages/airflow/example_dags/example_branch_day_of_week_operator.py took 0.115 seconds
[2024-05-06T20:05:16.837-0500] {processor.py:161} INFO - Started process (PID=40369) to work on /Users/paulamedina/venv/lib/python3.12/site-packages/airflow/example_dags/example_branch_day_of_week_operator.py
[2024-05-06T20:05:16.838-0500] {processor.py:830} INFO - Processing file /Users/paulamedina/venv/lib/python3.12/site-packages/airflow/example_dags/example_branch_day_of_week_operator.py for tasks to queue
[2024-05-06T20:05:16.839-0500] {logging_mixin.py:188} INFO - [2024-05-06T20:05:16.838-0500] {dagbag.py:540} INFO - Filling up the DagBag from /Users/paulamedina/venv/lib/python3.12/site-packages/airflow/example_dags/example_branch_day_of_week_operator.py
[2024-05-06T20:05:16.848-0500] {processor.py:840} INFO - DAG(s) 'example_weekday_branch_operator' retrieved from /Users/paulamedina/venv/lib/python3.12/site-packages/airflow/example_dags/example_branch_day_of_week_operator.py
[2024-05-06T20:05:16.924-0500] {logging_mixin.py:188} INFO - [2024-05-06T20:05:16.924-0500] {dag.py:3096} INFO - Sync 1 DAGs
[2024-05-06T20:05:16.937-0500] {logging_mixin.py:188} INFO - [2024-05-06T20:05:16.937-0500] {dag.py:3954} INFO - Setting next_dagrun for example_weekday_branch_operator to 2024-05-06 00:00:00+00:00, run_after=2024-05-07 00:00:00+00:00
[2024-05-06T20:05:16.952-0500] {processor.py:183} INFO - Processing /Users/paulamedina/venv/lib/python3.12/site-packages/airflow/example_dags/example_branch_day_of_week_operator.py took 0.116 seconds
[2024-05-06T20:08:46.736-0500] {processor.py:161} INFO - Started process (PID=41123) to work on /Users/paulamedina/venv/lib/python3.12/site-packages/airflow/example_dags/example_branch_day_of_week_operator.py
[2024-05-06T20:08:46.737-0500] {processor.py:830} INFO - Processing file /Users/paulamedina/venv/lib/python3.12/site-packages/airflow/example_dags/example_branch_day_of_week_operator.py for tasks to queue
[2024-05-06T20:08:46.737-0500] {logging_mixin.py:188} INFO - [2024-05-06T20:08:46.737-0500] {dagbag.py:540} INFO - Filling up the DagBag from /Users/paulamedina/venv/lib/python3.12/site-packages/airflow/example_dags/example_branch_day_of_week_operator.py
[2024-05-06T20:08:46.748-0500] {processor.py:840} INFO - DAG(s) 'example_weekday_branch_operator' retrieved from /Users/paulamedina/venv/lib/python3.12/site-packages/airflow/example_dags/example_branch_day_of_week_operator.py
[2024-05-06T20:08:46.835-0500] {logging_mixin.py:188} INFO - [2024-05-06T20:08:46.835-0500] {dag.py:3096} INFO - Sync 1 DAGs
[2024-05-06T20:08:46.851-0500] {logging_mixin.py:188} INFO - [2024-05-06T20:08:46.850-0500] {dag.py:3954} INFO - Setting next_dagrun for example_weekday_branch_operator to 2024-05-06 00:00:00+00:00, run_after=2024-05-07 00:00:00+00:00
[2024-05-06T20:08:46.866-0500] {processor.py:183} INFO - Processing /Users/paulamedina/venv/lib/python3.12/site-packages/airflow/example_dags/example_branch_day_of_week_operator.py took 0.133 seconds
[2024-05-06T20:12:05.357-0500] {processor.py:161} INFO - Started process (PID=41913) to work on /Users/paulamedina/venv/lib/python3.12/site-packages/airflow/example_dags/example_branch_day_of_week_operator.py
[2024-05-06T20:12:05.357-0500] {processor.py:830} INFO - Processing file /Users/paulamedina/venv/lib/python3.12/site-packages/airflow/example_dags/example_branch_day_of_week_operator.py for tasks to queue
[2024-05-06T20:12:05.358-0500] {logging_mixin.py:188} INFO - [2024-05-06T20:12:05.358-0500] {dagbag.py:540} INFO - Filling up the DagBag from /Users/paulamedina/venv/lib/python3.12/site-packages/airflow/example_dags/example_branch_day_of_week_operator.py
[2024-05-06T20:12:05.367-0500] {processor.py:840} INFO - DAG(s) 'example_weekday_branch_operator' retrieved from /Users/paulamedina/venv/lib/python3.12/site-packages/airflow/example_dags/example_branch_day_of_week_operator.py
[2024-05-06T20:12:05.442-0500] {logging_mixin.py:188} INFO - [2024-05-06T20:12:05.442-0500] {dag.py:3096} INFO - Sync 1 DAGs
[2024-05-06T20:12:05.455-0500] {logging_mixin.py:188} INFO - [2024-05-06T20:12:05.455-0500] {dag.py:3954} INFO - Setting next_dagrun for example_weekday_branch_operator to 2024-05-06 00:00:00+00:00, run_after=2024-05-07 00:00:00+00:00
[2024-05-06T20:12:05.468-0500] {processor.py:183} INFO - Processing /Users/paulamedina/venv/lib/python3.12/site-packages/airflow/example_dags/example_branch_day_of_week_operator.py took 0.113 seconds
[2024-05-06T20:15:22.780-0500] {processor.py:161} INFO - Started process (PID=42613) to work on /Users/paulamedina/venv/lib/python3.12/site-packages/airflow/example_dags/example_branch_day_of_week_operator.py
[2024-05-06T20:15:22.781-0500] {processor.py:830} INFO - Processing file /Users/paulamedina/venv/lib/python3.12/site-packages/airflow/example_dags/example_branch_day_of_week_operator.py for tasks to queue
[2024-05-06T20:15:22.781-0500] {logging_mixin.py:188} INFO - [2024-05-06T20:15:22.781-0500] {dagbag.py:540} INFO - Filling up the DagBag from /Users/paulamedina/venv/lib/python3.12/site-packages/airflow/example_dags/example_branch_day_of_week_operator.py
[2024-05-06T20:15:22.791-0500] {processor.py:840} INFO - DAG(s) 'example_weekday_branch_operator' retrieved from /Users/paulamedina/venv/lib/python3.12/site-packages/airflow/example_dags/example_branch_day_of_week_operator.py
[2024-05-06T20:15:22.868-0500] {logging_mixin.py:188} INFO - [2024-05-06T20:15:22.867-0500] {dag.py:3096} INFO - Sync 1 DAGs
[2024-05-06T20:15:22.881-0500] {logging_mixin.py:188} INFO - [2024-05-06T20:15:22.881-0500] {dag.py:3954} INFO - Setting next_dagrun for example_weekday_branch_operator to 2024-05-06 00:00:00+00:00, run_after=2024-05-07 00:00:00+00:00
[2024-05-06T20:15:22.897-0500] {processor.py:183} INFO - Processing /Users/paulamedina/venv/lib/python3.12/site-packages/airflow/example_dags/example_branch_day_of_week_operator.py took 0.118 seconds
[2024-05-06T20:18:50.529-0500] {processor.py:161} INFO - Started process (PID=43353) to work on /Users/paulamedina/venv/lib/python3.12/site-packages/airflow/example_dags/example_branch_day_of_week_operator.py
[2024-05-06T20:18:50.530-0500] {processor.py:830} INFO - Processing file /Users/paulamedina/venv/lib/python3.12/site-packages/airflow/example_dags/example_branch_day_of_week_operator.py for tasks to queue
[2024-05-06T20:18:50.530-0500] {logging_mixin.py:188} INFO - [2024-05-06T20:18:50.530-0500] {dagbag.py:540} INFO - Filling up the DagBag from /Users/paulamedina/venv/lib/python3.12/site-packages/airflow/example_dags/example_branch_day_of_week_operator.py
[2024-05-06T20:18:50.541-0500] {processor.py:840} INFO - DAG(s) 'example_weekday_branch_operator' retrieved from /Users/paulamedina/venv/lib/python3.12/site-packages/airflow/example_dags/example_branch_day_of_week_operator.py
[2024-05-06T20:18:50.629-0500] {logging_mixin.py:188} INFO - [2024-05-06T20:18:50.628-0500] {dag.py:3096} INFO - Sync 1 DAGs
[2024-05-06T20:18:50.644-0500] {logging_mixin.py:188} INFO - [2024-05-06T20:18:50.643-0500] {dag.py:3954} INFO - Setting next_dagrun for example_weekday_branch_operator to 2024-05-06 00:00:00+00:00, run_after=2024-05-07 00:00:00+00:00
[2024-05-06T20:18:50.659-0500] {processor.py:183} INFO - Processing /Users/paulamedina/venv/lib/python3.12/site-packages/airflow/example_dags/example_branch_day_of_week_operator.py took 0.133 seconds
[2024-05-06T20:22:17.940-0500] {processor.py:161} INFO - Started process (PID=44088) to work on /Users/paulamedina/venv/lib/python3.12/site-packages/airflow/example_dags/example_branch_day_of_week_operator.py
[2024-05-06T20:22:17.941-0500] {processor.py:830} INFO - Processing file /Users/paulamedina/venv/lib/python3.12/site-packages/airflow/example_dags/example_branch_day_of_week_operator.py for tasks to queue
[2024-05-06T20:22:17.942-0500] {logging_mixin.py:188} INFO - [2024-05-06T20:22:17.942-0500] {dagbag.py:540} INFO - Filling up the DagBag from /Users/paulamedina/venv/lib/python3.12/site-packages/airflow/example_dags/example_branch_day_of_week_operator.py
[2024-05-06T20:22:17.952-0500] {processor.py:840} INFO - DAG(s) 'example_weekday_branch_operator' retrieved from /Users/paulamedina/venv/lib/python3.12/site-packages/airflow/example_dags/example_branch_day_of_week_operator.py
[2024-05-06T20:22:18.041-0500] {logging_mixin.py:188} INFO - [2024-05-06T20:22:18.041-0500] {dag.py:3096} INFO - Sync 1 DAGs
[2024-05-06T20:22:18.056-0500] {logging_mixin.py:188} INFO - [2024-05-06T20:22:18.056-0500] {dag.py:3954} INFO - Setting next_dagrun for example_weekday_branch_operator to 2024-05-06 00:00:00+00:00, run_after=2024-05-07 00:00:00+00:00
[2024-05-06T20:22:18.072-0500] {processor.py:183} INFO - Processing /Users/paulamedina/venv/lib/python3.12/site-packages/airflow/example_dags/example_branch_day_of_week_operator.py took 0.134 seconds
[2024-05-06T20:25:40.909-0500] {processor.py:161} INFO - Started process (PID=44806) to work on /Users/paulamedina/venv/lib/python3.12/site-packages/airflow/example_dags/example_branch_day_of_week_operator.py
[2024-05-06T20:25:40.909-0500] {processor.py:830} INFO - Processing file /Users/paulamedina/venv/lib/python3.12/site-packages/airflow/example_dags/example_branch_day_of_week_operator.py for tasks to queue
[2024-05-06T20:25:40.910-0500] {logging_mixin.py:188} INFO - [2024-05-06T20:25:40.910-0500] {dagbag.py:540} INFO - Filling up the DagBag from /Users/paulamedina/venv/lib/python3.12/site-packages/airflow/example_dags/example_branch_day_of_week_operator.py
[2024-05-06T20:25:40.921-0500] {processor.py:840} INFO - DAG(s) 'example_weekday_branch_operator' retrieved from /Users/paulamedina/venv/lib/python3.12/site-packages/airflow/example_dags/example_branch_day_of_week_operator.py
[2024-05-06T20:25:41.009-0500] {logging_mixin.py:188} INFO - [2024-05-06T20:25:41.009-0500] {dag.py:3096} INFO - Sync 1 DAGs
[2024-05-06T20:25:41.024-0500] {logging_mixin.py:188} INFO - [2024-05-06T20:25:41.024-0500] {dag.py:3954} INFO - Setting next_dagrun for example_weekday_branch_operator to 2024-05-06 00:00:00+00:00, run_after=2024-05-07 00:00:00+00:00
[2024-05-06T20:25:41.040-0500] {processor.py:183} INFO - Processing /Users/paulamedina/venv/lib/python3.12/site-packages/airflow/example_dags/example_branch_day_of_week_operator.py took 0.134 seconds
[2024-05-06T20:29:06.935-0500] {processor.py:161} INFO - Started process (PID=45629) to work on /Users/paulamedina/venv/lib/python3.12/site-packages/airflow/example_dags/example_branch_day_of_week_operator.py
[2024-05-06T20:29:06.936-0500] {processor.py:830} INFO - Processing file /Users/paulamedina/venv/lib/python3.12/site-packages/airflow/example_dags/example_branch_day_of_week_operator.py for tasks to queue
[2024-05-06T20:29:06.937-0500] {logging_mixin.py:188} INFO - [2024-05-06T20:29:06.936-0500] {dagbag.py:540} INFO - Filling up the DagBag from /Users/paulamedina/venv/lib/python3.12/site-packages/airflow/example_dags/example_branch_day_of_week_operator.py
[2024-05-06T20:29:06.946-0500] {processor.py:840} INFO - DAG(s) 'example_weekday_branch_operator' retrieved from /Users/paulamedina/venv/lib/python3.12/site-packages/airflow/example_dags/example_branch_day_of_week_operator.py
[2024-05-06T20:29:07.026-0500] {logging_mixin.py:188} INFO - [2024-05-06T20:29:07.025-0500] {dag.py:3096} INFO - Sync 1 DAGs
[2024-05-06T20:29:07.039-0500] {logging_mixin.py:188} INFO - [2024-05-06T20:29:07.039-0500] {dag.py:3954} INFO - Setting next_dagrun for example_weekday_branch_operator to 2024-05-06 00:00:00+00:00, run_after=2024-05-07 00:00:00+00:00
[2024-05-06T20:29:07.053-0500] {processor.py:183} INFO - Processing /Users/paulamedina/venv/lib/python3.12/site-packages/airflow/example_dags/example_branch_day_of_week_operator.py took 0.119 seconds
[2024-05-06T20:32:29.330-0500] {processor.py:161} INFO - Started process (PID=46364) to work on /Users/paulamedina/venv/lib/python3.12/site-packages/airflow/example_dags/example_branch_day_of_week_operator.py
[2024-05-06T20:32:29.330-0500] {processor.py:830} INFO - Processing file /Users/paulamedina/venv/lib/python3.12/site-packages/airflow/example_dags/example_branch_day_of_week_operator.py for tasks to queue
[2024-05-06T20:32:29.331-0500] {logging_mixin.py:188} INFO - [2024-05-06T20:32:29.331-0500] {dagbag.py:540} INFO - Filling up the DagBag from /Users/paulamedina/venv/lib/python3.12/site-packages/airflow/example_dags/example_branch_day_of_week_operator.py
[2024-05-06T20:32:29.342-0500] {processor.py:840} INFO - DAG(s) 'example_weekday_branch_operator' retrieved from /Users/paulamedina/venv/lib/python3.12/site-packages/airflow/example_dags/example_branch_day_of_week_operator.py
[2024-05-06T20:32:29.431-0500] {logging_mixin.py:188} INFO - [2024-05-06T20:32:29.431-0500] {dag.py:3096} INFO - Sync 1 DAGs
[2024-05-06T20:32:29.446-0500] {logging_mixin.py:188} INFO - [2024-05-06T20:32:29.446-0500] {dag.py:3954} INFO - Setting next_dagrun for example_weekday_branch_operator to 2024-05-06 00:00:00+00:00, run_after=2024-05-07 00:00:00+00:00
[2024-05-06T20:32:29.462-0500] {processor.py:183} INFO - Processing /Users/paulamedina/venv/lib/python3.12/site-packages/airflow/example_dags/example_branch_day_of_week_operator.py took 0.135 seconds
[2024-05-06T20:35:52.197-0500] {processor.py:161} INFO - Started process (PID=47080) to work on /Users/paulamedina/venv/lib/python3.12/site-packages/airflow/example_dags/example_branch_day_of_week_operator.py
[2024-05-06T20:35:52.198-0500] {processor.py:830} INFO - Processing file /Users/paulamedina/venv/lib/python3.12/site-packages/airflow/example_dags/example_branch_day_of_week_operator.py for tasks to queue
[2024-05-06T20:35:52.198-0500] {logging_mixin.py:188} INFO - [2024-05-06T20:35:52.198-0500] {dagbag.py:540} INFO - Filling up the DagBag from /Users/paulamedina/venv/lib/python3.12/site-packages/airflow/example_dags/example_branch_day_of_week_operator.py
[2024-05-06T20:35:52.207-0500] {processor.py:840} INFO - DAG(s) 'example_weekday_branch_operator' retrieved from /Users/paulamedina/venv/lib/python3.12/site-packages/airflow/example_dags/example_branch_day_of_week_operator.py
[2024-05-06T20:35:52.283-0500] {logging_mixin.py:188} INFO - [2024-05-06T20:35:52.283-0500] {dag.py:3096} INFO - Sync 1 DAGs
[2024-05-06T20:35:52.297-0500] {logging_mixin.py:188} INFO - [2024-05-06T20:35:52.296-0500] {dag.py:3954} INFO - Setting next_dagrun for example_weekday_branch_operator to 2024-05-06 00:00:00+00:00, run_after=2024-05-07 00:00:00+00:00
[2024-05-06T20:35:52.312-0500] {processor.py:183} INFO - Processing /Users/paulamedina/venv/lib/python3.12/site-packages/airflow/example_dags/example_branch_day_of_week_operator.py took 0.117 seconds
[2024-05-06T20:39:09.531-0500] {processor.py:161} INFO - Started process (PID=47793) to work on /Users/paulamedina/venv/lib/python3.12/site-packages/airflow/example_dags/example_branch_day_of_week_operator.py
[2024-05-06T20:39:09.532-0500] {processor.py:830} INFO - Processing file /Users/paulamedina/venv/lib/python3.12/site-packages/airflow/example_dags/example_branch_day_of_week_operator.py for tasks to queue
[2024-05-06T20:39:09.532-0500] {logging_mixin.py:188} INFO - [2024-05-06T20:39:09.532-0500] {dagbag.py:540} INFO - Filling up the DagBag from /Users/paulamedina/venv/lib/python3.12/site-packages/airflow/example_dags/example_branch_day_of_week_operator.py
[2024-05-06T20:39:09.543-0500] {processor.py:840} INFO - DAG(s) 'example_weekday_branch_operator' retrieved from /Users/paulamedina/venv/lib/python3.12/site-packages/airflow/example_dags/example_branch_day_of_week_operator.py
[2024-05-06T20:39:09.634-0500] {logging_mixin.py:188} INFO - [2024-05-06T20:39:09.634-0500] {dag.py:3096} INFO - Sync 1 DAGs
[2024-05-06T20:39:09.649-0500] {logging_mixin.py:188} INFO - [2024-05-06T20:39:09.649-0500] {dag.py:3954} INFO - Setting next_dagrun for example_weekday_branch_operator to 2024-05-06 00:00:00+00:00, run_after=2024-05-07 00:00:00+00:00
[2024-05-06T20:39:09.665-0500] {processor.py:183} INFO - Processing /Users/paulamedina/venv/lib/python3.12/site-packages/airflow/example_dags/example_branch_day_of_week_operator.py took 0.136 seconds
[2024-05-06T20:42:38.856-0500] {processor.py:161} INFO - Started process (PID=48529) to work on /Users/paulamedina/venv/lib/python3.12/site-packages/airflow/example_dags/example_branch_day_of_week_operator.py
[2024-05-06T20:42:38.857-0500] {processor.py:830} INFO - Processing file /Users/paulamedina/venv/lib/python3.12/site-packages/airflow/example_dags/example_branch_day_of_week_operator.py for tasks to queue
[2024-05-06T20:42:38.857-0500] {logging_mixin.py:188} INFO - [2024-05-06T20:42:38.857-0500] {dagbag.py:540} INFO - Filling up the DagBag from /Users/paulamedina/venv/lib/python3.12/site-packages/airflow/example_dags/example_branch_day_of_week_operator.py
[2024-05-06T20:42:38.867-0500] {processor.py:840} INFO - DAG(s) 'example_weekday_branch_operator' retrieved from /Users/paulamedina/venv/lib/python3.12/site-packages/airflow/example_dags/example_branch_day_of_week_operator.py
[2024-05-06T20:42:38.945-0500] {logging_mixin.py:188} INFO - [2024-05-06T20:42:38.945-0500] {dag.py:3096} INFO - Sync 1 DAGs
[2024-05-06T20:42:38.958-0500] {logging_mixin.py:188} INFO - [2024-05-06T20:42:38.958-0500] {dag.py:3954} INFO - Setting next_dagrun for example_weekday_branch_operator to 2024-05-06 00:00:00+00:00, run_after=2024-05-07 00:00:00+00:00
[2024-05-06T20:42:38.972-0500] {processor.py:183} INFO - Processing /Users/paulamedina/venv/lib/python3.12/site-packages/airflow/example_dags/example_branch_day_of_week_operator.py took 0.118 seconds
[2024-05-06T20:46:03.816-0500] {processor.py:161} INFO - Started process (PID=49256) to work on /Users/paulamedina/venv/lib/python3.12/site-packages/airflow/example_dags/example_branch_day_of_week_operator.py
[2024-05-06T20:46:03.817-0500] {processor.py:830} INFO - Processing file /Users/paulamedina/venv/lib/python3.12/site-packages/airflow/example_dags/example_branch_day_of_week_operator.py for tasks to queue
[2024-05-06T20:46:03.817-0500] {logging_mixin.py:188} INFO - [2024-05-06T20:46:03.817-0500] {dagbag.py:540} INFO - Filling up the DagBag from /Users/paulamedina/venv/lib/python3.12/site-packages/airflow/example_dags/example_branch_day_of_week_operator.py
[2024-05-06T20:46:03.827-0500] {processor.py:840} INFO - DAG(s) 'example_weekday_branch_operator' retrieved from /Users/paulamedina/venv/lib/python3.12/site-packages/airflow/example_dags/example_branch_day_of_week_operator.py
[2024-05-06T20:46:03.903-0500] {logging_mixin.py:188} INFO - [2024-05-06T20:46:03.902-0500] {dag.py:3096} INFO - Sync 1 DAGs
[2024-05-06T20:46:03.916-0500] {logging_mixin.py:188} INFO - [2024-05-06T20:46:03.915-0500] {dag.py:3954} INFO - Setting next_dagrun for example_weekday_branch_operator to 2024-05-06 00:00:00+00:00, run_after=2024-05-07 00:00:00+00:00
[2024-05-06T20:46:03.929-0500] {processor.py:183} INFO - Processing /Users/paulamedina/venv/lib/python3.12/site-packages/airflow/example_dags/example_branch_day_of_week_operator.py took 0.115 seconds
[2024-05-06T20:49:34.441-0500] {processor.py:161} INFO - Started process (PID=50093) to work on /Users/paulamedina/venv/lib/python3.12/site-packages/airflow/example_dags/example_branch_day_of_week_operator.py
[2024-05-06T20:49:34.442-0500] {processor.py:830} INFO - Processing file /Users/paulamedina/venv/lib/python3.12/site-packages/airflow/example_dags/example_branch_day_of_week_operator.py for tasks to queue
[2024-05-06T20:49:34.442-0500] {logging_mixin.py:188} INFO - [2024-05-06T20:49:34.442-0500] {dagbag.py:540} INFO - Filling up the DagBag from /Users/paulamedina/venv/lib/python3.12/site-packages/airflow/example_dags/example_branch_day_of_week_operator.py
[2024-05-06T20:49:34.453-0500] {processor.py:840} INFO - DAG(s) 'example_weekday_branch_operator' retrieved from /Users/paulamedina/venv/lib/python3.12/site-packages/airflow/example_dags/example_branch_day_of_week_operator.py
[2024-05-06T20:49:34.543-0500] {logging_mixin.py:188} INFO - [2024-05-06T20:49:34.542-0500] {dag.py:3096} INFO - Sync 1 DAGs
[2024-05-06T20:49:34.558-0500] {logging_mixin.py:188} INFO - [2024-05-06T20:49:34.558-0500] {dag.py:3954} INFO - Setting next_dagrun for example_weekday_branch_operator to 2024-05-06 00:00:00+00:00, run_after=2024-05-07 00:00:00+00:00
[2024-05-06T20:49:34.574-0500] {processor.py:183} INFO - Processing /Users/paulamedina/venv/lib/python3.12/site-packages/airflow/example_dags/example_branch_day_of_week_operator.py took 0.135 seconds
[2024-05-06T20:53:05.548-0500] {processor.py:161} INFO - Started process (PID=50831) to work on /Users/paulamedina/venv/lib/python3.12/site-packages/airflow/example_dags/example_branch_day_of_week_operator.py
[2024-05-06T20:53:05.549-0500] {processor.py:830} INFO - Processing file /Users/paulamedina/venv/lib/python3.12/site-packages/airflow/example_dags/example_branch_day_of_week_operator.py for tasks to queue
[2024-05-06T20:53:05.549-0500] {logging_mixin.py:188} INFO - [2024-05-06T20:53:05.549-0500] {dagbag.py:540} INFO - Filling up the DagBag from /Users/paulamedina/venv/lib/python3.12/site-packages/airflow/example_dags/example_branch_day_of_week_operator.py
[2024-05-06T20:53:05.558-0500] {processor.py:840} INFO - DAG(s) 'example_weekday_branch_operator' retrieved from /Users/paulamedina/venv/lib/python3.12/site-packages/airflow/example_dags/example_branch_day_of_week_operator.py
[2024-05-06T20:53:05.635-0500] {logging_mixin.py:188} INFO - [2024-05-06T20:53:05.635-0500] {dag.py:3096} INFO - Sync 1 DAGs
[2024-05-06T20:53:05.648-0500] {logging_mixin.py:188} INFO - [2024-05-06T20:53:05.648-0500] {dag.py:3954} INFO - Setting next_dagrun for example_weekday_branch_operator to 2024-05-06 00:00:00+00:00, run_after=2024-05-07 00:00:00+00:00
[2024-05-06T20:53:05.662-0500] {processor.py:183} INFO - Processing /Users/paulamedina/venv/lib/python3.12/site-packages/airflow/example_dags/example_branch_day_of_week_operator.py took 0.116 seconds
[2024-05-06T20:56:30.858-0500] {processor.py:161} INFO - Started process (PID=51567) to work on /Users/paulamedina/venv/lib/python3.12/site-packages/airflow/example_dags/example_branch_day_of_week_operator.py
[2024-05-06T20:56:30.859-0500] {processor.py:830} INFO - Processing file /Users/paulamedina/venv/lib/python3.12/site-packages/airflow/example_dags/example_branch_day_of_week_operator.py for tasks to queue
[2024-05-06T20:56:30.860-0500] {logging_mixin.py:188} INFO - [2024-05-06T20:56:30.860-0500] {dagbag.py:540} INFO - Filling up the DagBag from /Users/paulamedina/venv/lib/python3.12/site-packages/airflow/example_dags/example_branch_day_of_week_operator.py
[2024-05-06T20:56:30.871-0500] {processor.py:840} INFO - DAG(s) 'example_weekday_branch_operator' retrieved from /Users/paulamedina/venv/lib/python3.12/site-packages/airflow/example_dags/example_branch_day_of_week_operator.py
[2024-05-06T20:56:30.958-0500] {logging_mixin.py:188} INFO - [2024-05-06T20:56:30.958-0500] {dag.py:3096} INFO - Sync 1 DAGs
[2024-05-06T20:56:30.973-0500] {logging_mixin.py:188} INFO - [2024-05-06T20:56:30.972-0500] {dag.py:3954} INFO - Setting next_dagrun for example_weekday_branch_operator to 2024-05-06 00:00:00+00:00, run_after=2024-05-07 00:00:00+00:00
[2024-05-06T20:56:30.989-0500] {processor.py:183} INFO - Processing /Users/paulamedina/venv/lib/python3.12/site-packages/airflow/example_dags/example_branch_day_of_week_operator.py took 0.133 seconds
[2024-05-06T21:00:06.562-0500] {processor.py:161} INFO - Started process (PID=52340) to work on /Users/paulamedina/venv/lib/python3.12/site-packages/airflow/example_dags/example_branch_day_of_week_operator.py
[2024-05-06T21:00:06.563-0500] {processor.py:830} INFO - Processing file /Users/paulamedina/venv/lib/python3.12/site-packages/airflow/example_dags/example_branch_day_of_week_operator.py for tasks to queue
[2024-05-06T21:00:06.563-0500] {logging_mixin.py:188} INFO - [2024-05-06T21:00:06.563-0500] {dagbag.py:540} INFO - Filling up the DagBag from /Users/paulamedina/venv/lib/python3.12/site-packages/airflow/example_dags/example_branch_day_of_week_operator.py
[2024-05-06T21:00:06.574-0500] {processor.py:840} INFO - DAG(s) 'example_weekday_branch_operator' retrieved from /Users/paulamedina/venv/lib/python3.12/site-packages/airflow/example_dags/example_branch_day_of_week_operator.py
[2024-05-06T21:00:06.670-0500] {logging_mixin.py:188} INFO - [2024-05-06T21:00:06.670-0500] {dag.py:3096} INFO - Sync 1 DAGs
[2024-05-06T21:00:06.687-0500] {logging_mixin.py:188} INFO - [2024-05-06T21:00:06.686-0500] {dag.py:3954} INFO - Setting next_dagrun for example_weekday_branch_operator to 2024-05-06 00:00:00+00:00, run_after=2024-05-07 00:00:00+00:00
[2024-05-06T21:00:06.704-0500] {processor.py:183} INFO - Processing /Users/paulamedina/venv/lib/python3.12/site-packages/airflow/example_dags/example_branch_day_of_week_operator.py took 0.144 seconds
[2024-05-06T21:03:54.272-0500] {processor.py:161} INFO - Started process (PID=53262) to work on /Users/paulamedina/venv/lib/python3.12/site-packages/airflow/example_dags/example_branch_day_of_week_operator.py
[2024-05-06T21:03:54.273-0500] {processor.py:830} INFO - Processing file /Users/paulamedina/venv/lib/python3.12/site-packages/airflow/example_dags/example_branch_day_of_week_operator.py for tasks to queue
[2024-05-06T21:03:54.274-0500] {logging_mixin.py:188} INFO - [2024-05-06T21:03:54.273-0500] {dagbag.py:540} INFO - Filling up the DagBag from /Users/paulamedina/venv/lib/python3.12/site-packages/airflow/example_dags/example_branch_day_of_week_operator.py
[2024-05-06T21:03:54.285-0500] {processor.py:840} INFO - DAG(s) 'example_weekday_branch_operator' retrieved from /Users/paulamedina/venv/lib/python3.12/site-packages/airflow/example_dags/example_branch_day_of_week_operator.py
[2024-05-06T21:03:54.373-0500] {logging_mixin.py:188} INFO - [2024-05-06T21:03:54.373-0500] {dag.py:3096} INFO - Sync 1 DAGs
[2024-05-06T21:03:54.388-0500] {logging_mixin.py:188} INFO - [2024-05-06T21:03:54.388-0500] {dag.py:3954} INFO - Setting next_dagrun for example_weekday_branch_operator to 2024-05-06 00:00:00+00:00, run_after=2024-05-07 00:00:00+00:00
[2024-05-06T21:03:54.404-0500] {processor.py:183} INFO - Processing /Users/paulamedina/venv/lib/python3.12/site-packages/airflow/example_dags/example_branch_day_of_week_operator.py took 0.134 seconds
[2024-05-06T21:07:17.427-0500] {processor.py:161} INFO - Started process (PID=54072) to work on /Users/paulamedina/venv/lib/python3.12/site-packages/airflow/example_dags/example_branch_day_of_week_operator.py
[2024-05-06T21:07:17.428-0500] {processor.py:830} INFO - Processing file /Users/paulamedina/venv/lib/python3.12/site-packages/airflow/example_dags/example_branch_day_of_week_operator.py for tasks to queue
[2024-05-06T21:07:17.428-0500] {logging_mixin.py:188} INFO - [2024-05-06T21:07:17.428-0500] {dagbag.py:540} INFO - Filling up the DagBag from /Users/paulamedina/venv/lib/python3.12/site-packages/airflow/example_dags/example_branch_day_of_week_operator.py
[2024-05-06T21:07:17.437-0500] {processor.py:840} INFO - DAG(s) 'example_weekday_branch_operator' retrieved from /Users/paulamedina/venv/lib/python3.12/site-packages/airflow/example_dags/example_branch_day_of_week_operator.py
[2024-05-06T21:07:17.514-0500] {logging_mixin.py:188} INFO - [2024-05-06T21:07:17.513-0500] {dag.py:3096} INFO - Sync 1 DAGs
[2024-05-06T21:07:17.527-0500] {logging_mixin.py:188} INFO - [2024-05-06T21:07:17.527-0500] {dag.py:3954} INFO - Setting next_dagrun for example_weekday_branch_operator to 2024-05-06 00:00:00+00:00, run_after=2024-05-07 00:00:00+00:00
[2024-05-06T21:07:17.544-0500] {processor.py:183} INFO - Processing /Users/paulamedina/venv/lib/python3.12/site-packages/airflow/example_dags/example_branch_day_of_week_operator.py took 0.119 seconds
[2024-05-06T21:10:41.871-0500] {processor.py:161} INFO - Started process (PID=54794) to work on /Users/paulamedina/venv/lib/python3.12/site-packages/airflow/example_dags/example_branch_day_of_week_operator.py
[2024-05-06T21:10:41.872-0500] {processor.py:830} INFO - Processing file /Users/paulamedina/venv/lib/python3.12/site-packages/airflow/example_dags/example_branch_day_of_week_operator.py for tasks to queue
[2024-05-06T21:10:41.872-0500] {logging_mixin.py:188} INFO - [2024-05-06T21:10:41.872-0500] {dagbag.py:540} INFO - Filling up the DagBag from /Users/paulamedina/venv/lib/python3.12/site-packages/airflow/example_dags/example_branch_day_of_week_operator.py
[2024-05-06T21:10:41.881-0500] {processor.py:840} INFO - DAG(s) 'example_weekday_branch_operator' retrieved from /Users/paulamedina/venv/lib/python3.12/site-packages/airflow/example_dags/example_branch_day_of_week_operator.py
[2024-05-06T21:10:41.957-0500] {logging_mixin.py:188} INFO - [2024-05-06T21:10:41.957-0500] {dag.py:3096} INFO - Sync 1 DAGs
[2024-05-06T21:10:41.970-0500] {logging_mixin.py:188} INFO - [2024-05-06T21:10:41.970-0500] {dag.py:3954} INFO - Setting next_dagrun for example_weekday_branch_operator to 2024-05-06 00:00:00+00:00, run_after=2024-05-07 00:00:00+00:00
[2024-05-06T21:10:41.984-0500] {processor.py:183} INFO - Processing /Users/paulamedina/venv/lib/python3.12/site-packages/airflow/example_dags/example_branch_day_of_week_operator.py took 0.115 seconds
[2024-05-06T21:14:06.941-0500] {processor.py:161} INFO - Started process (PID=55518) to work on /Users/paulamedina/venv/lib/python3.12/site-packages/airflow/example_dags/example_branch_day_of_week_operator.py
[2024-05-06T21:14:06.942-0500] {processor.py:830} INFO - Processing file /Users/paulamedina/venv/lib/python3.12/site-packages/airflow/example_dags/example_branch_day_of_week_operator.py for tasks to queue
[2024-05-06T21:14:06.942-0500] {logging_mixin.py:188} INFO - [2024-05-06T21:14:06.942-0500] {dagbag.py:540} INFO - Filling up the DagBag from /Users/paulamedina/venv/lib/python3.12/site-packages/airflow/example_dags/example_branch_day_of_week_operator.py
[2024-05-06T21:14:06.951-0500] {processor.py:840} INFO - DAG(s) 'example_weekday_branch_operator' retrieved from /Users/paulamedina/venv/lib/python3.12/site-packages/airflow/example_dags/example_branch_day_of_week_operator.py
[2024-05-06T21:14:07.027-0500] {logging_mixin.py:188} INFO - [2024-05-06T21:14:07.027-0500] {dag.py:3096} INFO - Sync 1 DAGs
[2024-05-06T21:14:07.040-0500] {logging_mixin.py:188} INFO - [2024-05-06T21:14:07.040-0500] {dag.py:3954} INFO - Setting next_dagrun for example_weekday_branch_operator to 2024-05-06 00:00:00+00:00, run_after=2024-05-07 00:00:00+00:00
[2024-05-06T21:14:07.054-0500] {processor.py:183} INFO - Processing /Users/paulamedina/venv/lib/python3.12/site-packages/airflow/example_dags/example_branch_day_of_week_operator.py took 0.115 seconds
[2024-05-06T21:17:36.647-0500] {processor.py:161} INFO - Started process (PID=56252) to work on /Users/paulamedina/venv/lib/python3.12/site-packages/airflow/example_dags/example_branch_day_of_week_operator.py
[2024-05-06T21:17:36.648-0500] {processor.py:830} INFO - Processing file /Users/paulamedina/venv/lib/python3.12/site-packages/airflow/example_dags/example_branch_day_of_week_operator.py for tasks to queue
[2024-05-06T21:17:36.648-0500] {logging_mixin.py:188} INFO - [2024-05-06T21:17:36.648-0500] {dagbag.py:540} INFO - Filling up the DagBag from /Users/paulamedina/venv/lib/python3.12/site-packages/airflow/example_dags/example_branch_day_of_week_operator.py
[2024-05-06T21:17:36.657-0500] {processor.py:840} INFO - DAG(s) 'example_weekday_branch_operator' retrieved from /Users/paulamedina/venv/lib/python3.12/site-packages/airflow/example_dags/example_branch_day_of_week_operator.py
[2024-05-06T21:17:36.733-0500] {logging_mixin.py:188} INFO - [2024-05-06T21:17:36.733-0500] {dag.py:3096} INFO - Sync 1 DAGs
[2024-05-06T21:17:36.747-0500] {logging_mixin.py:188} INFO - [2024-05-06T21:17:36.747-0500] {dag.py:3954} INFO - Setting next_dagrun for example_weekday_branch_operator to 2024-05-06 00:00:00+00:00, run_after=2024-05-07 00:00:00+00:00
[2024-05-06T21:17:36.761-0500] {processor.py:183} INFO - Processing /Users/paulamedina/venv/lib/python3.12/site-packages/airflow/example_dags/example_branch_day_of_week_operator.py took 0.116 seconds
[2024-05-06T21:21:08.234-0500] {processor.py:161} INFO - Started process (PID=57097) to work on /Users/paulamedina/venv/lib/python3.12/site-packages/airflow/example_dags/example_branch_day_of_week_operator.py
[2024-05-06T21:21:08.235-0500] {processor.py:830} INFO - Processing file /Users/paulamedina/venv/lib/python3.12/site-packages/airflow/example_dags/example_branch_day_of_week_operator.py for tasks to queue
[2024-05-06T21:21:08.235-0500] {logging_mixin.py:188} INFO - [2024-05-06T21:21:08.235-0500] {dagbag.py:540} INFO - Filling up the DagBag from /Users/paulamedina/venv/lib/python3.12/site-packages/airflow/example_dags/example_branch_day_of_week_operator.py
[2024-05-06T21:21:08.246-0500] {processor.py:840} INFO - DAG(s) 'example_weekday_branch_operator' retrieved from /Users/paulamedina/venv/lib/python3.12/site-packages/airflow/example_dags/example_branch_day_of_week_operator.py
[2024-05-06T21:21:08.334-0500] {logging_mixin.py:188} INFO - [2024-05-06T21:21:08.334-0500] {dag.py:3096} INFO - Sync 1 DAGs
[2024-05-06T21:21:08.350-0500] {logging_mixin.py:188} INFO - [2024-05-06T21:21:08.349-0500] {dag.py:3954} INFO - Setting next_dagrun for example_weekday_branch_operator to 2024-05-06 00:00:00+00:00, run_after=2024-05-07 00:00:00+00:00
[2024-05-06T21:21:08.369-0500] {processor.py:183} INFO - Processing /Users/paulamedina/venv/lib/python3.12/site-packages/airflow/example_dags/example_branch_day_of_week_operator.py took 0.138 seconds
[2024-05-06T21:24:38.683-0500] {processor.py:161} INFO - Started process (PID=57834) to work on /Users/paulamedina/venv/lib/python3.12/site-packages/airflow/example_dags/example_branch_day_of_week_operator.py
[2024-05-06T21:24:38.683-0500] {processor.py:830} INFO - Processing file /Users/paulamedina/venv/lib/python3.12/site-packages/airflow/example_dags/example_branch_day_of_week_operator.py for tasks to queue
[2024-05-06T21:24:38.684-0500] {logging_mixin.py:188} INFO - [2024-05-06T21:24:38.684-0500] {dagbag.py:540} INFO - Filling up the DagBag from /Users/paulamedina/venv/lib/python3.12/site-packages/airflow/example_dags/example_branch_day_of_week_operator.py
[2024-05-06T21:24:38.693-0500] {processor.py:840} INFO - DAG(s) 'example_weekday_branch_operator' retrieved from /Users/paulamedina/venv/lib/python3.12/site-packages/airflow/example_dags/example_branch_day_of_week_operator.py
[2024-05-06T21:24:38.769-0500] {logging_mixin.py:188} INFO - [2024-05-06T21:24:38.769-0500] {dag.py:3096} INFO - Sync 1 DAGs
[2024-05-06T21:24:38.782-0500] {logging_mixin.py:188} INFO - [2024-05-06T21:24:38.782-0500] {dag.py:3954} INFO - Setting next_dagrun for example_weekday_branch_operator to 2024-05-06 00:00:00+00:00, run_after=2024-05-07 00:00:00+00:00
[2024-05-06T21:24:38.795-0500] {processor.py:183} INFO - Processing /Users/paulamedina/venv/lib/python3.12/site-packages/airflow/example_dags/example_branch_day_of_week_operator.py took 0.114 seconds
[2024-05-06T21:28:10.309-0500] {processor.py:161} INFO - Started process (PID=58587) to work on /Users/paulamedina/venv/lib/python3.12/site-packages/airflow/example_dags/example_branch_day_of_week_operator.py
[2024-05-06T21:28:10.310-0500] {processor.py:830} INFO - Processing file /Users/paulamedina/venv/lib/python3.12/site-packages/airflow/example_dags/example_branch_day_of_week_operator.py for tasks to queue
[2024-05-06T21:28:10.310-0500] {logging_mixin.py:188} INFO - [2024-05-06T21:28:10.310-0500] {dagbag.py:540} INFO - Filling up the DagBag from /Users/paulamedina/venv/lib/python3.12/site-packages/airflow/example_dags/example_branch_day_of_week_operator.py
[2024-05-06T21:28:10.319-0500] {processor.py:840} INFO - DAG(s) 'example_weekday_branch_operator' retrieved from /Users/paulamedina/venv/lib/python3.12/site-packages/airflow/example_dags/example_branch_day_of_week_operator.py
[2024-05-06T21:28:10.399-0500] {logging_mixin.py:188} INFO - [2024-05-06T21:28:10.399-0500] {dag.py:3096} INFO - Sync 1 DAGs
[2024-05-06T21:28:10.412-0500] {logging_mixin.py:188} INFO - [2024-05-06T21:28:10.412-0500] {dag.py:3954} INFO - Setting next_dagrun for example_weekday_branch_operator to 2024-05-06 00:00:00+00:00, run_after=2024-05-07 00:00:00+00:00
[2024-05-06T21:28:10.431-0500] {processor.py:183} INFO - Processing /Users/paulamedina/venv/lib/python3.12/site-packages/airflow/example_dags/example_branch_day_of_week_operator.py took 0.124 seconds
[2024-05-06T21:32:24.853-0500] {processor.py:161} INFO - Started process (PID=59514) to work on /Users/paulamedina/venv/lib/python3.12/site-packages/airflow/example_dags/example_branch_day_of_week_operator.py
[2024-05-06T21:32:24.854-0500] {processor.py:830} INFO - Processing file /Users/paulamedina/venv/lib/python3.12/site-packages/airflow/example_dags/example_branch_day_of_week_operator.py for tasks to queue
[2024-05-06T21:32:24.855-0500] {logging_mixin.py:188} INFO - [2024-05-06T21:32:24.854-0500] {dagbag.py:540} INFO - Filling up the DagBag from /Users/paulamedina/venv/lib/python3.12/site-packages/airflow/example_dags/example_branch_day_of_week_operator.py
[2024-05-06T21:32:24.865-0500] {processor.py:840} INFO - DAG(s) 'example_weekday_branch_operator' retrieved from /Users/paulamedina/venv/lib/python3.12/site-packages/airflow/example_dags/example_branch_day_of_week_operator.py
[2024-05-06T21:32:24.943-0500] {logging_mixin.py:188} INFO - [2024-05-06T21:32:24.942-0500] {dag.py:3096} INFO - Sync 1 DAGs
[2024-05-06T21:32:24.955-0500] {logging_mixin.py:188} INFO - [2024-05-06T21:32:24.955-0500] {dag.py:3954} INFO - Setting next_dagrun for example_weekday_branch_operator to 2024-05-06 00:00:00+00:00, run_after=2024-05-07 00:00:00+00:00
[2024-05-06T21:32:24.969-0500] {processor.py:183} INFO - Processing /Users/paulamedina/venv/lib/python3.12/site-packages/airflow/example_dags/example_branch_day_of_week_operator.py took 0.118 seconds
[2024-05-06T21:43:59.924-0500] {processor.py:161} INFO - Started process (PID=62118) to work on /Users/paulamedina/venv/lib/python3.12/site-packages/airflow/example_dags/example_branch_day_of_week_operator.py
[2024-05-06T21:43:59.925-0500] {processor.py:830} INFO - Processing file /Users/paulamedina/venv/lib/python3.12/site-packages/airflow/example_dags/example_branch_day_of_week_operator.py for tasks to queue
[2024-05-06T21:43:59.926-0500] {logging_mixin.py:188} INFO - [2024-05-06T21:43:59.926-0500] {dagbag.py:540} INFO - Filling up the DagBag from /Users/paulamedina/venv/lib/python3.12/site-packages/airflow/example_dags/example_branch_day_of_week_operator.py
[2024-05-06T21:43:59.939-0500] {processor.py:840} INFO - DAG(s) 'example_weekday_branch_operator' retrieved from /Users/paulamedina/venv/lib/python3.12/site-packages/airflow/example_dags/example_branch_day_of_week_operator.py
[2024-05-06T21:44:00.178-0500] {logging_mixin.py:188} INFO - [2024-05-06T21:44:00.177-0500] {override.py:1829} INFO - Created Permission View: can read on DAG:example_weekday_branch_operator
[2024-05-06T21:44:00.185-0500] {logging_mixin.py:188} INFO - [2024-05-06T21:44:00.185-0500] {override.py:1829} INFO - Created Permission View: can edit on DAG:example_weekday_branch_operator
[2024-05-06T21:44:00.190-0500] {logging_mixin.py:188} INFO - [2024-05-06T21:44:00.190-0500] {override.py:1829} INFO - Created Permission View: can delete on DAG:example_weekday_branch_operator
[2024-05-06T21:44:00.190-0500] {logging_mixin.py:188} INFO - [2024-05-06T21:44:00.190-0500] {dag.py:3096} INFO - Sync 1 DAGs
[2024-05-06T21:44:00.200-0500] {logging_mixin.py:188} INFO - [2024-05-06T21:44:00.199-0500] {dag.py:3118} INFO - Creating ORM DAG for example_weekday_branch_operator
[2024-05-06T21:44:00.208-0500] {logging_mixin.py:188} INFO - [2024-05-06T21:44:00.208-0500] {dag.py:3954} INFO - Setting next_dagrun for example_weekday_branch_operator to 2024-05-06 00:00:00+00:00, run_after=2024-05-07 00:00:00+00:00
[2024-05-06T21:44:00.220-0500] {processor.py:183} INFO - Processing /Users/paulamedina/venv/lib/python3.12/site-packages/airflow/example_dags/example_branch_day_of_week_operator.py took 0.299 seconds
[2024-05-06T21:45:13.335-0500] {processor.py:161} INFO - Started process (PID=62414) to work on /Users/paulamedina/venv/lib/python3.12/site-packages/airflow/example_dags/example_branch_day_of_week_operator.py
[2024-05-06T21:45:13.336-0500] {processor.py:830} INFO - Processing file /Users/paulamedina/venv/lib/python3.12/site-packages/airflow/example_dags/example_branch_day_of_week_operator.py for tasks to queue
[2024-05-06T21:45:13.336-0500] {logging_mixin.py:188} INFO - [2024-05-06T21:45:13.336-0500] {dagbag.py:540} INFO - Filling up the DagBag from /Users/paulamedina/venv/lib/python3.12/site-packages/airflow/example_dags/example_branch_day_of_week_operator.py
[2024-05-06T21:45:13.351-0500] {processor.py:840} INFO - DAG(s) 'example_weekday_branch_operator' retrieved from /Users/paulamedina/venv/lib/python3.12/site-packages/airflow/example_dags/example_branch_day_of_week_operator.py
[2024-05-06T21:45:13.485-0500] {logging_mixin.py:188} INFO - [2024-05-06T21:45:13.485-0500] {dag.py:3096} INFO - Sync 1 DAGs
[2024-05-06T21:45:13.508-0500] {logging_mixin.py:188} INFO - [2024-05-06T21:45:13.508-0500] {dag.py:3954} INFO - Setting next_dagrun for example_weekday_branch_operator to 2024-05-06 00:00:00+00:00, run_after=2024-05-07 00:00:00+00:00
[2024-05-06T21:45:13.529-0500] {processor.py:183} INFO - Processing /Users/paulamedina/venv/lib/python3.12/site-packages/airflow/example_dags/example_branch_day_of_week_operator.py took 0.198 seconds
[2024-05-06T21:46:12.432-0500] {processor.py:161} INFO - Started process (PID=62659) to work on /Users/paulamedina/venv/lib/python3.12/site-packages/airflow/example_dags/example_branch_day_of_week_operator.py
[2024-05-06T21:46:12.433-0500] {processor.py:830} INFO - Processing file /Users/paulamedina/venv/lib/python3.12/site-packages/airflow/example_dags/example_branch_day_of_week_operator.py for tasks to queue
[2024-05-06T21:46:12.434-0500] {logging_mixin.py:188} INFO - [2024-05-06T21:46:12.433-0500] {dagbag.py:540} INFO - Filling up the DagBag from /Users/paulamedina/venv/lib/python3.12/site-packages/airflow/example_dags/example_branch_day_of_week_operator.py
[2024-05-06T21:46:12.448-0500] {processor.py:840} INFO - DAG(s) 'example_weekday_branch_operator' retrieved from /Users/paulamedina/venv/lib/python3.12/site-packages/airflow/example_dags/example_branch_day_of_week_operator.py
[2024-05-06T21:46:12.575-0500] {logging_mixin.py:188} INFO - [2024-05-06T21:46:12.575-0500] {dag.py:3096} INFO - Sync 1 DAGs
[2024-05-06T21:46:12.598-0500] {logging_mixin.py:188} INFO - [2024-05-06T21:46:12.598-0500] {dag.py:3954} INFO - Setting next_dagrun for example_weekday_branch_operator to 2024-05-06 00:00:00+00:00, run_after=2024-05-07 00:00:00+00:00
[2024-05-06T21:46:12.616-0500] {processor.py:183} INFO - Processing /Users/paulamedina/venv/lib/python3.12/site-packages/airflow/example_dags/example_branch_day_of_week_operator.py took 0.188 seconds
[2024-05-06T21:47:49.834-0500] {processor.py:161} INFO - Started process (PID=63053) to work on /Users/paulamedina/venv/lib/python3.12/site-packages/airflow/example_dags/example_branch_day_of_week_operator.py
[2024-05-06T21:47:49.835-0500] {processor.py:830} INFO - Processing file /Users/paulamedina/venv/lib/python3.12/site-packages/airflow/example_dags/example_branch_day_of_week_operator.py for tasks to queue
[2024-05-06T21:47:49.836-0500] {logging_mixin.py:188} INFO - [2024-05-06T21:47:49.836-0500] {dagbag.py:540} INFO - Filling up the DagBag from /Users/paulamedina/venv/lib/python3.12/site-packages/airflow/example_dags/example_branch_day_of_week_operator.py
[2024-05-06T21:47:49.853-0500] {processor.py:840} INFO - DAG(s) 'example_weekday_branch_operator' retrieved from /Users/paulamedina/venv/lib/python3.12/site-packages/airflow/example_dags/example_branch_day_of_week_operator.py
[2024-05-06T21:47:49.994-0500] {logging_mixin.py:188} INFO - [2024-05-06T21:47:49.994-0500] {dag.py:3096} INFO - Sync 1 DAGs
[2024-05-06T21:47:50.019-0500] {logging_mixin.py:188} INFO - [2024-05-06T21:47:50.019-0500] {dag.py:3954} INFO - Setting next_dagrun for example_weekday_branch_operator to 2024-05-06 00:00:00+00:00, run_after=2024-05-07 00:00:00+00:00
[2024-05-06T21:47:50.040-0500] {processor.py:183} INFO - Processing /Users/paulamedina/venv/lib/python3.12/site-packages/airflow/example_dags/example_branch_day_of_week_operator.py took 0.210 seconds
[2024-05-06T21:50:48.993-0500] {processor.py:161} INFO - Started process (PID=63782) to work on /Users/paulamedina/venv/lib/python3.12/site-packages/airflow/example_dags/example_branch_day_of_week_operator.py
[2024-05-06T21:50:48.996-0500] {processor.py:830} INFO - Processing file /Users/paulamedina/venv/lib/python3.12/site-packages/airflow/example_dags/example_branch_day_of_week_operator.py for tasks to queue
[2024-05-06T21:50:48.997-0500] {logging_mixin.py:188} INFO - [2024-05-06T21:50:48.997-0500] {dagbag.py:540} INFO - Filling up the DagBag from /Users/paulamedina/venv/lib/python3.12/site-packages/airflow/example_dags/example_branch_day_of_week_operator.py
[2024-05-06T21:50:49.019-0500] {processor.py:840} INFO - DAG(s) 'example_weekday_branch_operator' retrieved from /Users/paulamedina/venv/lib/python3.12/site-packages/airflow/example_dags/example_branch_day_of_week_operator.py
[2024-05-06T21:50:49.406-0500] {logging_mixin.py:188} INFO - [2024-05-06T21:50:49.405-0500] {dag.py:3096} INFO - Sync 1 DAGs
[2024-05-06T21:50:49.443-0500] {logging_mixin.py:188} INFO - [2024-05-06T21:50:49.442-0500] {dag.py:3954} INFO - Setting next_dagrun for example_weekday_branch_operator to 2024-05-06 00:00:00+00:00, run_after=2024-05-07 00:00:00+00:00
[2024-05-06T21:50:49.481-0500] {processor.py:183} INFO - Processing /Users/paulamedina/venv/lib/python3.12/site-packages/airflow/example_dags/example_branch_day_of_week_operator.py took 0.493 seconds
[2024-05-06T21:52:22.676-0500] {processor.py:161} INFO - Started process (PID=64157) to work on /Users/paulamedina/venv/lib/python3.12/site-packages/airflow/example_dags/example_branch_day_of_week_operator.py
[2024-05-06T21:52:22.677-0500] {processor.py:830} INFO - Processing file /Users/paulamedina/venv/lib/python3.12/site-packages/airflow/example_dags/example_branch_day_of_week_operator.py for tasks to queue
[2024-05-06T21:52:22.678-0500] {logging_mixin.py:188} INFO - [2024-05-06T21:52:22.678-0500] {dagbag.py:540} INFO - Filling up the DagBag from /Users/paulamedina/venv/lib/python3.12/site-packages/airflow/example_dags/example_branch_day_of_week_operator.py
[2024-05-06T21:52:22.695-0500] {processor.py:840} INFO - DAG(s) 'example_weekday_branch_operator' retrieved from /Users/paulamedina/venv/lib/python3.12/site-packages/airflow/example_dags/example_branch_day_of_week_operator.py
[2024-05-06T21:52:22.844-0500] {logging_mixin.py:188} INFO - [2024-05-06T21:52:22.844-0500] {dag.py:3096} INFO - Sync 1 DAGs
[2024-05-06T21:52:22.871-0500] {logging_mixin.py:188} INFO - [2024-05-06T21:52:22.870-0500] {dag.py:3954} INFO - Setting next_dagrun for example_weekday_branch_operator to 2024-05-06 00:00:00+00:00, run_after=2024-05-07 00:00:00+00:00
[2024-05-06T21:52:22.893-0500] {processor.py:183} INFO - Processing /Users/paulamedina/venv/lib/python3.12/site-packages/airflow/example_dags/example_branch_day_of_week_operator.py took 0.222 seconds
[2024-05-06T21:53:48.385-0500] {processor.py:161} INFO - Started process (PID=64492) to work on /Users/paulamedina/venv/lib/python3.12/site-packages/airflow/example_dags/example_branch_day_of_week_operator.py
[2024-05-06T21:53:48.387-0500] {processor.py:830} INFO - Processing file /Users/paulamedina/venv/lib/python3.12/site-packages/airflow/example_dags/example_branch_day_of_week_operator.py for tasks to queue
[2024-05-06T21:53:48.388-0500] {logging_mixin.py:188} INFO - [2024-05-06T21:53:48.387-0500] {dagbag.py:540} INFO - Filling up the DagBag from /Users/paulamedina/venv/lib/python3.12/site-packages/airflow/example_dags/example_branch_day_of_week_operator.py
[2024-05-06T21:53:48.405-0500] {processor.py:840} INFO - DAG(s) 'example_weekday_branch_operator' retrieved from /Users/paulamedina/venv/lib/python3.12/site-packages/airflow/example_dags/example_branch_day_of_week_operator.py
[2024-05-06T21:53:48.538-0500] {logging_mixin.py:188} INFO - [2024-05-06T21:53:48.538-0500] {dag.py:3096} INFO - Sync 1 DAGs
[2024-05-06T21:53:48.562-0500] {logging_mixin.py:188} INFO - [2024-05-06T21:53:48.562-0500] {dag.py:3954} INFO - Setting next_dagrun for example_weekday_branch_operator to 2024-05-06 00:00:00+00:00, run_after=2024-05-07 00:00:00+00:00
[2024-05-06T21:53:48.581-0500] {processor.py:183} INFO - Processing /Users/paulamedina/venv/lib/python3.12/site-packages/airflow/example_dags/example_branch_day_of_week_operator.py took 0.200 seconds
[2024-05-06T21:55:10.395-0500] {processor.py:161} INFO - Started process (PID=64826) to work on /Users/paulamedina/venv/lib/python3.12/site-packages/airflow/example_dags/example_branch_day_of_week_operator.py
[2024-05-06T21:55:10.398-0500] {processor.py:830} INFO - Processing file /Users/paulamedina/venv/lib/python3.12/site-packages/airflow/example_dags/example_branch_day_of_week_operator.py for tasks to queue
[2024-05-06T21:55:10.398-0500] {logging_mixin.py:188} INFO - [2024-05-06T21:55:10.398-0500] {dagbag.py:540} INFO - Filling up the DagBag from /Users/paulamedina/venv/lib/python3.12/site-packages/airflow/example_dags/example_branch_day_of_week_operator.py
[2024-05-06T21:55:10.415-0500] {processor.py:840} INFO - DAG(s) 'example_weekday_branch_operator' retrieved from /Users/paulamedina/venv/lib/python3.12/site-packages/airflow/example_dags/example_branch_day_of_week_operator.py
[2024-05-06T21:55:10.570-0500] {logging_mixin.py:188} INFO - [2024-05-06T21:55:10.569-0500] {dag.py:3096} INFO - Sync 1 DAGs
[2024-05-06T21:55:10.597-0500] {logging_mixin.py:188} INFO - [2024-05-06T21:55:10.597-0500] {dag.py:3954} INFO - Setting next_dagrun for example_weekday_branch_operator to 2024-05-06 00:00:00+00:00, run_after=2024-05-07 00:00:00+00:00
[2024-05-06T21:55:10.620-0500] {processor.py:183} INFO - Processing /Users/paulamedina/venv/lib/python3.12/site-packages/airflow/example_dags/example_branch_day_of_week_operator.py took 0.229 seconds
[2024-05-06T21:56:40.359-0500] {processor.py:161} INFO - Started process (PID=65184) to work on /Users/paulamedina/venv/lib/python3.12/site-packages/airflow/example_dags/example_branch_day_of_week_operator.py
[2024-05-06T21:56:40.360-0500] {processor.py:830} INFO - Processing file /Users/paulamedina/venv/lib/python3.12/site-packages/airflow/example_dags/example_branch_day_of_week_operator.py for tasks to queue
[2024-05-06T21:56:40.361-0500] {logging_mixin.py:188} INFO - [2024-05-06T21:56:40.361-0500] {dagbag.py:540} INFO - Filling up the DagBag from /Users/paulamedina/venv/lib/python3.12/site-packages/airflow/example_dags/example_branch_day_of_week_operator.py
[2024-05-06T21:56:40.378-0500] {processor.py:840} INFO - DAG(s) 'example_weekday_branch_operator' retrieved from /Users/paulamedina/venv/lib/python3.12/site-packages/airflow/example_dags/example_branch_day_of_week_operator.py
[2024-05-06T21:56:40.547-0500] {logging_mixin.py:188} INFO - [2024-05-06T21:56:40.547-0500] {dag.py:3096} INFO - Sync 1 DAGs
[2024-05-06T21:56:40.573-0500] {logging_mixin.py:188} INFO - [2024-05-06T21:56:40.573-0500] {dag.py:3954} INFO - Setting next_dagrun for example_weekday_branch_operator to 2024-05-06 00:00:00+00:00, run_after=2024-05-07 00:00:00+00:00
[2024-05-06T21:56:40.595-0500] {processor.py:183} INFO - Processing /Users/paulamedina/venv/lib/python3.12/site-packages/airflow/example_dags/example_branch_day_of_week_operator.py took 0.241 seconds
[2024-05-06T21:58:17.308-0500] {processor.py:161} INFO - Started process (PID=65547) to work on /Users/paulamedina/venv/lib/python3.12/site-packages/airflow/example_dags/example_branch_day_of_week_operator.py
[2024-05-06T21:58:17.311-0500] {processor.py:830} INFO - Processing file /Users/paulamedina/venv/lib/python3.12/site-packages/airflow/example_dags/example_branch_day_of_week_operator.py for tasks to queue
[2024-05-06T21:58:17.312-0500] {logging_mixin.py:188} INFO - [2024-05-06T21:58:17.312-0500] {dagbag.py:540} INFO - Filling up the DagBag from /Users/paulamedina/venv/lib/python3.12/site-packages/airflow/example_dags/example_branch_day_of_week_operator.py
[2024-05-06T21:58:17.337-0500] {processor.py:840} INFO - DAG(s) 'example_weekday_branch_operator' retrieved from /Users/paulamedina/venv/lib/python3.12/site-packages/airflow/example_dags/example_branch_day_of_week_operator.py
[2024-05-06T21:58:17.543-0500] {logging_mixin.py:188} INFO - [2024-05-06T21:58:17.542-0500] {dag.py:3096} INFO - Sync 1 DAGs
[2024-05-06T21:58:17.573-0500] {logging_mixin.py:188} INFO - [2024-05-06T21:58:17.573-0500] {dag.py:3954} INFO - Setting next_dagrun for example_weekday_branch_operator to 2024-05-06 00:00:00+00:00, run_after=2024-05-07 00:00:00+00:00
[2024-05-06T21:58:17.596-0500] {processor.py:183} INFO - Processing /Users/paulamedina/venv/lib/python3.12/site-packages/airflow/example_dags/example_branch_day_of_week_operator.py took 0.295 seconds
[2024-05-06T22:00:16.975-0500] {processor.py:161} INFO - Started process (PID=66152) to work on /Users/paulamedina/venv/lib/python3.12/site-packages/airflow/example_dags/example_branch_day_of_week_operator.py
[2024-05-06T22:00:16.978-0500] {processor.py:830} INFO - Processing file /Users/paulamedina/venv/lib/python3.12/site-packages/airflow/example_dags/example_branch_day_of_week_operator.py for tasks to queue
[2024-05-06T22:00:16.979-0500] {logging_mixin.py:188} INFO - [2024-05-06T22:00:16.979-0500] {dagbag.py:540} INFO - Filling up the DagBag from /Users/paulamedina/venv/lib/python3.12/site-packages/airflow/example_dags/example_branch_day_of_week_operator.py
[2024-05-06T22:00:17.004-0500] {processor.py:840} INFO - DAG(s) 'example_weekday_branch_operator' retrieved from /Users/paulamedina/venv/lib/python3.12/site-packages/airflow/example_dags/example_branch_day_of_week_operator.py
[2024-05-06T22:00:17.259-0500] {logging_mixin.py:188} INFO - [2024-05-06T22:00:17.259-0500] {dag.py:3096} INFO - Sync 1 DAGs
[2024-05-06T22:00:17.296-0500] {logging_mixin.py:188} INFO - [2024-05-06T22:00:17.296-0500] {dag.py:3954} INFO - Setting next_dagrun for example_weekday_branch_operator to 2024-05-06 00:00:00+00:00, run_after=2024-05-07 00:00:00+00:00
[2024-05-06T22:00:17.325-0500] {processor.py:183} INFO - Processing /Users/paulamedina/venv/lib/python3.12/site-packages/airflow/example_dags/example_branch_day_of_week_operator.py took 0.357 seconds
[2024-05-06T22:01:55.057-0500] {processor.py:161} INFO - Started process (PID=66611) to work on /Users/paulamedina/venv/lib/python3.12/site-packages/airflow/example_dags/example_branch_day_of_week_operator.py
[2024-05-06T22:01:55.059-0500] {processor.py:830} INFO - Processing file /Users/paulamedina/venv/lib/python3.12/site-packages/airflow/example_dags/example_branch_day_of_week_operator.py for tasks to queue
[2024-05-06T22:01:55.060-0500] {logging_mixin.py:188} INFO - [2024-05-06T22:01:55.060-0500] {dagbag.py:540} INFO - Filling up the DagBag from /Users/paulamedina/venv/lib/python3.12/site-packages/airflow/example_dags/example_branch_day_of_week_operator.py
[2024-05-06T22:01:55.077-0500] {processor.py:840} INFO - DAG(s) 'example_weekday_branch_operator' retrieved from /Users/paulamedina/venv/lib/python3.12/site-packages/airflow/example_dags/example_branch_day_of_week_operator.py
[2024-05-06T22:01:55.211-0500] {logging_mixin.py:188} INFO - [2024-05-06T22:01:55.211-0500] {dag.py:3096} INFO - Sync 1 DAGs
[2024-05-06T22:01:55.236-0500] {logging_mixin.py:188} INFO - [2024-05-06T22:01:55.236-0500] {dag.py:3954} INFO - Setting next_dagrun for example_weekday_branch_operator to 2024-05-06 00:00:00+00:00, run_after=2024-05-07 00:00:00+00:00
[2024-05-06T22:01:55.255-0500] {processor.py:183} INFO - Processing /Users/paulamedina/venv/lib/python3.12/site-packages/airflow/example_dags/example_branch_day_of_week_operator.py took 0.202 seconds
