[2024-05-06T19:03:29.053-0500] {processor.py:161} INFO - Started process (PID=26894) to work on /Users/paulamedina/venv/lib/python3.12/site-packages/airflow/example_dags/example_nested_branch_dag.py
[2024-05-06T19:03:29.054-0500] {processor.py:830} INFO - Processing file /Users/paulamedina/venv/lib/python3.12/site-packages/airflow/example_dags/example_nested_branch_dag.py for tasks to queue
[2024-05-06T19:03:29.055-0500] {logging_mixin.py:188} INFO - [2024-05-06T19:03:29.054-0500] {dagbag.py:540} INFO - Filling up the DagBag from /Users/paulamedina/venv/lib/python3.12/site-packages/airflow/example_dags/example_nested_branch_dag.py
[2024-05-06T19:03:29.087-0500] {processor.py:840} INFO - DAG(s) 'example_nested_branch_dag' retrieved from /Users/paulamedina/venv/lib/python3.12/site-packages/airflow/example_dags/example_nested_branch_dag.py
[2024-05-06T19:03:29.166-0500] {logging_mixin.py:188} INFO - [2024-05-06T19:03:29.165-0500] {dag.py:3096} INFO - Sync 1 DAGs
[2024-05-06T19:03:29.179-0500] {logging_mixin.py:188} INFO - [2024-05-06T19:03:29.178-0500] {dag.py:3954} INFO - Setting next_dagrun for example_nested_branch_dag to 2024-05-06 00:00:00+00:00, run_after=2024-05-07 00:00:00+00:00
[2024-05-06T19:03:29.193-0500] {processor.py:183} INFO - Processing /Users/paulamedina/venv/lib/python3.12/site-packages/airflow/example_dags/example_nested_branch_dag.py took 0.142 seconds
[2024-05-06T19:06:42.838-0500] {processor.py:161} INFO - Started process (PID=27596) to work on /Users/paulamedina/venv/lib/python3.12/site-packages/airflow/example_dags/example_nested_branch_dag.py
[2024-05-06T19:06:42.839-0500] {processor.py:830} INFO - Processing file /Users/paulamedina/venv/lib/python3.12/site-packages/airflow/example_dags/example_nested_branch_dag.py for tasks to queue
[2024-05-06T19:06:42.840-0500] {logging_mixin.py:188} INFO - [2024-05-06T19:06:42.840-0500] {dagbag.py:540} INFO - Filling up the DagBag from /Users/paulamedina/venv/lib/python3.12/site-packages/airflow/example_dags/example_nested_branch_dag.py
[2024-05-06T19:06:42.878-0500] {processor.py:840} INFO - DAG(s) 'example_nested_branch_dag' retrieved from /Users/paulamedina/venv/lib/python3.12/site-packages/airflow/example_dags/example_nested_branch_dag.py
[2024-05-06T19:06:42.968-0500] {logging_mixin.py:188} INFO - [2024-05-06T19:06:42.968-0500] {dag.py:3096} INFO - Sync 1 DAGs
[2024-05-06T19:06:42.984-0500] {logging_mixin.py:188} INFO - [2024-05-06T19:06:42.984-0500] {dag.py:3954} INFO - Setting next_dagrun for example_nested_branch_dag to 2024-05-06 00:00:00+00:00, run_after=2024-05-07 00:00:00+00:00
[2024-05-06T19:06:43.001-0500] {processor.py:183} INFO - Processing /Users/paulamedina/venv/lib/python3.12/site-packages/airflow/example_dags/example_nested_branch_dag.py took 0.165 seconds
[2024-05-06T19:10:08.796-0500] {processor.py:161} INFO - Started process (PID=28323) to work on /Users/paulamedina/venv/lib/python3.12/site-packages/airflow/example_dags/example_nested_branch_dag.py
[2024-05-06T19:10:08.797-0500] {processor.py:830} INFO - Processing file /Users/paulamedina/venv/lib/python3.12/site-packages/airflow/example_dags/example_nested_branch_dag.py for tasks to queue
[2024-05-06T19:10:08.797-0500] {logging_mixin.py:188} INFO - [2024-05-06T19:10:08.797-0500] {dagbag.py:540} INFO - Filling up the DagBag from /Users/paulamedina/venv/lib/python3.12/site-packages/airflow/example_dags/example_nested_branch_dag.py
[2024-05-06T19:10:08.830-0500] {processor.py:840} INFO - DAG(s) 'example_nested_branch_dag' retrieved from /Users/paulamedina/venv/lib/python3.12/site-packages/airflow/example_dags/example_nested_branch_dag.py
[2024-05-06T19:10:08.906-0500] {logging_mixin.py:188} INFO - [2024-05-06T19:10:08.906-0500] {dag.py:3096} INFO - Sync 1 DAGs
[2024-05-06T19:10:08.918-0500] {logging_mixin.py:188} INFO - [2024-05-06T19:10:08.918-0500] {dag.py:3954} INFO - Setting next_dagrun for example_nested_branch_dag to 2024-05-06 00:00:00+00:00, run_after=2024-05-07 00:00:00+00:00
[2024-05-06T19:10:08.933-0500] {processor.py:183} INFO - Processing /Users/paulamedina/venv/lib/python3.12/site-packages/airflow/example_dags/example_nested_branch_dag.py took 0.139 seconds
[2024-05-06T19:13:44.072-0500] {processor.py:161} INFO - Started process (PID=29093) to work on /Users/paulamedina/venv/lib/python3.12/site-packages/airflow/example_dags/example_nested_branch_dag.py
[2024-05-06T19:13:44.074-0500] {processor.py:830} INFO - Processing file /Users/paulamedina/venv/lib/python3.12/site-packages/airflow/example_dags/example_nested_branch_dag.py for tasks to queue
[2024-05-06T19:13:44.074-0500] {logging_mixin.py:188} INFO - [2024-05-06T19:13:44.074-0500] {dagbag.py:540} INFO - Filling up the DagBag from /Users/paulamedina/venv/lib/python3.12/site-packages/airflow/example_dags/example_nested_branch_dag.py
[2024-05-06T19:13:44.120-0500] {processor.py:840} INFO - DAG(s) 'example_nested_branch_dag' retrieved from /Users/paulamedina/venv/lib/python3.12/site-packages/airflow/example_dags/example_nested_branch_dag.py
[2024-05-06T19:13:44.224-0500] {logging_mixin.py:188} INFO - [2024-05-06T19:13:44.224-0500] {dag.py:3096} INFO - Sync 1 DAGs
[2024-05-06T19:13:44.241-0500] {logging_mixin.py:188} INFO - [2024-05-06T19:13:44.241-0500] {dag.py:3954} INFO - Setting next_dagrun for example_nested_branch_dag to 2024-05-06 00:00:00+00:00, run_after=2024-05-07 00:00:00+00:00
[2024-05-06T19:13:44.260-0500] {processor.py:183} INFO - Processing /Users/paulamedina/venv/lib/python3.12/site-packages/airflow/example_dags/example_nested_branch_dag.py took 0.190 seconds
[2024-05-06T19:18:13.322-0500] {processor.py:161} INFO - Started process (PID=30116) to work on /Users/paulamedina/venv/lib/python3.12/site-packages/airflow/example_dags/example_nested_branch_dag.py
[2024-05-06T19:18:13.324-0500] {processor.py:830} INFO - Processing file /Users/paulamedina/venv/lib/python3.12/site-packages/airflow/example_dags/example_nested_branch_dag.py for tasks to queue
[2024-05-06T19:18:13.325-0500] {logging_mixin.py:188} INFO - [2024-05-06T19:18:13.325-0500] {dagbag.py:540} INFO - Filling up the DagBag from /Users/paulamedina/venv/lib/python3.12/site-packages/airflow/example_dags/example_nested_branch_dag.py
[2024-05-06T19:18:13.374-0500] {processor.py:840} INFO - DAG(s) 'example_nested_branch_dag' retrieved from /Users/paulamedina/venv/lib/python3.12/site-packages/airflow/example_dags/example_nested_branch_dag.py
[2024-05-06T19:18:13.496-0500] {logging_mixin.py:188} INFO - [2024-05-06T19:18:13.496-0500] {dag.py:3096} INFO - Sync 1 DAGs
[2024-05-06T19:18:13.516-0500] {logging_mixin.py:188} INFO - [2024-05-06T19:18:13.516-0500] {dag.py:3954} INFO - Setting next_dagrun for example_nested_branch_dag to 2024-05-06 00:00:00+00:00, run_after=2024-05-07 00:00:00+00:00
[2024-05-06T19:18:13.539-0500] {processor.py:183} INFO - Processing /Users/paulamedina/venv/lib/python3.12/site-packages/airflow/example_dags/example_nested_branch_dag.py took 0.219 seconds
[2024-05-06T19:22:32.883-0500] {processor.py:161} INFO - Started process (PID=31022) to work on /Users/paulamedina/venv/lib/python3.12/site-packages/airflow/example_dags/example_nested_branch_dag.py
[2024-05-06T19:22:32.884-0500] {processor.py:830} INFO - Processing file /Users/paulamedina/venv/lib/python3.12/site-packages/airflow/example_dags/example_nested_branch_dag.py for tasks to queue
[2024-05-06T19:22:32.885-0500] {logging_mixin.py:188} INFO - [2024-05-06T19:22:32.885-0500] {dagbag.py:540} INFO - Filling up the DagBag from /Users/paulamedina/venv/lib/python3.12/site-packages/airflow/example_dags/example_nested_branch_dag.py
[2024-05-06T19:22:32.935-0500] {processor.py:840} INFO - DAG(s) 'example_nested_branch_dag' retrieved from /Users/paulamedina/venv/lib/python3.12/site-packages/airflow/example_dags/example_nested_branch_dag.py
[2024-05-06T19:22:33.054-0500] {logging_mixin.py:188} INFO - [2024-05-06T19:22:33.054-0500] {dag.py:3096} INFO - Sync 1 DAGs
[2024-05-06T19:22:33.074-0500] {logging_mixin.py:188} INFO - [2024-05-06T19:22:33.074-0500] {dag.py:3954} INFO - Setting next_dagrun for example_nested_branch_dag to 2024-05-06 00:00:00+00:00, run_after=2024-05-07 00:00:00+00:00
[2024-05-06T19:22:33.098-0500] {processor.py:183} INFO - Processing /Users/paulamedina/venv/lib/python3.12/site-packages/airflow/example_dags/example_nested_branch_dag.py took 0.218 seconds
[2024-05-06T19:24:47.770-0500] {processor.py:161} INFO - Started process (PID=31512) to work on /Users/paulamedina/venv/lib/python3.12/site-packages/airflow/example_dags/example_nested_branch_dag.py
[2024-05-06T19:24:47.771-0500] {processor.py:830} INFO - Processing file /Users/paulamedina/venv/lib/python3.12/site-packages/airflow/example_dags/example_nested_branch_dag.py for tasks to queue
[2024-05-06T19:24:47.773-0500] {logging_mixin.py:188} INFO - [2024-05-06T19:24:47.772-0500] {dagbag.py:540} INFO - Filling up the DagBag from /Users/paulamedina/venv/lib/python3.12/site-packages/airflow/example_dags/example_nested_branch_dag.py
[2024-05-06T19:24:47.850-0500] {processor.py:840} INFO - DAG(s) 'example_nested_branch_dag' retrieved from /Users/paulamedina/venv/lib/python3.12/site-packages/airflow/example_dags/example_nested_branch_dag.py
[2024-05-06T19:24:47.970-0500] {logging_mixin.py:188} INFO - [2024-05-06T19:24:47.969-0500] {dag.py:3096} INFO - Sync 1 DAGs
[2024-05-06T19:24:47.988-0500] {logging_mixin.py:188} INFO - [2024-05-06T19:24:47.988-0500] {dag.py:3954} INFO - Setting next_dagrun for example_nested_branch_dag to 2024-05-06 00:00:00+00:00, run_after=2024-05-07 00:00:00+00:00
[2024-05-06T19:24:48.010-0500] {processor.py:183} INFO - Processing /Users/paulamedina/venv/lib/python3.12/site-packages/airflow/example_dags/example_nested_branch_dag.py took 0.243 seconds
[2024-05-06T19:26:59.344-0500] {processor.py:161} INFO - Started process (PID=31974) to work on /Users/paulamedina/venv/lib/python3.12/site-packages/airflow/example_dags/example_nested_branch_dag.py
[2024-05-06T19:26:59.344-0500] {processor.py:830} INFO - Processing file /Users/paulamedina/venv/lib/python3.12/site-packages/airflow/example_dags/example_nested_branch_dag.py for tasks to queue
[2024-05-06T19:26:59.345-0500] {logging_mixin.py:188} INFO - [2024-05-06T19:26:59.345-0500] {dagbag.py:540} INFO - Filling up the DagBag from /Users/paulamedina/venv/lib/python3.12/site-packages/airflow/example_dags/example_nested_branch_dag.py
[2024-05-06T19:26:59.380-0500] {processor.py:840} INFO - DAG(s) 'example_nested_branch_dag' retrieved from /Users/paulamedina/venv/lib/python3.12/site-packages/airflow/example_dags/example_nested_branch_dag.py
[2024-05-06T19:26:59.466-0500] {logging_mixin.py:188} INFO - [2024-05-06T19:26:59.466-0500] {dag.py:3096} INFO - Sync 1 DAGs
[2024-05-06T19:26:59.479-0500] {logging_mixin.py:188} INFO - [2024-05-06T19:26:59.479-0500] {dag.py:3954} INFO - Setting next_dagrun for example_nested_branch_dag to 2024-05-06 00:00:00+00:00, run_after=2024-05-07 00:00:00+00:00
[2024-05-06T19:26:59.496-0500] {processor.py:183} INFO - Processing /Users/paulamedina/venv/lib/python3.12/site-packages/airflow/example_dags/example_nested_branch_dag.py took 0.154 seconds
[2024-05-06T19:30:28.399-0500] {processor.py:161} INFO - Started process (PID=32727) to work on /Users/paulamedina/venv/lib/python3.12/site-packages/airflow/example_dags/example_nested_branch_dag.py
[2024-05-06T19:30:28.400-0500] {processor.py:830} INFO - Processing file /Users/paulamedina/venv/lib/python3.12/site-packages/airflow/example_dags/example_nested_branch_dag.py for tasks to queue
[2024-05-06T19:30:28.401-0500] {logging_mixin.py:188} INFO - [2024-05-06T19:30:28.401-0500] {dagbag.py:540} INFO - Filling up the DagBag from /Users/paulamedina/venv/lib/python3.12/site-packages/airflow/example_dags/example_nested_branch_dag.py
[2024-05-06T19:30:28.442-0500] {processor.py:840} INFO - DAG(s) 'example_nested_branch_dag' retrieved from /Users/paulamedina/venv/lib/python3.12/site-packages/airflow/example_dags/example_nested_branch_dag.py
[2024-05-06T19:30:28.540-0500] {logging_mixin.py:188} INFO - [2024-05-06T19:30:28.540-0500] {dag.py:3096} INFO - Sync 1 DAGs
[2024-05-06T19:30:28.557-0500] {logging_mixin.py:188} INFO - [2024-05-06T19:30:28.556-0500] {dag.py:3954} INFO - Setting next_dagrun for example_nested_branch_dag to 2024-05-06 00:00:00+00:00, run_after=2024-05-07 00:00:00+00:00
[2024-05-06T19:30:28.576-0500] {processor.py:183} INFO - Processing /Users/paulamedina/venv/lib/python3.12/site-packages/airflow/example_dags/example_nested_branch_dag.py took 0.180 seconds
[2024-05-06T19:33:52.658-0500] {processor.py:161} INFO - Started process (PID=33445) to work on /Users/paulamedina/venv/lib/python3.12/site-packages/airflow/example_dags/example_nested_branch_dag.py
[2024-05-06T19:33:52.659-0500] {processor.py:830} INFO - Processing file /Users/paulamedina/venv/lib/python3.12/site-packages/airflow/example_dags/example_nested_branch_dag.py for tasks to queue
[2024-05-06T19:33:52.660-0500] {logging_mixin.py:188} INFO - [2024-05-06T19:33:52.660-0500] {dagbag.py:540} INFO - Filling up the DagBag from /Users/paulamedina/venv/lib/python3.12/site-packages/airflow/example_dags/example_nested_branch_dag.py
[2024-05-06T19:33:52.697-0500] {processor.py:840} INFO - DAG(s) 'example_nested_branch_dag' retrieved from /Users/paulamedina/venv/lib/python3.12/site-packages/airflow/example_dags/example_nested_branch_dag.py
[2024-05-06T19:33:52.785-0500] {logging_mixin.py:188} INFO - [2024-05-06T19:33:52.785-0500] {dag.py:3096} INFO - Sync 1 DAGs
[2024-05-06T19:33:52.799-0500] {logging_mixin.py:188} INFO - [2024-05-06T19:33:52.799-0500] {dag.py:3954} INFO - Setting next_dagrun for example_nested_branch_dag to 2024-05-06 00:00:00+00:00, run_after=2024-05-07 00:00:00+00:00
[2024-05-06T19:33:52.816-0500] {processor.py:183} INFO - Processing /Users/paulamedina/venv/lib/python3.12/site-packages/airflow/example_dags/example_nested_branch_dag.py took 0.160 seconds
[2024-05-06T19:37:16.023-0500] {processor.py:161} INFO - Started process (PID=34268) to work on /Users/paulamedina/venv/lib/python3.12/site-packages/airflow/example_dags/example_nested_branch_dag.py
[2024-05-06T19:37:16.024-0500] {processor.py:830} INFO - Processing file /Users/paulamedina/venv/lib/python3.12/site-packages/airflow/example_dags/example_nested_branch_dag.py for tasks to queue
[2024-05-06T19:37:16.024-0500] {logging_mixin.py:188} INFO - [2024-05-06T19:37:16.024-0500] {dagbag.py:540} INFO - Filling up the DagBag from /Users/paulamedina/venv/lib/python3.12/site-packages/airflow/example_dags/example_nested_branch_dag.py
[2024-05-06T19:37:16.057-0500] {processor.py:840} INFO - DAG(s) 'example_nested_branch_dag' retrieved from /Users/paulamedina/venv/lib/python3.12/site-packages/airflow/example_dags/example_nested_branch_dag.py
[2024-05-06T19:37:16.136-0500] {logging_mixin.py:188} INFO - [2024-05-06T19:37:16.136-0500] {dag.py:3096} INFO - Sync 1 DAGs
[2024-05-06T19:37:16.148-0500] {logging_mixin.py:188} INFO - [2024-05-06T19:37:16.148-0500] {dag.py:3954} INFO - Setting next_dagrun for example_nested_branch_dag to 2024-05-06 00:00:00+00:00, run_after=2024-05-07 00:00:00+00:00
[2024-05-06T19:37:16.164-0500] {processor.py:183} INFO - Processing /Users/paulamedina/venv/lib/python3.12/site-packages/airflow/example_dags/example_nested_branch_dag.py took 0.142 seconds
[2024-05-06T19:40:37.029-0500] {processor.py:161} INFO - Started process (PID=34976) to work on /Users/paulamedina/venv/lib/python3.12/site-packages/airflow/example_dags/example_nested_branch_dag.py
[2024-05-06T19:40:37.030-0500] {processor.py:830} INFO - Processing file /Users/paulamedina/venv/lib/python3.12/site-packages/airflow/example_dags/example_nested_branch_dag.py for tasks to queue
[2024-05-06T19:40:37.031-0500] {logging_mixin.py:188} INFO - [2024-05-06T19:40:37.030-0500] {dagbag.py:540} INFO - Filling up the DagBag from /Users/paulamedina/venv/lib/python3.12/site-packages/airflow/example_dags/example_nested_branch_dag.py
[2024-05-06T19:40:37.063-0500] {processor.py:840} INFO - DAG(s) 'example_nested_branch_dag' retrieved from /Users/paulamedina/venv/lib/python3.12/site-packages/airflow/example_dags/example_nested_branch_dag.py
[2024-05-06T19:40:37.140-0500] {logging_mixin.py:188} INFO - [2024-05-06T19:40:37.140-0500] {dag.py:3096} INFO - Sync 1 DAGs
[2024-05-06T19:40:37.152-0500] {logging_mixin.py:188} INFO - [2024-05-06T19:40:37.152-0500] {dag.py:3954} INFO - Setting next_dagrun for example_nested_branch_dag to 2024-05-06 00:00:00+00:00, run_after=2024-05-07 00:00:00+00:00
[2024-05-06T19:40:37.167-0500] {processor.py:183} INFO - Processing /Users/paulamedina/venv/lib/python3.12/site-packages/airflow/example_dags/example_nested_branch_dag.py took 0.139 seconds
[2024-05-06T19:43:53.315-0500] {processor.py:161} INFO - Started process (PID=35673) to work on /Users/paulamedina/venv/lib/python3.12/site-packages/airflow/example_dags/example_nested_branch_dag.py
[2024-05-06T19:43:53.315-0500] {processor.py:830} INFO - Processing file /Users/paulamedina/venv/lib/python3.12/site-packages/airflow/example_dags/example_nested_branch_dag.py for tasks to queue
[2024-05-06T19:43:53.316-0500] {logging_mixin.py:188} INFO - [2024-05-06T19:43:53.316-0500] {dagbag.py:540} INFO - Filling up the DagBag from /Users/paulamedina/venv/lib/python3.12/site-packages/airflow/example_dags/example_nested_branch_dag.py
[2024-05-06T19:43:53.348-0500] {processor.py:840} INFO - DAG(s) 'example_nested_branch_dag' retrieved from /Users/paulamedina/venv/lib/python3.12/site-packages/airflow/example_dags/example_nested_branch_dag.py
[2024-05-06T19:43:53.426-0500] {logging_mixin.py:188} INFO - [2024-05-06T19:43:53.426-0500] {dag.py:3096} INFO - Sync 1 DAGs
[2024-05-06T19:43:53.438-0500] {logging_mixin.py:188} INFO - [2024-05-06T19:43:53.438-0500] {dag.py:3954} INFO - Setting next_dagrun for example_nested_branch_dag to 2024-05-06 00:00:00+00:00, run_after=2024-05-07 00:00:00+00:00
[2024-05-06T19:43:53.453-0500] {processor.py:183} INFO - Processing /Users/paulamedina/venv/lib/python3.12/site-packages/airflow/example_dags/example_nested_branch_dag.py took 0.140 seconds
[2024-05-06T19:47:28.212-0500] {processor.py:161} INFO - Started process (PID=36444) to work on /Users/paulamedina/venv/lib/python3.12/site-packages/airflow/example_dags/example_nested_branch_dag.py
[2024-05-06T19:47:28.213-0500] {processor.py:830} INFO - Processing file /Users/paulamedina/venv/lib/python3.12/site-packages/airflow/example_dags/example_nested_branch_dag.py for tasks to queue
[2024-05-06T19:47:28.213-0500] {logging_mixin.py:188} INFO - [2024-05-06T19:47:28.213-0500] {dagbag.py:540} INFO - Filling up the DagBag from /Users/paulamedina/venv/lib/python3.12/site-packages/airflow/example_dags/example_nested_branch_dag.py
[2024-05-06T19:47:28.246-0500] {processor.py:840} INFO - DAG(s) 'example_nested_branch_dag' retrieved from /Users/paulamedina/venv/lib/python3.12/site-packages/airflow/example_dags/example_nested_branch_dag.py
[2024-05-06T19:47:28.322-0500] {logging_mixin.py:188} INFO - [2024-05-06T19:47:28.322-0500] {dag.py:3096} INFO - Sync 1 DAGs
[2024-05-06T19:47:28.335-0500] {logging_mixin.py:188} INFO - [2024-05-06T19:47:28.334-0500] {dag.py:3954} INFO - Setting next_dagrun for example_nested_branch_dag to 2024-05-06 00:00:00+00:00, run_after=2024-05-07 00:00:00+00:00
[2024-05-06T19:47:28.348-0500] {processor.py:183} INFO - Processing /Users/paulamedina/venv/lib/python3.12/site-packages/airflow/example_dags/example_nested_branch_dag.py took 0.139 seconds
[2024-05-06T19:50:52.094-0500] {processor.py:161} INFO - Started process (PID=37252) to work on /Users/paulamedina/venv/lib/python3.12/site-packages/airflow/example_dags/example_nested_branch_dag.py
[2024-05-06T19:50:52.095-0500] {processor.py:830} INFO - Processing file /Users/paulamedina/venv/lib/python3.12/site-packages/airflow/example_dags/example_nested_branch_dag.py for tasks to queue
[2024-05-06T19:50:52.095-0500] {logging_mixin.py:188} INFO - [2024-05-06T19:50:52.095-0500] {dagbag.py:540} INFO - Filling up the DagBag from /Users/paulamedina/venv/lib/python3.12/site-packages/airflow/example_dags/example_nested_branch_dag.py
[2024-05-06T19:50:52.133-0500] {processor.py:840} INFO - DAG(s) 'example_nested_branch_dag' retrieved from /Users/paulamedina/venv/lib/python3.12/site-packages/airflow/example_dags/example_nested_branch_dag.py
[2024-05-06T19:50:52.219-0500] {logging_mixin.py:188} INFO - [2024-05-06T19:50:52.219-0500] {dag.py:3096} INFO - Sync 1 DAGs
[2024-05-06T19:50:52.233-0500] {logging_mixin.py:188} INFO - [2024-05-06T19:50:52.233-0500] {dag.py:3954} INFO - Setting next_dagrun for example_nested_branch_dag to 2024-05-06 00:00:00+00:00, run_after=2024-05-07 00:00:00+00:00
[2024-05-06T19:50:52.250-0500] {processor.py:183} INFO - Processing /Users/paulamedina/venv/lib/python3.12/site-packages/airflow/example_dags/example_nested_branch_dag.py took 0.159 seconds
[2024-05-06T19:54:24.773-0500] {processor.py:161} INFO - Started process (PID=38018) to work on /Users/paulamedina/venv/lib/python3.12/site-packages/airflow/example_dags/example_nested_branch_dag.py
[2024-05-06T19:54:24.774-0500] {processor.py:830} INFO - Processing file /Users/paulamedina/venv/lib/python3.12/site-packages/airflow/example_dags/example_nested_branch_dag.py for tasks to queue
[2024-05-06T19:54:24.774-0500] {logging_mixin.py:188} INFO - [2024-05-06T19:54:24.774-0500] {dagbag.py:540} INFO - Filling up the DagBag from /Users/paulamedina/venv/lib/python3.12/site-packages/airflow/example_dags/example_nested_branch_dag.py
[2024-05-06T19:54:24.812-0500] {processor.py:840} INFO - DAG(s) 'example_nested_branch_dag' retrieved from /Users/paulamedina/venv/lib/python3.12/site-packages/airflow/example_dags/example_nested_branch_dag.py
[2024-05-06T19:54:24.898-0500] {logging_mixin.py:188} INFO - [2024-05-06T19:54:24.897-0500] {dag.py:3096} INFO - Sync 1 DAGs
[2024-05-06T19:54:24.911-0500] {logging_mixin.py:188} INFO - [2024-05-06T19:54:24.911-0500] {dag.py:3954} INFO - Setting next_dagrun for example_nested_branch_dag to 2024-05-06 00:00:00+00:00, run_after=2024-05-07 00:00:00+00:00
[2024-05-06T19:54:24.928-0500] {processor.py:183} INFO - Processing /Users/paulamedina/venv/lib/python3.12/site-packages/airflow/example_dags/example_nested_branch_dag.py took 0.158 seconds
[2024-05-06T19:57:51.116-0500] {processor.py:161} INFO - Started process (PID=38747) to work on /Users/paulamedina/venv/lib/python3.12/site-packages/airflow/example_dags/example_nested_branch_dag.py
[2024-05-06T19:57:51.116-0500] {processor.py:830} INFO - Processing file /Users/paulamedina/venv/lib/python3.12/site-packages/airflow/example_dags/example_nested_branch_dag.py for tasks to queue
[2024-05-06T19:57:51.117-0500] {logging_mixin.py:188} INFO - [2024-05-06T19:57:51.117-0500] {dagbag.py:540} INFO - Filling up the DagBag from /Users/paulamedina/venv/lib/python3.12/site-packages/airflow/example_dags/example_nested_branch_dag.py
[2024-05-06T19:57:51.155-0500] {processor.py:840} INFO - DAG(s) 'example_nested_branch_dag' retrieved from /Users/paulamedina/venv/lib/python3.12/site-packages/airflow/example_dags/example_nested_branch_dag.py
[2024-05-06T19:57:51.242-0500] {logging_mixin.py:188} INFO - [2024-05-06T19:57:51.242-0500] {dag.py:3096} INFO - Sync 1 DAGs
[2024-05-06T19:57:51.256-0500] {logging_mixin.py:188} INFO - [2024-05-06T19:57:51.256-0500] {dag.py:3954} INFO - Setting next_dagrun for example_nested_branch_dag to 2024-05-06 00:00:00+00:00, run_after=2024-05-07 00:00:00+00:00
[2024-05-06T19:57:51.273-0500] {processor.py:183} INFO - Processing /Users/paulamedina/venv/lib/python3.12/site-packages/airflow/example_dags/example_nested_branch_dag.py took 0.160 seconds
[2024-05-06T20:01:30.155-0500] {processor.py:161} INFO - Started process (PID=39562) to work on /Users/paulamedina/venv/lib/python3.12/site-packages/airflow/example_dags/example_nested_branch_dag.py
[2024-05-06T20:01:30.156-0500] {processor.py:830} INFO - Processing file /Users/paulamedina/venv/lib/python3.12/site-packages/airflow/example_dags/example_nested_branch_dag.py for tasks to queue
[2024-05-06T20:01:30.156-0500] {logging_mixin.py:188} INFO - [2024-05-06T20:01:30.156-0500] {dagbag.py:540} INFO - Filling up the DagBag from /Users/paulamedina/venv/lib/python3.12/site-packages/airflow/example_dags/example_nested_branch_dag.py
[2024-05-06T20:01:30.195-0500] {processor.py:840} INFO - DAG(s) 'example_nested_branch_dag' retrieved from /Users/paulamedina/venv/lib/python3.12/site-packages/airflow/example_dags/example_nested_branch_dag.py
[2024-05-06T20:01:30.284-0500] {logging_mixin.py:188} INFO - [2024-05-06T20:01:30.283-0500] {dag.py:3096} INFO - Sync 1 DAGs
[2024-05-06T20:01:30.298-0500] {logging_mixin.py:188} INFO - [2024-05-06T20:01:30.298-0500] {dag.py:3954} INFO - Setting next_dagrun for example_nested_branch_dag to 2024-05-06 00:00:00+00:00, run_after=2024-05-07 00:00:00+00:00
[2024-05-06T20:01:30.315-0500] {processor.py:183} INFO - Processing /Users/paulamedina/venv/lib/python3.12/site-packages/airflow/example_dags/example_nested_branch_dag.py took 0.163 seconds
[2024-05-06T20:04:58.911-0500] {processor.py:161} INFO - Started process (PID=40314) to work on /Users/paulamedina/venv/lib/python3.12/site-packages/airflow/example_dags/example_nested_branch_dag.py
[2024-05-06T20:04:58.912-0500] {processor.py:830} INFO - Processing file /Users/paulamedina/venv/lib/python3.12/site-packages/airflow/example_dags/example_nested_branch_dag.py for tasks to queue
[2024-05-06T20:04:58.912-0500] {logging_mixin.py:188} INFO - [2024-05-06T20:04:58.912-0500] {dagbag.py:540} INFO - Filling up the DagBag from /Users/paulamedina/venv/lib/python3.12/site-packages/airflow/example_dags/example_nested_branch_dag.py
[2024-05-06T20:04:58.945-0500] {processor.py:840} INFO - DAG(s) 'example_nested_branch_dag' retrieved from /Users/paulamedina/venv/lib/python3.12/site-packages/airflow/example_dags/example_nested_branch_dag.py
[2024-05-06T20:04:59.020-0500] {logging_mixin.py:188} INFO - [2024-05-06T20:04:59.020-0500] {dag.py:3096} INFO - Sync 1 DAGs
[2024-05-06T20:04:59.032-0500] {logging_mixin.py:188} INFO - [2024-05-06T20:04:59.032-0500] {dag.py:3954} INFO - Setting next_dagrun for example_nested_branch_dag to 2024-05-06 00:00:00+00:00, run_after=2024-05-07 00:00:00+00:00
[2024-05-06T20:04:59.048-0500] {processor.py:183} INFO - Processing /Users/paulamedina/venv/lib/python3.12/site-packages/airflow/example_dags/example_nested_branch_dag.py took 0.139 seconds
[2024-05-06T20:08:29.395-0500] {processor.py:161} INFO - Started process (PID=41049) to work on /Users/paulamedina/venv/lib/python3.12/site-packages/airflow/example_dags/example_nested_branch_dag.py
[2024-05-06T20:08:29.396-0500] {processor.py:830} INFO - Processing file /Users/paulamedina/venv/lib/python3.12/site-packages/airflow/example_dags/example_nested_branch_dag.py for tasks to queue
[2024-05-06T20:08:29.396-0500] {logging_mixin.py:188} INFO - [2024-05-06T20:08:29.396-0500] {dagbag.py:540} INFO - Filling up the DagBag from /Users/paulamedina/venv/lib/python3.12/site-packages/airflow/example_dags/example_nested_branch_dag.py
[2024-05-06T20:08:29.429-0500] {processor.py:840} INFO - DAG(s) 'example_nested_branch_dag' retrieved from /Users/paulamedina/venv/lib/python3.12/site-packages/airflow/example_dags/example_nested_branch_dag.py
[2024-05-06T20:08:29.506-0500] {logging_mixin.py:188} INFO - [2024-05-06T20:08:29.505-0500] {dag.py:3096} INFO - Sync 1 DAGs
[2024-05-06T20:08:29.518-0500] {logging_mixin.py:188} INFO - [2024-05-06T20:08:29.518-0500] {dag.py:3954} INFO - Setting next_dagrun for example_nested_branch_dag to 2024-05-06 00:00:00+00:00, run_after=2024-05-07 00:00:00+00:00
[2024-05-06T20:08:29.537-0500] {processor.py:183} INFO - Processing /Users/paulamedina/venv/lib/python3.12/site-packages/airflow/example_dags/example_nested_branch_dag.py took 0.144 seconds
[2024-05-06T20:11:49.513-0500] {processor.py:161} INFO - Started process (PID=41864) to work on /Users/paulamedina/venv/lib/python3.12/site-packages/airflow/example_dags/example_nested_branch_dag.py
[2024-05-06T20:11:49.514-0500] {processor.py:830} INFO - Processing file /Users/paulamedina/venv/lib/python3.12/site-packages/airflow/example_dags/example_nested_branch_dag.py for tasks to queue
[2024-05-06T20:11:49.514-0500] {logging_mixin.py:188} INFO - [2024-05-06T20:11:49.514-0500] {dagbag.py:540} INFO - Filling up the DagBag from /Users/paulamedina/venv/lib/python3.12/site-packages/airflow/example_dags/example_nested_branch_dag.py
[2024-05-06T20:11:49.548-0500] {processor.py:840} INFO - DAG(s) 'example_nested_branch_dag' retrieved from /Users/paulamedina/venv/lib/python3.12/site-packages/airflow/example_dags/example_nested_branch_dag.py
[2024-05-06T20:11:49.624-0500] {logging_mixin.py:188} INFO - [2024-05-06T20:11:49.623-0500] {dag.py:3096} INFO - Sync 1 DAGs
[2024-05-06T20:11:49.636-0500] {logging_mixin.py:188} INFO - [2024-05-06T20:11:49.635-0500] {dag.py:3954} INFO - Setting next_dagrun for example_nested_branch_dag to 2024-05-06 00:00:00+00:00, run_after=2024-05-07 00:00:00+00:00
[2024-05-06T20:11:49.652-0500] {processor.py:183} INFO - Processing /Users/paulamedina/venv/lib/python3.12/site-packages/airflow/example_dags/example_nested_branch_dag.py took 0.141 seconds
[2024-05-06T20:15:04.864-0500] {processor.py:161} INFO - Started process (PID=42552) to work on /Users/paulamedina/venv/lib/python3.12/site-packages/airflow/example_dags/example_nested_branch_dag.py
[2024-05-06T20:15:04.865-0500] {processor.py:830} INFO - Processing file /Users/paulamedina/venv/lib/python3.12/site-packages/airflow/example_dags/example_nested_branch_dag.py for tasks to queue
[2024-05-06T20:15:04.866-0500] {logging_mixin.py:188} INFO - [2024-05-06T20:15:04.865-0500] {dagbag.py:540} INFO - Filling up the DagBag from /Users/paulamedina/venv/lib/python3.12/site-packages/airflow/example_dags/example_nested_branch_dag.py
[2024-05-06T20:15:04.898-0500] {processor.py:840} INFO - DAG(s) 'example_nested_branch_dag' retrieved from /Users/paulamedina/venv/lib/python3.12/site-packages/airflow/example_dags/example_nested_branch_dag.py
[2024-05-06T20:15:04.973-0500] {logging_mixin.py:188} INFO - [2024-05-06T20:15:04.973-0500] {dag.py:3096} INFO - Sync 1 DAGs
[2024-05-06T20:15:04.986-0500] {logging_mixin.py:188} INFO - [2024-05-06T20:15:04.985-0500] {dag.py:3954} INFO - Setting next_dagrun for example_nested_branch_dag to 2024-05-06 00:00:00+00:00, run_after=2024-05-07 00:00:00+00:00
[2024-05-06T20:15:05.000-0500] {processor.py:183} INFO - Processing /Users/paulamedina/venv/lib/python3.12/site-packages/airflow/example_dags/example_nested_branch_dag.py took 0.138 seconds
[2024-05-06T20:18:32.048-0500] {processor.py:161} INFO - Started process (PID=43278) to work on /Users/paulamedina/venv/lib/python3.12/site-packages/airflow/example_dags/example_nested_branch_dag.py
[2024-05-06T20:18:32.048-0500] {processor.py:830} INFO - Processing file /Users/paulamedina/venv/lib/python3.12/site-packages/airflow/example_dags/example_nested_branch_dag.py for tasks to queue
[2024-05-06T20:18:32.049-0500] {logging_mixin.py:188} INFO - [2024-05-06T20:18:32.049-0500] {dagbag.py:540} INFO - Filling up the DagBag from /Users/paulamedina/venv/lib/python3.12/site-packages/airflow/example_dags/example_nested_branch_dag.py
[2024-05-06T20:18:32.088-0500] {processor.py:840} INFO - DAG(s) 'example_nested_branch_dag' retrieved from /Users/paulamedina/venv/lib/python3.12/site-packages/airflow/example_dags/example_nested_branch_dag.py
[2024-05-06T20:18:32.172-0500] {logging_mixin.py:188} INFO - [2024-05-06T20:18:32.172-0500] {dag.py:3096} INFO - Sync 1 DAGs
[2024-05-06T20:18:32.185-0500] {logging_mixin.py:188} INFO - [2024-05-06T20:18:32.185-0500] {dag.py:3954} INFO - Setting next_dagrun for example_nested_branch_dag to 2024-05-06 00:00:00+00:00, run_after=2024-05-07 00:00:00+00:00
[2024-05-06T20:18:32.201-0500] {processor.py:183} INFO - Processing /Users/paulamedina/venv/lib/python3.12/site-packages/airflow/example_dags/example_nested_branch_dag.py took 0.155 seconds
[2024-05-06T20:22:01.273-0500] {processor.py:161} INFO - Started process (PID=44032) to work on /Users/paulamedina/venv/lib/python3.12/site-packages/airflow/example_dags/example_nested_branch_dag.py
[2024-05-06T20:22:01.273-0500] {processor.py:830} INFO - Processing file /Users/paulamedina/venv/lib/python3.12/site-packages/airflow/example_dags/example_nested_branch_dag.py for tasks to queue
[2024-05-06T20:22:01.274-0500] {logging_mixin.py:188} INFO - [2024-05-06T20:22:01.274-0500] {dagbag.py:540} INFO - Filling up the DagBag from /Users/paulamedina/venv/lib/python3.12/site-packages/airflow/example_dags/example_nested_branch_dag.py
[2024-05-06T20:22:01.313-0500] {processor.py:840} INFO - DAG(s) 'example_nested_branch_dag' retrieved from /Users/paulamedina/venv/lib/python3.12/site-packages/airflow/example_dags/example_nested_branch_dag.py
[2024-05-06T20:22:01.400-0500] {logging_mixin.py:188} INFO - [2024-05-06T20:22:01.400-0500] {dag.py:3096} INFO - Sync 1 DAGs
[2024-05-06T20:22:01.415-0500] {logging_mixin.py:188} INFO - [2024-05-06T20:22:01.414-0500] {dag.py:3954} INFO - Setting next_dagrun for example_nested_branch_dag to 2024-05-06 00:00:00+00:00, run_after=2024-05-07 00:00:00+00:00
[2024-05-06T20:22:01.432-0500] {processor.py:183} INFO - Processing /Users/paulamedina/venv/lib/python3.12/site-packages/airflow/example_dags/example_nested_branch_dag.py took 0.161 seconds
[2024-05-06T20:25:22.350-0500] {processor.py:161} INFO - Started process (PID=44742) to work on /Users/paulamedina/venv/lib/python3.12/site-packages/airflow/example_dags/example_nested_branch_dag.py
[2024-05-06T20:25:22.351-0500] {processor.py:830} INFO - Processing file /Users/paulamedina/venv/lib/python3.12/site-packages/airflow/example_dags/example_nested_branch_dag.py for tasks to queue
[2024-05-06T20:25:22.351-0500] {logging_mixin.py:188} INFO - [2024-05-06T20:25:22.351-0500] {dagbag.py:540} INFO - Filling up the DagBag from /Users/paulamedina/venv/lib/python3.12/site-packages/airflow/example_dags/example_nested_branch_dag.py
[2024-05-06T20:25:22.385-0500] {processor.py:840} INFO - DAG(s) 'example_nested_branch_dag' retrieved from /Users/paulamedina/venv/lib/python3.12/site-packages/airflow/example_dags/example_nested_branch_dag.py
[2024-05-06T20:25:22.462-0500] {logging_mixin.py:188} INFO - [2024-05-06T20:25:22.462-0500] {dag.py:3096} INFO - Sync 1 DAGs
[2024-05-06T20:25:22.474-0500] {logging_mixin.py:188} INFO - [2024-05-06T20:25:22.474-0500] {dag.py:3954} INFO - Setting next_dagrun for example_nested_branch_dag to 2024-05-06 00:00:00+00:00, run_after=2024-05-07 00:00:00+00:00
[2024-05-06T20:25:22.494-0500] {processor.py:183} INFO - Processing /Users/paulamedina/venv/lib/python3.12/site-packages/airflow/example_dags/example_nested_branch_dag.py took 0.146 seconds
[2024-05-06T20:28:48.621-0500] {processor.py:161} INFO - Started process (PID=45554) to work on /Users/paulamedina/venv/lib/python3.12/site-packages/airflow/example_dags/example_nested_branch_dag.py
[2024-05-06T20:28:48.621-0500] {processor.py:830} INFO - Processing file /Users/paulamedina/venv/lib/python3.12/site-packages/airflow/example_dags/example_nested_branch_dag.py for tasks to queue
[2024-05-06T20:28:48.622-0500] {logging_mixin.py:188} INFO - [2024-05-06T20:28:48.622-0500] {dagbag.py:540} INFO - Filling up the DagBag from /Users/paulamedina/venv/lib/python3.12/site-packages/airflow/example_dags/example_nested_branch_dag.py
[2024-05-06T20:28:48.660-0500] {processor.py:840} INFO - DAG(s) 'example_nested_branch_dag' retrieved from /Users/paulamedina/venv/lib/python3.12/site-packages/airflow/example_dags/example_nested_branch_dag.py
[2024-05-06T20:28:48.747-0500] {logging_mixin.py:188} INFO - [2024-05-06T20:28:48.747-0500] {dag.py:3096} INFO - Sync 1 DAGs
[2024-05-06T20:28:48.761-0500] {logging_mixin.py:188} INFO - [2024-05-06T20:28:48.761-0500] {dag.py:3954} INFO - Setting next_dagrun for example_nested_branch_dag to 2024-05-06 00:00:00+00:00, run_after=2024-05-07 00:00:00+00:00
[2024-05-06T20:28:48.779-0500] {processor.py:183} INFO - Processing /Users/paulamedina/venv/lib/python3.12/site-packages/airflow/example_dags/example_nested_branch_dag.py took 0.160 seconds
[2024-05-06T20:32:13.195-0500] {processor.py:161} INFO - Started process (PID=46309) to work on /Users/paulamedina/venv/lib/python3.12/site-packages/airflow/example_dags/example_nested_branch_dag.py
[2024-05-06T20:32:13.196-0500] {processor.py:830} INFO - Processing file /Users/paulamedina/venv/lib/python3.12/site-packages/airflow/example_dags/example_nested_branch_dag.py for tasks to queue
[2024-05-06T20:32:13.197-0500] {logging_mixin.py:188} INFO - [2024-05-06T20:32:13.196-0500] {dagbag.py:540} INFO - Filling up the DagBag from /Users/paulamedina/venv/lib/python3.12/site-packages/airflow/example_dags/example_nested_branch_dag.py
[2024-05-06T20:32:13.235-0500] {processor.py:840} INFO - DAG(s) 'example_nested_branch_dag' retrieved from /Users/paulamedina/venv/lib/python3.12/site-packages/airflow/example_dags/example_nested_branch_dag.py
[2024-05-06T20:32:13.326-0500] {logging_mixin.py:188} INFO - [2024-05-06T20:32:13.326-0500] {dag.py:3096} INFO - Sync 1 DAGs
[2024-05-06T20:32:13.341-0500] {logging_mixin.py:188} INFO - [2024-05-06T20:32:13.341-0500] {dag.py:3954} INFO - Setting next_dagrun for example_nested_branch_dag to 2024-05-06 00:00:00+00:00, run_after=2024-05-07 00:00:00+00:00
[2024-05-06T20:32:13.359-0500] {processor.py:183} INFO - Processing /Users/paulamedina/venv/lib/python3.12/site-packages/airflow/example_dags/example_nested_branch_dag.py took 0.167 seconds
[2024-05-06T20:35:35.779-0500] {processor.py:161} INFO - Started process (PID=47025) to work on /Users/paulamedina/venv/lib/python3.12/site-packages/airflow/example_dags/example_nested_branch_dag.py
[2024-05-06T20:35:35.780-0500] {processor.py:830} INFO - Processing file /Users/paulamedina/venv/lib/python3.12/site-packages/airflow/example_dags/example_nested_branch_dag.py for tasks to queue
[2024-05-06T20:35:35.781-0500] {logging_mixin.py:188} INFO - [2024-05-06T20:35:35.780-0500] {dagbag.py:540} INFO - Filling up the DagBag from /Users/paulamedina/venv/lib/python3.12/site-packages/airflow/example_dags/example_nested_branch_dag.py
[2024-05-06T20:35:35.814-0500] {processor.py:840} INFO - DAG(s) 'example_nested_branch_dag' retrieved from /Users/paulamedina/venv/lib/python3.12/site-packages/airflow/example_dags/example_nested_branch_dag.py
[2024-05-06T20:35:35.890-0500] {logging_mixin.py:188} INFO - [2024-05-06T20:35:35.889-0500] {dag.py:3096} INFO - Sync 1 DAGs
[2024-05-06T20:35:35.902-0500] {logging_mixin.py:188} INFO - [2024-05-06T20:35:35.902-0500] {dag.py:3954} INFO - Setting next_dagrun for example_nested_branch_dag to 2024-05-06 00:00:00+00:00, run_after=2024-05-07 00:00:00+00:00
[2024-05-06T20:35:35.916-0500] {processor.py:183} INFO - Processing /Users/paulamedina/venv/lib/python3.12/site-packages/airflow/example_dags/example_nested_branch_dag.py took 0.139 seconds
[2024-05-06T20:38:52.971-0500] {processor.py:161} INFO - Started process (PID=47725) to work on /Users/paulamedina/venv/lib/python3.12/site-packages/airflow/example_dags/example_nested_branch_dag.py
[2024-05-06T20:38:52.972-0500] {processor.py:830} INFO - Processing file /Users/paulamedina/venv/lib/python3.12/site-packages/airflow/example_dags/example_nested_branch_dag.py for tasks to queue
[2024-05-06T20:38:52.973-0500] {logging_mixin.py:188} INFO - [2024-05-06T20:38:52.972-0500] {dagbag.py:540} INFO - Filling up the DagBag from /Users/paulamedina/venv/lib/python3.12/site-packages/airflow/example_dags/example_nested_branch_dag.py
[2024-05-06T20:38:53.005-0500] {processor.py:840} INFO - DAG(s) 'example_nested_branch_dag' retrieved from /Users/paulamedina/venv/lib/python3.12/site-packages/airflow/example_dags/example_nested_branch_dag.py
[2024-05-06T20:38:53.091-0500] {logging_mixin.py:188} INFO - [2024-05-06T20:38:53.091-0500] {dag.py:3096} INFO - Sync 1 DAGs
[2024-05-06T20:38:53.105-0500] {logging_mixin.py:188} INFO - [2024-05-06T20:38:53.105-0500] {dag.py:3954} INFO - Setting next_dagrun for example_nested_branch_dag to 2024-05-06 00:00:00+00:00, run_after=2024-05-07 00:00:00+00:00
[2024-05-06T20:38:53.121-0500] {processor.py:183} INFO - Processing /Users/paulamedina/venv/lib/python3.12/site-packages/airflow/example_dags/example_nested_branch_dag.py took 0.152 seconds
[2024-05-06T20:42:22.332-0500] {processor.py:161} INFO - Started process (PID=48474) to work on /Users/paulamedina/venv/lib/python3.12/site-packages/airflow/example_dags/example_nested_branch_dag.py
[2024-05-06T20:42:22.333-0500] {processor.py:830} INFO - Processing file /Users/paulamedina/venv/lib/python3.12/site-packages/airflow/example_dags/example_nested_branch_dag.py for tasks to queue
[2024-05-06T20:42:22.334-0500] {logging_mixin.py:188} INFO - [2024-05-06T20:42:22.333-0500] {dagbag.py:540} INFO - Filling up the DagBag from /Users/paulamedina/venv/lib/python3.12/site-packages/airflow/example_dags/example_nested_branch_dag.py
[2024-05-06T20:42:22.367-0500] {processor.py:840} INFO - DAG(s) 'example_nested_branch_dag' retrieved from /Users/paulamedina/venv/lib/python3.12/site-packages/airflow/example_dags/example_nested_branch_dag.py
[2024-05-06T20:42:22.445-0500] {logging_mixin.py:188} INFO - [2024-05-06T20:42:22.445-0500] {dag.py:3096} INFO - Sync 1 DAGs
[2024-05-06T20:42:22.458-0500] {logging_mixin.py:188} INFO - [2024-05-06T20:42:22.458-0500] {dag.py:3954} INFO - Setting next_dagrun for example_nested_branch_dag to 2024-05-06 00:00:00+00:00, run_after=2024-05-07 00:00:00+00:00
[2024-05-06T20:42:22.473-0500] {processor.py:183} INFO - Processing /Users/paulamedina/venv/lib/python3.12/site-packages/airflow/example_dags/example_nested_branch_dag.py took 0.144 seconds
[2024-05-06T20:45:45.919-0500] {processor.py:161} INFO - Started process (PID=49195) to work on /Users/paulamedina/venv/lib/python3.12/site-packages/airflow/example_dags/example_nested_branch_dag.py
[2024-05-06T20:45:45.920-0500] {processor.py:830} INFO - Processing file /Users/paulamedina/venv/lib/python3.12/site-packages/airflow/example_dags/example_nested_branch_dag.py for tasks to queue
[2024-05-06T20:45:45.920-0500] {logging_mixin.py:188} INFO - [2024-05-06T20:45:45.920-0500] {dagbag.py:540} INFO - Filling up the DagBag from /Users/paulamedina/venv/lib/python3.12/site-packages/airflow/example_dags/example_nested_branch_dag.py
[2024-05-06T20:45:45.954-0500] {processor.py:840} INFO - DAG(s) 'example_nested_branch_dag' retrieved from /Users/paulamedina/venv/lib/python3.12/site-packages/airflow/example_dags/example_nested_branch_dag.py
[2024-05-06T20:45:46.032-0500] {logging_mixin.py:188} INFO - [2024-05-06T20:45:46.032-0500] {dag.py:3096} INFO - Sync 1 DAGs
[2024-05-06T20:45:46.045-0500] {logging_mixin.py:188} INFO - [2024-05-06T20:45:46.045-0500] {dag.py:3954} INFO - Setting next_dagrun for example_nested_branch_dag to 2024-05-06 00:00:00+00:00, run_after=2024-05-07 00:00:00+00:00
[2024-05-06T20:45:46.061-0500] {processor.py:183} INFO - Processing /Users/paulamedina/venv/lib/python3.12/site-packages/airflow/example_dags/example_nested_branch_dag.py took 0.144 seconds
[2024-05-06T20:49:17.338-0500] {processor.py:161} INFO - Started process (PID=50036) to work on /Users/paulamedina/venv/lib/python3.12/site-packages/airflow/example_dags/example_nested_branch_dag.py
[2024-05-06T20:49:17.339-0500] {processor.py:830} INFO - Processing file /Users/paulamedina/venv/lib/python3.12/site-packages/airflow/example_dags/example_nested_branch_dag.py for tasks to queue
[2024-05-06T20:49:17.339-0500] {logging_mixin.py:188} INFO - [2024-05-06T20:49:17.339-0500] {dagbag.py:540} INFO - Filling up the DagBag from /Users/paulamedina/venv/lib/python3.12/site-packages/airflow/example_dags/example_nested_branch_dag.py
[2024-05-06T20:49:17.377-0500] {processor.py:840} INFO - DAG(s) 'example_nested_branch_dag' retrieved from /Users/paulamedina/venv/lib/python3.12/site-packages/airflow/example_dags/example_nested_branch_dag.py
[2024-05-06T20:49:17.464-0500] {logging_mixin.py:188} INFO - [2024-05-06T20:49:17.464-0500] {dag.py:3096} INFO - Sync 1 DAGs
[2024-05-06T20:49:17.478-0500] {logging_mixin.py:188} INFO - [2024-05-06T20:49:17.478-0500] {dag.py:3954} INFO - Setting next_dagrun for example_nested_branch_dag to 2024-05-06 00:00:00+00:00, run_after=2024-05-07 00:00:00+00:00
[2024-05-06T20:49:17.496-0500] {processor.py:183} INFO - Processing /Users/paulamedina/venv/lib/python3.12/site-packages/airflow/example_dags/example_nested_branch_dag.py took 0.160 seconds
[2024-05-06T20:52:47.689-0500] {processor.py:161} INFO - Started process (PID=50775) to work on /Users/paulamedina/venv/lib/python3.12/site-packages/airflow/example_dags/example_nested_branch_dag.py
[2024-05-06T20:52:47.689-0500] {processor.py:830} INFO - Processing file /Users/paulamedina/venv/lib/python3.12/site-packages/airflow/example_dags/example_nested_branch_dag.py for tasks to queue
[2024-05-06T20:52:47.690-0500] {logging_mixin.py:188} INFO - [2024-05-06T20:52:47.690-0500] {dagbag.py:540} INFO - Filling up the DagBag from /Users/paulamedina/venv/lib/python3.12/site-packages/airflow/example_dags/example_nested_branch_dag.py
[2024-05-06T20:52:47.723-0500] {processor.py:840} INFO - DAG(s) 'example_nested_branch_dag' retrieved from /Users/paulamedina/venv/lib/python3.12/site-packages/airflow/example_dags/example_nested_branch_dag.py
[2024-05-06T20:52:47.800-0500] {logging_mixin.py:188} INFO - [2024-05-06T20:52:47.800-0500] {dag.py:3096} INFO - Sync 1 DAGs
[2024-05-06T20:52:47.813-0500] {logging_mixin.py:188} INFO - [2024-05-06T20:52:47.813-0500] {dag.py:3954} INFO - Setting next_dagrun for example_nested_branch_dag to 2024-05-06 00:00:00+00:00, run_after=2024-05-07 00:00:00+00:00
[2024-05-06T20:52:47.827-0500] {processor.py:183} INFO - Processing /Users/paulamedina/venv/lib/python3.12/site-packages/airflow/example_dags/example_nested_branch_dag.py took 0.140 seconds
[2024-05-06T20:56:12.691-0500] {processor.py:161} INFO - Started process (PID=51493) to work on /Users/paulamedina/venv/lib/python3.12/site-packages/airflow/example_dags/example_nested_branch_dag.py
[2024-05-06T20:56:12.692-0500] {processor.py:830} INFO - Processing file /Users/paulamedina/venv/lib/python3.12/site-packages/airflow/example_dags/example_nested_branch_dag.py for tasks to queue
[2024-05-06T20:56:12.692-0500] {logging_mixin.py:188} INFO - [2024-05-06T20:56:12.692-0500] {dagbag.py:540} INFO - Filling up the DagBag from /Users/paulamedina/venv/lib/python3.12/site-packages/airflow/example_dags/example_nested_branch_dag.py
[2024-05-06T20:56:12.725-0500] {processor.py:840} INFO - DAG(s) 'example_nested_branch_dag' retrieved from /Users/paulamedina/venv/lib/python3.12/site-packages/airflow/example_dags/example_nested_branch_dag.py
[2024-05-06T20:56:12.803-0500] {logging_mixin.py:188} INFO - [2024-05-06T20:56:12.802-0500] {dag.py:3096} INFO - Sync 1 DAGs
[2024-05-06T20:56:12.815-0500] {logging_mixin.py:188} INFO - [2024-05-06T20:56:12.815-0500] {dag.py:3954} INFO - Setting next_dagrun for example_nested_branch_dag to 2024-05-06 00:00:00+00:00, run_after=2024-05-07 00:00:00+00:00
[2024-05-06T20:56:12.830-0500] {processor.py:183} INFO - Processing /Users/paulamedina/venv/lib/python3.12/site-packages/airflow/example_dags/example_nested_branch_dag.py took 0.141 seconds
[2024-05-06T20:59:47.247-0500] {processor.py:161} INFO - Started process (PID=52263) to work on /Users/paulamedina/venv/lib/python3.12/site-packages/airflow/example_dags/example_nested_branch_dag.py
[2024-05-06T20:59:47.248-0500] {processor.py:830} INFO - Processing file /Users/paulamedina/venv/lib/python3.12/site-packages/airflow/example_dags/example_nested_branch_dag.py for tasks to queue
[2024-05-06T20:59:47.248-0500] {logging_mixin.py:188} INFO - [2024-05-06T20:59:47.248-0500] {dagbag.py:540} INFO - Filling up the DagBag from /Users/paulamedina/venv/lib/python3.12/site-packages/airflow/example_dags/example_nested_branch_dag.py
[2024-05-06T20:59:47.286-0500] {processor.py:840} INFO - DAG(s) 'example_nested_branch_dag' retrieved from /Users/paulamedina/venv/lib/python3.12/site-packages/airflow/example_dags/example_nested_branch_dag.py
[2024-05-06T20:59:47.377-0500] {logging_mixin.py:188} INFO - [2024-05-06T20:59:47.376-0500] {dag.py:3096} INFO - Sync 1 DAGs
[2024-05-06T20:59:47.392-0500] {logging_mixin.py:188} INFO - [2024-05-06T20:59:47.392-0500] {dag.py:3954} INFO - Setting next_dagrun for example_nested_branch_dag to 2024-05-06 00:00:00+00:00, run_after=2024-05-07 00:00:00+00:00
[2024-05-06T20:59:47.409-0500] {processor.py:183} INFO - Processing /Users/paulamedina/venv/lib/python3.12/site-packages/airflow/example_dags/example_nested_branch_dag.py took 0.165 seconds
[2024-05-06T21:03:37.107-0500] {processor.py:161} INFO - Started process (PID=53201) to work on /Users/paulamedina/venv/lib/python3.12/site-packages/airflow/example_dags/example_nested_branch_dag.py
[2024-05-06T21:03:37.108-0500] {processor.py:830} INFO - Processing file /Users/paulamedina/venv/lib/python3.12/site-packages/airflow/example_dags/example_nested_branch_dag.py for tasks to queue
[2024-05-06T21:03:37.108-0500] {logging_mixin.py:188} INFO - [2024-05-06T21:03:37.108-0500] {dagbag.py:540} INFO - Filling up the DagBag from /Users/paulamedina/venv/lib/python3.12/site-packages/airflow/example_dags/example_nested_branch_dag.py
[2024-05-06T21:03:37.146-0500] {processor.py:840} INFO - DAG(s) 'example_nested_branch_dag' retrieved from /Users/paulamedina/venv/lib/python3.12/site-packages/airflow/example_dags/example_nested_branch_dag.py
[2024-05-06T21:03:37.235-0500] {logging_mixin.py:188} INFO - [2024-05-06T21:03:37.235-0500] {dag.py:3096} INFO - Sync 1 DAGs
[2024-05-06T21:03:37.249-0500] {logging_mixin.py:188} INFO - [2024-05-06T21:03:37.249-0500] {dag.py:3954} INFO - Setting next_dagrun for example_nested_branch_dag to 2024-05-06 00:00:00+00:00, run_after=2024-05-07 00:00:00+00:00
[2024-05-06T21:03:37.267-0500] {processor.py:183} INFO - Processing /Users/paulamedina/venv/lib/python3.12/site-packages/airflow/example_dags/example_nested_branch_dag.py took 0.162 seconds
[2024-05-06T21:07:01.421-0500] {processor.py:161} INFO - Started process (PID=54017) to work on /Users/paulamedina/venv/lib/python3.12/site-packages/airflow/example_dags/example_nested_branch_dag.py
[2024-05-06T21:07:01.422-0500] {processor.py:830} INFO - Processing file /Users/paulamedina/venv/lib/python3.12/site-packages/airflow/example_dags/example_nested_branch_dag.py for tasks to queue
[2024-05-06T21:07:01.423-0500] {logging_mixin.py:188} INFO - [2024-05-06T21:07:01.423-0500] {dagbag.py:540} INFO - Filling up the DagBag from /Users/paulamedina/venv/lib/python3.12/site-packages/airflow/example_dags/example_nested_branch_dag.py
[2024-05-06T21:07:01.455-0500] {processor.py:840} INFO - DAG(s) 'example_nested_branch_dag' retrieved from /Users/paulamedina/venv/lib/python3.12/site-packages/airflow/example_dags/example_nested_branch_dag.py
[2024-05-06T21:07:01.531-0500] {logging_mixin.py:188} INFO - [2024-05-06T21:07:01.530-0500] {dag.py:3096} INFO - Sync 1 DAGs
[2024-05-06T21:07:01.543-0500] {logging_mixin.py:188} INFO - [2024-05-06T21:07:01.542-0500] {dag.py:3954} INFO - Setting next_dagrun for example_nested_branch_dag to 2024-05-06 00:00:00+00:00, run_after=2024-05-07 00:00:00+00:00
[2024-05-06T21:07:01.562-0500] {processor.py:183} INFO - Processing /Users/paulamedina/venv/lib/python3.12/site-packages/airflow/example_dags/example_nested_branch_dag.py took 0.143 seconds
[2024-05-06T21:10:23.886-0500] {processor.py:161} INFO - Started process (PID=54720) to work on /Users/paulamedina/venv/lib/python3.12/site-packages/airflow/example_dags/example_nested_branch_dag.py
[2024-05-06T21:10:23.886-0500] {processor.py:830} INFO - Processing file /Users/paulamedina/venv/lib/python3.12/site-packages/airflow/example_dags/example_nested_branch_dag.py for tasks to queue
[2024-05-06T21:10:23.887-0500] {logging_mixin.py:188} INFO - [2024-05-06T21:10:23.887-0500] {dagbag.py:540} INFO - Filling up the DagBag from /Users/paulamedina/venv/lib/python3.12/site-packages/airflow/example_dags/example_nested_branch_dag.py
[2024-05-06T21:10:23.920-0500] {processor.py:840} INFO - DAG(s) 'example_nested_branch_dag' retrieved from /Users/paulamedina/venv/lib/python3.12/site-packages/airflow/example_dags/example_nested_branch_dag.py
[2024-05-06T21:10:23.997-0500] {logging_mixin.py:188} INFO - [2024-05-06T21:10:23.997-0500] {dag.py:3096} INFO - Sync 1 DAGs
[2024-05-06T21:10:24.009-0500] {logging_mixin.py:188} INFO - [2024-05-06T21:10:24.009-0500] {dag.py:3954} INFO - Setting next_dagrun for example_nested_branch_dag to 2024-05-06 00:00:00+00:00, run_after=2024-05-07 00:00:00+00:00
[2024-05-06T21:10:24.024-0500] {processor.py:183} INFO - Processing /Users/paulamedina/venv/lib/python3.12/site-packages/airflow/example_dags/example_nested_branch_dag.py took 0.140 seconds
[2024-05-06T21:13:50.098-0500] {processor.py:161} INFO - Started process (PID=55463) to work on /Users/paulamedina/venv/lib/python3.12/site-packages/airflow/example_dags/example_nested_branch_dag.py
[2024-05-06T21:13:50.098-0500] {processor.py:830} INFO - Processing file /Users/paulamedina/venv/lib/python3.12/site-packages/airflow/example_dags/example_nested_branch_dag.py for tasks to queue
[2024-05-06T21:13:50.099-0500] {logging_mixin.py:188} INFO - [2024-05-06T21:13:50.099-0500] {dagbag.py:540} INFO - Filling up the DagBag from /Users/paulamedina/venv/lib/python3.12/site-packages/airflow/example_dags/example_nested_branch_dag.py
[2024-05-06T21:13:50.137-0500] {processor.py:840} INFO - DAG(s) 'example_nested_branch_dag' retrieved from /Users/paulamedina/venv/lib/python3.12/site-packages/airflow/example_dags/example_nested_branch_dag.py
[2024-05-06T21:13:50.223-0500] {logging_mixin.py:188} INFO - [2024-05-06T21:13:50.223-0500] {dag.py:3096} INFO - Sync 1 DAGs
[2024-05-06T21:13:50.236-0500] {logging_mixin.py:188} INFO - [2024-05-06T21:13:50.236-0500] {dag.py:3954} INFO - Setting next_dagrun for example_nested_branch_dag to 2024-05-06 00:00:00+00:00, run_after=2024-05-07 00:00:00+00:00
[2024-05-06T21:13:50.253-0500] {processor.py:183} INFO - Processing /Users/paulamedina/venv/lib/python3.12/site-packages/airflow/example_dags/example_nested_branch_dag.py took 0.157 seconds
[2024-05-06T21:17:18.714-0500] {processor.py:161} INFO - Started process (PID=56196) to work on /Users/paulamedina/venv/lib/python3.12/site-packages/airflow/example_dags/example_nested_branch_dag.py
[2024-05-06T21:17:18.715-0500] {processor.py:830} INFO - Processing file /Users/paulamedina/venv/lib/python3.12/site-packages/airflow/example_dags/example_nested_branch_dag.py for tasks to queue
[2024-05-06T21:17:18.715-0500] {logging_mixin.py:188} INFO - [2024-05-06T21:17:18.715-0500] {dagbag.py:540} INFO - Filling up the DagBag from /Users/paulamedina/venv/lib/python3.12/site-packages/airflow/example_dags/example_nested_branch_dag.py
[2024-05-06T21:17:18.748-0500] {processor.py:840} INFO - DAG(s) 'example_nested_branch_dag' retrieved from /Users/paulamedina/venv/lib/python3.12/site-packages/airflow/example_dags/example_nested_branch_dag.py
[2024-05-06T21:17:18.824-0500] {logging_mixin.py:188} INFO - [2024-05-06T21:17:18.823-0500] {dag.py:3096} INFO - Sync 1 DAGs
[2024-05-06T21:17:18.840-0500] {logging_mixin.py:188} INFO - [2024-05-06T21:17:18.840-0500] {dag.py:3954} INFO - Setting next_dagrun for example_nested_branch_dag to 2024-05-06 00:00:00+00:00, run_after=2024-05-07 00:00:00+00:00
[2024-05-06T21:17:18.856-0500] {processor.py:183} INFO - Processing /Users/paulamedina/venv/lib/python3.12/site-packages/airflow/example_dags/example_nested_branch_dag.py took 0.144 seconds
[2024-05-06T21:20:50.199-0500] {processor.py:161} INFO - Started process (PID=57019) to work on /Users/paulamedina/venv/lib/python3.12/site-packages/airflow/example_dags/example_nested_branch_dag.py
[2024-05-06T21:20:50.200-0500] {processor.py:830} INFO - Processing file /Users/paulamedina/venv/lib/python3.12/site-packages/airflow/example_dags/example_nested_branch_dag.py for tasks to queue
[2024-05-06T21:20:50.201-0500] {logging_mixin.py:188} INFO - [2024-05-06T21:20:50.201-0500] {dagbag.py:540} INFO - Filling up the DagBag from /Users/paulamedina/venv/lib/python3.12/site-packages/airflow/example_dags/example_nested_branch_dag.py
[2024-05-06T21:20:50.253-0500] {processor.py:840} INFO - DAG(s) 'example_nested_branch_dag' retrieved from /Users/paulamedina/venv/lib/python3.12/site-packages/airflow/example_dags/example_nested_branch_dag.py
[2024-05-06T21:20:50.354-0500] {logging_mixin.py:188} INFO - [2024-05-06T21:20:50.354-0500] {dag.py:3096} INFO - Sync 1 DAGs
[2024-05-06T21:20:50.369-0500] {logging_mixin.py:188} INFO - [2024-05-06T21:20:50.368-0500] {dag.py:3954} INFO - Setting next_dagrun for example_nested_branch_dag to 2024-05-06 00:00:00+00:00, run_after=2024-05-07 00:00:00+00:00
[2024-05-06T21:20:50.385-0500] {processor.py:183} INFO - Processing /Users/paulamedina/venv/lib/python3.12/site-packages/airflow/example_dags/example_nested_branch_dag.py took 0.188 seconds
[2024-05-06T21:24:20.718-0500] {processor.py:161} INFO - Started process (PID=57771) to work on /Users/paulamedina/venv/lib/python3.12/site-packages/airflow/example_dags/example_nested_branch_dag.py
[2024-05-06T21:24:20.719-0500] {processor.py:830} INFO - Processing file /Users/paulamedina/venv/lib/python3.12/site-packages/airflow/example_dags/example_nested_branch_dag.py for tasks to queue
[2024-05-06T21:24:20.720-0500] {logging_mixin.py:188} INFO - [2024-05-06T21:24:20.720-0500] {dagbag.py:540} INFO - Filling up the DagBag from /Users/paulamedina/venv/lib/python3.12/site-packages/airflow/example_dags/example_nested_branch_dag.py
[2024-05-06T21:24:20.755-0500] {processor.py:840} INFO - DAG(s) 'example_nested_branch_dag' retrieved from /Users/paulamedina/venv/lib/python3.12/site-packages/airflow/example_dags/example_nested_branch_dag.py
[2024-05-06T21:24:20.832-0500] {logging_mixin.py:188} INFO - [2024-05-06T21:24:20.832-0500] {dag.py:3096} INFO - Sync 1 DAGs
[2024-05-06T21:24:20.844-0500] {logging_mixin.py:188} INFO - [2024-05-06T21:24:20.844-0500] {dag.py:3954} INFO - Setting next_dagrun for example_nested_branch_dag to 2024-05-06 00:00:00+00:00, run_after=2024-05-07 00:00:00+00:00
[2024-05-06T21:24:20.860-0500] {processor.py:183} INFO - Processing /Users/paulamedina/venv/lib/python3.12/site-packages/airflow/example_dags/example_nested_branch_dag.py took 0.144 seconds
[2024-05-06T21:27:51.846-0500] {processor.py:161} INFO - Started process (PID=58513) to work on /Users/paulamedina/venv/lib/python3.12/site-packages/airflow/example_dags/example_nested_branch_dag.py
[2024-05-06T21:27:51.847-0500] {processor.py:830} INFO - Processing file /Users/paulamedina/venv/lib/python3.12/site-packages/airflow/example_dags/example_nested_branch_dag.py for tasks to queue
[2024-05-06T21:27:51.847-0500] {logging_mixin.py:188} INFO - [2024-05-06T21:27:51.847-0500] {dagbag.py:540} INFO - Filling up the DagBag from /Users/paulamedina/venv/lib/python3.12/site-packages/airflow/example_dags/example_nested_branch_dag.py
[2024-05-06T21:27:51.880-0500] {processor.py:840} INFO - DAG(s) 'example_nested_branch_dag' retrieved from /Users/paulamedina/venv/lib/python3.12/site-packages/airflow/example_dags/example_nested_branch_dag.py
[2024-05-06T21:27:51.956-0500] {logging_mixin.py:188} INFO - [2024-05-06T21:27:51.956-0500] {dag.py:3096} INFO - Sync 1 DAGs
[2024-05-06T21:27:51.968-0500] {logging_mixin.py:188} INFO - [2024-05-06T21:27:51.968-0500] {dag.py:3954} INFO - Setting next_dagrun for example_nested_branch_dag to 2024-05-06 00:00:00+00:00, run_after=2024-05-07 00:00:00+00:00
[2024-05-06T21:27:51.985-0500] {processor.py:183} INFO - Processing /Users/paulamedina/venv/lib/python3.12/site-packages/airflow/example_dags/example_nested_branch_dag.py took 0.141 seconds
[2024-05-06T21:32:03.317-0500] {processor.py:161} INFO - Started process (PID=59426) to work on /Users/paulamedina/venv/lib/python3.12/site-packages/airflow/example_dags/example_nested_branch_dag.py
[2024-05-06T21:32:03.317-0500] {processor.py:830} INFO - Processing file /Users/paulamedina/venv/lib/python3.12/site-packages/airflow/example_dags/example_nested_branch_dag.py for tasks to queue
[2024-05-06T21:32:03.318-0500] {logging_mixin.py:188} INFO - [2024-05-06T21:32:03.318-0500] {dagbag.py:540} INFO - Filling up the DagBag from /Users/paulamedina/venv/lib/python3.12/site-packages/airflow/example_dags/example_nested_branch_dag.py
[2024-05-06T21:32:03.351-0500] {processor.py:840} INFO - DAG(s) 'example_nested_branch_dag' retrieved from /Users/paulamedina/venv/lib/python3.12/site-packages/airflow/example_dags/example_nested_branch_dag.py
[2024-05-06T21:32:03.430-0500] {logging_mixin.py:188} INFO - [2024-05-06T21:32:03.429-0500] {dag.py:3096} INFO - Sync 1 DAGs
[2024-05-06T21:32:03.443-0500] {logging_mixin.py:188} INFO - [2024-05-06T21:32:03.443-0500] {dag.py:3954} INFO - Setting next_dagrun for example_nested_branch_dag to 2024-05-06 00:00:00+00:00, run_after=2024-05-07 00:00:00+00:00
[2024-05-06T21:32:03.463-0500] {processor.py:183} INFO - Processing /Users/paulamedina/venv/lib/python3.12/site-packages/airflow/example_dags/example_nested_branch_dag.py took 0.148 seconds
[2024-05-06T21:34:01.717-0500] {processor.py:161} INFO - Started process (PID=59841) to work on /Users/paulamedina/venv/lib/python3.12/site-packages/airflow/example_dags/example_nested_branch_dag.py
[2024-05-06T21:34:01.717-0500] {processor.py:830} INFO - Processing file /Users/paulamedina/venv/lib/python3.12/site-packages/airflow/example_dags/example_nested_branch_dag.py for tasks to queue
[2024-05-06T21:34:01.718-0500] {logging_mixin.py:188} INFO - [2024-05-06T21:34:01.718-0500] {dagbag.py:540} INFO - Filling up the DagBag from /Users/paulamedina/venv/lib/python3.12/site-packages/airflow/example_dags/example_nested_branch_dag.py
[2024-05-06T21:34:01.750-0500] {processor.py:840} INFO - DAG(s) 'example_nested_branch_dag' retrieved from /Users/paulamedina/venv/lib/python3.12/site-packages/airflow/example_dags/example_nested_branch_dag.py
[2024-05-06T21:34:01.829-0500] {logging_mixin.py:188} INFO - [2024-05-06T21:34:01.829-0500] {dag.py:3096} INFO - Sync 1 DAGs
[2024-05-06T21:34:01.841-0500] {logging_mixin.py:188} INFO - [2024-05-06T21:34:01.841-0500] {dag.py:3954} INFO - Setting next_dagrun for example_nested_branch_dag to 2024-05-06 00:00:00+00:00, run_after=2024-05-07 00:00:00+00:00
[2024-05-06T21:34:01.857-0500] {processor.py:183} INFO - Processing /Users/paulamedina/venv/lib/python3.12/site-packages/airflow/example_dags/example_nested_branch_dag.py took 0.142 seconds
[2024-05-06T21:43:43.330-0500] {processor.py:161} INFO - Started process (PID=62050) to work on /Users/paulamedina/venv/lib/python3.12/site-packages/airflow/example_dags/example_nested_branch_dag.py
[2024-05-06T21:43:43.332-0500] {processor.py:830} INFO - Processing file /Users/paulamedina/venv/lib/python3.12/site-packages/airflow/example_dags/example_nested_branch_dag.py for tasks to queue
[2024-05-06T21:43:43.333-0500] {logging_mixin.py:188} INFO - [2024-05-06T21:43:43.333-0500] {dagbag.py:540} INFO - Filling up the DagBag from /Users/paulamedina/venv/lib/python3.12/site-packages/airflow/example_dags/example_nested_branch_dag.py
[2024-05-06T21:43:43.389-0500] {processor.py:840} INFO - DAG(s) 'example_nested_branch_dag' retrieved from /Users/paulamedina/venv/lib/python3.12/site-packages/airflow/example_dags/example_nested_branch_dag.py
[2024-05-06T21:43:43.650-0500] {logging_mixin.py:188} INFO - [2024-05-06T21:43:43.650-0500] {override.py:1829} INFO - Created Permission View: can read on DAG:example_nested_branch_dag
[2024-05-06T21:43:43.661-0500] {logging_mixin.py:188} INFO - [2024-05-06T21:43:43.660-0500] {override.py:1829} INFO - Created Permission View: can delete on DAG:example_nested_branch_dag
[2024-05-06T21:43:43.670-0500] {logging_mixin.py:188} INFO - [2024-05-06T21:43:43.670-0500] {override.py:1829} INFO - Created Permission View: can edit on DAG:example_nested_branch_dag
[2024-05-06T21:43:43.670-0500] {logging_mixin.py:188} INFO - [2024-05-06T21:43:43.670-0500] {dag.py:3096} INFO - Sync 1 DAGs
[2024-05-06T21:43:43.684-0500] {logging_mixin.py:188} INFO - [2024-05-06T21:43:43.684-0500] {dag.py:3118} INFO - Creating ORM DAG for example_nested_branch_dag
[2024-05-06T21:43:43.694-0500] {logging_mixin.py:188} INFO - [2024-05-06T21:43:43.694-0500] {dag.py:3954} INFO - Setting next_dagrun for example_nested_branch_dag to 2024-05-06 00:00:00+00:00, run_after=2024-05-07 00:00:00+00:00
[2024-05-06T21:43:43.711-0500] {processor.py:183} INFO - Processing /Users/paulamedina/venv/lib/python3.12/site-packages/airflow/example_dags/example_nested_branch_dag.py took 0.386 seconds
[2024-05-06T21:44:37.764-0500] {processor.py:161} INFO - Started process (PID=62283) to work on /Users/paulamedina/venv/lib/python3.12/site-packages/airflow/example_dags/example_nested_branch_dag.py
[2024-05-06T21:44:37.766-0500] {processor.py:830} INFO - Processing file /Users/paulamedina/venv/lib/python3.12/site-packages/airflow/example_dags/example_nested_branch_dag.py for tasks to queue
[2024-05-06T21:44:37.767-0500] {logging_mixin.py:188} INFO - [2024-05-06T21:44:37.767-0500] {dagbag.py:540} INFO - Filling up the DagBag from /Users/paulamedina/venv/lib/python3.12/site-packages/airflow/example_dags/example_nested_branch_dag.py
[2024-05-06T21:44:37.819-0500] {processor.py:840} INFO - DAG(s) 'example_nested_branch_dag' retrieved from /Users/paulamedina/venv/lib/python3.12/site-packages/airflow/example_dags/example_nested_branch_dag.py
[2024-05-06T21:44:37.950-0500] {logging_mixin.py:188} INFO - [2024-05-06T21:44:37.949-0500] {dag.py:3096} INFO - Sync 1 DAGs
[2024-05-06T21:44:37.971-0500] {logging_mixin.py:188} INFO - [2024-05-06T21:44:37.971-0500] {dag.py:3954} INFO - Setting next_dagrun for example_nested_branch_dag to 2024-05-06 00:00:00+00:00, run_after=2024-05-07 00:00:00+00:00
[2024-05-06T21:44:37.991-0500] {processor.py:183} INFO - Processing /Users/paulamedina/venv/lib/python3.12/site-packages/airflow/example_dags/example_nested_branch_dag.py took 0.230 seconds
[2024-05-06T21:45:40.786-0500] {processor.py:161} INFO - Started process (PID=62536) to work on /Users/paulamedina/venv/lib/python3.12/site-packages/airflow/example_dags/example_nested_branch_dag.py
[2024-05-06T21:45:40.787-0500] {processor.py:830} INFO - Processing file /Users/paulamedina/venv/lib/python3.12/site-packages/airflow/example_dags/example_nested_branch_dag.py for tasks to queue
[2024-05-06T21:45:40.788-0500] {logging_mixin.py:188} INFO - [2024-05-06T21:45:40.787-0500] {dagbag.py:540} INFO - Filling up the DagBag from /Users/paulamedina/venv/lib/python3.12/site-packages/airflow/example_dags/example_nested_branch_dag.py
[2024-05-06T21:45:40.837-0500] {processor.py:840} INFO - DAG(s) 'example_nested_branch_dag' retrieved from /Users/paulamedina/venv/lib/python3.12/site-packages/airflow/example_dags/example_nested_branch_dag.py
[2024-05-06T21:45:40.960-0500] {logging_mixin.py:188} INFO - [2024-05-06T21:45:40.959-0500] {dag.py:3096} INFO - Sync 1 DAGs
[2024-05-06T21:45:40.981-0500] {logging_mixin.py:188} INFO - [2024-05-06T21:45:40.981-0500] {dag.py:3954} INFO - Setting next_dagrun for example_nested_branch_dag to 2024-05-06 00:00:00+00:00, run_after=2024-05-07 00:00:00+00:00
[2024-05-06T21:45:41.000-0500] {processor.py:183} INFO - Processing /Users/paulamedina/venv/lib/python3.12/site-packages/airflow/example_dags/example_nested_branch_dag.py took 0.218 seconds
[2024-05-06T21:46:40.803-0500] {processor.py:161} INFO - Started process (PID=62774) to work on /Users/paulamedina/venv/lib/python3.12/site-packages/airflow/example_dags/example_nested_branch_dag.py
[2024-05-06T21:46:40.804-0500] {processor.py:830} INFO - Processing file /Users/paulamedina/venv/lib/python3.12/site-packages/airflow/example_dags/example_nested_branch_dag.py for tasks to queue
[2024-05-06T21:46:40.805-0500] {logging_mixin.py:188} INFO - [2024-05-06T21:46:40.805-0500] {dagbag.py:540} INFO - Filling up the DagBag from /Users/paulamedina/venv/lib/python3.12/site-packages/airflow/example_dags/example_nested_branch_dag.py
[2024-05-06T21:46:40.856-0500] {processor.py:840} INFO - DAG(s) 'example_nested_branch_dag' retrieved from /Users/paulamedina/venv/lib/python3.12/site-packages/airflow/example_dags/example_nested_branch_dag.py
[2024-05-06T21:46:40.991-0500] {logging_mixin.py:188} INFO - [2024-05-06T21:46:40.990-0500] {dag.py:3096} INFO - Sync 1 DAGs
[2024-05-06T21:46:41.012-0500] {logging_mixin.py:188} INFO - [2024-05-06T21:46:41.012-0500] {dag.py:3954} INFO - Setting next_dagrun for example_nested_branch_dag to 2024-05-06 00:00:00+00:00, run_after=2024-05-07 00:00:00+00:00
[2024-05-06T21:46:41.032-0500] {processor.py:183} INFO - Processing /Users/paulamedina/venv/lib/python3.12/site-packages/airflow/example_dags/example_nested_branch_dag.py took 0.232 seconds
[2024-05-06T21:47:44.663-0500] {processor.py:161} INFO - Started process (PID=63034) to work on /Users/paulamedina/venv/lib/python3.12/site-packages/airflow/example_dags/example_nested_branch_dag.py
[2024-05-06T21:47:44.664-0500] {processor.py:830} INFO - Processing file /Users/paulamedina/venv/lib/python3.12/site-packages/airflow/example_dags/example_nested_branch_dag.py for tasks to queue
[2024-05-06T21:47:44.665-0500] {logging_mixin.py:188} INFO - [2024-05-06T21:47:44.665-0500] {dagbag.py:540} INFO - Filling up the DagBag from /Users/paulamedina/venv/lib/python3.12/site-packages/airflow/example_dags/example_nested_branch_dag.py
[2024-05-06T21:47:44.726-0500] {processor.py:840} INFO - DAG(s) 'example_nested_branch_dag' retrieved from /Users/paulamedina/venv/lib/python3.12/site-packages/airflow/example_dags/example_nested_branch_dag.py
[2024-05-06T21:47:44.876-0500] {logging_mixin.py:188} INFO - [2024-05-06T21:47:44.876-0500] {dag.py:3096} INFO - Sync 1 DAGs
[2024-05-06T21:47:44.905-0500] {logging_mixin.py:188} INFO - [2024-05-06T21:47:44.905-0500] {dag.py:3954} INFO - Setting next_dagrun for example_nested_branch_dag to 2024-05-06 00:00:00+00:00, run_after=2024-05-07 00:00:00+00:00
[2024-05-06T21:47:44.928-0500] {processor.py:183} INFO - Processing /Users/paulamedina/venv/lib/python3.12/site-packages/airflow/example_dags/example_nested_branch_dag.py took 0.269 seconds
[2024-05-06T21:50:12.858-0500] {processor.py:161} INFO - Started process (PID=63656) to work on /Users/paulamedina/venv/lib/python3.12/site-packages/airflow/example_dags/example_nested_branch_dag.py
[2024-05-06T21:50:12.860-0500] {processor.py:830} INFO - Processing file /Users/paulamedina/venv/lib/python3.12/site-packages/airflow/example_dags/example_nested_branch_dag.py for tasks to queue
[2024-05-06T21:50:12.861-0500] {logging_mixin.py:188} INFO - [2024-05-06T21:50:12.861-0500] {dagbag.py:540} INFO - Filling up the DagBag from /Users/paulamedina/venv/lib/python3.12/site-packages/airflow/example_dags/example_nested_branch_dag.py
[2024-05-06T21:50:12.945-0500] {processor.py:840} INFO - DAG(s) 'example_nested_branch_dag' retrieved from /Users/paulamedina/venv/lib/python3.12/site-packages/airflow/example_dags/example_nested_branch_dag.py
[2024-05-06T21:50:13.350-0500] {logging_mixin.py:188} INFO - [2024-05-06T21:50:13.349-0500] {dag.py:3096} INFO - Sync 1 DAGs
[2024-05-06T21:50:13.389-0500] {logging_mixin.py:188} INFO - [2024-05-06T21:50:13.388-0500] {dag.py:3954} INFO - Setting next_dagrun for example_nested_branch_dag to 2024-05-06 00:00:00+00:00, run_after=2024-05-07 00:00:00+00:00
[2024-05-06T21:50:13.428-0500] {processor.py:183} INFO - Processing /Users/paulamedina/venv/lib/python3.12/site-packages/airflow/example_dags/example_nested_branch_dag.py took 0.575 seconds
[2024-05-06T21:51:46.522-0500] {processor.py:161} INFO - Started process (PID=64025) to work on /Users/paulamedina/venv/lib/python3.12/site-packages/airflow/example_dags/example_nested_branch_dag.py
[2024-05-06T21:51:46.523-0500] {processor.py:830} INFO - Processing file /Users/paulamedina/venv/lib/python3.12/site-packages/airflow/example_dags/example_nested_branch_dag.py for tasks to queue
[2024-05-06T21:51:46.524-0500] {logging_mixin.py:188} INFO - [2024-05-06T21:51:46.524-0500] {dagbag.py:540} INFO - Filling up the DagBag from /Users/paulamedina/venv/lib/python3.12/site-packages/airflow/example_dags/example_nested_branch_dag.py
[2024-05-06T21:51:46.579-0500] {processor.py:840} INFO - DAG(s) 'example_nested_branch_dag' retrieved from /Users/paulamedina/venv/lib/python3.12/site-packages/airflow/example_dags/example_nested_branch_dag.py
[2024-05-06T21:51:46.715-0500] {logging_mixin.py:188} INFO - [2024-05-06T21:51:46.715-0500] {dag.py:3096} INFO - Sync 1 DAGs
[2024-05-06T21:51:46.738-0500] {logging_mixin.py:188} INFO - [2024-05-06T21:51:46.737-0500] {dag.py:3954} INFO - Setting next_dagrun for example_nested_branch_dag to 2024-05-06 00:00:00+00:00, run_after=2024-05-07 00:00:00+00:00
[2024-05-06T21:51:46.758-0500] {processor.py:183} INFO - Processing /Users/paulamedina/venv/lib/python3.12/site-packages/airflow/example_dags/example_nested_branch_dag.py took 0.240 seconds
[2024-05-06T21:53:02.376-0500] {processor.py:161} INFO - Started process (PID=64311) to work on /Users/paulamedina/venv/lib/python3.12/site-packages/airflow/example_dags/example_nested_branch_dag.py
[2024-05-06T21:53:02.377-0500] {processor.py:830} INFO - Processing file /Users/paulamedina/venv/lib/python3.12/site-packages/airflow/example_dags/example_nested_branch_dag.py for tasks to queue
[2024-05-06T21:53:02.378-0500] {logging_mixin.py:188} INFO - [2024-05-06T21:53:02.378-0500] {dagbag.py:540} INFO - Filling up the DagBag from /Users/paulamedina/venv/lib/python3.12/site-packages/airflow/example_dags/example_nested_branch_dag.py
[2024-05-06T21:53:02.451-0500] {processor.py:840} INFO - DAG(s) 'example_nested_branch_dag' retrieved from /Users/paulamedina/venv/lib/python3.12/site-packages/airflow/example_dags/example_nested_branch_dag.py
[2024-05-06T21:53:02.627-0500] {logging_mixin.py:188} INFO - [2024-05-06T21:53:02.626-0500] {dag.py:3096} INFO - Sync 1 DAGs
[2024-05-06T21:53:02.659-0500] {logging_mixin.py:188} INFO - [2024-05-06T21:53:02.659-0500] {dag.py:3954} INFO - Setting next_dagrun for example_nested_branch_dag to 2024-05-06 00:00:00+00:00, run_after=2024-05-07 00:00:00+00:00
[2024-05-06T21:53:02.686-0500] {processor.py:183} INFO - Processing /Users/paulamedina/venv/lib/python3.12/site-packages/airflow/example_dags/example_nested_branch_dag.py took 0.315 seconds
[2024-05-06T21:54:23.826-0500] {processor.py:161} INFO - Started process (PID=64637) to work on /Users/paulamedina/venv/lib/python3.12/site-packages/airflow/example_dags/example_nested_branch_dag.py
[2024-05-06T21:54:23.828-0500] {processor.py:830} INFO - Processing file /Users/paulamedina/venv/lib/python3.12/site-packages/airflow/example_dags/example_nested_branch_dag.py for tasks to queue
[2024-05-06T21:54:23.829-0500] {logging_mixin.py:188} INFO - [2024-05-06T21:54:23.829-0500] {dagbag.py:540} INFO - Filling up the DagBag from /Users/paulamedina/venv/lib/python3.12/site-packages/airflow/example_dags/example_nested_branch_dag.py
[2024-05-06T21:54:23.892-0500] {processor.py:840} INFO - DAG(s) 'example_nested_branch_dag' retrieved from /Users/paulamedina/venv/lib/python3.12/site-packages/airflow/example_dags/example_nested_branch_dag.py
[2024-05-06T21:54:24.057-0500] {logging_mixin.py:188} INFO - [2024-05-06T21:54:24.057-0500] {dag.py:3096} INFO - Sync 1 DAGs
[2024-05-06T21:54:24.093-0500] {logging_mixin.py:188} INFO - [2024-05-06T21:54:24.092-0500] {dag.py:3954} INFO - Setting next_dagrun for example_nested_branch_dag to 2024-05-06 00:00:00+00:00, run_after=2024-05-07 00:00:00+00:00
[2024-05-06T21:54:24.124-0500] {processor.py:183} INFO - Processing /Users/paulamedina/venv/lib/python3.12/site-packages/airflow/example_dags/example_nested_branch_dag.py took 0.302 seconds
[2024-05-06T21:55:53.207-0500] {processor.py:161} INFO - Started process (PID=65002) to work on /Users/paulamedina/venv/lib/python3.12/site-packages/airflow/example_dags/example_nested_branch_dag.py
[2024-05-06T21:55:53.209-0500] {processor.py:830} INFO - Processing file /Users/paulamedina/venv/lib/python3.12/site-packages/airflow/example_dags/example_nested_branch_dag.py for tasks to queue
[2024-05-06T21:55:53.210-0500] {logging_mixin.py:188} INFO - [2024-05-06T21:55:53.210-0500] {dagbag.py:540} INFO - Filling up the DagBag from /Users/paulamedina/venv/lib/python3.12/site-packages/airflow/example_dags/example_nested_branch_dag.py
[2024-05-06T21:55:53.278-0500] {processor.py:840} INFO - DAG(s) 'example_nested_branch_dag' retrieved from /Users/paulamedina/venv/lib/python3.12/site-packages/airflow/example_dags/example_nested_branch_dag.py
[2024-05-06T21:55:53.436-0500] {logging_mixin.py:188} INFO - [2024-05-06T21:55:53.436-0500] {dag.py:3096} INFO - Sync 1 DAGs
[2024-05-06T21:55:53.461-0500] {logging_mixin.py:188} INFO - [2024-05-06T21:55:53.461-0500] {dag.py:3954} INFO - Setting next_dagrun for example_nested_branch_dag to 2024-05-06 00:00:00+00:00, run_after=2024-05-07 00:00:00+00:00
[2024-05-06T21:55:53.484-0500] {processor.py:183} INFO - Processing /Users/paulamedina/venv/lib/python3.12/site-packages/airflow/example_dags/example_nested_branch_dag.py took 0.283 seconds
[2024-05-06T21:57:27.585-0500] {processor.py:161} INFO - Started process (PID=65353) to work on /Users/paulamedina/venv/lib/python3.12/site-packages/airflow/example_dags/example_nested_branch_dag.py
[2024-05-06T21:57:27.588-0500] {processor.py:830} INFO - Processing file /Users/paulamedina/venv/lib/python3.12/site-packages/airflow/example_dags/example_nested_branch_dag.py for tasks to queue
[2024-05-06T21:57:27.589-0500] {logging_mixin.py:188} INFO - [2024-05-06T21:57:27.589-0500] {dagbag.py:540} INFO - Filling up the DagBag from /Users/paulamedina/venv/lib/python3.12/site-packages/airflow/example_dags/example_nested_branch_dag.py
[2024-05-06T21:57:27.690-0500] {processor.py:840} INFO - DAG(s) 'example_nested_branch_dag' retrieved from /Users/paulamedina/venv/lib/python3.12/site-packages/airflow/example_dags/example_nested_branch_dag.py
[2024-05-06T21:57:27.919-0500] {logging_mixin.py:188} INFO - [2024-05-06T21:57:27.919-0500] {dag.py:3096} INFO - Sync 1 DAGs
[2024-05-06T21:57:27.946-0500] {logging_mixin.py:188} INFO - [2024-05-06T21:57:27.945-0500] {dag.py:3954} INFO - Setting next_dagrun for example_nested_branch_dag to 2024-05-06 00:00:00+00:00, run_after=2024-05-07 00:00:00+00:00
[2024-05-06T21:57:27.971-0500] {processor.py:183} INFO - Processing /Users/paulamedina/venv/lib/python3.12/site-packages/airflow/example_dags/example_nested_branch_dag.py took 0.391 seconds
[2024-05-06T21:59:13.392-0500] {processor.py:161} INFO - Started process (PID=65848) to work on /Users/paulamedina/venv/lib/python3.12/site-packages/airflow/example_dags/example_nested_branch_dag.py
[2024-05-06T21:59:13.394-0500] {processor.py:830} INFO - Processing file /Users/paulamedina/venv/lib/python3.12/site-packages/airflow/example_dags/example_nested_branch_dag.py for tasks to queue
[2024-05-06T21:59:13.395-0500] {logging_mixin.py:188} INFO - [2024-05-06T21:59:13.395-0500] {dagbag.py:540} INFO - Filling up the DagBag from /Users/paulamedina/venv/lib/python3.12/site-packages/airflow/example_dags/example_nested_branch_dag.py
[2024-05-06T21:59:13.469-0500] {processor.py:840} INFO - DAG(s) 'example_nested_branch_dag' retrieved from /Users/paulamedina/venv/lib/python3.12/site-packages/airflow/example_dags/example_nested_branch_dag.py
[2024-05-06T21:59:13.666-0500] {logging_mixin.py:188} INFO - [2024-05-06T21:59:13.666-0500] {dag.py:3096} INFO - Sync 1 DAGs
[2024-05-06T21:59:13.698-0500] {logging_mixin.py:188} INFO - [2024-05-06T21:59:13.697-0500] {dag.py:3954} INFO - Setting next_dagrun for example_nested_branch_dag to 2024-05-06 00:00:00+00:00, run_after=2024-05-07 00:00:00+00:00
[2024-05-06T21:59:13.730-0500] {processor.py:183} INFO - Processing /Users/paulamedina/venv/lib/python3.12/site-packages/airflow/example_dags/example_nested_branch_dag.py took 0.344 seconds
[2024-05-06T22:01:17.939-0500] {processor.py:161} INFO - Started process (PID=66409) to work on /Users/paulamedina/venv/lib/python3.12/site-packages/airflow/example_dags/example_nested_branch_dag.py
[2024-05-06T22:01:17.940-0500] {processor.py:830} INFO - Processing file /Users/paulamedina/venv/lib/python3.12/site-packages/airflow/example_dags/example_nested_branch_dag.py for tasks to queue
[2024-05-06T22:01:17.941-0500] {logging_mixin.py:188} INFO - [2024-05-06T22:01:17.941-0500] {dagbag.py:540} INFO - Filling up the DagBag from /Users/paulamedina/venv/lib/python3.12/site-packages/airflow/example_dags/example_nested_branch_dag.py
[2024-05-06T22:01:18.001-0500] {processor.py:840} INFO - DAG(s) 'example_nested_branch_dag' retrieved from /Users/paulamedina/venv/lib/python3.12/site-packages/airflow/example_dags/example_nested_branch_dag.py
[2024-05-06T22:01:18.139-0500] {logging_mixin.py:188} INFO - [2024-05-06T22:01:18.139-0500] {dag.py:3096} INFO - Sync 1 DAGs
[2024-05-06T22:01:18.163-0500] {logging_mixin.py:188} INFO - [2024-05-06T22:01:18.163-0500] {dag.py:3954} INFO - Setting next_dagrun for example_nested_branch_dag to 2024-05-06 00:00:00+00:00, run_after=2024-05-07 00:00:00+00:00
[2024-05-06T22:01:18.191-0500] {processor.py:183} INFO - Processing /Users/paulamedina/venv/lib/python3.12/site-packages/airflow/example_dags/example_nested_branch_dag.py took 0.255 seconds
