[2024-05-06T19:00:09.150-0500] {processor.py:161} INFO - Started process (PID=26153) to work on /Users/paulamedina/venv/lib/python3.12/site-packages/airflow/example_dags/example_bash_operator.py
[2024-05-06T19:00:09.151-0500] {processor.py:830} INFO - Processing file /Users/paulamedina/venv/lib/python3.12/site-packages/airflow/example_dags/example_bash_operator.py for tasks to queue
[2024-05-06T19:00:09.152-0500] {logging_mixin.py:188} INFO - [2024-05-06T19:00:09.152-0500] {dagbag.py:540} INFO - Filling up the DagBag from /Users/paulamedina/venv/lib/python3.12/site-packages/airflow/example_dags/example_bash_operator.py
[2024-05-06T19:00:09.165-0500] {processor.py:840} INFO - DAG(s) 'example_bash_operator' retrieved from /Users/paulamedina/venv/lib/python3.12/site-packages/airflow/example_dags/example_bash_operator.py
[2024-05-06T19:00:09.271-0500] {logging_mixin.py:188} INFO - [2024-05-06T19:00:09.271-0500] {dag.py:3096} INFO - Sync 1 DAGs
[2024-05-06T19:00:09.288-0500] {logging_mixin.py:188} INFO - [2024-05-06T19:00:09.288-0500] {dag.py:3954} INFO - Setting next_dagrun for example_bash_operator to 2024-05-06 00:00:00+00:00, run_after=2024-05-07 00:00:00+00:00
[2024-05-06T19:00:09.305-0500] {processor.py:183} INFO - Processing /Users/paulamedina/venv/lib/python3.12/site-packages/airflow/example_dags/example_bash_operator.py took 0.158 seconds
[2024-05-06T19:03:45.109-0500] {processor.py:161} INFO - Started process (PID=26949) to work on /Users/paulamedina/venv/lib/python3.12/site-packages/airflow/example_dags/example_bash_operator.py
[2024-05-06T19:03:45.110-0500] {processor.py:830} INFO - Processing file /Users/paulamedina/venv/lib/python3.12/site-packages/airflow/example_dags/example_bash_operator.py for tasks to queue
[2024-05-06T19:03:45.110-0500] {logging_mixin.py:188} INFO - [2024-05-06T19:03:45.110-0500] {dagbag.py:540} INFO - Filling up the DagBag from /Users/paulamedina/venv/lib/python3.12/site-packages/airflow/example_dags/example_bash_operator.py
[2024-05-06T19:03:45.121-0500] {processor.py:840} INFO - DAG(s) 'example_bash_operator' retrieved from /Users/paulamedina/venv/lib/python3.12/site-packages/airflow/example_dags/example_bash_operator.py
[2024-05-06T19:03:45.204-0500] {logging_mixin.py:188} INFO - [2024-05-06T19:03:45.204-0500] {dag.py:3096} INFO - Sync 1 DAGs
[2024-05-06T19:03:45.217-0500] {logging_mixin.py:188} INFO - [2024-05-06T19:03:45.217-0500] {dag.py:3954} INFO - Setting next_dagrun for example_bash_operator to 2024-05-06 00:00:00+00:00, run_after=2024-05-07 00:00:00+00:00
[2024-05-06T19:03:45.231-0500] {processor.py:183} INFO - Processing /Users/paulamedina/venv/lib/python3.12/site-packages/airflow/example_dags/example_bash_operator.py took 0.125 seconds
[2024-05-06T19:07:00.893-0500] {processor.py:161} INFO - Started process (PID=27658) to work on /Users/paulamedina/venv/lib/python3.12/site-packages/airflow/example_dags/example_bash_operator.py
[2024-05-06T19:07:00.894-0500] {processor.py:830} INFO - Processing file /Users/paulamedina/venv/lib/python3.12/site-packages/airflow/example_dags/example_bash_operator.py for tasks to queue
[2024-05-06T19:07:00.894-0500] {logging_mixin.py:188} INFO - [2024-05-06T19:07:00.894-0500] {dagbag.py:540} INFO - Filling up the DagBag from /Users/paulamedina/venv/lib/python3.12/site-packages/airflow/example_dags/example_bash_operator.py
[2024-05-06T19:07:00.905-0500] {processor.py:840} INFO - DAG(s) 'example_bash_operator' retrieved from /Users/paulamedina/venv/lib/python3.12/site-packages/airflow/example_dags/example_bash_operator.py
[2024-05-06T19:07:00.986-0500] {logging_mixin.py:188} INFO - [2024-05-06T19:07:00.986-0500] {dag.py:3096} INFO - Sync 1 DAGs
[2024-05-06T19:07:00.999-0500] {logging_mixin.py:188} INFO - [2024-05-06T19:07:00.999-0500] {dag.py:3954} INFO - Setting next_dagrun for example_bash_operator to 2024-05-06 00:00:00+00:00, run_after=2024-05-07 00:00:00+00:00
[2024-05-06T19:07:01.012-0500] {processor.py:183} INFO - Processing /Users/paulamedina/venv/lib/python3.12/site-packages/airflow/example_dags/example_bash_operator.py took 0.121 seconds
[2024-05-06T19:10:26.733-0500] {processor.py:161} INFO - Started process (PID=28385) to work on /Users/paulamedina/venv/lib/python3.12/site-packages/airflow/example_dags/example_bash_operator.py
[2024-05-06T19:10:26.735-0500] {processor.py:830} INFO - Processing file /Users/paulamedina/venv/lib/python3.12/site-packages/airflow/example_dags/example_bash_operator.py for tasks to queue
[2024-05-06T19:10:26.735-0500] {logging_mixin.py:188} INFO - [2024-05-06T19:10:26.735-0500] {dagbag.py:540} INFO - Filling up the DagBag from /Users/paulamedina/venv/lib/python3.12/site-packages/airflow/example_dags/example_bash_operator.py
[2024-05-06T19:10:26.749-0500] {processor.py:840} INFO - DAG(s) 'example_bash_operator' retrieved from /Users/paulamedina/venv/lib/python3.12/site-packages/airflow/example_dags/example_bash_operator.py
[2024-05-06T19:10:26.847-0500] {logging_mixin.py:188} INFO - [2024-05-06T19:10:26.846-0500] {dag.py:3096} INFO - Sync 1 DAGs
[2024-05-06T19:10:26.864-0500] {logging_mixin.py:188} INFO - [2024-05-06T19:10:26.864-0500] {dag.py:3954} INFO - Setting next_dagrun for example_bash_operator to 2024-05-06 00:00:00+00:00, run_after=2024-05-07 00:00:00+00:00
[2024-05-06T19:10:26.880-0500] {processor.py:183} INFO - Processing /Users/paulamedina/venv/lib/python3.12/site-packages/airflow/example_dags/example_bash_operator.py took 0.150 seconds
[2024-05-06T19:14:04.078-0500] {processor.py:161} INFO - Started process (PID=29160) to work on /Users/paulamedina/venv/lib/python3.12/site-packages/airflow/example_dags/example_bash_operator.py
[2024-05-06T19:14:04.080-0500] {processor.py:830} INFO - Processing file /Users/paulamedina/venv/lib/python3.12/site-packages/airflow/example_dags/example_bash_operator.py for tasks to queue
[2024-05-06T19:14:04.081-0500] {logging_mixin.py:188} INFO - [2024-05-06T19:14:04.080-0500] {dagbag.py:540} INFO - Filling up the DagBag from /Users/paulamedina/venv/lib/python3.12/site-packages/airflow/example_dags/example_bash_operator.py
[2024-05-06T19:14:04.096-0500] {processor.py:840} INFO - DAG(s) 'example_bash_operator' retrieved from /Users/paulamedina/venv/lib/python3.12/site-packages/airflow/example_dags/example_bash_operator.py
[2024-05-06T19:14:04.207-0500] {logging_mixin.py:188} INFO - [2024-05-06T19:14:04.207-0500] {dag.py:3096} INFO - Sync 1 DAGs
[2024-05-06T19:14:04.225-0500] {logging_mixin.py:188} INFO - [2024-05-06T19:14:04.225-0500] {dag.py:3954} INFO - Setting next_dagrun for example_bash_operator to 2024-05-06 00:00:00+00:00, run_after=2024-05-07 00:00:00+00:00
[2024-05-06T19:14:04.243-0500] {processor.py:183} INFO - Processing /Users/paulamedina/venv/lib/python3.12/site-packages/airflow/example_dags/example_bash_operator.py took 0.167 seconds
[2024-05-06T19:18:37.074-0500] {processor.py:161} INFO - Started process (PID=30196) to work on /Users/paulamedina/venv/lib/python3.12/site-packages/airflow/example_dags/example_bash_operator.py
[2024-05-06T19:18:37.075-0500] {processor.py:830} INFO - Processing file /Users/paulamedina/venv/lib/python3.12/site-packages/airflow/example_dags/example_bash_operator.py for tasks to queue
[2024-05-06T19:18:37.076-0500] {logging_mixin.py:188} INFO - [2024-05-06T19:18:37.076-0500] {dagbag.py:540} INFO - Filling up the DagBag from /Users/paulamedina/venv/lib/python3.12/site-packages/airflow/example_dags/example_bash_operator.py
[2024-05-06T19:18:37.091-0500] {processor.py:840} INFO - DAG(s) 'example_bash_operator' retrieved from /Users/paulamedina/venv/lib/python3.12/site-packages/airflow/example_dags/example_bash_operator.py
[2024-05-06T19:18:37.190-0500] {logging_mixin.py:188} INFO - [2024-05-06T19:18:37.190-0500] {dag.py:3096} INFO - Sync 1 DAGs
[2024-05-06T19:18:37.206-0500] {logging_mixin.py:188} INFO - [2024-05-06T19:18:37.206-0500] {dag.py:3954} INFO - Setting next_dagrun for example_bash_operator to 2024-05-06 00:00:00+00:00, run_after=2024-05-07 00:00:00+00:00
[2024-05-06T19:18:37.223-0500] {processor.py:183} INFO - Processing /Users/paulamedina/venv/lib/python3.12/site-packages/airflow/example_dags/example_bash_operator.py took 0.151 seconds
[2024-05-06T19:23:06.645-0500] {processor.py:161} INFO - Started process (PID=31145) to work on /Users/paulamedina/venv/lib/python3.12/site-packages/airflow/example_dags/example_bash_operator.py
[2024-05-06T19:23:06.647-0500] {processor.py:830} INFO - Processing file /Users/paulamedina/venv/lib/python3.12/site-packages/airflow/example_dags/example_bash_operator.py for tasks to queue
[2024-05-06T19:23:06.648-0500] {logging_mixin.py:188} INFO - [2024-05-06T19:23:06.647-0500] {dagbag.py:540} INFO - Filling up the DagBag from /Users/paulamedina/venv/lib/python3.12/site-packages/airflow/example_dags/example_bash_operator.py
[2024-05-06T19:23:06.666-0500] {processor.py:840} INFO - DAG(s) 'example_bash_operator' retrieved from /Users/paulamedina/venv/lib/python3.12/site-packages/airflow/example_dags/example_bash_operator.py
[2024-05-06T19:23:06.810-0500] {logging_mixin.py:188} INFO - [2024-05-06T19:23:06.809-0500] {dag.py:3096} INFO - Sync 1 DAGs
[2024-05-06T19:23:06.833-0500] {logging_mixin.py:188} INFO - [2024-05-06T19:23:06.832-0500] {dag.py:3954} INFO - Setting next_dagrun for example_bash_operator to 2024-05-06 00:00:00+00:00, run_after=2024-05-07 00:00:00+00:00
[2024-05-06T19:23:06.857-0500] {processor.py:183} INFO - Processing /Users/paulamedina/venv/lib/python3.12/site-packages/airflow/example_dags/example_bash_operator.py took 0.215 seconds
[2024-05-06T19:27:22.395-0500] {processor.py:161} INFO - Started process (PID=32050) to work on /Users/paulamedina/venv/lib/python3.12/site-packages/airflow/example_dags/example_bash_operator.py
[2024-05-06T19:27:22.396-0500] {processor.py:830} INFO - Processing file /Users/paulamedina/venv/lib/python3.12/site-packages/airflow/example_dags/example_bash_operator.py for tasks to queue
[2024-05-06T19:27:22.396-0500] {logging_mixin.py:188} INFO - [2024-05-06T19:27:22.396-0500] {dagbag.py:540} INFO - Filling up the DagBag from /Users/paulamedina/venv/lib/python3.12/site-packages/airflow/example_dags/example_bash_operator.py
[2024-05-06T19:27:22.406-0500] {processor.py:840} INFO - DAG(s) 'example_bash_operator' retrieved from /Users/paulamedina/venv/lib/python3.12/site-packages/airflow/example_dags/example_bash_operator.py
[2024-05-06T19:27:22.488-0500] {logging_mixin.py:188} INFO - [2024-05-06T19:27:22.488-0500] {dag.py:3096} INFO - Sync 1 DAGs
[2024-05-06T19:27:22.502-0500] {logging_mixin.py:188} INFO - [2024-05-06T19:27:22.501-0500] {dag.py:3954} INFO - Setting next_dagrun for example_bash_operator to 2024-05-06 00:00:00+00:00, run_after=2024-05-07 00:00:00+00:00
[2024-05-06T19:27:22.516-0500] {processor.py:183} INFO - Processing /Users/paulamedina/venv/lib/python3.12/site-packages/airflow/example_dags/example_bash_operator.py took 0.123 seconds
[2024-05-06T19:30:52.840-0500] {processor.py:161} INFO - Started process (PID=32824) to work on /Users/paulamedina/venv/lib/python3.12/site-packages/airflow/example_dags/example_bash_operator.py
[2024-05-06T19:30:52.841-0500] {processor.py:830} INFO - Processing file /Users/paulamedina/venv/lib/python3.12/site-packages/airflow/example_dags/example_bash_operator.py for tasks to queue
[2024-05-06T19:30:52.842-0500] {logging_mixin.py:188} INFO - [2024-05-06T19:30:52.842-0500] {dagbag.py:540} INFO - Filling up the DagBag from /Users/paulamedina/venv/lib/python3.12/site-packages/airflow/example_dags/example_bash_operator.py
[2024-05-06T19:30:52.854-0500] {processor.py:840} INFO - DAG(s) 'example_bash_operator' retrieved from /Users/paulamedina/venv/lib/python3.12/site-packages/airflow/example_dags/example_bash_operator.py
[2024-05-06T19:30:52.950-0500] {logging_mixin.py:188} INFO - [2024-05-06T19:30:52.950-0500] {dag.py:3096} INFO - Sync 1 DAGs
[2024-05-06T19:30:52.965-0500] {logging_mixin.py:188} INFO - [2024-05-06T19:30:52.965-0500] {dag.py:3954} INFO - Setting next_dagrun for example_bash_operator to 2024-05-06 00:00:00+00:00, run_after=2024-05-07 00:00:00+00:00
[2024-05-06T19:30:52.981-0500] {processor.py:183} INFO - Processing /Users/paulamedina/venv/lib/python3.12/site-packages/airflow/example_dags/example_bash_operator.py took 0.143 seconds
[2024-05-06T19:34:15.832-0500] {processor.py:161} INFO - Started process (PID=33538) to work on /Users/paulamedina/venv/lib/python3.12/site-packages/airflow/example_dags/example_bash_operator.py
[2024-05-06T19:34:15.832-0500] {processor.py:830} INFO - Processing file /Users/paulamedina/venv/lib/python3.12/site-packages/airflow/example_dags/example_bash_operator.py for tasks to queue
[2024-05-06T19:34:15.833-0500] {logging_mixin.py:188} INFO - [2024-05-06T19:34:15.833-0500] {dagbag.py:540} INFO - Filling up the DagBag from /Users/paulamedina/venv/lib/python3.12/site-packages/airflow/example_dags/example_bash_operator.py
[2024-05-06T19:34:15.843-0500] {processor.py:840} INFO - DAG(s) 'example_bash_operator' retrieved from /Users/paulamedina/venv/lib/python3.12/site-packages/airflow/example_dags/example_bash_operator.py
[2024-05-06T19:34:15.924-0500] {logging_mixin.py:188} INFO - [2024-05-06T19:34:15.924-0500] {dag.py:3096} INFO - Sync 1 DAGs
[2024-05-06T19:34:15.938-0500] {logging_mixin.py:188} INFO - [2024-05-06T19:34:15.937-0500] {dag.py:3954} INFO - Setting next_dagrun for example_bash_operator to 2024-05-06 00:00:00+00:00, run_after=2024-05-07 00:00:00+00:00
[2024-05-06T19:34:15.952-0500] {processor.py:183} INFO - Processing /Users/paulamedina/venv/lib/python3.12/site-packages/airflow/example_dags/example_bash_operator.py took 0.122 seconds
[2024-05-06T19:37:39.152-0500] {processor.py:161} INFO - Started process (PID=34350) to work on /Users/paulamedina/venv/lib/python3.12/site-packages/airflow/example_dags/example_bash_operator.py
[2024-05-06T19:37:39.153-0500] {processor.py:830} INFO - Processing file /Users/paulamedina/venv/lib/python3.12/site-packages/airflow/example_dags/example_bash_operator.py for tasks to queue
[2024-05-06T19:37:39.153-0500] {logging_mixin.py:188} INFO - [2024-05-06T19:37:39.153-0500] {dagbag.py:540} INFO - Filling up the DagBag from /Users/paulamedina/venv/lib/python3.12/site-packages/airflow/example_dags/example_bash_operator.py
[2024-05-06T19:37:39.164-0500] {processor.py:840} INFO - DAG(s) 'example_bash_operator' retrieved from /Users/paulamedina/venv/lib/python3.12/site-packages/airflow/example_dags/example_bash_operator.py
[2024-05-06T19:37:39.245-0500] {logging_mixin.py:188} INFO - [2024-05-06T19:37:39.245-0500] {dag.py:3096} INFO - Sync 1 DAGs
[2024-05-06T19:37:39.258-0500] {logging_mixin.py:188} INFO - [2024-05-06T19:37:39.258-0500] {dag.py:3954} INFO - Setting next_dagrun for example_bash_operator to 2024-05-06 00:00:00+00:00, run_after=2024-05-07 00:00:00+00:00
[2024-05-06T19:37:39.272-0500] {processor.py:183} INFO - Processing /Users/paulamedina/venv/lib/python3.12/site-packages/airflow/example_dags/example_bash_operator.py took 0.122 seconds
[2024-05-06T19:41:00.103-0500] {processor.py:161} INFO - Started process (PID=35060) to work on /Users/paulamedina/venv/lib/python3.12/site-packages/airflow/example_dags/example_bash_operator.py
[2024-05-06T19:41:00.103-0500] {processor.py:830} INFO - Processing file /Users/paulamedina/venv/lib/python3.12/site-packages/airflow/example_dags/example_bash_operator.py for tasks to queue
[2024-05-06T19:41:00.104-0500] {logging_mixin.py:188} INFO - [2024-05-06T19:41:00.104-0500] {dagbag.py:540} INFO - Filling up the DagBag from /Users/paulamedina/venv/lib/python3.12/site-packages/airflow/example_dags/example_bash_operator.py
[2024-05-06T19:41:00.114-0500] {processor.py:840} INFO - DAG(s) 'example_bash_operator' retrieved from /Users/paulamedina/venv/lib/python3.12/site-packages/airflow/example_dags/example_bash_operator.py
[2024-05-06T19:41:00.204-0500] {logging_mixin.py:188} INFO - [2024-05-06T19:41:00.203-0500] {dag.py:3096} INFO - Sync 1 DAGs
[2024-05-06T19:41:00.218-0500] {logging_mixin.py:188} INFO - [2024-05-06T19:41:00.218-0500] {dag.py:3954} INFO - Setting next_dagrun for example_bash_operator to 2024-05-06 00:00:00+00:00, run_after=2024-05-07 00:00:00+00:00
[2024-05-06T19:41:00.232-0500] {processor.py:183} INFO - Processing /Users/paulamedina/venv/lib/python3.12/site-packages/airflow/example_dags/example_bash_operator.py took 0.131 seconds
[2024-05-06T19:44:17.047-0500] {processor.py:161} INFO - Started process (PID=35767) to work on /Users/paulamedina/venv/lib/python3.12/site-packages/airflow/example_dags/example_bash_operator.py
[2024-05-06T19:44:17.048-0500] {processor.py:830} INFO - Processing file /Users/paulamedina/venv/lib/python3.12/site-packages/airflow/example_dags/example_bash_operator.py for tasks to queue
[2024-05-06T19:44:17.048-0500] {logging_mixin.py:188} INFO - [2024-05-06T19:44:17.048-0500] {dagbag.py:540} INFO - Filling up the DagBag from /Users/paulamedina/venv/lib/python3.12/site-packages/airflow/example_dags/example_bash_operator.py
[2024-05-06T19:44:17.061-0500] {processor.py:840} INFO - DAG(s) 'example_bash_operator' retrieved from /Users/paulamedina/venv/lib/python3.12/site-packages/airflow/example_dags/example_bash_operator.py
[2024-05-06T19:44:17.152-0500] {logging_mixin.py:188} INFO - [2024-05-06T19:44:17.151-0500] {dag.py:3096} INFO - Sync 1 DAGs
[2024-05-06T19:44:17.166-0500] {logging_mixin.py:188} INFO - [2024-05-06T19:44:17.166-0500] {dag.py:3954} INFO - Setting next_dagrun for example_bash_operator to 2024-05-06 00:00:00+00:00, run_after=2024-05-07 00:00:00+00:00
[2024-05-06T19:44:17.180-0500] {processor.py:183} INFO - Processing /Users/paulamedina/venv/lib/python3.12/site-packages/airflow/example_dags/example_bash_operator.py took 0.135 seconds
[2024-05-06T19:47:51.350-0500] {processor.py:161} INFO - Started process (PID=36520) to work on /Users/paulamedina/venv/lib/python3.12/site-packages/airflow/example_dags/example_bash_operator.py
[2024-05-06T19:47:51.351-0500] {processor.py:830} INFO - Processing file /Users/paulamedina/venv/lib/python3.12/site-packages/airflow/example_dags/example_bash_operator.py for tasks to queue
[2024-05-06T19:47:51.351-0500] {logging_mixin.py:188} INFO - [2024-05-06T19:47:51.351-0500] {dagbag.py:540} INFO - Filling up the DagBag from /Users/paulamedina/venv/lib/python3.12/site-packages/airflow/example_dags/example_bash_operator.py
[2024-05-06T19:47:51.362-0500] {processor.py:840} INFO - DAG(s) 'example_bash_operator' retrieved from /Users/paulamedina/venv/lib/python3.12/site-packages/airflow/example_dags/example_bash_operator.py
[2024-05-06T19:47:51.443-0500] {logging_mixin.py:188} INFO - [2024-05-06T19:47:51.443-0500] {dag.py:3096} INFO - Sync 1 DAGs
[2024-05-06T19:47:51.463-0500] {logging_mixin.py:188} INFO - [2024-05-06T19:47:51.463-0500] {dag.py:3954} INFO - Setting next_dagrun for example_bash_operator to 2024-05-06 00:00:00+00:00, run_after=2024-05-07 00:00:00+00:00
[2024-05-06T19:47:51.478-0500] {processor.py:183} INFO - Processing /Users/paulamedina/venv/lib/python3.12/site-packages/airflow/example_dags/example_bash_operator.py took 0.129 seconds
[2024-05-06T19:51:16.010-0500] {processor.py:161} INFO - Started process (PID=37352) to work on /Users/paulamedina/venv/lib/python3.12/site-packages/airflow/example_dags/example_bash_operator.py
[2024-05-06T19:51:16.010-0500] {processor.py:830} INFO - Processing file /Users/paulamedina/venv/lib/python3.12/site-packages/airflow/example_dags/example_bash_operator.py for tasks to queue
[2024-05-06T19:51:16.011-0500] {logging_mixin.py:188} INFO - [2024-05-06T19:51:16.011-0500] {dagbag.py:540} INFO - Filling up the DagBag from /Users/paulamedina/venv/lib/python3.12/site-packages/airflow/example_dags/example_bash_operator.py
[2024-05-06T19:51:16.022-0500] {processor.py:840} INFO - DAG(s) 'example_bash_operator' retrieved from /Users/paulamedina/venv/lib/python3.12/site-packages/airflow/example_dags/example_bash_operator.py
[2024-05-06T19:51:16.108-0500] {logging_mixin.py:188} INFO - [2024-05-06T19:51:16.108-0500] {dag.py:3096} INFO - Sync 1 DAGs
[2024-05-06T19:51:16.124-0500] {logging_mixin.py:188} INFO - [2024-05-06T19:51:16.123-0500] {dag.py:3954} INFO - Setting next_dagrun for example_bash_operator to 2024-05-06 00:00:00+00:00, run_after=2024-05-07 00:00:00+00:00
[2024-05-06T19:51:16.140-0500] {processor.py:183} INFO - Processing /Users/paulamedina/venv/lib/python3.12/site-packages/airflow/example_dags/example_bash_operator.py took 0.133 seconds
[2024-05-06T19:54:45.456-0500] {processor.py:161} INFO - Started process (PID=38087) to work on /Users/paulamedina/venv/lib/python3.12/site-packages/airflow/example_dags/example_bash_operator.py
[2024-05-06T19:54:45.457-0500] {processor.py:830} INFO - Processing file /Users/paulamedina/venv/lib/python3.12/site-packages/airflow/example_dags/example_bash_operator.py for tasks to queue
[2024-05-06T19:54:45.457-0500] {logging_mixin.py:188} INFO - [2024-05-06T19:54:45.457-0500] {dagbag.py:540} INFO - Filling up the DagBag from /Users/paulamedina/venv/lib/python3.12/site-packages/airflow/example_dags/example_bash_operator.py
[2024-05-06T19:54:45.468-0500] {processor.py:840} INFO - DAG(s) 'example_bash_operator' retrieved from /Users/paulamedina/venv/lib/python3.12/site-packages/airflow/example_dags/example_bash_operator.py
[2024-05-06T19:54:45.553-0500] {logging_mixin.py:188} INFO - [2024-05-06T19:54:45.553-0500] {dag.py:3096} INFO - Sync 1 DAGs
[2024-05-06T19:54:45.566-0500] {logging_mixin.py:188} INFO - [2024-05-06T19:54:45.566-0500] {dag.py:3954} INFO - Setting next_dagrun for example_bash_operator to 2024-05-06 00:00:00+00:00, run_after=2024-05-07 00:00:00+00:00
[2024-05-06T19:54:45.581-0500] {processor.py:183} INFO - Processing /Users/paulamedina/venv/lib/python3.12/site-packages/airflow/example_dags/example_bash_operator.py took 0.127 seconds
[2024-05-06T19:58:14.168-0500] {processor.py:161} INFO - Started process (PID=38823) to work on /Users/paulamedina/venv/lib/python3.12/site-packages/airflow/example_dags/example_bash_operator.py
[2024-05-06T19:58:14.175-0500] {processor.py:830} INFO - Processing file /Users/paulamedina/venv/lib/python3.12/site-packages/airflow/example_dags/example_bash_operator.py for tasks to queue
[2024-05-06T19:58:14.176-0500] {logging_mixin.py:188} INFO - [2024-05-06T19:58:14.176-0500] {dagbag.py:540} INFO - Filling up the DagBag from /Users/paulamedina/venv/lib/python3.12/site-packages/airflow/example_dags/example_bash_operator.py
[2024-05-06T19:58:14.191-0500] {processor.py:840} INFO - DAG(s) 'example_bash_operator' retrieved from /Users/paulamedina/venv/lib/python3.12/site-packages/airflow/example_dags/example_bash_operator.py
[2024-05-06T19:58:14.283-0500] {logging_mixin.py:188} INFO - [2024-05-06T19:58:14.283-0500] {dag.py:3096} INFO - Sync 1 DAGs
[2024-05-06T19:58:14.296-0500] {logging_mixin.py:188} INFO - [2024-05-06T19:58:14.296-0500] {dag.py:3954} INFO - Setting next_dagrun for example_bash_operator to 2024-05-06 00:00:00+00:00, run_after=2024-05-07 00:00:00+00:00
[2024-05-06T19:58:14.310-0500] {processor.py:183} INFO - Processing /Users/paulamedina/venv/lib/python3.12/site-packages/airflow/example_dags/example_bash_operator.py took 0.145 seconds
[2024-05-06T20:01:53.180-0500] {processor.py:161} INFO - Started process (PID=39637) to work on /Users/paulamedina/venv/lib/python3.12/site-packages/airflow/example_dags/example_bash_operator.py
[2024-05-06T20:01:53.181-0500] {processor.py:830} INFO - Processing file /Users/paulamedina/venv/lib/python3.12/site-packages/airflow/example_dags/example_bash_operator.py for tasks to queue
[2024-05-06T20:01:53.182-0500] {logging_mixin.py:188} INFO - [2024-05-06T20:01:53.182-0500] {dagbag.py:540} INFO - Filling up the DagBag from /Users/paulamedina/venv/lib/python3.12/site-packages/airflow/example_dags/example_bash_operator.py
[2024-05-06T20:01:53.192-0500] {processor.py:840} INFO - DAG(s) 'example_bash_operator' retrieved from /Users/paulamedina/venv/lib/python3.12/site-packages/airflow/example_dags/example_bash_operator.py
[2024-05-06T20:01:53.281-0500] {logging_mixin.py:188} INFO - [2024-05-06T20:01:53.281-0500] {dag.py:3096} INFO - Sync 1 DAGs
[2024-05-06T20:01:53.294-0500] {logging_mixin.py:188} INFO - [2024-05-06T20:01:53.294-0500] {dag.py:3954} INFO - Setting next_dagrun for example_bash_operator to 2024-05-06 00:00:00+00:00, run_after=2024-05-07 00:00:00+00:00
[2024-05-06T20:01:53.307-0500] {processor.py:183} INFO - Processing /Users/paulamedina/venv/lib/python3.12/site-packages/airflow/example_dags/example_bash_operator.py took 0.128 seconds
[2024-05-06T20:05:21.952-0500] {processor.py:161} INFO - Started process (PID=40389) to work on /Users/paulamedina/venv/lib/python3.12/site-packages/airflow/example_dags/example_bash_operator.py
[2024-05-06T20:05:21.953-0500] {processor.py:830} INFO - Processing file /Users/paulamedina/venv/lib/python3.12/site-packages/airflow/example_dags/example_bash_operator.py for tasks to queue
[2024-05-06T20:05:21.953-0500] {logging_mixin.py:188} INFO - [2024-05-06T20:05:21.953-0500] {dagbag.py:540} INFO - Filling up the DagBag from /Users/paulamedina/venv/lib/python3.12/site-packages/airflow/example_dags/example_bash_operator.py
[2024-05-06T20:05:21.964-0500] {processor.py:840} INFO - DAG(s) 'example_bash_operator' retrieved from /Users/paulamedina/venv/lib/python3.12/site-packages/airflow/example_dags/example_bash_operator.py
[2024-05-06T20:05:22.048-0500] {logging_mixin.py:188} INFO - [2024-05-06T20:05:22.048-0500] {dag.py:3096} INFO - Sync 1 DAGs
[2024-05-06T20:05:22.062-0500] {logging_mixin.py:188} INFO - [2024-05-06T20:05:22.062-0500] {dag.py:3954} INFO - Setting next_dagrun for example_bash_operator to 2024-05-06 00:00:00+00:00, run_after=2024-05-07 00:00:00+00:00
[2024-05-06T20:05:22.077-0500] {processor.py:183} INFO - Processing /Users/paulamedina/venv/lib/python3.12/site-packages/airflow/example_dags/example_bash_operator.py took 0.127 seconds
[2024-05-06T20:08:51.603-0500] {processor.py:161} INFO - Started process (PID=41137) to work on /Users/paulamedina/venv/lib/python3.12/site-packages/airflow/example_dags/example_bash_operator.py
[2024-05-06T20:08:51.603-0500] {processor.py:830} INFO - Processing file /Users/paulamedina/venv/lib/python3.12/site-packages/airflow/example_dags/example_bash_operator.py for tasks to queue
[2024-05-06T20:08:51.604-0500] {logging_mixin.py:188} INFO - [2024-05-06T20:08:51.604-0500] {dagbag.py:540} INFO - Filling up the DagBag from /Users/paulamedina/venv/lib/python3.12/site-packages/airflow/example_dags/example_bash_operator.py
[2024-05-06T20:08:51.614-0500] {processor.py:840} INFO - DAG(s) 'example_bash_operator' retrieved from /Users/paulamedina/venv/lib/python3.12/site-packages/airflow/example_dags/example_bash_operator.py
[2024-05-06T20:08:51.698-0500] {logging_mixin.py:188} INFO - [2024-05-06T20:08:51.698-0500] {dag.py:3096} INFO - Sync 1 DAGs
[2024-05-06T20:08:51.712-0500] {logging_mixin.py:188} INFO - [2024-05-06T20:08:51.711-0500] {dag.py:3954} INFO - Setting next_dagrun for example_bash_operator to 2024-05-06 00:00:00+00:00, run_after=2024-05-07 00:00:00+00:00
[2024-05-06T20:08:51.726-0500] {processor.py:183} INFO - Processing /Users/paulamedina/venv/lib/python3.12/site-packages/airflow/example_dags/example_bash_operator.py took 0.125 seconds
[2024-05-06T20:12:10.038-0500] {processor.py:161} INFO - Started process (PID=41933) to work on /Users/paulamedina/venv/lib/python3.12/site-packages/airflow/example_dags/example_bash_operator.py
[2024-05-06T20:12:10.038-0500] {processor.py:830} INFO - Processing file /Users/paulamedina/venv/lib/python3.12/site-packages/airflow/example_dags/example_bash_operator.py for tasks to queue
[2024-05-06T20:12:10.039-0500] {logging_mixin.py:188} INFO - [2024-05-06T20:12:10.039-0500] {dagbag.py:540} INFO - Filling up the DagBag from /Users/paulamedina/venv/lib/python3.12/site-packages/airflow/example_dags/example_bash_operator.py
[2024-05-06T20:12:10.049-0500] {processor.py:840} INFO - DAG(s) 'example_bash_operator' retrieved from /Users/paulamedina/venv/lib/python3.12/site-packages/airflow/example_dags/example_bash_operator.py
[2024-05-06T20:12:10.131-0500] {logging_mixin.py:188} INFO - [2024-05-06T20:12:10.131-0500] {dag.py:3096} INFO - Sync 1 DAGs
[2024-05-06T20:12:10.144-0500] {logging_mixin.py:188} INFO - [2024-05-06T20:12:10.144-0500] {dag.py:3954} INFO - Setting next_dagrun for example_bash_operator to 2024-05-06 00:00:00+00:00, run_after=2024-05-07 00:00:00+00:00
[2024-05-06T20:12:10.158-0500] {processor.py:183} INFO - Processing /Users/paulamedina/venv/lib/python3.12/site-packages/airflow/example_dags/example_bash_operator.py took 0.122 seconds
[2024-05-06T20:15:27.935-0500] {processor.py:161} INFO - Started process (PID=42628) to work on /Users/paulamedina/venv/lib/python3.12/site-packages/airflow/example_dags/example_bash_operator.py
[2024-05-06T20:15:27.935-0500] {processor.py:830} INFO - Processing file /Users/paulamedina/venv/lib/python3.12/site-packages/airflow/example_dags/example_bash_operator.py for tasks to queue
[2024-05-06T20:15:27.936-0500] {logging_mixin.py:188} INFO - [2024-05-06T20:15:27.936-0500] {dagbag.py:540} INFO - Filling up the DagBag from /Users/paulamedina/venv/lib/python3.12/site-packages/airflow/example_dags/example_bash_operator.py
[2024-05-06T20:15:27.946-0500] {processor.py:840} INFO - DAG(s) 'example_bash_operator' retrieved from /Users/paulamedina/venv/lib/python3.12/site-packages/airflow/example_dags/example_bash_operator.py
[2024-05-06T20:15:28.031-0500] {logging_mixin.py:188} INFO - [2024-05-06T20:15:28.031-0500] {dag.py:3096} INFO - Sync 1 DAGs
[2024-05-06T20:15:28.044-0500] {logging_mixin.py:188} INFO - [2024-05-06T20:15:28.044-0500] {dag.py:3954} INFO - Setting next_dagrun for example_bash_operator to 2024-05-06 00:00:00+00:00, run_after=2024-05-07 00:00:00+00:00
[2024-05-06T20:15:28.057-0500] {processor.py:183} INFO - Processing /Users/paulamedina/venv/lib/python3.12/site-packages/airflow/example_dags/example_bash_operator.py took 0.125 seconds
[2024-05-06T20:18:54.865-0500] {processor.py:161} INFO - Started process (PID=43367) to work on /Users/paulamedina/venv/lib/python3.12/site-packages/airflow/example_dags/example_bash_operator.py
[2024-05-06T20:18:54.866-0500] {processor.py:830} INFO - Processing file /Users/paulamedina/venv/lib/python3.12/site-packages/airflow/example_dags/example_bash_operator.py for tasks to queue
[2024-05-06T20:18:54.866-0500] {logging_mixin.py:188} INFO - [2024-05-06T20:18:54.866-0500] {dagbag.py:540} INFO - Filling up the DagBag from /Users/paulamedina/venv/lib/python3.12/site-packages/airflow/example_dags/example_bash_operator.py
[2024-05-06T20:18:54.877-0500] {processor.py:840} INFO - DAG(s) 'example_bash_operator' retrieved from /Users/paulamedina/venv/lib/python3.12/site-packages/airflow/example_dags/example_bash_operator.py
[2024-05-06T20:18:54.959-0500] {logging_mixin.py:188} INFO - [2024-05-06T20:18:54.959-0500] {dag.py:3096} INFO - Sync 1 DAGs
[2024-05-06T20:18:54.972-0500] {logging_mixin.py:188} INFO - [2024-05-06T20:18:54.972-0500] {dag.py:3954} INFO - Setting next_dagrun for example_bash_operator to 2024-05-06 00:00:00+00:00, run_after=2024-05-07 00:00:00+00:00
[2024-05-06T20:18:54.986-0500] {processor.py:183} INFO - Processing /Users/paulamedina/venv/lib/python3.12/site-packages/airflow/example_dags/example_bash_operator.py took 0.123 seconds
[2024-05-06T20:22:22.521-0500] {processor.py:161} INFO - Started process (PID=44102) to work on /Users/paulamedina/venv/lib/python3.12/site-packages/airflow/example_dags/example_bash_operator.py
[2024-05-06T20:22:22.522-0500] {processor.py:830} INFO - Processing file /Users/paulamedina/venv/lib/python3.12/site-packages/airflow/example_dags/example_bash_operator.py for tasks to queue
[2024-05-06T20:22:22.523-0500] {logging_mixin.py:188} INFO - [2024-05-06T20:22:22.522-0500] {dagbag.py:540} INFO - Filling up the DagBag from /Users/paulamedina/venv/lib/python3.12/site-packages/airflow/example_dags/example_bash_operator.py
[2024-05-06T20:22:22.535-0500] {processor.py:840} INFO - DAG(s) 'example_bash_operator' retrieved from /Users/paulamedina/venv/lib/python3.12/site-packages/airflow/example_dags/example_bash_operator.py
[2024-05-06T20:22:22.630-0500] {logging_mixin.py:188} INFO - [2024-05-06T20:22:22.630-0500] {dag.py:3096} INFO - Sync 1 DAGs
[2024-05-06T20:22:22.645-0500] {logging_mixin.py:188} INFO - [2024-05-06T20:22:22.645-0500] {dag.py:3954} INFO - Setting next_dagrun for example_bash_operator to 2024-05-06 00:00:00+00:00, run_after=2024-05-07 00:00:00+00:00
[2024-05-06T20:22:22.660-0500] {processor.py:183} INFO - Processing /Users/paulamedina/venv/lib/python3.12/site-packages/airflow/example_dags/example_bash_operator.py took 0.141 seconds
[2024-05-06T20:25:46.215-0500] {processor.py:161} INFO - Started process (PID=44821) to work on /Users/paulamedina/venv/lib/python3.12/site-packages/airflow/example_dags/example_bash_operator.py
[2024-05-06T20:25:46.215-0500] {processor.py:830} INFO - Processing file /Users/paulamedina/venv/lib/python3.12/site-packages/airflow/example_dags/example_bash_operator.py for tasks to queue
[2024-05-06T20:25:46.216-0500] {logging_mixin.py:188} INFO - [2024-05-06T20:25:46.216-0500] {dagbag.py:540} INFO - Filling up the DagBag from /Users/paulamedina/venv/lib/python3.12/site-packages/airflow/example_dags/example_bash_operator.py
[2024-05-06T20:25:46.226-0500] {processor.py:840} INFO - DAG(s) 'example_bash_operator' retrieved from /Users/paulamedina/venv/lib/python3.12/site-packages/airflow/example_dags/example_bash_operator.py
[2024-05-06T20:25:46.308-0500] {logging_mixin.py:188} INFO - [2024-05-06T20:25:46.308-0500] {dag.py:3096} INFO - Sync 1 DAGs
[2024-05-06T20:25:46.321-0500] {logging_mixin.py:188} INFO - [2024-05-06T20:25:46.321-0500] {dag.py:3954} INFO - Setting next_dagrun for example_bash_operator to 2024-05-06 00:00:00+00:00, run_after=2024-05-07 00:00:00+00:00
[2024-05-06T20:25:46.340-0500] {processor.py:183} INFO - Processing /Users/paulamedina/venv/lib/python3.12/site-packages/airflow/example_dags/example_bash_operator.py took 0.127 seconds
[2024-05-06T20:29:10.927-0500] {processor.py:161} INFO - Started process (PID=45643) to work on /Users/paulamedina/venv/lib/python3.12/site-packages/airflow/example_dags/example_bash_operator.py
[2024-05-06T20:29:10.927-0500] {processor.py:830} INFO - Processing file /Users/paulamedina/venv/lib/python3.12/site-packages/airflow/example_dags/example_bash_operator.py for tasks to queue
[2024-05-06T20:29:10.928-0500] {logging_mixin.py:188} INFO - [2024-05-06T20:29:10.928-0500] {dagbag.py:540} INFO - Filling up the DagBag from /Users/paulamedina/venv/lib/python3.12/site-packages/airflow/example_dags/example_bash_operator.py
[2024-05-06T20:29:10.939-0500] {processor.py:840} INFO - DAG(s) 'example_bash_operator' retrieved from /Users/paulamedina/venv/lib/python3.12/site-packages/airflow/example_dags/example_bash_operator.py
[2024-05-06T20:29:11.022-0500] {logging_mixin.py:188} INFO - [2024-05-06T20:29:11.022-0500] {dag.py:3096} INFO - Sync 1 DAGs
[2024-05-06T20:29:11.035-0500] {logging_mixin.py:188} INFO - [2024-05-06T20:29:11.035-0500] {dag.py:3954} INFO - Setting next_dagrun for example_bash_operator to 2024-05-06 00:00:00+00:00, run_after=2024-05-07 00:00:00+00:00
[2024-05-06T20:29:11.049-0500] {processor.py:183} INFO - Processing /Users/paulamedina/venv/lib/python3.12/site-packages/airflow/example_dags/example_bash_operator.py took 0.124 seconds
[2024-05-06T20:32:34.875-0500] {processor.py:161} INFO - Started process (PID=46378) to work on /Users/paulamedina/venv/lib/python3.12/site-packages/airflow/example_dags/example_bash_operator.py
[2024-05-06T20:32:34.876-0500] {processor.py:830} INFO - Processing file /Users/paulamedina/venv/lib/python3.12/site-packages/airflow/example_dags/example_bash_operator.py for tasks to queue
[2024-05-06T20:32:34.877-0500] {logging_mixin.py:188} INFO - [2024-05-06T20:32:34.876-0500] {dagbag.py:540} INFO - Filling up the DagBag from /Users/paulamedina/venv/lib/python3.12/site-packages/airflow/example_dags/example_bash_operator.py
[2024-05-06T20:32:34.889-0500] {processor.py:840} INFO - DAG(s) 'example_bash_operator' retrieved from /Users/paulamedina/venv/lib/python3.12/site-packages/airflow/example_dags/example_bash_operator.py
[2024-05-06T20:32:34.984-0500] {logging_mixin.py:188} INFO - [2024-05-06T20:32:34.984-0500] {dag.py:3096} INFO - Sync 1 DAGs
[2024-05-06T20:32:34.999-0500] {logging_mixin.py:188} INFO - [2024-05-06T20:32:34.999-0500] {dag.py:3954} INFO - Setting next_dagrun for example_bash_operator to 2024-05-06 00:00:00+00:00, run_after=2024-05-07 00:00:00+00:00
[2024-05-06T20:32:35.014-0500] {processor.py:183} INFO - Processing /Users/paulamedina/venv/lib/python3.12/site-packages/airflow/example_dags/example_bash_operator.py took 0.142 seconds
[2024-05-06T20:35:56.380-0500] {processor.py:161} INFO - Started process (PID=47097) to work on /Users/paulamedina/venv/lib/python3.12/site-packages/airflow/example_dags/example_bash_operator.py
[2024-05-06T20:35:56.381-0500] {processor.py:830} INFO - Processing file /Users/paulamedina/venv/lib/python3.12/site-packages/airflow/example_dags/example_bash_operator.py for tasks to queue
[2024-05-06T20:35:56.381-0500] {logging_mixin.py:188} INFO - [2024-05-06T20:35:56.381-0500] {dagbag.py:540} INFO - Filling up the DagBag from /Users/paulamedina/venv/lib/python3.12/site-packages/airflow/example_dags/example_bash_operator.py
[2024-05-06T20:35:56.392-0500] {processor.py:840} INFO - DAG(s) 'example_bash_operator' retrieved from /Users/paulamedina/venv/lib/python3.12/site-packages/airflow/example_dags/example_bash_operator.py
[2024-05-06T20:35:56.474-0500] {logging_mixin.py:188} INFO - [2024-05-06T20:35:56.474-0500] {dag.py:3096} INFO - Sync 1 DAGs
[2024-05-06T20:35:56.487-0500] {logging_mixin.py:188} INFO - [2024-05-06T20:35:56.487-0500] {dag.py:3954} INFO - Setting next_dagrun for example_bash_operator to 2024-05-06 00:00:00+00:00, run_after=2024-05-07 00:00:00+00:00
[2024-05-06T20:35:56.501-0500] {processor.py:183} INFO - Processing /Users/paulamedina/venv/lib/python3.12/site-packages/airflow/example_dags/example_bash_operator.py took 0.124 seconds
[2024-05-06T20:39:15.146-0500] {processor.py:161} INFO - Started process (PID=47807) to work on /Users/paulamedina/venv/lib/python3.12/site-packages/airflow/example_dags/example_bash_operator.py
[2024-05-06T20:39:15.147-0500] {processor.py:830} INFO - Processing file /Users/paulamedina/venv/lib/python3.12/site-packages/airflow/example_dags/example_bash_operator.py for tasks to queue
[2024-05-06T20:39:15.147-0500] {logging_mixin.py:188} INFO - [2024-05-06T20:39:15.147-0500] {dagbag.py:540} INFO - Filling up the DagBag from /Users/paulamedina/venv/lib/python3.12/site-packages/airflow/example_dags/example_bash_operator.py
[2024-05-06T20:39:15.159-0500] {processor.py:840} INFO - DAG(s) 'example_bash_operator' retrieved from /Users/paulamedina/venv/lib/python3.12/site-packages/airflow/example_dags/example_bash_operator.py
[2024-05-06T20:39:15.255-0500] {logging_mixin.py:188} INFO - [2024-05-06T20:39:15.255-0500] {dag.py:3096} INFO - Sync 1 DAGs
[2024-05-06T20:39:15.270-0500] {logging_mixin.py:188} INFO - [2024-05-06T20:39:15.270-0500] {dag.py:3954} INFO - Setting next_dagrun for example_bash_operator to 2024-05-06 00:00:00+00:00, run_after=2024-05-07 00:00:00+00:00
[2024-05-06T20:39:15.286-0500] {processor.py:183} INFO - Processing /Users/paulamedina/venv/lib/python3.12/site-packages/airflow/example_dags/example_bash_operator.py took 0.142 seconds
[2024-05-06T20:42:44.019-0500] {processor.py:161} INFO - Started process (PID=48544) to work on /Users/paulamedina/venv/lib/python3.12/site-packages/airflow/example_dags/example_bash_operator.py
[2024-05-06T20:42:44.020-0500] {processor.py:830} INFO - Processing file /Users/paulamedina/venv/lib/python3.12/site-packages/airflow/example_dags/example_bash_operator.py for tasks to queue
[2024-05-06T20:42:44.020-0500] {logging_mixin.py:188} INFO - [2024-05-06T20:42:44.020-0500] {dagbag.py:540} INFO - Filling up the DagBag from /Users/paulamedina/venv/lib/python3.12/site-packages/airflow/example_dags/example_bash_operator.py
[2024-05-06T20:42:44.032-0500] {processor.py:840} INFO - DAG(s) 'example_bash_operator' retrieved from /Users/paulamedina/venv/lib/python3.12/site-packages/airflow/example_dags/example_bash_operator.py
[2024-05-06T20:42:44.127-0500] {logging_mixin.py:188} INFO - [2024-05-06T20:42:44.127-0500] {dag.py:3096} INFO - Sync 1 DAGs
[2024-05-06T20:42:44.142-0500] {logging_mixin.py:188} INFO - [2024-05-06T20:42:44.142-0500] {dag.py:3954} INFO - Setting next_dagrun for example_bash_operator to 2024-05-06 00:00:00+00:00, run_after=2024-05-07 00:00:00+00:00
[2024-05-06T20:42:44.159-0500] {processor.py:183} INFO - Processing /Users/paulamedina/venv/lib/python3.12/site-packages/airflow/example_dags/example_bash_operator.py took 0.142 seconds
[2024-05-06T20:46:08.939-0500] {processor.py:161} INFO - Started process (PID=49270) to work on /Users/paulamedina/venv/lib/python3.12/site-packages/airflow/example_dags/example_bash_operator.py
[2024-05-06T20:46:08.940-0500] {processor.py:830} INFO - Processing file /Users/paulamedina/venv/lib/python3.12/site-packages/airflow/example_dags/example_bash_operator.py for tasks to queue
[2024-05-06T20:46:08.940-0500] {logging_mixin.py:188} INFO - [2024-05-06T20:46:08.940-0500] {dagbag.py:540} INFO - Filling up the DagBag from /Users/paulamedina/venv/lib/python3.12/site-packages/airflow/example_dags/example_bash_operator.py
[2024-05-06T20:46:08.950-0500] {processor.py:840} INFO - DAG(s) 'example_bash_operator' retrieved from /Users/paulamedina/venv/lib/python3.12/site-packages/airflow/example_dags/example_bash_operator.py
[2024-05-06T20:46:09.034-0500] {logging_mixin.py:188} INFO - [2024-05-06T20:46:09.034-0500] {dag.py:3096} INFO - Sync 1 DAGs
[2024-05-06T20:46:09.047-0500] {logging_mixin.py:188} INFO - [2024-05-06T20:46:09.047-0500] {dag.py:3954} INFO - Setting next_dagrun for example_bash_operator to 2024-05-06 00:00:00+00:00, run_after=2024-05-07 00:00:00+00:00
[2024-05-06T20:46:09.062-0500] {processor.py:183} INFO - Processing /Users/paulamedina/venv/lib/python3.12/site-packages/airflow/example_dags/example_bash_operator.py took 0.125 seconds
[2024-05-06T20:49:39.761-0500] {processor.py:161} INFO - Started process (PID=50113) to work on /Users/paulamedina/venv/lib/python3.12/site-packages/airflow/example_dags/example_bash_operator.py
[2024-05-06T20:49:39.762-0500] {processor.py:830} INFO - Processing file /Users/paulamedina/venv/lib/python3.12/site-packages/airflow/example_dags/example_bash_operator.py for tasks to queue
[2024-05-06T20:49:39.762-0500] {logging_mixin.py:188} INFO - [2024-05-06T20:49:39.762-0500] {dagbag.py:540} INFO - Filling up the DagBag from /Users/paulamedina/venv/lib/python3.12/site-packages/airflow/example_dags/example_bash_operator.py
[2024-05-06T20:49:39.775-0500] {processor.py:840} INFO - DAG(s) 'example_bash_operator' retrieved from /Users/paulamedina/venv/lib/python3.12/site-packages/airflow/example_dags/example_bash_operator.py
[2024-05-06T20:49:39.863-0500] {logging_mixin.py:188} INFO - [2024-05-06T20:49:39.863-0500] {dag.py:3096} INFO - Sync 1 DAGs
[2024-05-06T20:49:39.876-0500] {logging_mixin.py:188} INFO - [2024-05-06T20:49:39.876-0500] {dag.py:3954} INFO - Setting next_dagrun for example_bash_operator to 2024-05-06 00:00:00+00:00, run_after=2024-05-07 00:00:00+00:00
[2024-05-06T20:49:39.890-0500] {processor.py:183} INFO - Processing /Users/paulamedina/venv/lib/python3.12/site-packages/airflow/example_dags/example_bash_operator.py took 0.132 seconds
[2024-05-06T20:53:10.679-0500] {processor.py:161} INFO - Started process (PID=50851) to work on /Users/paulamedina/venv/lib/python3.12/site-packages/airflow/example_dags/example_bash_operator.py
[2024-05-06T20:53:10.680-0500] {processor.py:830} INFO - Processing file /Users/paulamedina/venv/lib/python3.12/site-packages/airflow/example_dags/example_bash_operator.py for tasks to queue
[2024-05-06T20:53:10.680-0500] {logging_mixin.py:188} INFO - [2024-05-06T20:53:10.680-0500] {dagbag.py:540} INFO - Filling up the DagBag from /Users/paulamedina/venv/lib/python3.12/site-packages/airflow/example_dags/example_bash_operator.py
[2024-05-06T20:53:10.692-0500] {processor.py:840} INFO - DAG(s) 'example_bash_operator' retrieved from /Users/paulamedina/venv/lib/python3.12/site-packages/airflow/example_dags/example_bash_operator.py
[2024-05-06T20:53:10.775-0500] {logging_mixin.py:188} INFO - [2024-05-06T20:53:10.775-0500] {dag.py:3096} INFO - Sync 1 DAGs
[2024-05-06T20:53:10.788-0500] {logging_mixin.py:188} INFO - [2024-05-06T20:53:10.788-0500] {dag.py:3954} INFO - Setting next_dagrun for example_bash_operator to 2024-05-06 00:00:00+00:00, run_after=2024-05-07 00:00:00+00:00
[2024-05-06T20:53:10.802-0500] {processor.py:183} INFO - Processing /Users/paulamedina/venv/lib/python3.12/site-packages/airflow/example_dags/example_bash_operator.py took 0.125 seconds
[2024-05-06T20:56:36.320-0500] {processor.py:161} INFO - Started process (PID=51587) to work on /Users/paulamedina/venv/lib/python3.12/site-packages/airflow/example_dags/example_bash_operator.py
[2024-05-06T20:56:36.321-0500] {processor.py:830} INFO - Processing file /Users/paulamedina/venv/lib/python3.12/site-packages/airflow/example_dags/example_bash_operator.py for tasks to queue
[2024-05-06T20:56:36.321-0500] {logging_mixin.py:188} INFO - [2024-05-06T20:56:36.321-0500] {dagbag.py:540} INFO - Filling up the DagBag from /Users/paulamedina/venv/lib/python3.12/site-packages/airflow/example_dags/example_bash_operator.py
[2024-05-06T20:56:36.334-0500] {processor.py:840} INFO - DAG(s) 'example_bash_operator' retrieved from /Users/paulamedina/venv/lib/python3.12/site-packages/airflow/example_dags/example_bash_operator.py
[2024-05-06T20:56:36.429-0500] {logging_mixin.py:188} INFO - [2024-05-06T20:56:36.429-0500] {dag.py:3096} INFO - Sync 1 DAGs
[2024-05-06T20:56:36.444-0500] {logging_mixin.py:188} INFO - [2024-05-06T20:56:36.444-0500] {dag.py:3954} INFO - Setting next_dagrun for example_bash_operator to 2024-05-06 00:00:00+00:00, run_after=2024-05-07 00:00:00+00:00
[2024-05-06T20:56:36.461-0500] {processor.py:183} INFO - Processing /Users/paulamedina/venv/lib/python3.12/site-packages/airflow/example_dags/example_bash_operator.py took 0.143 seconds
[2024-05-06T21:00:12.678-0500] {processor.py:161} INFO - Started process (PID=52365) to work on /Users/paulamedina/venv/lib/python3.12/site-packages/airflow/example_dags/example_bash_operator.py
[2024-05-06T21:00:12.680-0500] {processor.py:830} INFO - Processing file /Users/paulamedina/venv/lib/python3.12/site-packages/airflow/example_dags/example_bash_operator.py for tasks to queue
[2024-05-06T21:00:12.680-0500] {logging_mixin.py:188} INFO - [2024-05-06T21:00:12.680-0500] {dagbag.py:540} INFO - Filling up the DagBag from /Users/paulamedina/venv/lib/python3.12/site-packages/airflow/example_dags/example_bash_operator.py
[2024-05-06T21:00:12.696-0500] {processor.py:840} INFO - DAG(s) 'example_bash_operator' retrieved from /Users/paulamedina/venv/lib/python3.12/site-packages/airflow/example_dags/example_bash_operator.py
[2024-05-06T21:00:12.817-0500] {logging_mixin.py:188} INFO - [2024-05-06T21:00:12.817-0500] {dag.py:3096} INFO - Sync 1 DAGs
[2024-05-06T21:00:12.837-0500] {logging_mixin.py:188} INFO - [2024-05-06T21:00:12.837-0500] {dag.py:3954} INFO - Setting next_dagrun for example_bash_operator to 2024-05-06 00:00:00+00:00, run_after=2024-05-07 00:00:00+00:00
[2024-05-06T21:00:12.857-0500] {processor.py:183} INFO - Processing /Users/paulamedina/venv/lib/python3.12/site-packages/airflow/example_dags/example_bash_operator.py took 0.181 seconds
[2024-05-06T21:03:59.452-0500] {processor.py:161} INFO - Started process (PID=53278) to work on /Users/paulamedina/venv/lib/python3.12/site-packages/airflow/example_dags/example_bash_operator.py
[2024-05-06T21:03:59.453-0500] {processor.py:830} INFO - Processing file /Users/paulamedina/venv/lib/python3.12/site-packages/airflow/example_dags/example_bash_operator.py for tasks to queue
[2024-05-06T21:03:59.454-0500] {logging_mixin.py:188} INFO - [2024-05-06T21:03:59.453-0500] {dagbag.py:540} INFO - Filling up the DagBag from /Users/paulamedina/venv/lib/python3.12/site-packages/airflow/example_dags/example_bash_operator.py
[2024-05-06T21:03:59.464-0500] {processor.py:840} INFO - DAG(s) 'example_bash_operator' retrieved from /Users/paulamedina/venv/lib/python3.12/site-packages/airflow/example_dags/example_bash_operator.py
[2024-05-06T21:03:59.547-0500] {logging_mixin.py:188} INFO - [2024-05-06T21:03:59.546-0500] {dag.py:3096} INFO - Sync 1 DAGs
[2024-05-06T21:03:59.560-0500] {logging_mixin.py:188} INFO - [2024-05-06T21:03:59.560-0500] {dag.py:3954} INFO - Setting next_dagrun for example_bash_operator to 2024-05-06 00:00:00+00:00, run_after=2024-05-07 00:00:00+00:00
[2024-05-06T21:03:59.579-0500] {processor.py:183} INFO - Processing /Users/paulamedina/venv/lib/python3.12/site-packages/airflow/example_dags/example_bash_operator.py took 0.129 seconds
[2024-05-06T21:07:22.428-0500] {processor.py:161} INFO - Started process (PID=54086) to work on /Users/paulamedina/venv/lib/python3.12/site-packages/airflow/example_dags/example_bash_operator.py
[2024-05-06T21:07:22.429-0500] {processor.py:830} INFO - Processing file /Users/paulamedina/venv/lib/python3.12/site-packages/airflow/example_dags/example_bash_operator.py for tasks to queue
[2024-05-06T21:07:22.429-0500] {logging_mixin.py:188} INFO - [2024-05-06T21:07:22.429-0500] {dagbag.py:540} INFO - Filling up the DagBag from /Users/paulamedina/venv/lib/python3.12/site-packages/airflow/example_dags/example_bash_operator.py
[2024-05-06T21:07:22.442-0500] {processor.py:840} INFO - DAG(s) 'example_bash_operator' retrieved from /Users/paulamedina/venv/lib/python3.12/site-packages/airflow/example_dags/example_bash_operator.py
[2024-05-06T21:07:22.536-0500] {logging_mixin.py:188} INFO - [2024-05-06T21:07:22.536-0500] {dag.py:3096} INFO - Sync 1 DAGs
[2024-05-06T21:07:22.550-0500] {logging_mixin.py:188} INFO - [2024-05-06T21:07:22.549-0500] {dag.py:3954} INFO - Setting next_dagrun for example_bash_operator to 2024-05-06 00:00:00+00:00, run_after=2024-05-07 00:00:00+00:00
[2024-05-06T21:07:22.565-0500] {processor.py:183} INFO - Processing /Users/paulamedina/venv/lib/python3.12/site-packages/airflow/example_dags/example_bash_operator.py took 0.139 seconds
[2024-05-06T21:10:47.196-0500] {processor.py:161} INFO - Started process (PID=54814) to work on /Users/paulamedina/venv/lib/python3.12/site-packages/airflow/example_dags/example_bash_operator.py
[2024-05-06T21:10:47.197-0500] {processor.py:830} INFO - Processing file /Users/paulamedina/venv/lib/python3.12/site-packages/airflow/example_dags/example_bash_operator.py for tasks to queue
[2024-05-06T21:10:47.198-0500] {logging_mixin.py:188} INFO - [2024-05-06T21:10:47.198-0500] {dagbag.py:540} INFO - Filling up the DagBag from /Users/paulamedina/venv/lib/python3.12/site-packages/airflow/example_dags/example_bash_operator.py
[2024-05-06T21:10:47.210-0500] {processor.py:840} INFO - DAG(s) 'example_bash_operator' retrieved from /Users/paulamedina/venv/lib/python3.12/site-packages/airflow/example_dags/example_bash_operator.py
[2024-05-06T21:10:47.305-0500] {logging_mixin.py:188} INFO - [2024-05-06T21:10:47.304-0500] {dag.py:3096} INFO - Sync 1 DAGs
[2024-05-06T21:10:47.320-0500] {logging_mixin.py:188} INFO - [2024-05-06T21:10:47.319-0500] {dag.py:3954} INFO - Setting next_dagrun for example_bash_operator to 2024-05-06 00:00:00+00:00, run_after=2024-05-07 00:00:00+00:00
[2024-05-06T21:10:47.336-0500] {processor.py:183} INFO - Processing /Users/paulamedina/venv/lib/python3.12/site-packages/airflow/example_dags/example_bash_operator.py took 0.141 seconds
[2024-05-06T21:14:11.976-0500] {processor.py:161} INFO - Started process (PID=55532) to work on /Users/paulamedina/venv/lib/python3.12/site-packages/airflow/example_dags/example_bash_operator.py
[2024-05-06T21:14:11.977-0500] {processor.py:830} INFO - Processing file /Users/paulamedina/venv/lib/python3.12/site-packages/airflow/example_dags/example_bash_operator.py for tasks to queue
[2024-05-06T21:14:11.977-0500] {logging_mixin.py:188} INFO - [2024-05-06T21:14:11.977-0500] {dagbag.py:540} INFO - Filling up the DagBag from /Users/paulamedina/venv/lib/python3.12/site-packages/airflow/example_dags/example_bash_operator.py
[2024-05-06T21:14:11.988-0500] {processor.py:840} INFO - DAG(s) 'example_bash_operator' retrieved from /Users/paulamedina/venv/lib/python3.12/site-packages/airflow/example_dags/example_bash_operator.py
[2024-05-06T21:14:12.071-0500] {logging_mixin.py:188} INFO - [2024-05-06T21:14:12.071-0500] {dag.py:3096} INFO - Sync 1 DAGs
[2024-05-06T21:14:12.085-0500] {logging_mixin.py:188} INFO - [2024-05-06T21:14:12.084-0500] {dag.py:3954} INFO - Setting next_dagrun for example_bash_operator to 2024-05-06 00:00:00+00:00, run_after=2024-05-07 00:00:00+00:00
[2024-05-06T21:14:12.100-0500] {processor.py:183} INFO - Processing /Users/paulamedina/venv/lib/python3.12/site-packages/airflow/example_dags/example_bash_operator.py took 0.126 seconds
[2024-05-06T21:17:41.798-0500] {processor.py:161} INFO - Started process (PID=56272) to work on /Users/paulamedina/venv/lib/python3.12/site-packages/airflow/example_dags/example_bash_operator.py
[2024-05-06T21:17:41.799-0500] {processor.py:830} INFO - Processing file /Users/paulamedina/venv/lib/python3.12/site-packages/airflow/example_dags/example_bash_operator.py for tasks to queue
[2024-05-06T21:17:41.800-0500] {logging_mixin.py:188} INFO - [2024-05-06T21:17:41.800-0500] {dagbag.py:540} INFO - Filling up the DagBag from /Users/paulamedina/venv/lib/python3.12/site-packages/airflow/example_dags/example_bash_operator.py
[2024-05-06T21:17:41.810-0500] {processor.py:840} INFO - DAG(s) 'example_bash_operator' retrieved from /Users/paulamedina/venv/lib/python3.12/site-packages/airflow/example_dags/example_bash_operator.py
[2024-05-06T21:17:41.893-0500] {logging_mixin.py:188} INFO - [2024-05-06T21:17:41.893-0500] {dag.py:3096} INFO - Sync 1 DAGs
[2024-05-06T21:17:41.906-0500] {logging_mixin.py:188} INFO - [2024-05-06T21:17:41.906-0500] {dag.py:3954} INFO - Setting next_dagrun for example_bash_operator to 2024-05-06 00:00:00+00:00, run_after=2024-05-07 00:00:00+00:00
[2024-05-06T21:17:41.921-0500] {processor.py:183} INFO - Processing /Users/paulamedina/venv/lib/python3.12/site-packages/airflow/example_dags/example_bash_operator.py took 0.124 seconds
[2024-05-06T21:21:13.721-0500] {processor.py:161} INFO - Started process (PID=57117) to work on /Users/paulamedina/venv/lib/python3.12/site-packages/airflow/example_dags/example_bash_operator.py
[2024-05-06T21:21:13.721-0500] {processor.py:830} INFO - Processing file /Users/paulamedina/venv/lib/python3.12/site-packages/airflow/example_dags/example_bash_operator.py for tasks to queue
[2024-05-06T21:21:13.722-0500] {logging_mixin.py:188} INFO - [2024-05-06T21:21:13.722-0500] {dagbag.py:540} INFO - Filling up the DagBag from /Users/paulamedina/venv/lib/python3.12/site-packages/airflow/example_dags/example_bash_operator.py
[2024-05-06T21:21:13.734-0500] {processor.py:840} INFO - DAG(s) 'example_bash_operator' retrieved from /Users/paulamedina/venv/lib/python3.12/site-packages/airflow/example_dags/example_bash_operator.py
[2024-05-06T21:21:13.829-0500] {logging_mixin.py:188} INFO - [2024-05-06T21:21:13.829-0500] {dag.py:3096} INFO - Sync 1 DAGs
[2024-05-06T21:21:13.845-0500] {logging_mixin.py:188} INFO - [2024-05-06T21:21:13.844-0500] {dag.py:3954} INFO - Setting next_dagrun for example_bash_operator to 2024-05-06 00:00:00+00:00, run_after=2024-05-07 00:00:00+00:00
[2024-05-06T21:21:13.861-0500] {processor.py:183} INFO - Processing /Users/paulamedina/venv/lib/python3.12/site-packages/airflow/example_dags/example_bash_operator.py took 0.142 seconds
[2024-05-06T21:24:44.033-0500] {processor.py:161} INFO - Started process (PID=57848) to work on /Users/paulamedina/venv/lib/python3.12/site-packages/airflow/example_dags/example_bash_operator.py
[2024-05-06T21:24:44.034-0500] {processor.py:830} INFO - Processing file /Users/paulamedina/venv/lib/python3.12/site-packages/airflow/example_dags/example_bash_operator.py for tasks to queue
[2024-05-06T21:24:44.035-0500] {logging_mixin.py:188} INFO - [2024-05-06T21:24:44.035-0500] {dagbag.py:540} INFO - Filling up the DagBag from /Users/paulamedina/venv/lib/python3.12/site-packages/airflow/example_dags/example_bash_operator.py
[2024-05-06T21:24:44.048-0500] {processor.py:840} INFO - DAG(s) 'example_bash_operator' retrieved from /Users/paulamedina/venv/lib/python3.12/site-packages/airflow/example_dags/example_bash_operator.py
[2024-05-06T21:24:44.143-0500] {logging_mixin.py:188} INFO - [2024-05-06T21:24:44.143-0500] {dag.py:3096} INFO - Sync 1 DAGs
[2024-05-06T21:24:44.159-0500] {logging_mixin.py:188} INFO - [2024-05-06T21:24:44.159-0500] {dag.py:3954} INFO - Setting next_dagrun for example_bash_operator to 2024-05-06 00:00:00+00:00, run_after=2024-05-07 00:00:00+00:00
[2024-05-06T21:24:44.175-0500] {processor.py:183} INFO - Processing /Users/paulamedina/venv/lib/python3.12/site-packages/airflow/example_dags/example_bash_operator.py took 0.144 seconds
[2024-05-06T21:28:15.503-0500] {processor.py:161} INFO - Started process (PID=58601) to work on /Users/paulamedina/venv/lib/python3.12/site-packages/airflow/example_dags/example_bash_operator.py
[2024-05-06T21:28:15.504-0500] {processor.py:830} INFO - Processing file /Users/paulamedina/venv/lib/python3.12/site-packages/airflow/example_dags/example_bash_operator.py for tasks to queue
[2024-05-06T21:28:15.504-0500] {logging_mixin.py:188} INFO - [2024-05-06T21:28:15.504-0500] {dagbag.py:540} INFO - Filling up the DagBag from /Users/paulamedina/venv/lib/python3.12/site-packages/airflow/example_dags/example_bash_operator.py
[2024-05-06T21:28:15.515-0500] {processor.py:840} INFO - DAG(s) 'example_bash_operator' retrieved from /Users/paulamedina/venv/lib/python3.12/site-packages/airflow/example_dags/example_bash_operator.py
[2024-05-06T21:28:15.599-0500] {logging_mixin.py:188} INFO - [2024-05-06T21:28:15.598-0500] {dag.py:3096} INFO - Sync 1 DAGs
[2024-05-06T21:28:15.612-0500] {logging_mixin.py:188} INFO - [2024-05-06T21:28:15.612-0500] {dag.py:3954} INFO - Setting next_dagrun for example_bash_operator to 2024-05-06 00:00:00+00:00, run_after=2024-05-07 00:00:00+00:00
[2024-05-06T21:28:15.625-0500] {processor.py:183} INFO - Processing /Users/paulamedina/venv/lib/python3.12/site-packages/airflow/example_dags/example_bash_operator.py took 0.124 seconds
[2024-05-06T21:32:30.025-0500] {processor.py:161} INFO - Started process (PID=59529) to work on /Users/paulamedina/venv/lib/python3.12/site-packages/airflow/example_dags/example_bash_operator.py
[2024-05-06T21:32:30.026-0500] {processor.py:830} INFO - Processing file /Users/paulamedina/venv/lib/python3.12/site-packages/airflow/example_dags/example_bash_operator.py for tasks to queue
[2024-05-06T21:32:30.027-0500] {logging_mixin.py:188} INFO - [2024-05-06T21:32:30.027-0500] {dagbag.py:540} INFO - Filling up the DagBag from /Users/paulamedina/venv/lib/python3.12/site-packages/airflow/example_dags/example_bash_operator.py
[2024-05-06T21:32:30.037-0500] {processor.py:840} INFO - DAG(s) 'example_bash_operator' retrieved from /Users/paulamedina/venv/lib/python3.12/site-packages/airflow/example_dags/example_bash_operator.py
[2024-05-06T21:32:30.120-0500] {logging_mixin.py:188} INFO - [2024-05-06T21:32:30.120-0500] {dag.py:3096} INFO - Sync 1 DAGs
[2024-05-06T21:32:30.134-0500] {logging_mixin.py:188} INFO - [2024-05-06T21:32:30.134-0500] {dag.py:3954} INFO - Setting next_dagrun for example_bash_operator to 2024-05-06 00:00:00+00:00, run_after=2024-05-07 00:00:00+00:00
[2024-05-06T21:32:30.147-0500] {processor.py:183} INFO - Processing /Users/paulamedina/venv/lib/python3.12/site-packages/airflow/example_dags/example_bash_operator.py took 0.124 seconds
[2024-05-06T21:44:02.122-0500] {processor.py:161} INFO - Started process (PID=62126) to work on /Users/paulamedina/venv/lib/python3.12/site-packages/airflow/example_dags/example_bash_operator.py
[2024-05-06T21:44:02.123-0500] {processor.py:830} INFO - Processing file /Users/paulamedina/venv/lib/python3.12/site-packages/airflow/example_dags/example_bash_operator.py for tasks to queue
[2024-05-06T21:44:02.124-0500] {logging_mixin.py:188} INFO - [2024-05-06T21:44:02.124-0500] {dagbag.py:540} INFO - Filling up the DagBag from /Users/paulamedina/venv/lib/python3.12/site-packages/airflow/example_dags/example_bash_operator.py
[2024-05-06T21:44:02.140-0500] {processor.py:840} INFO - DAG(s) 'example_bash_operator' retrieved from /Users/paulamedina/venv/lib/python3.12/site-packages/airflow/example_dags/example_bash_operator.py
[2024-05-06T21:44:02.475-0500] {logging_mixin.py:188} INFO - [2024-05-06T21:44:02.474-0500] {override.py:1829} INFO - Created Permission View: can edit on DAG:example_bash_operator
[2024-05-06T21:44:02.517-0500] {logging_mixin.py:188} INFO - [2024-05-06T21:44:02.517-0500] {override.py:1829} INFO - Created Permission View: can delete on DAG:example_bash_operator
[2024-05-06T21:44:02.525-0500] {logging_mixin.py:188} INFO - [2024-05-06T21:44:02.525-0500] {override.py:1829} INFO - Created Permission View: can read on DAG:example_bash_operator
[2024-05-06T21:44:02.526-0500] {logging_mixin.py:188} INFO - [2024-05-06T21:44:02.525-0500] {dag.py:3096} INFO - Sync 1 DAGs
[2024-05-06T21:44:02.536-0500] {logging_mixin.py:188} INFO - [2024-05-06T21:44:02.536-0500] {dag.py:3118} INFO - Creating ORM DAG for example_bash_operator
[2024-05-06T21:44:02.546-0500] {logging_mixin.py:188} INFO - [2024-05-06T21:44:02.545-0500] {dag.py:3954} INFO - Setting next_dagrun for example_bash_operator to 2024-05-06 00:00:00+00:00, run_after=2024-05-07 00:00:00+00:00
[2024-05-06T21:44:02.615-0500] {processor.py:183} INFO - Processing /Users/paulamedina/venv/lib/python3.12/site-packages/airflow/example_dags/example_bash_operator.py took 0.496 seconds
[2024-05-06T21:45:15.690-0500] {processor.py:161} INFO - Started process (PID=62422) to work on /Users/paulamedina/venv/lib/python3.12/site-packages/airflow/example_dags/example_bash_operator.py
[2024-05-06T21:45:15.691-0500] {processor.py:830} INFO - Processing file /Users/paulamedina/venv/lib/python3.12/site-packages/airflow/example_dags/example_bash_operator.py for tasks to queue
[2024-05-06T21:45:15.693-0500] {logging_mixin.py:188} INFO - [2024-05-06T21:45:15.692-0500] {dagbag.py:540} INFO - Filling up the DagBag from /Users/paulamedina/venv/lib/python3.12/site-packages/airflow/example_dags/example_bash_operator.py
[2024-05-06T21:45:15.716-0500] {processor.py:840} INFO - DAG(s) 'example_bash_operator' retrieved from /Users/paulamedina/venv/lib/python3.12/site-packages/airflow/example_dags/example_bash_operator.py
[2024-05-06T21:45:15.875-0500] {logging_mixin.py:188} INFO - [2024-05-06T21:45:15.875-0500] {dag.py:3096} INFO - Sync 1 DAGs
[2024-05-06T21:45:15.901-0500] {logging_mixin.py:188} INFO - [2024-05-06T21:45:15.900-0500] {dag.py:3954} INFO - Setting next_dagrun for example_bash_operator to 2024-05-06 00:00:00+00:00, run_after=2024-05-07 00:00:00+00:00
[2024-05-06T21:45:15.923-0500] {processor.py:183} INFO - Processing /Users/paulamedina/venv/lib/python3.12/site-packages/airflow/example_dags/example_bash_operator.py took 0.238 seconds
[2024-05-06T21:46:14.696-0500] {processor.py:161} INFO - Started process (PID=62667) to work on /Users/paulamedina/venv/lib/python3.12/site-packages/airflow/example_dags/example_bash_operator.py
[2024-05-06T21:46:14.697-0500] {processor.py:830} INFO - Processing file /Users/paulamedina/venv/lib/python3.12/site-packages/airflow/example_dags/example_bash_operator.py for tasks to queue
[2024-05-06T21:46:14.698-0500] {logging_mixin.py:188} INFO - [2024-05-06T21:46:14.698-0500] {dagbag.py:540} INFO - Filling up the DagBag from /Users/paulamedina/venv/lib/python3.12/site-packages/airflow/example_dags/example_bash_operator.py
[2024-05-06T21:46:14.716-0500] {processor.py:840} INFO - DAG(s) 'example_bash_operator' retrieved from /Users/paulamedina/venv/lib/python3.12/site-packages/airflow/example_dags/example_bash_operator.py
[2024-05-06T21:46:14.857-0500] {logging_mixin.py:188} INFO - [2024-05-06T21:46:14.856-0500] {dag.py:3096} INFO - Sync 1 DAGs
[2024-05-06T21:46:14.882-0500] {logging_mixin.py:188} INFO - [2024-05-06T21:46:14.882-0500] {dag.py:3954} INFO - Setting next_dagrun for example_bash_operator to 2024-05-06 00:00:00+00:00, run_after=2024-05-07 00:00:00+00:00
[2024-05-06T21:46:14.901-0500] {processor.py:183} INFO - Processing /Users/paulamedina/venv/lib/python3.12/site-packages/airflow/example_dags/example_bash_operator.py took 0.208 seconds
[2024-05-06T21:47:52.283-0500] {processor.py:161} INFO - Started process (PID=63062) to work on /Users/paulamedina/venv/lib/python3.12/site-packages/airflow/example_dags/example_bash_operator.py
[2024-05-06T21:47:52.284-0500] {processor.py:830} INFO - Processing file /Users/paulamedina/venv/lib/python3.12/site-packages/airflow/example_dags/example_bash_operator.py for tasks to queue
[2024-05-06T21:47:52.285-0500] {logging_mixin.py:188} INFO - [2024-05-06T21:47:52.285-0500] {dagbag.py:540} INFO - Filling up the DagBag from /Users/paulamedina/venv/lib/python3.12/site-packages/airflow/example_dags/example_bash_operator.py
[2024-05-06T21:47:52.303-0500] {processor.py:840} INFO - DAG(s) 'example_bash_operator' retrieved from /Users/paulamedina/venv/lib/python3.12/site-packages/airflow/example_dags/example_bash_operator.py
[2024-05-06T21:47:52.450-0500] {logging_mixin.py:188} INFO - [2024-05-06T21:47:52.449-0500] {dag.py:3096} INFO - Sync 1 DAGs
[2024-05-06T21:47:52.477-0500] {logging_mixin.py:188} INFO - [2024-05-06T21:47:52.477-0500] {dag.py:3954} INFO - Setting next_dagrun for example_bash_operator to 2024-05-06 00:00:00+00:00, run_after=2024-05-07 00:00:00+00:00
[2024-05-06T21:47:52.497-0500] {processor.py:183} INFO - Processing /Users/paulamedina/venv/lib/python3.12/site-packages/airflow/example_dags/example_bash_operator.py took 0.218 seconds
[2024-05-06T21:50:52.980-0500] {processor.py:161} INFO - Started process (PID=63796) to work on /Users/paulamedina/venv/lib/python3.12/site-packages/airflow/example_dags/example_bash_operator.py
[2024-05-06T21:50:52.982-0500] {processor.py:830} INFO - Processing file /Users/paulamedina/venv/lib/python3.12/site-packages/airflow/example_dags/example_bash_operator.py for tasks to queue
[2024-05-06T21:50:52.984-0500] {logging_mixin.py:188} INFO - [2024-05-06T21:50:52.983-0500] {dagbag.py:540} INFO - Filling up the DagBag from /Users/paulamedina/venv/lib/python3.12/site-packages/airflow/example_dags/example_bash_operator.py
[2024-05-06T21:50:53.008-0500] {processor.py:840} INFO - DAG(s) 'example_bash_operator' retrieved from /Users/paulamedina/venv/lib/python3.12/site-packages/airflow/example_dags/example_bash_operator.py
[2024-05-06T21:50:53.465-0500] {logging_mixin.py:188} INFO - [2024-05-06T21:50:53.465-0500] {dag.py:3096} INFO - Sync 1 DAGs
[2024-05-06T21:50:53.498-0500] {logging_mixin.py:188} INFO - [2024-05-06T21:50:53.497-0500] {dag.py:3954} INFO - Setting next_dagrun for example_bash_operator to 2024-05-06 00:00:00+00:00, run_after=2024-05-07 00:00:00+00:00
[2024-05-06T21:50:53.530-0500] {processor.py:183} INFO - Processing /Users/paulamedina/venv/lib/python3.12/site-packages/airflow/example_dags/example_bash_operator.py took 0.555 seconds
[2024-05-06T21:52:25.391-0500] {processor.py:161} INFO - Started process (PID=64165) to work on /Users/paulamedina/venv/lib/python3.12/site-packages/airflow/example_dags/example_bash_operator.py
[2024-05-06T21:52:25.392-0500] {processor.py:830} INFO - Processing file /Users/paulamedina/venv/lib/python3.12/site-packages/airflow/example_dags/example_bash_operator.py for tasks to queue
[2024-05-06T21:52:25.393-0500] {logging_mixin.py:188} INFO - [2024-05-06T21:52:25.393-0500] {dagbag.py:540} INFO - Filling up the DagBag from /Users/paulamedina/venv/lib/python3.12/site-packages/airflow/example_dags/example_bash_operator.py
[2024-05-06T21:52:25.414-0500] {processor.py:840} INFO - DAG(s) 'example_bash_operator' retrieved from /Users/paulamedina/venv/lib/python3.12/site-packages/airflow/example_dags/example_bash_operator.py
[2024-05-06T21:52:25.591-0500] {logging_mixin.py:188} INFO - [2024-05-06T21:52:25.590-0500] {dag.py:3096} INFO - Sync 1 DAGs
[2024-05-06T21:52:25.618-0500] {logging_mixin.py:188} INFO - [2024-05-06T21:52:25.618-0500] {dag.py:3954} INFO - Setting next_dagrun for example_bash_operator to 2024-05-06 00:00:00+00:00, run_after=2024-05-07 00:00:00+00:00
[2024-05-06T21:52:25.643-0500] {processor.py:183} INFO - Processing /Users/paulamedina/venv/lib/python3.12/site-packages/airflow/example_dags/example_bash_operator.py took 0.257 seconds
[2024-05-06T21:53:50.674-0500] {processor.py:161} INFO - Started process (PID=64500) to work on /Users/paulamedina/venv/lib/python3.12/site-packages/airflow/example_dags/example_bash_operator.py
[2024-05-06T21:53:50.676-0500] {processor.py:830} INFO - Processing file /Users/paulamedina/venv/lib/python3.12/site-packages/airflow/example_dags/example_bash_operator.py for tasks to queue
[2024-05-06T21:53:50.677-0500] {logging_mixin.py:188} INFO - [2024-05-06T21:53:50.677-0500] {dagbag.py:540} INFO - Filling up the DagBag from /Users/paulamedina/venv/lib/python3.12/site-packages/airflow/example_dags/example_bash_operator.py
[2024-05-06T21:53:50.694-0500] {processor.py:840} INFO - DAG(s) 'example_bash_operator' retrieved from /Users/paulamedina/venv/lib/python3.12/site-packages/airflow/example_dags/example_bash_operator.py
[2024-05-06T21:53:50.829-0500] {logging_mixin.py:188} INFO - [2024-05-06T21:53:50.829-0500] {dag.py:3096} INFO - Sync 1 DAGs
[2024-05-06T21:53:50.852-0500] {logging_mixin.py:188} INFO - [2024-05-06T21:53:50.852-0500] {dag.py:3954} INFO - Setting next_dagrun for example_bash_operator to 2024-05-06 00:00:00+00:00, run_after=2024-05-07 00:00:00+00:00
[2024-05-06T21:53:50.871-0500] {processor.py:183} INFO - Processing /Users/paulamedina/venv/lib/python3.12/site-packages/airflow/example_dags/example_bash_operator.py took 0.200 seconds
[2024-05-06T21:55:13.227-0500] {processor.py:161} INFO - Started process (PID=64834) to work on /Users/paulamedina/venv/lib/python3.12/site-packages/airflow/example_dags/example_bash_operator.py
[2024-05-06T21:55:13.229-0500] {processor.py:830} INFO - Processing file /Users/paulamedina/venv/lib/python3.12/site-packages/airflow/example_dags/example_bash_operator.py for tasks to queue
[2024-05-06T21:55:13.230-0500] {logging_mixin.py:188} INFO - [2024-05-06T21:55:13.230-0500] {dagbag.py:540} INFO - Filling up the DagBag from /Users/paulamedina/venv/lib/python3.12/site-packages/airflow/example_dags/example_bash_operator.py
[2024-05-06T21:55:13.250-0500] {processor.py:840} INFO - DAG(s) 'example_bash_operator' retrieved from /Users/paulamedina/venv/lib/python3.12/site-packages/airflow/example_dags/example_bash_operator.py
[2024-05-06T21:55:13.470-0500] {logging_mixin.py:188} INFO - [2024-05-06T21:55:13.470-0500] {dag.py:3096} INFO - Sync 1 DAGs
[2024-05-06T21:55:13.519-0500] {logging_mixin.py:188} INFO - [2024-05-06T21:55:13.518-0500] {dag.py:3954} INFO - Setting next_dagrun for example_bash_operator to 2024-05-06 00:00:00+00:00, run_after=2024-05-07 00:00:00+00:00
[2024-05-06T21:55:13.565-0500] {processor.py:183} INFO - Processing /Users/paulamedina/venv/lib/python3.12/site-packages/airflow/example_dags/example_bash_operator.py took 0.342 seconds
[2024-05-06T21:56:43.151-0500] {processor.py:161} INFO - Started process (PID=65192) to work on /Users/paulamedina/venv/lib/python3.12/site-packages/airflow/example_dags/example_bash_operator.py
[2024-05-06T21:56:43.152-0500] {processor.py:830} INFO - Processing file /Users/paulamedina/venv/lib/python3.12/site-packages/airflow/example_dags/example_bash_operator.py for tasks to queue
[2024-05-06T21:56:43.153-0500] {logging_mixin.py:188} INFO - [2024-05-06T21:56:43.153-0500] {dagbag.py:540} INFO - Filling up the DagBag from /Users/paulamedina/venv/lib/python3.12/site-packages/airflow/example_dags/example_bash_operator.py
[2024-05-06T21:56:43.172-0500] {processor.py:840} INFO - DAG(s) 'example_bash_operator' retrieved from /Users/paulamedina/venv/lib/python3.12/site-packages/airflow/example_dags/example_bash_operator.py
[2024-05-06T21:56:43.342-0500] {logging_mixin.py:188} INFO - [2024-05-06T21:56:43.342-0500] {dag.py:3096} INFO - Sync 1 DAGs
[2024-05-06T21:56:43.370-0500] {logging_mixin.py:188} INFO - [2024-05-06T21:56:43.370-0500] {dag.py:3954} INFO - Setting next_dagrun for example_bash_operator to 2024-05-06 00:00:00+00:00, run_after=2024-05-07 00:00:00+00:00
[2024-05-06T21:56:43.393-0500] {processor.py:183} INFO - Processing /Users/paulamedina/venv/lib/python3.12/site-packages/airflow/example_dags/example_bash_operator.py took 0.246 seconds
[2024-05-06T21:58:20.513-0500] {processor.py:161} INFO - Started process (PID=65561) to work on /Users/paulamedina/venv/lib/python3.12/site-packages/airflow/example_dags/example_bash_operator.py
[2024-05-06T21:58:20.515-0500] {processor.py:830} INFO - Processing file /Users/paulamedina/venv/lib/python3.12/site-packages/airflow/example_dags/example_bash_operator.py for tasks to queue
[2024-05-06T21:58:20.516-0500] {logging_mixin.py:188} INFO - [2024-05-06T21:58:20.515-0500] {dagbag.py:540} INFO - Filling up the DagBag from /Users/paulamedina/venv/lib/python3.12/site-packages/airflow/example_dags/example_bash_operator.py
[2024-05-06T21:58:20.539-0500] {processor.py:840} INFO - DAG(s) 'example_bash_operator' retrieved from /Users/paulamedina/venv/lib/python3.12/site-packages/airflow/example_dags/example_bash_operator.py
[2024-05-06T21:58:20.741-0500] {logging_mixin.py:188} INFO - [2024-05-06T21:58:20.741-0500] {dag.py:3096} INFO - Sync 1 DAGs
[2024-05-06T21:58:20.773-0500] {logging_mixin.py:188} INFO - [2024-05-06T21:58:20.772-0500] {dag.py:3954} INFO - Setting next_dagrun for example_bash_operator to 2024-05-06 00:00:00+00:00, run_after=2024-05-07 00:00:00+00:00
[2024-05-06T21:58:20.798-0500] {processor.py:183} INFO - Processing /Users/paulamedina/venv/lib/python3.12/site-packages/airflow/example_dags/example_bash_operator.py took 0.290 seconds
[2024-05-06T22:00:21.603-0500] {processor.py:161} INFO - Started process (PID=66171) to work on /Users/paulamedina/venv/lib/python3.12/site-packages/airflow/example_dags/example_bash_operator.py
[2024-05-06T22:00:21.605-0500] {processor.py:830} INFO - Processing file /Users/paulamedina/venv/lib/python3.12/site-packages/airflow/example_dags/example_bash_operator.py for tasks to queue
[2024-05-06T22:00:21.607-0500] {logging_mixin.py:188} INFO - [2024-05-06T22:00:21.606-0500] {dagbag.py:540} INFO - Filling up the DagBag from /Users/paulamedina/venv/lib/python3.12/site-packages/airflow/example_dags/example_bash_operator.py
[2024-05-06T22:00:21.638-0500] {processor.py:840} INFO - DAG(s) 'example_bash_operator' retrieved from /Users/paulamedina/venv/lib/python3.12/site-packages/airflow/example_dags/example_bash_operator.py
[2024-05-06T22:00:21.912-0500] {logging_mixin.py:188} INFO - [2024-05-06T22:00:21.911-0500] {dag.py:3096} INFO - Sync 1 DAGs
[2024-05-06T22:00:21.969-0500] {logging_mixin.py:188} INFO - [2024-05-06T22:00:21.969-0500] {dag.py:3954} INFO - Setting next_dagrun for example_bash_operator to 2024-05-06 00:00:00+00:00, run_after=2024-05-07 00:00:00+00:00
[2024-05-06T22:00:22.007-0500] {processor.py:183} INFO - Processing /Users/paulamedina/venv/lib/python3.12/site-packages/airflow/example_dags/example_bash_operator.py took 0.410 seconds
[2024-05-06T22:01:57.411-0500] {processor.py:161} INFO - Started process (PID=66621) to work on /Users/paulamedina/venv/lib/python3.12/site-packages/airflow/example_dags/example_bash_operator.py
[2024-05-06T22:01:57.413-0500] {processor.py:830} INFO - Processing file /Users/paulamedina/venv/lib/python3.12/site-packages/airflow/example_dags/example_bash_operator.py for tasks to queue
[2024-05-06T22:01:57.414-0500] {logging_mixin.py:188} INFO - [2024-05-06T22:01:57.414-0500] {dagbag.py:540} INFO - Filling up the DagBag from /Users/paulamedina/venv/lib/python3.12/site-packages/airflow/example_dags/example_bash_operator.py
[2024-05-06T22:01:57.431-0500] {processor.py:840} INFO - DAG(s) 'example_bash_operator' retrieved from /Users/paulamedina/venv/lib/python3.12/site-packages/airflow/example_dags/example_bash_operator.py
[2024-05-06T22:01:57.574-0500] {logging_mixin.py:188} INFO - [2024-05-06T22:01:57.573-0500] {dag.py:3096} INFO - Sync 1 DAGs
[2024-05-06T22:01:57.597-0500] {logging_mixin.py:188} INFO - [2024-05-06T22:01:57.597-0500] {dag.py:3954} INFO - Setting next_dagrun for example_bash_operator to 2024-05-06 00:00:00+00:00, run_after=2024-05-07 00:00:00+00:00
[2024-05-06T22:01:57.616-0500] {processor.py:183} INFO - Processing /Users/paulamedina/venv/lib/python3.12/site-packages/airflow/example_dags/example_bash_operator.py took 0.209 seconds
