[2024-05-06T19:03:38.498-0500] {processor.py:161} INFO - Started process (PID=26928) to work on /Users/paulamedina/venv/lib/python3.12/site-packages/airflow/example_dags/example_branch_labels.py
[2024-05-06T19:03:38.499-0500] {processor.py:830} INFO - Processing file /Users/paulamedina/venv/lib/python3.12/site-packages/airflow/example_dags/example_branch_labels.py for tasks to queue
[2024-05-06T19:03:38.500-0500] {logging_mixin.py:188} INFO - [2024-05-06T19:03:38.499-0500] {dagbag.py:540} INFO - Filling up the DagBag from /Users/paulamedina/venv/lib/python3.12/site-packages/airflow/example_dags/example_branch_labels.py
[2024-05-06T19:03:38.507-0500] {processor.py:840} INFO - DAG(s) 'example_branch_labels' retrieved from /Users/paulamedina/venv/lib/python3.12/site-packages/airflow/example_dags/example_branch_labels.py
[2024-05-06T19:03:38.585-0500] {logging_mixin.py:188} INFO - [2024-05-06T19:03:38.585-0500] {dag.py:3096} INFO - Sync 1 DAGs
[2024-05-06T19:03:38.598-0500] {logging_mixin.py:188} INFO - [2024-05-06T19:03:38.598-0500] {dag.py:3954} INFO - Setting next_dagrun for example_branch_labels to 2024-05-06 00:00:00+00:00, run_after=2024-05-07 00:00:00+00:00
[2024-05-06T19:03:38.613-0500] {processor.py:183} INFO - Processing /Users/paulamedina/venv/lib/python3.12/site-packages/airflow/example_dags/example_branch_labels.py took 0.117 seconds
[2024-05-06T19:06:53.189-0500] {processor.py:161} INFO - Started process (PID=27631) to work on /Users/paulamedina/venv/lib/python3.12/site-packages/airflow/example_dags/example_branch_labels.py
[2024-05-06T19:06:53.190-0500] {processor.py:830} INFO - Processing file /Users/paulamedina/venv/lib/python3.12/site-packages/airflow/example_dags/example_branch_labels.py for tasks to queue
[2024-05-06T19:06:53.191-0500] {logging_mixin.py:188} INFO - [2024-05-06T19:06:53.191-0500] {dagbag.py:540} INFO - Filling up the DagBag from /Users/paulamedina/venv/lib/python3.12/site-packages/airflow/example_dags/example_branch_labels.py
[2024-05-06T19:06:53.198-0500] {processor.py:840} INFO - DAG(s) 'example_branch_labels' retrieved from /Users/paulamedina/venv/lib/python3.12/site-packages/airflow/example_dags/example_branch_labels.py
[2024-05-06T19:06:53.278-0500] {logging_mixin.py:188} INFO - [2024-05-06T19:06:53.278-0500] {dag.py:3096} INFO - Sync 1 DAGs
[2024-05-06T19:06:53.293-0500] {logging_mixin.py:188} INFO - [2024-05-06T19:06:53.292-0500] {dag.py:3954} INFO - Setting next_dagrun for example_branch_labels to 2024-05-06 00:00:00+00:00, run_after=2024-05-07 00:00:00+00:00
[2024-05-06T19:06:53.307-0500] {processor.py:183} INFO - Processing /Users/paulamedina/venv/lib/python3.12/site-packages/airflow/example_dags/example_branch_labels.py took 0.120 seconds
[2024-05-06T19:10:19.020-0500] {processor.py:161} INFO - Started process (PID=28357) to work on /Users/paulamedina/venv/lib/python3.12/site-packages/airflow/example_dags/example_branch_labels.py
[2024-05-06T19:10:19.021-0500] {processor.py:830} INFO - Processing file /Users/paulamedina/venv/lib/python3.12/site-packages/airflow/example_dags/example_branch_labels.py for tasks to queue
[2024-05-06T19:10:19.021-0500] {logging_mixin.py:188} INFO - [2024-05-06T19:10:19.021-0500] {dagbag.py:540} INFO - Filling up the DagBag from /Users/paulamedina/venv/lib/python3.12/site-packages/airflow/example_dags/example_branch_labels.py
[2024-05-06T19:10:19.029-0500] {processor.py:840} INFO - DAG(s) 'example_branch_labels' retrieved from /Users/paulamedina/venv/lib/python3.12/site-packages/airflow/example_dags/example_branch_labels.py
[2024-05-06T19:10:19.109-0500] {logging_mixin.py:188} INFO - [2024-05-06T19:10:19.109-0500] {dag.py:3096} INFO - Sync 1 DAGs
[2024-05-06T19:10:19.123-0500] {logging_mixin.py:188} INFO - [2024-05-06T19:10:19.122-0500] {dag.py:3954} INFO - Setting next_dagrun for example_branch_labels to 2024-05-06 00:00:00+00:00, run_after=2024-05-07 00:00:00+00:00
[2024-05-06T19:10:19.136-0500] {processor.py:183} INFO - Processing /Users/paulamedina/venv/lib/python3.12/site-packages/airflow/example_dags/example_branch_labels.py took 0.118 seconds
[2024-05-06T19:13:55.026-0500] {processor.py:161} INFO - Started process (PID=29127) to work on /Users/paulamedina/venv/lib/python3.12/site-packages/airflow/example_dags/example_branch_labels.py
[2024-05-06T19:13:55.028-0500] {processor.py:830} INFO - Processing file /Users/paulamedina/venv/lib/python3.12/site-packages/airflow/example_dags/example_branch_labels.py for tasks to queue
[2024-05-06T19:13:55.029-0500] {logging_mixin.py:188} INFO - [2024-05-06T19:13:55.028-0500] {dagbag.py:540} INFO - Filling up the DagBag from /Users/paulamedina/venv/lib/python3.12/site-packages/airflow/example_dags/example_branch_labels.py
[2024-05-06T19:13:55.039-0500] {processor.py:840} INFO - DAG(s) 'example_branch_labels' retrieved from /Users/paulamedina/venv/lib/python3.12/site-packages/airflow/example_dags/example_branch_labels.py
[2024-05-06T19:13:55.143-0500] {logging_mixin.py:188} INFO - [2024-05-06T19:13:55.143-0500] {dag.py:3096} INFO - Sync 1 DAGs
[2024-05-06T19:13:55.161-0500] {logging_mixin.py:188} INFO - [2024-05-06T19:13:55.161-0500] {dag.py:3954} INFO - Setting next_dagrun for example_branch_labels to 2024-05-06 00:00:00+00:00, run_after=2024-05-07 00:00:00+00:00
[2024-05-06T19:13:55.179-0500] {processor.py:183} INFO - Processing /Users/paulamedina/venv/lib/python3.12/site-packages/airflow/example_dags/example_branch_labels.py took 0.156 seconds
[2024-05-06T19:18:28.345-0500] {processor.py:161} INFO - Started process (PID=30169) to work on /Users/paulamedina/venv/lib/python3.12/site-packages/airflow/example_dags/example_branch_labels.py
[2024-05-06T19:18:28.347-0500] {processor.py:830} INFO - Processing file /Users/paulamedina/venv/lib/python3.12/site-packages/airflow/example_dags/example_branch_labels.py for tasks to queue
[2024-05-06T19:18:28.348-0500] {logging_mixin.py:188} INFO - [2024-05-06T19:18:28.347-0500] {dagbag.py:540} INFO - Filling up the DagBag from /Users/paulamedina/venv/lib/python3.12/site-packages/airflow/example_dags/example_branch_labels.py
[2024-05-06T19:18:28.359-0500] {processor.py:840} INFO - DAG(s) 'example_branch_labels' retrieved from /Users/paulamedina/venv/lib/python3.12/site-packages/airflow/example_dags/example_branch_labels.py
[2024-05-06T19:18:28.462-0500] {logging_mixin.py:188} INFO - [2024-05-06T19:18:28.462-0500] {dag.py:3096} INFO - Sync 1 DAGs
[2024-05-06T19:18:28.480-0500] {logging_mixin.py:188} INFO - [2024-05-06T19:18:28.480-0500] {dag.py:3954} INFO - Setting next_dagrun for example_branch_labels to 2024-05-06 00:00:00+00:00, run_after=2024-05-07 00:00:00+00:00
[2024-05-06T19:18:28.498-0500] {processor.py:183} INFO - Processing /Users/paulamedina/venv/lib/python3.12/site-packages/airflow/example_dags/example_branch_labels.py took 0.156 seconds
[2024-05-06T19:22:51.746-0500] {processor.py:161} INFO - Started process (PID=31090) to work on /Users/paulamedina/venv/lib/python3.12/site-packages/airflow/example_dags/example_branch_labels.py
[2024-05-06T19:22:51.747-0500] {processor.py:830} INFO - Processing file /Users/paulamedina/venv/lib/python3.12/site-packages/airflow/example_dags/example_branch_labels.py for tasks to queue
[2024-05-06T19:22:51.748-0500] {logging_mixin.py:188} INFO - [2024-05-06T19:22:51.748-0500] {dagbag.py:540} INFO - Filling up the DagBag from /Users/paulamedina/venv/lib/python3.12/site-packages/airflow/example_dags/example_branch_labels.py
[2024-05-06T19:22:51.762-0500] {processor.py:840} INFO - DAG(s) 'example_branch_labels' retrieved from /Users/paulamedina/venv/lib/python3.12/site-packages/airflow/example_dags/example_branch_labels.py
[2024-05-06T19:22:51.925-0500] {logging_mixin.py:188} INFO - [2024-05-06T19:22:51.924-0500] {dag.py:3096} INFO - Sync 1 DAGs
[2024-05-06T19:22:51.950-0500] {logging_mixin.py:188} INFO - [2024-05-06T19:22:51.950-0500] {dag.py:3954} INFO - Setting next_dagrun for example_branch_labels to 2024-05-06 00:00:00+00:00, run_after=2024-05-07 00:00:00+00:00
[2024-05-06T19:22:51.975-0500] {processor.py:183} INFO - Processing /Users/paulamedina/venv/lib/python3.12/site-packages/airflow/example_dags/example_branch_labels.py took 0.232 seconds
[2024-05-06T19:27:14.695-0500] {processor.py:161} INFO - Started process (PID=32023) to work on /Users/paulamedina/venv/lib/python3.12/site-packages/airflow/example_dags/example_branch_labels.py
[2024-05-06T19:27:14.696-0500] {processor.py:830} INFO - Processing file /Users/paulamedina/venv/lib/python3.12/site-packages/airflow/example_dags/example_branch_labels.py for tasks to queue
[2024-05-06T19:27:14.696-0500] {logging_mixin.py:188} INFO - [2024-05-06T19:27:14.696-0500] {dagbag.py:540} INFO - Filling up the DagBag from /Users/paulamedina/venv/lib/python3.12/site-packages/airflow/example_dags/example_branch_labels.py
[2024-05-06T19:27:14.703-0500] {processor.py:840} INFO - DAG(s) 'example_branch_labels' retrieved from /Users/paulamedina/venv/lib/python3.12/site-packages/airflow/example_dags/example_branch_labels.py
[2024-05-06T19:27:14.782-0500] {logging_mixin.py:188} INFO - [2024-05-06T19:27:14.782-0500] {dag.py:3096} INFO - Sync 1 DAGs
[2024-05-06T19:27:14.795-0500] {logging_mixin.py:188} INFO - [2024-05-06T19:27:14.795-0500] {dag.py:3954} INFO - Setting next_dagrun for example_branch_labels to 2024-05-06 00:00:00+00:00, run_after=2024-05-07 00:00:00+00:00
[2024-05-06T19:27:14.809-0500] {processor.py:183} INFO - Processing /Users/paulamedina/venv/lib/python3.12/site-packages/airflow/example_dags/example_branch_labels.py took 0.116 seconds
[2024-05-06T19:30:44.574-0500] {processor.py:161} INFO - Started process (PID=32781) to work on /Users/paulamedina/venv/lib/python3.12/site-packages/airflow/example_dags/example_branch_labels.py
[2024-05-06T19:30:44.575-0500] {processor.py:830} INFO - Processing file /Users/paulamedina/venv/lib/python3.12/site-packages/airflow/example_dags/example_branch_labels.py for tasks to queue
[2024-05-06T19:30:44.575-0500] {logging_mixin.py:188} INFO - [2024-05-06T19:30:44.575-0500] {dagbag.py:540} INFO - Filling up the DagBag from /Users/paulamedina/venv/lib/python3.12/site-packages/airflow/example_dags/example_branch_labels.py
[2024-05-06T19:30:44.584-0500] {processor.py:840} INFO - DAG(s) 'example_branch_labels' retrieved from /Users/paulamedina/venv/lib/python3.12/site-packages/airflow/example_dags/example_branch_labels.py
[2024-05-06T19:30:44.673-0500] {logging_mixin.py:188} INFO - [2024-05-06T19:30:44.673-0500] {dag.py:3096} INFO - Sync 1 DAGs
[2024-05-06T19:30:44.688-0500] {logging_mixin.py:188} INFO - [2024-05-06T19:30:44.688-0500] {dag.py:3954} INFO - Setting next_dagrun for example_branch_labels to 2024-05-06 00:00:00+00:00, run_after=2024-05-07 00:00:00+00:00
[2024-05-06T19:30:44.704-0500] {processor.py:183} INFO - Processing /Users/paulamedina/venv/lib/python3.12/site-packages/airflow/example_dags/example_branch_labels.py took 0.132 seconds
[2024-05-06T19:34:08.110-0500] {processor.py:161} INFO - Started process (PID=33512) to work on /Users/paulamedina/venv/lib/python3.12/site-packages/airflow/example_dags/example_branch_labels.py
[2024-05-06T19:34:08.110-0500] {processor.py:830} INFO - Processing file /Users/paulamedina/venv/lib/python3.12/site-packages/airflow/example_dags/example_branch_labels.py for tasks to queue
[2024-05-06T19:34:08.111-0500] {logging_mixin.py:188} INFO - [2024-05-06T19:34:08.111-0500] {dagbag.py:540} INFO - Filling up the DagBag from /Users/paulamedina/venv/lib/python3.12/site-packages/airflow/example_dags/example_branch_labels.py
[2024-05-06T19:34:08.118-0500] {processor.py:840} INFO - DAG(s) 'example_branch_labels' retrieved from /Users/paulamedina/venv/lib/python3.12/site-packages/airflow/example_dags/example_branch_labels.py
[2024-05-06T19:34:08.197-0500] {logging_mixin.py:188} INFO - [2024-05-06T19:34:08.196-0500] {dag.py:3096} INFO - Sync 1 DAGs
[2024-05-06T19:34:08.210-0500] {logging_mixin.py:188} INFO - [2024-05-06T19:34:08.210-0500] {dag.py:3954} INFO - Setting next_dagrun for example_branch_labels to 2024-05-06 00:00:00+00:00, run_after=2024-05-07 00:00:00+00:00
[2024-05-06T19:34:08.223-0500] {processor.py:183} INFO - Processing /Users/paulamedina/venv/lib/python3.12/site-packages/airflow/example_dags/example_branch_labels.py took 0.116 seconds
[2024-05-06T19:37:31.447-0500] {processor.py:161} INFO - Started process (PID=34323) to work on /Users/paulamedina/venv/lib/python3.12/site-packages/airflow/example_dags/example_branch_labels.py
[2024-05-06T19:37:31.448-0500] {processor.py:830} INFO - Processing file /Users/paulamedina/venv/lib/python3.12/site-packages/airflow/example_dags/example_branch_labels.py for tasks to queue
[2024-05-06T19:37:31.448-0500] {logging_mixin.py:188} INFO - [2024-05-06T19:37:31.448-0500] {dagbag.py:540} INFO - Filling up the DagBag from /Users/paulamedina/venv/lib/python3.12/site-packages/airflow/example_dags/example_branch_labels.py
[2024-05-06T19:37:31.456-0500] {processor.py:840} INFO - DAG(s) 'example_branch_labels' retrieved from /Users/paulamedina/venv/lib/python3.12/site-packages/airflow/example_dags/example_branch_labels.py
[2024-05-06T19:37:31.535-0500] {logging_mixin.py:188} INFO - [2024-05-06T19:37:31.535-0500] {dag.py:3096} INFO - Sync 1 DAGs
[2024-05-06T19:37:31.548-0500] {logging_mixin.py:188} INFO - [2024-05-06T19:37:31.548-0500] {dag.py:3954} INFO - Setting next_dagrun for example_branch_labels to 2024-05-06 00:00:00+00:00, run_after=2024-05-07 00:00:00+00:00
[2024-05-06T19:37:31.563-0500] {processor.py:183} INFO - Processing /Users/paulamedina/venv/lib/python3.12/site-packages/airflow/example_dags/example_branch_labels.py took 0.118 seconds
[2024-05-06T19:40:52.409-0500] {processor.py:161} INFO - Started process (PID=35033) to work on /Users/paulamedina/venv/lib/python3.12/site-packages/airflow/example_dags/example_branch_labels.py
[2024-05-06T19:40:52.409-0500] {processor.py:830} INFO - Processing file /Users/paulamedina/venv/lib/python3.12/site-packages/airflow/example_dags/example_branch_labels.py for tasks to queue
[2024-05-06T19:40:52.410-0500] {logging_mixin.py:188} INFO - [2024-05-06T19:40:52.410-0500] {dagbag.py:540} INFO - Filling up the DagBag from /Users/paulamedina/venv/lib/python3.12/site-packages/airflow/example_dags/example_branch_labels.py
[2024-05-06T19:40:52.417-0500] {processor.py:840} INFO - DAG(s) 'example_branch_labels' retrieved from /Users/paulamedina/venv/lib/python3.12/site-packages/airflow/example_dags/example_branch_labels.py
[2024-05-06T19:40:52.504-0500] {logging_mixin.py:188} INFO - [2024-05-06T19:40:52.504-0500] {dag.py:3096} INFO - Sync 1 DAGs
[2024-05-06T19:40:52.518-0500] {logging_mixin.py:188} INFO - [2024-05-06T19:40:52.518-0500] {dag.py:3954} INFO - Setting next_dagrun for example_branch_labels to 2024-05-06 00:00:00+00:00, run_after=2024-05-07 00:00:00+00:00
[2024-05-06T19:40:52.532-0500] {processor.py:183} INFO - Processing /Users/paulamedina/venv/lib/python3.12/site-packages/airflow/example_dags/example_branch_labels.py took 0.126 seconds
[2024-05-06T19:44:09.076-0500] {processor.py:161} INFO - Started process (PID=35740) to work on /Users/paulamedina/venv/lib/python3.12/site-packages/airflow/example_dags/example_branch_labels.py
[2024-05-06T19:44:09.077-0500] {processor.py:830} INFO - Processing file /Users/paulamedina/venv/lib/python3.12/site-packages/airflow/example_dags/example_branch_labels.py for tasks to queue
[2024-05-06T19:44:09.077-0500] {logging_mixin.py:188} INFO - [2024-05-06T19:44:09.077-0500] {dagbag.py:540} INFO - Filling up the DagBag from /Users/paulamedina/venv/lib/python3.12/site-packages/airflow/example_dags/example_branch_labels.py
[2024-05-06T19:44:09.086-0500] {processor.py:840} INFO - DAG(s) 'example_branch_labels' retrieved from /Users/paulamedina/venv/lib/python3.12/site-packages/airflow/example_dags/example_branch_labels.py
[2024-05-06T19:44:09.182-0500] {logging_mixin.py:188} INFO - [2024-05-06T19:44:09.182-0500] {dag.py:3096} INFO - Sync 1 DAGs
[2024-05-06T19:44:09.199-0500] {logging_mixin.py:188} INFO - [2024-05-06T19:44:09.199-0500] {dag.py:3954} INFO - Setting next_dagrun for example_branch_labels to 2024-05-06 00:00:00+00:00, run_after=2024-05-07 00:00:00+00:00
[2024-05-06T19:44:09.215-0500] {processor.py:183} INFO - Processing /Users/paulamedina/venv/lib/python3.12/site-packages/airflow/example_dags/example_branch_labels.py took 0.142 seconds
[2024-05-06T19:47:43.535-0500] {processor.py:161} INFO - Started process (PID=36493) to work on /Users/paulamedina/venv/lib/python3.12/site-packages/airflow/example_dags/example_branch_labels.py
[2024-05-06T19:47:43.536-0500] {processor.py:830} INFO - Processing file /Users/paulamedina/venv/lib/python3.12/site-packages/airflow/example_dags/example_branch_labels.py for tasks to queue
[2024-05-06T19:47:43.537-0500] {logging_mixin.py:188} INFO - [2024-05-06T19:47:43.536-0500] {dagbag.py:540} INFO - Filling up the DagBag from /Users/paulamedina/venv/lib/python3.12/site-packages/airflow/example_dags/example_branch_labels.py
[2024-05-06T19:47:43.544-0500] {processor.py:840} INFO - DAG(s) 'example_branch_labels' retrieved from /Users/paulamedina/venv/lib/python3.12/site-packages/airflow/example_dags/example_branch_labels.py
[2024-05-06T19:47:43.622-0500] {logging_mixin.py:188} INFO - [2024-05-06T19:47:43.622-0500] {dag.py:3096} INFO - Sync 1 DAGs
[2024-05-06T19:47:43.636-0500] {logging_mixin.py:188} INFO - [2024-05-06T19:47:43.636-0500] {dag.py:3954} INFO - Setting next_dagrun for example_branch_labels to 2024-05-06 00:00:00+00:00, run_after=2024-05-07 00:00:00+00:00
[2024-05-06T19:47:43.653-0500] {processor.py:183} INFO - Processing /Users/paulamedina/venv/lib/python3.12/site-packages/airflow/example_dags/example_branch_labels.py took 0.119 seconds
[2024-05-06T19:51:08.278-0500] {processor.py:161} INFO - Started process (PID=37310) to work on /Users/paulamedina/venv/lib/python3.12/site-packages/airflow/example_dags/example_branch_labels.py
[2024-05-06T19:51:08.278-0500] {processor.py:830} INFO - Processing file /Users/paulamedina/venv/lib/python3.12/site-packages/airflow/example_dags/example_branch_labels.py for tasks to queue
[2024-05-06T19:51:08.279-0500] {logging_mixin.py:188} INFO - [2024-05-06T19:51:08.279-0500] {dagbag.py:540} INFO - Filling up the DagBag from /Users/paulamedina/venv/lib/python3.12/site-packages/airflow/example_dags/example_branch_labels.py
[2024-05-06T19:51:08.286-0500] {processor.py:840} INFO - DAG(s) 'example_branch_labels' retrieved from /Users/paulamedina/venv/lib/python3.12/site-packages/airflow/example_dags/example_branch_labels.py
[2024-05-06T19:51:08.364-0500] {logging_mixin.py:188} INFO - [2024-05-06T19:51:08.364-0500] {dag.py:3096} INFO - Sync 1 DAGs
[2024-05-06T19:51:08.377-0500] {logging_mixin.py:188} INFO - [2024-05-06T19:51:08.377-0500] {dag.py:3954} INFO - Setting next_dagrun for example_branch_labels to 2024-05-06 00:00:00+00:00, run_after=2024-05-07 00:00:00+00:00
[2024-05-06T19:51:08.390-0500] {processor.py:183} INFO - Processing /Users/paulamedina/venv/lib/python3.12/site-packages/airflow/example_dags/example_branch_labels.py took 0.115 seconds
[2024-05-06T19:54:38.832-0500] {processor.py:161} INFO - Started process (PID=38066) to work on /Users/paulamedina/venv/lib/python3.12/site-packages/airflow/example_dags/example_branch_labels.py
[2024-05-06T19:54:38.833-0500] {processor.py:830} INFO - Processing file /Users/paulamedina/venv/lib/python3.12/site-packages/airflow/example_dags/example_branch_labels.py for tasks to queue
[2024-05-06T19:54:38.833-0500] {logging_mixin.py:188} INFO - [2024-05-06T19:54:38.833-0500] {dagbag.py:540} INFO - Filling up the DagBag from /Users/paulamedina/venv/lib/python3.12/site-packages/airflow/example_dags/example_branch_labels.py
[2024-05-06T19:54:38.842-0500] {processor.py:840} INFO - DAG(s) 'example_branch_labels' retrieved from /Users/paulamedina/venv/lib/python3.12/site-packages/airflow/example_dags/example_branch_labels.py
[2024-05-06T19:54:38.932-0500] {logging_mixin.py:188} INFO - [2024-05-06T19:54:38.932-0500] {dag.py:3096} INFO - Sync 1 DAGs
[2024-05-06T19:54:38.947-0500] {logging_mixin.py:188} INFO - [2024-05-06T19:54:38.947-0500] {dag.py:3954} INFO - Setting next_dagrun for example_branch_labels to 2024-05-06 00:00:00+00:00, run_after=2024-05-07 00:00:00+00:00
[2024-05-06T19:54:38.963-0500] {processor.py:183} INFO - Processing /Users/paulamedina/venv/lib/python3.12/site-packages/airflow/example_dags/example_branch_labels.py took 0.133 seconds
[2024-05-06T19:58:06.435-0500] {processor.py:161} INFO - Started process (PID=38796) to work on /Users/paulamedina/venv/lib/python3.12/site-packages/airflow/example_dags/example_branch_labels.py
[2024-05-06T19:58:06.436-0500] {processor.py:830} INFO - Processing file /Users/paulamedina/venv/lib/python3.12/site-packages/airflow/example_dags/example_branch_labels.py for tasks to queue
[2024-05-06T19:58:06.436-0500] {logging_mixin.py:188} INFO - [2024-05-06T19:58:06.436-0500] {dagbag.py:540} INFO - Filling up the DagBag from /Users/paulamedina/venv/lib/python3.12/site-packages/airflow/example_dags/example_branch_labels.py
[2024-05-06T19:58:06.446-0500] {processor.py:840} INFO - DAG(s) 'example_branch_labels' retrieved from /Users/paulamedina/venv/lib/python3.12/site-packages/airflow/example_dags/example_branch_labels.py
[2024-05-06T19:58:06.531-0500] {logging_mixin.py:188} INFO - [2024-05-06T19:58:06.531-0500] {dag.py:3096} INFO - Sync 1 DAGs
[2024-05-06T19:58:06.544-0500] {logging_mixin.py:188} INFO - [2024-05-06T19:58:06.544-0500] {dag.py:3954} INFO - Setting next_dagrun for example_branch_labels to 2024-05-06 00:00:00+00:00, run_after=2024-05-07 00:00:00+00:00
[2024-05-06T19:58:06.558-0500] {processor.py:183} INFO - Processing /Users/paulamedina/venv/lib/python3.12/site-packages/airflow/example_dags/example_branch_labels.py took 0.125 seconds
[2024-05-06T20:01:45.492-0500] {processor.py:161} INFO - Started process (PID=39610) to work on /Users/paulamedina/venv/lib/python3.12/site-packages/airflow/example_dags/example_branch_labels.py
[2024-05-06T20:01:45.493-0500] {processor.py:830} INFO - Processing file /Users/paulamedina/venv/lib/python3.12/site-packages/airflow/example_dags/example_branch_labels.py for tasks to queue
[2024-05-06T20:01:45.493-0500] {logging_mixin.py:188} INFO - [2024-05-06T20:01:45.493-0500] {dagbag.py:540} INFO - Filling up the DagBag from /Users/paulamedina/venv/lib/python3.12/site-packages/airflow/example_dags/example_branch_labels.py
[2024-05-06T20:01:45.501-0500] {processor.py:840} INFO - DAG(s) 'example_branch_labels' retrieved from /Users/paulamedina/venv/lib/python3.12/site-packages/airflow/example_dags/example_branch_labels.py
[2024-05-06T20:01:45.586-0500] {logging_mixin.py:188} INFO - [2024-05-06T20:01:45.586-0500] {dag.py:3096} INFO - Sync 1 DAGs
[2024-05-06T20:01:45.600-0500] {logging_mixin.py:188} INFO - [2024-05-06T20:01:45.600-0500] {dag.py:3954} INFO - Setting next_dagrun for example_branch_labels to 2024-05-06 00:00:00+00:00, run_after=2024-05-07 00:00:00+00:00
[2024-05-06T20:01:45.614-0500] {processor.py:183} INFO - Processing /Users/paulamedina/venv/lib/python3.12/site-packages/airflow/example_dags/example_branch_labels.py took 0.123 seconds
[2024-05-06T20:05:14.272-0500] {processor.py:161} INFO - Started process (PID=40362) to work on /Users/paulamedina/venv/lib/python3.12/site-packages/airflow/example_dags/example_branch_labels.py
[2024-05-06T20:05:14.273-0500] {processor.py:830} INFO - Processing file /Users/paulamedina/venv/lib/python3.12/site-packages/airflow/example_dags/example_branch_labels.py for tasks to queue
[2024-05-06T20:05:14.274-0500] {logging_mixin.py:188} INFO - [2024-05-06T20:05:14.274-0500] {dagbag.py:540} INFO - Filling up the DagBag from /Users/paulamedina/venv/lib/python3.12/site-packages/airflow/example_dags/example_branch_labels.py
[2024-05-06T20:05:14.281-0500] {processor.py:840} INFO - DAG(s) 'example_branch_labels' retrieved from /Users/paulamedina/venv/lib/python3.12/site-packages/airflow/example_dags/example_branch_labels.py
[2024-05-06T20:05:14.357-0500] {logging_mixin.py:188} INFO - [2024-05-06T20:05:14.357-0500] {dag.py:3096} INFO - Sync 1 DAGs
[2024-05-06T20:05:14.371-0500] {logging_mixin.py:188} INFO - [2024-05-06T20:05:14.371-0500] {dag.py:3954} INFO - Setting next_dagrun for example_branch_labels to 2024-05-06 00:00:00+00:00, run_after=2024-05-07 00:00:00+00:00
[2024-05-06T20:05:14.384-0500] {processor.py:183} INFO - Processing /Users/paulamedina/venv/lib/python3.12/site-packages/airflow/example_dags/example_branch_labels.py took 0.114 seconds
[2024-05-06T20:08:44.002-0500] {processor.py:161} INFO - Started process (PID=41110) to work on /Users/paulamedina/venv/lib/python3.12/site-packages/airflow/example_dags/example_branch_labels.py
[2024-05-06T20:08:44.003-0500] {processor.py:830} INFO - Processing file /Users/paulamedina/venv/lib/python3.12/site-packages/airflow/example_dags/example_branch_labels.py for tasks to queue
[2024-05-06T20:08:44.003-0500] {logging_mixin.py:188} INFO - [2024-05-06T20:08:44.003-0500] {dagbag.py:540} INFO - Filling up the DagBag from /Users/paulamedina/venv/lib/python3.12/site-packages/airflow/example_dags/example_branch_labels.py
[2024-05-06T20:08:44.012-0500] {processor.py:840} INFO - DAG(s) 'example_branch_labels' retrieved from /Users/paulamedina/venv/lib/python3.12/site-packages/airflow/example_dags/example_branch_labels.py
[2024-05-06T20:08:44.101-0500] {logging_mixin.py:188} INFO - [2024-05-06T20:08:44.101-0500] {dag.py:3096} INFO - Sync 1 DAGs
[2024-05-06T20:08:44.116-0500] {logging_mixin.py:188} INFO - [2024-05-06T20:08:44.116-0500] {dag.py:3954} INFO - Setting next_dagrun for example_branch_labels to 2024-05-06 00:00:00+00:00, run_after=2024-05-07 00:00:00+00:00
[2024-05-06T20:08:44.132-0500] {processor.py:183} INFO - Processing /Users/paulamedina/venv/lib/python3.12/site-packages/airflow/example_dags/example_branch_labels.py took 0.132 seconds
[2024-05-06T20:12:02.791-0500] {processor.py:161} INFO - Started process (PID=41906) to work on /Users/paulamedina/venv/lib/python3.12/site-packages/airflow/example_dags/example_branch_labels.py
[2024-05-06T20:12:02.792-0500] {processor.py:830} INFO - Processing file /Users/paulamedina/venv/lib/python3.12/site-packages/airflow/example_dags/example_branch_labels.py for tasks to queue
[2024-05-06T20:12:02.792-0500] {logging_mixin.py:188} INFO - [2024-05-06T20:12:02.792-0500] {dagbag.py:540} INFO - Filling up the DagBag from /Users/paulamedina/venv/lib/python3.12/site-packages/airflow/example_dags/example_branch_labels.py
[2024-05-06T20:12:02.801-0500] {processor.py:840} INFO - DAG(s) 'example_branch_labels' retrieved from /Users/paulamedina/venv/lib/python3.12/site-packages/airflow/example_dags/example_branch_labels.py
[2024-05-06T20:12:02.890-0500] {logging_mixin.py:188} INFO - [2024-05-06T20:12:02.890-0500] {dag.py:3096} INFO - Sync 1 DAGs
[2024-05-06T20:12:02.905-0500] {logging_mixin.py:188} INFO - [2024-05-06T20:12:02.905-0500] {dag.py:3954} INFO - Setting next_dagrun for example_branch_labels to 2024-05-06 00:00:00+00:00, run_after=2024-05-07 00:00:00+00:00
[2024-05-06T20:12:02.920-0500] {processor.py:183} INFO - Processing /Users/paulamedina/venv/lib/python3.12/site-packages/airflow/example_dags/example_branch_labels.py took 0.131 seconds
[2024-05-06T20:15:20.225-0500] {processor.py:161} INFO - Started process (PID=42600) to work on /Users/paulamedina/venv/lib/python3.12/site-packages/airflow/example_dags/example_branch_labels.py
[2024-05-06T20:15:20.225-0500] {processor.py:830} INFO - Processing file /Users/paulamedina/venv/lib/python3.12/site-packages/airflow/example_dags/example_branch_labels.py for tasks to queue
[2024-05-06T20:15:20.226-0500] {logging_mixin.py:188} INFO - [2024-05-06T20:15:20.226-0500] {dagbag.py:540} INFO - Filling up the DagBag from /Users/paulamedina/venv/lib/python3.12/site-packages/airflow/example_dags/example_branch_labels.py
[2024-05-06T20:15:20.233-0500] {processor.py:840} INFO - DAG(s) 'example_branch_labels' retrieved from /Users/paulamedina/venv/lib/python3.12/site-packages/airflow/example_dags/example_branch_labels.py
[2024-05-06T20:15:20.312-0500] {logging_mixin.py:188} INFO - [2024-05-06T20:15:20.312-0500] {dag.py:3096} INFO - Sync 1 DAGs
[2024-05-06T20:15:20.325-0500] {logging_mixin.py:188} INFO - [2024-05-06T20:15:20.325-0500] {dag.py:3954} INFO - Setting next_dagrun for example_branch_labels to 2024-05-06 00:00:00+00:00, run_after=2024-05-07 00:00:00+00:00
[2024-05-06T20:15:20.338-0500] {processor.py:183} INFO - Processing /Users/paulamedina/venv/lib/python3.12/site-packages/airflow/example_dags/example_branch_labels.py took 0.116 seconds
[2024-05-06T20:18:47.808-0500] {processor.py:161} INFO - Started process (PID=43340) to work on /Users/paulamedina/venv/lib/python3.12/site-packages/airflow/example_dags/example_branch_labels.py
[2024-05-06T20:18:47.809-0500] {processor.py:830} INFO - Processing file /Users/paulamedina/venv/lib/python3.12/site-packages/airflow/example_dags/example_branch_labels.py for tasks to queue
[2024-05-06T20:18:47.809-0500] {logging_mixin.py:188} INFO - [2024-05-06T20:18:47.809-0500] {dagbag.py:540} INFO - Filling up the DagBag from /Users/paulamedina/venv/lib/python3.12/site-packages/airflow/example_dags/example_branch_labels.py
[2024-05-06T20:18:47.818-0500] {processor.py:840} INFO - DAG(s) 'example_branch_labels' retrieved from /Users/paulamedina/venv/lib/python3.12/site-packages/airflow/example_dags/example_branch_labels.py
[2024-05-06T20:18:47.907-0500] {logging_mixin.py:188} INFO - [2024-05-06T20:18:47.907-0500] {dag.py:3096} INFO - Sync 1 DAGs
[2024-05-06T20:18:47.922-0500] {logging_mixin.py:188} INFO - [2024-05-06T20:18:47.922-0500] {dag.py:3954} INFO - Setting next_dagrun for example_branch_labels to 2024-05-06 00:00:00+00:00, run_after=2024-05-07 00:00:00+00:00
[2024-05-06T20:18:47.938-0500] {processor.py:183} INFO - Processing /Users/paulamedina/venv/lib/python3.12/site-packages/airflow/example_dags/example_branch_labels.py took 0.132 seconds
[2024-05-06T20:22:15.379-0500] {processor.py:161} INFO - Started process (PID=44080) to work on /Users/paulamedina/venv/lib/python3.12/site-packages/airflow/example_dags/example_branch_labels.py
[2024-05-06T20:22:15.379-0500] {processor.py:830} INFO - Processing file /Users/paulamedina/venv/lib/python3.12/site-packages/airflow/example_dags/example_branch_labels.py for tasks to queue
[2024-05-06T20:22:15.380-0500] {logging_mixin.py:188} INFO - [2024-05-06T20:22:15.380-0500] {dagbag.py:540} INFO - Filling up the DagBag from /Users/paulamedina/venv/lib/python3.12/site-packages/airflow/example_dags/example_branch_labels.py
[2024-05-06T20:22:15.387-0500] {processor.py:840} INFO - DAG(s) 'example_branch_labels' retrieved from /Users/paulamedina/venv/lib/python3.12/site-packages/airflow/example_dags/example_branch_labels.py
[2024-05-06T20:22:15.465-0500] {logging_mixin.py:188} INFO - [2024-05-06T20:22:15.464-0500] {dag.py:3096} INFO - Sync 1 DAGs
[2024-05-06T20:22:15.478-0500] {logging_mixin.py:188} INFO - [2024-05-06T20:22:15.477-0500] {dag.py:3954} INFO - Setting next_dagrun for example_branch_labels to 2024-05-06 00:00:00+00:00, run_after=2024-05-07 00:00:00+00:00
[2024-05-06T20:22:15.492-0500] {processor.py:183} INFO - Processing /Users/paulamedina/venv/lib/python3.12/site-packages/airflow/example_dags/example_branch_labels.py took 0.115 seconds
[2024-05-06T20:25:38.194-0500] {processor.py:161} INFO - Started process (PID=44793) to work on /Users/paulamedina/venv/lib/python3.12/site-packages/airflow/example_dags/example_branch_labels.py
[2024-05-06T20:25:38.195-0500] {processor.py:830} INFO - Processing file /Users/paulamedina/venv/lib/python3.12/site-packages/airflow/example_dags/example_branch_labels.py for tasks to queue
[2024-05-06T20:25:38.196-0500] {logging_mixin.py:188} INFO - [2024-05-06T20:25:38.195-0500] {dagbag.py:540} INFO - Filling up the DagBag from /Users/paulamedina/venv/lib/python3.12/site-packages/airflow/example_dags/example_branch_labels.py
[2024-05-06T20:25:38.203-0500] {processor.py:840} INFO - DAG(s) 'example_branch_labels' retrieved from /Users/paulamedina/venv/lib/python3.12/site-packages/airflow/example_dags/example_branch_labels.py
[2024-05-06T20:25:38.291-0500] {logging_mixin.py:188} INFO - [2024-05-06T20:25:38.291-0500] {dag.py:3096} INFO - Sync 1 DAGs
[2024-05-06T20:25:38.306-0500] {logging_mixin.py:188} INFO - [2024-05-06T20:25:38.306-0500] {dag.py:3954} INFO - Setting next_dagrun for example_branch_labels to 2024-05-06 00:00:00+00:00, run_after=2024-05-07 00:00:00+00:00
[2024-05-06T20:25:38.322-0500] {processor.py:183} INFO - Processing /Users/paulamedina/venv/lib/python3.12/site-packages/airflow/example_dags/example_branch_labels.py took 0.130 seconds
[2024-05-06T20:29:04.354-0500] {processor.py:161} INFO - Started process (PID=45622) to work on /Users/paulamedina/venv/lib/python3.12/site-packages/airflow/example_dags/example_branch_labels.py
[2024-05-06T20:29:04.354-0500] {processor.py:830} INFO - Processing file /Users/paulamedina/venv/lib/python3.12/site-packages/airflow/example_dags/example_branch_labels.py for tasks to queue
[2024-05-06T20:29:04.355-0500] {logging_mixin.py:188} INFO - [2024-05-06T20:29:04.355-0500] {dagbag.py:540} INFO - Filling up the DagBag from /Users/paulamedina/venv/lib/python3.12/site-packages/airflow/example_dags/example_branch_labels.py
[2024-05-06T20:29:04.362-0500] {processor.py:840} INFO - DAG(s) 'example_branch_labels' retrieved from /Users/paulamedina/venv/lib/python3.12/site-packages/airflow/example_dags/example_branch_labels.py
[2024-05-06T20:29:04.438-0500] {logging_mixin.py:188} INFO - [2024-05-06T20:29:04.438-0500] {dag.py:3096} INFO - Sync 1 DAGs
[2024-05-06T20:29:04.452-0500] {logging_mixin.py:188} INFO - [2024-05-06T20:29:04.452-0500] {dag.py:3954} INFO - Setting next_dagrun for example_branch_labels to 2024-05-06 00:00:00+00:00, run_after=2024-05-07 00:00:00+00:00
[2024-05-06T20:29:04.466-0500] {processor.py:183} INFO - Processing /Users/paulamedina/venv/lib/python3.12/site-packages/airflow/example_dags/example_branch_labels.py took 0.114 seconds
[2024-05-06T20:32:26.739-0500] {processor.py:161} INFO - Started process (PID=46351) to work on /Users/paulamedina/venv/lib/python3.12/site-packages/airflow/example_dags/example_branch_labels.py
[2024-05-06T20:32:26.740-0500] {processor.py:830} INFO - Processing file /Users/paulamedina/venv/lib/python3.12/site-packages/airflow/example_dags/example_branch_labels.py for tasks to queue
[2024-05-06T20:32:26.741-0500] {logging_mixin.py:188} INFO - [2024-05-06T20:32:26.740-0500] {dagbag.py:540} INFO - Filling up the DagBag from /Users/paulamedina/venv/lib/python3.12/site-packages/airflow/example_dags/example_branch_labels.py
[2024-05-06T20:32:26.748-0500] {processor.py:840} INFO - DAG(s) 'example_branch_labels' retrieved from /Users/paulamedina/venv/lib/python3.12/site-packages/airflow/example_dags/example_branch_labels.py
[2024-05-06T20:32:26.827-0500] {logging_mixin.py:188} INFO - [2024-05-06T20:32:26.827-0500] {dag.py:3096} INFO - Sync 1 DAGs
[2024-05-06T20:32:26.840-0500] {logging_mixin.py:188} INFO - [2024-05-06T20:32:26.840-0500] {dag.py:3954} INFO - Setting next_dagrun for example_branch_labels to 2024-05-06 00:00:00+00:00, run_after=2024-05-07 00:00:00+00:00
[2024-05-06T20:32:26.855-0500] {processor.py:183} INFO - Processing /Users/paulamedina/venv/lib/python3.12/site-packages/airflow/example_dags/example_branch_labels.py took 0.118 seconds
[2024-05-06T20:35:49.581-0500] {processor.py:161} INFO - Started process (PID=47067) to work on /Users/paulamedina/venv/lib/python3.12/site-packages/airflow/example_dags/example_branch_labels.py
[2024-05-06T20:35:49.582-0500] {processor.py:830} INFO - Processing file /Users/paulamedina/venv/lib/python3.12/site-packages/airflow/example_dags/example_branch_labels.py for tasks to queue
[2024-05-06T20:35:49.582-0500] {logging_mixin.py:188} INFO - [2024-05-06T20:35:49.582-0500] {dagbag.py:540} INFO - Filling up the DagBag from /Users/paulamedina/venv/lib/python3.12/site-packages/airflow/example_dags/example_branch_labels.py
[2024-05-06T20:35:49.591-0500] {processor.py:840} INFO - DAG(s) 'example_branch_labels' retrieved from /Users/paulamedina/venv/lib/python3.12/site-packages/airflow/example_dags/example_branch_labels.py
[2024-05-06T20:35:49.680-0500] {logging_mixin.py:188} INFO - [2024-05-06T20:35:49.680-0500] {dag.py:3096} INFO - Sync 1 DAGs
[2024-05-06T20:35:49.695-0500] {logging_mixin.py:188} INFO - [2024-05-06T20:35:49.695-0500] {dag.py:3954} INFO - Setting next_dagrun for example_branch_labels to 2024-05-06 00:00:00+00:00, run_after=2024-05-07 00:00:00+00:00
[2024-05-06T20:35:49.711-0500] {processor.py:183} INFO - Processing /Users/paulamedina/venv/lib/python3.12/site-packages/airflow/example_dags/example_branch_labels.py took 0.132 seconds
[2024-05-06T20:39:06.800-0500] {processor.py:161} INFO - Started process (PID=47780) to work on /Users/paulamedina/venv/lib/python3.12/site-packages/airflow/example_dags/example_branch_labels.py
[2024-05-06T20:39:06.800-0500] {processor.py:830} INFO - Processing file /Users/paulamedina/venv/lib/python3.12/site-packages/airflow/example_dags/example_branch_labels.py for tasks to queue
[2024-05-06T20:39:06.801-0500] {logging_mixin.py:188} INFO - [2024-05-06T20:39:06.801-0500] {dagbag.py:540} INFO - Filling up the DagBag from /Users/paulamedina/venv/lib/python3.12/site-packages/airflow/example_dags/example_branch_labels.py
[2024-05-06T20:39:06.808-0500] {processor.py:840} INFO - DAG(s) 'example_branch_labels' retrieved from /Users/paulamedina/venv/lib/python3.12/site-packages/airflow/example_dags/example_branch_labels.py
[2024-05-06T20:39:06.884-0500] {logging_mixin.py:188} INFO - [2024-05-06T20:39:06.884-0500] {dag.py:3096} INFO - Sync 1 DAGs
[2024-05-06T20:39:06.898-0500] {logging_mixin.py:188} INFO - [2024-05-06T20:39:06.898-0500] {dag.py:3954} INFO - Setting next_dagrun for example_branch_labels to 2024-05-06 00:00:00+00:00, run_after=2024-05-07 00:00:00+00:00
[2024-05-06T20:39:06.911-0500] {processor.py:183} INFO - Processing /Users/paulamedina/venv/lib/python3.12/site-packages/airflow/example_dags/example_branch_labels.py took 0.114 seconds
[2024-05-06T20:42:36.307-0500] {processor.py:161} INFO - Started process (PID=48516) to work on /Users/paulamedina/venv/lib/python3.12/site-packages/airflow/example_dags/example_branch_labels.py
[2024-05-06T20:42:36.308-0500] {processor.py:830} INFO - Processing file /Users/paulamedina/venv/lib/python3.12/site-packages/airflow/example_dags/example_branch_labels.py for tasks to queue
[2024-05-06T20:42:36.309-0500] {logging_mixin.py:188} INFO - [2024-05-06T20:42:36.308-0500] {dagbag.py:540} INFO - Filling up the DagBag from /Users/paulamedina/venv/lib/python3.12/site-packages/airflow/example_dags/example_branch_labels.py
[2024-05-06T20:42:36.316-0500] {processor.py:840} INFO - DAG(s) 'example_branch_labels' retrieved from /Users/paulamedina/venv/lib/python3.12/site-packages/airflow/example_dags/example_branch_labels.py
[2024-05-06T20:42:36.393-0500] {logging_mixin.py:188} INFO - [2024-05-06T20:42:36.393-0500] {dag.py:3096} INFO - Sync 1 DAGs
[2024-05-06T20:42:36.406-0500] {logging_mixin.py:188} INFO - [2024-05-06T20:42:36.406-0500] {dag.py:3954} INFO - Setting next_dagrun for example_branch_labels to 2024-05-06 00:00:00+00:00, run_after=2024-05-07 00:00:00+00:00
[2024-05-06T20:42:36.421-0500] {processor.py:183} INFO - Processing /Users/paulamedina/venv/lib/python3.12/site-packages/airflow/example_dags/example_branch_labels.py took 0.115 seconds
[2024-05-06T20:46:01.265-0500] {processor.py:161} INFO - Started process (PID=49243) to work on /Users/paulamedina/venv/lib/python3.12/site-packages/airflow/example_dags/example_branch_labels.py
[2024-05-06T20:46:01.265-0500] {processor.py:830} INFO - Processing file /Users/paulamedina/venv/lib/python3.12/site-packages/airflow/example_dags/example_branch_labels.py for tasks to queue
[2024-05-06T20:46:01.266-0500] {logging_mixin.py:188} INFO - [2024-05-06T20:46:01.266-0500] {dagbag.py:540} INFO - Filling up the DagBag from /Users/paulamedina/venv/lib/python3.12/site-packages/airflow/example_dags/example_branch_labels.py
[2024-05-06T20:46:01.274-0500] {processor.py:840} INFO - DAG(s) 'example_branch_labels' retrieved from /Users/paulamedina/venv/lib/python3.12/site-packages/airflow/example_dags/example_branch_labels.py
[2024-05-06T20:46:01.353-0500] {logging_mixin.py:188} INFO - [2024-05-06T20:46:01.353-0500] {dag.py:3096} INFO - Sync 1 DAGs
[2024-05-06T20:46:01.366-0500] {logging_mixin.py:188} INFO - [2024-05-06T20:46:01.366-0500] {dag.py:3954} INFO - Setting next_dagrun for example_branch_labels to 2024-05-06 00:00:00+00:00, run_after=2024-05-07 00:00:00+00:00
[2024-05-06T20:46:01.380-0500] {processor.py:183} INFO - Processing /Users/paulamedina/venv/lib/python3.12/site-packages/airflow/example_dags/example_branch_labels.py took 0.117 seconds
[2024-05-06T20:49:31.921-0500] {processor.py:161} INFO - Started process (PID=50086) to work on /Users/paulamedina/venv/lib/python3.12/site-packages/airflow/example_dags/example_branch_labels.py
[2024-05-06T20:49:31.922-0500] {processor.py:830} INFO - Processing file /Users/paulamedina/venv/lib/python3.12/site-packages/airflow/example_dags/example_branch_labels.py for tasks to queue
[2024-05-06T20:49:31.922-0500] {logging_mixin.py:188} INFO - [2024-05-06T20:49:31.922-0500] {dagbag.py:540} INFO - Filling up the DagBag from /Users/paulamedina/venv/lib/python3.12/site-packages/airflow/example_dags/example_branch_labels.py
[2024-05-06T20:49:31.929-0500] {processor.py:840} INFO - DAG(s) 'example_branch_labels' retrieved from /Users/paulamedina/venv/lib/python3.12/site-packages/airflow/example_dags/example_branch_labels.py
[2024-05-06T20:49:32.006-0500] {logging_mixin.py:188} INFO - [2024-05-06T20:49:32.006-0500] {dag.py:3096} INFO - Sync 1 DAGs
[2024-05-06T20:49:32.019-0500] {logging_mixin.py:188} INFO - [2024-05-06T20:49:32.019-0500] {dag.py:3954} INFO - Setting next_dagrun for example_branch_labels to 2024-05-06 00:00:00+00:00, run_after=2024-05-07 00:00:00+00:00
[2024-05-06T20:49:32.034-0500] {processor.py:183} INFO - Processing /Users/paulamedina/venv/lib/python3.12/site-packages/airflow/example_dags/example_branch_labels.py took 0.115 seconds
[2024-05-06T20:53:02.972-0500] {processor.py:161} INFO - Started process (PID=50824) to work on /Users/paulamedina/venv/lib/python3.12/site-packages/airflow/example_dags/example_branch_labels.py
[2024-05-06T20:53:02.972-0500] {processor.py:830} INFO - Processing file /Users/paulamedina/venv/lib/python3.12/site-packages/airflow/example_dags/example_branch_labels.py for tasks to queue
[2024-05-06T20:53:02.973-0500] {logging_mixin.py:188} INFO - [2024-05-06T20:53:02.973-0500] {dagbag.py:540} INFO - Filling up the DagBag from /Users/paulamedina/venv/lib/python3.12/site-packages/airflow/example_dags/example_branch_labels.py
[2024-05-06T20:53:02.980-0500] {processor.py:840} INFO - DAG(s) 'example_branch_labels' retrieved from /Users/paulamedina/venv/lib/python3.12/site-packages/airflow/example_dags/example_branch_labels.py
[2024-05-06T20:53:03.060-0500] {logging_mixin.py:188} INFO - [2024-05-06T20:53:03.059-0500] {dag.py:3096} INFO - Sync 1 DAGs
[2024-05-06T20:53:03.074-0500] {logging_mixin.py:188} INFO - [2024-05-06T20:53:03.074-0500] {dag.py:3954} INFO - Setting next_dagrun for example_branch_labels to 2024-05-06 00:00:00+00:00, run_after=2024-05-07 00:00:00+00:00
[2024-05-06T20:53:03.089-0500] {processor.py:183} INFO - Processing /Users/paulamedina/venv/lib/python3.12/site-packages/airflow/example_dags/example_branch_labels.py took 0.119 seconds
[2024-05-06T20:56:28.147-0500] {processor.py:161} INFO - Started process (PID=51560) to work on /Users/paulamedina/venv/lib/python3.12/site-packages/airflow/example_dags/example_branch_labels.py
[2024-05-06T20:56:28.148-0500] {processor.py:830} INFO - Processing file /Users/paulamedina/venv/lib/python3.12/site-packages/airflow/example_dags/example_branch_labels.py for tasks to queue
[2024-05-06T20:56:28.148-0500] {logging_mixin.py:188} INFO - [2024-05-06T20:56:28.148-0500] {dagbag.py:540} INFO - Filling up the DagBag from /Users/paulamedina/venv/lib/python3.12/site-packages/airflow/example_dags/example_branch_labels.py
[2024-05-06T20:56:28.156-0500] {processor.py:840} INFO - DAG(s) 'example_branch_labels' retrieved from /Users/paulamedina/venv/lib/python3.12/site-packages/airflow/example_dags/example_branch_labels.py
[2024-05-06T20:56:28.238-0500] {logging_mixin.py:188} INFO - [2024-05-06T20:56:28.238-0500] {dag.py:3096} INFO - Sync 1 DAGs
[2024-05-06T20:56:28.253-0500] {logging_mixin.py:188} INFO - [2024-05-06T20:56:28.253-0500] {dag.py:3954} INFO - Setting next_dagrun for example_branch_labels to 2024-05-06 00:00:00+00:00, run_after=2024-05-07 00:00:00+00:00
[2024-05-06T20:56:28.270-0500] {processor.py:183} INFO - Processing /Users/paulamedina/venv/lib/python3.12/site-packages/airflow/example_dags/example_branch_labels.py took 0.125 seconds
[2024-05-06T21:00:03.798-0500] {processor.py:161} INFO - Started process (PID=52329) to work on /Users/paulamedina/venv/lib/python3.12/site-packages/airflow/example_dags/example_branch_labels.py
[2024-05-06T21:00:03.799-0500] {processor.py:830} INFO - Processing file /Users/paulamedina/venv/lib/python3.12/site-packages/airflow/example_dags/example_branch_labels.py for tasks to queue
[2024-05-06T21:00:03.800-0500] {logging_mixin.py:188} INFO - [2024-05-06T21:00:03.800-0500] {dagbag.py:540} INFO - Filling up the DagBag from /Users/paulamedina/venv/lib/python3.12/site-packages/airflow/example_dags/example_branch_labels.py
[2024-05-06T21:00:03.809-0500] {processor.py:840} INFO - DAG(s) 'example_branch_labels' retrieved from /Users/paulamedina/venv/lib/python3.12/site-packages/airflow/example_dags/example_branch_labels.py
[2024-05-06T21:00:03.900-0500] {logging_mixin.py:188} INFO - [2024-05-06T21:00:03.899-0500] {dag.py:3096} INFO - Sync 1 DAGs
[2024-05-06T21:00:03.916-0500] {logging_mixin.py:188} INFO - [2024-05-06T21:00:03.915-0500] {dag.py:3954} INFO - Setting next_dagrun for example_branch_labels to 2024-05-06 00:00:00+00:00, run_after=2024-05-07 00:00:00+00:00
[2024-05-06T21:00:03.932-0500] {processor.py:183} INFO - Processing /Users/paulamedina/venv/lib/python3.12/site-packages/airflow/example_dags/example_branch_labels.py took 0.136 seconds
[2024-05-06T21:03:51.921-0500] {processor.py:161} INFO - Started process (PID=53250) to work on /Users/paulamedina/venv/lib/python3.12/site-packages/airflow/example_dags/example_branch_labels.py
[2024-05-06T21:03:51.922-0500] {processor.py:830} INFO - Processing file /Users/paulamedina/venv/lib/python3.12/site-packages/airflow/example_dags/example_branch_labels.py for tasks to queue
[2024-05-06T21:03:51.923-0500] {logging_mixin.py:188} INFO - [2024-05-06T21:03:51.923-0500] {dagbag.py:540} INFO - Filling up the DagBag from /Users/paulamedina/venv/lib/python3.12/site-packages/airflow/example_dags/example_branch_labels.py
[2024-05-06T21:03:51.931-0500] {processor.py:840} INFO - DAG(s) 'example_branch_labels' retrieved from /Users/paulamedina/venv/lib/python3.12/site-packages/airflow/example_dags/example_branch_labels.py
[2024-05-06T21:03:52.021-0500] {logging_mixin.py:188} INFO - [2024-05-06T21:03:52.021-0500] {dag.py:3096} INFO - Sync 1 DAGs
[2024-05-06T21:03:52.036-0500] {logging_mixin.py:188} INFO - [2024-05-06T21:03:52.036-0500] {dag.py:3954} INFO - Setting next_dagrun for example_branch_labels to 2024-05-06 00:00:00+00:00, run_after=2024-05-07 00:00:00+00:00
[2024-05-06T21:03:52.052-0500] {processor.py:183} INFO - Processing /Users/paulamedina/venv/lib/python3.12/site-packages/airflow/example_dags/example_branch_labels.py took 0.133 seconds
[2024-05-06T21:07:14.861-0500] {processor.py:161} INFO - Started process (PID=54059) to work on /Users/paulamedina/venv/lib/python3.12/site-packages/airflow/example_dags/example_branch_labels.py
[2024-05-06T21:07:14.862-0500] {processor.py:830} INFO - Processing file /Users/paulamedina/venv/lib/python3.12/site-packages/airflow/example_dags/example_branch_labels.py for tasks to queue
[2024-05-06T21:07:14.862-0500] {logging_mixin.py:188} INFO - [2024-05-06T21:07:14.862-0500] {dagbag.py:540} INFO - Filling up the DagBag from /Users/paulamedina/venv/lib/python3.12/site-packages/airflow/example_dags/example_branch_labels.py
[2024-05-06T21:07:14.871-0500] {processor.py:840} INFO - DAG(s) 'example_branch_labels' retrieved from /Users/paulamedina/venv/lib/python3.12/site-packages/airflow/example_dags/example_branch_labels.py
[2024-05-06T21:07:14.959-0500] {logging_mixin.py:188} INFO - [2024-05-06T21:07:14.959-0500] {dag.py:3096} INFO - Sync 1 DAGs
[2024-05-06T21:07:14.974-0500] {logging_mixin.py:188} INFO - [2024-05-06T21:07:14.974-0500] {dag.py:3954} INFO - Setting next_dagrun for example_branch_labels to 2024-05-06 00:00:00+00:00, run_after=2024-05-07 00:00:00+00:00
[2024-05-06T21:07:14.989-0500] {processor.py:183} INFO - Processing /Users/paulamedina/venv/lib/python3.12/site-packages/airflow/example_dags/example_branch_labels.py took 0.131 seconds
[2024-05-06T21:10:39.275-0500] {processor.py:161} INFO - Started process (PID=54774) to work on /Users/paulamedina/venv/lib/python3.12/site-packages/airflow/example_dags/example_branch_labels.py
[2024-05-06T21:10:39.276-0500] {processor.py:830} INFO - Processing file /Users/paulamedina/venv/lib/python3.12/site-packages/airflow/example_dags/example_branch_labels.py for tasks to queue
[2024-05-06T21:10:39.276-0500] {logging_mixin.py:188} INFO - [2024-05-06T21:10:39.276-0500] {dagbag.py:540} INFO - Filling up the DagBag from /Users/paulamedina/venv/lib/python3.12/site-packages/airflow/example_dags/example_branch_labels.py
[2024-05-06T21:10:39.285-0500] {processor.py:840} INFO - DAG(s) 'example_branch_labels' retrieved from /Users/paulamedina/venv/lib/python3.12/site-packages/airflow/example_dags/example_branch_labels.py
[2024-05-06T21:10:39.372-0500] {logging_mixin.py:188} INFO - [2024-05-06T21:10:39.372-0500] {dag.py:3096} INFO - Sync 1 DAGs
[2024-05-06T21:10:39.389-0500] {logging_mixin.py:188} INFO - [2024-05-06T21:10:39.389-0500] {dag.py:3954} INFO - Setting next_dagrun for example_branch_labels to 2024-05-06 00:00:00+00:00, run_after=2024-05-07 00:00:00+00:00
[2024-05-06T21:10:39.404-0500] {processor.py:183} INFO - Processing /Users/paulamedina/venv/lib/python3.12/site-packages/airflow/example_dags/example_branch_labels.py took 0.132 seconds
[2024-05-06T21:14:04.642-0500] {processor.py:161} INFO - Started process (PID=55511) to work on /Users/paulamedina/venv/lib/python3.12/site-packages/airflow/example_dags/example_branch_labels.py
[2024-05-06T21:14:04.643-0500] {processor.py:830} INFO - Processing file /Users/paulamedina/venv/lib/python3.12/site-packages/airflow/example_dags/example_branch_labels.py for tasks to queue
[2024-05-06T21:14:04.644-0500] {logging_mixin.py:188} INFO - [2024-05-06T21:14:04.644-0500] {dagbag.py:540} INFO - Filling up the DagBag from /Users/paulamedina/venv/lib/python3.12/site-packages/airflow/example_dags/example_branch_labels.py
[2024-05-06T21:14:04.653-0500] {processor.py:840} INFO - DAG(s) 'example_branch_labels' retrieved from /Users/paulamedina/venv/lib/python3.12/site-packages/airflow/example_dags/example_branch_labels.py
[2024-05-06T21:14:04.736-0500] {logging_mixin.py:188} INFO - [2024-05-06T21:14:04.735-0500] {dag.py:3096} INFO - Sync 1 DAGs
[2024-05-06T21:14:04.749-0500] {logging_mixin.py:188} INFO - [2024-05-06T21:14:04.749-0500] {dag.py:3954} INFO - Setting next_dagrun for example_branch_labels to 2024-05-06 00:00:00+00:00, run_after=2024-05-07 00:00:00+00:00
[2024-05-06T21:14:04.764-0500] {processor.py:183} INFO - Processing /Users/paulamedina/venv/lib/python3.12/site-packages/airflow/example_dags/example_branch_labels.py took 0.124 seconds
[2024-05-06T21:17:34.029-0500] {processor.py:161} INFO - Started process (PID=56245) to work on /Users/paulamedina/venv/lib/python3.12/site-packages/airflow/example_dags/example_branch_labels.py
[2024-05-06T21:17:34.030-0500] {processor.py:830} INFO - Processing file /Users/paulamedina/venv/lib/python3.12/site-packages/airflow/example_dags/example_branch_labels.py for tasks to queue
[2024-05-06T21:17:34.031-0500] {logging_mixin.py:188} INFO - [2024-05-06T21:17:34.030-0500] {dagbag.py:540} INFO - Filling up the DagBag from /Users/paulamedina/venv/lib/python3.12/site-packages/airflow/example_dags/example_branch_labels.py
[2024-05-06T21:17:34.038-0500] {processor.py:840} INFO - DAG(s) 'example_branch_labels' retrieved from /Users/paulamedina/venv/lib/python3.12/site-packages/airflow/example_dags/example_branch_labels.py
[2024-05-06T21:17:34.124-0500] {logging_mixin.py:188} INFO - [2024-05-06T21:17:34.123-0500] {dag.py:3096} INFO - Sync 1 DAGs
[2024-05-06T21:17:34.139-0500] {logging_mixin.py:188} INFO - [2024-05-06T21:17:34.139-0500] {dag.py:3954} INFO - Setting next_dagrun for example_branch_labels to 2024-05-06 00:00:00+00:00, run_after=2024-05-07 00:00:00+00:00
[2024-05-06T21:17:34.155-0500] {processor.py:183} INFO - Processing /Users/paulamedina/venv/lib/python3.12/site-packages/airflow/example_dags/example_branch_labels.py took 0.128 seconds
[2024-05-06T21:21:05.651-0500] {processor.py:161} INFO - Started process (PID=57090) to work on /Users/paulamedina/venv/lib/python3.12/site-packages/airflow/example_dags/example_branch_labels.py
[2024-05-06T21:21:05.651-0500] {processor.py:830} INFO - Processing file /Users/paulamedina/venv/lib/python3.12/site-packages/airflow/example_dags/example_branch_labels.py for tasks to queue
[2024-05-06T21:21:05.652-0500] {logging_mixin.py:188} INFO - [2024-05-06T21:21:05.652-0500] {dagbag.py:540} INFO - Filling up the DagBag from /Users/paulamedina/venv/lib/python3.12/site-packages/airflow/example_dags/example_branch_labels.py
[2024-05-06T21:21:05.659-0500] {processor.py:840} INFO - DAG(s) 'example_branch_labels' retrieved from /Users/paulamedina/venv/lib/python3.12/site-packages/airflow/example_dags/example_branch_labels.py
[2024-05-06T21:21:05.735-0500] {logging_mixin.py:188} INFO - [2024-05-06T21:21:05.735-0500] {dag.py:3096} INFO - Sync 1 DAGs
[2024-05-06T21:21:05.750-0500] {logging_mixin.py:188} INFO - [2024-05-06T21:21:05.750-0500] {dag.py:3954} INFO - Setting next_dagrun for example_branch_labels to 2024-05-06 00:00:00+00:00, run_after=2024-05-07 00:00:00+00:00
[2024-05-06T21:21:05.764-0500] {processor.py:183} INFO - Processing /Users/paulamedina/venv/lib/python3.12/site-packages/airflow/example_dags/example_branch_labels.py took 0.116 seconds
[2024-05-06T21:24:36.133-0500] {processor.py:161} INFO - Started process (PID=57821) to work on /Users/paulamedina/venv/lib/python3.12/site-packages/airflow/example_dags/example_branch_labels.py
[2024-05-06T21:24:36.133-0500] {processor.py:830} INFO - Processing file /Users/paulamedina/venv/lib/python3.12/site-packages/airflow/example_dags/example_branch_labels.py for tasks to queue
[2024-05-06T21:24:36.134-0500] {logging_mixin.py:188} INFO - [2024-05-06T21:24:36.134-0500] {dagbag.py:540} INFO - Filling up the DagBag from /Users/paulamedina/venv/lib/python3.12/site-packages/airflow/example_dags/example_branch_labels.py
[2024-05-06T21:24:36.141-0500] {processor.py:840} INFO - DAG(s) 'example_branch_labels' retrieved from /Users/paulamedina/venv/lib/python3.12/site-packages/airflow/example_dags/example_branch_labels.py
[2024-05-06T21:24:36.221-0500] {logging_mixin.py:188} INFO - [2024-05-06T21:24:36.221-0500] {dag.py:3096} INFO - Sync 1 DAGs
[2024-05-06T21:24:36.234-0500] {logging_mixin.py:188} INFO - [2024-05-06T21:24:36.234-0500] {dag.py:3954} INFO - Setting next_dagrun for example_branch_labels to 2024-05-06 00:00:00+00:00, run_after=2024-05-07 00:00:00+00:00
[2024-05-06T21:24:36.248-0500] {processor.py:183} INFO - Processing /Users/paulamedina/venv/lib/python3.12/site-packages/airflow/example_dags/example_branch_labels.py took 0.117 seconds
[2024-05-06T21:28:07.727-0500] {processor.py:161} INFO - Started process (PID=58574) to work on /Users/paulamedina/venv/lib/python3.12/site-packages/airflow/example_dags/example_branch_labels.py
[2024-05-06T21:28:07.728-0500] {processor.py:830} INFO - Processing file /Users/paulamedina/venv/lib/python3.12/site-packages/airflow/example_dags/example_branch_labels.py for tasks to queue
[2024-05-06T21:28:07.728-0500] {logging_mixin.py:188} INFO - [2024-05-06T21:28:07.728-0500] {dagbag.py:540} INFO - Filling up the DagBag from /Users/paulamedina/venv/lib/python3.12/site-packages/airflow/example_dags/example_branch_labels.py
[2024-05-06T21:28:07.737-0500] {processor.py:840} INFO - DAG(s) 'example_branch_labels' retrieved from /Users/paulamedina/venv/lib/python3.12/site-packages/airflow/example_dags/example_branch_labels.py
[2024-05-06T21:28:07.825-0500] {logging_mixin.py:188} INFO - [2024-05-06T21:28:07.825-0500] {dag.py:3096} INFO - Sync 1 DAGs
[2024-05-06T21:28:07.840-0500] {logging_mixin.py:188} INFO - [2024-05-06T21:28:07.840-0500] {dag.py:3954} INFO - Setting next_dagrun for example_branch_labels to 2024-05-06 00:00:00+00:00, run_after=2024-05-07 00:00:00+00:00
[2024-05-06T21:28:07.855-0500] {processor.py:183} INFO - Processing /Users/paulamedina/venv/lib/python3.12/site-packages/airflow/example_dags/example_branch_labels.py took 0.130 seconds
[2024-05-06T21:32:22.228-0500] {processor.py:161} INFO - Started process (PID=59501) to work on /Users/paulamedina/venv/lib/python3.12/site-packages/airflow/example_dags/example_branch_labels.py
[2024-05-06T21:32:22.229-0500] {processor.py:830} INFO - Processing file /Users/paulamedina/venv/lib/python3.12/site-packages/airflow/example_dags/example_branch_labels.py for tasks to queue
[2024-05-06T21:32:22.230-0500] {logging_mixin.py:188} INFO - [2024-05-06T21:32:22.230-0500] {dagbag.py:540} INFO - Filling up the DagBag from /Users/paulamedina/venv/lib/python3.12/site-packages/airflow/example_dags/example_branch_labels.py
[2024-05-06T21:32:22.241-0500] {processor.py:840} INFO - DAG(s) 'example_branch_labels' retrieved from /Users/paulamedina/venv/lib/python3.12/site-packages/airflow/example_dags/example_branch_labels.py
[2024-05-06T21:32:22.343-0500] {logging_mixin.py:188} INFO - [2024-05-06T21:32:22.343-0500] {dag.py:3096} INFO - Sync 1 DAGs
[2024-05-06T21:32:22.362-0500] {logging_mixin.py:188} INFO - [2024-05-06T21:32:22.361-0500] {dag.py:3954} INFO - Setting next_dagrun for example_branch_labels to 2024-05-06 00:00:00+00:00, run_after=2024-05-07 00:00:00+00:00
[2024-05-06T21:32:22.380-0500] {processor.py:183} INFO - Processing /Users/paulamedina/venv/lib/python3.12/site-packages/airflow/example_dags/example_branch_labels.py took 0.155 seconds
[2024-05-06T21:43:58.321-0500] {processor.py:161} INFO - Started process (PID=62117) to work on /Users/paulamedina/venv/lib/python3.12/site-packages/airflow/example_dags/example_branch_labels.py
[2024-05-06T21:43:58.323-0500] {processor.py:830} INFO - Processing file /Users/paulamedina/venv/lib/python3.12/site-packages/airflow/example_dags/example_branch_labels.py for tasks to queue
[2024-05-06T21:43:58.324-0500] {logging_mixin.py:188} INFO - [2024-05-06T21:43:58.323-0500] {dagbag.py:540} INFO - Filling up the DagBag from /Users/paulamedina/venv/lib/python3.12/site-packages/airflow/example_dags/example_branch_labels.py
[2024-05-06T21:43:58.336-0500] {processor.py:840} INFO - DAG(s) 'example_branch_labels' retrieved from /Users/paulamedina/venv/lib/python3.12/site-packages/airflow/example_dags/example_branch_labels.py
[2024-05-06T21:43:58.532-0500] {logging_mixin.py:188} INFO - [2024-05-06T21:43:58.532-0500] {override.py:1829} INFO - Created Permission View: can read on DAG:example_branch_labels
[2024-05-06T21:43:58.539-0500] {logging_mixin.py:188} INFO - [2024-05-06T21:43:58.539-0500] {override.py:1829} INFO - Created Permission View: can edit on DAG:example_branch_labels
[2024-05-06T21:43:58.543-0500] {logging_mixin.py:188} INFO - [2024-05-06T21:43:58.543-0500] {override.py:1829} INFO - Created Permission View: can delete on DAG:example_branch_labels
[2024-05-06T21:43:58.544-0500] {logging_mixin.py:188} INFO - [2024-05-06T21:43:58.544-0500] {dag.py:3096} INFO - Sync 1 DAGs
[2024-05-06T21:43:58.552-0500] {logging_mixin.py:188} INFO - [2024-05-06T21:43:58.552-0500] {dag.py:3118} INFO - Creating ORM DAG for example_branch_labels
[2024-05-06T21:43:58.561-0500] {logging_mixin.py:188} INFO - [2024-05-06T21:43:58.561-0500] {dag.py:3954} INFO - Setting next_dagrun for example_branch_labels to 2024-05-06 00:00:00+00:00, run_after=2024-05-07 00:00:00+00:00
[2024-05-06T21:43:58.575-0500] {processor.py:183} INFO - Processing /Users/paulamedina/venv/lib/python3.12/site-packages/airflow/example_dags/example_branch_labels.py took 0.257 seconds
[2024-05-06T21:45:12.156-0500] {processor.py:161} INFO - Started process (PID=62413) to work on /Users/paulamedina/venv/lib/python3.12/site-packages/airflow/example_dags/example_branch_labels.py
[2024-05-06T21:45:12.157-0500] {processor.py:830} INFO - Processing file /Users/paulamedina/venv/lib/python3.12/site-packages/airflow/example_dags/example_branch_labels.py for tasks to queue
[2024-05-06T21:45:12.157-0500] {logging_mixin.py:188} INFO - [2024-05-06T21:45:12.157-0500] {dagbag.py:540} INFO - Filling up the DagBag from /Users/paulamedina/venv/lib/python3.12/site-packages/airflow/example_dags/example_branch_labels.py
[2024-05-06T21:45:12.171-0500] {processor.py:840} INFO - DAG(s) 'example_branch_labels' retrieved from /Users/paulamedina/venv/lib/python3.12/site-packages/airflow/example_dags/example_branch_labels.py
[2024-05-06T21:45:12.303-0500] {logging_mixin.py:188} INFO - [2024-05-06T21:45:12.303-0500] {dag.py:3096} INFO - Sync 1 DAGs
[2024-05-06T21:45:12.329-0500] {logging_mixin.py:188} INFO - [2024-05-06T21:45:12.328-0500] {dag.py:3954} INFO - Setting next_dagrun for example_branch_labels to 2024-05-06 00:00:00+00:00, run_after=2024-05-07 00:00:00+00:00
[2024-05-06T21:45:12.348-0500] {processor.py:183} INFO - Processing /Users/paulamedina/venv/lib/python3.12/site-packages/airflow/example_dags/example_branch_labels.py took 0.196 seconds
[2024-05-06T21:46:12.223-0500] {processor.py:161} INFO - Started process (PID=62658) to work on /Users/paulamedina/venv/lib/python3.12/site-packages/airflow/example_dags/example_branch_labels.py
[2024-05-06T21:46:12.224-0500] {processor.py:830} INFO - Processing file /Users/paulamedina/venv/lib/python3.12/site-packages/airflow/example_dags/example_branch_labels.py for tasks to queue
[2024-05-06T21:46:12.225-0500] {logging_mixin.py:188} INFO - [2024-05-06T21:46:12.225-0500] {dagbag.py:540} INFO - Filling up the DagBag from /Users/paulamedina/venv/lib/python3.12/site-packages/airflow/example_dags/example_branch_labels.py
[2024-05-06T21:46:12.238-0500] {processor.py:840} INFO - DAG(s) 'example_branch_labels' retrieved from /Users/paulamedina/venv/lib/python3.12/site-packages/airflow/example_dags/example_branch_labels.py
[2024-05-06T21:46:12.366-0500] {logging_mixin.py:188} INFO - [2024-05-06T21:46:12.365-0500] {dag.py:3096} INFO - Sync 1 DAGs
[2024-05-06T21:46:12.389-0500] {logging_mixin.py:188} INFO - [2024-05-06T21:46:12.388-0500] {dag.py:3954} INFO - Setting next_dagrun for example_branch_labels to 2024-05-06 00:00:00+00:00, run_after=2024-05-07 00:00:00+00:00
[2024-05-06T21:46:12.407-0500] {processor.py:183} INFO - Processing /Users/paulamedina/venv/lib/python3.12/site-packages/airflow/example_dags/example_branch_labels.py took 0.188 seconds
[2024-05-06T21:47:48.574-0500] {processor.py:161} INFO - Started process (PID=63044) to work on /Users/paulamedina/venv/lib/python3.12/site-packages/airflow/example_dags/example_branch_labels.py
[2024-05-06T21:47:48.576-0500] {processor.py:830} INFO - Processing file /Users/paulamedina/venv/lib/python3.12/site-packages/airflow/example_dags/example_branch_labels.py for tasks to queue
[2024-05-06T21:47:48.576-0500] {logging_mixin.py:188} INFO - [2024-05-06T21:47:48.576-0500] {dagbag.py:540} INFO - Filling up the DagBag from /Users/paulamedina/venv/lib/python3.12/site-packages/airflow/example_dags/example_branch_labels.py
[2024-05-06T21:47:48.591-0500] {processor.py:840} INFO - DAG(s) 'example_branch_labels' retrieved from /Users/paulamedina/venv/lib/python3.12/site-packages/airflow/example_dags/example_branch_labels.py
[2024-05-06T21:47:48.741-0500] {logging_mixin.py:188} INFO - [2024-05-06T21:47:48.740-0500] {dag.py:3096} INFO - Sync 1 DAGs
[2024-05-06T21:47:48.766-0500] {logging_mixin.py:188} INFO - [2024-05-06T21:47:48.765-0500] {dag.py:3954} INFO - Setting next_dagrun for example_branch_labels to 2024-05-06 00:00:00+00:00, run_after=2024-05-07 00:00:00+00:00
[2024-05-06T21:47:48.788-0500] {processor.py:183} INFO - Processing /Users/paulamedina/venv/lib/python3.12/site-packages/airflow/example_dags/example_branch_labels.py took 0.217 seconds
[2024-05-06T21:50:47.416-0500] {processor.py:161} INFO - Started process (PID=63780) to work on /Users/paulamedina/venv/lib/python3.12/site-packages/airflow/example_dags/example_branch_labels.py
[2024-05-06T21:50:47.419-0500] {processor.py:830} INFO - Processing file /Users/paulamedina/venv/lib/python3.12/site-packages/airflow/example_dags/example_branch_labels.py for tasks to queue
[2024-05-06T21:50:47.420-0500] {logging_mixin.py:188} INFO - [2024-05-06T21:50:47.420-0500] {dagbag.py:540} INFO - Filling up the DagBag from /Users/paulamedina/venv/lib/python3.12/site-packages/airflow/example_dags/example_branch_labels.py
[2024-05-06T21:50:47.445-0500] {processor.py:840} INFO - DAG(s) 'example_branch_labels' retrieved from /Users/paulamedina/venv/lib/python3.12/site-packages/airflow/example_dags/example_branch_labels.py
[2024-05-06T21:50:47.866-0500] {logging_mixin.py:188} INFO - [2024-05-06T21:50:47.866-0500] {dag.py:3096} INFO - Sync 1 DAGs
[2024-05-06T21:50:47.898-0500] {logging_mixin.py:188} INFO - [2024-05-06T21:50:47.897-0500] {dag.py:3954} INFO - Setting next_dagrun for example_branch_labels to 2024-05-06 00:00:00+00:00, run_after=2024-05-07 00:00:00+00:00
[2024-05-06T21:50:47.927-0500] {processor.py:183} INFO - Processing /Users/paulamedina/venv/lib/python3.12/site-packages/airflow/example_dags/example_branch_labels.py took 0.521 seconds
[2024-05-06T21:52:22.362-0500] {processor.py:161} INFO - Started process (PID=64156) to work on /Users/paulamedina/venv/lib/python3.12/site-packages/airflow/example_dags/example_branch_labels.py
[2024-05-06T21:52:22.363-0500] {processor.py:830} INFO - Processing file /Users/paulamedina/venv/lib/python3.12/site-packages/airflow/example_dags/example_branch_labels.py for tasks to queue
[2024-05-06T21:52:22.364-0500] {logging_mixin.py:188} INFO - [2024-05-06T21:52:22.364-0500] {dagbag.py:540} INFO - Filling up the DagBag from /Users/paulamedina/venv/lib/python3.12/site-packages/airflow/example_dags/example_branch_labels.py
[2024-05-06T21:52:22.379-0500] {processor.py:840} INFO - DAG(s) 'example_branch_labels' retrieved from /Users/paulamedina/venv/lib/python3.12/site-packages/airflow/example_dags/example_branch_labels.py
[2024-05-06T21:52:22.531-0500] {logging_mixin.py:188} INFO - [2024-05-06T21:52:22.531-0500] {dag.py:3096} INFO - Sync 1 DAGs
[2024-05-06T21:52:22.558-0500] {logging_mixin.py:188} INFO - [2024-05-06T21:52:22.558-0500] {dag.py:3954} INFO - Setting next_dagrun for example_branch_labels to 2024-05-06 00:00:00+00:00, run_after=2024-05-07 00:00:00+00:00
[2024-05-06T21:52:22.579-0500] {processor.py:183} INFO - Processing /Users/paulamedina/venv/lib/python3.12/site-packages/airflow/example_dags/example_branch_labels.py took 0.221 seconds
[2024-05-06T21:53:48.111-0500] {processor.py:161} INFO - Started process (PID=64491) to work on /Users/paulamedina/venv/lib/python3.12/site-packages/airflow/example_dags/example_branch_labels.py
[2024-05-06T21:53:48.113-0500] {processor.py:830} INFO - Processing file /Users/paulamedina/venv/lib/python3.12/site-packages/airflow/example_dags/example_branch_labels.py for tasks to queue
[2024-05-06T21:53:48.113-0500] {logging_mixin.py:188} INFO - [2024-05-06T21:53:48.113-0500] {dagbag.py:540} INFO - Filling up the DagBag from /Users/paulamedina/venv/lib/python3.12/site-packages/airflow/example_dags/example_branch_labels.py
[2024-05-06T21:53:48.127-0500] {processor.py:840} INFO - DAG(s) 'example_branch_labels' retrieved from /Users/paulamedina/venv/lib/python3.12/site-packages/airflow/example_dags/example_branch_labels.py
[2024-05-06T21:53:48.260-0500] {logging_mixin.py:188} INFO - [2024-05-06T21:53:48.260-0500] {dag.py:3096} INFO - Sync 1 DAGs
[2024-05-06T21:53:48.284-0500] {logging_mixin.py:188} INFO - [2024-05-06T21:53:48.283-0500] {dag.py:3954} INFO - Setting next_dagrun for example_branch_labels to 2024-05-06 00:00:00+00:00, run_after=2024-05-07 00:00:00+00:00
[2024-05-06T21:53:48.303-0500] {processor.py:183} INFO - Processing /Users/paulamedina/venv/lib/python3.12/site-packages/airflow/example_dags/example_branch_labels.py took 0.196 seconds
[2024-05-06T21:55:09.518-0500] {processor.py:161} INFO - Started process (PID=64819) to work on /Users/paulamedina/venv/lib/python3.12/site-packages/airflow/example_dags/example_branch_labels.py
[2024-05-06T21:55:09.520-0500] {processor.py:830} INFO - Processing file /Users/paulamedina/venv/lib/python3.12/site-packages/airflow/example_dags/example_branch_labels.py for tasks to queue
[2024-05-06T21:55:09.521-0500] {logging_mixin.py:188} INFO - [2024-05-06T21:55:09.521-0500] {dagbag.py:540} INFO - Filling up the DagBag from /Users/paulamedina/venv/lib/python3.12/site-packages/airflow/example_dags/example_branch_labels.py
[2024-05-06T21:55:09.536-0500] {processor.py:840} INFO - DAG(s) 'example_branch_labels' retrieved from /Users/paulamedina/venv/lib/python3.12/site-packages/airflow/example_dags/example_branch_labels.py
[2024-05-06T21:55:09.682-0500] {logging_mixin.py:188} INFO - [2024-05-06T21:55:09.682-0500] {dag.py:3096} INFO - Sync 1 DAGs
[2024-05-06T21:55:09.708-0500] {logging_mixin.py:188} INFO - [2024-05-06T21:55:09.708-0500] {dag.py:3954} INFO - Setting next_dagrun for example_branch_labels to 2024-05-06 00:00:00+00:00, run_after=2024-05-07 00:00:00+00:00
[2024-05-06T21:55:09.727-0500] {processor.py:183} INFO - Processing /Users/paulamedina/venv/lib/python3.12/site-packages/airflow/example_dags/example_branch_labels.py took 0.213 seconds
[2024-05-06T21:56:39.188-0500] {processor.py:161} INFO - Started process (PID=65182) to work on /Users/paulamedina/venv/lib/python3.12/site-packages/airflow/example_dags/example_branch_labels.py
[2024-05-06T21:56:39.189-0500] {processor.py:830} INFO - Processing file /Users/paulamedina/venv/lib/python3.12/site-packages/airflow/example_dags/example_branch_labels.py for tasks to queue
[2024-05-06T21:56:39.190-0500] {logging_mixin.py:188} INFO - [2024-05-06T21:56:39.190-0500] {dagbag.py:540} INFO - Filling up the DagBag from /Users/paulamedina/venv/lib/python3.12/site-packages/airflow/example_dags/example_branch_labels.py
[2024-05-06T21:56:39.206-0500] {processor.py:840} INFO - DAG(s) 'example_branch_labels' retrieved from /Users/paulamedina/venv/lib/python3.12/site-packages/airflow/example_dags/example_branch_labels.py
[2024-05-06T21:56:39.359-0500] {logging_mixin.py:188} INFO - [2024-05-06T21:56:39.358-0500] {dag.py:3096} INFO - Sync 1 DAGs
[2024-05-06T21:56:39.385-0500] {logging_mixin.py:188} INFO - [2024-05-06T21:56:39.385-0500] {dag.py:3954} INFO - Setting next_dagrun for example_branch_labels to 2024-05-06 00:00:00+00:00, run_after=2024-05-07 00:00:00+00:00
[2024-05-06T21:56:39.406-0500] {processor.py:183} INFO - Processing /Users/paulamedina/venv/lib/python3.12/site-packages/airflow/example_dags/example_branch_labels.py took 0.223 seconds
[2024-05-06T21:58:15.577-0500] {processor.py:161} INFO - Started process (PID=65545) to work on /Users/paulamedina/venv/lib/python3.12/site-packages/airflow/example_dags/example_branch_labels.py
[2024-05-06T21:58:15.579-0500] {processor.py:830} INFO - Processing file /Users/paulamedina/venv/lib/python3.12/site-packages/airflow/example_dags/example_branch_labels.py for tasks to queue
[2024-05-06T21:58:15.580-0500] {logging_mixin.py:188} INFO - [2024-05-06T21:58:15.579-0500] {dagbag.py:540} INFO - Filling up the DagBag from /Users/paulamedina/venv/lib/python3.12/site-packages/airflow/example_dags/example_branch_labels.py
[2024-05-06T21:58:15.597-0500] {processor.py:840} INFO - DAG(s) 'example_branch_labels' retrieved from /Users/paulamedina/venv/lib/python3.12/site-packages/airflow/example_dags/example_branch_labels.py
[2024-05-06T21:58:15.785-0500] {logging_mixin.py:188} INFO - [2024-05-06T21:58:15.784-0500] {dag.py:3096} INFO - Sync 1 DAGs
[2024-05-06T21:58:15.816-0500] {logging_mixin.py:188} INFO - [2024-05-06T21:58:15.816-0500] {dag.py:3954} INFO - Setting next_dagrun for example_branch_labels to 2024-05-06 00:00:00+00:00, run_after=2024-05-07 00:00:00+00:00
[2024-05-06T21:58:15.841-0500] {processor.py:183} INFO - Processing /Users/paulamedina/venv/lib/python3.12/site-packages/airflow/example_dags/example_branch_labels.py took 0.271 seconds
[2024-05-06T22:00:14.807-0500] {processor.py:161} INFO - Started process (PID=66145) to work on /Users/paulamedina/venv/lib/python3.12/site-packages/airflow/example_dags/example_branch_labels.py
[2024-05-06T22:00:14.810-0500] {processor.py:830} INFO - Processing file /Users/paulamedina/venv/lib/python3.12/site-packages/airflow/example_dags/example_branch_labels.py for tasks to queue
[2024-05-06T22:00:14.812-0500] {logging_mixin.py:188} INFO - [2024-05-06T22:00:14.812-0500] {dagbag.py:540} INFO - Filling up the DagBag from /Users/paulamedina/venv/lib/python3.12/site-packages/airflow/example_dags/example_branch_labels.py
[2024-05-06T22:00:14.841-0500] {processor.py:840} INFO - DAG(s) 'example_branch_labels' retrieved from /Users/paulamedina/venv/lib/python3.12/site-packages/airflow/example_dags/example_branch_labels.py
[2024-05-06T22:00:15.134-0500] {logging_mixin.py:188} INFO - [2024-05-06T22:00:15.133-0500] {dag.py:3096} INFO - Sync 1 DAGs
[2024-05-06T22:00:15.187-0500] {logging_mixin.py:188} INFO - [2024-05-06T22:00:15.187-0500] {dag.py:3954} INFO - Setting next_dagrun for example_branch_labels to 2024-05-06 00:00:00+00:00, run_after=2024-05-07 00:00:00+00:00
[2024-05-06T22:00:15.232-0500] {processor.py:183} INFO - Processing /Users/paulamedina/venv/lib/python3.12/site-packages/airflow/example_dags/example_branch_labels.py took 0.435 seconds
[2024-05-06T22:01:54.723-0500] {processor.py:161} INFO - Started process (PID=66608) to work on /Users/paulamedina/venv/lib/python3.12/site-packages/airflow/example_dags/example_branch_labels.py
[2024-05-06T22:01:54.726-0500] {processor.py:830} INFO - Processing file /Users/paulamedina/venv/lib/python3.12/site-packages/airflow/example_dags/example_branch_labels.py for tasks to queue
[2024-05-06T22:01:54.727-0500] {logging_mixin.py:188} INFO - [2024-05-06T22:01:54.727-0500] {dagbag.py:540} INFO - Filling up the DagBag from /Users/paulamedina/venv/lib/python3.12/site-packages/airflow/example_dags/example_branch_labels.py
[2024-05-06T22:01:54.743-0500] {processor.py:840} INFO - DAG(s) 'example_branch_labels' retrieved from /Users/paulamedina/venv/lib/python3.12/site-packages/airflow/example_dags/example_branch_labels.py
[2024-05-06T22:01:54.880-0500] {logging_mixin.py:188} INFO - [2024-05-06T22:01:54.880-0500] {dag.py:3096} INFO - Sync 1 DAGs
[2024-05-06T22:01:54.903-0500] {logging_mixin.py:188} INFO - [2024-05-06T22:01:54.903-0500] {dag.py:3954} INFO - Setting next_dagrun for example_branch_labels to 2024-05-06 00:00:00+00:00, run_after=2024-05-07 00:00:00+00:00
[2024-05-06T22:01:54.923-0500] {processor.py:183} INFO - Processing /Users/paulamedina/venv/lib/python3.12/site-packages/airflow/example_dags/example_branch_labels.py took 0.204 seconds
